2025-12-17 11:43:16,180 - INFO - Representation: Real
2025-12-17 11:43:16,180 - INFO - Number of genes: 20
2025-12-17 11:43:16,181 - INFO - Bounds: [-100, 100]
2025-12-17 11:43:16,181 - INFO - Function: f16_2014
2025-12-17 11:43:16,181 - INFO - Population size: 100
2025-12-17 11:43:16,181 - INFO - Generations: 200
2025-12-17 11:43:16,181 - INFO - Selection: tournament
2025-12-17 11:43:16,181 - INFO - Crossover: single_point
2025-12-17 11:43:16,181 - INFO - Mutation: random
2025-12-17 11:43:16,182 - INFO - 
2025-12-17 11:43:16,534 - INFO - Generation 10
2025-12-17 11:43:16,534 - INFO -   Best: 1608.257991
2025-12-17 11:43:16,534 - INFO -   Min: 1608.257991
2025-12-17 11:43:16,534 - INFO -   Max: 1610.858372
2025-12-17 11:43:16,535 - INFO -   Avg: 1609.298716
2025-12-17 11:43:16,535 - INFO -   Std: 0.506928
2025-12-17 11:43:16,819 - INFO - Generation 20
2025-12-17 11:43:16,819 - INFO -   Best: 1607.214640
2025-12-17 11:43:16,819 - INFO -   Min: 1607.214640
2025-12-17 11:43:16,820 - INFO -   Max: 1610.434451
2025-12-17 11:43:16,820 - INFO -   Avg: 1609.127668
2025-12-17 11:43:16,820 - INFO -   Std: 0.593510
2025-12-17 11:43:17,112 - INFO - Generation 30
2025-12-17 11:43:17,112 - INFO -   Best: 1606.943289
2025-12-17 11:43:17,112 - INFO -   Min: 1606.943289
2025-12-17 11:43:17,113 - INFO -   Max: 1610.566757
2025-12-17 11:43:17,113 - INFO -   Avg: 1609.137343
2025-12-17 11:43:17,113 - INFO -   Std: 0.740959
2025-12-17 11:43:17,401 - INFO - Generation 40
2025-12-17 11:43:17,402 - INFO -   Best: 1606.848355
2025-12-17 11:43:17,402 - INFO -   Min: 1606.848355
2025-12-17 11:43:17,402 - INFO -   Max: 1610.336325
2025-12-17 11:43:17,402 - INFO -   Avg: 1608.738253
2025-12-17 11:43:17,402 - INFO -   Std: 0.722063
2025-12-17 11:43:17,695 - INFO - Generation 50
2025-12-17 11:43:17,695 - INFO -   Best: 1606.644155
2025-12-17 11:43:17,696 - INFO -   Min: 1606.644155
2025-12-17 11:43:17,696 - INFO -   Max: 1610.471499
2025-12-17 11:43:17,696 - INFO -   Avg: 1608.644784
2025-12-17 11:43:17,696 - INFO -   Std: 0.813037
2025-12-17 11:43:17,993 - INFO - Generation 60
2025-12-17 11:43:17,994 - INFO -   Best: 1606.608852
2025-12-17 11:43:17,994 - INFO -   Min: 1606.608852
2025-12-17 11:43:17,994 - INFO -   Max: 1610.874525
2025-12-17 11:43:17,995 - INFO -   Avg: 1608.453755
2025-12-17 11:43:17,995 - INFO -   Std: 0.866808
2025-12-17 11:43:18,288 - INFO - Generation 70
2025-12-17 11:43:18,288 - INFO -   Best: 1606.588611
2025-12-17 11:43:18,289 - INFO -   Min: 1606.588611
2025-12-17 11:43:18,289 - INFO -   Max: 1610.165701
2025-12-17 11:43:18,289 - INFO -   Avg: 1608.546518
2025-12-17 11:43:18,289 - INFO -   Std: 0.853975
2025-12-17 11:43:18,577 - INFO - Generation 80
2025-12-17 11:43:18,577 - INFO -   Best: 1606.366587
2025-12-17 11:43:18,577 - INFO -   Min: 1606.366587
2025-12-17 11:43:18,577 - INFO -   Max: 1610.249572
2025-12-17 11:43:18,577 - INFO -   Avg: 1608.657387
2025-12-17 11:43:18,578 - INFO -   Std: 0.876735
2025-12-17 11:43:18,863 - INFO - Generation 90
2025-12-17 11:43:18,863 - INFO -   Best: 1606.366587
2025-12-17 11:43:18,863 - INFO -   Min: 1606.366587
2025-12-17 11:43:18,864 - INFO -   Max: 1610.727579
2025-12-17 11:43:18,864 - INFO -   Avg: 1608.627759
2025-12-17 11:43:18,864 - INFO -   Std: 0.896140
2025-12-17 11:43:19,156 - INFO - Generation 100
2025-12-17 11:43:19,156 - INFO -   Best: 1606.366587
2025-12-17 11:43:19,157 - INFO -   Min: 1606.366587
2025-12-17 11:43:19,157 - INFO -   Max: 1611.226718
2025-12-17 11:43:19,157 - INFO -   Avg: 1608.500089
2025-12-17 11:43:19,157 - INFO -   Std: 0.939506
2025-12-17 11:43:19,453 - INFO - Generation 110
2025-12-17 11:43:19,453 - INFO -   Best: 1606.047325
2025-12-17 11:43:19,453 - INFO -   Min: 1606.047325
2025-12-17 11:43:19,453 - INFO -   Max: 1610.173282
2025-12-17 11:43:19,454 - INFO -   Avg: 1608.412130
2025-12-17 11:43:19,454 - INFO -   Std: 0.919999
2025-12-17 11:43:19,742 - INFO - Generation 120
2025-12-17 11:43:19,742 - INFO -   Best: 1605.856667
2025-12-17 11:43:19,742 - INFO -   Min: 1605.856667
2025-12-17 11:43:19,743 - INFO -   Max: 1610.337682
2025-12-17 11:43:19,743 - INFO -   Avg: 1608.523012
2025-12-17 11:43:19,743 - INFO -   Std: 0.897330
2025-12-17 11:43:20,049 - INFO - Generation 130
2025-12-17 11:43:20,050 - INFO -   Best: 1605.840926
2025-12-17 11:43:20,050 - INFO -   Min: 1605.840926
2025-12-17 11:43:20,050 - INFO -   Max: 1610.555908
2025-12-17 11:43:20,050 - INFO -   Avg: 1608.728291
2025-12-17 11:43:20,050 - INFO -   Std: 0.825293
2025-12-17 11:43:20,353 - INFO - Generation 140
2025-12-17 11:43:20,353 - INFO -   Best: 1605.808124
2025-12-17 11:43:20,354 - INFO -   Min: 1605.808124
2025-12-17 11:43:20,354 - INFO -   Max: 1610.397120
2025-12-17 11:43:20,354 - INFO -   Avg: 1608.480229
2025-12-17 11:43:20,355 - INFO -   Std: 0.923949
2025-12-17 11:43:20,637 - INFO - Generation 150
2025-12-17 11:43:20,637 - INFO -   Best: 1605.808124
2025-12-17 11:43:20,637 - INFO -   Min: 1605.808124
2025-12-17 11:43:20,637 - INFO -   Max: 1610.614902
2025-12-17 11:43:20,637 - INFO -   Avg: 1608.475456
2025-12-17 11:43:20,637 - INFO -   Std: 0.956212
2025-12-17 11:43:20,916 - INFO - Generation 160
2025-12-17 11:43:20,916 - INFO -   Best: 1605.808124
2025-12-17 11:43:20,916 - INFO -   Min: 1605.808124
2025-12-17 11:43:20,916 - INFO -   Max: 1610.461992
2025-12-17 11:43:20,917 - INFO -   Avg: 1608.305400
2025-12-17 11:43:20,917 - INFO -   Std: 0.919485
2025-12-17 11:43:21,193 - INFO - Generation 170
2025-12-17 11:43:21,193 - INFO -   Best: 1605.808124
2025-12-17 11:43:21,193 - INFO -   Min: 1605.808124
2025-12-17 11:43:21,193 - INFO -   Max: 1609.946859
2025-12-17 11:43:21,193 - INFO -   Avg: 1608.335523
2025-12-17 11:43:21,193 - INFO -   Std: 0.943884
2025-12-17 11:43:21,470 - INFO - Generation 180
2025-12-17 11:43:21,471 - INFO -   Best: 1605.808124
2025-12-17 11:43:21,471 - INFO -   Min: 1605.808124
2025-12-17 11:43:21,471 - INFO -   Max: 1610.695431
2025-12-17 11:43:21,471 - INFO -   Avg: 1608.487324
2025-12-17 11:43:21,471 - INFO -   Std: 0.905411
2025-12-17 11:43:21,743 - INFO - Generation 190
2025-12-17 11:43:21,743 - INFO -   Best: 1605.808124
2025-12-17 11:43:21,743 - INFO -   Min: 1605.808124
2025-12-17 11:43:21,743 - INFO -   Max: 1610.288196
2025-12-17 11:43:21,744 - INFO -   Avg: 1608.327174
2025-12-17 11:43:21,744 - INFO -   Std: 0.825902
2025-12-17 11:43:22,033 - INFO - Generation 200
2025-12-17 11:43:22,033 - INFO -   Best: 1605.808124
2025-12-17 11:43:22,033 - INFO -   Min: 1605.808124
2025-12-17 11:43:22,033 - INFO -   Max: 1611.252717
2025-12-17 11:43:22,033 - INFO -   Avg: 1608.388037
2025-12-17 11:43:22,034 - INFO -   Std: 0.988836
2025-12-17 11:43:22,051 - INFO - 
Final best fitness: 1606.5145266012
2025-12-17 11:43:22,051 - INFO - Execution time: 5.82s
2025-12-17 11:55:44,557 - INFO - Representation: Binary
2025-12-17 11:55:44,557 - INFO - Bits per variable: 12
2025-12-17 11:55:44,557 - INFO - Total genes: 240
2025-12-17 11:55:44,558 - INFO - Function: f16_2014
2025-12-17 11:55:44,558 - INFO - Population size: 100
2025-12-17 11:55:44,558 - INFO - Generations: 200
2025-12-17 11:55:44,558 - INFO - Selection: tournament
2025-12-17 11:55:44,558 - INFO - Crossover: single_point
2025-12-17 11:55:44,558 - INFO - Mutation: random
2025-12-17 11:55:44,558 - INFO - 
2025-12-17 11:55:45,878 - INFO - Generation 10
2025-12-17 11:55:45,878 - INFO -   Best: 1608.703102
2025-12-17 11:55:45,878 - INFO -   Min: 1608.703102
2025-12-17 11:55:45,879 - INFO -   Max: 1610.564131
2025-12-17 11:55:45,879 - INFO -   Avg: 1609.874041
2025-12-17 11:55:45,879 - INFO -   Std: 0.329300
2025-12-17 11:55:46,752 - INFO - Generation 20
2025-12-17 11:55:46,752 - INFO -   Best: 1608.632260
2025-12-17 11:55:46,753 - INFO -   Min: 1608.632260
2025-12-17 11:55:46,753 - INFO -   Max: 1610.713599
2025-12-17 11:55:46,753 - INFO -   Avg: 1609.830531
2025-12-17 11:55:46,753 - INFO -   Std: 0.313635
2025-12-17 11:55:47,612 - INFO - Generation 30
2025-12-17 11:55:47,612 - INFO -   Best: 1608.632260
2025-12-17 11:55:47,612 - INFO -   Min: 1608.632260
2025-12-17 11:55:47,612 - INFO -   Max: 1610.914630
2025-12-17 11:55:47,612 - INFO -   Avg: 1609.930271
2025-12-17 11:55:47,613 - INFO -   Std: 0.328086
2025-12-17 11:55:48,462 - INFO - Generation 40
2025-12-17 11:55:48,462 - INFO -   Best: 1608.632260
2025-12-17 11:55:48,463 - INFO -   Min: 1608.632260
2025-12-17 11:55:48,463 - INFO -   Max: 1610.725273
2025-12-17 11:55:48,463 - INFO -   Avg: 1609.833005
2025-12-17 11:55:48,463 - INFO -   Std: 0.349431
2025-12-17 11:55:49,318 - INFO - Generation 50
2025-12-17 11:55:49,318 - INFO -   Best: 1608.632260
2025-12-17 11:55:49,319 - INFO -   Min: 1608.632260
2025-12-17 11:55:49,319 - INFO -   Max: 1610.460285
2025-12-17 11:55:49,319 - INFO -   Avg: 1609.817988
2025-12-17 11:55:49,319 - INFO -   Std: 0.319912
2025-12-17 11:55:50,175 - INFO - Generation 60
2025-12-17 11:55:50,175 - INFO -   Best: 1608.377760
2025-12-17 11:55:50,175 - INFO -   Min: 1608.377760
2025-12-17 11:55:50,175 - INFO -   Max: 1610.534862
2025-12-17 11:55:50,176 - INFO -   Avg: 1609.815833
2025-12-17 11:55:50,176 - INFO -   Std: 0.376422
2025-12-17 11:55:51,031 - INFO - Generation 70
2025-12-17 11:55:51,031 - INFO -   Best: 1608.377760
2025-12-17 11:55:51,032 - INFO -   Min: 1608.377760
2025-12-17 11:55:51,032 - INFO -   Max: 1610.489778
2025-12-17 11:55:51,032 - INFO -   Avg: 1609.790776
2025-12-17 11:55:51,033 - INFO -   Std: 0.335119
2025-12-17 11:55:51,892 - INFO - Generation 80
2025-12-17 11:55:51,892 - INFO -   Best: 1608.377760
2025-12-17 11:55:51,892 - INFO -   Min: 1608.377760
2025-12-17 11:55:51,892 - INFO -   Max: 1610.767719
2025-12-17 11:55:51,893 - INFO -   Avg: 1609.883261
2025-12-17 11:55:51,893 - INFO -   Std: 0.390021
2025-12-17 11:55:52,749 - INFO - Generation 90
2025-12-17 11:55:52,749 - INFO -   Best: 1608.370814
2025-12-17 11:55:52,749 - INFO -   Min: 1608.370814
2025-12-17 11:55:52,749 - INFO -   Max: 1610.913325
2025-12-17 11:55:52,750 - INFO -   Avg: 1609.797174
2025-12-17 11:55:52,750 - INFO -   Std: 0.392050
2025-12-17 11:55:53,613 - INFO - Generation 100
2025-12-17 11:55:53,614 - INFO -   Best: 1608.370814
2025-12-17 11:55:53,614 - INFO -   Min: 1608.370814
2025-12-17 11:55:53,614 - INFO -   Max: 1610.444584
2025-12-17 11:55:53,614 - INFO -   Avg: 1609.867009
2025-12-17 11:55:53,614 - INFO -   Std: 0.310574
2025-12-17 11:55:54,474 - INFO - Generation 110
2025-12-17 11:55:54,475 - INFO -   Best: 1608.370814
2025-12-17 11:55:54,475 - INFO -   Min: 1608.370814
2025-12-17 11:55:54,475 - INFO -   Max: 1610.342694
2025-12-17 11:55:54,475 - INFO -   Avg: 1609.838635
2025-12-17 11:55:54,475 - INFO -   Std: 0.298937
2025-12-17 11:55:55,336 - INFO - Generation 120
2025-12-17 11:55:55,337 - INFO -   Best: 1608.258287
2025-12-17 11:55:55,337 - INFO -   Min: 1608.258287
2025-12-17 11:55:55,337 - INFO -   Max: 1610.750407
2025-12-17 11:55:55,337 - INFO -   Avg: 1609.840430
2025-12-17 11:55:55,337 - INFO -   Std: 0.415289
2025-12-17 11:55:56,200 - INFO - Generation 130
2025-12-17 11:55:56,201 - INFO -   Best: 1608.258287
2025-12-17 11:55:56,201 - INFO -   Min: 1608.258287
2025-12-17 11:55:56,201 - INFO -   Max: 1610.656815
2025-12-17 11:55:56,201 - INFO -   Avg: 1609.814080
2025-12-17 11:55:56,201 - INFO -   Std: 0.397032
2025-12-17 11:55:57,057 - INFO - Generation 140
2025-12-17 11:55:57,057 - INFO -   Best: 1608.118498
2025-12-17 11:55:57,057 - INFO -   Min: 1608.118498
2025-12-17 11:55:57,057 - INFO -   Max: 1610.796756
2025-12-17 11:55:57,057 - INFO -   Avg: 1609.806162
2025-12-17 11:55:57,057 - INFO -   Std: 0.370872
2025-12-17 11:55:57,917 - INFO - Generation 150
2025-12-17 11:55:57,917 - INFO -   Best: 1608.118498
2025-12-17 11:55:57,917 - INFO -   Min: 1608.118498
2025-12-17 11:55:57,918 - INFO -   Max: 1610.420875
2025-12-17 11:55:57,918 - INFO -   Avg: 1609.841744
2025-12-17 11:55:57,918 - INFO -   Std: 0.362435
2025-12-17 11:55:58,775 - INFO - Generation 160
2025-12-17 11:55:58,775 - INFO -   Best: 1608.118498
2025-12-17 11:55:58,775 - INFO -   Min: 1608.118498
2025-12-17 11:55:58,775 - INFO -   Max: 1610.618288
2025-12-17 11:55:58,776 - INFO -   Avg: 1609.835099
2025-12-17 11:55:58,776 - INFO -   Std: 0.362585
2025-12-17 11:55:59,640 - INFO - Generation 170
2025-12-17 11:55:59,640 - INFO -   Best: 1608.118498
2025-12-17 11:55:59,641 - INFO -   Min: 1608.118498
2025-12-17 11:55:59,641 - INFO -   Max: 1610.455001
2025-12-17 11:55:59,641 - INFO -   Avg: 1609.820123
2025-12-17 11:55:59,641 - INFO -   Std: 0.384224
2025-12-17 11:56:00,504 - INFO - Generation 180
2025-12-17 11:56:00,505 - INFO -   Best: 1608.118498
2025-12-17 11:56:00,505 - INFO -   Min: 1608.118498
2025-12-17 11:56:00,505 - INFO -   Max: 1610.868502
2025-12-17 11:56:00,505 - INFO -   Avg: 1609.864554
2025-12-17 11:56:00,505 - INFO -   Std: 0.396493
2025-12-17 11:56:01,361 - INFO - Generation 190
2025-12-17 11:56:01,361 - INFO -   Best: 1608.118498
2025-12-17 11:56:01,362 - INFO -   Min: 1608.118498
2025-12-17 11:56:01,362 - INFO -   Max: 1610.362138
2025-12-17 11:56:01,362 - INFO -   Avg: 1609.828061
2025-12-17 11:56:01,362 - INFO -   Std: 0.329344
2025-12-17 11:56:02,221 - INFO - Generation 200
2025-12-17 11:56:02,221 - INFO -   Best: 1608.118498
2025-12-17 11:56:02,221 - INFO -   Min: 1608.118498
2025-12-17 11:56:02,222 - INFO -   Max: 1610.451105
2025-12-17 11:56:02,222 - INFO -   Avg: 1609.828538
2025-12-17 11:56:02,222 - INFO -   Std: 0.330904
2025-12-17 11:56:02,248 - INFO - 
Final best fitness: 1608.1184980103
2025-12-17 11:56:02,248 - INFO - Execution time: 17.24s
