2025-12-17 12:22:55,036 - INFO - Representation: Real
2025-12-17 12:22:55,036 - INFO - Number of genes: 10
2025-12-17 12:22:55,036 - INFO - Bounds: [0, 3.141592653589793]
2025-12-17 12:22:55,036 - INFO - Function: michalewicz
2025-12-17 12:22:55,037 - INFO - Population size: 100
2025-12-17 12:22:55,037 - INFO - Generations: 200
2025-12-17 12:22:55,037 - INFO - Selection: rws
2025-12-17 12:22:55,037 - INFO - Crossover: two_points
2025-12-17 12:22:55,037 - INFO - Mutation: swap
2025-12-17 12:22:55,037 - INFO - 
2025-12-17 12:22:55,105 - INFO - Generation 10
2025-12-17 12:22:55,105 - INFO -   Best: -7.036290
2025-12-17 12:22:55,106 - INFO -   Min: -7.036290
2025-12-17 12:22:55,106 - INFO -   Max: -1.061177
2025-12-17 12:22:55,106 - INFO -   Avg: -4.163659
2025-12-17 12:22:55,106 - INFO -   Std: 1.246295
2025-12-17 12:22:55,158 - INFO - Generation 20
2025-12-17 12:22:55,158 - INFO -   Best: -7.567311
2025-12-17 12:22:55,158 - INFO -   Min: -7.567311
2025-12-17 12:22:55,158 - INFO -   Max: -2.418338
2025-12-17 12:22:55,158 - INFO -   Avg: -4.808895
2025-12-17 12:22:55,158 - INFO -   Std: 1.073905
2025-12-17 12:22:55,212 - INFO - Generation 30
2025-12-17 12:22:55,213 - INFO -   Best: -7.567311
2025-12-17 12:22:55,213 - INFO -   Min: -7.567311
2025-12-17 12:22:55,213 - INFO -   Max: -2.731208
2025-12-17 12:22:55,213 - INFO -   Avg: -5.198353
2025-12-17 12:22:55,213 - INFO -   Std: 0.928434
2025-12-17 12:22:55,264 - INFO - Generation 40
2025-12-17 12:22:55,264 - INFO -   Best: -7.696453
2025-12-17 12:22:55,264 - INFO -   Min: -7.696453
2025-12-17 12:22:55,264 - INFO -   Max: -2.561039
2025-12-17 12:22:55,265 - INFO -   Avg: -5.019917
2025-12-17 12:22:55,265 - INFO -   Std: 0.975208
2025-12-17 12:22:55,318 - INFO - Generation 50
2025-12-17 12:22:55,318 - INFO -   Best: -7.924331
2025-12-17 12:22:55,318 - INFO -   Min: -7.924331
2025-12-17 12:22:55,318 - INFO -   Max: -3.451914
2025-12-17 12:22:55,318 - INFO -   Avg: -5.491059
2025-12-17 12:22:55,319 - INFO -   Std: 0.897821
2025-12-17 12:22:55,370 - INFO - Generation 60
2025-12-17 12:22:55,371 - INFO -   Best: -7.924331
2025-12-17 12:22:55,371 - INFO -   Min: -7.924331
2025-12-17 12:22:55,371 - INFO -   Max: -2.772563
2025-12-17 12:22:55,371 - INFO -   Avg: -5.317312
2025-12-17 12:22:55,371 - INFO -   Std: 0.997877
2025-12-17 12:22:55,424 - INFO - Generation 70
2025-12-17 12:22:55,425 - INFO -   Best: -7.924331
2025-12-17 12:22:55,425 - INFO -   Min: -7.924331
2025-12-17 12:22:55,425 - INFO -   Max: -2.675325
2025-12-17 12:22:55,425 - INFO -   Avg: -5.303498
2025-12-17 12:22:55,425 - INFO -   Std: 1.100265
2025-12-17 12:22:55,475 - INFO - Generation 80
2025-12-17 12:22:55,475 - INFO -   Best: -7.924331
2025-12-17 12:22:55,475 - INFO -   Min: -7.924331
2025-12-17 12:22:55,475 - INFO -   Max: -2.023922
2025-12-17 12:22:55,475 - INFO -   Avg: -5.729557
2025-12-17 12:22:55,475 - INFO -   Std: 1.140129
2025-12-17 12:22:55,528 - INFO - Generation 90
2025-12-17 12:22:55,528 - INFO -   Best: -7.924331
2025-12-17 12:22:55,529 - INFO -   Min: -7.924331
2025-12-17 12:22:55,529 - INFO -   Max: -3.392781
2025-12-17 12:22:55,529 - INFO -   Avg: -5.495369
2025-12-17 12:22:55,529 - INFO -   Std: 1.063283
2025-12-17 12:22:55,580 - INFO - Generation 100
2025-12-17 12:22:55,580 - INFO -   Best: -7.924331
2025-12-17 12:22:55,581 - INFO -   Min: -7.924331
2025-12-17 12:22:55,581 - INFO -   Max: -2.836667
2025-12-17 12:22:55,581 - INFO -   Avg: -5.366090
2025-12-17 12:22:55,581 - INFO -   Std: 1.079325
2025-12-17 12:22:55,630 - INFO - Generation 110
2025-12-17 12:22:55,631 - INFO -   Best: -7.924331
2025-12-17 12:22:55,631 - INFO -   Min: -7.924331
2025-12-17 12:22:55,631 - INFO -   Max: -2.975114
2025-12-17 12:22:55,631 - INFO -   Avg: -5.329652
2025-12-17 12:22:55,631 - INFO -   Std: 1.029818
2025-12-17 12:22:55,678 - INFO - Generation 120
2025-12-17 12:22:55,678 - INFO -   Best: -7.924331
2025-12-17 12:22:55,678 - INFO -   Min: -7.924331
2025-12-17 12:22:55,678 - INFO -   Max: -3.498197
2025-12-17 12:22:55,679 - INFO -   Avg: -5.417438
2025-12-17 12:22:55,679 - INFO -   Std: 0.840366
2025-12-17 12:22:55,727 - INFO - Generation 130
2025-12-17 12:22:55,727 - INFO -   Best: -7.924331
2025-12-17 12:22:55,727 - INFO -   Min: -7.924331
2025-12-17 12:22:55,728 - INFO -   Max: -3.485875
2025-12-17 12:22:55,728 - INFO -   Avg: -5.518164
2025-12-17 12:22:55,728 - INFO -   Std: 0.912135
2025-12-17 12:22:55,778 - INFO - Generation 140
2025-12-17 12:22:55,778 - INFO -   Best: -7.924331
2025-12-17 12:22:55,778 - INFO -   Min: -7.924331
2025-12-17 12:22:55,778 - INFO -   Max: -3.636644
2025-12-17 12:22:55,779 - INFO -   Avg: -5.365151
2025-12-17 12:22:55,779 - INFO -   Std: 0.809583
2025-12-17 12:22:55,828 - INFO - Generation 150
2025-12-17 12:22:55,829 - INFO -   Best: -7.924331
2025-12-17 12:22:55,829 - INFO -   Min: -7.924331
2025-12-17 12:22:55,829 - INFO -   Max: -3.392781
2025-12-17 12:22:55,829 - INFO -   Avg: -5.291426
2025-12-17 12:22:55,829 - INFO -   Std: 0.998833
2025-12-17 12:22:55,880 - INFO - Generation 160
2025-12-17 12:22:55,880 - INFO -   Best: -7.924331
2025-12-17 12:22:55,880 - INFO -   Min: -7.924331
2025-12-17 12:22:55,880 - INFO -   Max: -2.836667
2025-12-17 12:22:55,880 - INFO -   Avg: -5.703775
2025-12-17 12:22:55,880 - INFO -   Std: 1.033895
2025-12-17 12:22:55,929 - INFO - Generation 170
2025-12-17 12:22:55,929 - INFO -   Best: -7.924331
2025-12-17 12:22:55,929 - INFO -   Min: -7.924331
2025-12-17 12:22:55,929 - INFO -   Max: -3.155407
2025-12-17 12:22:55,930 - INFO -   Avg: -5.558824
2025-12-17 12:22:55,930 - INFO -   Std: 0.977354
2025-12-17 12:22:55,978 - INFO - Generation 180
2025-12-17 12:22:55,978 - INFO -   Best: -7.924331
2025-12-17 12:22:55,978 - INFO -   Min: -7.924331
2025-12-17 12:22:55,979 - INFO -   Max: -3.821566
2025-12-17 12:22:55,979 - INFO -   Avg: -5.698892
2025-12-17 12:22:55,979 - INFO -   Std: 0.920558
2025-12-17 12:22:56,026 - INFO - Generation 190
2025-12-17 12:22:56,026 - INFO -   Best: -7.924331
2025-12-17 12:22:56,026 - INFO -   Min: -7.924331
2025-12-17 12:22:56,026 - INFO -   Max: -3.392781
2025-12-17 12:22:56,026 - INFO -   Avg: -5.494934
2025-12-17 12:22:56,027 - INFO -   Std: 1.043803
2025-12-17 12:22:56,077 - INFO - Generation 200
2025-12-17 12:22:56,078 - INFO -   Best: -7.924331
2025-12-17 12:22:56,078 - INFO -   Min: -7.924331
2025-12-17 12:22:56,078 - INFO -   Max: -2.500976
2025-12-17 12:22:56,078 - INFO -   Avg: -5.426032
2025-12-17 12:22:56,078 - INFO -   Std: 0.995938
2025-12-17 12:22:56,082 - INFO - 
Final best fitness: -7.9243310816
2025-12-17 12:22:56,082 - INFO - Execution time: 1.03s
