2025-12-17 11:45:44,470 - INFO - Representation: Real
2025-12-17 11:45:44,470 - INFO - Number of genes: 30
2025-12-17 11:45:44,471 - INFO - Bounds: [-100, 100]
2025-12-17 11:45:44,471 - INFO - Function: f16_2014
2025-12-17 11:45:44,471 - INFO - Population size: 100
2025-12-17 11:45:44,471 - INFO - Generations: 200
2025-12-17 11:45:44,471 - INFO - Selection: tournament
2025-12-17 11:45:44,471 - INFO - Crossover: single_point
2025-12-17 11:45:44,471 - INFO - Mutation: random
2025-12-17 11:45:44,472 - INFO - 
2025-12-17 11:45:44,942 - INFO - Generation 10
2025-12-17 11:45:44,942 - INFO -   Best: 1613.474469
2025-12-17 11:45:44,942 - INFO -   Min: 1613.474469
2025-12-17 11:45:44,942 - INFO -   Max: 1615.521729
2025-12-17 11:45:44,943 - INFO -   Avg: 1614.878777
2025-12-17 11:45:44,943 - INFO -   Std: 0.356693
2025-12-17 11:45:45,338 - INFO - Generation 20
2025-12-17 11:45:45,338 - INFO -   Best: 1613.297168
2025-12-17 11:45:45,338 - INFO -   Min: 1613.297168
2025-12-17 11:45:45,338 - INFO -   Max: 1615.779002
2025-12-17 11:45:45,339 - INFO -   Avg: 1614.760555
2025-12-17 11:45:45,339 - INFO -   Std: 0.397379
2025-12-17 11:45:45,735 - INFO - Generation 30
2025-12-17 11:45:45,735 - INFO -   Best: 1613.297168
2025-12-17 11:45:45,736 - INFO -   Min: 1613.297168
2025-12-17 11:45:45,736 - INFO -   Max: 1615.795727
2025-12-17 11:45:45,736 - INFO -   Avg: 1614.827425
2025-12-17 11:45:45,736 - INFO -   Std: 0.405663
2025-12-17 11:45:46,130 - INFO - Generation 40
2025-12-17 11:45:46,130 - INFO -   Best: 1613.297168
2025-12-17 11:45:46,130 - INFO -   Min: 1613.297168
2025-12-17 11:45:46,130 - INFO -   Max: 1615.673395
2025-12-17 11:45:46,131 - INFO -   Avg: 1614.762875
2025-12-17 11:45:46,131 - INFO -   Std: 0.429639
2025-12-17 11:45:46,524 - INFO - Generation 50
2025-12-17 11:45:46,525 - INFO -   Best: 1613.053070
2025-12-17 11:45:46,525 - INFO -   Min: 1613.053070
2025-12-17 11:45:46,525 - INFO -   Max: 1615.593554
2025-12-17 11:45:46,525 - INFO -   Avg: 1614.682464
2025-12-17 11:45:46,525 - INFO -   Std: 0.511624
2025-12-17 11:45:46,921 - INFO - Generation 60
2025-12-17 11:45:46,922 - INFO -   Best: 1612.757157
2025-12-17 11:45:46,922 - INFO -   Min: 1612.757157
2025-12-17 11:45:46,922 - INFO -   Max: 1615.799157
2025-12-17 11:45:46,922 - INFO -   Avg: 1614.653198
2025-12-17 11:45:46,922 - INFO -   Std: 0.532168
2025-12-17 11:45:47,318 - INFO - Generation 70
2025-12-17 11:45:47,319 - INFO -   Best: 1612.757157
2025-12-17 11:45:47,319 - INFO -   Min: 1612.757157
2025-12-17 11:45:47,319 - INFO -   Max: 1615.859493
2025-12-17 11:45:47,319 - INFO -   Avg: 1614.631770
2025-12-17 11:45:47,319 - INFO -   Std: 0.531486
2025-12-17 11:45:47,713 - INFO - Generation 80
2025-12-17 11:45:47,713 - INFO -   Best: 1612.757157
2025-12-17 11:45:47,714 - INFO -   Min: 1612.757157
2025-12-17 11:45:47,714 - INFO -   Max: 1615.959532
2025-12-17 11:45:47,714 - INFO -   Avg: 1614.535198
2025-12-17 11:45:47,714 - INFO -   Std: 0.578804
2025-12-17 11:45:48,109 - INFO - Generation 90
2025-12-17 11:45:48,110 - INFO -   Best: 1612.757157
2025-12-17 11:45:48,110 - INFO -   Min: 1612.757157
2025-12-17 11:45:48,110 - INFO -   Max: 1615.801485
2025-12-17 11:45:48,110 - INFO -   Avg: 1614.585662
2025-12-17 11:45:48,110 - INFO -   Std: 0.589298
2025-12-17 11:45:48,501 - INFO - Generation 100
2025-12-17 11:45:48,501 - INFO -   Best: 1612.757157
2025-12-17 11:45:48,501 - INFO -   Min: 1612.757157
2025-12-17 11:45:48,501 - INFO -   Max: 1615.645491
2025-12-17 11:45:48,501 - INFO -   Avg: 1614.626807
2025-12-17 11:45:48,501 - INFO -   Std: 0.527324
2025-12-17 11:45:48,891 - INFO - Generation 110
2025-12-17 11:45:48,892 - INFO -   Best: 1612.757157
2025-12-17 11:45:48,892 - INFO -   Min: 1612.757157
2025-12-17 11:45:48,892 - INFO -   Max: 1615.921283
2025-12-17 11:45:48,892 - INFO -   Avg: 1614.610656
2025-12-17 11:45:48,892 - INFO -   Std: 0.591816
2025-12-17 11:45:49,285 - INFO - Generation 120
2025-12-17 11:45:49,285 - INFO -   Best: 1612.601247
2025-12-17 11:45:49,286 - INFO -   Min: 1612.601247
2025-12-17 11:45:49,286 - INFO -   Max: 1615.527982
2025-12-17 11:45:49,286 - INFO -   Avg: 1614.498661
2025-12-17 11:45:49,286 - INFO -   Std: 0.518230
2025-12-17 11:45:49,679 - INFO - Generation 130
2025-12-17 11:45:49,679 - INFO -   Best: 1612.601247
2025-12-17 11:45:49,679 - INFO -   Min: 1612.601247
2025-12-17 11:45:49,679 - INFO -   Max: 1615.684281
2025-12-17 11:45:49,679 - INFO -   Avg: 1614.489246
2025-12-17 11:45:49,679 - INFO -   Std: 0.579901
2025-12-17 11:45:50,071 - INFO - Generation 140
2025-12-17 11:45:50,071 - INFO -   Best: 1612.601247
2025-12-17 11:45:50,071 - INFO -   Min: 1612.601247
2025-12-17 11:45:50,071 - INFO -   Max: 1615.870277
2025-12-17 11:45:50,071 - INFO -   Avg: 1614.622526
2025-12-17 11:45:50,071 - INFO -   Std: 0.548629
2025-12-17 11:45:50,466 - INFO - Generation 150
2025-12-17 11:45:50,466 - INFO -   Best: 1612.462862
2025-12-17 11:45:50,467 - INFO -   Min: 1612.462862
2025-12-17 11:45:50,467 - INFO -   Max: 1616.464429
2025-12-17 11:45:50,467 - INFO -   Avg: 1614.583917
2025-12-17 11:45:50,467 - INFO -   Std: 0.662209
2025-12-17 11:45:50,860 - INFO - Generation 160
2025-12-17 11:45:50,860 - INFO -   Best: 1612.462862
2025-12-17 11:45:50,860 - INFO -   Min: 1612.462862
2025-12-17 11:45:50,860 - INFO -   Max: 1615.590311
2025-12-17 11:45:50,861 - INFO -   Avg: 1614.643845
2025-12-17 11:45:50,861 - INFO -   Std: 0.560480
2025-12-17 11:45:51,253 - INFO - Generation 170
2025-12-17 11:45:51,253 - INFO -   Best: 1612.299963
2025-12-17 11:45:51,253 - INFO -   Min: 1612.299963
2025-12-17 11:45:51,253 - INFO -   Max: 1615.932675
2025-12-17 11:45:51,253 - INFO -   Avg: 1614.691907
2025-12-17 11:45:51,254 - INFO -   Std: 0.593180
2025-12-17 11:45:51,647 - INFO - Generation 180
2025-12-17 11:45:51,647 - INFO -   Best: 1612.299963
2025-12-17 11:45:51,647 - INFO -   Min: 1612.299963
2025-12-17 11:45:51,648 - INFO -   Max: 1615.835176
2025-12-17 11:45:51,648 - INFO -   Avg: 1614.468740
2025-12-17 11:45:51,648 - INFO -   Std: 0.571662
2025-12-17 11:45:52,039 - INFO - Generation 190
2025-12-17 11:45:52,040 - INFO -   Best: 1612.140005
2025-12-17 11:45:52,040 - INFO -   Min: 1612.140005
2025-12-17 11:45:52,040 - INFO -   Max: 1616.215248
2025-12-17 11:45:52,040 - INFO -   Avg: 1614.589325
2025-12-17 11:45:52,040 - INFO -   Std: 0.629351
2025-12-17 11:45:52,433 - INFO - Generation 200
2025-12-17 11:45:52,433 - INFO -   Best: 1612.140005
2025-12-17 11:45:52,434 - INFO -   Min: 1612.140005
2025-12-17 11:45:52,434 - INFO -   Max: 1615.924025
2025-12-17 11:45:52,434 - INFO -   Avg: 1614.607124
2025-12-17 11:45:52,434 - INFO -   Std: 0.647264
2025-12-17 11:45:52,456 - INFO - 
Final best fitness: 1612.1400052261
2025-12-17 11:45:52,457 - INFO - Execution time: 7.93s
