2025-12-17 12:09:40,111 - INFO - Representation: Binary
2025-12-17 12:09:40,111 - INFO - Bits per variable: 12
2025-12-17 12:09:40,111 - INFO - Total genes: 120
2025-12-17 12:09:40,111 - INFO - Function: michalewicz
2025-12-17 12:09:40,112 - INFO - Population size: 100
2025-12-17 12:09:40,112 - INFO - Generations: 200
2025-12-17 12:09:40,112 - INFO - Selection: rws
2025-12-17 12:09:40,112 - INFO - Crossover: two_points
2025-12-17 12:09:40,112 - INFO - Mutation: swap
2025-12-17 12:09:40,112 - INFO - 
2025-12-17 12:09:40,433 - INFO - Generation 10
2025-12-17 12:09:40,434 - INFO -   Best: -6.045833
2025-12-17 12:09:40,434 - INFO -   Min: -6.045833
2025-12-17 12:09:40,434 - INFO -   Max: -1.012551
2025-12-17 12:09:40,434 - INFO -   Avg: -3.443605
2025-12-17 12:09:40,435 - INFO -   Std: 1.024385
2025-12-17 12:09:40,544 - INFO - Generation 20
2025-12-17 12:09:40,544 - INFO -   Best: -7.631376
2025-12-17 12:09:40,544 - INFO -   Min: -7.631376
2025-12-17 12:09:40,545 - INFO -   Max: -1.729509
2025-12-17 12:09:40,545 - INFO -   Avg: -4.745934
2025-12-17 12:09:40,545 - INFO -   Std: 1.200373
2025-12-17 12:09:40,659 - INFO - Generation 30
2025-12-17 12:09:40,659 - INFO -   Best: -8.223032
2025-12-17 12:09:40,659 - INFO -   Min: -8.223032
2025-12-17 12:09:40,659 - INFO -   Max: -2.652894
2025-12-17 12:09:40,660 - INFO -   Avg: -6.282171
2025-12-17 12:09:40,660 - INFO -   Std: 1.169674
2025-12-17 12:09:40,770 - INFO - Generation 40
2025-12-17 12:09:40,770 - INFO -   Best: -8.438880
2025-12-17 12:09:40,770 - INFO -   Min: -8.438880
2025-12-17 12:09:40,771 - INFO -   Max: -4.684811
2025-12-17 12:09:40,771 - INFO -   Avg: -6.915769
2025-12-17 12:09:40,771 - INFO -   Std: 0.816993
2025-12-17 12:09:40,883 - INFO - Generation 50
2025-12-17 12:09:40,884 - INFO -   Best: -8.517879
2025-12-17 12:09:40,884 - INFO -   Min: -8.517879
2025-12-17 12:09:40,884 - INFO -   Max: -4.762888
2025-12-17 12:09:40,884 - INFO -   Avg: -6.906855
2025-12-17 12:09:40,884 - INFO -   Std: 0.758932
2025-12-17 12:09:40,997 - INFO - Generation 60
2025-12-17 12:09:40,997 - INFO -   Best: -8.517879
2025-12-17 12:09:40,997 - INFO -   Min: -8.517879
2025-12-17 12:09:40,998 - INFO -   Max: -3.887056
2025-12-17 12:09:40,998 - INFO -   Avg: -6.177992
2025-12-17 12:09:40,998 - INFO -   Std: 1.001940
2025-12-17 12:09:41,109 - INFO - Generation 70
2025-12-17 12:09:41,109 - INFO -   Best: -8.564382
2025-12-17 12:09:41,110 - INFO -   Min: -8.564382
2025-12-17 12:09:41,110 - INFO -   Max: -4.955482
2025-12-17 12:09:41,110 - INFO -   Avg: -6.743501
2025-12-17 12:09:41,110 - INFO -   Std: 0.865716
2025-12-17 12:09:41,223 - INFO - Generation 80
2025-12-17 12:09:41,223 - INFO -   Best: -8.573862
2025-12-17 12:09:41,224 - INFO -   Min: -8.573862
2025-12-17 12:09:41,224 - INFO -   Max: -5.325968
2025-12-17 12:09:41,224 - INFO -   Avg: -7.090637
2025-12-17 12:09:41,224 - INFO -   Std: 0.768146
2025-12-17 12:09:41,336 - INFO - Generation 90
2025-12-17 12:09:41,336 - INFO -   Best: -8.600231
2025-12-17 12:09:41,336 - INFO -   Min: -8.600231
2025-12-17 12:09:41,336 - INFO -   Max: -5.190343
2025-12-17 12:09:41,337 - INFO -   Avg: -7.244566
2025-12-17 12:09:41,337 - INFO -   Std: 0.745115
2025-12-17 12:09:41,449 - INFO - Generation 100
2025-12-17 12:09:41,449 - INFO -   Best: -8.616390
2025-12-17 12:09:41,450 - INFO -   Min: -8.616390
2025-12-17 12:09:41,450 - INFO -   Max: -5.443170
2025-12-17 12:09:41,450 - INFO -   Avg: -7.255175
2025-12-17 12:09:41,450 - INFO -   Std: 0.774805
2025-12-17 12:09:41,561 - INFO - Generation 110
2025-12-17 12:09:41,562 - INFO -   Best: -8.623689
2025-12-17 12:09:41,562 - INFO -   Min: -8.623689
2025-12-17 12:09:41,562 - INFO -   Max: -4.127354
2025-12-17 12:09:41,562 - INFO -   Avg: -6.822639
2025-12-17 12:09:41,562 - INFO -   Std: 0.892852
2025-12-17 12:09:41,677 - INFO - Generation 120
2025-12-17 12:09:41,677 - INFO -   Best: -8.653584
2025-12-17 12:09:41,678 - INFO -   Min: -8.653584
2025-12-17 12:09:41,678 - INFO -   Max: -4.456314
2025-12-17 12:09:41,678 - INFO -   Avg: -7.047724
2025-12-17 12:09:41,678 - INFO -   Std: 0.962430
2025-12-17 12:09:41,801 - INFO - Generation 130
2025-12-17 12:09:41,801 - INFO -   Best: -8.653584
2025-12-17 12:09:41,802 - INFO -   Min: -8.653584
2025-12-17 12:09:41,802 - INFO -   Max: -5.080603
2025-12-17 12:09:41,802 - INFO -   Avg: -6.970337
2025-12-17 12:09:41,802 - INFO -   Std: 0.818161
2025-12-17 12:09:41,917 - INFO - Generation 140
2025-12-17 12:09:41,917 - INFO -   Best: -8.671813
2025-12-17 12:09:41,918 - INFO -   Min: -8.671813
2025-12-17 12:09:41,918 - INFO -   Max: -4.802895
2025-12-17 12:09:41,918 - INFO -   Avg: -6.565153
2025-12-17 12:09:41,918 - INFO -   Std: 0.834309
2025-12-17 12:09:42,037 - INFO - Generation 150
2025-12-17 12:09:42,038 - INFO -   Best: -8.671813
2025-12-17 12:09:42,038 - INFO -   Min: -8.671813
2025-12-17 12:09:42,038 - INFO -   Max: -5.056446
2025-12-17 12:09:42,038 - INFO -   Avg: -7.143229
2025-12-17 12:09:42,038 - INFO -   Std: 0.752430
2025-12-17 12:09:42,165 - INFO - Generation 160
2025-12-17 12:09:42,166 - INFO -   Best: -8.671813
2025-12-17 12:09:42,166 - INFO -   Min: -8.671813
2025-12-17 12:09:42,166 - INFO -   Max: -4.353637
2025-12-17 12:09:42,166 - INFO -   Avg: -6.975706
2025-12-17 12:09:42,166 - INFO -   Std: 0.960155
2025-12-17 12:09:42,285 - INFO - Generation 170
2025-12-17 12:09:42,285 - INFO -   Best: -8.677954
2025-12-17 12:09:42,285 - INFO -   Min: -8.677954
2025-12-17 12:09:42,285 - INFO -   Max: -5.169040
2025-12-17 12:09:42,285 - INFO -   Avg: -7.283383
2025-12-17 12:09:42,286 - INFO -   Std: 0.882384
2025-12-17 12:09:42,397 - INFO - Generation 180
2025-12-17 12:09:42,397 - INFO -   Best: -8.677954
2025-12-17 12:09:42,397 - INFO -   Min: -8.677954
2025-12-17 12:09:42,398 - INFO -   Max: -5.162846
2025-12-17 12:09:42,398 - INFO -   Avg: -7.071233
2025-12-17 12:09:42,398 - INFO -   Std: 0.821580
2025-12-17 12:09:42,513 - INFO - Generation 190
2025-12-17 12:09:42,513 - INFO -   Best: -8.684765
2025-12-17 12:09:42,514 - INFO -   Min: -8.684765
2025-12-17 12:09:42,514 - INFO -   Max: -5.181791
2025-12-17 12:09:42,514 - INFO -   Avg: -7.404007
2025-12-17 12:09:42,514 - INFO -   Std: 0.755506
2025-12-17 12:09:42,625 - INFO - Generation 200
2025-12-17 12:09:42,625 - INFO -   Best: -8.684765
2025-12-17 12:09:42,625 - INFO -   Min: -8.684765
2025-12-17 12:09:42,625 - INFO -   Max: -5.233186
2025-12-17 12:09:42,625 - INFO -   Avg: -7.126120
2025-12-17 12:09:42,625 - INFO -   Std: 0.763433
2025-12-17 12:09:42,633 - INFO - 
Final best fitness: -8.6847649633
2025-12-17 12:09:42,634 - INFO - Execution time: 2.30s
