2025-12-17 12:24:08,962 - INFO - Representation: Real
2025-12-17 12:24:08,963 - INFO - Number of genes: 2
2025-12-17 12:24:08,963 - INFO - Bounds: [0, 3.141592653589793]
2025-12-17 12:24:08,963 - INFO - Function: michalewicz
2025-12-17 12:24:08,963 - INFO - Population size: 100
2025-12-17 12:24:08,963 - INFO - Generations: 200
2025-12-17 12:24:08,963 - INFO - Selection: rws
2025-12-17 12:24:08,964 - INFO - Crossover: two_points
2025-12-17 12:24:08,964 - INFO - Mutation: swap
2025-12-17 12:24:08,964 - INFO - 
2025-12-17 12:24:09,015 - INFO - Generation 10
2025-12-17 12:24:09,015 - INFO -   Best: -1.225747
2025-12-17 12:24:09,016 - INFO -   Min: -1.225747
2025-12-17 12:24:09,016 - INFO -   Max: -0.011727
2025-12-17 12:24:09,016 - INFO -   Avg: -0.780745
2025-12-17 12:24:09,016 - INFO -   Std: 0.128829
2025-12-17 12:24:09,056 - INFO - Generation 20
2025-12-17 12:24:09,057 - INFO -   Best: -1.225747
2025-12-17 12:24:09,057 - INFO -   Min: -1.225747
2025-12-17 12:24:09,057 - INFO -   Max: -0.011727
2025-12-17 12:24:09,057 - INFO -   Avg: -0.791516
2025-12-17 12:24:09,057 - INFO -   Std: 0.126274
2025-12-17 12:24:09,099 - INFO - Generation 30
2025-12-17 12:24:09,099 - INFO -   Best: -1.225747
2025-12-17 12:24:09,100 - INFO -   Min: -1.225747
2025-12-17 12:24:09,100 - INFO -   Max: -0.011727
2025-12-17 12:24:09,100 - INFO -   Avg: -0.768268
2025-12-17 12:24:09,100 - INFO -   Std: 0.183424
2025-12-17 12:24:09,141 - INFO - Generation 40
2025-12-17 12:24:09,141 - INFO -   Best: -1.229421
2025-12-17 12:24:09,141 - INFO -   Min: -1.229421
2025-12-17 12:24:09,141 - INFO -   Max: -0.011727
2025-12-17 12:24:09,142 - INFO -   Avg: -0.742841
2025-12-17 12:24:09,142 - INFO -   Std: 0.223878
2025-12-17 12:24:09,182 - INFO - Generation 50
2025-12-17 12:24:09,182 - INFO -   Best: -1.229421
2025-12-17 12:24:09,183 - INFO -   Min: -1.229421
2025-12-17 12:24:09,183 - INFO -   Max: -0.011727
2025-12-17 12:24:09,183 - INFO -   Avg: -0.799141
2025-12-17 12:24:09,183 - INFO -   Std: 0.099412
2025-12-17 12:24:09,223 - INFO - Generation 60
2025-12-17 12:24:09,224 - INFO -   Best: -1.229421
2025-12-17 12:24:09,224 - INFO -   Min: -1.229421
2025-12-17 12:24:09,224 - INFO -   Max: -0.011727
2025-12-17 12:24:09,224 - INFO -   Avg: -0.750814
2025-12-17 12:24:09,224 - INFO -   Std: 0.211551
2025-12-17 12:24:09,267 - INFO - Generation 70
2025-12-17 12:24:09,267 - INFO -   Best: -1.229421
2025-12-17 12:24:09,267 - INFO -   Min: -1.229421
2025-12-17 12:24:09,268 - INFO -   Max: -0.011727
2025-12-17 12:24:09,268 - INFO -   Avg: -0.771713
2025-12-17 12:24:09,268 - INFO -   Std: 0.166705
2025-12-17 12:24:09,308 - INFO - Generation 80
2025-12-17 12:24:09,309 - INFO -   Best: -1.229421
2025-12-17 12:24:09,309 - INFO -   Min: -1.229421
2025-12-17 12:24:09,309 - INFO -   Max: -0.011727
2025-12-17 12:24:09,309 - INFO -   Avg: -0.790879
2025-12-17 12:24:09,309 - INFO -   Std: 0.126661
2025-12-17 12:24:09,351 - INFO - Generation 90
2025-12-17 12:24:09,351 - INFO -   Best: -1.229421
2025-12-17 12:24:09,352 - INFO -   Min: -1.229421
2025-12-17 12:24:09,352 - INFO -   Max: -0.011727
2025-12-17 12:24:09,352 - INFO -   Avg: -0.774971
2025-12-17 12:24:09,352 - INFO -   Std: 0.167103
2025-12-17 12:24:09,395 - INFO - Generation 100
2025-12-17 12:24:09,395 - INFO -   Best: -1.229421
2025-12-17 12:24:09,395 - INFO -   Min: -1.229421
2025-12-17 12:24:09,396 - INFO -   Max: -0.011727
2025-12-17 12:24:09,396 - INFO -   Avg: -0.767487
2025-12-17 12:24:09,396 - INFO -   Std: 0.183591
2025-12-17 12:24:09,441 - INFO - Generation 110
2025-12-17 12:24:09,441 - INFO -   Best: -1.229421
2025-12-17 12:24:09,441 - INFO -   Min: -1.229421
2025-12-17 12:24:09,442 - INFO -   Max: -0.011727
2025-12-17 12:24:09,442 - INFO -   Avg: -0.799519
2025-12-17 12:24:09,442 - INFO -   Std: 0.099530
2025-12-17 12:24:09,483 - INFO - Generation 120
2025-12-17 12:24:09,483 - INFO -   Best: -1.229421
2025-12-17 12:24:09,483 - INFO -   Min: -1.229421
2025-12-17 12:24:09,483 - INFO -   Max: -0.011727
2025-12-17 12:24:09,483 - INFO -   Avg: -0.769397
2025-12-17 12:24:09,484 - INFO -   Std: 0.183906
2025-12-17 12:24:09,525 - INFO - Generation 130
2025-12-17 12:24:09,525 - INFO -   Best: -1.229421
2025-12-17 12:24:09,526 - INFO -   Min: -1.229421
2025-12-17 12:24:09,526 - INFO -   Max: -0.011727
2025-12-17 12:24:09,526 - INFO -   Avg: -0.792145
2025-12-17 12:24:09,526 - INFO -   Std: 0.126717
2025-12-17 12:24:09,567 - INFO - Generation 140
2025-12-17 12:24:09,567 - INFO -   Best: -1.229421
2025-12-17 12:24:09,567 - INFO -   Min: -1.229421
2025-12-17 12:24:09,568 - INFO -   Max: -0.796920
2025-12-17 12:24:09,568 - INFO -   Avg: -0.807665
2025-12-17 12:24:09,568 - INFO -   Std: 0.060278
2025-12-17 12:24:09,611 - INFO - Generation 150
2025-12-17 12:24:09,611 - INFO -   Best: -1.229421
2025-12-17 12:24:09,611 - INFO -   Min: -1.229421
2025-12-17 12:24:09,612 - INFO -   Max: -0.796920
2025-12-17 12:24:09,612 - INFO -   Avg: -0.806526
2025-12-17 12:24:09,612 - INFO -   Std: 0.060435
2025-12-17 12:24:09,655 - INFO - Generation 160
2025-12-17 12:24:09,655 - INFO -   Best: -1.229421
2025-12-17 12:24:09,655 - INFO -   Min: -1.229421
2025-12-17 12:24:09,655 - INFO -   Max: -0.011727
2025-12-17 12:24:09,655 - INFO -   Avg: -0.799041
2025-12-17 12:24:09,656 - INFO -   Std: 0.099533
2025-12-17 12:24:09,698 - INFO - Generation 170
2025-12-17 12:24:09,698 - INFO -   Best: -1.229421
2025-12-17 12:24:09,699 - INFO -   Min: -1.229421
2025-12-17 12:24:09,699 - INFO -   Max: -0.796920
2025-12-17 12:24:09,699 - INFO -   Avg: -0.807261
2025-12-17 12:24:09,699 - INFO -   Std: 0.060336
2025-12-17 12:24:09,740 - INFO - Generation 180
2025-12-17 12:24:09,740 - INFO -   Best: -1.229421
2025-12-17 12:24:09,740 - INFO -   Min: -1.229421
2025-12-17 12:24:09,741 - INFO -   Max: -0.011727
2025-12-17 12:24:09,741 - INFO -   Avg: -0.792512
2025-12-17 12:24:09,741 - INFO -   Std: 0.126736
2025-12-17 12:24:09,781 - INFO - Generation 190
2025-12-17 12:24:09,781 - INFO -   Best: -1.229421
2025-12-17 12:24:09,781 - INFO -   Min: -1.229421
2025-12-17 12:24:09,782 - INFO -   Max: -0.011727
2025-12-17 12:24:09,782 - INFO -   Avg: -0.793394
2025-12-17 12:24:09,782 - INFO -   Std: 0.126776
2025-12-17 12:24:09,823 - INFO - Generation 200
2025-12-17 12:24:09,824 - INFO -   Best: -1.229421
2025-12-17 12:24:09,824 - INFO -   Min: -1.229421
2025-12-17 12:24:09,824 - INFO -   Max: -0.011727
2025-12-17 12:24:09,824 - INFO -   Avg: -0.801283
2025-12-17 12:24:09,825 - INFO -   Std: 0.099501
2025-12-17 12:24:09,827 - INFO - 
Final best fitness: -1.2294214966
2025-12-17 12:24:09,827 - INFO - Execution time: 0.86s
