2025-12-17 11:26:51,743 - INFO - Representation: Real
2025-12-17 11:26:51,744 - INFO - Number of genes: 2
2025-12-17 11:26:51,744 - INFO - Bounds: [0, 3.141592653589793]
2025-12-17 11:26:51,744 - INFO - Function: michalewicz
2025-12-17 11:26:51,744 - INFO - Population size: 100
2025-12-17 11:26:51,744 - INFO - Generations: 200
2025-12-17 11:26:51,744 - INFO - Selection: tournament
2025-12-17 11:26:51,744 - INFO - Crossover: single_point
2025-12-17 11:26:51,744 - INFO - Mutation: random
2025-12-17 11:26:51,745 - INFO - 
2025-12-17 11:26:51,786 - INFO - Generation 10
2025-12-17 11:26:51,787 - INFO -   Best: -1.757510
2025-12-17 11:26:51,787 - INFO -   Min: -1.757510
2025-12-17 11:26:51,787 - INFO -   Max: 0.757338
2025-12-17 11:26:51,787 - INFO -   Avg: -1.546264
2025-12-17 11:26:51,788 - INFO -   Std: 0.470394
2025-12-17 11:26:51,821 - INFO - Generation 20
2025-12-17 11:26:51,821 - INFO -   Best: -1.757510
2025-12-17 11:26:51,821 - INFO -   Min: -1.757510
2025-12-17 11:26:51,822 - INFO -   Max: -0.403447
2025-12-17 11:26:51,822 - INFO -   Avg: -1.579591
2025-12-17 11:26:51,822 - INFO -   Std: 0.378884
2025-12-17 11:26:51,858 - INFO - Generation 30
2025-12-17 11:26:51,859 - INFO -   Best: -1.757510
2025-12-17 11:26:51,859 - INFO -   Min: -1.757510
2025-12-17 11:26:51,859 - INFO -   Max: -0.285690
2025-12-17 11:26:51,859 - INFO -   Avg: -1.534985
2025-12-17 11:26:51,859 - INFO -   Std: 0.419409
2025-12-17 11:26:51,893 - INFO - Generation 40
2025-12-17 11:26:51,894 - INFO -   Best: -1.757510
2025-12-17 11:26:51,894 - INFO -   Min: -1.757510
2025-12-17 11:26:51,894 - INFO -   Max: 0.426711
2025-12-17 11:26:51,894 - INFO -   Avg: -1.545099
2025-12-17 11:26:51,894 - INFO -   Std: 0.422900
2025-12-17 11:26:51,931 - INFO - Generation 50
2025-12-17 11:26:51,931 - INFO -   Best: -1.757510
2025-12-17 11:26:51,931 - INFO -   Min: -1.757510
2025-12-17 11:26:51,932 - INFO -   Max: -0.417979
2025-12-17 11:26:51,932 - INFO -   Avg: -1.600751
2025-12-17 11:26:51,932 - INFO -   Std: 0.353411
2025-12-17 11:26:51,973 - INFO - Generation 60
2025-12-17 11:26:51,973 - INFO -   Best: -1.757510
2025-12-17 11:26:51,973 - INFO -   Min: -1.757510
2025-12-17 11:26:51,973 - INFO -   Max: -0.083881
2025-12-17 11:26:51,973 - INFO -   Avg: -1.587204
2025-12-17 11:26:51,974 - INFO -   Std: 0.377970
2025-12-17 11:26:52,013 - INFO - Generation 70
2025-12-17 11:26:52,013 - INFO -   Best: -1.757510
2025-12-17 11:26:52,013 - INFO -   Min: -1.757510
2025-12-17 11:26:52,013 - INFO -   Max: 0.067570
2025-12-17 11:26:52,013 - INFO -   Avg: -1.529107
2025-12-17 11:26:52,013 - INFO -   Std: 0.440943
2025-12-17 11:26:52,053 - INFO - Generation 80
2025-12-17 11:26:52,053 - INFO -   Best: -1.757510
2025-12-17 11:26:52,053 - INFO -   Min: -1.757510
2025-12-17 11:26:52,053 - INFO -   Max: -0.258451
2025-12-17 11:26:52,054 - INFO -   Avg: -1.607884
2025-12-17 11:26:52,054 - INFO -   Std: 0.340976
2025-12-17 11:26:52,086 - INFO - Generation 90
2025-12-17 11:26:52,086 - INFO -   Best: -1.757510
2025-12-17 11:26:52,086 - INFO -   Min: -1.757510
2025-12-17 11:26:52,087 - INFO -   Max: 0.000000
2025-12-17 11:26:52,087 - INFO -   Avg: -1.617899
2025-12-17 11:26:52,087 - INFO -   Std: 0.368506
2025-12-17 11:26:52,119 - INFO - Generation 100
2025-12-17 11:26:52,119 - INFO -   Best: -1.757510
2025-12-17 11:26:52,119 - INFO -   Min: -1.757510
2025-12-17 11:26:52,120 - INFO -   Max: 0.357955
2025-12-17 11:26:52,120 - INFO -   Avg: -1.547170
2025-12-17 11:26:52,120 - INFO -   Std: 0.434375
2025-12-17 11:26:52,151 - INFO - Generation 110
2025-12-17 11:26:52,151 - INFO -   Best: -1.757510
2025-12-17 11:26:52,152 - INFO -   Min: -1.757510
2025-12-17 11:26:52,152 - INFO -   Max: 0.393806
2025-12-17 11:26:52,152 - INFO -   Avg: -1.563577
2025-12-17 11:26:52,152 - INFO -   Std: 0.457666
2025-12-17 11:26:52,189 - INFO - Generation 120
2025-12-17 11:26:52,189 - INFO -   Best: -1.757510
2025-12-17 11:26:52,189 - INFO -   Min: -1.757510
2025-12-17 11:26:52,189 - INFO -   Max: -0.649434
2025-12-17 11:26:52,190 - INFO -   Avg: -1.612138
2025-12-17 11:26:52,190 - INFO -   Std: 0.336929
2025-12-17 11:26:52,221 - INFO - Generation 130
2025-12-17 11:26:52,221 - INFO -   Best: -1.757510
2025-12-17 11:26:52,222 - INFO -   Min: -1.757510
2025-12-17 11:26:52,222 - INFO -   Max: 0.421714
2025-12-17 11:26:52,222 - INFO -   Avg: -1.596512
2025-12-17 11:26:52,222 - INFO -   Std: 0.399492
2025-12-17 11:26:52,256 - INFO - Generation 140
2025-12-17 11:26:52,256 - INFO -   Best: -1.757510
2025-12-17 11:26:52,256 - INFO -   Min: -1.757510
2025-12-17 11:26:52,256 - INFO -   Max: -0.046485
2025-12-17 11:26:52,256 - INFO -   Avg: -1.546040
2025-12-17 11:26:52,257 - INFO -   Std: 0.418657
2025-12-17 11:26:52,290 - INFO - Generation 150
2025-12-17 11:26:52,290 - INFO -   Best: -1.757510
2025-12-17 11:26:52,290 - INFO -   Min: -1.757510
2025-12-17 11:26:52,291 - INFO -   Max: 0.244634
2025-12-17 11:26:52,291 - INFO -   Avg: -1.596214
2025-12-17 11:26:52,291 - INFO -   Std: 0.390303
2025-12-17 11:26:52,328 - INFO - Generation 160
2025-12-17 11:26:52,328 - INFO -   Best: -1.757510
2025-12-17 11:26:52,329 - INFO -   Min: -1.757510
2025-12-17 11:26:52,329 - INFO -   Max: -0.398215
2025-12-17 11:26:52,329 - INFO -   Avg: -1.568296
2025-12-17 11:26:52,329 - INFO -   Std: 0.387439
2025-12-17 11:26:52,362 - INFO - Generation 170
2025-12-17 11:26:52,362 - INFO -   Best: -1.757510
2025-12-17 11:26:52,363 - INFO -   Min: -1.757510
2025-12-17 11:26:52,363 - INFO -   Max: 0.171252
2025-12-17 11:26:52,363 - INFO -   Avg: -1.552121
2025-12-17 11:26:52,363 - INFO -   Std: 0.436178
2025-12-17 11:26:52,395 - INFO - Generation 180
2025-12-17 11:26:52,396 - INFO -   Best: -1.757510
2025-12-17 11:26:52,396 - INFO -   Min: -1.757510
2025-12-17 11:26:52,396 - INFO -   Max: 0.207133
2025-12-17 11:26:52,396 - INFO -   Avg: -1.468880
2025-12-17 11:26:52,396 - INFO -   Std: 0.519831
2025-12-17 11:26:52,428 - INFO - Generation 190
2025-12-17 11:26:52,429 - INFO -   Best: -1.757510
2025-12-17 11:26:52,429 - INFO -   Min: -1.757510
2025-12-17 11:26:52,429 - INFO -   Max: 0.203756
2025-12-17 11:26:52,429 - INFO -   Avg: -1.620481
2025-12-17 11:26:52,429 - INFO -   Std: 0.358295
2025-12-17 11:26:52,461 - INFO - Generation 200
2025-12-17 11:26:52,462 - INFO -   Best: -1.757510
2025-12-17 11:26:52,462 - INFO -   Min: -1.757510
2025-12-17 11:26:52,462 - INFO -   Max: 0.445907
2025-12-17 11:26:52,462 - INFO -   Avg: -1.467232
2025-12-17 11:26:52,462 - INFO -   Std: 0.471868
2025-12-17 11:26:52,465 - INFO - 
Final best fitness: -1.7575098003
2025-12-17 11:26:52,465 - INFO - Execution time: 0.71s
2025-12-17 12:03:43,544 - INFO - Representation: Binary
2025-12-17 12:03:43,544 - INFO - Bits per variable: 12
2025-12-17 12:03:43,545 - INFO - Total genes: 24
2025-12-17 12:03:43,545 - INFO - Function: michalewicz
2025-12-17 12:03:43,545 - INFO - Population size: 100
2025-12-17 12:03:43,545 - INFO - Generations: 200
2025-12-17 12:03:43,545 - INFO - Selection: tournament
2025-12-17 12:03:43,545 - INFO - Crossover: single_point
2025-12-17 12:03:43,545 - INFO - Mutation: random
2025-12-17 12:03:43,545 - INFO - 
2025-12-17 12:03:43,693 - INFO - Generation 10
2025-12-17 12:03:43,693 - INFO -   Best: -1.800967
2025-12-17 12:03:43,694 - INFO -   Min: -1.800967
2025-12-17 12:03:43,694 - INFO -   Max: 0.354730
2025-12-17 12:03:43,694 - INFO -   Avg: -1.276750
2025-12-17 12:03:43,694 - INFO -   Std: 0.554011
2025-12-17 12:03:43,799 - INFO - Generation 20
2025-12-17 12:03:43,799 - INFO -   Best: -1.801296
2025-12-17 12:03:43,800 - INFO -   Min: -1.801296
2025-12-17 12:03:43,800 - INFO -   Max: 0.374569
2025-12-17 12:03:43,800 - INFO -   Avg: -1.386115
2025-12-17 12:03:43,800 - INFO -   Std: 0.495689
2025-12-17 12:03:43,906 - INFO - Generation 30
2025-12-17 12:03:43,906 - INFO -   Best: -1.801296
2025-12-17 12:03:43,906 - INFO -   Min: -1.801296
2025-12-17 12:03:43,907 - INFO -   Max: 0.389270
2025-12-17 12:03:43,907 - INFO -   Avg: -1.412760
2025-12-17 12:03:43,907 - INFO -   Std: 0.493803
2025-12-17 12:03:44,014 - INFO - Generation 40
2025-12-17 12:03:44,014 - INFO -   Best: -1.801296
2025-12-17 12:03:44,015 - INFO -   Min: -1.801296
2025-12-17 12:03:44,015 - INFO -   Max: -0.000048
2025-12-17 12:03:44,015 - INFO -   Avg: -1.413113
2025-12-17 12:03:44,015 - INFO -   Std: 0.489439
2025-12-17 12:03:44,123 - INFO - Generation 50
2025-12-17 12:03:44,123 - INFO -   Best: -1.801296
2025-12-17 12:03:44,123 - INFO -   Min: -1.801296
2025-12-17 12:03:44,123 - INFO -   Max: -0.000087
2025-12-17 12:03:44,124 - INFO -   Avg: -1.382422
2025-12-17 12:03:44,124 - INFO -   Std: 0.489244
2025-12-17 12:03:44,229 - INFO - Generation 60
2025-12-17 12:03:44,229 - INFO -   Best: -1.801296
2025-12-17 12:03:44,229 - INFO -   Min: -1.801296
2025-12-17 12:03:44,229 - INFO -   Max: 0.547937
2025-12-17 12:03:44,229 - INFO -   Avg: -1.466312
2025-12-17 12:03:44,230 - INFO -   Std: 0.478369
2025-12-17 12:03:44,336 - INFO - Generation 70
2025-12-17 12:03:44,336 - INFO -   Best: -1.801296
2025-12-17 12:03:44,336 - INFO -   Min: -1.801296
2025-12-17 12:03:44,337 - INFO -   Max: 0.263724
2025-12-17 12:03:44,337 - INFO -   Avg: -1.478349
2025-12-17 12:03:44,337 - INFO -   Std: 0.473349
2025-12-17 12:03:44,446 - INFO - Generation 80
2025-12-17 12:03:44,446 - INFO -   Best: -1.801296
2025-12-17 12:03:44,446 - INFO -   Min: -1.801296
2025-12-17 12:03:44,446 - INFO -   Max: 0.495719
2025-12-17 12:03:44,446 - INFO -   Avg: -1.407612
2025-12-17 12:03:44,447 - INFO -   Std: 0.517866
2025-12-17 12:03:44,555 - INFO - Generation 90
2025-12-17 12:03:44,556 - INFO -   Best: -1.801296
2025-12-17 12:03:44,556 - INFO -   Min: -1.801296
2025-12-17 12:03:44,556 - INFO -   Max: 0.453966
2025-12-17 12:03:44,556 - INFO -   Avg: -1.487486
2025-12-17 12:03:44,556 - INFO -   Std: 0.478200
2025-12-17 12:03:44,662 - INFO - Generation 100
2025-12-17 12:03:44,662 - INFO -   Best: -1.801296
2025-12-17 12:03:44,662 - INFO -   Min: -1.801296
2025-12-17 12:03:44,663 - INFO -   Max: 0.473304
2025-12-17 12:03:44,663 - INFO -   Avg: -1.358807
2025-12-17 12:03:44,663 - INFO -   Std: 0.548409
2025-12-17 12:03:44,770 - INFO - Generation 110
2025-12-17 12:03:44,770 - INFO -   Best: -1.801296
2025-12-17 12:03:44,770 - INFO -   Min: -1.801296
2025-12-17 12:03:44,770 - INFO -   Max: 0.275906
2025-12-17 12:03:44,771 - INFO -   Avg: -1.410859
2025-12-17 12:03:44,771 - INFO -   Std: 0.505087
2025-12-17 12:03:44,877 - INFO - Generation 120
2025-12-17 12:03:44,877 - INFO -   Best: -1.801296
2025-12-17 12:03:44,877 - INFO -   Min: -1.801296
2025-12-17 12:03:44,877 - INFO -   Max: 0.434314
2025-12-17 12:03:44,878 - INFO -   Avg: -1.414032
2025-12-17 12:03:44,878 - INFO -   Std: 0.503930
2025-12-17 12:03:44,983 - INFO - Generation 130
2025-12-17 12:03:44,984 - INFO -   Best: -1.801296
2025-12-17 12:03:44,984 - INFO -   Min: -1.801296
2025-12-17 12:03:44,984 - INFO -   Max: 0.550707
2025-12-17 12:03:44,984 - INFO -   Avg: -1.378992
2025-12-17 12:03:44,984 - INFO -   Std: 0.523146
2025-12-17 12:03:45,093 - INFO - Generation 140
2025-12-17 12:03:45,093 - INFO -   Best: -1.801296
2025-12-17 12:03:45,094 - INFO -   Min: -1.801296
2025-12-17 12:03:45,094 - INFO -   Max: 0.437606
2025-12-17 12:03:45,094 - INFO -   Avg: -1.355225
2025-12-17 12:03:45,094 - INFO -   Std: 0.545284
2025-12-17 12:03:45,200 - INFO - Generation 150
2025-12-17 12:03:45,200 - INFO -   Best: -1.801296
2025-12-17 12:03:45,200 - INFO -   Min: -1.801296
2025-12-17 12:03:45,200 - INFO -   Max: 0.640763
2025-12-17 12:03:45,200 - INFO -   Avg: -1.250585
2025-12-17 12:03:45,200 - INFO -   Std: 0.632013
2025-12-17 12:03:45,307 - INFO - Generation 160
2025-12-17 12:03:45,308 - INFO -   Best: -1.801296
2025-12-17 12:03:45,308 - INFO -   Min: -1.801296
2025-12-17 12:03:45,308 - INFO -   Max: -0.092772
2025-12-17 12:03:45,308 - INFO -   Avg: -1.412106
2025-12-17 12:03:45,308 - INFO -   Std: 0.474922
2025-12-17 12:03:45,415 - INFO - Generation 170
2025-12-17 12:03:45,415 - INFO -   Best: -1.801296
2025-12-17 12:03:45,415 - INFO -   Min: -1.801296
2025-12-17 12:03:45,416 - INFO -   Max: -0.012681
2025-12-17 12:03:45,416 - INFO -   Avg: -1.403660
2025-12-17 12:03:45,416 - INFO -   Std: 0.487900
2025-12-17 12:03:45,522 - INFO - Generation 180
2025-12-17 12:03:45,522 - INFO -   Best: -1.801296
2025-12-17 12:03:45,522 - INFO -   Min: -1.801296
2025-12-17 12:03:45,522 - INFO -   Max: 0.206455
2025-12-17 12:03:45,522 - INFO -   Avg: -1.318087
2025-12-17 12:03:45,522 - INFO -   Std: 0.538789
2025-12-17 12:03:45,635 - INFO - Generation 190
2025-12-17 12:03:45,635 - INFO -   Best: -1.801296
2025-12-17 12:03:45,635 - INFO -   Min: -1.801296
2025-12-17 12:03:45,635 - INFO -   Max: -0.000095
2025-12-17 12:03:45,635 - INFO -   Avg: -1.369946
2025-12-17 12:03:45,635 - INFO -   Std: 0.534344
2025-12-17 12:03:45,740 - INFO - Generation 200
2025-12-17 12:03:45,740 - INFO -   Best: -1.801296
2025-12-17 12:03:45,740 - INFO -   Min: -1.801296
2025-12-17 12:03:45,741 - INFO -   Max: 0.427713
2025-12-17 12:03:45,741 - INFO -   Avg: -1.277032
2025-12-17 12:03:45,741 - INFO -   Std: 0.581352
2025-12-17 12:03:45,745 - INFO - 
Final best fitness: -1.8012944632
2025-12-17 12:03:45,746 - INFO - Execution time: 2.15s
