2025-12-17 11:45:19,265 - INFO - Representation: Real
2025-12-17 11:45:19,265 - INFO - Number of genes: 30
2025-12-17 11:45:19,265 - INFO - Bounds: [-100, 100]
2025-12-17 11:45:19,265 - INFO - Function: f16_2014
2025-12-17 11:45:19,266 - INFO - Population size: 100
2025-12-17 11:45:19,266 - INFO - Generations: 200
2025-12-17 11:45:19,266 - INFO - Selection: tournament
2025-12-17 11:45:19,266 - INFO - Crossover: single_point
2025-12-17 11:45:19,266 - INFO - Mutation: random
2025-12-17 11:45:19,266 - INFO - 
2025-12-17 11:45:19,730 - INFO - Generation 10
2025-12-17 11:45:19,731 - INFO -   Best: 1613.649022
2025-12-17 11:45:19,731 - INFO -   Min: 1613.649022
2025-12-17 11:45:19,731 - INFO -   Max: 1615.618455
2025-12-17 11:45:19,731 - INFO -   Avg: 1614.792568
2025-12-17 11:45:19,732 - INFO -   Std: 0.396540
2025-12-17 11:45:20,123 - INFO - Generation 20
2025-12-17 11:45:20,124 - INFO -   Best: 1613.628388
2025-12-17 11:45:20,124 - INFO -   Min: 1613.628388
2025-12-17 11:45:20,124 - INFO -   Max: 1615.680276
2025-12-17 11:45:20,124 - INFO -   Avg: 1614.672554
2025-12-17 11:45:20,124 - INFO -   Std: 0.428423
2025-12-17 11:45:20,515 - INFO - Generation 30
2025-12-17 11:45:20,516 - INFO -   Best: 1613.406824
2025-12-17 11:45:20,516 - INFO -   Min: 1613.406824
2025-12-17 11:45:20,516 - INFO -   Max: 1615.546904
2025-12-17 11:45:20,516 - INFO -   Avg: 1614.557203
2025-12-17 11:45:20,516 - INFO -   Std: 0.456944
2025-12-17 11:45:20,909 - INFO - Generation 40
2025-12-17 11:45:20,910 - INFO -   Best: 1613.069732
2025-12-17 11:45:20,910 - INFO -   Min: 1613.069732
2025-12-17 11:45:20,910 - INFO -   Max: 1615.943496
2025-12-17 11:45:20,910 - INFO -   Avg: 1614.724654
2025-12-17 11:45:20,910 - INFO -   Std: 0.410623
2025-12-17 11:45:21,301 - INFO - Generation 50
2025-12-17 11:45:21,302 - INFO -   Best: 1613.069732
2025-12-17 11:45:21,302 - INFO -   Min: 1613.069732
2025-12-17 11:45:21,302 - INFO -   Max: 1615.667544
2025-12-17 11:45:21,302 - INFO -   Avg: 1614.590383
2025-12-17 11:45:21,302 - INFO -   Std: 0.471426
2025-12-17 11:45:21,694 - INFO - Generation 60
2025-12-17 11:45:21,695 - INFO -   Best: 1613.069732
2025-12-17 11:45:21,695 - INFO -   Min: 1613.069732
2025-12-17 11:45:21,695 - INFO -   Max: 1615.649773
2025-12-17 11:45:21,695 - INFO -   Avg: 1614.552110
2025-12-17 11:45:21,695 - INFO -   Std: 0.464015
2025-12-17 11:45:22,088 - INFO - Generation 70
2025-12-17 11:45:22,088 - INFO -   Best: 1612.925932
2025-12-17 11:45:22,089 - INFO -   Min: 1612.925932
2025-12-17 11:45:22,089 - INFO -   Max: 1615.670224
2025-12-17 11:45:22,089 - INFO -   Avg: 1614.622550
2025-12-17 11:45:22,089 - INFO -   Std: 0.507985
2025-12-17 11:45:22,481 - INFO - Generation 80
2025-12-17 11:45:22,482 - INFO -   Best: 1612.925932
2025-12-17 11:45:22,482 - INFO -   Min: 1612.925932
2025-12-17 11:45:22,482 - INFO -   Max: 1615.680684
2025-12-17 11:45:22,482 - INFO -   Avg: 1614.559410
2025-12-17 11:45:22,482 - INFO -   Std: 0.513830
2025-12-17 11:45:22,874 - INFO - Generation 90
2025-12-17 11:45:22,875 - INFO -   Best: 1612.925932
2025-12-17 11:45:22,875 - INFO -   Min: 1612.925932
2025-12-17 11:45:22,875 - INFO -   Max: 1615.571488
2025-12-17 11:45:22,875 - INFO -   Avg: 1614.445127
2025-12-17 11:45:22,875 - INFO -   Std: 0.520515
2025-12-17 11:45:23,266 - INFO - Generation 100
2025-12-17 11:45:23,267 - INFO -   Best: 1612.860723
2025-12-17 11:45:23,267 - INFO -   Min: 1612.860723
2025-12-17 11:45:23,267 - INFO -   Max: 1615.800894
2025-12-17 11:45:23,267 - INFO -   Avg: 1614.604410
2025-12-17 11:45:23,267 - INFO -   Std: 0.545581
2025-12-17 11:45:23,660 - INFO - Generation 110
2025-12-17 11:45:23,661 - INFO -   Best: 1612.741932
2025-12-17 11:45:23,661 - INFO -   Min: 1612.741932
2025-12-17 11:45:23,661 - INFO -   Max: 1615.736112
2025-12-17 11:45:23,661 - INFO -   Avg: 1614.456029
2025-12-17 11:45:23,661 - INFO -   Std: 0.530640
2025-12-17 11:45:24,057 - INFO - Generation 120
2025-12-17 11:45:24,057 - INFO -   Best: 1612.741932
2025-12-17 11:45:24,057 - INFO -   Min: 1612.741932
2025-12-17 11:45:24,058 - INFO -   Max: 1615.754230
2025-12-17 11:45:24,058 - INFO -   Avg: 1614.504360
2025-12-17 11:45:24,058 - INFO -   Std: 0.508334
2025-12-17 11:45:24,453 - INFO - Generation 130
2025-12-17 11:45:24,453 - INFO -   Best: 1612.741932
2025-12-17 11:45:24,453 - INFO -   Min: 1612.741932
2025-12-17 11:45:24,453 - INFO -   Max: 1615.725212
2025-12-17 11:45:24,454 - INFO -   Avg: 1614.510722
2025-12-17 11:45:24,454 - INFO -   Std: 0.542522
2025-12-17 11:45:24,845 - INFO - Generation 140
2025-12-17 11:45:24,845 - INFO -   Best: 1612.741932
2025-12-17 11:45:24,846 - INFO -   Min: 1612.741932
2025-12-17 11:45:24,846 - INFO -   Max: 1615.707282
2025-12-17 11:45:24,846 - INFO -   Avg: 1614.473664
2025-12-17 11:45:24,846 - INFO -   Std: 0.658305
2025-12-17 11:45:25,238 - INFO - Generation 150
2025-12-17 11:45:25,239 - INFO -   Best: 1612.730932
2025-12-17 11:45:25,239 - INFO -   Min: 1612.730932
2025-12-17 11:45:25,239 - INFO -   Max: 1615.456217
2025-12-17 11:45:25,239 - INFO -   Avg: 1614.470488
2025-12-17 11:45:25,239 - INFO -   Std: 0.521006
2025-12-17 11:45:25,633 - INFO - Generation 160
2025-12-17 11:45:25,634 - INFO -   Best: 1612.385560
2025-12-17 11:45:25,634 - INFO -   Min: 1612.385560
2025-12-17 11:45:25,634 - INFO -   Max: 1615.496884
2025-12-17 11:45:25,634 - INFO -   Avg: 1614.421129
2025-12-17 11:45:25,635 - INFO -   Std: 0.526371
2025-12-17 11:45:26,031 - INFO - Generation 170
2025-12-17 11:45:26,031 - INFO -   Best: 1612.385560
2025-12-17 11:45:26,032 - INFO -   Min: 1612.385560
2025-12-17 11:45:26,032 - INFO -   Max: 1615.311162
2025-12-17 11:45:26,032 - INFO -   Avg: 1614.314356
2025-12-17 11:45:26,032 - INFO -   Std: 0.556291
2025-12-17 11:45:26,427 - INFO - Generation 180
2025-12-17 11:45:26,428 - INFO -   Best: 1612.385560
2025-12-17 11:45:26,428 - INFO -   Min: 1612.385560
2025-12-17 11:45:26,428 - INFO -   Max: 1615.912653
2025-12-17 11:45:26,428 - INFO -   Avg: 1614.517938
2025-12-17 11:45:26,429 - INFO -   Std: 0.584742
2025-12-17 11:45:26,822 - INFO - Generation 190
2025-12-17 11:45:26,823 - INFO -   Best: 1612.385560
2025-12-17 11:45:26,823 - INFO -   Min: 1612.385560
2025-12-17 11:45:26,823 - INFO -   Max: 1616.069597
2025-12-17 11:45:26,823 - INFO -   Avg: 1614.661268
2025-12-17 11:45:26,824 - INFO -   Std: 0.601051
2025-12-17 11:45:27,216 - INFO - Generation 200
2025-12-17 11:45:27,216 - INFO -   Best: 1612.385560
2025-12-17 11:45:27,216 - INFO -   Min: 1612.385560
2025-12-17 11:45:27,216 - INFO -   Max: 1615.430961
2025-12-17 11:45:27,216 - INFO -   Avg: 1614.567153
2025-12-17 11:45:27,217 - INFO -   Std: 0.523563
2025-12-17 11:45:27,239 - INFO - 
Final best fitness: 1612.3855597174
2025-12-17 11:45:27,239 - INFO - Execution time: 7.91s
