2025-12-17 11:37:14,311 - INFO - Representation: Real
2025-12-17 11:37:14,312 - INFO - Number of genes: 10
2025-12-17 11:37:14,312 - INFO - Bounds: [0, 3.141592653589793]
2025-12-17 11:37:14,312 - INFO - Function: michalewicz
2025-12-17 11:37:14,312 - INFO - Population size: 100
2025-12-17 11:37:14,312 - INFO - Generations: 200
2025-12-17 11:37:14,312 - INFO - Selection: tournament
2025-12-17 11:37:14,313 - INFO - Crossover: single_point
2025-12-17 11:37:14,313 - INFO - Mutation: random
2025-12-17 11:37:14,313 - INFO - 
2025-12-17 11:37:14,406 - INFO - Generation 10
2025-12-17 11:37:14,406 - INFO -   Best: -7.216243
2025-12-17 11:37:14,406 - INFO -   Min: -7.216243
2025-12-17 11:37:14,406 - INFO -   Max: -2.390343
2025-12-17 11:37:14,407 - INFO -   Avg: -5.260773
2025-12-17 11:37:14,407 - INFO -   Std: 0.906334
2025-12-17 11:37:14,465 - INFO - Generation 20
2025-12-17 11:37:14,465 - INFO -   Best: -7.765025
2025-12-17 11:37:14,465 - INFO -   Min: -7.765025
2025-12-17 11:37:14,465 - INFO -   Max: -3.314505
2025-12-17 11:37:14,466 - INFO -   Avg: -6.296848
2025-12-17 11:37:14,466 - INFO -   Std: 0.978482
2025-12-17 11:37:14,523 - INFO - Generation 30
2025-12-17 11:37:14,523 - INFO -   Best: -8.303365
2025-12-17 11:37:14,523 - INFO -   Min: -8.303365
2025-12-17 11:37:14,523 - INFO -   Max: -4.220880
2025-12-17 11:37:14,523 - INFO -   Avg: -6.834014
2025-12-17 11:37:14,524 - INFO -   Std: 0.952964
2025-12-17 11:37:14,579 - INFO - Generation 40
2025-12-17 11:37:14,579 - INFO -   Best: -8.548044
2025-12-17 11:37:14,580 - INFO -   Min: -8.548044
2025-12-17 11:37:14,580 - INFO -   Max: -3.529056
2025-12-17 11:37:14,580 - INFO -   Avg: -7.028135
2025-12-17 11:37:14,580 - INFO -   Std: 1.081744
2025-12-17 11:37:14,635 - INFO - Generation 50
2025-12-17 11:37:14,635 - INFO -   Best: -8.548044
2025-12-17 11:37:14,636 - INFO -   Min: -8.548044
2025-12-17 11:37:14,636 - INFO -   Max: -3.878036
2025-12-17 11:37:14,636 - INFO -   Avg: -7.313362
2025-12-17 11:37:14,636 - INFO -   Std: 0.926328
2025-12-17 11:37:14,693 - INFO - Generation 60
2025-12-17 11:37:14,693 - INFO -   Best: -8.614948
2025-12-17 11:37:14,693 - INFO -   Min: -8.614948
2025-12-17 11:37:14,694 - INFO -   Max: -3.420393
2025-12-17 11:37:14,694 - INFO -   Avg: -7.109557
2025-12-17 11:37:14,694 - INFO -   Std: 1.085112
2025-12-17 11:37:14,748 - INFO - Generation 70
2025-12-17 11:37:14,749 - INFO -   Best: -8.757840
2025-12-17 11:37:14,749 - INFO -   Min: -8.757840
2025-12-17 11:37:14,749 - INFO -   Max: -4.349174
2025-12-17 11:37:14,749 - INFO -   Avg: -7.466987
2025-12-17 11:37:14,750 - INFO -   Std: 0.962234
2025-12-17 11:37:14,808 - INFO - Generation 80
2025-12-17 11:37:14,808 - INFO -   Best: -8.993612
2025-12-17 11:37:14,809 - INFO -   Min: -8.993612
2025-12-17 11:37:14,809 - INFO -   Max: -4.893579
2025-12-17 11:37:14,809 - INFO -   Avg: -7.311567
2025-12-17 11:37:14,809 - INFO -   Std: 0.955453
2025-12-17 11:37:14,868 - INFO - Generation 90
2025-12-17 11:37:14,868 - INFO -   Best: -9.177280
2025-12-17 11:37:14,868 - INFO -   Min: -9.177280
2025-12-17 11:37:14,868 - INFO -   Max: -4.239603
2025-12-17 11:37:14,868 - INFO -   Avg: -7.634333
2025-12-17 11:37:14,869 - INFO -   Std: 1.061799
2025-12-17 11:37:14,924 - INFO - Generation 100
2025-12-17 11:37:14,925 - INFO -   Best: -9.237263
2025-12-17 11:37:14,925 - INFO -   Min: -9.237263
2025-12-17 11:37:14,925 - INFO -   Max: -4.580816
2025-12-17 11:37:14,925 - INFO -   Avg: -7.737800
2025-12-17 11:37:14,925 - INFO -   Std: 1.086265
2025-12-17 11:37:14,982 - INFO - Generation 110
2025-12-17 11:37:14,982 - INFO -   Best: -9.307753
2025-12-17 11:37:14,982 - INFO -   Min: -9.307753
2025-12-17 11:37:14,982 - INFO -   Max: -4.715593
2025-12-17 11:37:14,983 - INFO -   Avg: -7.614343
2025-12-17 11:37:14,983 - INFO -   Std: 1.144558
2025-12-17 11:37:15,039 - INFO - Generation 120
2025-12-17 11:37:15,040 - INFO -   Best: -9.329053
2025-12-17 11:37:15,040 - INFO -   Min: -9.329053
2025-12-17 11:37:15,040 - INFO -   Max: -5.044339
2025-12-17 11:37:15,040 - INFO -   Avg: -8.047064
2025-12-17 11:37:15,041 - INFO -   Std: 1.069602
2025-12-17 11:37:15,099 - INFO - Generation 130
2025-12-17 11:37:15,100 - INFO -   Best: -9.329053
2025-12-17 11:37:15,100 - INFO -   Min: -9.329053
2025-12-17 11:37:15,100 - INFO -   Max: -4.665659
2025-12-17 11:37:15,100 - INFO -   Avg: -8.094851
2025-12-17 11:37:15,100 - INFO -   Std: 1.144669
2025-12-17 11:37:15,158 - INFO - Generation 140
2025-12-17 11:37:15,158 - INFO -   Best: -9.341821
2025-12-17 11:37:15,159 - INFO -   Min: -9.341821
2025-12-17 11:37:15,159 - INFO -   Max: -5.339466
2025-12-17 11:37:15,159 - INFO -   Avg: -7.960417
2025-12-17 11:37:15,159 - INFO -   Std: 0.941835
2025-12-17 11:37:15,217 - INFO - Generation 150
2025-12-17 11:37:15,217 - INFO -   Best: -9.346310
2025-12-17 11:37:15,217 - INFO -   Min: -9.346310
2025-12-17 11:37:15,218 - INFO -   Max: -5.616019
2025-12-17 11:37:15,218 - INFO -   Avg: -7.849808
2025-12-17 11:37:15,218 - INFO -   Std: 0.944533
2025-12-17 11:37:15,275 - INFO - Generation 160
2025-12-17 11:37:15,275 - INFO -   Best: -9.346310
2025-12-17 11:37:15,276 - INFO -   Min: -9.346310
2025-12-17 11:37:15,276 - INFO -   Max: -5.880341
2025-12-17 11:37:15,276 - INFO -   Avg: -7.989696
2025-12-17 11:37:15,276 - INFO -   Std: 0.927474
2025-12-17 11:37:15,334 - INFO - Generation 170
2025-12-17 11:37:15,334 - INFO -   Best: -9.346310
2025-12-17 11:37:15,334 - INFO -   Min: -9.346310
2025-12-17 11:37:15,334 - INFO -   Max: -4.476734
2025-12-17 11:37:15,334 - INFO -   Avg: -7.958553
2025-12-17 11:37:15,335 - INFO -   Std: 1.066291
2025-12-17 11:37:15,393 - INFO - Generation 180
2025-12-17 11:37:15,394 - INFO -   Best: -9.346310
2025-12-17 11:37:15,394 - INFO -   Min: -9.346310
2025-12-17 11:37:15,394 - INFO -   Max: -4.131918
2025-12-17 11:37:15,394 - INFO -   Avg: -7.586122
2025-12-17 11:37:15,394 - INFO -   Std: 1.166562
2025-12-17 11:37:15,454 - INFO - Generation 190
2025-12-17 11:37:15,455 - INFO -   Best: -9.346310
2025-12-17 11:37:15,455 - INFO -   Min: -9.346310
2025-12-17 11:37:15,455 - INFO -   Max: -3.762203
2025-12-17 11:37:15,455 - INFO -   Avg: -7.723416
2025-12-17 11:37:15,455 - INFO -   Std: 1.135257
2025-12-17 11:37:15,512 - INFO - Generation 200
2025-12-17 11:37:15,512 - INFO -   Best: -9.346310
2025-12-17 11:37:15,512 - INFO -   Min: -9.346310
2025-12-17 11:37:15,513 - INFO -   Max: -4.573923
2025-12-17 11:37:15,513 - INFO -   Avg: -7.970491
2025-12-17 11:37:15,513 - INFO -   Std: 1.012593
2025-12-17 11:37:15,516 - INFO - 
Final best fitness: -9.2619217723
2025-12-17 11:37:15,516 - INFO - Execution time: 1.18s
2025-12-17 12:02:02,534 - INFO - Representation: Binary
2025-12-17 12:02:02,534 - INFO - Bits per variable: 12
2025-12-17 12:02:02,535 - INFO - Total genes: 120
2025-12-17 12:02:02,535 - INFO - Function: michalewicz
2025-12-17 12:02:02,535 - INFO - Population size: 100
2025-12-17 12:02:02,535 - INFO - Generations: 200
2025-12-17 12:02:02,535 - INFO - Selection: tournament
2025-12-17 12:02:02,535 - INFO - Crossover: single_point
2025-12-17 12:02:02,535 - INFO - Mutation: random
2025-12-17 12:02:02,536 - INFO - 
2025-12-17 12:02:03,101 - INFO - Generation 10
2025-12-17 12:02:03,102 - INFO -   Best: -6.048834
2025-12-17 12:02:03,102 - INFO -   Min: -6.048834
2025-12-17 12:02:03,102 - INFO -   Max: 0.508867
2025-12-17 12:02:03,102 - INFO -   Avg: -3.439878
2025-12-17 12:02:03,102 - INFO -   Std: 1.143410
2025-12-17 12:02:03,456 - INFO - Generation 20
2025-12-17 12:02:03,456 - INFO -   Best: -6.419407
2025-12-17 12:02:03,456 - INFO -   Min: -6.419407
2025-12-17 12:02:03,456 - INFO -   Max: -1.308949
2025-12-17 12:02:03,456 - INFO -   Avg: -3.681295
2025-12-17 12:02:03,456 - INFO -   Std: 1.067194
2025-12-17 12:02:03,835 - INFO - Generation 30
2025-12-17 12:02:03,835 - INFO -   Best: -6.419407
2025-12-17 12:02:03,835 - INFO -   Min: -6.419407
2025-12-17 12:02:03,835 - INFO -   Max: -1.084584
2025-12-17 12:02:03,836 - INFO -   Avg: -3.214681
2025-12-17 12:02:03,836 - INFO -   Std: 1.020042
2025-12-17 12:02:04,207 - INFO - Generation 40
2025-12-17 12:02:04,207 - INFO -   Best: -6.931271
2025-12-17 12:02:04,207 - INFO -   Min: -6.931271
2025-12-17 12:02:04,207 - INFO -   Max: -0.505418
2025-12-17 12:02:04,208 - INFO -   Avg: -3.197467
2025-12-17 12:02:04,208 - INFO -   Std: 1.209172
2025-12-17 12:02:04,562 - INFO - Generation 50
2025-12-17 12:02:04,562 - INFO -   Best: -6.931271
2025-12-17 12:02:04,563 - INFO -   Min: -6.931271
2025-12-17 12:02:04,563 - INFO -   Max: -0.724713
2025-12-17 12:02:04,563 - INFO -   Avg: -2.919811
2025-12-17 12:02:04,563 - INFO -   Std: 1.226221
2025-12-17 12:02:04,912 - INFO - Generation 60
2025-12-17 12:02:04,913 - INFO -   Best: -7.570448
2025-12-17 12:02:04,913 - INFO -   Min: -7.570448
2025-12-17 12:02:04,913 - INFO -   Max: -0.737290
2025-12-17 12:02:04,913 - INFO -   Avg: -3.228671
2025-12-17 12:02:04,913 - INFO -   Std: 1.250304
2025-12-17 12:02:05,265 - INFO - Generation 70
2025-12-17 12:02:05,265 - INFO -   Best: -7.570448
2025-12-17 12:02:05,265 - INFO -   Min: -7.570448
2025-12-17 12:02:05,265 - INFO -   Max: -0.538624
2025-12-17 12:02:05,265 - INFO -   Avg: -3.272457
2025-12-17 12:02:05,266 - INFO -   Std: 1.446714
2025-12-17 12:02:05,618 - INFO - Generation 80
2025-12-17 12:02:05,619 - INFO -   Best: -7.570448
2025-12-17 12:02:05,619 - INFO -   Min: -7.570448
2025-12-17 12:02:05,619 - INFO -   Max: 0.068304
2025-12-17 12:02:05,619 - INFO -   Avg: -3.640747
2025-12-17 12:02:05,619 - INFO -   Std: 1.326027
2025-12-17 12:02:05,976 - INFO - Generation 90
2025-12-17 12:02:05,976 - INFO -   Best: -7.570448
2025-12-17 12:02:05,976 - INFO -   Min: -7.570448
2025-12-17 12:02:05,977 - INFO -   Max: -0.035675
2025-12-17 12:02:05,977 - INFO -   Avg: -3.094375
2025-12-17 12:02:05,977 - INFO -   Std: 1.495805
2025-12-17 12:02:06,337 - INFO - Generation 100
2025-12-17 12:02:06,338 - INFO -   Best: -7.570448
2025-12-17 12:02:06,338 - INFO -   Min: -7.570448
2025-12-17 12:02:06,338 - INFO -   Max: -0.150418
2025-12-17 12:02:06,338 - INFO -   Avg: -3.406132
2025-12-17 12:02:06,338 - INFO -   Std: 1.216245
2025-12-17 12:02:06,696 - INFO - Generation 110
2025-12-17 12:02:06,697 - INFO -   Best: -7.570448
2025-12-17 12:02:06,697 - INFO -   Min: -7.570448
2025-12-17 12:02:06,697 - INFO -   Max: -0.075544
2025-12-17 12:02:06,697 - INFO -   Avg: -2.937005
2025-12-17 12:02:06,697 - INFO -   Std: 1.240375
2025-12-17 12:02:07,060 - INFO - Generation 120
2025-12-17 12:02:07,060 - INFO -   Best: -7.570448
2025-12-17 12:02:07,061 - INFO -   Min: -7.570448
2025-12-17 12:02:07,061 - INFO -   Max: -0.675975
2025-12-17 12:02:07,061 - INFO -   Avg: -3.167508
2025-12-17 12:02:07,061 - INFO -   Std: 1.378707
2025-12-17 12:02:07,422 - INFO - Generation 130
2025-12-17 12:02:07,422 - INFO -   Best: -7.570448
2025-12-17 12:02:07,423 - INFO -   Min: -7.570448
2025-12-17 12:02:07,423 - INFO -   Max: -0.169505
2025-12-17 12:02:07,423 - INFO -   Avg: -3.109910
2025-12-17 12:02:07,423 - INFO -   Std: 1.325135
2025-12-17 12:02:07,776 - INFO - Generation 140
2025-12-17 12:02:07,777 - INFO -   Best: -7.570448
2025-12-17 12:02:07,777 - INFO -   Min: -7.570448
2025-12-17 12:02:07,777 - INFO -   Max: -1.345545
2025-12-17 12:02:07,777 - INFO -   Avg: -3.799193
2025-12-17 12:02:07,777 - INFO -   Std: 1.316226
2025-12-17 12:02:08,129 - INFO - Generation 150
2025-12-17 12:02:08,129 - INFO -   Best: -7.570448
2025-12-17 12:02:08,129 - INFO -   Min: -7.570448
2025-12-17 12:02:08,129 - INFO -   Max: -0.007969
2025-12-17 12:02:08,129 - INFO -   Avg: -3.109685
2025-12-17 12:02:08,130 - INFO -   Std: 1.330268
2025-12-17 12:02:08,490 - INFO - Generation 160
2025-12-17 12:02:08,490 - INFO -   Best: -7.570448
2025-12-17 12:02:08,491 - INFO -   Min: -7.570448
2025-12-17 12:02:08,491 - INFO -   Max: -0.357737
2025-12-17 12:02:08,491 - INFO -   Avg: -2.670138
2025-12-17 12:02:08,491 - INFO -   Std: 1.382561
2025-12-17 12:02:08,870 - INFO - Generation 170
2025-12-17 12:02:08,870 - INFO -   Best: -7.570448
2025-12-17 12:02:08,870 - INFO -   Min: -7.570448
2025-12-17 12:02:08,870 - INFO -   Max: -0.596931
2025-12-17 12:02:08,870 - INFO -   Avg: -3.320320
2025-12-17 12:02:08,871 - INFO -   Std: 1.436111
2025-12-17 12:02:09,230 - INFO - Generation 180
2025-12-17 12:02:09,231 - INFO -   Best: -7.570448
2025-12-17 12:02:09,231 - INFO -   Min: -7.570448
2025-12-17 12:02:09,231 - INFO -   Max: 0.386340
2025-12-17 12:02:09,231 - INFO -   Avg: -2.979929
2025-12-17 12:02:09,231 - INFO -   Std: 1.254976
2025-12-17 12:02:09,587 - INFO - Generation 190
2025-12-17 12:02:09,588 - INFO -   Best: -7.570448
2025-12-17 12:02:09,588 - INFO -   Min: -7.570448
2025-12-17 12:02:09,588 - INFO -   Max: -0.172730
2025-12-17 12:02:09,588 - INFO -   Avg: -3.073741
2025-12-17 12:02:09,588 - INFO -   Std: 1.240021
2025-12-17 12:02:09,945 - INFO - Generation 200
2025-12-17 12:02:09,945 - INFO -   Best: -7.570448
2025-12-17 12:02:09,945 - INFO -   Min: -7.570448
2025-12-17 12:02:09,945 - INFO -   Max: -0.542398
2025-12-17 12:02:09,946 - INFO -   Avg: -3.361313
2025-12-17 12:02:09,946 - INFO -   Std: 1.246471
2025-12-17 12:02:09,954 - INFO - 
Final best fitness: -7.5704480735
2025-12-17 12:02:09,954 - INFO - Execution time: 7.20s
