2025-12-17 12:14:15,623 - INFO - Representation: Binary
2025-12-17 12:14:15,624 - INFO - Bits per variable: 12
2025-12-17 12:14:15,624 - INFO - Total genes: 240
2025-12-17 12:14:15,624 - INFO - Function: f16_2014
2025-12-17 12:14:15,624 - INFO - Population size: 100
2025-12-17 12:14:15,624 - INFO - Generations: 200
2025-12-17 12:14:15,624 - INFO - Selection: rws
2025-12-17 12:14:15,624 - INFO - Crossover: two_points
2025-12-17 12:14:15,625 - INFO - Mutation: swap
2025-12-17 12:14:15,625 - INFO - 
2025-12-17 12:14:16,441 - INFO - Generation 10
2025-12-17 12:14:16,441 - INFO -   Best: 1608.949238
2025-12-17 12:14:16,441 - INFO -   Min: 1608.949238
2025-12-17 12:14:16,441 - INFO -   Max: 1610.796270
2025-12-17 12:14:16,441 - INFO -   Avg: 1609.945797
2025-12-17 12:14:16,442 - INFO -   Std: 0.296517
2025-12-17 12:14:16,802 - INFO - Generation 20
2025-12-17 12:14:16,802 - INFO -   Best: 1608.639661
2025-12-17 12:14:16,802 - INFO -   Min: 1608.639661
2025-12-17 12:14:16,802 - INFO -   Max: 1610.538075
2025-12-17 12:14:16,802 - INFO -   Avg: 1609.965519
2025-12-17 12:14:16,803 - INFO -   Std: 0.300078
2025-12-17 12:14:17,176 - INFO - Generation 30
2025-12-17 12:14:17,177 - INFO -   Best: 1608.639661
2025-12-17 12:14:17,177 - INFO -   Min: 1608.639661
2025-12-17 12:14:17,177 - INFO -   Max: 1610.473274
2025-12-17 12:14:17,177 - INFO -   Avg: 1609.913113
2025-12-17 12:14:17,177 - INFO -   Std: 0.316330
2025-12-17 12:14:17,558 - INFO - Generation 40
2025-12-17 12:14:17,559 - INFO -   Best: 1608.639661
2025-12-17 12:14:17,559 - INFO -   Min: 1608.639661
2025-12-17 12:14:17,559 - INFO -   Max: 1611.000227
2025-12-17 12:14:17,559 - INFO -   Avg: 1610.065518
2025-12-17 12:14:17,559 - INFO -   Std: 0.341336
2025-12-17 12:14:17,922 - INFO - Generation 50
2025-12-17 12:14:17,922 - INFO -   Best: 1608.639661
2025-12-17 12:14:17,922 - INFO -   Min: 1608.639661
2025-12-17 12:14:17,922 - INFO -   Max: 1610.796410
2025-12-17 12:14:17,923 - INFO -   Avg: 1609.942660
2025-12-17 12:14:17,923 - INFO -   Std: 0.385763
2025-12-17 12:14:18,290 - INFO - Generation 60
2025-12-17 12:14:18,290 - INFO -   Best: 1608.638635
2025-12-17 12:14:18,290 - INFO -   Min: 1608.638635
2025-12-17 12:14:18,290 - INFO -   Max: 1610.708965
2025-12-17 12:14:18,291 - INFO -   Avg: 1609.991451
2025-12-17 12:14:18,291 - INFO -   Std: 0.364832
2025-12-17 12:14:18,659 - INFO - Generation 70
2025-12-17 12:14:18,660 - INFO -   Best: 1608.638635
2025-12-17 12:14:18,660 - INFO -   Min: 1608.638635
2025-12-17 12:14:18,660 - INFO -   Max: 1610.837199
2025-12-17 12:14:18,660 - INFO -   Avg: 1610.019000
2025-12-17 12:14:18,661 - INFO -   Std: 0.292168
2025-12-17 12:14:19,026 - INFO - Generation 80
2025-12-17 12:14:19,027 - INFO -   Best: 1608.638635
2025-12-17 12:14:19,027 - INFO -   Min: 1608.638635
2025-12-17 12:14:19,027 - INFO -   Max: 1610.671920
2025-12-17 12:14:19,027 - INFO -   Avg: 1609.960990
2025-12-17 12:14:19,027 - INFO -   Std: 0.308293
2025-12-17 12:14:19,393 - INFO - Generation 90
2025-12-17 12:14:19,393 - INFO -   Best: 1608.638635
2025-12-17 12:14:19,393 - INFO -   Min: 1608.638635
2025-12-17 12:14:19,393 - INFO -   Max: 1610.472468
2025-12-17 12:14:19,395 - INFO -   Avg: 1609.897587
2025-12-17 12:14:19,395 - INFO -   Std: 0.286835
2025-12-17 12:14:19,767 - INFO - Generation 100
2025-12-17 12:14:19,767 - INFO -   Best: 1608.638635
2025-12-17 12:14:19,768 - INFO -   Min: 1608.638635
2025-12-17 12:14:19,768 - INFO -   Max: 1610.993188
2025-12-17 12:14:19,768 - INFO -   Avg: 1609.964063
2025-12-17 12:14:19,768 - INFO -   Std: 0.392158
2025-12-17 12:14:20,135 - INFO - Generation 110
2025-12-17 12:14:20,135 - INFO -   Best: 1608.638635
2025-12-17 12:14:20,135 - INFO -   Min: 1608.638635
2025-12-17 12:14:20,136 - INFO -   Max: 1610.654125
2025-12-17 12:14:20,136 - INFO -   Avg: 1609.864399
2025-12-17 12:14:20,136 - INFO -   Std: 0.440059
2025-12-17 12:14:20,503 - INFO - Generation 120
2025-12-17 12:14:20,503 - INFO -   Best: 1608.454552
2025-12-17 12:14:20,503 - INFO -   Min: 1608.454552
2025-12-17 12:14:20,504 - INFO -   Max: 1610.707466
2025-12-17 12:14:20,504 - INFO -   Avg: 1609.701436
2025-12-17 12:14:20,504 - INFO -   Std: 0.441184
2025-12-17 12:14:20,868 - INFO - Generation 130
2025-12-17 12:14:20,868 - INFO -   Best: 1608.262871
2025-12-17 12:14:20,868 - INFO -   Min: 1608.262871
2025-12-17 12:14:20,869 - INFO -   Max: 1610.831788
2025-12-17 12:14:20,869 - INFO -   Avg: 1609.865156
2025-12-17 12:14:20,869 - INFO -   Std: 0.470867
2025-12-17 12:14:21,239 - INFO - Generation 140
2025-12-17 12:14:21,239 - INFO -   Best: 1608.262871
2025-12-17 12:14:21,239 - INFO -   Min: 1608.262871
2025-12-17 12:14:21,239 - INFO -   Max: 1611.196098
2025-12-17 12:14:21,239 - INFO -   Avg: 1609.955327
2025-12-17 12:14:21,240 - INFO -   Std: 0.465090
2025-12-17 12:14:21,610 - INFO - Generation 150
2025-12-17 12:14:21,611 - INFO -   Best: 1608.084967
2025-12-17 12:14:21,611 - INFO -   Min: 1608.084967
2025-12-17 12:14:21,611 - INFO -   Max: 1610.963287
2025-12-17 12:14:21,611 - INFO -   Avg: 1609.685325
2025-12-17 12:14:21,611 - INFO -   Std: 0.516399
2025-12-17 12:14:21,994 - INFO - Generation 160
2025-12-17 12:14:21,995 - INFO -   Best: 1607.488258
2025-12-17 12:14:21,995 - INFO -   Min: 1607.488258
2025-12-17 12:14:21,995 - INFO -   Max: 1610.734279
2025-12-17 12:14:21,995 - INFO -   Avg: 1609.314498
2025-12-17 12:14:21,995 - INFO -   Std: 0.622221
2025-12-17 12:14:22,372 - INFO - Generation 170
2025-12-17 12:14:22,372 - INFO -   Best: 1607.488258
2025-12-17 12:14:22,372 - INFO -   Min: 1607.488258
2025-12-17 12:14:22,372 - INFO -   Max: 1611.418106
2025-12-17 12:14:22,373 - INFO -   Avg: 1609.551680
2025-12-17 12:14:22,373 - INFO -   Std: 0.717163
2025-12-17 12:14:22,752 - INFO - Generation 180
2025-12-17 12:14:22,752 - INFO -   Best: 1607.488258
2025-12-17 12:14:22,753 - INFO -   Min: 1607.488258
2025-12-17 12:14:22,753 - INFO -   Max: 1611.470594
2025-12-17 12:14:22,753 - INFO -   Avg: 1609.596671
2025-12-17 12:14:22,753 - INFO -   Std: 0.690967
2025-12-17 12:14:23,133 - INFO - Generation 190
2025-12-17 12:14:23,134 - INFO -   Best: 1607.488258
2025-12-17 12:14:23,134 - INFO -   Min: 1607.488258
2025-12-17 12:14:23,134 - INFO -   Max: 1611.413404
2025-12-17 12:14:23,134 - INFO -   Avg: 1609.710823
2025-12-17 12:14:23,134 - INFO -   Std: 0.759833
2025-12-17 12:14:23,518 - INFO - Generation 200
2025-12-17 12:14:23,518 - INFO -   Best: 1607.267844
2025-12-17 12:14:23,519 - INFO -   Min: 1607.267844
2025-12-17 12:14:23,519 - INFO -   Max: 1610.889409
2025-12-17 12:14:23,519 - INFO -   Avg: 1609.370517
2025-12-17 12:14:23,519 - INFO -   Std: 0.728812
2025-12-17 12:14:23,543 - INFO - 
Final best fitness: 1607.2678438064
2025-12-17 12:14:23,543 - INFO - Execution time: 7.46s
