2025-12-17 12:11:36,805 - INFO - Representation: Binary
2025-12-17 12:11:36,805 - INFO - Bits per variable: 12
2025-12-17 12:11:36,805 - INFO - Total genes: 120
2025-12-17 12:11:36,805 - INFO - Function: f16_2014
2025-12-17 12:11:36,806 - INFO - Population size: 100
2025-12-17 12:11:36,806 - INFO - Generations: 200
2025-12-17 12:11:36,806 - INFO - Selection: rws
2025-12-17 12:11:36,806 - INFO - Crossover: two_points
2025-12-17 12:11:36,806 - INFO - Mutation: swap
2025-12-17 12:11:36,806 - INFO - 
2025-12-17 12:11:37,233 - INFO - Generation 10
2025-12-17 12:11:37,234 - INFO -   Best: 1604.082013
2025-12-17 12:11:37,234 - INFO -   Min: 1604.082013
2025-12-17 12:11:37,234 - INFO -   Max: 1605.800128
2025-12-17 12:11:37,234 - INFO -   Avg: 1605.022729
2025-12-17 12:11:37,235 - INFO -   Std: 0.229377
2025-12-17 12:11:37,440 - INFO - Generation 20
2025-12-17 12:11:37,441 - INFO -   Best: 1604.082013
2025-12-17 12:11:37,441 - INFO -   Min: 1604.082013
2025-12-17 12:11:37,441 - INFO -   Max: 1605.429988
2025-12-17 12:11:37,441 - INFO -   Avg: 1605.026334
2025-12-17 12:11:37,441 - INFO -   Std: 0.199832
2025-12-17 12:11:37,649 - INFO - Generation 30
2025-12-17 12:11:37,649 - INFO -   Best: 1604.082013
2025-12-17 12:11:37,649 - INFO -   Min: 1604.082013
2025-12-17 12:11:37,649 - INFO -   Max: 1605.270597
2025-12-17 12:11:37,650 - INFO -   Avg: 1604.973269
2025-12-17 12:11:37,650 - INFO -   Std: 0.174565
2025-12-17 12:11:37,858 - INFO - Generation 40
2025-12-17 12:11:37,859 - INFO -   Best: 1603.772698
2025-12-17 12:11:37,859 - INFO -   Min: 1603.772698
2025-12-17 12:11:37,859 - INFO -   Max: 1605.439502
2025-12-17 12:11:37,859 - INFO -   Avg: 1604.944422
2025-12-17 12:11:37,859 - INFO -   Std: 0.225927
2025-12-17 12:11:38,065 - INFO - Generation 50
2025-12-17 12:11:38,065 - INFO -   Best: 1603.772698
2025-12-17 12:11:38,066 - INFO -   Min: 1603.772698
2025-12-17 12:11:38,066 - INFO -   Max: 1605.368669
2025-12-17 12:11:38,066 - INFO -   Avg: 1604.969787
2025-12-17 12:11:38,066 - INFO -   Std: 0.196159
2025-12-17 12:11:38,273 - INFO - Generation 60
2025-12-17 12:11:38,274 - INFO -   Best: 1603.772698
2025-12-17 12:11:38,274 - INFO -   Min: 1603.772698
2025-12-17 12:11:38,274 - INFO -   Max: 1605.703827
2025-12-17 12:11:38,274 - INFO -   Avg: 1605.006009
2025-12-17 12:11:38,275 - INFO -   Std: 0.259711
2025-12-17 12:11:38,482 - INFO - Generation 70
2025-12-17 12:11:38,482 - INFO -   Best: 1603.772698
2025-12-17 12:11:38,483 - INFO -   Min: 1603.772698
2025-12-17 12:11:38,483 - INFO -   Max: 1605.477716
2025-12-17 12:11:38,483 - INFO -   Avg: 1604.960661
2025-12-17 12:11:38,483 - INFO -   Std: 0.253183
2025-12-17 12:11:38,688 - INFO - Generation 80
2025-12-17 12:11:38,688 - INFO -   Best: 1603.744988
2025-12-17 12:11:38,688 - INFO -   Min: 1603.744988
2025-12-17 12:11:38,688 - INFO -   Max: 1605.525299
2025-12-17 12:11:38,688 - INFO -   Avg: 1604.951120
2025-12-17 12:11:38,688 - INFO -   Std: 0.272229
2025-12-17 12:11:38,900 - INFO - Generation 90
2025-12-17 12:11:38,900 - INFO -   Best: 1603.744988
2025-12-17 12:11:38,901 - INFO -   Min: 1603.744988
2025-12-17 12:11:38,901 - INFO -   Max: 1605.662795
2025-12-17 12:11:38,901 - INFO -   Avg: 1605.000226
2025-12-17 12:11:38,901 - INFO -   Std: 0.245121
2025-12-17 12:11:39,112 - INFO - Generation 100
2025-12-17 12:11:39,112 - INFO -   Best: 1603.744988
2025-12-17 12:11:39,112 - INFO -   Min: 1603.744988
2025-12-17 12:11:39,112 - INFO -   Max: 1605.508618
2025-12-17 12:11:39,112 - INFO -   Avg: 1604.957913
2025-12-17 12:11:39,112 - INFO -   Std: 0.237818
2025-12-17 12:11:39,323 - INFO - Generation 110
2025-12-17 12:11:39,323 - INFO -   Best: 1603.744988
2025-12-17 12:11:39,323 - INFO -   Min: 1603.744988
2025-12-17 12:11:39,323 - INFO -   Max: 1605.519052
2025-12-17 12:11:39,324 - INFO -   Avg: 1604.977121
2025-12-17 12:11:39,324 - INFO -   Std: 0.223776
2025-12-17 12:11:39,531 - INFO - Generation 120
2025-12-17 12:11:39,531 - INFO -   Best: 1603.744988
2025-12-17 12:11:39,531 - INFO -   Min: 1603.744988
2025-12-17 12:11:39,532 - INFO -   Max: 1605.610559
2025-12-17 12:11:39,532 - INFO -   Avg: 1604.959987
2025-12-17 12:11:39,532 - INFO -   Std: 0.304440
2025-12-17 12:11:39,738 - INFO - Generation 130
2025-12-17 12:11:39,738 - INFO -   Best: 1603.742459
2025-12-17 12:11:39,738 - INFO -   Min: 1603.742459
2025-12-17 12:11:39,738 - INFO -   Max: 1605.671888
2025-12-17 12:11:39,738 - INFO -   Avg: 1604.960165
2025-12-17 12:11:39,739 - INFO -   Std: 0.270858
2025-12-17 12:11:39,950 - INFO - Generation 140
2025-12-17 12:11:39,950 - INFO -   Best: 1603.742459
2025-12-17 12:11:39,951 - INFO -   Min: 1603.742459
2025-12-17 12:11:39,951 - INFO -   Max: 1605.703401
2025-12-17 12:11:39,951 - INFO -   Avg: 1605.028770
2025-12-17 12:11:39,951 - INFO -   Std: 0.295290
2025-12-17 12:11:40,160 - INFO - Generation 150
2025-12-17 12:11:40,160 - INFO -   Best: 1603.727472
2025-12-17 12:11:40,160 - INFO -   Min: 1603.727472
2025-12-17 12:11:40,161 - INFO -   Max: 1605.595798
2025-12-17 12:11:40,161 - INFO -   Avg: 1604.968045
2025-12-17 12:11:40,161 - INFO -   Std: 0.278171
2025-12-17 12:11:40,371 - INFO - Generation 160
2025-12-17 12:11:40,371 - INFO -   Best: 1603.716112
2025-12-17 12:11:40,371 - INFO -   Min: 1603.716112
2025-12-17 12:11:40,372 - INFO -   Max: 1605.873520
2025-12-17 12:11:40,372 - INFO -   Avg: 1604.971745
2025-12-17 12:11:40,372 - INFO -   Std: 0.317295
2025-12-17 12:11:40,585 - INFO - Generation 170
2025-12-17 12:11:40,585 - INFO -   Best: 1603.716112
2025-12-17 12:11:40,586 - INFO -   Min: 1603.716112
2025-12-17 12:11:40,586 - INFO -   Max: 1606.023945
2025-12-17 12:11:40,586 - INFO -   Avg: 1605.021403
2025-12-17 12:11:40,586 - INFO -   Std: 0.377770
2025-12-17 12:11:40,800 - INFO - Generation 180
2025-12-17 12:11:40,801 - INFO -   Best: 1603.716112
2025-12-17 12:11:40,801 - INFO -   Min: 1603.716112
2025-12-17 12:11:40,801 - INFO -   Max: 1605.665138
2025-12-17 12:11:40,802 - INFO -   Avg: 1604.958285
2025-12-17 12:11:40,802 - INFO -   Std: 0.315730
2025-12-17 12:11:41,014 - INFO - Generation 190
2025-12-17 12:11:41,014 - INFO -   Best: 1603.716112
2025-12-17 12:11:41,015 - INFO -   Min: 1603.716112
2025-12-17 12:11:41,015 - INFO -   Max: 1605.800329
2025-12-17 12:11:41,016 - INFO -   Avg: 1604.997488
2025-12-17 12:11:41,016 - INFO -   Std: 0.350175
2025-12-17 12:11:41,232 - INFO - Generation 200
2025-12-17 12:11:41,232 - INFO -   Best: 1603.714258
2025-12-17 12:11:41,232 - INFO -   Min: 1603.714258
2025-12-17 12:11:41,232 - INFO -   Max: 1605.889636
2025-12-17 12:11:41,232 - INFO -   Avg: 1604.980913
2025-12-17 12:11:41,232 - INFO -   Std: 0.319300
2025-12-17 12:11:41,247 - INFO - 
Final best fitness: 1603.7142580618
2025-12-17 12:11:41,247 - INFO - Execution time: 4.22s
