2025-12-17 12:07:50,772 - INFO - Representation: Binary
2025-12-17 12:07:50,772 - INFO - Bits per variable: 12
2025-12-17 12:07:50,772 - INFO - Total genes: 24
2025-12-17 12:07:50,772 - INFO - Function: michalewicz
2025-12-17 12:07:50,772 - INFO - Population size: 100
2025-12-17 12:07:50,773 - INFO - Generations: 200
2025-12-17 12:07:50,773 - INFO - Selection: rws
2025-12-17 12:07:50,773 - INFO - Crossover: two_points
2025-12-17 12:07:50,773 - INFO - Mutation: swap
2025-12-17 12:07:50,773 - INFO - 
2025-12-17 12:07:50,880 - INFO - Generation 10
2025-12-17 12:07:50,880 - INFO -   Best: -1.801235
2025-12-17 12:07:50,880 - INFO -   Min: -1.801235
2025-12-17 12:07:50,881 - INFO -   Max: -0.000000
2025-12-17 12:07:50,881 - INFO -   Avg: -1.390733
2025-12-17 12:07:50,881 - INFO -   Std: 0.582589
2025-12-17 12:07:50,943 - INFO - Generation 20
2025-12-17 12:07:50,943 - INFO -   Best: -1.801235
2025-12-17 12:07:50,943 - INFO -   Min: -1.801235
2025-12-17 12:07:50,944 - INFO -   Max: -0.000000
2025-12-17 12:07:50,944 - INFO -   Avg: -1.306328
2025-12-17 12:07:50,944 - INFO -   Std: 0.601858
2025-12-17 12:07:51,006 - INFO - Generation 30
2025-12-17 12:07:51,006 - INFO -   Best: -1.801294
2025-12-17 12:07:51,006 - INFO -   Min: -1.801294
2025-12-17 12:07:51,006 - INFO -   Max: -0.000000
2025-12-17 12:07:51,007 - INFO -   Avg: -1.291882
2025-12-17 12:07:51,007 - INFO -   Std: 0.647410
2025-12-17 12:07:51,068 - INFO - Generation 40
2025-12-17 12:07:51,068 - INFO -   Best: -1.801294
2025-12-17 12:07:51,068 - INFO -   Min: -1.801294
2025-12-17 12:07:51,069 - INFO -   Max: -0.000000
2025-12-17 12:07:51,069 - INFO -   Avg: -1.222425
2025-12-17 12:07:51,069 - INFO -   Std: 0.641686
2025-12-17 12:07:51,130 - INFO - Generation 50
2025-12-17 12:07:51,130 - INFO -   Best: -1.801294
2025-12-17 12:07:51,130 - INFO -   Min: -1.801294
2025-12-17 12:07:51,131 - INFO -   Max: -0.000000
2025-12-17 12:07:51,131 - INFO -   Avg: -1.309595
2025-12-17 12:07:51,131 - INFO -   Std: 0.637081
2025-12-17 12:07:51,193 - INFO - Generation 60
2025-12-17 12:07:51,193 - INFO -   Best: -1.801294
2025-12-17 12:07:51,193 - INFO -   Min: -1.801294
2025-12-17 12:07:51,194 - INFO -   Max: -0.000000
2025-12-17 12:07:51,194 - INFO -   Avg: -1.335440
2025-12-17 12:07:51,194 - INFO -   Std: 0.614296
2025-12-17 12:07:51,257 - INFO - Generation 70
2025-12-17 12:07:51,257 - INFO -   Best: -1.801294
2025-12-17 12:07:51,257 - INFO -   Min: -1.801294
2025-12-17 12:07:51,257 - INFO -   Max: -0.000000
2025-12-17 12:07:51,258 - INFO -   Avg: -1.353691
2025-12-17 12:07:51,258 - INFO -   Std: 0.545417
2025-12-17 12:07:51,321 - INFO - Generation 80
2025-12-17 12:07:51,321 - INFO -   Best: -1.801294
2025-12-17 12:07:51,321 - INFO -   Min: -1.801294
2025-12-17 12:07:51,321 - INFO -   Max: -0.000000
2025-12-17 12:07:51,321 - INFO -   Avg: -1.491756
2025-12-17 12:07:51,322 - INFO -   Std: 0.524837
2025-12-17 12:07:51,384 - INFO - Generation 90
2025-12-17 12:07:51,385 - INFO -   Best: -1.801294
2025-12-17 12:07:51,385 - INFO -   Min: -1.801294
2025-12-17 12:07:51,385 - INFO -   Max: -0.000000
2025-12-17 12:07:51,385 - INFO -   Avg: -1.387341
2025-12-17 12:07:51,385 - INFO -   Std: 0.520856
2025-12-17 12:07:51,450 - INFO - Generation 100
2025-12-17 12:07:51,450 - INFO -   Best: -1.801294
2025-12-17 12:07:51,450 - INFO -   Min: -1.801294
2025-12-17 12:07:51,450 - INFO -   Max: -0.000000
2025-12-17 12:07:51,450 - INFO -   Avg: -1.203984
2025-12-17 12:07:51,451 - INFO -   Std: 0.696868
2025-12-17 12:07:51,515 - INFO - Generation 110
2025-12-17 12:07:51,515 - INFO -   Best: -1.801294
2025-12-17 12:07:51,515 - INFO -   Min: -1.801294
2025-12-17 12:07:51,516 - INFO -   Max: -0.000000
2025-12-17 12:07:51,516 - INFO -   Avg: -1.318659
2025-12-17 12:07:51,516 - INFO -   Std: 0.610200
2025-12-17 12:07:51,578 - INFO - Generation 120
2025-12-17 12:07:51,579 - INFO -   Best: -1.801294
2025-12-17 12:07:51,579 - INFO -   Min: -1.801294
2025-12-17 12:07:51,579 - INFO -   Max: -0.000000
2025-12-17 12:07:51,579 - INFO -   Avg: -1.340988
2025-12-17 12:07:51,579 - INFO -   Std: 0.584007
2025-12-17 12:07:51,643 - INFO - Generation 130
2025-12-17 12:07:51,643 - INFO -   Best: -1.801294
2025-12-17 12:07:51,643 - INFO -   Min: -1.801294
2025-12-17 12:07:51,643 - INFO -   Max: -0.000000
2025-12-17 12:07:51,643 - INFO -   Avg: -1.457022
2025-12-17 12:07:51,644 - INFO -   Std: 0.473718
2025-12-17 12:07:51,707 - INFO - Generation 140
2025-12-17 12:07:51,707 - INFO -   Best: -1.801294
2025-12-17 12:07:51,707 - INFO -   Min: -1.801294
2025-12-17 12:07:51,707 - INFO -   Max: -0.000000
2025-12-17 12:07:51,707 - INFO -   Avg: -1.286291
2025-12-17 12:07:51,708 - INFO -   Std: 0.668184
2025-12-17 12:07:51,771 - INFO - Generation 150
2025-12-17 12:07:51,771 - INFO -   Best: -1.801294
2025-12-17 12:07:51,771 - INFO -   Min: -1.801294
2025-12-17 12:07:51,771 - INFO -   Max: -0.000000
2025-12-17 12:07:51,772 - INFO -   Avg: -1.377109
2025-12-17 12:07:51,772 - INFO -   Std: 0.541546
2025-12-17 12:07:51,835 - INFO - Generation 160
2025-12-17 12:07:51,835 - INFO -   Best: -1.801294
2025-12-17 12:07:51,835 - INFO -   Min: -1.801294
2025-12-17 12:07:51,835 - INFO -   Max: -0.000000
2025-12-17 12:07:51,836 - INFO -   Avg: -1.378589
2025-12-17 12:07:51,836 - INFO -   Std: 0.607113
2025-12-17 12:07:51,899 - INFO - Generation 170
2025-12-17 12:07:51,899 - INFO -   Best: -1.801294
2025-12-17 12:07:51,899 - INFO -   Min: -1.801294
2025-12-17 12:07:51,899 - INFO -   Max: -0.000000
2025-12-17 12:07:51,900 - INFO -   Avg: -1.402407
2025-12-17 12:07:51,900 - INFO -   Std: 0.494146
2025-12-17 12:07:51,961 - INFO - Generation 180
2025-12-17 12:07:51,961 - INFO -   Best: -1.801294
2025-12-17 12:07:51,962 - INFO -   Min: -1.801294
2025-12-17 12:07:51,962 - INFO -   Max: -0.000000
2025-12-17 12:07:51,962 - INFO -   Avg: -1.378300
2025-12-17 12:07:51,962 - INFO -   Std: 0.618912
2025-12-17 12:07:52,025 - INFO - Generation 190
2025-12-17 12:07:52,025 - INFO -   Best: -1.801294
2025-12-17 12:07:52,025 - INFO -   Min: -1.801294
2025-12-17 12:07:52,025 - INFO -   Max: -0.000000
2025-12-17 12:07:52,025 - INFO -   Avg: -1.323335
2025-12-17 12:07:52,026 - INFO -   Std: 0.545908
2025-12-17 12:07:52,088 - INFO - Generation 200
2025-12-17 12:07:52,088 - INFO -   Best: -1.801294
2025-12-17 12:07:52,089 - INFO -   Min: -1.801294
2025-12-17 12:07:52,089 - INFO -   Max: -0.000000
2025-12-17 12:07:52,089 - INFO -   Avg: -1.285559
2025-12-17 12:07:52,089 - INFO -   Std: 0.585961
2025-12-17 12:07:52,094 - INFO - 
Final best fitness: -1.8012347622
2025-12-17 12:07:52,094 - INFO - Execution time: 1.27s
