2025-12-17 12:22:30,274 - INFO - Representation: Real
2025-12-17 12:22:30,274 - INFO - Number of genes: 10
2025-12-17 12:22:30,274 - INFO - Bounds: [-100, 100]
2025-12-17 12:22:30,275 - INFO - Function: f16_2014
2025-12-17 12:22:30,275 - INFO - Population size: 100
2025-12-17 12:22:30,275 - INFO - Generations: 200
2025-12-17 12:22:30,275 - INFO - Selection: rws
2025-12-17 12:22:30,275 - INFO - Crossover: two_points
2025-12-17 12:22:30,275 - INFO - Mutation: swap
2025-12-17 12:22:30,276 - INFO - 
2025-12-17 12:22:30,451 - INFO - Generation 10
2025-12-17 12:22:30,452 - INFO -   Best: 1604.292859
2025-12-17 12:22:30,452 - INFO -   Min: 1604.292859
2025-12-17 12:22:30,452 - INFO -   Max: 1605.757440
2025-12-17 12:22:30,452 - INFO -   Avg: 1605.000546
2025-12-17 12:22:30,452 - INFO -   Std: 0.191277
2025-12-17 12:22:30,605 - INFO - Generation 20
2025-12-17 12:22:30,605 - INFO -   Best: 1604.231055
2025-12-17 12:22:30,605 - INFO -   Min: 1604.231055
2025-12-17 12:22:30,605 - INFO -   Max: 1605.448109
2025-12-17 12:22:30,606 - INFO -   Avg: 1604.963233
2025-12-17 12:22:30,606 - INFO -   Std: 0.188247
2025-12-17 12:22:30,759 - INFO - Generation 30
2025-12-17 12:22:30,759 - INFO -   Best: 1604.231055
2025-12-17 12:22:30,759 - INFO -   Min: 1604.231055
2025-12-17 12:22:30,759 - INFO -   Max: 1605.419983
2025-12-17 12:22:30,759 - INFO -   Avg: 1604.976575
2025-12-17 12:22:30,760 - INFO -   Std: 0.175297
2025-12-17 12:22:30,911 - INFO - Generation 40
2025-12-17 12:22:30,911 - INFO -   Best: 1604.063331
2025-12-17 12:22:30,911 - INFO -   Min: 1604.063331
2025-12-17 12:22:30,911 - INFO -   Max: 1605.506213
2025-12-17 12:22:30,911 - INFO -   Avg: 1604.971601
2025-12-17 12:22:30,912 - INFO -   Std: 0.192365
2025-12-17 12:22:31,065 - INFO - Generation 50
2025-12-17 12:22:31,065 - INFO -   Best: 1603.473498
2025-12-17 12:22:31,065 - INFO -   Min: 1603.473498
2025-12-17 12:22:31,066 - INFO -   Max: 1605.343727
2025-12-17 12:22:31,066 - INFO -   Avg: 1604.934850
2025-12-17 12:22:31,066 - INFO -   Std: 0.247723
2025-12-17 12:22:31,216 - INFO - Generation 60
2025-12-17 12:22:31,216 - INFO -   Best: 1603.473498
2025-12-17 12:22:31,216 - INFO -   Min: 1603.473498
2025-12-17 12:22:31,216 - INFO -   Max: 1605.495343
2025-12-17 12:22:31,216 - INFO -   Avg: 1604.997071
2025-12-17 12:22:31,216 - INFO -   Std: 0.243535
2025-12-17 12:22:31,364 - INFO - Generation 70
2025-12-17 12:22:31,364 - INFO -   Best: 1603.473498
2025-12-17 12:22:31,364 - INFO -   Min: 1603.473498
2025-12-17 12:22:31,364 - INFO -   Max: 1605.405072
2025-12-17 12:22:31,365 - INFO -   Avg: 1604.956950
2025-12-17 12:22:31,365 - INFO -   Std: 0.285951
2025-12-17 12:22:31,513 - INFO - Generation 80
2025-12-17 12:22:31,513 - INFO -   Best: 1603.473498
2025-12-17 12:22:31,513 - INFO -   Min: 1603.473498
2025-12-17 12:22:31,513 - INFO -   Max: 1605.286719
2025-12-17 12:22:31,513 - INFO -   Avg: 1604.932920
2025-12-17 12:22:31,514 - INFO -   Std: 0.254089
2025-12-17 12:22:31,651 - INFO - Generation 90
2025-12-17 12:22:31,652 - INFO -   Best: 1603.473498
2025-12-17 12:22:31,652 - INFO -   Min: 1603.473498
2025-12-17 12:22:31,652 - INFO -   Max: 1605.405072
2025-12-17 12:22:31,652 - INFO -   Avg: 1604.938909
2025-12-17 12:22:31,652 - INFO -   Std: 0.288733
2025-12-17 12:22:31,773 - INFO - Generation 100
2025-12-17 12:22:31,774 - INFO -   Best: 1603.473498
2025-12-17 12:22:31,774 - INFO -   Min: 1603.473498
2025-12-17 12:22:31,774 - INFO -   Max: 1605.533100
2025-12-17 12:22:31,774 - INFO -   Avg: 1604.916493
2025-12-17 12:22:31,774 - INFO -   Std: 0.301739
2025-12-17 12:22:31,902 - INFO - Generation 110
2025-12-17 12:22:31,902 - INFO -   Best: 1603.473498
2025-12-17 12:22:31,902 - INFO -   Min: 1603.473498
2025-12-17 12:22:31,902 - INFO -   Max: 1605.546116
2025-12-17 12:22:31,903 - INFO -   Avg: 1604.754992
2025-12-17 12:22:31,903 - INFO -   Std: 0.299331
2025-12-17 12:22:32,029 - INFO - Generation 120
2025-12-17 12:22:32,030 - INFO -   Best: 1603.473498
2025-12-17 12:22:32,030 - INFO -   Min: 1603.473498
2025-12-17 12:22:32,030 - INFO -   Max: 1605.305591
2025-12-17 12:22:32,030 - INFO -   Avg: 1604.656311
2025-12-17 12:22:32,030 - INFO -   Std: 0.388062
2025-12-17 12:22:32,162 - INFO - Generation 130
2025-12-17 12:22:32,163 - INFO -   Best: 1603.473498
2025-12-17 12:22:32,163 - INFO -   Min: 1603.473498
2025-12-17 12:22:32,163 - INFO -   Max: 1605.569240
2025-12-17 12:22:32,163 - INFO -   Avg: 1604.711537
2025-12-17 12:22:32,163 - INFO -   Std: 0.383191
2025-12-17 12:22:32,259 - INFO - Generation 140
2025-12-17 12:22:32,260 - INFO -   Best: 1603.473498
2025-12-17 12:22:32,260 - INFO -   Min: 1603.473498
2025-12-17 12:22:32,260 - INFO -   Max: 1605.305591
2025-12-17 12:22:32,260 - INFO -   Avg: 1604.541345
2025-12-17 12:22:32,260 - INFO -   Std: 0.297260
2025-12-17 12:22:32,347 - INFO - Generation 150
2025-12-17 12:22:32,347 - INFO -   Best: 1603.473498
2025-12-17 12:22:32,347 - INFO -   Min: 1603.473498
2025-12-17 12:22:32,347 - INFO -   Max: 1605.029522
2025-12-17 12:22:32,347 - INFO -   Avg: 1604.485552
2025-12-17 12:22:32,347 - INFO -   Std: 0.315584
2025-12-17 12:22:32,420 - INFO - Generation 160
2025-12-17 12:22:32,420 - INFO -   Best: 1603.473498
2025-12-17 12:22:32,420 - INFO -   Min: 1603.473498
2025-12-17 12:22:32,420 - INFO -   Max: 1605.034711
2025-12-17 12:22:32,421 - INFO -   Avg: 1604.506115
2025-12-17 12:22:32,421 - INFO -   Std: 0.228659
2025-12-17 12:22:32,487 - INFO - Generation 170
2025-12-17 12:22:32,487 - INFO -   Best: 1603.473498
2025-12-17 12:22:32,487 - INFO -   Min: 1603.473498
2025-12-17 12:22:32,487 - INFO -   Max: 1604.820640
2025-12-17 12:22:32,488 - INFO -   Avg: 1604.490610
2025-12-17 12:22:32,488 - INFO -   Std: 0.217650
2025-12-17 12:22:32,560 - INFO - Generation 180
2025-12-17 12:22:32,561 - INFO -   Best: 1603.473498
2025-12-17 12:22:32,561 - INFO -   Min: 1603.473498
2025-12-17 12:22:32,561 - INFO -   Max: 1605.305591
2025-12-17 12:22:32,561 - INFO -   Avg: 1604.505148
2025-12-17 12:22:32,561 - INFO -   Std: 0.301336
2025-12-17 12:22:32,620 - INFO - Generation 190
2025-12-17 12:22:32,620 - INFO -   Best: 1603.473498
2025-12-17 12:22:32,620 - INFO -   Min: 1603.473498
2025-12-17 12:22:32,621 - INFO -   Max: 1605.084430
2025-12-17 12:22:32,621 - INFO -   Avg: 1604.465146
2025-12-17 12:22:32,621 - INFO -   Std: 0.244831
2025-12-17 12:22:32,684 - INFO - Generation 200
2025-12-17 12:22:32,684 - INFO -   Best: 1603.473498
2025-12-17 12:22:32,684 - INFO -   Min: 1603.473498
2025-12-17 12:22:32,684 - INFO -   Max: 1605.084430
2025-12-17 12:22:32,684 - INFO -   Avg: 1604.475474
2025-12-17 12:22:32,685 - INFO -   Std: 0.261236
2025-12-17 12:22:32,690 - INFO - 
Final best fitness: 1603.4734976373
2025-12-17 12:22:32,690 - INFO - Execution time: 2.40s
