2025-12-17 12:24:10,224 - INFO - Representation: Real
2025-12-17 12:24:10,225 - INFO - Number of genes: 2
2025-12-17 12:24:10,225 - INFO - Bounds: [0, 3.141592653589793]
2025-12-17 12:24:10,225 - INFO - Function: michalewicz
2025-12-17 12:24:10,225 - INFO - Population size: 100
2025-12-17 12:24:10,225 - INFO - Generations: 200
2025-12-17 12:24:10,226 - INFO - Selection: rws
2025-12-17 12:24:10,226 - INFO - Crossover: two_points
2025-12-17 12:24:10,226 - INFO - Mutation: swap
2025-12-17 12:24:10,226 - INFO - 
2025-12-17 12:24:10,272 - INFO - Generation 10
2025-12-17 12:24:10,272 - INFO -   Best: -1.290173
2025-12-17 12:24:10,273 - INFO -   Min: -1.290173
2025-12-17 12:24:10,273 - INFO -   Max: -0.003835
2025-12-17 12:24:10,273 - INFO -   Avg: -0.887708
2025-12-17 12:24:10,273 - INFO -   Std: 0.185421
2025-12-17 12:24:10,315 - INFO - Generation 20
2025-12-17 12:24:10,315 - INFO -   Best: -1.290173
2025-12-17 12:24:10,315 - INFO -   Min: -1.290173
2025-12-17 12:24:10,316 - INFO -   Max: -0.003835
2025-12-17 12:24:10,316 - INFO -   Avg: -0.888123
2025-12-17 12:24:10,316 - INFO -   Std: 0.189466
2025-12-17 12:24:10,362 - INFO - Generation 30
2025-12-17 12:24:10,362 - INFO -   Best: -1.290173
2025-12-17 12:24:10,362 - INFO -   Min: -1.290173
2025-12-17 12:24:10,363 - INFO -   Max: -0.003835
2025-12-17 12:24:10,363 - INFO -   Avg: -0.893934
2025-12-17 12:24:10,363 - INFO -   Std: 0.244482
2025-12-17 12:24:10,406 - INFO - Generation 40
2025-12-17 12:24:10,406 - INFO -   Best: -1.290173
2025-12-17 12:24:10,406 - INFO -   Min: -1.290173
2025-12-17 12:24:10,407 - INFO -   Max: -0.004069
2025-12-17 12:24:10,407 - INFO -   Avg: -0.923195
2025-12-17 12:24:10,407 - INFO -   Std: 0.138856
2025-12-17 12:24:10,449 - INFO - Generation 50
2025-12-17 12:24:10,449 - INFO -   Best: -1.290173
2025-12-17 12:24:10,450 - INFO -   Min: -1.290173
2025-12-17 12:24:10,450 - INFO -   Max: -0.004069
2025-12-17 12:24:10,450 - INFO -   Avg: -0.920911
2025-12-17 12:24:10,450 - INFO -   Std: 0.165322
2025-12-17 12:24:10,493 - INFO - Generation 60
2025-12-17 12:24:10,493 - INFO -   Best: -1.290173
2025-12-17 12:24:10,494 - INFO -   Min: -1.290173
2025-12-17 12:24:10,494 - INFO -   Max: -0.003835
2025-12-17 12:24:10,494 - INFO -   Avg: -0.911506
2025-12-17 12:24:10,494 - INFO -   Std: 0.243781
2025-12-17 12:24:10,537 - INFO - Generation 70
2025-12-17 12:24:10,538 - INFO -   Best: -1.290173
2025-12-17 12:24:10,538 - INFO -   Min: -1.290173
2025-12-17 12:24:10,538 - INFO -   Max: -0.004069
2025-12-17 12:24:10,538 - INFO -   Avg: -0.957996
2025-12-17 12:24:10,539 - INFO -   Std: 0.200911
2025-12-17 12:24:10,582 - INFO - Generation 80
2025-12-17 12:24:10,582 - INFO -   Best: -1.290173
2025-12-17 12:24:10,582 - INFO -   Min: -1.290173
2025-12-17 12:24:10,582 - INFO -   Max: -0.805822
2025-12-17 12:24:10,582 - INFO -   Avg: -0.991936
2025-12-17 12:24:10,582 - INFO -   Std: 0.059339
2025-12-17 12:24:10,627 - INFO - Generation 90
2025-12-17 12:24:10,627 - INFO -   Best: -1.290173
2025-12-17 12:24:10,628 - INFO -   Min: -1.290173
2025-12-17 12:24:10,628 - INFO -   Max: -0.004069
2025-12-17 12:24:10,628 - INFO -   Avg: -0.989633
2025-12-17 12:24:10,628 - INFO -   Std: 0.109048
2025-12-17 12:24:10,675 - INFO - Generation 100
2025-12-17 12:24:10,675 - INFO -   Best: -1.290173
2025-12-17 12:24:10,675 - INFO -   Min: -1.290173
2025-12-17 12:24:10,675 - INFO -   Max: -0.004069
2025-12-17 12:24:10,675 - INFO -   Avg: -0.957394
2025-12-17 12:24:10,675 - INFO -   Std: 0.128754
2025-12-17 12:24:10,718 - INFO - Generation 110
2025-12-17 12:24:10,718 - INFO -   Best: -1.290173
2025-12-17 12:24:10,719 - INFO -   Min: -1.290173
2025-12-17 12:24:10,719 - INFO -   Max: -0.003835
2025-12-17 12:24:10,719 - INFO -   Avg: -0.958384
2025-12-17 12:24:10,719 - INFO -   Std: 0.179925
2025-12-17 12:24:10,763 - INFO - Generation 120
2025-12-17 12:24:10,763 - INFO -   Best: -1.290173
2025-12-17 12:24:10,763 - INFO -   Min: -1.290173
2025-12-17 12:24:10,763 - INFO -   Max: -0.004069
2025-12-17 12:24:10,764 - INFO -   Avg: -0.964581
2025-12-17 12:24:10,764 - INFO -   Std: 0.153857
2025-12-17 12:24:10,808 - INFO - Generation 130
2025-12-17 12:24:10,808 - INFO -   Best: -1.290173
2025-12-17 12:24:10,808 - INFO -   Min: -1.290173
2025-12-17 12:24:10,808 - INFO -   Max: -0.004069
2025-12-17 12:24:10,809 - INFO -   Avg: -0.932727
2025-12-17 12:24:10,809 - INFO -   Std: 0.136980
2025-12-17 12:24:10,852 - INFO - Generation 140
2025-12-17 12:24:10,852 - INFO -   Best: -1.290173
2025-12-17 12:24:10,853 - INFO -   Min: -1.290173
2025-12-17 12:24:10,853 - INFO -   Max: -0.003835
2025-12-17 12:24:10,853 - INFO -   Avg: -0.961806
2025-12-17 12:24:10,853 - INFO -   Std: 0.199808
2025-12-17 12:24:10,899 - INFO - Generation 150
2025-12-17 12:24:10,899 - INFO -   Best: -1.290173
2025-12-17 12:24:10,899 - INFO -   Min: -1.290173
2025-12-17 12:24:10,899 - INFO -   Max: -0.003835
2025-12-17 12:24:10,900 - INFO -   Avg: -0.946573
2025-12-17 12:24:10,900 - INFO -   Std: 0.203822
2025-12-17 12:24:10,943 - INFO - Generation 160
2025-12-17 12:24:10,943 - INFO -   Best: -1.290173
2025-12-17 12:24:10,944 - INFO -   Min: -1.290173
2025-12-17 12:24:10,944 - INFO -   Max: -0.004069
2025-12-17 12:24:10,944 - INFO -   Avg: -0.987764
2025-12-17 12:24:10,944 - INFO -   Std: 0.110566
2025-12-17 12:24:10,988 - INFO - Generation 170
2025-12-17 12:24:10,989 - INFO -   Best: -1.290173
2025-12-17 12:24:10,989 - INFO -   Min: -1.290173
2025-12-17 12:24:10,989 - INFO -   Max: -0.003835
2025-12-17 12:24:10,989 - INFO -   Avg: -0.922071
2025-12-17 12:24:10,989 - INFO -   Std: 0.273858
2025-12-17 12:24:11,032 - INFO - Generation 180
2025-12-17 12:24:11,033 - INFO -   Best: -1.290173
2025-12-17 12:24:11,033 - INFO -   Min: -1.290173
2025-12-17 12:24:11,033 - INFO -   Max: -0.003835
2025-12-17 12:24:11,033 - INFO -   Avg: -0.845906
2025-12-17 12:24:11,033 - INFO -   Std: 0.334991
2025-12-17 12:24:11,076 - INFO - Generation 190
2025-12-17 12:24:11,076 - INFO -   Best: -1.290173
2025-12-17 12:24:11,076 - INFO -   Min: -1.290173
2025-12-17 12:24:11,076 - INFO -   Max: -0.003835
2025-12-17 12:24:11,076 - INFO -   Avg: -0.896830
2025-12-17 12:24:11,077 - INFO -   Std: 0.227102
2025-12-17 12:24:11,119 - INFO - Generation 200
2025-12-17 12:24:11,119 - INFO -   Best: -1.290173
2025-12-17 12:24:11,120 - INFO -   Min: -1.290173
2025-12-17 12:24:11,120 - INFO -   Max: -0.003835
2025-12-17 12:24:11,120 - INFO -   Avg: -0.907764
2025-12-17 12:24:11,120 - INFO -   Std: 0.243911
2025-12-17 12:24:11,123 - INFO - 
Final best fitness: -1.2901727531
2025-12-17 12:24:11,123 - INFO - Execution time: 0.89s
