2025-12-17 11:43:59,202 - INFO - Representation: Real
2025-12-17 11:43:59,202 - INFO - Number of genes: 20
2025-12-17 11:43:59,202 - INFO - Bounds: [-100, 100]
2025-12-17 11:43:59,203 - INFO - Function: f16_2014
2025-12-17 11:43:59,203 - INFO - Population size: 100
2025-12-17 11:43:59,203 - INFO - Generations: 200
2025-12-17 11:43:59,203 - INFO - Selection: tournament
2025-12-17 11:43:59,203 - INFO - Crossover: single_point
2025-12-17 11:43:59,204 - INFO - Mutation: random
2025-12-17 11:43:59,204 - INFO - 
2025-12-17 11:43:59,527 - INFO - Generation 10
2025-12-17 11:43:59,527 - INFO -   Best: 1608.421965
2025-12-17 11:43:59,527 - INFO -   Min: 1608.421965
2025-12-17 11:43:59,527 - INFO -   Max: 1610.712127
2025-12-17 11:43:59,528 - INFO -   Avg: 1609.810180
2025-12-17 11:43:59,528 - INFO -   Std: 0.361994
2025-12-17 11:43:59,811 - INFO - Generation 20
2025-12-17 11:43:59,811 - INFO -   Best: 1608.020523
2025-12-17 11:43:59,811 - INFO -   Min: 1608.020523
2025-12-17 11:43:59,811 - INFO -   Max: 1610.435947
2025-12-17 11:43:59,812 - INFO -   Avg: 1609.369772
2025-12-17 11:43:59,812 - INFO -   Std: 0.520222
2025-12-17 11:44:00,093 - INFO - Generation 30
2025-12-17 11:44:00,094 - INFO -   Best: 1607.377833
2025-12-17 11:44:00,094 - INFO -   Min: 1607.377833
2025-12-17 11:44:00,094 - INFO -   Max: 1610.533378
2025-12-17 11:44:00,094 - INFO -   Avg: 1609.225487
2025-12-17 11:44:00,094 - INFO -   Std: 0.677635
2025-12-17 11:44:00,371 - INFO - Generation 40
2025-12-17 11:44:00,371 - INFO -   Best: 1607.052835
2025-12-17 11:44:00,371 - INFO -   Min: 1607.052835
2025-12-17 11:44:00,372 - INFO -   Max: 1610.427619
2025-12-17 11:44:00,372 - INFO -   Avg: 1609.009463
2025-12-17 11:44:00,372 - INFO -   Std: 0.706610
2025-12-17 11:44:00,650 - INFO - Generation 50
2025-12-17 11:44:00,650 - INFO -   Best: 1606.567234
2025-12-17 11:44:00,650 - INFO -   Min: 1606.567234
2025-12-17 11:44:00,651 - INFO -   Max: 1610.679705
2025-12-17 11:44:00,651 - INFO -   Avg: 1608.707129
2025-12-17 11:44:00,651 - INFO -   Std: 0.825141
2025-12-17 11:44:00,924 - INFO - Generation 60
2025-12-17 11:44:00,925 - INFO -   Best: 1606.075539
2025-12-17 11:44:00,925 - INFO -   Min: 1606.075539
2025-12-17 11:44:00,925 - INFO -   Max: 1610.294978
2025-12-17 11:44:00,925 - INFO -   Avg: 1608.640096
2025-12-17 11:44:00,925 - INFO -   Std: 0.875537
2025-12-17 11:44:01,199 - INFO - Generation 70
2025-12-17 11:44:01,199 - INFO -   Best: 1606.022751
2025-12-17 11:44:01,199 - INFO -   Min: 1606.022751
2025-12-17 11:44:01,199 - INFO -   Max: 1610.116800
2025-12-17 11:44:01,199 - INFO -   Avg: 1608.301149
2025-12-17 11:44:01,200 - INFO -   Std: 0.995991
2025-12-17 11:44:01,473 - INFO - Generation 80
2025-12-17 11:44:01,474 - INFO -   Best: 1605.992429
2025-12-17 11:44:01,474 - INFO -   Min: 1605.992429
2025-12-17 11:44:01,474 - INFO -   Max: 1610.639220
2025-12-17 11:44:01,474 - INFO -   Avg: 1608.462775
2025-12-17 11:44:01,474 - INFO -   Std: 0.996456
2025-12-17 11:44:01,743 - INFO - Generation 90
2025-12-17 11:44:01,743 - INFO -   Best: 1605.990139
2025-12-17 11:44:01,744 - INFO -   Min: 1605.990139
2025-12-17 11:44:01,744 - INFO -   Max: 1610.688655
2025-12-17 11:44:01,744 - INFO -   Avg: 1608.424653
2025-12-17 11:44:01,744 - INFO -   Std: 1.002034
2025-12-17 11:44:02,021 - INFO - Generation 100
2025-12-17 11:44:02,021 - INFO -   Best: 1605.942232
2025-12-17 11:44:02,022 - INFO -   Min: 1605.942232
2025-12-17 11:44:02,022 - INFO -   Max: 1610.607307
2025-12-17 11:44:02,022 - INFO -   Avg: 1608.507896
2025-12-17 11:44:02,022 - INFO -   Std: 0.984589
2025-12-17 11:44:02,300 - INFO - Generation 110
2025-12-17 11:44:02,301 - INFO -   Best: 1605.942232
2025-12-17 11:44:02,301 - INFO -   Min: 1605.942232
2025-12-17 11:44:02,302 - INFO -   Max: 1610.470373
2025-12-17 11:44:02,302 - INFO -   Avg: 1608.835816
2025-12-17 11:44:02,302 - INFO -   Std: 0.994255
2025-12-17 11:44:02,575 - INFO - Generation 120
2025-12-17 11:44:02,575 - INFO -   Best: 1605.907414
2025-12-17 11:44:02,576 - INFO -   Min: 1605.907414
2025-12-17 11:44:02,576 - INFO -   Max: 1611.012814
2025-12-17 11:44:02,576 - INFO -   Avg: 1608.557899
2025-12-17 11:44:02,576 - INFO -   Std: 0.974927
2025-12-17 11:44:02,847 - INFO - Generation 130
2025-12-17 11:44:02,847 - INFO -   Best: 1605.771376
2025-12-17 11:44:02,847 - INFO -   Min: 1605.771376
2025-12-17 11:44:02,848 - INFO -   Max: 1610.333264
2025-12-17 11:44:02,848 - INFO -   Avg: 1608.432835
2025-12-17 11:44:02,848 - INFO -   Std: 1.035033
2025-12-17 11:44:03,118 - INFO - Generation 140
2025-12-17 11:44:03,119 - INFO -   Best: 1605.616509
2025-12-17 11:44:03,119 - INFO -   Min: 1605.616509
2025-12-17 11:44:03,119 - INFO -   Max: 1610.407160
2025-12-17 11:44:03,119 - INFO -   Avg: 1608.458351
2025-12-17 11:44:03,119 - INFO -   Std: 1.135824
2025-12-17 11:44:03,393 - INFO - Generation 150
2025-12-17 11:44:03,393 - INFO -   Best: 1605.610814
2025-12-17 11:44:03,393 - INFO -   Min: 1605.610814
2025-12-17 11:44:03,393 - INFO -   Max: 1610.053368
2025-12-17 11:44:03,394 - INFO -   Avg: 1607.865514
2025-12-17 11:44:03,394 - INFO -   Std: 1.105931
2025-12-17 11:44:03,670 - INFO - Generation 160
2025-12-17 11:44:03,670 - INFO -   Best: 1605.609387
2025-12-17 11:44:03,670 - INFO -   Min: 1605.609387
2025-12-17 11:44:03,670 - INFO -   Max: 1610.628361
2025-12-17 11:44:03,671 - INFO -   Avg: 1608.371116
2025-12-17 11:44:03,671 - INFO -   Std: 1.242583
2025-12-17 11:44:03,945 - INFO - Generation 170
2025-12-17 11:44:03,945 - INFO -   Best: 1605.609387
2025-12-17 11:44:03,945 - INFO -   Min: 1605.609387
2025-12-17 11:44:03,946 - INFO -   Max: 1610.190240
2025-12-17 11:44:03,946 - INFO -   Avg: 1608.514787
2025-12-17 11:44:03,946 - INFO -   Std: 0.930084
2025-12-17 11:44:04,218 - INFO - Generation 180
2025-12-17 11:44:04,219 - INFO -   Best: 1605.342275
2025-12-17 11:44:04,219 - INFO -   Min: 1605.342275
2025-12-17 11:44:04,219 - INFO -   Max: 1611.021904
2025-12-17 11:44:04,219 - INFO -   Avg: 1608.020839
2025-12-17 11:44:04,219 - INFO -   Std: 1.268044
2025-12-17 11:44:04,489 - INFO - Generation 190
2025-12-17 11:44:04,489 - INFO -   Best: 1605.297465
2025-12-17 11:44:04,489 - INFO -   Min: 1605.297465
2025-12-17 11:44:04,489 - INFO -   Max: 1611.396306
2025-12-17 11:44:04,490 - INFO -   Avg: 1608.272364
2025-12-17 11:44:04,490 - INFO -   Std: 1.289032
2025-12-17 11:44:04,763 - INFO - Generation 200
2025-12-17 11:44:04,763 - INFO -   Best: 1605.297465
2025-12-17 11:44:04,763 - INFO -   Min: 1605.297465
2025-12-17 11:44:04,763 - INFO -   Max: 1610.534777
2025-12-17 11:44:04,763 - INFO -   Avg: 1608.323676
2025-12-17 11:44:04,763 - INFO -   Std: 1.170683
2025-12-17 11:44:04,780 - INFO - 
Final best fitness: 1605.2974650531
2025-12-17 11:44:04,780 - INFO - Execution time: 5.53s
