2025-12-17 12:21:19,055 - INFO - Representation: Real
2025-12-17 12:21:19,055 - INFO - Number of genes: 20
2025-12-17 12:21:19,056 - INFO - Bounds: [-100, 100]
2025-12-17 12:21:19,056 - INFO - Function: f16_2014
2025-12-17 12:21:19,056 - INFO - Population size: 100
2025-12-17 12:21:19,056 - INFO - Generations: 200
2025-12-17 12:21:19,056 - INFO - Selection: rws
2025-12-17 12:21:19,056 - INFO - Crossover: two_points
2025-12-17 12:21:19,057 - INFO - Mutation: swap
2025-12-17 12:21:19,057 - INFO - 
2025-12-17 12:21:19,378 - INFO - Generation 10
2025-12-17 12:21:19,379 - INFO -   Best: 1608.987759
2025-12-17 12:21:19,379 - INFO -   Min: 1608.987759
2025-12-17 12:21:19,379 - INFO -   Max: 1610.964788
2025-12-17 12:21:19,379 - INFO -   Avg: 1609.980614
2025-12-17 12:21:19,380 - INFO -   Std: 0.307849
2025-12-17 12:21:19,656 - INFO - Generation 20
2025-12-17 12:21:19,656 - INFO -   Best: 1607.883065
2025-12-17 12:21:19,657 - INFO -   Min: 1607.883065
2025-12-17 12:21:19,657 - INFO -   Max: 1611.229975
2025-12-17 12:21:19,657 - INFO -   Avg: 1609.895381
2025-12-17 12:21:19,657 - INFO -   Std: 0.443420
2025-12-17 12:21:19,920 - INFO - Generation 30
2025-12-17 12:21:19,921 - INFO -   Best: 1607.883065
2025-12-17 12:21:19,921 - INFO -   Min: 1607.883065
2025-12-17 12:21:19,921 - INFO -   Max: 1610.880670
2025-12-17 12:21:19,921 - INFO -   Avg: 1609.963766
2025-12-17 12:21:19,921 - INFO -   Std: 0.434953
2025-12-17 12:21:20,187 - INFO - Generation 40
2025-12-17 12:21:20,187 - INFO -   Best: 1607.864854
2025-12-17 12:21:20,187 - INFO -   Min: 1607.864854
2025-12-17 12:21:20,187 - INFO -   Max: 1610.794672
2025-12-17 12:21:20,188 - INFO -   Avg: 1610.010113
2025-12-17 12:21:20,188 - INFO -   Std: 0.394736
2025-12-17 12:21:20,447 - INFO - Generation 50
2025-12-17 12:21:20,447 - INFO -   Best: 1607.864854
2025-12-17 12:21:20,448 - INFO -   Min: 1607.864854
2025-12-17 12:21:20,448 - INFO -   Max: 1611.072377
2025-12-17 12:21:20,448 - INFO -   Avg: 1610.049977
2025-12-17 12:21:20,448 - INFO -   Std: 0.427601
2025-12-17 12:21:20,707 - INFO - Generation 60
2025-12-17 12:21:20,708 - INFO -   Best: 1607.864854
2025-12-17 12:21:20,708 - INFO -   Min: 1607.864854
2025-12-17 12:21:20,708 - INFO -   Max: 1610.593200
2025-12-17 12:21:20,708 - INFO -   Avg: 1609.855007
2025-12-17 12:21:20,709 - INFO -   Std: 0.453002
2025-12-17 12:21:20,972 - INFO - Generation 70
2025-12-17 12:21:20,972 - INFO -   Best: 1607.864854
2025-12-17 12:21:20,972 - INFO -   Min: 1607.864854
2025-12-17 12:21:20,973 - INFO -   Max: 1610.824842
2025-12-17 12:21:20,973 - INFO -   Avg: 1609.765469
2025-12-17 12:21:20,973 - INFO -   Std: 0.548038
2025-12-17 12:21:21,232 - INFO - Generation 80
2025-12-17 12:21:21,232 - INFO -   Best: 1607.864854
2025-12-17 12:21:21,232 - INFO -   Min: 1607.864854
2025-12-17 12:21:21,233 - INFO -   Max: 1611.061411
2025-12-17 12:21:21,233 - INFO -   Avg: 1609.759322
2025-12-17 12:21:21,233 - INFO -   Std: 0.504536
2025-12-17 12:21:21,496 - INFO - Generation 90
2025-12-17 12:21:21,497 - INFO -   Best: 1607.666026
2025-12-17 12:21:21,497 - INFO -   Min: 1607.666026
2025-12-17 12:21:21,497 - INFO -   Max: 1610.465282
2025-12-17 12:21:21,497 - INFO -   Avg: 1609.376647
2025-12-17 12:21:21,497 - INFO -   Std: 0.614960
2025-12-17 12:21:21,760 - INFO - Generation 100
2025-12-17 12:21:21,760 - INFO -   Best: 1607.666026
2025-12-17 12:21:21,760 - INFO -   Min: 1607.666026
2025-12-17 12:21:21,760 - INFO -   Max: 1610.819356
2025-12-17 12:21:21,760 - INFO -   Avg: 1609.636748
2025-12-17 12:21:21,760 - INFO -   Std: 0.559670
2025-12-17 12:21:22,017 - INFO - Generation 110
2025-12-17 12:21:22,017 - INFO -   Best: 1607.666026
2025-12-17 12:21:22,017 - INFO -   Min: 1607.666026
2025-12-17 12:21:22,018 - INFO -   Max: 1610.515660
2025-12-17 12:21:22,018 - INFO -   Avg: 1609.497668
2025-12-17 12:21:22,018 - INFO -   Std: 0.662361
2025-12-17 12:21:22,256 - INFO - Generation 120
2025-12-17 12:21:22,256 - INFO -   Best: 1607.460450
2025-12-17 12:21:22,257 - INFO -   Min: 1607.460450
2025-12-17 12:21:22,257 - INFO -   Max: 1610.555924
2025-12-17 12:21:22,257 - INFO -   Avg: 1609.190002
2025-12-17 12:21:22,257 - INFO -   Std: 0.739974
2025-12-17 12:21:22,508 - INFO - Generation 130
2025-12-17 12:21:22,509 - INFO -   Best: 1607.460450
2025-12-17 12:21:22,509 - INFO -   Min: 1607.460450
2025-12-17 12:21:22,509 - INFO -   Max: 1610.561244
2025-12-17 12:21:22,509 - INFO -   Avg: 1609.541106
2025-12-17 12:21:22,509 - INFO -   Std: 0.590113
2025-12-17 12:21:22,772 - INFO - Generation 140
2025-12-17 12:21:22,772 - INFO -   Best: 1607.460450
2025-12-17 12:21:22,772 - INFO -   Min: 1607.460450
2025-12-17 12:21:22,772 - INFO -   Max: 1610.450955
2025-12-17 12:21:22,772 - INFO -   Avg: 1609.372449
2025-12-17 12:21:22,773 - INFO -   Std: 0.599097
2025-12-17 12:21:23,027 - INFO - Generation 150
2025-12-17 12:21:23,028 - INFO -   Best: 1607.357928
2025-12-17 12:21:23,028 - INFO -   Min: 1607.357928
2025-12-17 12:21:23,028 - INFO -   Max: 1610.244097
2025-12-17 12:21:23,028 - INFO -   Avg: 1608.935682
2025-12-17 12:21:23,028 - INFO -   Std: 0.645786
2025-12-17 12:21:23,283 - INFO - Generation 160
2025-12-17 12:21:23,283 - INFO -   Best: 1607.350634
2025-12-17 12:21:23,283 - INFO -   Min: 1607.350634
2025-12-17 12:21:23,283 - INFO -   Max: 1610.259009
2025-12-17 12:21:23,283 - INFO -   Avg: 1608.893520
2025-12-17 12:21:23,284 - INFO -   Std: 0.631987
2025-12-17 12:21:23,500 - INFO - Generation 170
2025-12-17 12:21:23,500 - INFO -   Best: 1607.350634
2025-12-17 12:21:23,501 - INFO -   Min: 1607.350634
2025-12-17 12:21:23,501 - INFO -   Max: 1610.175156
2025-12-17 12:21:23,501 - INFO -   Avg: 1608.744610
2025-12-17 12:21:23,501 - INFO -   Std: 0.593238
2025-12-17 12:21:23,728 - INFO - Generation 180
2025-12-17 12:21:23,729 - INFO -   Best: 1607.350634
2025-12-17 12:21:23,729 - INFO -   Min: 1607.350634
2025-12-17 12:21:23,729 - INFO -   Max: 1610.456319
2025-12-17 12:21:23,729 - INFO -   Avg: 1608.986987
2025-12-17 12:21:23,730 - INFO -   Std: 0.763255
2025-12-17 12:21:23,943 - INFO - Generation 190
2025-12-17 12:21:23,943 - INFO -   Best: 1607.350634
2025-12-17 12:21:23,944 - INFO -   Min: 1607.350634
2025-12-17 12:21:23,944 - INFO -   Max: 1610.379730
2025-12-17 12:21:23,944 - INFO -   Avg: 1608.952587
2025-12-17 12:21:23,944 - INFO -   Std: 0.732385
2025-12-17 12:21:24,137 - INFO - Generation 200
2025-12-17 12:21:24,137 - INFO -   Best: 1607.350634
2025-12-17 12:21:24,138 - INFO -   Min: 1607.350634
2025-12-17 12:21:24,138 - INFO -   Max: 1610.513817
2025-12-17 12:21:24,138 - INFO -   Avg: 1609.066147
2025-12-17 12:21:24,138 - INFO -   Std: 0.698904
2025-12-17 12:21:24,148 - INFO - 
Final best fitness: 1607.3506335981
2025-12-17 12:21:24,149 - INFO - Execution time: 5.05s
