2025-12-17 12:23:33,267 - INFO - Representation: Real
2025-12-17 12:23:33,267 - INFO - Number of genes: 5
2025-12-17 12:23:33,267 - INFO - Bounds: [0, 3.141592653589793]
2025-12-17 12:23:33,267 - INFO - Function: michalewicz
2025-12-17 12:23:33,268 - INFO - Population size: 100
2025-12-17 12:23:33,268 - INFO - Generations: 200
2025-12-17 12:23:33,268 - INFO - Selection: rws
2025-12-17 12:23:33,268 - INFO - Crossover: two_points
2025-12-17 12:23:33,268 - INFO - Mutation: swap
2025-12-17 12:23:33,268 - INFO - 
2025-12-17 12:23:33,322 - INFO - Generation 10
2025-12-17 12:23:33,322 - INFO -   Best: -4.209210
2025-12-17 12:23:33,323 - INFO -   Min: -4.209210
2025-12-17 12:23:33,323 - INFO -   Max: -1.310425
2025-12-17 12:23:33,323 - INFO -   Avg: -2.828157
2025-12-17 12:23:33,323 - INFO -   Std: 0.690272
2025-12-17 12:23:33,369 - INFO - Generation 20
2025-12-17 12:23:33,369 - INFO -   Best: -4.209210
2025-12-17 12:23:33,369 - INFO -   Min: -4.209210
2025-12-17 12:23:33,369 - INFO -   Max: -1.412630
2025-12-17 12:23:33,369 - INFO -   Avg: -2.887929
2025-12-17 12:23:33,369 - INFO -   Std: 0.726741
2025-12-17 12:23:33,415 - INFO - Generation 30
2025-12-17 12:23:33,415 - INFO -   Best: -4.209210
2025-12-17 12:23:33,415 - INFO -   Min: -4.209210
2025-12-17 12:23:33,415 - INFO -   Max: -2.201030
2025-12-17 12:23:33,415 - INFO -   Avg: -3.038810
2025-12-17 12:23:33,416 - INFO -   Std: 0.666582
2025-12-17 12:23:33,459 - INFO - Generation 40
2025-12-17 12:23:33,459 - INFO -   Best: -4.209210
2025-12-17 12:23:33,459 - INFO -   Min: -4.209210
2025-12-17 12:23:33,459 - INFO -   Max: -2.222731
2025-12-17 12:23:33,460 - INFO -   Avg: -3.109084
2025-12-17 12:23:33,460 - INFO -   Std: 0.581512
2025-12-17 12:23:33,502 - INFO - Generation 50
2025-12-17 12:23:33,502 - INFO -   Best: -4.209210
2025-12-17 12:23:33,502 - INFO -   Min: -4.209210
2025-12-17 12:23:33,502 - INFO -   Max: -2.201949
2025-12-17 12:23:33,503 - INFO -   Avg: -3.216498
2025-12-17 12:23:33,503 - INFO -   Std: 0.526197
2025-12-17 12:23:33,543 - INFO - Generation 60
2025-12-17 12:23:33,543 - INFO -   Best: -4.209210
2025-12-17 12:23:33,543 - INFO -   Min: -4.209210
2025-12-17 12:23:33,543 - INFO -   Max: -2.224105
2025-12-17 12:23:33,544 - INFO -   Avg: -3.281925
2025-12-17 12:23:33,544 - INFO -   Std: 0.283984
2025-12-17 12:23:33,585 - INFO - Generation 70
2025-12-17 12:23:33,585 - INFO -   Best: -4.209210
2025-12-17 12:23:33,585 - INFO -   Min: -4.209210
2025-12-17 12:23:33,586 - INFO -   Max: -2.227222
2025-12-17 12:23:33,586 - INFO -   Avg: -3.257164
2025-12-17 12:23:33,586 - INFO -   Std: 0.331759
2025-12-17 12:23:33,627 - INFO - Generation 80
2025-12-17 12:23:33,627 - INFO -   Best: -4.209210
2025-12-17 12:23:33,627 - INFO -   Min: -4.209210
2025-12-17 12:23:33,628 - INFO -   Max: -2.198831
2025-12-17 12:23:33,628 - INFO -   Avg: -3.217299
2025-12-17 12:23:33,628 - INFO -   Std: 0.689227
2025-12-17 12:23:33,669 - INFO - Generation 90
2025-12-17 12:23:33,669 - INFO -   Best: -4.209210
2025-12-17 12:23:33,669 - INFO -   Min: -4.209210
2025-12-17 12:23:33,669 - INFO -   Max: -2.224105
2025-12-17 12:23:33,669 - INFO -   Avg: -3.221078
2025-12-17 12:23:33,670 - INFO -   Std: 0.683188
2025-12-17 12:23:33,710 - INFO - Generation 100
2025-12-17 12:23:33,710 - INFO -   Best: -4.209210
2025-12-17 12:23:33,710 - INFO -   Min: -4.209210
2025-12-17 12:23:33,710 - INFO -   Max: -2.224105
2025-12-17 12:23:33,711 - INFO -   Avg: -3.236685
2025-12-17 12:23:33,711 - INFO -   Std: 0.654619
2025-12-17 12:23:33,751 - INFO - Generation 110
2025-12-17 12:23:33,751 - INFO -   Best: -4.209210
2025-12-17 12:23:33,751 - INFO -   Min: -4.209210
2025-12-17 12:23:33,752 - INFO -   Max: -2.224105
2025-12-17 12:23:33,752 - INFO -   Avg: -3.199562
2025-12-17 12:23:33,752 - INFO -   Std: 0.695974
2025-12-17 12:23:33,792 - INFO - Generation 120
2025-12-17 12:23:33,792 - INFO -   Best: -4.209210
2025-12-17 12:23:33,792 - INFO -   Min: -4.209210
2025-12-17 12:23:33,792 - INFO -   Max: -2.224105
2025-12-17 12:23:33,792 - INFO -   Avg: -3.277711
2025-12-17 12:23:33,792 - INFO -   Std: 0.721265
2025-12-17 12:23:33,834 - INFO - Generation 130
2025-12-17 12:23:33,835 - INFO -   Best: -4.209210
2025-12-17 12:23:33,835 - INFO -   Min: -4.209210
2025-12-17 12:23:33,835 - INFO -   Max: -2.224105
2025-12-17 12:23:33,835 - INFO -   Avg: -3.198769
2025-12-17 12:23:33,835 - INFO -   Std: 0.682724
2025-12-17 12:23:33,877 - INFO - Generation 140
2025-12-17 12:23:33,877 - INFO -   Best: -4.209210
2025-12-17 12:23:33,877 - INFO -   Min: -4.209210
2025-12-17 12:23:33,877 - INFO -   Max: -2.224105
2025-12-17 12:23:33,877 - INFO -   Avg: -3.308954
2025-12-17 12:23:33,877 - INFO -   Std: 0.680130
2025-12-17 12:23:33,918 - INFO - Generation 150
2025-12-17 12:23:33,919 - INFO -   Best: -4.209210
2025-12-17 12:23:33,919 - INFO -   Min: -4.209210
2025-12-17 12:23:33,919 - INFO -   Max: -2.227222
2025-12-17 12:23:33,919 - INFO -   Avg: -3.272843
2025-12-17 12:23:33,919 - INFO -   Std: 0.698953
2025-12-17 12:23:33,960 - INFO - Generation 160
2025-12-17 12:23:33,960 - INFO -   Best: -4.209210
2025-12-17 12:23:33,960 - INFO -   Min: -4.209210
2025-12-17 12:23:33,961 - INFO -   Max: -2.224105
2025-12-17 12:23:33,961 - INFO -   Avg: -3.168974
2025-12-17 12:23:33,961 - INFO -   Std: 0.625471
2025-12-17 12:23:34,000 - INFO - Generation 170
2025-12-17 12:23:34,000 - INFO -   Best: -4.209210
2025-12-17 12:23:34,001 - INFO -   Min: -4.209210
2025-12-17 12:23:34,001 - INFO -   Max: -2.224105
2025-12-17 12:23:34,001 - INFO -   Avg: -3.214978
2025-12-17 12:23:34,001 - INFO -   Std: 0.617685
2025-12-17 12:23:34,042 - INFO - Generation 180
2025-12-17 12:23:34,042 - INFO -   Best: -4.209210
2025-12-17 12:23:34,042 - INFO -   Min: -4.209210
2025-12-17 12:23:34,042 - INFO -   Max: -2.224105
2025-12-17 12:23:34,042 - INFO -   Avg: -3.283107
2025-12-17 12:23:34,042 - INFO -   Std: 0.726702
2025-12-17 12:23:34,083 - INFO - Generation 190
2025-12-17 12:23:34,083 - INFO -   Best: -4.209210
2025-12-17 12:23:34,083 - INFO -   Min: -4.209210
2025-12-17 12:23:34,083 - INFO -   Max: -2.224105
2025-12-17 12:23:34,083 - INFO -   Avg: -3.332940
2025-12-17 12:23:34,083 - INFO -   Std: 0.730031
2025-12-17 12:23:34,125 - INFO - Generation 200
2025-12-17 12:23:34,125 - INFO -   Best: -4.209210
2025-12-17 12:23:34,125 - INFO -   Min: -4.209210
2025-12-17 12:23:34,125 - INFO -   Max: -2.227222
2025-12-17 12:23:34,125 - INFO -   Avg: -3.237832
2025-12-17 12:23:34,125 - INFO -   Std: 0.750820
2025-12-17 12:23:34,128 - INFO - 
Final best fitness: -4.2092097893
2025-12-17 12:23:34,128 - INFO - Execution time: 0.85s
