2025-12-17 12:09:28,494 - INFO - Representation: Binary
2025-12-17 12:09:28,494 - INFO - Bits per variable: 12
2025-12-17 12:09:28,494 - INFO - Total genes: 120
2025-12-17 12:09:28,494 - INFO - Function: michalewicz
2025-12-17 12:09:28,494 - INFO - Population size: 100
2025-12-17 12:09:28,494 - INFO - Generations: 200
2025-12-17 12:09:28,495 - INFO - Selection: rws
2025-12-17 12:09:28,495 - INFO - Crossover: two_points
2025-12-17 12:09:28,495 - INFO - Mutation: swap
2025-12-17 12:09:28,495 - INFO - 
2025-12-17 12:09:28,815 - INFO - Generation 10
2025-12-17 12:09:28,815 - INFO -   Best: -6.178445
2025-12-17 12:09:28,815 - INFO -   Min: -6.178445
2025-12-17 12:09:28,815 - INFO -   Max: -1.575281
2025-12-17 12:09:28,816 - INFO -   Avg: -3.614315
2025-12-17 12:09:28,816 - INFO -   Std: 0.967490
2025-12-17 12:09:28,927 - INFO - Generation 20
2025-12-17 12:09:28,927 - INFO -   Best: -7.131195
2025-12-17 12:09:28,928 - INFO -   Min: -7.131195
2025-12-17 12:09:28,928 - INFO -   Max: -1.994556
2025-12-17 12:09:28,928 - INFO -   Avg: -4.587184
2025-12-17 12:09:28,928 - INFO -   Std: 1.021455
2025-12-17 12:09:29,039 - INFO - Generation 30
2025-12-17 12:09:29,039 - INFO -   Best: -7.131195
2025-12-17 12:09:29,040 - INFO -   Min: -7.131195
2025-12-17 12:09:29,040 - INFO -   Max: -2.728628
2025-12-17 12:09:29,040 - INFO -   Avg: -4.745091
2025-12-17 12:09:29,040 - INFO -   Std: 0.981351
2025-12-17 12:09:29,155 - INFO - Generation 40
2025-12-17 12:09:29,156 - INFO -   Best: -7.357799
2025-12-17 12:09:29,156 - INFO -   Min: -7.357799
2025-12-17 12:09:29,156 - INFO -   Max: -2.948160
2025-12-17 12:09:29,156 - INFO -   Avg: -5.366653
2025-12-17 12:09:29,156 - INFO -   Std: 0.972293
2025-12-17 12:09:29,271 - INFO - Generation 50
2025-12-17 12:09:29,271 - INFO -   Best: -7.357799
2025-12-17 12:09:29,271 - INFO -   Min: -7.357799
2025-12-17 12:09:29,271 - INFO -   Max: -2.839923
2025-12-17 12:09:29,272 - INFO -   Avg: -5.456199
2025-12-17 12:09:29,272 - INFO -   Std: 0.924590
2025-12-17 12:09:29,391 - INFO - Generation 60
2025-12-17 12:09:29,391 - INFO -   Best: -7.575568
2025-12-17 12:09:29,391 - INFO -   Min: -7.575568
2025-12-17 12:09:29,392 - INFO -   Max: -3.564795
2025-12-17 12:09:29,392 - INFO -   Avg: -5.770577
2025-12-17 12:09:29,392 - INFO -   Std: 0.829637
2025-12-17 12:09:29,511 - INFO - Generation 70
2025-12-17 12:09:29,511 - INFO -   Best: -7.631156
2025-12-17 12:09:29,511 - INFO -   Min: -7.631156
2025-12-17 12:09:29,511 - INFO -   Max: -2.575041
2025-12-17 12:09:29,511 - INFO -   Avg: -5.859941
2025-12-17 12:09:29,512 - INFO -   Std: 0.915284
2025-12-17 12:09:29,632 - INFO - Generation 80
2025-12-17 12:09:29,633 - INFO -   Best: -7.688661
2025-12-17 12:09:29,633 - INFO -   Min: -7.688661
2025-12-17 12:09:29,633 - INFO -   Max: -3.527525
2025-12-17 12:09:29,633 - INFO -   Avg: -6.129178
2025-12-17 12:09:29,633 - INFO -   Std: 0.857101
2025-12-17 12:09:29,754 - INFO - Generation 90
2025-12-17 12:09:29,754 - INFO -   Best: -7.688661
2025-12-17 12:09:29,755 - INFO -   Min: -7.688661
2025-12-17 12:09:29,755 - INFO -   Max: -4.250371
2025-12-17 12:09:29,755 - INFO -   Avg: -6.363541
2025-12-17 12:09:29,755 - INFO -   Std: 0.760723
2025-12-17 12:09:29,874 - INFO - Generation 100
2025-12-17 12:09:29,875 - INFO -   Best: -7.704639
2025-12-17 12:09:29,875 - INFO -   Min: -7.704639
2025-12-17 12:09:29,875 - INFO -   Max: -3.223734
2025-12-17 12:09:29,875 - INFO -   Avg: -6.009988
2025-12-17 12:09:29,875 - INFO -   Std: 0.953611
2025-12-17 12:09:30,000 - INFO - Generation 110
2025-12-17 12:09:30,000 - INFO -   Best: -7.704639
2025-12-17 12:09:30,000 - INFO -   Min: -7.704639
2025-12-17 12:09:30,000 - INFO -   Max: -2.447429
2025-12-17 12:09:30,000 - INFO -   Avg: -5.583578
2025-12-17 12:09:30,000 - INFO -   Std: 1.056000
2025-12-17 12:09:30,120 - INFO - Generation 120
2025-12-17 12:09:30,121 - INFO -   Best: -7.704639
2025-12-17 12:09:30,121 - INFO -   Min: -7.704639
2025-12-17 12:09:30,121 - INFO -   Max: -2.921339
2025-12-17 12:09:30,121 - INFO -   Avg: -5.598092
2025-12-17 12:09:30,121 - INFO -   Std: 0.989224
2025-12-17 12:09:30,239 - INFO - Generation 130
2025-12-17 12:09:30,239 - INFO -   Best: -7.716194
2025-12-17 12:09:30,239 - INFO -   Min: -7.716194
2025-12-17 12:09:30,240 - INFO -   Max: -2.726384
2025-12-17 12:09:30,240 - INFO -   Avg: -5.649859
2025-12-17 12:09:30,240 - INFO -   Std: 0.985199
2025-12-17 12:09:30,356 - INFO - Generation 140
2025-12-17 12:09:30,357 - INFO -   Best: -7.721294
2025-12-17 12:09:30,357 - INFO -   Min: -7.721294
2025-12-17 12:09:30,357 - INFO -   Max: -3.356904
2025-12-17 12:09:30,357 - INFO -   Avg: -5.996422
2025-12-17 12:09:30,357 - INFO -   Std: 0.981650
2025-12-17 12:09:30,475 - INFO - Generation 150
2025-12-17 12:09:30,475 - INFO -   Best: -7.721294
2025-12-17 12:09:30,476 - INFO -   Min: -7.721294
2025-12-17 12:09:30,476 - INFO -   Max: -2.874008
2025-12-17 12:09:30,476 - INFO -   Avg: -6.159068
2025-12-17 12:09:30,476 - INFO -   Std: 0.825158
2025-12-17 12:09:30,590 - INFO - Generation 160
2025-12-17 12:09:30,591 - INFO -   Best: -7.776732
2025-12-17 12:09:30,591 - INFO -   Min: -7.776732
2025-12-17 12:09:30,591 - INFO -   Max: -3.121238
2025-12-17 12:09:30,591 - INFO -   Avg: -6.239826
2025-12-17 12:09:30,591 - INFO -   Std: 0.880508
2025-12-17 12:09:30,704 - INFO - Generation 170
2025-12-17 12:09:30,704 - INFO -   Best: -7.899663
2025-12-17 12:09:30,704 - INFO -   Min: -7.899663
2025-12-17 12:09:30,704 - INFO -   Max: -3.654823
2025-12-17 12:09:30,704 - INFO -   Avg: -6.467598
2025-12-17 12:09:30,705 - INFO -   Std: 0.831102
2025-12-17 12:09:30,819 - INFO - Generation 180
2025-12-17 12:09:30,819 - INFO -   Best: -7.899663
2025-12-17 12:09:30,819 - INFO -   Min: -7.899663
2025-12-17 12:09:30,819 - INFO -   Max: -3.738151
2025-12-17 12:09:30,819 - INFO -   Avg: -6.225965
2025-12-17 12:09:30,819 - INFO -   Std: 0.979813
2025-12-17 12:09:30,934 - INFO - Generation 190
2025-12-17 12:09:30,935 - INFO -   Best: -7.910761
2025-12-17 12:09:30,935 - INFO -   Min: -7.910761
2025-12-17 12:09:30,935 - INFO -   Max: -4.216201
2025-12-17 12:09:30,935 - INFO -   Avg: -6.733417
2025-12-17 12:09:30,935 - INFO -   Std: 0.953684
2025-12-17 12:09:31,048 - INFO - Generation 200
2025-12-17 12:09:31,048 - INFO -   Best: -7.910761
2025-12-17 12:09:31,049 - INFO -   Min: -7.910761
2025-12-17 12:09:31,049 - INFO -   Max: -4.135979
2025-12-17 12:09:31,049 - INFO -   Avg: -6.545795
2025-12-17 12:09:31,049 - INFO -   Std: 0.928342
2025-12-17 12:09:31,058 - INFO - 
Final best fitness: -7.9056606559
2025-12-17 12:09:31,058 - INFO - Execution time: 2.34s
