2025-12-17 12:23:05,606 - INFO - Representation: Real
2025-12-17 12:23:05,606 - INFO - Number of genes: 10
2025-12-17 12:23:05,606 - INFO - Bounds: [0, 3.141592653589793]
2025-12-17 12:23:05,607 - INFO - Function: michalewicz
2025-12-17 12:23:05,607 - INFO - Population size: 100
2025-12-17 12:23:05,607 - INFO - Generations: 200
2025-12-17 12:23:05,607 - INFO - Selection: rws
2025-12-17 12:23:05,607 - INFO - Crossover: two_points
2025-12-17 12:23:05,607 - INFO - Mutation: swap
2025-12-17 12:23:05,607 - INFO - 
2025-12-17 12:23:05,671 - INFO - Generation 10
2025-12-17 12:23:05,671 - INFO -   Best: -6.807019
2025-12-17 12:23:05,671 - INFO -   Min: -6.807019
2025-12-17 12:23:05,671 - INFO -   Max: -1.706584
2025-12-17 12:23:05,671 - INFO -   Avg: -4.180010
2025-12-17 12:23:05,673 - INFO -   Std: 1.070418
2025-12-17 12:23:05,724 - INFO - Generation 20
2025-12-17 12:23:05,724 - INFO -   Best: -6.807019
2025-12-17 12:23:05,724 - INFO -   Min: -6.807019
2025-12-17 12:23:05,725 - INFO -   Max: -2.419166
2025-12-17 12:23:05,725 - INFO -   Avg: -4.772908
2025-12-17 12:23:05,725 - INFO -   Std: 0.845659
2025-12-17 12:23:05,776 - INFO - Generation 30
2025-12-17 12:23:05,776 - INFO -   Best: -7.178300
2025-12-17 12:23:05,776 - INFO -   Min: -7.178300
2025-12-17 12:23:05,777 - INFO -   Max: -3.966826
2025-12-17 12:23:05,777 - INFO -   Avg: -5.710402
2025-12-17 12:23:05,777 - INFO -   Std: 0.745705
2025-12-17 12:23:05,826 - INFO - Generation 40
2025-12-17 12:23:05,826 - INFO -   Best: -7.178300
2025-12-17 12:23:05,827 - INFO -   Min: -7.178300
2025-12-17 12:23:05,827 - INFO -   Max: -3.966826
2025-12-17 12:23:05,827 - INFO -   Avg: -5.633474
2025-12-17 12:23:05,827 - INFO -   Std: 0.650425
2025-12-17 12:23:05,875 - INFO - Generation 50
2025-12-17 12:23:05,875 - INFO -   Best: -7.178300
2025-12-17 12:23:05,875 - INFO -   Min: -7.178300
2025-12-17 12:23:05,876 - INFO -   Max: -4.422356
2025-12-17 12:23:05,876 - INFO -   Avg: -5.980410
2025-12-17 12:23:05,876 - INFO -   Std: 0.706710
2025-12-17 12:23:05,921 - INFO - Generation 60
2025-12-17 12:23:05,921 - INFO -   Best: -7.178300
2025-12-17 12:23:05,921 - INFO -   Min: -7.178300
2025-12-17 12:23:05,922 - INFO -   Max: -3.968519
2025-12-17 12:23:05,922 - INFO -   Avg: -6.025611
2025-12-17 12:23:05,922 - INFO -   Std: 0.662250
2025-12-17 12:23:05,965 - INFO - Generation 70
2025-12-17 12:23:05,965 - INFO -   Best: -7.178300
2025-12-17 12:23:05,966 - INFO -   Min: -7.178300
2025-12-17 12:23:05,966 - INFO -   Max: -4.338108
2025-12-17 12:23:05,966 - INFO -   Avg: -5.905119
2025-12-17 12:23:05,966 - INFO -   Std: 0.604951
2025-12-17 12:23:06,011 - INFO - Generation 80
2025-12-17 12:23:06,011 - INFO -   Best: -7.178300
2025-12-17 12:23:06,011 - INFO -   Min: -7.178300
2025-12-17 12:23:06,011 - INFO -   Max: -4.338108
2025-12-17 12:23:06,012 - INFO -   Avg: -6.090837
2025-12-17 12:23:06,012 - INFO -   Std: 0.744397
2025-12-17 12:23:06,056 - INFO - Generation 90
2025-12-17 12:23:06,056 - INFO -   Best: -7.178300
2025-12-17 12:23:06,056 - INFO -   Min: -7.178300
2025-12-17 12:23:06,056 - INFO -   Max: -4.338108
2025-12-17 12:23:06,057 - INFO -   Avg: -5.871956
2025-12-17 12:23:06,057 - INFO -   Std: 0.749163
2025-12-17 12:23:06,101 - INFO - Generation 100
2025-12-17 12:23:06,101 - INFO -   Best: -7.178300
2025-12-17 12:23:06,101 - INFO -   Min: -7.178300
2025-12-17 12:23:06,102 - INFO -   Max: -4.338108
2025-12-17 12:23:06,102 - INFO -   Avg: -5.916148
2025-12-17 12:23:06,102 - INFO -   Std: 0.782761
2025-12-17 12:23:06,143 - INFO - Generation 110
2025-12-17 12:23:06,143 - INFO -   Best: -7.178300
2025-12-17 12:23:06,144 - INFO -   Min: -7.178300
2025-12-17 12:23:06,144 - INFO -   Max: -4.338108
2025-12-17 12:23:06,144 - INFO -   Avg: -6.026754
2025-12-17 12:23:06,144 - INFO -   Std: 0.718113
2025-12-17 12:23:06,185 - INFO - Generation 120
2025-12-17 12:23:06,185 - INFO -   Best: -7.178300
2025-12-17 12:23:06,185 - INFO -   Min: -7.178300
2025-12-17 12:23:06,186 - INFO -   Max: -4.338108
2025-12-17 12:23:06,186 - INFO -   Avg: -6.128919
2025-12-17 12:23:06,186 - INFO -   Std: 0.694419
2025-12-17 12:23:06,228 - INFO - Generation 130
2025-12-17 12:23:06,228 - INFO -   Best: -7.178300
2025-12-17 12:23:06,229 - INFO -   Min: -7.178300
2025-12-17 12:23:06,229 - INFO -   Max: -4.338108
2025-12-17 12:23:06,229 - INFO -   Avg: -5.917494
2025-12-17 12:23:06,229 - INFO -   Std: 0.709860
2025-12-17 12:23:06,271 - INFO - Generation 140
2025-12-17 12:23:06,271 - INFO -   Best: -7.178300
2025-12-17 12:23:06,271 - INFO -   Min: -7.178300
2025-12-17 12:23:06,272 - INFO -   Max: -4.338108
2025-12-17 12:23:06,272 - INFO -   Avg: -5.989380
2025-12-17 12:23:06,272 - INFO -   Std: 0.683907
2025-12-17 12:23:06,314 - INFO - Generation 150
2025-12-17 12:23:06,314 - INFO -   Best: -7.178300
2025-12-17 12:23:06,315 - INFO -   Min: -7.178300
2025-12-17 12:23:06,315 - INFO -   Max: -4.338108
2025-12-17 12:23:06,315 - INFO -   Avg: -5.963918
2025-12-17 12:23:06,315 - INFO -   Std: 0.614449
2025-12-17 12:23:06,356 - INFO - Generation 160
2025-12-17 12:23:06,356 - INFO -   Best: -7.178300
2025-12-17 12:23:06,356 - INFO -   Min: -7.178300
2025-12-17 12:23:06,357 - INFO -   Max: -4.338108
2025-12-17 12:23:06,357 - INFO -   Avg: -5.841801
2025-12-17 12:23:06,357 - INFO -   Std: 0.685274
2025-12-17 12:23:06,400 - INFO - Generation 170
2025-12-17 12:23:06,400 - INFO -   Best: -7.178300
2025-12-17 12:23:06,400 - INFO -   Min: -7.178300
2025-12-17 12:23:06,400 - INFO -   Max: -4.338108
2025-12-17 12:23:06,400 - INFO -   Avg: -6.003770
2025-12-17 12:23:06,400 - INFO -   Std: 0.722386
2025-12-17 12:23:06,442 - INFO - Generation 180
2025-12-17 12:23:06,442 - INFO -   Best: -7.178300
2025-12-17 12:23:06,443 - INFO -   Min: -7.178300
2025-12-17 12:23:06,443 - INFO -   Max: -4.338108
2025-12-17 12:23:06,443 - INFO -   Avg: -5.837700
2025-12-17 12:23:06,443 - INFO -   Std: 0.742433
2025-12-17 12:23:06,485 - INFO - Generation 190
2025-12-17 12:23:06,485 - INFO -   Best: -7.178300
2025-12-17 12:23:06,485 - INFO -   Min: -7.178300
2025-12-17 12:23:06,485 - INFO -   Max: -4.338108
2025-12-17 12:23:06,486 - INFO -   Avg: -5.910527
2025-12-17 12:23:06,486 - INFO -   Std: 0.698838
2025-12-17 12:23:06,528 - INFO - Generation 200
2025-12-17 12:23:06,528 - INFO -   Best: -7.178300
2025-12-17 12:23:06,528 - INFO -   Min: -7.178300
2025-12-17 12:23:06,528 - INFO -   Max: -4.338108
2025-12-17 12:23:06,529 - INFO -   Avg: -5.998626
2025-12-17 12:23:06,529 - INFO -   Std: 0.761509
2025-12-17 12:23:06,532 - INFO - 
Final best fitness: -6.7227705621
2025-12-17 12:23:06,532 - INFO - Execution time: 0.91s
