2025-12-17 12:11:21,821 - INFO - Representation: Binary
2025-12-17 12:11:21,822 - INFO - Bits per variable: 12
2025-12-17 12:11:21,822 - INFO - Total genes: 120
2025-12-17 12:11:21,822 - INFO - Function: f16_2014
2025-12-17 12:11:21,822 - INFO - Population size: 100
2025-12-17 12:11:21,822 - INFO - Generations: 200
2025-12-17 12:11:21,823 - INFO - Selection: rws
2025-12-17 12:11:21,823 - INFO - Crossover: two_points
2025-12-17 12:11:21,823 - INFO - Mutation: swap
2025-12-17 12:11:21,823 - INFO - 
2025-12-17 12:11:22,265 - INFO - Generation 10
2025-12-17 12:11:22,265 - INFO -   Best: 1604.083840
2025-12-17 12:11:22,265 - INFO -   Min: 1604.083840
2025-12-17 12:11:22,265 - INFO -   Max: 1605.821302
2025-12-17 12:11:22,266 - INFO -   Avg: 1605.011102
2025-12-17 12:11:22,266 - INFO -   Std: 0.262216
2025-12-17 12:11:22,471 - INFO - Generation 20
2025-12-17 12:11:22,472 - INFO -   Best: 1604.083840
2025-12-17 12:11:22,472 - INFO -   Min: 1604.083840
2025-12-17 12:11:22,472 - INFO -   Max: 1605.561167
2025-12-17 12:11:22,472 - INFO -   Avg: 1604.980860
2025-12-17 12:11:22,472 - INFO -   Std: 0.236820
2025-12-17 12:11:22,682 - INFO - Generation 30
2025-12-17 12:11:22,682 - INFO -   Best: 1604.044843
2025-12-17 12:11:22,683 - INFO -   Min: 1604.044843
2025-12-17 12:11:22,683 - INFO -   Max: 1605.786511
2025-12-17 12:11:22,683 - INFO -   Avg: 1605.007896
2025-12-17 12:11:22,683 - INFO -   Std: 0.287920
2025-12-17 12:11:22,892 - INFO - Generation 40
2025-12-17 12:11:22,892 - INFO -   Best: 1604.044843
2025-12-17 12:11:22,892 - INFO -   Min: 1604.044843
2025-12-17 12:11:22,892 - INFO -   Max: 1605.720532
2025-12-17 12:11:22,892 - INFO -   Avg: 1604.971847
2025-12-17 12:11:22,892 - INFO -   Std: 0.251701
2025-12-17 12:11:23,105 - INFO - Generation 50
2025-12-17 12:11:23,105 - INFO -   Best: 1603.881423
2025-12-17 12:11:23,106 - INFO -   Min: 1603.881423
2025-12-17 12:11:23,106 - INFO -   Max: 1605.757353
2025-12-17 12:11:23,106 - INFO -   Avg: 1604.941854
2025-12-17 12:11:23,106 - INFO -   Std: 0.271191
2025-12-17 12:11:23,319 - INFO - Generation 60
2025-12-17 12:11:23,319 - INFO -   Best: 1603.624427
2025-12-17 12:11:23,319 - INFO -   Min: 1603.624427
2025-12-17 12:11:23,319 - INFO -   Max: 1605.640236
2025-12-17 12:11:23,320 - INFO -   Avg: 1604.952043
2025-12-17 12:11:23,320 - INFO -   Std: 0.293076
2025-12-17 12:11:23,534 - INFO - Generation 70
2025-12-17 12:11:23,534 - INFO -   Best: 1603.624427
2025-12-17 12:11:23,534 - INFO -   Min: 1603.624427
2025-12-17 12:11:23,534 - INFO -   Max: 1605.797851
2025-12-17 12:11:23,535 - INFO -   Avg: 1604.954860
2025-12-17 12:11:23,535 - INFO -   Std: 0.249922
2025-12-17 12:11:23,753 - INFO - Generation 80
2025-12-17 12:11:23,753 - INFO -   Best: 1603.624427
2025-12-17 12:11:23,753 - INFO -   Min: 1603.624427
2025-12-17 12:11:23,754 - INFO -   Max: 1606.185142
2025-12-17 12:11:23,754 - INFO -   Avg: 1605.009151
2025-12-17 12:11:23,754 - INFO -   Std: 0.296548
2025-12-17 12:11:23,968 - INFO - Generation 90
2025-12-17 12:11:23,968 - INFO -   Best: 1603.624427
2025-12-17 12:11:23,968 - INFO -   Min: 1603.624427
2025-12-17 12:11:23,968 - INFO -   Max: 1605.789199
2025-12-17 12:11:23,968 - INFO -   Avg: 1604.946874
2025-12-17 12:11:23,969 - INFO -   Std: 0.276158
2025-12-17 12:11:24,183 - INFO - Generation 100
2025-12-17 12:11:24,183 - INFO -   Best: 1603.624427
2025-12-17 12:11:24,183 - INFO -   Min: 1603.624427
2025-12-17 12:11:24,183 - INFO -   Max: 1605.629336
2025-12-17 12:11:24,183 - INFO -   Avg: 1604.953907
2025-12-17 12:11:24,184 - INFO -   Std: 0.317053
2025-12-17 12:11:24,397 - INFO - Generation 110
2025-12-17 12:11:24,399 - INFO -   Best: 1603.494535
2025-12-17 12:11:24,399 - INFO -   Min: 1603.494535
2025-12-17 12:11:24,399 - INFO -   Max: 1605.701811
2025-12-17 12:11:24,399 - INFO -   Avg: 1605.021105
2025-12-17 12:11:24,399 - INFO -   Std: 0.324678
2025-12-17 12:11:24,616 - INFO - Generation 120
2025-12-17 12:11:24,616 - INFO -   Best: 1603.431838
2025-12-17 12:11:24,616 - INFO -   Min: 1603.431838
2025-12-17 12:11:24,617 - INFO -   Max: 1605.634280
2025-12-17 12:11:24,617 - INFO -   Avg: 1604.972747
2025-12-17 12:11:24,617 - INFO -   Std: 0.354276
2025-12-17 12:11:24,832 - INFO - Generation 130
2025-12-17 12:11:24,833 - INFO -   Best: 1603.394873
2025-12-17 12:11:24,833 - INFO -   Min: 1603.394873
2025-12-17 12:11:24,833 - INFO -   Max: 1605.818438
2025-12-17 12:11:24,833 - INFO -   Avg: 1604.944841
2025-12-17 12:11:24,833 - INFO -   Std: 0.390328
2025-12-17 12:11:25,047 - INFO - Generation 140
2025-12-17 12:11:25,047 - INFO -   Best: 1603.394873
2025-12-17 12:11:25,047 - INFO -   Min: 1603.394873
2025-12-17 12:11:25,047 - INFO -   Max: 1605.719080
2025-12-17 12:11:25,047 - INFO -   Avg: 1604.963239
2025-12-17 12:11:25,048 - INFO -   Std: 0.385368
2025-12-17 12:11:25,264 - INFO - Generation 150
2025-12-17 12:11:25,264 - INFO -   Best: 1603.394873
2025-12-17 12:11:25,264 - INFO -   Min: 1603.394873
2025-12-17 12:11:25,264 - INFO -   Max: 1605.913885
2025-12-17 12:11:25,264 - INFO -   Avg: 1604.962029
2025-12-17 12:11:25,265 - INFO -   Std: 0.402005
2025-12-17 12:11:25,482 - INFO - Generation 160
2025-12-17 12:11:25,482 - INFO -   Best: 1603.394873
2025-12-17 12:11:25,483 - INFO -   Min: 1603.394873
2025-12-17 12:11:25,483 - INFO -   Max: 1605.630966
2025-12-17 12:11:25,483 - INFO -   Avg: 1604.885844
2025-12-17 12:11:25,483 - INFO -   Std: 0.411109
2025-12-17 12:11:25,704 - INFO - Generation 170
2025-12-17 12:11:25,705 - INFO -   Best: 1603.394873
2025-12-17 12:11:25,705 - INFO -   Min: 1603.394873
2025-12-17 12:11:25,705 - INFO -   Max: 1605.984877
2025-12-17 12:11:25,705 - INFO -   Avg: 1605.049361
2025-12-17 12:11:25,705 - INFO -   Std: 0.453442
2025-12-17 12:11:25,924 - INFO - Generation 180
2025-12-17 12:11:25,925 - INFO -   Best: 1603.394873
2025-12-17 12:11:25,925 - INFO -   Min: 1603.394873
2025-12-17 12:11:25,925 - INFO -   Max: 1605.807051
2025-12-17 12:11:25,925 - INFO -   Avg: 1604.870814
2025-12-17 12:11:25,925 - INFO -   Std: 0.492463
2025-12-17 12:11:26,149 - INFO - Generation 190
2025-12-17 12:11:26,150 - INFO -   Best: 1603.361987
2025-12-17 12:11:26,150 - INFO -   Min: 1603.361987
2025-12-17 12:11:26,150 - INFO -   Max: 1606.120005
2025-12-17 12:11:26,150 - INFO -   Avg: 1604.956662
2025-12-17 12:11:26,150 - INFO -   Std: 0.631172
2025-12-17 12:11:26,377 - INFO - Generation 200
2025-12-17 12:11:26,377 - INFO -   Best: 1603.294261
2025-12-17 12:11:26,378 - INFO -   Min: 1603.294261
2025-12-17 12:11:26,378 - INFO -   Max: 1606.032626
2025-12-17 12:11:26,378 - INFO -   Avg: 1604.838592
2025-12-17 12:11:26,378 - INFO -   Std: 0.587842
2025-12-17 12:11:26,393 - INFO - 
Final best fitness: 1603.2942612846
2025-12-17 12:11:26,393 - INFO - Execution time: 4.34s
