2025-12-17 12:24:12,802 - INFO - Representation: Real
2025-12-17 12:24:12,802 - INFO - Number of genes: 2
2025-12-17 12:24:12,803 - INFO - Bounds: [0, 3.141592653589793]
2025-12-17 12:24:12,803 - INFO - Function: michalewicz
2025-12-17 12:24:12,803 - INFO - Population size: 100
2025-12-17 12:24:12,803 - INFO - Generations: 200
2025-12-17 12:24:12,803 - INFO - Selection: rws
2025-12-17 12:24:12,803 - INFO - Crossover: two_points
2025-12-17 12:24:12,803 - INFO - Mutation: swap
2025-12-17 12:24:12,804 - INFO - 
2025-12-17 12:24:12,849 - INFO - Generation 10
2025-12-17 12:24:12,849 - INFO -   Best: -1.534805
2025-12-17 12:24:12,850 - INFO -   Min: -1.534805
2025-12-17 12:24:12,850 - INFO -   Max: -0.000075
2025-12-17 12:24:12,850 - INFO -   Avg: -0.867509
2025-12-17 12:24:12,850 - INFO -   Std: 0.205979
2025-12-17 12:24:12,892 - INFO - Generation 20
2025-12-17 12:24:12,892 - INFO -   Best: -1.534805
2025-12-17 12:24:12,892 - INFO -   Min: -1.534805
2025-12-17 12:24:12,893 - INFO -   Max: -0.002175
2025-12-17 12:24:12,893 - INFO -   Avg: -0.921330
2025-12-17 12:24:12,893 - INFO -   Std: 0.133518
2025-12-17 12:24:12,935 - INFO - Generation 30
2025-12-17 12:24:12,935 - INFO -   Best: -1.534805
2025-12-17 12:24:12,935 - INFO -   Min: -1.534805
2025-12-17 12:24:12,935 - INFO -   Max: -0.002175
2025-12-17 12:24:12,935 - INFO -   Avg: -0.883545
2025-12-17 12:24:12,936 - INFO -   Std: 0.239687
2025-12-17 12:24:12,976 - INFO - Generation 40
2025-12-17 12:24:12,976 - INFO -   Best: -1.534805
2025-12-17 12:24:12,976 - INFO -   Min: -1.534805
2025-12-17 12:24:12,976 - INFO -   Max: -0.002175
2025-12-17 12:24:12,976 - INFO -   Avg: -0.941011
2025-12-17 12:24:12,977 - INFO -   Std: 0.156867
2025-12-17 12:24:13,015 - INFO - Generation 50
2025-12-17 12:24:13,015 - INFO -   Best: -1.534805
2025-12-17 12:24:13,015 - INFO -   Min: -1.534805
2025-12-17 12:24:13,016 - INFO -   Max: -0.000524
2025-12-17 12:24:13,016 - INFO -   Avg: -0.892741
2025-12-17 12:24:13,016 - INFO -   Std: 0.257640
2025-12-17 12:24:13,055 - INFO - Generation 60
2025-12-17 12:24:13,055 - INFO -   Best: -1.534805
2025-12-17 12:24:13,055 - INFO -   Min: -1.534805
2025-12-17 12:24:13,056 - INFO -   Max: -0.002175
2025-12-17 12:24:13,056 - INFO -   Avg: -0.949751
2025-12-17 12:24:13,056 - INFO -   Std: 0.125333
2025-12-17 12:24:13,094 - INFO - Generation 70
2025-12-17 12:24:13,095 - INFO -   Best: -1.534805
2025-12-17 12:24:13,095 - INFO -   Min: -1.534805
2025-12-17 12:24:13,095 - INFO -   Max: -0.002175
2025-12-17 12:24:13,095 - INFO -   Avg: -0.904031
2025-12-17 12:24:13,095 - INFO -   Std: 0.222559
2025-12-17 12:24:13,134 - INFO - Generation 80
2025-12-17 12:24:13,135 - INFO -   Best: -1.534805
2025-12-17 12:24:13,135 - INFO -   Min: -1.534805
2025-12-17 12:24:13,135 - INFO -   Max: -0.002175
2025-12-17 12:24:13,135 - INFO -   Avg: -0.935295
2025-12-17 12:24:13,135 - INFO -   Std: 0.156442
2025-12-17 12:24:13,174 - INFO - Generation 90
2025-12-17 12:24:13,175 - INFO -   Best: -1.534805
2025-12-17 12:24:13,175 - INFO -   Min: -1.534805
2025-12-17 12:24:13,175 - INFO -   Max: -0.002175
2025-12-17 12:24:13,175 - INFO -   Avg: -0.845735
2025-12-17 12:24:13,175 - INFO -   Std: 0.321915
2025-12-17 12:24:13,213 - INFO - Generation 100
2025-12-17 12:24:13,214 - INFO -   Best: -1.534805
2025-12-17 12:24:13,214 - INFO -   Min: -1.534805
2025-12-17 12:24:13,214 - INFO -   Max: -0.932253
2025-12-17 12:24:13,214 - INFO -   Avg: -0.966617
2025-12-17 12:24:13,214 - INFO -   Std: 0.080287
2025-12-17 12:24:13,252 - INFO - Generation 110
2025-12-17 12:24:13,252 - INFO -   Best: -1.534805
2025-12-17 12:24:13,252 - INFO -   Min: -1.534805
2025-12-17 12:24:13,253 - INFO -   Max: -0.002175
2025-12-17 12:24:13,253 - INFO -   Avg: -0.925433
2025-12-17 12:24:13,253 - INFO -   Std: 0.181871
2025-12-17 12:24:13,291 - INFO - Generation 120
2025-12-17 12:24:13,291 - INFO -   Best: -1.534805
2025-12-17 12:24:13,291 - INFO -   Min: -1.534805
2025-12-17 12:24:13,292 - INFO -   Max: -0.002175
2025-12-17 12:24:13,292 - INFO -   Avg: -0.939505
2025-12-17 12:24:13,292 - INFO -   Std: 0.156782
2025-12-17 12:24:13,329 - INFO - Generation 130
2025-12-17 12:24:13,330 - INFO -   Best: -1.534805
2025-12-17 12:24:13,330 - INFO -   Min: -1.534805
2025-12-17 12:24:13,330 - INFO -   Max: -0.002175
2025-12-17 12:24:13,330 - INFO -   Avg: -0.948724
2025-12-17 12:24:13,330 - INFO -   Std: 0.125336
2025-12-17 12:24:13,369 - INFO - Generation 140
2025-12-17 12:24:13,369 - INFO -   Best: -1.534805
2025-12-17 12:24:13,369 - INFO -   Min: -1.534805
2025-12-17 12:24:13,369 - INFO -   Max: -0.000524
2025-12-17 12:24:13,369 - INFO -   Avg: -0.938330
2025-12-17 12:24:13,370 - INFO -   Std: 0.156810
2025-12-17 12:24:13,407 - INFO - Generation 150
2025-12-17 12:24:13,407 - INFO -   Best: -1.534805
2025-12-17 12:24:13,407 - INFO -   Min: -1.534805
2025-12-17 12:24:13,407 - INFO -   Max: -0.000524
2025-12-17 12:24:13,408 - INFO -   Avg: -0.930601
2025-12-17 12:24:13,408 - INFO -   Std: 0.182551
2025-12-17 12:24:13,446 - INFO - Generation 160
2025-12-17 12:24:13,446 - INFO -   Best: -1.534805
2025-12-17 12:24:13,446 - INFO -   Min: -1.534805
2025-12-17 12:24:13,446 - INFO -   Max: -0.000524
2025-12-17 12:24:13,447 - INFO -   Avg: -0.949568
2025-12-17 12:24:13,447 - INFO -   Std: 0.157319
2025-12-17 12:24:13,486 - INFO - Generation 170
2025-12-17 12:24:13,486 - INFO -   Best: -1.534805
2025-12-17 12:24:13,487 - INFO -   Min: -1.534805
2025-12-17 12:24:13,487 - INFO -   Max: -0.000524
2025-12-17 12:24:13,487 - INFO -   Avg: -0.947354
2025-12-17 12:24:13,487 - INFO -   Std: 0.183669
2025-12-17 12:24:13,528 - INFO - Generation 180
2025-12-17 12:24:13,528 - INFO -   Best: -1.534805
2025-12-17 12:24:13,528 - INFO -   Min: -1.534805
2025-12-17 12:24:13,528 - INFO -   Max: -0.000524
2025-12-17 12:24:13,529 - INFO -   Avg: -0.945554
2025-12-17 12:24:13,529 - INFO -   Std: 0.183547
2025-12-17 12:24:13,569 - INFO - Generation 190
2025-12-17 12:24:13,569 - INFO -   Best: -1.534805
2025-12-17 12:24:13,569 - INFO -   Min: -1.534805
2025-12-17 12:24:13,569 - INFO -   Max: -0.002175
2025-12-17 12:24:13,569 - INFO -   Avg: -0.947634
2025-12-17 12:24:13,569 - INFO -   Std: 0.183436
2025-12-17 12:24:13,612 - INFO - Generation 200
2025-12-17 12:24:13,613 - INFO -   Best: -1.534805
2025-12-17 12:24:13,613 - INFO -   Min: -1.534805
2025-12-17 12:24:13,613 - INFO -   Max: -0.002175
2025-12-17 12:24:13,613 - INFO -   Avg: -0.957602
2025-12-17 12:24:13,613 - INFO -   Std: 0.156925
2025-12-17 12:24:13,616 - INFO - 
Final best fitness: -1.5348052212
2025-12-17 12:24:13,616 - INFO - Execution time: 0.81s
