2025-12-17 11:42:44,229 - INFO - Representation: Real
2025-12-17 11:42:44,229 - INFO - Number of genes: 10
2025-12-17 11:42:44,230 - INFO - Bounds: [-100, 100]
2025-12-17 11:42:44,230 - INFO - Function: f16_2014
2025-12-17 11:42:44,230 - INFO - Population size: 100
2025-12-17 11:42:44,230 - INFO - Generations: 200
2025-12-17 11:42:44,230 - INFO - Selection: tournament
2025-12-17 11:42:44,230 - INFO - Crossover: single_point
2025-12-17 11:42:44,230 - INFO - Mutation: random
2025-12-17 11:42:44,231 - INFO - 
2025-12-17 11:42:44,406 - INFO - Generation 10
2025-12-17 11:42:44,406 - INFO -   Best: 1604.097806
2025-12-17 11:42:44,406 - INFO -   Min: 1604.097806
2025-12-17 11:42:44,406 - INFO -   Max: 1605.374100
2025-12-17 11:42:44,407 - INFO -   Avg: 1604.839582
2025-12-17 11:42:44,407 - INFO -   Std: 0.292175
2025-12-17 11:42:44,563 - INFO - Generation 20
2025-12-17 11:42:44,563 - INFO -   Best: 1604.037299
2025-12-17 11:42:44,563 - INFO -   Min: 1604.037299
2025-12-17 11:42:44,563 - INFO -   Max: 1605.699935
2025-12-17 11:42:44,563 - INFO -   Avg: 1604.756453
2025-12-17 11:42:44,564 - INFO -   Std: 0.374659
2025-12-17 11:42:44,712 - INFO - Generation 30
2025-12-17 11:42:44,713 - INFO -   Best: 1603.608151
2025-12-17 11:42:44,713 - INFO -   Min: 1603.608151
2025-12-17 11:42:44,713 - INFO -   Max: 1605.598675
2025-12-17 11:42:44,713 - INFO -   Avg: 1604.440934
2025-12-17 11:42:44,713 - INFO -   Std: 0.439455
2025-12-17 11:42:44,861 - INFO - Generation 40
2025-12-17 11:42:44,862 - INFO -   Best: 1603.514227
2025-12-17 11:42:44,862 - INFO -   Min: 1603.514227
2025-12-17 11:42:44,862 - INFO -   Max: 1605.638038
2025-12-17 11:42:44,862 - INFO -   Avg: 1604.377152
2025-12-17 11:42:44,862 - INFO -   Std: 0.516294
2025-12-17 11:42:45,005 - INFO - Generation 50
2025-12-17 11:42:45,005 - INFO -   Best: 1603.382785
2025-12-17 11:42:45,005 - INFO -   Min: 1603.382785
2025-12-17 11:42:45,006 - INFO -   Max: 1605.369472
2025-12-17 11:42:45,006 - INFO -   Avg: 1604.413235
2025-12-17 11:42:45,006 - INFO -   Std: 0.544469
2025-12-17 11:42:45,146 - INFO - Generation 60
2025-12-17 11:42:45,146 - INFO -   Best: 1603.372358
2025-12-17 11:42:45,146 - INFO -   Min: 1603.372358
2025-12-17 11:42:45,147 - INFO -   Max: 1605.966903
2025-12-17 11:42:45,147 - INFO -   Avg: 1604.434832
2025-12-17 11:42:45,147 - INFO -   Std: 0.613065
2025-12-17 11:42:45,281 - INFO - Generation 70
2025-12-17 11:42:45,281 - INFO -   Best: 1603.338306
2025-12-17 11:42:45,281 - INFO -   Min: 1603.338306
2025-12-17 11:42:45,281 - INFO -   Max: 1605.595060
2025-12-17 11:42:45,282 - INFO -   Avg: 1604.237567
2025-12-17 11:42:45,282 - INFO -   Std: 0.601495
2025-12-17 11:42:45,418 - INFO - Generation 80
2025-12-17 11:42:45,418 - INFO -   Best: 1603.338306
2025-12-17 11:42:45,418 - INFO -   Min: 1603.338306
2025-12-17 11:42:45,418 - INFO -   Max: 1605.308682
2025-12-17 11:42:45,418 - INFO -   Avg: 1604.347043
2025-12-17 11:42:45,419 - INFO -   Std: 0.553534
2025-12-17 11:42:45,554 - INFO - Generation 90
2025-12-17 11:42:45,554 - INFO -   Best: 1603.338306
2025-12-17 11:42:45,555 - INFO -   Min: 1603.338306
2025-12-17 11:42:45,555 - INFO -   Max: 1605.458872
2025-12-17 11:42:45,555 - INFO -   Avg: 1604.322397
2025-12-17 11:42:45,555 - INFO -   Std: 0.574471
2025-12-17 11:42:45,696 - INFO - Generation 100
2025-12-17 11:42:45,697 - INFO -   Best: 1603.253971
2025-12-17 11:42:45,697 - INFO -   Min: 1603.253971
2025-12-17 11:42:45,697 - INFO -   Max: 1605.611597
2025-12-17 11:42:45,697 - INFO -   Avg: 1604.396239
2025-12-17 11:42:45,697 - INFO -   Std: 0.563714
2025-12-17 11:42:45,846 - INFO - Generation 110
2025-12-17 11:42:45,846 - INFO -   Best: 1603.235748
2025-12-17 11:42:45,846 - INFO -   Min: 1603.235748
2025-12-17 11:42:45,846 - INFO -   Max: 1605.542324
2025-12-17 11:42:45,846 - INFO -   Avg: 1604.197405
2025-12-17 11:42:45,847 - INFO -   Std: 0.571152
2025-12-17 11:42:45,990 - INFO - Generation 120
2025-12-17 11:42:45,990 - INFO -   Best: 1603.138668
2025-12-17 11:42:45,990 - INFO -   Min: 1603.138668
2025-12-17 11:42:45,991 - INFO -   Max: 1605.527368
2025-12-17 11:42:45,991 - INFO -   Avg: 1604.388618
2025-12-17 11:42:45,991 - INFO -   Std: 0.568934
2025-12-17 11:42:46,135 - INFO - Generation 130
2025-12-17 11:42:46,135 - INFO -   Best: 1603.138668
2025-12-17 11:42:46,135 - INFO -   Min: 1603.138668
2025-12-17 11:42:46,135 - INFO -   Max: 1605.730831
2025-12-17 11:42:46,136 - INFO -   Avg: 1604.282759
2025-12-17 11:42:46,136 - INFO -   Std: 0.656525
2025-12-17 11:42:46,282 - INFO - Generation 140
2025-12-17 11:42:46,282 - INFO -   Best: 1603.121758
2025-12-17 11:42:46,283 - INFO -   Min: 1603.121758
2025-12-17 11:42:46,283 - INFO -   Max: 1605.737679
2025-12-17 11:42:46,283 - INFO -   Avg: 1604.317725
2025-12-17 11:42:46,283 - INFO -   Std: 0.553286
2025-12-17 11:42:46,430 - INFO - Generation 150
2025-12-17 11:42:46,430 - INFO -   Best: 1603.121758
2025-12-17 11:42:46,430 - INFO -   Min: 1603.121758
2025-12-17 11:42:46,431 - INFO -   Max: 1606.052381
2025-12-17 11:42:46,431 - INFO -   Avg: 1604.357657
2025-12-17 11:42:46,431 - INFO -   Std: 0.610789
2025-12-17 11:42:46,581 - INFO - Generation 160
2025-12-17 11:42:46,581 - INFO -   Best: 1603.121758
2025-12-17 11:42:46,581 - INFO -   Min: 1603.121758
2025-12-17 11:42:46,581 - INFO -   Max: 1605.626189
2025-12-17 11:42:46,581 - INFO -   Avg: 1604.372508
2025-12-17 11:42:46,581 - INFO -   Std: 0.602406
2025-12-17 11:42:46,720 - INFO - Generation 170
2025-12-17 11:42:46,720 - INFO -   Best: 1602.992808
2025-12-17 11:42:46,720 - INFO -   Min: 1602.992808
2025-12-17 11:42:46,721 - INFO -   Max: 1605.732324
2025-12-17 11:42:46,721 - INFO -   Avg: 1604.204591
2025-12-17 11:42:46,721 - INFO -   Std: 0.653709
2025-12-17 11:42:46,856 - INFO - Generation 180
2025-12-17 11:42:46,856 - INFO -   Best: 1602.992808
2025-12-17 11:42:46,856 - INFO -   Min: 1602.992808
2025-12-17 11:42:46,856 - INFO -   Max: 1605.388695
2025-12-17 11:42:46,856 - INFO -   Avg: 1604.240897
2025-12-17 11:42:46,856 - INFO -   Std: 0.684716
2025-12-17 11:42:46,990 - INFO - Generation 190
2025-12-17 11:42:46,990 - INFO -   Best: 1602.992808
2025-12-17 11:42:46,991 - INFO -   Min: 1602.992808
2025-12-17 11:42:46,991 - INFO -   Max: 1605.520046
2025-12-17 11:42:46,991 - INFO -   Avg: 1604.270394
2025-12-17 11:42:46,991 - INFO -   Std: 0.704039
2025-12-17 11:42:47,120 - INFO - Generation 200
2025-12-17 11:42:47,120 - INFO -   Best: 1602.992808
2025-12-17 11:42:47,120 - INFO -   Min: 1602.992808
2025-12-17 11:42:47,120 - INFO -   Max: 1605.733039
2025-12-17 11:42:47,121 - INFO -   Avg: 1604.093381
2025-12-17 11:42:47,121 - INFO -   Std: 0.773477
2025-12-17 11:42:47,130 - INFO - 
Final best fitness: 1602.9955430434
2025-12-17 11:42:47,130 - INFO - Execution time: 2.88s
