2025-12-17 11:34:39,056 - INFO - Representation: Real
2025-12-17 11:34:39,056 - INFO - Number of genes: 5
2025-12-17 11:34:39,056 - INFO - Bounds: [0, 3.141592653589793]
2025-12-17 11:34:39,056 - INFO - Function: michalewicz
2025-12-17 11:34:39,057 - INFO - Population size: 100
2025-12-17 11:34:39,057 - INFO - Generations: 200
2025-12-17 11:34:39,057 - INFO - Selection: tournament
2025-12-17 11:34:39,057 - INFO - Crossover: single_point
2025-12-17 11:34:39,057 - INFO - Mutation: random
2025-12-17 11:34:39,057 - INFO - 
2025-12-17 11:34:39,107 - INFO - Generation 10
2025-12-17 11:34:39,107 - INFO -   Best: -4.323871
2025-12-17 11:34:39,107 - INFO -   Min: -4.323871
2025-12-17 11:34:39,108 - INFO -   Max: -1.528863
2025-12-17 11:34:39,108 - INFO -   Avg: -3.208030
2025-12-17 11:34:39,108 - INFO -   Std: 0.609818
2025-12-17 11:34:39,152 - INFO - Generation 20
2025-12-17 11:34:39,153 - INFO -   Best: -4.323871
2025-12-17 11:34:39,153 - INFO -   Min: -4.323871
2025-12-17 11:34:39,153 - INFO -   Max: -1.533581
2025-12-17 11:34:39,153 - INFO -   Avg: -3.919494
2025-12-17 11:34:39,153 - INFO -   Std: 0.593118
2025-12-17 11:34:39,196 - INFO - Generation 30
2025-12-17 11:34:39,196 - INFO -   Best: -4.344867
2025-12-17 11:34:39,196 - INFO -   Min: -4.344867
2025-12-17 11:34:39,197 - INFO -   Max: -1.691330
2025-12-17 11:34:39,197 - INFO -   Avg: -3.839905
2025-12-17 11:34:39,197 - INFO -   Std: 0.660092
2025-12-17 11:34:39,239 - INFO - Generation 40
2025-12-17 11:34:39,240 - INFO -   Best: -4.344867
2025-12-17 11:34:39,240 - INFO -   Min: -4.344867
2025-12-17 11:34:39,240 - INFO -   Max: -1.835895
2025-12-17 11:34:39,240 - INFO -   Avg: -3.774800
2025-12-17 11:34:39,240 - INFO -   Std: 0.664307
2025-12-17 11:34:39,281 - INFO - Generation 50
2025-12-17 11:34:39,282 - INFO -   Best: -4.344867
2025-12-17 11:34:39,282 - INFO -   Min: -4.344867
2025-12-17 11:34:39,282 - INFO -   Max: -1.790531
2025-12-17 11:34:39,282 - INFO -   Avg: -3.885327
2025-12-17 11:34:39,282 - INFO -   Std: 0.540668
2025-12-17 11:34:39,324 - INFO - Generation 60
2025-12-17 11:34:39,324 - INFO -   Best: -4.344867
2025-12-17 11:34:39,324 - INFO -   Min: -4.344867
2025-12-17 11:34:39,324 - INFO -   Max: -0.277365
2025-12-17 11:34:39,324 - INFO -   Avg: -3.807275
2025-12-17 11:34:39,324 - INFO -   Std: 0.680802
2025-12-17 11:34:39,365 - INFO - Generation 70
2025-12-17 11:34:39,365 - INFO -   Best: -4.344867
2025-12-17 11:34:39,365 - INFO -   Min: -4.344867
2025-12-17 11:34:39,365 - INFO -   Max: -1.629182
2025-12-17 11:34:39,365 - INFO -   Avg: -3.951217
2025-12-17 11:34:39,366 - INFO -   Std: 0.578919
2025-12-17 11:34:39,406 - INFO - Generation 80
2025-12-17 11:34:39,406 - INFO -   Best: -4.344867
2025-12-17 11:34:39,407 - INFO -   Min: -4.344867
2025-12-17 11:34:39,407 - INFO -   Max: -1.651912
2025-12-17 11:34:39,407 - INFO -   Avg: -3.859282
2025-12-17 11:34:39,407 - INFO -   Std: 0.732587
2025-12-17 11:34:39,449 - INFO - Generation 90
2025-12-17 11:34:39,449 - INFO -   Best: -4.344867
2025-12-17 11:34:39,449 - INFO -   Min: -4.344867
2025-12-17 11:34:39,449 - INFO -   Max: -1.505286
2025-12-17 11:34:39,449 - INFO -   Avg: -3.786494
2025-12-17 11:34:39,449 - INFO -   Std: 0.714815
2025-12-17 11:34:39,491 - INFO - Generation 100
2025-12-17 11:34:39,492 - INFO -   Best: -4.344867
2025-12-17 11:34:39,492 - INFO -   Min: -4.344867
2025-12-17 11:34:39,492 - INFO -   Max: -1.862079
2025-12-17 11:34:39,492 - INFO -   Avg: -3.829164
2025-12-17 11:34:39,492 - INFO -   Std: 0.641723
2025-12-17 11:34:39,532 - INFO - Generation 110
2025-12-17 11:34:39,532 - INFO -   Best: -4.344867
2025-12-17 11:34:39,532 - INFO -   Min: -4.344867
2025-12-17 11:34:39,533 - INFO -   Max: -1.584210
2025-12-17 11:34:39,533 - INFO -   Avg: -3.869301
2025-12-17 11:34:39,533 - INFO -   Std: 0.634972
2025-12-17 11:34:39,574 - INFO - Generation 120
2025-12-17 11:34:39,574 - INFO -   Best: -4.344867
2025-12-17 11:34:39,575 - INFO -   Min: -4.344867
2025-12-17 11:34:39,575 - INFO -   Max: -2.197600
2025-12-17 11:34:39,575 - INFO -   Avg: -3.771029
2025-12-17 11:34:39,575 - INFO -   Std: 0.630089
2025-12-17 11:34:39,618 - INFO - Generation 130
2025-12-17 11:34:39,619 - INFO -   Best: -4.344867
2025-12-17 11:34:39,619 - INFO -   Min: -4.344867
2025-12-17 11:34:39,619 - INFO -   Max: -1.726806
2025-12-17 11:34:39,619 - INFO -   Avg: -3.797154
2025-12-17 11:34:39,619 - INFO -   Std: 0.672839
2025-12-17 11:34:39,661 - INFO - Generation 140
2025-12-17 11:34:39,661 - INFO -   Best: -4.344867
2025-12-17 11:34:39,661 - INFO -   Min: -4.344867
2025-12-17 11:34:39,661 - INFO -   Max: -2.354950
2025-12-17 11:34:39,662 - INFO -   Avg: -3.943695
2025-12-17 11:34:39,662 - INFO -   Std: 0.546809
2025-12-17 11:34:39,701 - INFO - Generation 150
2025-12-17 11:34:39,701 - INFO -   Best: -4.344867
2025-12-17 11:34:39,702 - INFO -   Min: -4.344867
2025-12-17 11:34:39,702 - INFO -   Max: -1.706839
2025-12-17 11:34:39,702 - INFO -   Avg: -3.882327
2025-12-17 11:34:39,702 - INFO -   Std: 0.617289
2025-12-17 11:34:39,744 - INFO - Generation 160
2025-12-17 11:34:39,744 - INFO -   Best: -4.344867
2025-12-17 11:34:39,744 - INFO -   Min: -4.344867
2025-12-17 11:34:39,744 - INFO -   Max: -1.908621
2025-12-17 11:34:39,745 - INFO -   Avg: -3.813349
2025-12-17 11:34:39,745 - INFO -   Std: 0.620629
2025-12-17 11:34:39,786 - INFO - Generation 170
2025-12-17 11:34:39,786 - INFO -   Best: -4.344867
2025-12-17 11:34:39,786 - INFO -   Min: -4.344867
2025-12-17 11:34:39,786 - INFO -   Max: -1.693612
2025-12-17 11:34:39,787 - INFO -   Avg: -3.784269
2025-12-17 11:34:39,787 - INFO -   Std: 0.663712
2025-12-17 11:34:39,829 - INFO - Generation 180
2025-12-17 11:34:39,829 - INFO -   Best: -4.344867
2025-12-17 11:34:39,829 - INFO -   Min: -4.344867
2025-12-17 11:34:39,829 - INFO -   Max: -2.083308
2025-12-17 11:34:39,829 - INFO -   Avg: -3.892691
2025-12-17 11:34:39,830 - INFO -   Std: 0.554932
2025-12-17 11:34:39,871 - INFO - Generation 190
2025-12-17 11:34:39,871 - INFO -   Best: -4.344867
2025-12-17 11:34:39,871 - INFO -   Min: -4.344867
2025-12-17 11:34:39,872 - INFO -   Max: -1.169409
2025-12-17 11:34:39,872 - INFO -   Avg: -3.875338
2025-12-17 11:34:39,872 - INFO -   Std: 0.702914
2025-12-17 11:34:39,915 - INFO - Generation 200
2025-12-17 11:34:39,915 - INFO -   Best: -4.344867
2025-12-17 11:34:39,915 - INFO -   Min: -4.344867
2025-12-17 11:34:39,915 - INFO -   Max: -1.912101
2025-12-17 11:34:39,915 - INFO -   Avg: -3.942889
2025-12-17 11:34:39,916 - INFO -   Std: 0.574938
2025-12-17 11:34:39,918 - INFO - 
Final best fitness: -4.2988817575
2025-12-17 11:34:39,918 - INFO - Execution time: 0.85s
2025-12-17 11:35:03,291 - INFO - Representation: Real
2025-12-17 11:35:03,291 - INFO - Number of genes: 10
2025-12-17 11:35:03,291 - INFO - Bounds: [0, 3.141592653589793]
2025-12-17 11:35:03,292 - INFO - Function: michalewicz
2025-12-17 11:35:03,292 - INFO - Population size: 100
2025-12-17 11:35:03,292 - INFO - Generations: 200
2025-12-17 11:35:03,292 - INFO - Selection: tournament
2025-12-17 11:35:03,292 - INFO - Crossover: single_point
2025-12-17 11:35:03,292 - INFO - Mutation: random
2025-12-17 11:35:03,292 - INFO - 
2025-12-17 11:35:03,364 - INFO - Generation 10
2025-12-17 11:35:03,364 - INFO -   Best: -7.655169
2025-12-17 11:35:03,364 - INFO -   Min: -7.655169
2025-12-17 11:35:03,365 - INFO -   Max: -2.856672
2025-12-17 11:35:03,365 - INFO -   Avg: -5.287618
2025-12-17 11:35:03,365 - INFO -   Std: 1.086094
2025-12-17 11:35:03,429 - INFO - Generation 20
2025-12-17 11:35:03,430 - INFO -   Best: -8.703741
2025-12-17 11:35:03,430 - INFO -   Min: -8.703741
2025-12-17 11:35:03,430 - INFO -   Max: -4.762676
2025-12-17 11:35:03,430 - INFO -   Avg: -6.997022
2025-12-17 11:35:03,430 - INFO -   Std: 0.940273
2025-12-17 11:35:03,489 - INFO - Generation 30
2025-12-17 11:35:03,490 - INFO -   Best: -8.961909
2025-12-17 11:35:03,490 - INFO -   Min: -8.961909
2025-12-17 11:35:03,490 - INFO -   Max: -5.077401
2025-12-17 11:35:03,490 - INFO -   Avg: -7.546113
2025-12-17 11:35:03,490 - INFO -   Std: 0.908767
2025-12-17 11:35:03,545 - INFO - Generation 40
2025-12-17 11:35:03,545 - INFO -   Best: -9.058443
2025-12-17 11:35:03,546 - INFO -   Min: -9.058443
2025-12-17 11:35:03,546 - INFO -   Max: -4.871357
2025-12-17 11:35:03,546 - INFO -   Avg: -7.688289
2025-12-17 11:35:03,546 - INFO -   Std: 1.062020
2025-12-17 11:35:03,601 - INFO - Generation 50
2025-12-17 11:35:03,601 - INFO -   Best: -9.104450
2025-12-17 11:35:03,602 - INFO -   Min: -9.104450
2025-12-17 11:35:03,602 - INFO -   Max: -4.266332
2025-12-17 11:35:03,602 - INFO -   Avg: -7.667198
2025-12-17 11:35:03,602 - INFO -   Std: 1.046609
2025-12-17 11:35:03,658 - INFO - Generation 60
2025-12-17 11:35:03,658 - INFO -   Best: -9.106744
2025-12-17 11:35:03,659 - INFO -   Min: -9.106744
2025-12-17 11:35:03,659 - INFO -   Max: -4.405946
2025-12-17 11:35:03,659 - INFO -   Avg: -7.664969
2025-12-17 11:35:03,659 - INFO -   Std: 1.136411
2025-12-17 11:35:03,716 - INFO - Generation 70
2025-12-17 11:35:03,716 - INFO -   Best: -9.106744
2025-12-17 11:35:03,716 - INFO -   Min: -9.106744
2025-12-17 11:35:03,716 - INFO -   Max: -3.647353
2025-12-17 11:35:03,716 - INFO -   Avg: -7.320908
2025-12-17 11:35:03,717 - INFO -   Std: 1.058012
2025-12-17 11:35:03,778 - INFO - Generation 80
2025-12-17 11:35:03,778 - INFO -   Best: -9.106744
2025-12-17 11:35:03,778 - INFO -   Min: -9.106744
2025-12-17 11:35:03,779 - INFO -   Max: -4.713260
2025-12-17 11:35:03,779 - INFO -   Avg: -7.593441
2025-12-17 11:35:03,779 - INFO -   Std: 1.120260
2025-12-17 11:35:03,834 - INFO - Generation 90
2025-12-17 11:35:03,834 - INFO -   Best: -9.106744
2025-12-17 11:35:03,834 - INFO -   Min: -9.106744
2025-12-17 11:35:03,835 - INFO -   Max: -3.780181
2025-12-17 11:35:03,835 - INFO -   Avg: -7.687778
2025-12-17 11:35:03,835 - INFO -   Std: 0.954080
2025-12-17 11:35:03,891 - INFO - Generation 100
2025-12-17 11:35:03,892 - INFO -   Best: -9.135938
2025-12-17 11:35:03,892 - INFO -   Min: -9.135938
2025-12-17 11:35:03,892 - INFO -   Max: -5.504286
2025-12-17 11:35:03,892 - INFO -   Avg: -7.496121
2025-12-17 11:35:03,892 - INFO -   Std: 1.091076
2025-12-17 11:35:03,947 - INFO - Generation 110
2025-12-17 11:35:03,947 - INFO -   Best: -9.135938
2025-12-17 11:35:03,948 - INFO -   Min: -9.135938
2025-12-17 11:35:03,948 - INFO -   Max: -5.766365
2025-12-17 11:35:03,948 - INFO -   Avg: -7.890231
2025-12-17 11:35:03,948 - INFO -   Std: 0.910252
2025-12-17 11:35:04,005 - INFO - Generation 120
2025-12-17 11:35:04,005 - INFO -   Best: -9.135938
2025-12-17 11:35:04,005 - INFO -   Min: -9.135938
2025-12-17 11:35:04,005 - INFO -   Max: -4.580094
2025-12-17 11:35:04,006 - INFO -   Avg: -7.475869
2025-12-17 11:35:04,006 - INFO -   Std: 1.096375
2025-12-17 11:35:04,063 - INFO - Generation 130
2025-12-17 11:35:04,063 - INFO -   Best: -9.138349
2025-12-17 11:35:04,063 - INFO -   Min: -9.138349
2025-12-17 11:35:04,063 - INFO -   Max: -4.293685
2025-12-17 11:35:04,063 - INFO -   Avg: -7.507745
2025-12-17 11:35:04,064 - INFO -   Std: 1.140171
2025-12-17 11:35:04,119 - INFO - Generation 140
2025-12-17 11:35:04,120 - INFO -   Best: -9.138349
2025-12-17 11:35:04,120 - INFO -   Min: -9.138349
2025-12-17 11:35:04,120 - INFO -   Max: -4.076537
2025-12-17 11:35:04,120 - INFO -   Avg: -7.454198
2025-12-17 11:35:04,120 - INFO -   Std: 1.262199
2025-12-17 11:35:04,179 - INFO - Generation 150
2025-12-17 11:35:04,179 - INFO -   Best: -9.138349
2025-12-17 11:35:04,179 - INFO -   Min: -9.138349
2025-12-17 11:35:04,179 - INFO -   Max: -4.326582
2025-12-17 11:35:04,179 - INFO -   Avg: -7.391507
2025-12-17 11:35:04,180 - INFO -   Std: 0.996376
2025-12-17 11:35:04,236 - INFO - Generation 160
2025-12-17 11:35:04,236 - INFO -   Best: -9.146755
2025-12-17 11:35:04,236 - INFO -   Min: -9.146755
2025-12-17 11:35:04,237 - INFO -   Max: -3.613034
2025-12-17 11:35:04,237 - INFO -   Avg: -7.583198
2025-12-17 11:35:04,237 - INFO -   Std: 1.287824
2025-12-17 11:35:04,291 - INFO - Generation 170
2025-12-17 11:35:04,291 - INFO -   Best: -9.146755
2025-12-17 11:35:04,291 - INFO -   Min: -9.146755
2025-12-17 11:35:04,291 - INFO -   Max: -4.975390
2025-12-17 11:35:04,293 - INFO -   Avg: -7.886370
2025-12-17 11:35:04,293 - INFO -   Std: 1.025060
2025-12-17 11:35:04,347 - INFO - Generation 180
2025-12-17 11:35:04,347 - INFO -   Best: -9.146755
2025-12-17 11:35:04,347 - INFO -   Min: -9.146755
2025-12-17 11:35:04,347 - INFO -   Max: -4.178429
2025-12-17 11:35:04,348 - INFO -   Avg: -7.742550
2025-12-17 11:35:04,348 - INFO -   Std: 1.108636
2025-12-17 11:35:04,408 - INFO - Generation 190
2025-12-17 11:35:04,408 - INFO -   Best: -9.146755
2025-12-17 11:35:04,408 - INFO -   Min: -9.146755
2025-12-17 11:35:04,408 - INFO -   Max: -3.112848
2025-12-17 11:35:04,408 - INFO -   Avg: -7.037289
2025-12-17 11:35:04,408 - INFO -   Std: 1.172468
2025-12-17 11:35:04,464 - INFO - Generation 200
2025-12-17 11:35:04,465 - INFO -   Best: -9.146755
2025-12-17 11:35:04,465 - INFO -   Min: -9.146755
2025-12-17 11:35:04,465 - INFO -   Max: -4.244614
2025-12-17 11:35:04,465 - INFO -   Avg: -7.522862
2025-12-17 11:35:04,465 - INFO -   Std: 1.086134
2025-12-17 11:35:04,469 - INFO - 
Final best fitness: -8.5284352071
2025-12-17 11:35:04,469 - INFO - Execution time: 1.16s
2025-12-17 11:36:35,186 - INFO - Representation: Real
2025-12-17 11:36:35,186 - INFO - Number of genes: 5
2025-12-17 11:36:35,187 - INFO - Bounds: [0, 3.141592653589793]
2025-12-17 11:36:35,187 - INFO - Function: michalewicz
2025-12-17 11:36:35,187 - INFO - Population size: 100
2025-12-17 11:36:35,187 - INFO - Generations: 200
2025-12-17 11:36:35,187 - INFO - Selection: tournament
2025-12-17 11:36:35,187 - INFO - Crossover: single_point
2025-12-17 11:36:35,187 - INFO - Mutation: random
2025-12-17 11:36:35,187 - INFO - 
2025-12-17 11:36:35,237 - INFO - Generation 10
2025-12-17 11:36:35,238 - INFO -   Best: -4.497251
2025-12-17 11:36:35,238 - INFO -   Min: -4.497251
2025-12-17 11:36:35,238 - INFO -   Max: -1.156530
2025-12-17 11:36:35,238 - INFO -   Avg: -3.525024
2025-12-17 11:36:35,238 - INFO -   Std: 0.608407
2025-12-17 11:36:35,280 - INFO - Generation 20
2025-12-17 11:36:35,280 - INFO -   Best: -4.679466
2025-12-17 11:36:35,281 - INFO -   Min: -4.679466
2025-12-17 11:36:35,281 - INFO -   Max: -0.968711
2025-12-17 11:36:35,281 - INFO -   Avg: -3.978347
2025-12-17 11:36:35,281 - INFO -   Std: 0.794531
2025-12-17 11:36:35,321 - INFO - Generation 30
2025-12-17 11:36:35,322 - INFO -   Best: -4.682251
2025-12-17 11:36:35,322 - INFO -   Min: -4.682251
2025-12-17 11:36:35,322 - INFO -   Max: -1.799773
2025-12-17 11:36:35,322 - INFO -   Avg: -4.024581
2025-12-17 11:36:35,322 - INFO -   Std: 0.809052
2025-12-17 11:36:35,361 - INFO - Generation 40
2025-12-17 11:36:35,361 - INFO -   Best: -4.682251
2025-12-17 11:36:35,361 - INFO -   Min: -4.682251
2025-12-17 11:36:35,361 - INFO -   Max: -2.131412
2025-12-17 11:36:35,362 - INFO -   Avg: -4.234408
2025-12-17 11:36:35,362 - INFO -   Std: 0.601318
2025-12-17 11:36:35,403 - INFO - Generation 50
2025-12-17 11:36:35,404 - INFO -   Best: -4.682251
2025-12-17 11:36:35,404 - INFO -   Min: -4.682251
2025-12-17 11:36:35,404 - INFO -   Max: -2.029013
2025-12-17 11:36:35,404 - INFO -   Avg: -4.205530
2025-12-17 11:36:35,404 - INFO -   Std: 0.621370
2025-12-17 11:36:35,443 - INFO - Generation 60
2025-12-17 11:36:35,443 - INFO -   Best: -4.682251
2025-12-17 11:36:35,443 - INFO -   Min: -4.682251
2025-12-17 11:36:35,444 - INFO -   Max: -1.789143
2025-12-17 11:36:35,444 - INFO -   Avg: -4.187559
2025-12-17 11:36:35,444 - INFO -   Std: 0.725853
2025-12-17 11:36:35,484 - INFO - Generation 70
2025-12-17 11:36:35,484 - INFO -   Best: -4.682251
2025-12-17 11:36:35,484 - INFO -   Min: -4.682251
2025-12-17 11:36:35,484 - INFO -   Max: -2.873927
2025-12-17 11:36:35,484 - INFO -   Avg: -4.284537
2025-12-17 11:36:35,484 - INFO -   Std: 0.522547
2025-12-17 11:36:35,523 - INFO - Generation 80
2025-12-17 11:36:35,523 - INFO -   Best: -4.682251
2025-12-17 11:36:35,523 - INFO -   Min: -4.682251
2025-12-17 11:36:35,524 - INFO -   Max: -1.360343
2025-12-17 11:36:35,524 - INFO -   Avg: -4.229470
2025-12-17 11:36:35,524 - INFO -   Std: 0.708848
2025-12-17 11:36:35,564 - INFO - Generation 90
2025-12-17 11:36:35,564 - INFO -   Best: -4.682251
2025-12-17 11:36:35,564 - INFO -   Min: -4.682251
2025-12-17 11:36:35,564 - INFO -   Max: -1.886080
2025-12-17 11:36:35,565 - INFO -   Avg: -4.170089
2025-12-17 11:36:35,565 - INFO -   Std: 0.702348
2025-12-17 11:36:35,603 - INFO - Generation 100
2025-12-17 11:36:35,603 - INFO -   Best: -4.682251
2025-12-17 11:36:35,603 - INFO -   Min: -4.682251
2025-12-17 11:36:35,604 - INFO -   Max: -1.713697
2025-12-17 11:36:35,604 - INFO -   Avg: -4.125054
2025-12-17 11:36:35,604 - INFO -   Std: 0.741012
2025-12-17 11:36:35,643 - INFO - Generation 110
2025-12-17 11:36:35,643 - INFO -   Best: -4.682251
2025-12-17 11:36:35,643 - INFO -   Min: -4.682251
2025-12-17 11:36:35,643 - INFO -   Max: -1.880728
2025-12-17 11:36:35,643 - INFO -   Avg: -4.028911
2025-12-17 11:36:35,644 - INFO -   Std: 0.811585
2025-12-17 11:36:35,683 - INFO - Generation 120
2025-12-17 11:36:35,683 - INFO -   Best: -4.682251
2025-12-17 11:36:35,683 - INFO -   Min: -4.682251
2025-12-17 11:36:35,683 - INFO -   Max: -2.274729
2025-12-17 11:36:35,684 - INFO -   Avg: -4.166161
2025-12-17 11:36:35,684 - INFO -   Std: 0.685880
2025-12-17 11:36:35,724 - INFO - Generation 130
2025-12-17 11:36:35,725 - INFO -   Best: -4.682251
2025-12-17 11:36:35,725 - INFO -   Min: -4.682251
2025-12-17 11:36:35,725 - INFO -   Max: -1.778843
2025-12-17 11:36:35,725 - INFO -   Avg: -4.149571
2025-12-17 11:36:35,725 - INFO -   Std: 0.679596
2025-12-17 11:36:35,765 - INFO - Generation 140
2025-12-17 11:36:35,765 - INFO -   Best: -4.682251
2025-12-17 11:36:35,765 - INFO -   Min: -4.682251
2025-12-17 11:36:35,766 - INFO -   Max: -1.911869
2025-12-17 11:36:35,766 - INFO -   Avg: -4.193717
2025-12-17 11:36:35,766 - INFO -   Std: 0.656177
2025-12-17 11:36:35,805 - INFO - Generation 150
2025-12-17 11:36:35,806 - INFO -   Best: -4.682251
2025-12-17 11:36:35,806 - INFO -   Min: -4.682251
2025-12-17 11:36:35,806 - INFO -   Max: -0.836341
2025-12-17 11:36:35,806 - INFO -   Avg: -4.041929
2025-12-17 11:36:35,806 - INFO -   Std: 0.816855
2025-12-17 11:36:35,846 - INFO - Generation 160
2025-12-17 11:36:35,846 - INFO -   Best: -4.682251
2025-12-17 11:36:35,846 - INFO -   Min: -4.682251
2025-12-17 11:36:35,847 - INFO -   Max: -1.428337
2025-12-17 11:36:35,847 - INFO -   Avg: -4.011010
2025-12-17 11:36:35,847 - INFO -   Std: 0.788303
2025-12-17 11:36:35,889 - INFO - Generation 170
2025-12-17 11:36:35,889 - INFO -   Best: -4.682251
2025-12-17 11:36:35,889 - INFO -   Min: -4.682251
2025-12-17 11:36:35,889 - INFO -   Max: -2.173132
2025-12-17 11:36:35,890 - INFO -   Avg: -4.162457
2025-12-17 11:36:35,890 - INFO -   Std: 0.682584
2025-12-17 11:36:35,929 - INFO - Generation 180
2025-12-17 11:36:35,929 - INFO -   Best: -4.682251
2025-12-17 11:36:35,930 - INFO -   Min: -4.682251
2025-12-17 11:36:35,930 - INFO -   Max: -1.741333
2025-12-17 11:36:35,930 - INFO -   Avg: -4.052709
2025-12-17 11:36:35,930 - INFO -   Std: 0.687331
2025-12-17 11:36:35,972 - INFO - Generation 190
2025-12-17 11:36:35,972 - INFO -   Best: -4.682251
2025-12-17 11:36:35,972 - INFO -   Min: -4.682251
2025-12-17 11:36:35,972 - INFO -   Max: -1.875373
2025-12-17 11:36:35,972 - INFO -   Avg: -4.170201
2025-12-17 11:36:35,973 - INFO -   Std: 0.684114
2025-12-17 11:36:36,011 - INFO - Generation 200
2025-12-17 11:36:36,011 - INFO -   Best: -4.682251
2025-12-17 11:36:36,012 - INFO -   Min: -4.682251
2025-12-17 11:36:36,012 - INFO -   Max: -1.720654
2025-12-17 11:36:36,012 - INFO -   Avg: -4.167069
2025-12-17 11:36:36,012 - INFO -   Std: 0.689388
2025-12-17 11:36:36,015 - INFO - 
Final best fitness: -4.6822509760
2025-12-17 11:36:36,015 - INFO - Execution time: 0.82s
