2025-12-17 11:43:41,102 - INFO - Representation: Real
2025-12-17 11:43:41,102 - INFO - Number of genes: 20
2025-12-17 11:43:41,102 - INFO - Bounds: [-100, 100]
2025-12-17 11:43:41,102 - INFO - Function: f16_2014
2025-12-17 11:43:41,102 - INFO - Population size: 100
2025-12-17 11:43:41,103 - INFO - Generations: 200
2025-12-17 11:43:41,103 - INFO - Selection: tournament
2025-12-17 11:43:41,103 - INFO - Crossover: single_point
2025-12-17 11:43:41,103 - INFO - Mutation: random
2025-12-17 11:43:41,103 - INFO - 
2025-12-17 11:43:41,435 - INFO - Generation 10
2025-12-17 11:43:41,435 - INFO -   Best: 1608.221202
2025-12-17 11:43:41,435 - INFO -   Min: 1608.221202
2025-12-17 11:43:41,436 - INFO -   Max: 1610.376116
2025-12-17 11:43:41,436 - INFO -   Avg: 1609.556431
2025-12-17 11:43:41,436 - INFO -   Std: 0.406421
2025-12-17 11:43:41,714 - INFO - Generation 20
2025-12-17 11:43:41,715 - INFO -   Best: 1607.773372
2025-12-17 11:43:41,715 - INFO -   Min: 1607.773372
2025-12-17 11:43:41,715 - INFO -   Max: 1611.289387
2025-12-17 11:43:41,715 - INFO -   Avg: 1609.389454
2025-12-17 11:43:41,715 - INFO -   Std: 0.609424
2025-12-17 11:43:41,995 - INFO - Generation 30
2025-12-17 11:43:41,996 - INFO -   Best: 1607.569886
2025-12-17 11:43:41,996 - INFO -   Min: 1607.569886
2025-12-17 11:43:41,996 - INFO -   Max: 1610.885845
2025-12-17 11:43:41,996 - INFO -   Avg: 1608.901996
2025-12-17 11:43:41,996 - INFO -   Std: 0.604823
2025-12-17 11:43:42,271 - INFO - Generation 40
2025-12-17 11:43:42,271 - INFO -   Best: 1607.521736
2025-12-17 11:43:42,271 - INFO -   Min: 1607.521736
2025-12-17 11:43:42,271 - INFO -   Max: 1610.617693
2025-12-17 11:43:42,271 - INFO -   Avg: 1608.890323
2025-12-17 11:43:42,272 - INFO -   Std: 0.644708
2025-12-17 11:43:42,549 - INFO - Generation 50
2025-12-17 11:43:42,549 - INFO -   Best: 1607.440420
2025-12-17 11:43:42,550 - INFO -   Min: 1607.440420
2025-12-17 11:43:42,550 - INFO -   Max: 1610.762221
2025-12-17 11:43:42,550 - INFO -   Avg: 1608.793146
2025-12-17 11:43:42,550 - INFO -   Std: 0.685030
2025-12-17 11:43:42,827 - INFO - Generation 60
2025-12-17 11:43:42,827 - INFO -   Best: 1607.010339
2025-12-17 11:43:42,827 - INFO -   Min: 1607.010339
2025-12-17 11:43:42,827 - INFO -   Max: 1610.344244
2025-12-17 11:43:42,827 - INFO -   Avg: 1608.861037
2025-12-17 11:43:42,828 - INFO -   Std: 0.694086
2025-12-17 11:43:43,100 - INFO - Generation 70
2025-12-17 11:43:43,100 - INFO -   Best: 1606.966050
2025-12-17 11:43:43,100 - INFO -   Min: 1606.966050
2025-12-17 11:43:43,100 - INFO -   Max: 1610.553985
2025-12-17 11:43:43,101 - INFO -   Avg: 1608.724409
2025-12-17 11:43:43,101 - INFO -   Std: 0.688631
2025-12-17 11:43:43,379 - INFO - Generation 80
2025-12-17 11:43:43,380 - INFO -   Best: 1606.959182
2025-12-17 11:43:43,380 - INFO -   Min: 1606.959182
2025-12-17 11:43:43,380 - INFO -   Max: 1610.360075
2025-12-17 11:43:43,380 - INFO -   Avg: 1608.805662
2025-12-17 11:43:43,380 - INFO -   Std: 0.680393
2025-12-17 11:43:43,658 - INFO - Generation 90
2025-12-17 11:43:43,659 - INFO -   Best: 1606.772557
2025-12-17 11:43:43,659 - INFO -   Min: 1606.772557
2025-12-17 11:43:43,659 - INFO -   Max: 1610.341810
2025-12-17 11:43:43,659 - INFO -   Avg: 1608.679917
2025-12-17 11:43:43,659 - INFO -   Std: 0.878437
2025-12-17 11:43:43,938 - INFO - Generation 100
2025-12-17 11:43:43,938 - INFO -   Best: 1606.763206
2025-12-17 11:43:43,939 - INFO -   Min: 1606.763206
2025-12-17 11:43:43,939 - INFO -   Max: 1610.402919
2025-12-17 11:43:43,939 - INFO -   Avg: 1608.777847
2025-12-17 11:43:43,939 - INFO -   Std: 0.693378
2025-12-17 11:43:44,214 - INFO - Generation 110
2025-12-17 11:43:44,214 - INFO -   Best: 1606.615827
2025-12-17 11:43:44,214 - INFO -   Min: 1606.615827
2025-12-17 11:43:44,214 - INFO -   Max: 1611.251310
2025-12-17 11:43:44,215 - INFO -   Avg: 1608.691760
2025-12-17 11:43:44,215 - INFO -   Std: 0.943334
2025-12-17 11:43:44,485 - INFO - Generation 120
2025-12-17 11:43:44,486 - INFO -   Best: 1606.529614
2025-12-17 11:43:44,486 - INFO -   Min: 1606.529614
2025-12-17 11:43:44,486 - INFO -   Max: 1610.418691
2025-12-17 11:43:44,486 - INFO -   Avg: 1608.456646
2025-12-17 11:43:44,487 - INFO -   Std: 0.799840
2025-12-17 11:43:44,760 - INFO - Generation 130
2025-12-17 11:43:44,760 - INFO -   Best: 1606.525246
2025-12-17 11:43:44,760 - INFO -   Min: 1606.525246
2025-12-17 11:43:44,761 - INFO -   Max: 1610.388834
2025-12-17 11:43:44,761 - INFO -   Avg: 1608.656007
2025-12-17 11:43:44,761 - INFO -   Std: 0.842085
2025-12-17 11:43:45,036 - INFO - Generation 140
2025-12-17 11:43:45,036 - INFO -   Best: 1606.244847
2025-12-17 11:43:45,036 - INFO -   Min: 1606.244847
2025-12-17 11:43:45,037 - INFO -   Max: 1610.651436
2025-12-17 11:43:45,037 - INFO -   Avg: 1608.358689
2025-12-17 11:43:45,037 - INFO -   Std: 0.988199
2025-12-17 11:43:45,311 - INFO - Generation 150
2025-12-17 11:43:45,311 - INFO -   Best: 1606.208515
2025-12-17 11:43:45,312 - INFO -   Min: 1606.208515
2025-12-17 11:43:45,312 - INFO -   Max: 1610.178209
2025-12-17 11:43:45,312 - INFO -   Avg: 1608.576532
2025-12-17 11:43:45,312 - INFO -   Std: 0.900113
2025-12-17 11:43:45,589 - INFO - Generation 160
2025-12-17 11:43:45,589 - INFO -   Best: 1606.208413
2025-12-17 11:43:45,589 - INFO -   Min: 1606.208413
2025-12-17 11:43:45,590 - INFO -   Max: 1610.217397
2025-12-17 11:43:45,590 - INFO -   Avg: 1608.341313
2025-12-17 11:43:45,590 - INFO -   Std: 0.902702
2025-12-17 11:43:45,866 - INFO - Generation 170
2025-12-17 11:43:45,867 - INFO -   Best: 1606.106974
2025-12-17 11:43:45,867 - INFO -   Min: 1606.106974
2025-12-17 11:43:45,867 - INFO -   Max: 1610.575665
2025-12-17 11:43:45,867 - INFO -   Avg: 1608.363123
2025-12-17 11:43:45,867 - INFO -   Std: 0.919277
2025-12-17 11:43:46,142 - INFO - Generation 180
2025-12-17 11:43:46,143 - INFO -   Best: 1606.080306
2025-12-17 11:43:46,143 - INFO -   Min: 1606.080306
2025-12-17 11:43:46,143 - INFO -   Max: 1610.292835
2025-12-17 11:43:46,143 - INFO -   Avg: 1608.151570
2025-12-17 11:43:46,143 - INFO -   Std: 0.939089
2025-12-17 11:43:46,420 - INFO - Generation 190
2025-12-17 11:43:46,420 - INFO -   Best: 1605.763427
2025-12-17 11:43:46,421 - INFO -   Min: 1605.763427
2025-12-17 11:43:46,421 - INFO -   Max: 1610.464633
2025-12-17 11:43:46,421 - INFO -   Avg: 1608.148416
2025-12-17 11:43:46,421 - INFO -   Std: 1.020076
2025-12-17 11:43:46,697 - INFO - Generation 200
2025-12-17 11:43:46,697 - INFO -   Best: 1605.701020
2025-12-17 11:43:46,697 - INFO -   Min: 1605.701020
2025-12-17 11:43:46,697 - INFO -   Max: 1610.406673
2025-12-17 11:43:46,697 - INFO -   Avg: 1608.192325
2025-12-17 11:43:46,698 - INFO -   Std: 0.940740
2025-12-17 11:43:46,715 - INFO - 
Final best fitness: 1605.7010200712
2025-12-17 11:43:46,715 - INFO - Execution time: 5.57s
