2025-12-17 12:08:34,321 - INFO - Representation: Binary
2025-12-17 12:08:34,322 - INFO - Bits per variable: 12
2025-12-17 12:08:34,322 - INFO - Total genes: 60
2025-12-17 12:08:34,322 - INFO - Function: michalewicz
2025-12-17 12:08:34,322 - INFO - Population size: 100
2025-12-17 12:08:34,322 - INFO - Generations: 200
2025-12-17 12:08:34,322 - INFO - Selection: rws
2025-12-17 12:08:34,322 - INFO - Crossover: two_points
2025-12-17 12:08:34,322 - INFO - Mutation: swap
2025-12-17 12:08:34,323 - INFO - 
2025-12-17 12:08:34,506 - INFO - Generation 10
2025-12-17 12:08:34,507 - INFO -   Best: -4.357255
2025-12-17 12:08:34,507 - INFO -   Min: -4.357255
2025-12-17 12:08:34,507 - INFO -   Max: -0.740401
2025-12-17 12:08:34,507 - INFO -   Avg: -2.735047
2025-12-17 12:08:34,507 - INFO -   Std: 0.836557
2025-12-17 12:08:34,598 - INFO - Generation 20
2025-12-17 12:08:34,598 - INFO -   Best: -4.402566
2025-12-17 12:08:34,598 - INFO -   Min: -4.402566
2025-12-17 12:08:34,598 - INFO -   Max: -0.973170
2025-12-17 12:08:34,599 - INFO -   Avg: -2.724817
2025-12-17 12:08:34,599 - INFO -   Std: 0.839563
2025-12-17 12:08:34,679 - INFO - Generation 30
2025-12-17 12:08:34,679 - INFO -   Best: -4.563413
2025-12-17 12:08:34,680 - INFO -   Min: -4.563413
2025-12-17 12:08:34,680 - INFO -   Max: -0.190191
2025-12-17 12:08:34,680 - INFO -   Avg: -3.255767
2025-12-17 12:08:34,680 - INFO -   Std: 0.810971
2025-12-17 12:08:34,764 - INFO - Generation 40
2025-12-17 12:08:34,764 - INFO -   Best: -4.579147
2025-12-17 12:08:34,765 - INFO -   Min: -4.579147
2025-12-17 12:08:34,765 - INFO -   Max: -1.998520
2025-12-17 12:08:34,765 - INFO -   Avg: -3.639570
2025-12-17 12:08:34,765 - INFO -   Std: 0.601401
2025-12-17 12:08:34,848 - INFO - Generation 50
2025-12-17 12:08:34,849 - INFO -   Best: -4.590816
2025-12-17 12:08:34,849 - INFO -   Min: -4.590816
2025-12-17 12:08:34,849 - INFO -   Max: -1.788008
2025-12-17 12:08:34,849 - INFO -   Avg: -3.743017
2025-12-17 12:08:34,849 - INFO -   Std: 0.594000
2025-12-17 12:08:34,932 - INFO - Generation 60
2025-12-17 12:08:34,932 - INFO -   Best: -4.595181
2025-12-17 12:08:34,932 - INFO -   Min: -4.595181
2025-12-17 12:08:34,933 - INFO -   Max: -1.770880
2025-12-17 12:08:34,933 - INFO -   Avg: -4.127959
2025-12-17 12:08:34,933 - INFO -   Std: 0.480938
2025-12-17 12:08:35,015 - INFO - Generation 70
2025-12-17 12:08:35,015 - INFO -   Best: -4.595379
2025-12-17 12:08:35,016 - INFO -   Min: -4.595379
2025-12-17 12:08:35,016 - INFO -   Max: -3.432484
2025-12-17 12:08:35,016 - INFO -   Avg: -4.246782
2025-12-17 12:08:35,016 - INFO -   Std: 0.348263
2025-12-17 12:08:35,097 - INFO - Generation 80
2025-12-17 12:08:35,097 - INFO -   Best: -4.595379
2025-12-17 12:08:35,097 - INFO -   Min: -4.595379
2025-12-17 12:08:35,098 - INFO -   Max: -2.632210
2025-12-17 12:08:35,098 - INFO -   Avg: -4.152013
2025-12-17 12:08:35,098 - INFO -   Std: 0.425978
2025-12-17 12:08:35,175 - INFO - Generation 90
2025-12-17 12:08:35,175 - INFO -   Best: -4.595379
2025-12-17 12:08:35,175 - INFO -   Min: -4.595379
2025-12-17 12:08:35,176 - INFO -   Max: -3.069840
2025-12-17 12:08:35,176 - INFO -   Avg: -4.308464
2025-12-17 12:08:35,176 - INFO -   Std: 0.373680
2025-12-17 12:08:35,255 - INFO - Generation 100
2025-12-17 12:08:35,255 - INFO -   Best: -4.595379
2025-12-17 12:08:35,255 - INFO -   Min: -4.595379
2025-12-17 12:08:35,255 - INFO -   Max: -3.299396
2025-12-17 12:08:35,255 - INFO -   Avg: -4.365389
2025-12-17 12:08:35,256 - INFO -   Std: 0.342770
2025-12-17 12:08:35,339 - INFO - Generation 110
2025-12-17 12:08:35,339 - INFO -   Best: -4.595379
2025-12-17 12:08:35,340 - INFO -   Min: -4.595379
2025-12-17 12:08:35,340 - INFO -   Max: -2.612081
2025-12-17 12:08:35,340 - INFO -   Avg: -4.173171
2025-12-17 12:08:35,340 - INFO -   Std: 0.533895
2025-12-17 12:08:35,423 - INFO - Generation 120
2025-12-17 12:08:35,423 - INFO -   Best: -4.595379
2025-12-17 12:08:35,423 - INFO -   Min: -4.595379
2025-12-17 12:08:35,424 - INFO -   Max: -2.612081
2025-12-17 12:08:35,424 - INFO -   Avg: -4.043787
2025-12-17 12:08:35,424 - INFO -   Std: 0.524490
2025-12-17 12:08:35,507 - INFO - Generation 130
2025-12-17 12:08:35,507 - INFO -   Best: -4.595379
2025-12-17 12:08:35,508 - INFO -   Min: -4.595379
2025-12-17 12:08:35,508 - INFO -   Max: -3.469625
2025-12-17 12:08:35,508 - INFO -   Avg: -4.401649
2025-12-17 12:08:35,508 - INFO -   Std: 0.295627
2025-12-17 12:08:35,589 - INFO - Generation 140
2025-12-17 12:08:35,589 - INFO -   Best: -4.595379
2025-12-17 12:08:35,589 - INFO -   Min: -4.595379
2025-12-17 12:08:35,590 - INFO -   Max: -2.675113
2025-12-17 12:08:35,590 - INFO -   Avg: -4.110790
2025-12-17 12:08:35,590 - INFO -   Std: 0.501153
2025-12-17 12:08:35,670 - INFO - Generation 150
2025-12-17 12:08:35,671 - INFO -   Best: -4.595379
2025-12-17 12:08:35,671 - INFO -   Min: -4.595379
2025-12-17 12:08:35,671 - INFO -   Max: -1.801009
2025-12-17 12:08:35,671 - INFO -   Avg: -4.056791
2025-12-17 12:08:35,671 - INFO -   Std: 0.657468
2025-12-17 12:08:35,749 - INFO - Generation 160
2025-12-17 12:08:35,749 - INFO -   Best: -4.595379
2025-12-17 12:08:35,750 - INFO -   Min: -4.595379
2025-12-17 12:08:35,750 - INFO -   Max: -3.435763
2025-12-17 12:08:35,750 - INFO -   Avg: -4.352419
2025-12-17 12:08:35,750 - INFO -   Std: 0.354383
2025-12-17 12:08:35,830 - INFO - Generation 170
2025-12-17 12:08:35,830 - INFO -   Best: -4.595379
2025-12-17 12:08:35,831 - INFO -   Min: -4.595379
2025-12-17 12:08:35,831 - INFO -   Max: -2.641423
2025-12-17 12:08:35,831 - INFO -   Avg: -4.188042
2025-12-17 12:08:35,831 - INFO -   Std: 0.463889
2025-12-17 12:08:35,916 - INFO - Generation 180
2025-12-17 12:08:35,916 - INFO -   Best: -4.595379
2025-12-17 12:08:35,917 - INFO -   Min: -4.595379
2025-12-17 12:08:35,917 - INFO -   Max: -2.702651
2025-12-17 12:08:35,917 - INFO -   Avg: -4.118436
2025-12-17 12:08:35,917 - INFO -   Std: 0.532980
2025-12-17 12:08:36,004 - INFO - Generation 190
2025-12-17 12:08:36,005 - INFO -   Best: -4.595379
2025-12-17 12:08:36,005 - INFO -   Min: -4.595379
2025-12-17 12:08:36,005 - INFO -   Max: -2.845780
2025-12-17 12:08:36,005 - INFO -   Avg: -4.216777
2025-12-17 12:08:36,005 - INFO -   Std: 0.422524
2025-12-17 12:08:36,091 - INFO - Generation 200
2025-12-17 12:08:36,092 - INFO -   Best: -4.595379
2025-12-17 12:08:36,092 - INFO -   Min: -4.595379
2025-12-17 12:08:36,092 - INFO -   Max: -2.506515
2025-12-17 12:08:36,092 - INFO -   Avg: -4.269106
2025-12-17 12:08:36,092 - INFO -   Std: 0.471990
2025-12-17 12:08:36,099 - INFO - 
Final best fitness: -4.5933812722
2025-12-17 12:08:36,099 - INFO - Execution time: 1.67s
