2025-12-17 11:26:57,335 - INFO - Representation: Real
2025-12-17 11:26:57,335 - INFO - Number of genes: 2
2025-12-17 11:26:57,335 - INFO - Bounds: [0, 3.141592653589793]
2025-12-17 11:26:57,335 - INFO - Function: michalewicz
2025-12-17 11:26:57,335 - INFO - Population size: 100
2025-12-17 11:26:57,336 - INFO - Generations: 200
2025-12-17 11:26:57,336 - INFO - Selection: tournament
2025-12-17 11:26:57,336 - INFO - Crossover: single_point
2025-12-17 11:26:57,336 - INFO - Mutation: random
2025-12-17 11:26:57,336 - INFO - 
2025-12-17 11:26:57,372 - INFO - Generation 10
2025-12-17 11:26:57,372 - INFO -   Best: -1.757608
2025-12-17 11:26:57,373 - INFO -   Min: -1.757608
2025-12-17 11:26:57,373 - INFO -   Max: -0.331177
2025-12-17 11:26:57,373 - INFO -   Avg: -1.606486
2025-12-17 11:26:57,373 - INFO -   Std: 0.329479
2025-12-17 11:26:57,406 - INFO - Generation 20
2025-12-17 11:26:57,406 - INFO -   Best: -1.779740
2025-12-17 11:26:57,407 - INFO -   Min: -1.779740
2025-12-17 11:26:57,407 - INFO -   Max: 0.866867
2025-12-17 11:26:57,407 - INFO -   Avg: -1.604489
2025-12-17 11:26:57,407 - INFO -   Std: 0.481235
2025-12-17 11:26:57,438 - INFO - Generation 30
2025-12-17 11:26:57,438 - INFO -   Best: -1.779740
2025-12-17 11:26:57,439 - INFO -   Min: -1.779740
2025-12-17 11:26:57,439 - INFO -   Max: -0.007286
2025-12-17 11:26:57,439 - INFO -   Avg: -1.612804
2025-12-17 11:26:57,439 - INFO -   Std: 0.380622
2025-12-17 11:26:57,471 - INFO - Generation 40
2025-12-17 11:26:57,471 - INFO -   Best: -1.779740
2025-12-17 11:26:57,472 - INFO -   Min: -1.779740
2025-12-17 11:26:57,472 - INFO -   Max: 0.134246
2025-12-17 11:26:57,472 - INFO -   Avg: -1.489515
2025-12-17 11:26:57,472 - INFO -   Std: 0.488449
2025-12-17 11:26:57,502 - INFO - Generation 50
2025-12-17 11:26:57,502 - INFO -   Best: -1.780359
2025-12-17 11:26:57,503 - INFO -   Min: -1.780359
2025-12-17 11:26:57,503 - INFO -   Max: 0.000269
2025-12-17 11:26:57,503 - INFO -   Avg: -1.623081
2025-12-17 11:26:57,503 - INFO -   Std: 0.393097
2025-12-17 11:26:57,536 - INFO - Generation 60
2025-12-17 11:26:57,536 - INFO -   Best: -1.780359
2025-12-17 11:26:57,537 - INFO -   Min: -1.780359
2025-12-17 11:26:57,537 - INFO -   Max: -0.026898
2025-12-17 11:26:57,537 - INFO -   Avg: -1.547759
2025-12-17 11:26:57,537 - INFO -   Std: 0.456873
2025-12-17 11:26:57,567 - INFO - Generation 70
2025-12-17 11:26:57,568 - INFO -   Best: -1.780359
2025-12-17 11:26:57,568 - INFO -   Min: -1.780359
2025-12-17 11:26:57,568 - INFO -   Max: 0.000001
2025-12-17 11:26:57,568 - INFO -   Avg: -1.551514
2025-12-17 11:26:57,568 - INFO -   Std: 0.441454
2025-12-17 11:26:57,599 - INFO - Generation 80
2025-12-17 11:26:57,599 - INFO -   Best: -1.780359
2025-12-17 11:26:57,600 - INFO -   Min: -1.780359
2025-12-17 11:26:57,600 - INFO -   Max: 0.169083
2025-12-17 11:26:57,600 - INFO -   Avg: -1.575946
2025-12-17 11:26:57,600 - INFO -   Std: 0.437768
2025-12-17 11:26:57,631 - INFO - Generation 90
2025-12-17 11:26:57,631 - INFO -   Best: -1.780359
2025-12-17 11:26:57,631 - INFO -   Min: -1.780359
2025-12-17 11:26:57,631 - INFO -   Max: -0.388423
2025-12-17 11:26:57,631 - INFO -   Avg: -1.662327
2025-12-17 11:26:57,632 - INFO -   Std: 0.318959
2025-12-17 11:26:57,664 - INFO - Generation 100
2025-12-17 11:26:57,664 - INFO -   Best: -1.780359
2025-12-17 11:26:57,664 - INFO -   Min: -1.780359
2025-12-17 11:26:57,664 - INFO -   Max: -0.046593
2025-12-17 11:26:57,664 - INFO -   Avg: -1.602243
2025-12-17 11:26:57,665 - INFO -   Std: 0.408520
2025-12-17 11:26:57,697 - INFO - Generation 110
2025-12-17 11:26:57,698 - INFO -   Best: -1.780359
2025-12-17 11:26:57,698 - INFO -   Min: -1.780359
2025-12-17 11:26:57,698 - INFO -   Max: 0.341445
2025-12-17 11:26:57,698 - INFO -   Avg: -1.635251
2025-12-17 11:26:57,698 - INFO -   Std: 0.367897
2025-12-17 11:26:57,730 - INFO - Generation 120
2025-12-17 11:26:57,730 - INFO -   Best: -1.780359
2025-12-17 11:26:57,730 - INFO -   Min: -1.780359
2025-12-17 11:26:57,731 - INFO -   Max: 0.005363
2025-12-17 11:26:57,731 - INFO -   Avg: -1.513768
2025-12-17 11:26:57,731 - INFO -   Std: 0.494021
2025-12-17 11:26:57,761 - INFO - Generation 130
2025-12-17 11:26:57,762 - INFO -   Best: -1.780359
2025-12-17 11:26:57,762 - INFO -   Min: -1.780359
2025-12-17 11:26:57,762 - INFO -   Max: -0.125844
2025-12-17 11:26:57,762 - INFO -   Avg: -1.614712
2025-12-17 11:26:57,762 - INFO -   Std: 0.373573
2025-12-17 11:26:57,794 - INFO - Generation 140
2025-12-17 11:26:57,795 - INFO -   Best: -1.780359
2025-12-17 11:26:57,795 - INFO -   Min: -1.780359
2025-12-17 11:26:57,795 - INFO -   Max: 0.837710
2025-12-17 11:26:57,795 - INFO -   Avg: -1.580032
2025-12-17 11:26:57,795 - INFO -   Std: 0.474149
2025-12-17 11:26:57,827 - INFO - Generation 150
2025-12-17 11:26:57,827 - INFO -   Best: -1.780359
2025-12-17 11:26:57,827 - INFO -   Min: -1.780359
2025-12-17 11:26:57,827 - INFO -   Max: -0.556312
2025-12-17 11:26:57,828 - INFO -   Avg: -1.698557
2025-12-17 11:26:57,828 - INFO -   Std: 0.264671
2025-12-17 11:26:57,858 - INFO - Generation 160
2025-12-17 11:26:57,859 - INFO -   Best: -1.780359
2025-12-17 11:26:57,859 - INFO -   Min: -1.780359
2025-12-17 11:26:57,859 - INFO -   Max: 1.610836
2025-12-17 11:26:57,859 - INFO -   Avg: -1.598187
2025-12-17 11:26:57,859 - INFO -   Std: 0.479243
2025-12-17 11:26:57,897 - INFO - Generation 170
2025-12-17 11:26:57,898 - INFO -   Best: -1.780359
2025-12-17 11:26:57,898 - INFO -   Min: -1.780359
2025-12-17 11:26:57,898 - INFO -   Max: 0.681728
2025-12-17 11:26:57,898 - INFO -   Avg: -1.494709
2025-12-17 11:26:57,898 - INFO -   Std: 0.496200
2025-12-17 11:26:57,939 - INFO - Generation 180
2025-12-17 11:26:57,939 - INFO -   Best: -1.780359
2025-12-17 11:26:57,940 - INFO -   Min: -1.780359
2025-12-17 11:26:57,940 - INFO -   Max: -0.059491
2025-12-17 11:26:57,940 - INFO -   Avg: -1.645429
2025-12-17 11:26:57,940 - INFO -   Std: 0.345860
2025-12-17 11:26:57,972 - INFO - Generation 190
2025-12-17 11:26:57,972 - INFO -   Best: -1.780359
2025-12-17 11:26:57,972 - INFO -   Min: -1.780359
2025-12-17 11:26:57,972 - INFO -   Max: 0.261474
2025-12-17 11:26:57,973 - INFO -   Avg: -1.598638
2025-12-17 11:26:57,973 - INFO -   Std: 0.429043
2025-12-17 11:26:58,005 - INFO - Generation 200
2025-12-17 11:26:58,005 - INFO -   Best: -1.780359
2025-12-17 11:26:58,006 - INFO -   Min: -1.780359
2025-12-17 11:26:58,006 - INFO -   Max: -0.003747
2025-12-17 11:26:58,006 - INFO -   Avg: -1.642033
2025-12-17 11:26:58,006 - INFO -   Std: 0.368676
2025-12-17 11:26:58,009 - INFO - 
Final best fitness: -1.7803585814
2025-12-17 11:26:58,009 - INFO - Execution time: 0.67s
