2025-12-17 11:34:46,702 - INFO - Representation: Real
2025-12-17 11:34:46,702 - INFO - Number of genes: 5
2025-12-17 11:34:46,702 - INFO - Bounds: [0, 3.141592653589793]
2025-12-17 11:34:46,702 - INFO - Function: michalewicz
2025-12-17 11:34:46,702 - INFO - Population size: 100
2025-12-17 11:34:46,702 - INFO - Generations: 200
2025-12-17 11:34:46,703 - INFO - Selection: tournament
2025-12-17 11:34:46,703 - INFO - Crossover: single_point
2025-12-17 11:34:46,703 - INFO - Mutation: random
2025-12-17 11:34:46,703 - INFO - 
2025-12-17 11:34:46,753 - INFO - Generation 10
2025-12-17 11:34:46,754 - INFO -   Best: -4.409481
2025-12-17 11:34:46,754 - INFO -   Min: -4.409481
2025-12-17 11:34:46,754 - INFO -   Max: -0.981792
2025-12-17 11:34:46,754 - INFO -   Avg: -3.231590
2025-12-17 11:34:46,754 - INFO -   Std: 0.752209
2025-12-17 11:34:46,794 - INFO - Generation 20
2025-12-17 11:34:46,795 - INFO -   Best: -4.409481
2025-12-17 11:34:46,795 - INFO -   Min: -4.409481
2025-12-17 11:34:46,795 - INFO -   Max: -1.337048
2025-12-17 11:34:46,795 - INFO -   Avg: -3.923298
2025-12-17 11:34:46,795 - INFO -   Std: 0.700964
2025-12-17 11:34:46,839 - INFO - Generation 30
2025-12-17 11:34:46,839 - INFO -   Best: -4.409481
2025-12-17 11:34:46,839 - INFO -   Min: -4.409481
2025-12-17 11:34:46,839 - INFO -   Max: -1.366666
2025-12-17 11:34:46,839 - INFO -   Avg: -3.801183
2025-12-17 11:34:46,839 - INFO -   Std: 0.671476
2025-12-17 11:34:46,879 - INFO - Generation 40
2025-12-17 11:34:46,879 - INFO -   Best: -4.581586
2025-12-17 11:34:46,880 - INFO -   Min: -4.581586
2025-12-17 11:34:46,880 - INFO -   Max: -1.441615
2025-12-17 11:34:46,880 - INFO -   Avg: -3.893418
2025-12-17 11:34:46,880 - INFO -   Std: 0.776936
2025-12-17 11:34:46,921 - INFO - Generation 50
2025-12-17 11:34:46,921 - INFO -   Best: -4.581586
2025-12-17 11:34:46,921 - INFO -   Min: -4.581586
2025-12-17 11:34:46,922 - INFO -   Max: -1.713671
2025-12-17 11:34:46,922 - INFO -   Avg: -4.021992
2025-12-17 11:34:46,922 - INFO -   Std: 0.749584
2025-12-17 11:34:46,964 - INFO - Generation 60
2025-12-17 11:34:46,964 - INFO -   Best: -4.581586
2025-12-17 11:34:46,964 - INFO -   Min: -4.581586
2025-12-17 11:34:46,964 - INFO -   Max: -1.249215
2025-12-17 11:34:46,964 - INFO -   Avg: -3.955564
2025-12-17 11:34:46,965 - INFO -   Std: 0.708602
2025-12-17 11:34:47,005 - INFO - Generation 70
2025-12-17 11:34:47,005 - INFO -   Best: -4.581586
2025-12-17 11:34:47,005 - INFO -   Min: -4.581586
2025-12-17 11:34:47,005 - INFO -   Max: -0.825697
2025-12-17 11:34:47,006 - INFO -   Avg: -3.984153
2025-12-17 11:34:47,006 - INFO -   Std: 0.780134
2025-12-17 11:34:47,045 - INFO - Generation 80
2025-12-17 11:34:47,046 - INFO -   Best: -4.581586
2025-12-17 11:34:47,046 - INFO -   Min: -4.581586
2025-12-17 11:34:47,046 - INFO -   Max: -1.500343
2025-12-17 11:34:47,046 - INFO -   Avg: -4.033036
2025-12-17 11:34:47,046 - INFO -   Std: 0.611757
2025-12-17 11:34:47,089 - INFO - Generation 90
2025-12-17 11:34:47,090 - INFO -   Best: -4.581586
2025-12-17 11:34:47,090 - INFO -   Min: -4.581586
2025-12-17 11:34:47,090 - INFO -   Max: -2.143889
2025-12-17 11:34:47,090 - INFO -   Avg: -4.060049
2025-12-17 11:34:47,090 - INFO -   Std: 0.634527
2025-12-17 11:34:47,131 - INFO - Generation 100
2025-12-17 11:34:47,132 - INFO -   Best: -4.581586
2025-12-17 11:34:47,132 - INFO -   Min: -4.581586
2025-12-17 11:34:47,132 - INFO -   Max: -2.444127
2025-12-17 11:34:47,132 - INFO -   Avg: -4.105322
2025-12-17 11:34:47,132 - INFO -   Std: 0.595564
2025-12-17 11:34:47,172 - INFO - Generation 110
2025-12-17 11:34:47,172 - INFO -   Best: -4.581586
2025-12-17 11:34:47,172 - INFO -   Min: -4.581586
2025-12-17 11:34:47,172 - INFO -   Max: -1.704429
2025-12-17 11:34:47,173 - INFO -   Avg: -4.105269
2025-12-17 11:34:47,173 - INFO -   Std: 0.636587
2025-12-17 11:34:47,213 - INFO - Generation 120
2025-12-17 11:34:47,213 - INFO -   Best: -4.581586
2025-12-17 11:34:47,213 - INFO -   Min: -4.581586
2025-12-17 11:34:47,213 - INFO -   Max: -1.713852
2025-12-17 11:34:47,214 - INFO -   Avg: -4.163587
2025-12-17 11:34:47,214 - INFO -   Std: 0.667577
2025-12-17 11:34:47,254 - INFO - Generation 130
2025-12-17 11:34:47,255 - INFO -   Best: -4.581586
2025-12-17 11:34:47,255 - INFO -   Min: -4.581586
2025-12-17 11:34:47,255 - INFO -   Max: -1.692175
2025-12-17 11:34:47,255 - INFO -   Avg: -4.115592
2025-12-17 11:34:47,255 - INFO -   Std: 0.637600
2025-12-17 11:34:47,295 - INFO - Generation 140
2025-12-17 11:34:47,295 - INFO -   Best: -4.581586
2025-12-17 11:34:47,295 - INFO -   Min: -4.581586
2025-12-17 11:34:47,295 - INFO -   Max: -1.084087
2025-12-17 11:34:47,296 - INFO -   Avg: -4.072104
2025-12-17 11:34:47,296 - INFO -   Std: 0.727038
2025-12-17 11:34:47,337 - INFO - Generation 150
2025-12-17 11:34:47,338 - INFO -   Best: -4.581586
2025-12-17 11:34:47,338 - INFO -   Min: -4.581586
2025-12-17 11:34:47,338 - INFO -   Max: -1.975190
2025-12-17 11:34:47,338 - INFO -   Avg: -4.118611
2025-12-17 11:34:47,338 - INFO -   Std: 0.637645
2025-12-17 11:34:47,379 - INFO - Generation 160
2025-12-17 11:34:47,379 - INFO -   Best: -4.581586
2025-12-17 11:34:47,379 - INFO -   Min: -4.581586
2025-12-17 11:34:47,380 - INFO -   Max: -1.681305
2025-12-17 11:34:47,380 - INFO -   Avg: -4.130421
2025-12-17 11:34:47,380 - INFO -   Std: 0.666511
2025-12-17 11:34:47,421 - INFO - Generation 170
2025-12-17 11:34:47,421 - INFO -   Best: -4.581586
2025-12-17 11:34:47,422 - INFO -   Min: -4.581586
2025-12-17 11:34:47,422 - INFO -   Max: -1.701706
2025-12-17 11:34:47,422 - INFO -   Avg: -4.104503
2025-12-17 11:34:47,422 - INFO -   Std: 0.638529
2025-12-17 11:34:47,463 - INFO - Generation 180
2025-12-17 11:34:47,463 - INFO -   Best: -4.581586
2025-12-17 11:34:47,464 - INFO -   Min: -4.581586
2025-12-17 11:34:47,464 - INFO -   Max: -1.026832
2025-12-17 11:34:47,464 - INFO -   Avg: -3.978782
2025-12-17 11:34:47,464 - INFO -   Std: 0.746870
2025-12-17 11:34:47,505 - INFO - Generation 190
2025-12-17 11:34:47,506 - INFO -   Best: -4.581586
2025-12-17 11:34:47,506 - INFO -   Min: -4.581586
2025-12-17 11:34:47,506 - INFO -   Max: -1.357993
2025-12-17 11:34:47,506 - INFO -   Avg: -4.082246
2025-12-17 11:34:47,506 - INFO -   Std: 0.706256
2025-12-17 11:34:47,546 - INFO - Generation 200
2025-12-17 11:34:47,547 - INFO -   Best: -4.581586
2025-12-17 11:34:47,547 - INFO -   Min: -4.581586
2025-12-17 11:34:47,547 - INFO -   Max: -2.659926
2025-12-17 11:34:47,547 - INFO -   Avg: -4.097475
2025-12-17 11:34:47,547 - INFO -   Std: 0.602067
2025-12-17 11:34:47,549 - INFO - 
Final best fitness: -4.5815859397
2025-12-17 11:34:47,550 - INFO - Execution time: 0.84s
2025-12-17 11:35:12,794 - INFO - Representation: Real
2025-12-17 11:35:12,794 - INFO - Number of genes: 10
2025-12-17 11:35:12,794 - INFO - Bounds: [0, 3.141592653589793]
2025-12-17 11:35:12,794 - INFO - Function: michalewicz
2025-12-17 11:35:12,794 - INFO - Population size: 100
2025-12-17 11:35:12,794 - INFO - Generations: 200
2025-12-17 11:35:12,795 - INFO - Selection: tournament
2025-12-17 11:35:12,795 - INFO - Crossover: single_point
2025-12-17 11:35:12,795 - INFO - Mutation: random
2025-12-17 11:35:12,795 - INFO - 
2025-12-17 11:35:12,865 - INFO - Generation 10
2025-12-17 11:35:12,866 - INFO -   Best: -6.221410
2025-12-17 11:35:12,866 - INFO -   Min: -6.221410
2025-12-17 11:35:12,867 - INFO -   Max: -2.674215
2025-12-17 11:35:12,867 - INFO -   Avg: -4.809645
2025-12-17 11:35:12,867 - INFO -   Std: 0.800792
2025-12-17 11:35:12,924 - INFO - Generation 20
2025-12-17 11:35:12,924 - INFO -   Best: -7.709636
2025-12-17 11:35:12,925 - INFO -   Min: -7.709636
2025-12-17 11:35:12,925 - INFO -   Max: -3.618728
2025-12-17 11:35:12,925 - INFO -   Avg: -5.974208
2025-12-17 11:35:12,925 - INFO -   Std: 0.965369
2025-12-17 11:35:12,981 - INFO - Generation 30
2025-12-17 11:35:12,982 - INFO -   Best: -7.866962
2025-12-17 11:35:12,982 - INFO -   Min: -7.866962
2025-12-17 11:35:12,982 - INFO -   Max: -2.718212
2025-12-17 11:35:12,982 - INFO -   Avg: -6.621914
2025-12-17 11:35:12,982 - INFO -   Std: 0.986435
2025-12-17 11:35:13,040 - INFO - Generation 40
2025-12-17 11:35:13,041 - INFO -   Best: -8.183845
2025-12-17 11:35:13,041 - INFO -   Min: -8.183845
2025-12-17 11:35:13,041 - INFO -   Max: -4.786838
2025-12-17 11:35:13,041 - INFO -   Avg: -6.821017
2025-12-17 11:35:13,041 - INFO -   Std: 0.868189
2025-12-17 11:35:13,098 - INFO - Generation 50
2025-12-17 11:35:13,098 - INFO -   Best: -8.548775
2025-12-17 11:35:13,098 - INFO -   Min: -8.548775
2025-12-17 11:35:13,098 - INFO -   Max: -4.141901
2025-12-17 11:35:13,098 - INFO -   Avg: -7.290816
2025-12-17 11:35:13,099 - INFO -   Std: 0.944382
2025-12-17 11:35:13,154 - INFO - Generation 60
2025-12-17 11:35:13,154 - INFO -   Best: -8.548775
2025-12-17 11:35:13,155 - INFO -   Min: -8.548775
2025-12-17 11:35:13,155 - INFO -   Max: -4.877324
2025-12-17 11:35:13,155 - INFO -   Avg: -7.126499
2025-12-17 11:35:13,155 - INFO -   Std: 0.947742
2025-12-17 11:35:13,212 - INFO - Generation 70
2025-12-17 11:35:13,212 - INFO -   Best: -8.914922
2025-12-17 11:35:13,212 - INFO -   Min: -8.914922
2025-12-17 11:35:13,212 - INFO -   Max: -4.622420
2025-12-17 11:35:13,213 - INFO -   Avg: -7.332245
2025-12-17 11:35:13,213 - INFO -   Std: 1.009375
2025-12-17 11:35:13,269 - INFO - Generation 80
2025-12-17 11:35:13,270 - INFO -   Best: -8.914922
2025-12-17 11:35:13,270 - INFO -   Min: -8.914922
2025-12-17 11:35:13,270 - INFO -   Max: -3.568606
2025-12-17 11:35:13,270 - INFO -   Avg: -7.354215
2025-12-17 11:35:13,270 - INFO -   Std: 1.103372
2025-12-17 11:35:13,329 - INFO - Generation 90
2025-12-17 11:35:13,329 - INFO -   Best: -8.914922
2025-12-17 11:35:13,329 - INFO -   Min: -8.914922
2025-12-17 11:35:13,330 - INFO -   Max: -4.504260
2025-12-17 11:35:13,330 - INFO -   Avg: -7.794769
2025-12-17 11:35:13,330 - INFO -   Std: 0.900264
2025-12-17 11:35:13,385 - INFO - Generation 100
2025-12-17 11:35:13,385 - INFO -   Best: -8.914922
2025-12-17 11:35:13,385 - INFO -   Min: -8.914922
2025-12-17 11:35:13,385 - INFO -   Max: -3.691701
2025-12-17 11:35:13,385 - INFO -   Avg: -7.375001
2025-12-17 11:35:13,385 - INFO -   Std: 1.157169
2025-12-17 11:35:13,443 - INFO - Generation 110
2025-12-17 11:35:13,444 - INFO -   Best: -8.914922
2025-12-17 11:35:13,444 - INFO -   Min: -8.914922
2025-12-17 11:35:13,444 - INFO -   Max: -3.612154
2025-12-17 11:35:13,444 - INFO -   Avg: -7.528120
2025-12-17 11:35:13,444 - INFO -   Std: 1.123108
2025-12-17 11:35:13,500 - INFO - Generation 120
2025-12-17 11:35:13,500 - INFO -   Best: -8.914922
2025-12-17 11:35:13,500 - INFO -   Min: -8.914922
2025-12-17 11:35:13,501 - INFO -   Max: -5.332626
2025-12-17 11:35:13,501 - INFO -   Avg: -7.628821
2025-12-17 11:35:13,501 - INFO -   Std: 0.987862
2025-12-17 11:35:13,557 - INFO - Generation 130
2025-12-17 11:35:13,558 - INFO -   Best: -9.024997
2025-12-17 11:35:13,558 - INFO -   Min: -9.024997
2025-12-17 11:35:13,558 - INFO -   Max: -4.653217
2025-12-17 11:35:13,558 - INFO -   Avg: -7.574353
2025-12-17 11:35:13,558 - INFO -   Std: 1.041443
2025-12-17 11:35:13,616 - INFO - Generation 140
2025-12-17 11:35:13,616 - INFO -   Best: -9.027862
2025-12-17 11:35:13,616 - INFO -   Min: -9.027862
2025-12-17 11:35:13,616 - INFO -   Max: -5.403337
2025-12-17 11:35:13,617 - INFO -   Avg: -8.075472
2025-12-17 11:35:13,617 - INFO -   Std: 0.882125
2025-12-17 11:35:13,674 - INFO - Generation 150
2025-12-17 11:35:13,675 - INFO -   Best: -9.027862
2025-12-17 11:35:13,675 - INFO -   Min: -9.027862
2025-12-17 11:35:13,675 - INFO -   Max: -4.837962
2025-12-17 11:35:13,675 - INFO -   Avg: -7.526319
2025-12-17 11:35:13,675 - INFO -   Std: 1.002222
2025-12-17 11:35:13,744 - INFO - Generation 160
2025-12-17 11:35:13,745 - INFO -   Best: -9.027862
2025-12-17 11:35:13,745 - INFO -   Min: -9.027862
2025-12-17 11:35:13,745 - INFO -   Max: -3.980428
2025-12-17 11:35:13,745 - INFO -   Avg: -7.537153
2025-12-17 11:35:13,745 - INFO -   Std: 1.104811
2025-12-17 11:35:13,804 - INFO - Generation 170
2025-12-17 11:35:13,805 - INFO -   Best: -9.027862
2025-12-17 11:35:13,805 - INFO -   Min: -9.027862
2025-12-17 11:35:13,805 - INFO -   Max: -4.722325
2025-12-17 11:35:13,805 - INFO -   Avg: -7.221818
2025-12-17 11:35:13,805 - INFO -   Std: 1.060360
2025-12-17 11:35:13,860 - INFO - Generation 180
2025-12-17 11:35:13,860 - INFO -   Best: -9.027862
2025-12-17 11:35:13,860 - INFO -   Min: -9.027862
2025-12-17 11:35:13,860 - INFO -   Max: -2.204922
2025-12-17 11:35:13,861 - INFO -   Avg: -7.738337
2025-12-17 11:35:13,861 - INFO -   Std: 1.033034
2025-12-17 11:35:13,921 - INFO - Generation 190
2025-12-17 11:35:13,921 - INFO -   Best: -9.027862
2025-12-17 11:35:13,921 - INFO -   Min: -9.027862
2025-12-17 11:35:13,921 - INFO -   Max: -4.824267
2025-12-17 11:35:13,921 - INFO -   Avg: -7.617972
2025-12-17 11:35:13,922 - INFO -   Std: 1.081073
2025-12-17 11:35:13,978 - INFO - Generation 200
2025-12-17 11:35:13,978 - INFO -   Best: -9.027862
2025-12-17 11:35:13,978 - INFO -   Min: -9.027862
2025-12-17 11:35:13,979 - INFO -   Max: -4.670195
2025-12-17 11:35:13,979 - INFO -   Avg: -7.436134
2025-12-17 11:35:13,979 - INFO -   Std: 0.990498
2025-12-17 11:35:13,982 - INFO - 
Final best fitness: -9.0278620998
2025-12-17 11:35:13,982 - INFO - Execution time: 1.17s
2025-12-17 11:36:42,838 - INFO - Representation: Real
2025-12-17 11:36:42,838 - INFO - Number of genes: 5
2025-12-17 11:36:42,839 - INFO - Bounds: [0, 3.141592653589793]
2025-12-17 11:36:42,839 - INFO - Function: michalewicz
2025-12-17 11:36:42,839 - INFO - Population size: 100
2025-12-17 11:36:42,839 - INFO - Generations: 200
2025-12-17 11:36:42,839 - INFO - Selection: tournament
2025-12-17 11:36:42,839 - INFO - Crossover: single_point
2025-12-17 11:36:42,839 - INFO - Mutation: random
2025-12-17 11:36:42,840 - INFO - 
2025-12-17 11:36:42,893 - INFO - Generation 10
2025-12-17 11:36:42,893 - INFO -   Best: -3.827395
2025-12-17 11:36:42,893 - INFO -   Min: -3.827395
2025-12-17 11:36:42,893 - INFO -   Max: -0.934003
2025-12-17 11:36:42,893 - INFO -   Avg: -3.096067
2025-12-17 11:36:42,894 - INFO -   Std: 0.622096
2025-12-17 11:36:42,937 - INFO - Generation 20
2025-12-17 11:36:42,937 - INFO -   Best: -4.417755
2025-12-17 11:36:42,938 - INFO -   Min: -4.417755
2025-12-17 11:36:42,938 - INFO -   Max: -0.885387
2025-12-17 11:36:42,938 - INFO -   Avg: -3.853059
2025-12-17 11:36:42,938 - INFO -   Std: 0.697881
2025-12-17 11:36:42,980 - INFO - Generation 30
2025-12-17 11:36:42,980 - INFO -   Best: -4.417755
2025-12-17 11:36:42,980 - INFO -   Min: -4.417755
2025-12-17 11:36:42,980 - INFO -   Max: -2.060586
2025-12-17 11:36:42,981 - INFO -   Avg: -3.880078
2025-12-17 11:36:42,981 - INFO -   Std: 0.595009
2025-12-17 11:36:43,024 - INFO - Generation 40
2025-12-17 11:36:43,025 - INFO -   Best: -4.419395
2025-12-17 11:36:43,025 - INFO -   Min: -4.419395
2025-12-17 11:36:43,025 - INFO -   Max: -1.033004
2025-12-17 11:36:43,025 - INFO -   Avg: -3.774331
2025-12-17 11:36:43,025 - INFO -   Std: 0.794363
2025-12-17 11:36:43,065 - INFO - Generation 50
2025-12-17 11:36:43,065 - INFO -   Best: -4.419395
2025-12-17 11:36:43,065 - INFO -   Min: -4.419395
2025-12-17 11:36:43,066 - INFO -   Max: -1.900872
2025-12-17 11:36:43,066 - INFO -   Avg: -4.032130
2025-12-17 11:36:43,066 - INFO -   Std: 0.562398
2025-12-17 11:36:43,106 - INFO - Generation 60
2025-12-17 11:36:43,106 - INFO -   Best: -4.419395
2025-12-17 11:36:43,107 - INFO -   Min: -4.419395
2025-12-17 11:36:43,107 - INFO -   Max: -1.145236
2025-12-17 11:36:43,107 - INFO -   Avg: -3.897103
2025-12-17 11:36:43,107 - INFO -   Std: 0.677392
2025-12-17 11:36:43,147 - INFO - Generation 70
2025-12-17 11:36:43,147 - INFO -   Best: -4.419395
2025-12-17 11:36:43,147 - INFO -   Min: -4.419395
2025-12-17 11:36:43,148 - INFO -   Max: -1.444585
2025-12-17 11:36:43,148 - INFO -   Avg: -3.831258
2025-12-17 11:36:43,148 - INFO -   Std: 0.781027
2025-12-17 11:36:43,187 - INFO - Generation 80
2025-12-17 11:36:43,187 - INFO -   Best: -4.419395
2025-12-17 11:36:43,188 - INFO -   Min: -4.419395
2025-12-17 11:36:43,188 - INFO -   Max: -1.792960
2025-12-17 11:36:43,188 - INFO -   Avg: -3.825807
2025-12-17 11:36:43,188 - INFO -   Std: 0.726166
2025-12-17 11:36:43,231 - INFO - Generation 90
2025-12-17 11:36:43,231 - INFO -   Best: -4.419395
2025-12-17 11:36:43,232 - INFO -   Min: -4.419395
2025-12-17 11:36:43,232 - INFO -   Max: -1.592636
2025-12-17 11:36:43,232 - INFO -   Avg: -3.853091
2025-12-17 11:36:43,232 - INFO -   Std: 0.653127
2025-12-17 11:36:43,273 - INFO - Generation 100
2025-12-17 11:36:43,273 - INFO -   Best: -4.419395
2025-12-17 11:36:43,274 - INFO -   Min: -4.419395
2025-12-17 11:36:43,274 - INFO -   Max: -1.575558
2025-12-17 11:36:43,274 - INFO -   Avg: -3.968783
2025-12-17 11:36:43,274 - INFO -   Std: 0.634684
2025-12-17 11:36:43,316 - INFO - Generation 110
2025-12-17 11:36:43,316 - INFO -   Best: -4.419395
2025-12-17 11:36:43,316 - INFO -   Min: -4.419395
2025-12-17 11:36:43,316 - INFO -   Max: -1.753865
2025-12-17 11:36:43,316 - INFO -   Avg: -3.848846
2025-12-17 11:36:43,317 - INFO -   Std: 0.675333
2025-12-17 11:36:43,357 - INFO - Generation 120
2025-12-17 11:36:43,357 - INFO -   Best: -4.419395
2025-12-17 11:36:43,357 - INFO -   Min: -4.419395
2025-12-17 11:36:43,357 - INFO -   Max: -2.486849
2025-12-17 11:36:43,357 - INFO -   Avg: -4.024287
2025-12-17 11:36:43,358 - INFO -   Std: 0.539836
2025-12-17 11:36:43,398 - INFO - Generation 130
2025-12-17 11:36:43,399 - INFO -   Best: -4.419395
2025-12-17 11:36:43,399 - INFO -   Min: -4.419395
2025-12-17 11:36:43,399 - INFO -   Max: -0.349880
2025-12-17 11:36:43,399 - INFO -   Avg: -3.944759
2025-12-17 11:36:43,399 - INFO -   Std: 0.687062
2025-12-17 11:36:43,442 - INFO - Generation 140
2025-12-17 11:36:43,442 - INFO -   Best: -4.419395
2025-12-17 11:36:43,442 - INFO -   Min: -4.419395
2025-12-17 11:36:43,443 - INFO -   Max: -1.700123
2025-12-17 11:36:43,443 - INFO -   Avg: -3.897988
2025-12-17 11:36:43,443 - INFO -   Std: 0.718746
2025-12-17 11:36:43,486 - INFO - Generation 150
2025-12-17 11:36:43,486 - INFO -   Best: -4.419395
2025-12-17 11:36:43,486 - INFO -   Min: -4.419395
2025-12-17 11:36:43,486 - INFO -   Max: -0.048483
2025-12-17 11:36:43,486 - INFO -   Avg: -3.993424
2025-12-17 11:36:43,486 - INFO -   Std: 0.665152
2025-12-17 11:36:43,529 - INFO - Generation 160
2025-12-17 11:36:43,529 - INFO -   Best: -4.419395
2025-12-17 11:36:43,529 - INFO -   Min: -4.419395
2025-12-17 11:36:43,529 - INFO -   Max: -1.521125
2025-12-17 11:36:43,530 - INFO -   Avg: -4.004578
2025-12-17 11:36:43,530 - INFO -   Std: 0.599403
2025-12-17 11:36:43,572 - INFO - Generation 170
2025-12-17 11:36:43,573 - INFO -   Best: -4.419395
2025-12-17 11:36:43,573 - INFO -   Min: -4.419395
2025-12-17 11:36:43,573 - INFO -   Max: -2.526195
2025-12-17 11:36:43,573 - INFO -   Avg: -3.913144
2025-12-17 11:36:43,573 - INFO -   Std: 0.581763
2025-12-17 11:36:43,615 - INFO - Generation 180
2025-12-17 11:36:43,615 - INFO -   Best: -4.419395
2025-12-17 11:36:43,615 - INFO -   Min: -4.419395
2025-12-17 11:36:43,616 - INFO -   Max: -0.793060
2025-12-17 11:36:43,616 - INFO -   Avg: -3.838296
2025-12-17 11:36:43,616 - INFO -   Std: 0.687953
2025-12-17 11:36:43,657 - INFO - Generation 190
2025-12-17 11:36:43,657 - INFO -   Best: -4.419395
2025-12-17 11:36:43,658 - INFO -   Min: -4.419395
2025-12-17 11:36:43,658 - INFO -   Max: -1.730543
2025-12-17 11:36:43,658 - INFO -   Avg: -3.877528
2025-12-17 11:36:43,658 - INFO -   Std: 0.661878
2025-12-17 11:36:43,699 - INFO - Generation 200
2025-12-17 11:36:43,700 - INFO -   Best: -4.419395
2025-12-17 11:36:43,700 - INFO -   Min: -4.419395
2025-12-17 11:36:43,700 - INFO -   Max: -2.191731
2025-12-17 11:36:43,700 - INFO -   Avg: -3.952882
2025-12-17 11:36:43,700 - INFO -   Std: 0.561529
2025-12-17 11:36:43,703 - INFO - 
Final best fitness: -3.8156243354
2025-12-17 11:36:43,703 - INFO - Execution time: 0.85s
