2025-12-17 11:26:55,101 - INFO - Representation: Real
2025-12-17 11:26:55,101 - INFO - Number of genes: 2
2025-12-17 11:26:55,102 - INFO - Bounds: [0, 3.141592653589793]
2025-12-17 11:26:55,102 - INFO - Function: michalewicz
2025-12-17 11:26:55,102 - INFO - Population size: 100
2025-12-17 11:26:55,102 - INFO - Generations: 200
2025-12-17 11:26:55,102 - INFO - Selection: tournament
2025-12-17 11:26:55,102 - INFO - Crossover: single_point
2025-12-17 11:26:55,103 - INFO - Mutation: random
2025-12-17 11:26:55,103 - INFO - 
2025-12-17 11:26:55,139 - INFO - Generation 10
2025-12-17 11:26:55,140 - INFO -   Best: -1.800098
2025-12-17 11:26:55,140 - INFO -   Min: -1.800098
2025-12-17 11:26:55,140 - INFO -   Max: 0.437357
2025-12-17 11:26:55,140 - INFO -   Avg: -1.605442
2025-12-17 11:26:55,140 - INFO -   Std: 0.450641
2025-12-17 11:26:55,171 - INFO - Generation 20
2025-12-17 11:26:55,171 - INFO -   Best: -1.800098
2025-12-17 11:26:55,172 - INFO -   Min: -1.800098
2025-12-17 11:26:55,172 - INFO -   Max: -0.800869
2025-12-17 11:26:55,172 - INFO -   Avg: -1.654971
2025-12-17 11:26:55,172 - INFO -   Std: 0.334586
2025-12-17 11:26:55,204 - INFO - Generation 30
2025-12-17 11:26:55,205 - INFO -   Best: -1.800098
2025-12-17 11:26:55,205 - INFO -   Min: -1.800098
2025-12-17 11:26:55,205 - INFO -   Max: 0.574202
2025-12-17 11:26:55,205 - INFO -   Avg: -1.597080
2025-12-17 11:26:55,205 - INFO -   Std: 0.437520
2025-12-17 11:26:55,236 - INFO - Generation 40
2025-12-17 11:26:55,237 - INFO -   Best: -1.800098
2025-12-17 11:26:55,237 - INFO -   Min: -1.800098
2025-12-17 11:26:55,237 - INFO -   Max: 0.463093
2025-12-17 11:26:55,237 - INFO -   Avg: -1.625683
2025-12-17 11:26:55,238 - INFO -   Std: 0.445451
2025-12-17 11:26:55,270 - INFO - Generation 50
2025-12-17 11:26:55,270 - INFO -   Best: -1.800492
2025-12-17 11:26:55,270 - INFO -   Min: -1.800492
2025-12-17 11:26:55,270 - INFO -   Max: -0.414351
2025-12-17 11:26:55,271 - INFO -   Avg: -1.633732
2025-12-17 11:26:55,271 - INFO -   Std: 0.360469
2025-12-17 11:26:55,301 - INFO - Generation 60
2025-12-17 11:26:55,302 - INFO -   Best: -1.800492
2025-12-17 11:26:55,302 - INFO -   Min: -1.800492
2025-12-17 11:26:55,302 - INFO -   Max: -0.187159
2025-12-17 11:26:55,302 - INFO -   Avg: -1.663043
2025-12-17 11:26:55,302 - INFO -   Std: 0.368410
2025-12-17 11:26:55,334 - INFO - Generation 70
2025-12-17 11:26:55,335 - INFO -   Best: -1.800492
2025-12-17 11:26:55,335 - INFO -   Min: -1.800492
2025-12-17 11:26:55,335 - INFO -   Max: -0.054684
2025-12-17 11:26:55,335 - INFO -   Avg: -1.621006
2025-12-17 11:26:55,336 - INFO -   Std: 0.377022
2025-12-17 11:26:55,366 - INFO - Generation 80
2025-12-17 11:26:55,367 - INFO -   Best: -1.800492
2025-12-17 11:26:55,367 - INFO -   Min: -1.800492
2025-12-17 11:26:55,367 - INFO -   Max: 0.013121
2025-12-17 11:26:55,367 - INFO -   Avg: -1.663501
2025-12-17 11:26:55,367 - INFO -   Std: 0.369510
2025-12-17 11:26:55,398 - INFO - Generation 90
2025-12-17 11:26:55,398 - INFO -   Best: -1.800492
2025-12-17 11:26:55,398 - INFO -   Min: -1.800492
2025-12-17 11:26:55,398 - INFO -   Max: 0.977584
2025-12-17 11:26:55,398 - INFO -   Avg: -1.609111
2025-12-17 11:26:55,399 - INFO -   Std: 0.467685
2025-12-17 11:26:55,429 - INFO - Generation 100
2025-12-17 11:26:55,429 - INFO -   Best: -1.800492
2025-12-17 11:26:55,430 - INFO -   Min: -1.800492
2025-12-17 11:26:55,430 - INFO -   Max: 0.005110
2025-12-17 11:26:55,430 - INFO -   Avg: -1.602815
2025-12-17 11:26:55,430 - INFO -   Std: 0.397772
2025-12-17 11:26:55,462 - INFO - Generation 110
2025-12-17 11:26:55,462 - INFO -   Best: -1.800492
2025-12-17 11:26:55,462 - INFO -   Min: -1.800492
2025-12-17 11:26:55,463 - INFO -   Max: -0.051101
2025-12-17 11:26:55,463 - INFO -   Avg: -1.604990
2025-12-17 11:26:55,463 - INFO -   Std: 0.421144
2025-12-17 11:26:55,494 - INFO - Generation 120
2025-12-17 11:26:55,494 - INFO -   Best: -1.800492
2025-12-17 11:26:55,494 - INFO -   Min: -1.800492
2025-12-17 11:26:55,494 - INFO -   Max: -0.348016
2025-12-17 11:26:55,495 - INFO -   Avg: -1.659687
2025-12-17 11:26:55,495 - INFO -   Std: 0.343504
2025-12-17 11:26:55,528 - INFO - Generation 130
2025-12-17 11:26:55,528 - INFO -   Best: -1.800492
2025-12-17 11:26:55,528 - INFO -   Min: -1.800492
2025-12-17 11:26:55,528 - INFO -   Max: 0.011515
2025-12-17 11:26:55,529 - INFO -   Avg: -1.573349
2025-12-17 11:26:55,529 - INFO -   Std: 0.432931
2025-12-17 11:26:55,561 - INFO - Generation 140
2025-12-17 11:26:55,561 - INFO -   Best: -1.800492
2025-12-17 11:26:55,561 - INFO -   Min: -1.800492
2025-12-17 11:26:55,561 - INFO -   Max: -0.498219
2025-12-17 11:26:55,561 - INFO -   Avg: -1.586896
2025-12-17 11:26:55,561 - INFO -   Std: 0.400619
2025-12-17 11:26:55,593 - INFO - Generation 150
2025-12-17 11:26:55,594 - INFO -   Best: -1.800492
2025-12-17 11:26:55,594 - INFO -   Min: -1.800492
2025-12-17 11:26:55,594 - INFO -   Max: 0.332012
2025-12-17 11:26:55,594 - INFO -   Avg: -1.606744
2025-12-17 11:26:55,594 - INFO -   Std: 0.409745
2025-12-17 11:26:55,625 - INFO - Generation 160
2025-12-17 11:26:55,626 - INFO -   Best: -1.800492
2025-12-17 11:26:55,626 - INFO -   Min: -1.800492
2025-12-17 11:26:55,626 - INFO -   Max: -0.033628
2025-12-17 11:26:55,626 - INFO -   Avg: -1.644127
2025-12-17 11:26:55,626 - INFO -   Std: 0.389719
2025-12-17 11:26:55,659 - INFO - Generation 170
2025-12-17 11:26:55,659 - INFO -   Best: -1.800492
2025-12-17 11:26:55,659 - INFO -   Min: -1.800492
2025-12-17 11:26:55,659 - INFO -   Max: 0.198666
2025-12-17 11:26:55,659 - INFO -   Avg: -1.535845
2025-12-17 11:26:55,659 - INFO -   Std: 0.487389
2025-12-17 11:26:55,692 - INFO - Generation 180
2025-12-17 11:26:55,692 - INFO -   Best: -1.800492
2025-12-17 11:26:55,692 - INFO -   Min: -1.800492
2025-12-17 11:26:55,692 - INFO -   Max: -0.437495
2025-12-17 11:26:55,693 - INFO -   Avg: -1.649444
2025-12-17 11:26:55,693 - INFO -   Std: 0.352006
2025-12-17 11:26:55,724 - INFO - Generation 190
2025-12-17 11:26:55,724 - INFO -   Best: -1.800492
2025-12-17 11:26:55,724 - INFO -   Min: -1.800492
2025-12-17 11:26:55,724 - INFO -   Max: -0.013180
2025-12-17 11:26:55,724 - INFO -   Avg: -1.622922
2025-12-17 11:26:55,724 - INFO -   Std: 0.379228
2025-12-17 11:26:55,755 - INFO - Generation 200
2025-12-17 11:26:55,755 - INFO -   Best: -1.800492
2025-12-17 11:26:55,756 - INFO -   Min: -1.800492
2025-12-17 11:26:55,756 - INFO -   Max: 0.302446
2025-12-17 11:26:55,756 - INFO -   Avg: -1.570726
2025-12-17 11:26:55,756 - INFO -   Std: 0.497662
2025-12-17 11:26:55,759 - INFO - 
Final best fitness: -1.8004918261
2025-12-17 11:26:55,759 - INFO - Execution time: 0.65s
2025-12-17 12:03:51,289 - INFO - Representation: Binary
2025-12-17 12:03:51,289 - INFO - Bits per variable: 12
2025-12-17 12:03:51,289 - INFO - Total genes: 24
2025-12-17 12:03:51,289 - INFO - Function: michalewicz
2025-12-17 12:03:51,289 - INFO - Population size: 100
2025-12-17 12:03:51,289 - INFO - Generations: 200
2025-12-17 12:03:51,290 - INFO - Selection: tournament
2025-12-17 12:03:51,290 - INFO - Crossover: single_point
2025-12-17 12:03:51,290 - INFO - Mutation: random
2025-12-17 12:03:51,290 - INFO - 
2025-12-17 12:03:51,434 - INFO - Generation 10
2025-12-17 12:03:51,435 - INFO -   Best: -1.793085
2025-12-17 12:03:51,435 - INFO -   Min: -1.793085
2025-12-17 12:03:51,435 - INFO -   Max: 0.002057
2025-12-17 12:03:51,435 - INFO -   Avg: -1.361002
2025-12-17 12:03:51,435 - INFO -   Std: 0.508872
2025-12-17 12:03:51,538 - INFO - Generation 20
2025-12-17 12:03:51,539 - INFO -   Best: -1.794080
2025-12-17 12:03:51,539 - INFO -   Min: -1.794080
2025-12-17 12:03:51,539 - INFO -   Max: 0.594734
2025-12-17 12:03:51,539 - INFO -   Avg: -1.302410
2025-12-17 12:03:51,539 - INFO -   Std: 0.552008
2025-12-17 12:03:51,646 - INFO - Generation 30
2025-12-17 12:03:51,646 - INFO -   Best: -1.794584
2025-12-17 12:03:51,646 - INFO -   Min: -1.794584
2025-12-17 12:03:51,647 - INFO -   Max: 0.439993
2025-12-17 12:03:51,647 - INFO -   Avg: -1.325862
2025-12-17 12:03:51,647 - INFO -   Std: 0.520733
2025-12-17 12:03:51,751 - INFO - Generation 40
2025-12-17 12:03:51,751 - INFO -   Best: -1.794584
2025-12-17 12:03:51,751 - INFO -   Min: -1.794584
2025-12-17 12:03:51,751 - INFO -   Max: 0.485934
2025-12-17 12:03:51,751 - INFO -   Avg: -1.368060
2025-12-17 12:03:51,752 - INFO -   Std: 0.521132
2025-12-17 12:03:51,856 - INFO - Generation 50
2025-12-17 12:03:51,856 - INFO -   Best: -1.794584
2025-12-17 12:03:51,857 - INFO -   Min: -1.794584
2025-12-17 12:03:51,857 - INFO -   Max: 0.473304
2025-12-17 12:03:51,857 - INFO -   Avg: -1.275275
2025-12-17 12:03:51,857 - INFO -   Std: 0.568026
2025-12-17 12:03:51,963 - INFO - Generation 60
2025-12-17 12:03:51,963 - INFO -   Best: -1.794584
2025-12-17 12:03:51,963 - INFO -   Min: -1.794584
2025-12-17 12:03:51,963 - INFO -   Max: 0.329442
2025-12-17 12:03:51,964 - INFO -   Avg: -1.422736
2025-12-17 12:03:51,964 - INFO -   Std: 0.495745
2025-12-17 12:03:52,066 - INFO - Generation 70
2025-12-17 12:03:52,067 - INFO -   Best: -1.794584
2025-12-17 12:03:52,067 - INFO -   Min: -1.794584
2025-12-17 12:03:52,067 - INFO -   Max: 0.000242
2025-12-17 12:03:52,067 - INFO -   Avg: -1.347168
2025-12-17 12:03:52,067 - INFO -   Std: 0.539819
2025-12-17 12:03:52,170 - INFO - Generation 80
2025-12-17 12:03:52,170 - INFO -   Best: -1.794584
2025-12-17 12:03:52,170 - INFO -   Min: -1.794584
2025-12-17 12:03:52,170 - INFO -   Max: 0.450709
2025-12-17 12:03:52,170 - INFO -   Avg: -1.308080
2025-12-17 12:03:52,170 - INFO -   Std: 0.568634
2025-12-17 12:03:52,273 - INFO - Generation 90
2025-12-17 12:03:52,273 - INFO -   Best: -1.794584
2025-12-17 12:03:52,273 - INFO -   Min: -1.794584
2025-12-17 12:03:52,273 - INFO -   Max: -0.000000
2025-12-17 12:03:52,274 - INFO -   Avg: -1.365186
2025-12-17 12:03:52,274 - INFO -   Std: 0.462476
2025-12-17 12:03:52,384 - INFO - Generation 100
2025-12-17 12:03:52,384 - INFO -   Best: -1.794584
2025-12-17 12:03:52,385 - INFO -   Min: -1.794584
2025-12-17 12:03:52,385 - INFO -   Max: 0.495320
2025-12-17 12:03:52,385 - INFO -   Avg: -1.442195
2025-12-17 12:03:52,385 - INFO -   Std: 0.539076
2025-12-17 12:03:52,501 - INFO - Generation 110
2025-12-17 12:03:52,501 - INFO -   Best: -1.794584
2025-12-17 12:03:52,501 - INFO -   Min: -1.794584
2025-12-17 12:03:52,502 - INFO -   Max: 0.563849
2025-12-17 12:03:52,502 - INFO -   Avg: -1.277701
2025-12-17 12:03:52,502 - INFO -   Std: 0.578481
2025-12-17 12:03:52,607 - INFO - Generation 120
2025-12-17 12:03:52,607 - INFO -   Best: -1.794584
2025-12-17 12:03:52,607 - INFO -   Min: -1.794584
2025-12-17 12:03:52,607 - INFO -   Max: 0.603105
2025-12-17 12:03:52,608 - INFO -   Avg: -1.420847
2025-12-17 12:03:52,608 - INFO -   Std: 0.529813
2025-12-17 12:03:52,723 - INFO - Generation 130
2025-12-17 12:03:52,724 - INFO -   Best: -1.794584
2025-12-17 12:03:52,724 - INFO -   Min: -1.794584
2025-12-17 12:03:52,724 - INFO -   Max: -0.000041
2025-12-17 12:03:52,724 - INFO -   Avg: -1.443513
2025-12-17 12:03:52,724 - INFO -   Std: 0.445227
2025-12-17 12:03:52,830 - INFO - Generation 140
2025-12-17 12:03:52,830 - INFO -   Best: -1.794584
2025-12-17 12:03:52,830 - INFO -   Min: -1.794584
2025-12-17 12:03:52,831 - INFO -   Max: 0.625083
2025-12-17 12:03:52,831 - INFO -   Avg: -1.416851
2025-12-17 12:03:52,831 - INFO -   Std: 0.491112
2025-12-17 12:03:52,934 - INFO - Generation 150
2025-12-17 12:03:52,934 - INFO -   Best: -1.794584
2025-12-17 12:03:52,935 - INFO -   Min: -1.794584
2025-12-17 12:03:52,935 - INFO -   Max: 0.457198
2025-12-17 12:03:52,935 - INFO -   Avg: -1.279398
2025-12-17 12:03:52,935 - INFO -   Std: 0.587605
2025-12-17 12:03:53,039 - INFO - Generation 160
2025-12-17 12:03:53,039 - INFO -   Best: -1.794584
2025-12-17 12:03:53,039 - INFO -   Min: -1.794584
2025-12-17 12:03:53,039 - INFO -   Max: 0.200081
2025-12-17 12:03:53,039 - INFO -   Avg: -1.408865
2025-12-17 12:03:53,039 - INFO -   Std: 0.481678
2025-12-17 12:03:53,142 - INFO - Generation 170
2025-12-17 12:03:53,142 - INFO -   Best: -1.794584
2025-12-17 12:03:53,142 - INFO -   Min: -1.794584
2025-12-17 12:03:53,142 - INFO -   Max: 0.618092
2025-12-17 12:03:53,142 - INFO -   Avg: -1.335450
2025-12-17 12:03:53,143 - INFO -   Std: 0.539232
2025-12-17 12:03:53,245 - INFO - Generation 180
2025-12-17 12:03:53,245 - INFO -   Best: -1.794584
2025-12-17 12:03:53,245 - INFO -   Min: -1.794584
2025-12-17 12:03:53,245 - INFO -   Max: -0.000000
2025-12-17 12:03:53,245 - INFO -   Avg: -1.351764
2025-12-17 12:03:53,245 - INFO -   Std: 0.495107
2025-12-17 12:03:53,348 - INFO - Generation 190
2025-12-17 12:03:53,348 - INFO -   Best: -1.794584
2025-12-17 12:03:53,349 - INFO -   Min: -1.794584
2025-12-17 12:03:53,349 - INFO -   Max: 0.353078
2025-12-17 12:03:53,349 - INFO -   Avg: -1.299192
2025-12-17 12:03:53,349 - INFO -   Std: 0.576638
2025-12-17 12:03:53,452 - INFO - Generation 200
2025-12-17 12:03:53,452 - INFO -   Best: -1.794584
2025-12-17 12:03:53,452 - INFO -   Min: -1.794584
2025-12-17 12:03:53,452 - INFO -   Max: -0.374212
2025-12-17 12:03:53,453 - INFO -   Avg: -1.497968
2025-12-17 12:03:53,453 - INFO -   Std: 0.405388
2025-12-17 12:03:53,457 - INFO - 
Final best fitness: -1.7945836608
2025-12-17 12:03:53,457 - INFO - Execution time: 2.12s
