2025-12-17 12:14:57,231 - INFO - Representation: Binary
2025-12-17 12:14:57,231 - INFO - Bits per variable: 12
2025-12-17 12:14:57,232 - INFO - Total genes: 240
2025-12-17 12:14:57,232 - INFO - Function: f16_2014
2025-12-17 12:14:57,232 - INFO - Population size: 100
2025-12-17 12:14:57,232 - INFO - Generations: 200
2025-12-17 12:14:57,232 - INFO - Selection: rws
2025-12-17 12:14:57,232 - INFO - Crossover: two_points
2025-12-17 12:14:57,232 - INFO - Mutation: swap
2025-12-17 12:14:57,233 - INFO - 
2025-12-17 12:14:58,059 - INFO - Generation 10
2025-12-17 12:14:58,059 - INFO -   Best: 1608.979160
2025-12-17 12:14:58,059 - INFO -   Min: 1608.979160
2025-12-17 12:14:58,060 - INFO -   Max: 1610.548683
2025-12-17 12:14:58,060 - INFO -   Avg: 1610.032966
2025-12-17 12:14:58,060 - INFO -   Std: 0.274024
2025-12-17 12:14:58,419 - INFO - Generation 20
2025-12-17 12:14:58,419 - INFO -   Best: 1608.979160
2025-12-17 12:14:58,419 - INFO -   Min: 1608.979160
2025-12-17 12:14:58,419 - INFO -   Max: 1610.850822
2025-12-17 12:14:58,419 - INFO -   Avg: 1609.991821
2025-12-17 12:14:58,420 - INFO -   Std: 0.321476
2025-12-17 12:14:58,790 - INFO - Generation 30
2025-12-17 12:14:58,791 - INFO -   Best: 1608.891296
2025-12-17 12:14:58,791 - INFO -   Min: 1608.891296
2025-12-17 12:14:58,791 - INFO -   Max: 1610.662546
2025-12-17 12:14:58,792 - INFO -   Avg: 1610.000636
2025-12-17 12:14:58,792 - INFO -   Std: 0.303137
2025-12-17 12:14:59,157 - INFO - Generation 40
2025-12-17 12:14:59,158 - INFO -   Best: 1608.255222
2025-12-17 12:14:59,158 - INFO -   Min: 1608.255222
2025-12-17 12:14:59,158 - INFO -   Max: 1610.616784
2025-12-17 12:14:59,158 - INFO -   Avg: 1609.890442
2025-12-17 12:14:59,158 - INFO -   Std: 0.370641
2025-12-17 12:14:59,523 - INFO - Generation 50
2025-12-17 12:14:59,523 - INFO -   Best: 1608.255222
2025-12-17 12:14:59,523 - INFO -   Min: 1608.255222
2025-12-17 12:14:59,523 - INFO -   Max: 1610.587924
2025-12-17 12:14:59,523 - INFO -   Avg: 1609.920982
2025-12-17 12:14:59,523 - INFO -   Std: 0.301337
2025-12-17 12:14:59,888 - INFO - Generation 60
2025-12-17 12:14:59,888 - INFO -   Best: 1608.255222
2025-12-17 12:14:59,888 - INFO -   Min: 1608.255222
2025-12-17 12:14:59,888 - INFO -   Max: 1610.545324
2025-12-17 12:14:59,888 - INFO -   Avg: 1609.902395
2025-12-17 12:14:59,888 - INFO -   Std: 0.301561
2025-12-17 12:15:00,252 - INFO - Generation 70
2025-12-17 12:15:00,252 - INFO -   Best: 1608.022809
2025-12-17 12:15:00,252 - INFO -   Min: 1608.022809
2025-12-17 12:15:00,252 - INFO -   Max: 1610.792324
2025-12-17 12:15:00,252 - INFO -   Avg: 1609.940731
2025-12-17 12:15:00,253 - INFO -   Std: 0.391521
2025-12-17 12:15:00,614 - INFO - Generation 80
2025-12-17 12:15:00,614 - INFO -   Best: 1608.022809
2025-12-17 12:15:00,614 - INFO -   Min: 1608.022809
2025-12-17 12:15:00,615 - INFO -   Max: 1610.697236
2025-12-17 12:15:00,615 - INFO -   Avg: 1609.991851
2025-12-17 12:15:00,615 - INFO -   Std: 0.350138
2025-12-17 12:15:00,981 - INFO - Generation 90
2025-12-17 12:15:00,981 - INFO -   Best: 1608.018736
2025-12-17 12:15:00,982 - INFO -   Min: 1608.018736
2025-12-17 12:15:00,982 - INFO -   Max: 1611.013704
2025-12-17 12:15:00,982 - INFO -   Avg: 1609.735251
2025-12-17 12:15:00,982 - INFO -   Std: 0.480512
2025-12-17 12:15:01,351 - INFO - Generation 100
2025-12-17 12:15:01,351 - INFO -   Best: 1608.018736
2025-12-17 12:15:01,351 - INFO -   Min: 1608.018736
2025-12-17 12:15:01,351 - INFO -   Max: 1610.745431
2025-12-17 12:15:01,351 - INFO -   Avg: 1609.853874
2025-12-17 12:15:01,352 - INFO -   Std: 0.426296
2025-12-17 12:15:01,725 - INFO - Generation 110
2025-12-17 12:15:01,725 - INFO -   Best: 1608.018736
2025-12-17 12:15:01,725 - INFO -   Min: 1608.018736
2025-12-17 12:15:01,725 - INFO -   Max: 1610.619188
2025-12-17 12:15:01,726 - INFO -   Avg: 1609.835021
2025-12-17 12:15:01,726 - INFO -   Std: 0.346146
2025-12-17 12:15:02,099 - INFO - Generation 120
2025-12-17 12:15:02,100 - INFO -   Best: 1608.018736
2025-12-17 12:15:02,100 - INFO -   Min: 1608.018736
2025-12-17 12:15:02,100 - INFO -   Max: 1611.039870
2025-12-17 12:15:02,100 - INFO -   Avg: 1609.909550
2025-12-17 12:15:02,100 - INFO -   Std: 0.415504
2025-12-17 12:15:02,471 - INFO - Generation 130
2025-12-17 12:15:02,471 - INFO -   Best: 1608.018736
2025-12-17 12:15:02,471 - INFO -   Min: 1608.018736
2025-12-17 12:15:02,471 - INFO -   Max: 1610.725551
2025-12-17 12:15:02,472 - INFO -   Avg: 1609.882199
2025-12-17 12:15:02,472 - INFO -   Std: 0.445419
2025-12-17 12:15:02,839 - INFO - Generation 140
2025-12-17 12:15:02,840 - INFO -   Best: 1608.018736
2025-12-17 12:15:02,840 - INFO -   Min: 1608.018736
2025-12-17 12:15:02,840 - INFO -   Max: 1610.935137
2025-12-17 12:15:02,840 - INFO -   Avg: 1609.910868
2025-12-17 12:15:02,840 - INFO -   Std: 0.409248
2025-12-17 12:15:03,205 - INFO - Generation 150
2025-12-17 12:15:03,205 - INFO -   Best: 1608.005687
2025-12-17 12:15:03,206 - INFO -   Min: 1608.005687
2025-12-17 12:15:03,206 - INFO -   Max: 1610.680603
2025-12-17 12:15:03,206 - INFO -   Avg: 1609.829582
2025-12-17 12:15:03,206 - INFO -   Std: 0.425148
2025-12-17 12:15:03,573 - INFO - Generation 160
2025-12-17 12:15:03,574 - INFO -   Best: 1608.005687
2025-12-17 12:15:03,574 - INFO -   Min: 1608.005687
2025-12-17 12:15:03,574 - INFO -   Max: 1610.663919
2025-12-17 12:15:03,574 - INFO -   Avg: 1609.824134
2025-12-17 12:15:03,574 - INFO -   Std: 0.422813
2025-12-17 12:15:03,940 - INFO - Generation 170
2025-12-17 12:15:03,940 - INFO -   Best: 1608.005687
2025-12-17 12:15:03,940 - INFO -   Min: 1608.005687
2025-12-17 12:15:03,940 - INFO -   Max: 1610.414245
2025-12-17 12:15:03,941 - INFO -   Avg: 1609.750049
2025-12-17 12:15:03,941 - INFO -   Std: 0.402734
2025-12-17 12:15:04,310 - INFO - Generation 180
2025-12-17 12:15:04,310 - INFO -   Best: 1608.005687
2025-12-17 12:15:04,311 - INFO -   Min: 1608.005687
2025-12-17 12:15:04,311 - INFO -   Max: 1610.470177
2025-12-17 12:15:04,311 - INFO -   Avg: 1609.818153
2025-12-17 12:15:04,311 - INFO -   Std: 0.372335
2025-12-17 12:15:04,680 - INFO - Generation 190
2025-12-17 12:15:04,680 - INFO -   Best: 1608.005687
2025-12-17 12:15:04,680 - INFO -   Min: 1608.005687
2025-12-17 12:15:04,680 - INFO -   Max: 1610.388170
2025-12-17 12:15:04,681 - INFO -   Avg: 1609.776497
2025-12-17 12:15:04,681 - INFO -   Std: 0.427492
2025-12-17 12:15:05,047 - INFO - Generation 200
2025-12-17 12:15:05,048 - INFO -   Best: 1608.005687
2025-12-17 12:15:05,048 - INFO -   Min: 1608.005687
2025-12-17 12:15:05,048 - INFO -   Max: 1610.883217
2025-12-17 12:15:05,048 - INFO -   Avg: 1609.825998
2025-12-17 12:15:05,048 - INFO -   Std: 0.487494
2025-12-17 12:15:05,072 - INFO - 
Final best fitness: 1608.0056873034
2025-12-17 12:15:05,072 - INFO - Execution time: 7.38s
