2025-12-17 12:08:00,853 - INFO - Representation: Binary
2025-12-17 12:08:00,853 - INFO - Bits per variable: 12
2025-12-17 12:08:00,853 - INFO - Total genes: 24
2025-12-17 12:08:00,853 - INFO - Function: michalewicz
2025-12-17 12:08:00,854 - INFO - Population size: 100
2025-12-17 12:08:00,854 - INFO - Generations: 200
2025-12-17 12:08:00,854 - INFO - Selection: rws
2025-12-17 12:08:00,854 - INFO - Crossover: two_points
2025-12-17 12:08:00,854 - INFO - Mutation: swap
2025-12-17 12:08:00,854 - INFO - 
2025-12-17 12:08:00,961 - INFO - Generation 10
2025-12-17 12:08:00,961 - INFO -   Best: -1.801176
2025-12-17 12:08:00,961 - INFO -   Min: -1.801176
2025-12-17 12:08:00,961 - INFO -   Max: -0.008552
2025-12-17 12:08:00,961 - INFO -   Avg: -1.283556
2025-12-17 12:08:00,962 - INFO -   Std: 0.522945
2025-12-17 12:08:01,024 - INFO - Generation 20
2025-12-17 12:08:01,024 - INFO -   Best: -1.801274
2025-12-17 12:08:01,024 - INFO -   Min: -1.801274
2025-12-17 12:08:01,024 - INFO -   Max: -0.001482
2025-12-17 12:08:01,025 - INFO -   Avg: -1.359666
2025-12-17 12:08:01,025 - INFO -   Std: 0.501783
2025-12-17 12:08:01,090 - INFO - Generation 30
2025-12-17 12:08:01,090 - INFO -   Best: -1.801274
2025-12-17 12:08:01,090 - INFO -   Min: -1.801274
2025-12-17 12:08:01,090 - INFO -   Max: -0.004143
2025-12-17 12:08:01,091 - INFO -   Avg: -1.362867
2025-12-17 12:08:01,091 - INFO -   Std: 0.595919
2025-12-17 12:08:01,155 - INFO - Generation 40
2025-12-17 12:08:01,155 - INFO -   Best: -1.801294
2025-12-17 12:08:01,155 - INFO -   Min: -1.801294
2025-12-17 12:08:01,156 - INFO -   Max: -0.001536
2025-12-17 12:08:01,156 - INFO -   Avg: -1.390155
2025-12-17 12:08:01,156 - INFO -   Std: 0.585128
2025-12-17 12:08:01,223 - INFO - Generation 50
2025-12-17 12:08:01,223 - INFO -   Best: -1.801294
2025-12-17 12:08:01,223 - INFO -   Min: -1.801294
2025-12-17 12:08:01,223 - INFO -   Max: -0.001030
2025-12-17 12:08:01,223 - INFO -   Avg: -1.399721
2025-12-17 12:08:01,224 - INFO -   Std: 0.609593
2025-12-17 12:08:01,288 - INFO - Generation 60
2025-12-17 12:08:01,288 - INFO -   Best: -1.801294
2025-12-17 12:08:01,288 - INFO -   Min: -1.801294
2025-12-17 12:08:01,288 - INFO -   Max: -0.029039
2025-12-17 12:08:01,289 - INFO -   Avg: -1.484401
2025-12-17 12:08:01,289 - INFO -   Std: 0.616433
2025-12-17 12:08:01,352 - INFO - Generation 70
2025-12-17 12:08:01,352 - INFO -   Best: -1.801294
2025-12-17 12:08:01,352 - INFO -   Min: -1.801294
2025-12-17 12:08:01,352 - INFO -   Max: -0.001355
2025-12-17 12:08:01,352 - INFO -   Avg: -1.397127
2025-12-17 12:08:01,353 - INFO -   Std: 0.509062
2025-12-17 12:08:01,413 - INFO - Generation 80
2025-12-17 12:08:01,414 - INFO -   Best: -1.801294
2025-12-17 12:08:01,414 - INFO -   Min: -1.801294
2025-12-17 12:08:01,414 - INFO -   Max: -0.029039
2025-12-17 12:08:01,414 - INFO -   Avg: -1.593989
2025-12-17 12:08:01,414 - INFO -   Std: 0.470767
2025-12-17 12:08:01,475 - INFO - Generation 90
2025-12-17 12:08:01,476 - INFO -   Best: -1.801294
2025-12-17 12:08:01,476 - INFO -   Min: -1.801294
2025-12-17 12:08:01,476 - INFO -   Max: -0.028951
2025-12-17 12:08:01,476 - INFO -   Avg: -1.581941
2025-12-17 12:08:01,477 - INFO -   Std: 0.524057
2025-12-17 12:08:01,532 - INFO - Generation 100
2025-12-17 12:08:01,532 - INFO -   Best: -1.801294
2025-12-17 12:08:01,532 - INFO -   Min: -1.801294
2025-12-17 12:08:01,533 - INFO -   Max: -0.031606
2025-12-17 12:08:01,533 - INFO -   Avg: -1.284514
2025-12-17 12:08:01,533 - INFO -   Std: 0.693731
2025-12-17 12:08:01,588 - INFO - Generation 110
2025-12-17 12:08:01,589 - INFO -   Best: -1.801294
2025-12-17 12:08:01,589 - INFO -   Min: -1.801294
2025-12-17 12:08:01,589 - INFO -   Max: -0.001285
2025-12-17 12:08:01,589 - INFO -   Avg: -1.514954
2025-12-17 12:08:01,589 - INFO -   Std: 0.568864
2025-12-17 12:08:01,644 - INFO - Generation 120
2025-12-17 12:08:01,645 - INFO -   Best: -1.801294
2025-12-17 12:08:01,645 - INFO -   Min: -1.801294
2025-12-17 12:08:01,645 - INFO -   Max: -0.001285
2025-12-17 12:08:01,645 - INFO -   Avg: -1.431379
2025-12-17 12:08:01,646 - INFO -   Std: 0.602837
2025-12-17 12:08:01,699 - INFO - Generation 130
2025-12-17 12:08:01,699 - INFO -   Best: -1.801294
2025-12-17 12:08:01,700 - INFO -   Min: -1.801294
2025-12-17 12:08:01,700 - INFO -   Max: -0.037590
2025-12-17 12:08:01,700 - INFO -   Avg: -1.494659
2025-12-17 12:08:01,700 - INFO -   Std: 0.516663
2025-12-17 12:08:01,753 - INFO - Generation 140
2025-12-17 12:08:01,753 - INFO -   Best: -1.801294
2025-12-17 12:08:01,753 - INFO -   Min: -1.801294
2025-12-17 12:08:01,753 - INFO -   Max: -0.001445
2025-12-17 12:08:01,753 - INFO -   Avg: -1.487821
2025-12-17 12:08:01,753 - INFO -   Std: 0.520934
2025-12-17 12:08:01,805 - INFO - Generation 150
2025-12-17 12:08:01,805 - INFO -   Best: -1.801294
2025-12-17 12:08:01,805 - INFO -   Min: -1.801294
2025-12-17 12:08:01,806 - INFO -   Max: -0.001445
2025-12-17 12:08:01,806 - INFO -   Avg: -1.401763
2025-12-17 12:08:01,806 - INFO -   Std: 0.578209
2025-12-17 12:08:01,859 - INFO - Generation 160
2025-12-17 12:08:01,860 - INFO -   Best: -1.801294
2025-12-17 12:08:01,860 - INFO -   Min: -1.801294
2025-12-17 12:08:01,860 - INFO -   Max: -0.001461
2025-12-17 12:08:01,860 - INFO -   Avg: -1.426710
2025-12-17 12:08:01,860 - INFO -   Std: 0.545921
2025-12-17 12:08:01,918 - INFO - Generation 170
2025-12-17 12:08:01,918 - INFO -   Best: -1.801294
2025-12-17 12:08:01,918 - INFO -   Min: -1.801294
2025-12-17 12:08:01,919 - INFO -   Max: -0.001301
2025-12-17 12:08:01,919 - INFO -   Avg: -1.369785
2025-12-17 12:08:01,919 - INFO -   Std: 0.588644
2025-12-17 12:08:01,975 - INFO - Generation 180
2025-12-17 12:08:01,976 - INFO -   Best: -1.801294
2025-12-17 12:08:01,976 - INFO -   Min: -1.801294
2025-12-17 12:08:01,976 - INFO -   Max: -0.001483
2025-12-17 12:08:01,976 - INFO -   Avg: -1.400256
2025-12-17 12:08:01,977 - INFO -   Std: 0.600707
2025-12-17 12:08:02,033 - INFO - Generation 190
2025-12-17 12:08:02,033 - INFO -   Best: -1.801294
2025-12-17 12:08:02,033 - INFO -   Min: -1.801294
2025-12-17 12:08:02,033 - INFO -   Max: -0.000984
2025-12-17 12:08:02,033 - INFO -   Avg: -1.366526
2025-12-17 12:08:02,034 - INFO -   Std: 0.649017
2025-12-17 12:08:02,090 - INFO - Generation 200
2025-12-17 12:08:02,091 - INFO -   Best: -1.801294
2025-12-17 12:08:02,091 - INFO -   Min: -1.801294
2025-12-17 12:08:02,091 - INFO -   Max: -0.028952
2025-12-17 12:08:02,091 - INFO -   Avg: -1.389751
2025-12-17 12:08:02,091 - INFO -   Std: 0.616178
2025-12-17 12:08:02,095 - INFO - 
Final best fitness: -1.7995725931
2025-12-17 12:08:02,095 - INFO - Execution time: 1.19s
