2025-12-17 11:37:12,713 - INFO - Representation: Real
2025-12-17 11:37:12,713 - INFO - Number of genes: 10
2025-12-17 11:37:12,713 - INFO - Bounds: [0, 3.141592653589793]
2025-12-17 11:37:12,714 - INFO - Function: michalewicz
2025-12-17 11:37:12,714 - INFO - Population size: 100
2025-12-17 11:37:12,714 - INFO - Generations: 200
2025-12-17 11:37:12,714 - INFO - Selection: tournament
2025-12-17 11:37:12,714 - INFO - Crossover: single_point
2025-12-17 11:37:12,715 - INFO - Mutation: random
2025-12-17 11:37:12,715 - INFO - 
2025-12-17 11:37:12,789 - INFO - Generation 10
2025-12-17 11:37:12,789 - INFO -   Best: -6.642757
2025-12-17 11:37:12,789 - INFO -   Min: -6.642757
2025-12-17 11:37:12,790 - INFO -   Max: -1.310745
2025-12-17 11:37:12,790 - INFO -   Avg: -4.601564
2025-12-17 11:37:12,790 - INFO -   Std: 0.989256
2025-12-17 11:37:12,849 - INFO - Generation 20
2025-12-17 11:37:12,849 - INFO -   Best: -8.548871
2025-12-17 11:37:12,849 - INFO -   Min: -8.548871
2025-12-17 11:37:12,849 - INFO -   Max: -4.116013
2025-12-17 11:37:12,849 - INFO -   Avg: -6.710836
2025-12-17 11:37:12,849 - INFO -   Std: 0.976454
2025-12-17 11:37:12,908 - INFO - Generation 30
2025-12-17 11:37:12,909 - INFO -   Best: -9.014876
2025-12-17 11:37:12,909 - INFO -   Min: -9.014876
2025-12-17 11:37:12,909 - INFO -   Max: -3.747225
2025-12-17 11:37:12,909 - INFO -   Avg: -7.247691
2025-12-17 11:37:12,909 - INFO -   Std: 1.021775
2025-12-17 11:37:12,969 - INFO - Generation 40
2025-12-17 11:37:12,969 - INFO -   Best: -9.186639
2025-12-17 11:37:12,970 - INFO -   Min: -9.186639
2025-12-17 11:37:12,970 - INFO -   Max: -4.076288
2025-12-17 11:37:12,970 - INFO -   Avg: -7.524487
2025-12-17 11:37:12,970 - INFO -   Std: 1.101531
2025-12-17 11:37:13,028 - INFO - Generation 50
2025-12-17 11:37:13,029 - INFO -   Best: -9.186639
2025-12-17 11:37:13,029 - INFO -   Min: -9.186639
2025-12-17 11:37:13,029 - INFO -   Max: -4.898575
2025-12-17 11:37:13,029 - INFO -   Avg: -7.827207
2025-12-17 11:37:13,029 - INFO -   Std: 0.957613
2025-12-17 11:37:13,086 - INFO - Generation 60
2025-12-17 11:37:13,087 - INFO -   Best: -9.264956
2025-12-17 11:37:13,087 - INFO -   Min: -9.264956
2025-12-17 11:37:13,087 - INFO -   Max: -5.395958
2025-12-17 11:37:13,087 - INFO -   Avg: -7.889741
2025-12-17 11:37:13,087 - INFO -   Std: 1.038548
2025-12-17 11:37:13,149 - INFO - Generation 70
2025-12-17 11:37:13,149 - INFO -   Best: -9.289514
2025-12-17 11:37:13,149 - INFO -   Min: -9.289514
2025-12-17 11:37:13,149 - INFO -   Max: -4.683930
2025-12-17 11:37:13,150 - INFO -   Avg: -7.751137
2025-12-17 11:37:13,150 - INFO -   Std: 1.076753
2025-12-17 11:37:13,208 - INFO - Generation 80
2025-12-17 11:37:13,208 - INFO -   Best: -9.389937
2025-12-17 11:37:13,208 - INFO -   Min: -9.389937
2025-12-17 11:37:13,208 - INFO -   Max: -4.664330
2025-12-17 11:37:13,209 - INFO -   Avg: -7.857027
2025-12-17 11:37:13,209 - INFO -   Std: 1.113025
2025-12-17 11:37:13,268 - INFO - Generation 90
2025-12-17 11:37:13,268 - INFO -   Best: -9.399669
2025-12-17 11:37:13,268 - INFO -   Min: -9.399669
2025-12-17 11:37:13,268 - INFO -   Max: -5.516765
2025-12-17 11:37:13,269 - INFO -   Avg: -8.106412
2025-12-17 11:37:13,269 - INFO -   Std: 1.004026
2025-12-17 11:37:13,327 - INFO - Generation 100
2025-12-17 11:37:13,327 - INFO -   Best: -9.399669
2025-12-17 11:37:13,327 - INFO -   Min: -9.399669
2025-12-17 11:37:13,328 - INFO -   Max: -4.797403
2025-12-17 11:37:13,328 - INFO -   Avg: -8.105969
2025-12-17 11:37:13,328 - INFO -   Std: 1.029313
2025-12-17 11:37:13,384 - INFO - Generation 110
2025-12-17 11:37:13,384 - INFO -   Best: -9.407817
2025-12-17 11:37:13,384 - INFO -   Min: -9.407817
2025-12-17 11:37:13,384 - INFO -   Max: -5.253992
2025-12-17 11:37:13,384 - INFO -   Avg: -8.084631
2025-12-17 11:37:13,385 - INFO -   Std: 1.013314
2025-12-17 11:37:13,442 - INFO - Generation 120
2025-12-17 11:37:13,442 - INFO -   Best: -9.407817
2025-12-17 11:37:13,442 - INFO -   Min: -9.407817
2025-12-17 11:37:13,442 - INFO -   Max: -4.423819
2025-12-17 11:37:13,442 - INFO -   Avg: -7.654188
2025-12-17 11:37:13,443 - INFO -   Std: 1.034764
2025-12-17 11:37:13,499 - INFO - Generation 130
2025-12-17 11:37:13,500 - INFO -   Best: -9.408908
2025-12-17 11:37:13,500 - INFO -   Min: -9.408908
2025-12-17 11:37:13,500 - INFO -   Max: -4.027799
2025-12-17 11:37:13,500 - INFO -   Avg: -8.301446
2025-12-17 11:37:13,500 - INFO -   Std: 1.103082
2025-12-17 11:37:13,560 - INFO - Generation 140
2025-12-17 11:37:13,560 - INFO -   Best: -9.444626
2025-12-17 11:37:13,560 - INFO -   Min: -9.444626
2025-12-17 11:37:13,560 - INFO -   Max: -5.256304
2025-12-17 11:37:13,560 - INFO -   Avg: -7.920448
2025-12-17 11:37:13,560 - INFO -   Std: 1.038970
2025-12-17 11:37:13,619 - INFO - Generation 150
2025-12-17 11:37:13,619 - INFO -   Best: -9.444626
2025-12-17 11:37:13,619 - INFO -   Min: -9.444626
2025-12-17 11:37:13,619 - INFO -   Max: -4.068541
2025-12-17 11:37:13,620 - INFO -   Avg: -7.832382
2025-12-17 11:37:13,620 - INFO -   Std: 1.159831
2025-12-17 11:37:13,677 - INFO - Generation 160
2025-12-17 11:37:13,677 - INFO -   Best: -9.444626
2025-12-17 11:37:13,677 - INFO -   Min: -9.444626
2025-12-17 11:37:13,677 - INFO -   Max: -4.884068
2025-12-17 11:37:13,677 - INFO -   Avg: -8.124718
2025-12-17 11:37:13,678 - INFO -   Std: 1.130169
2025-12-17 11:37:13,735 - INFO - Generation 170
2025-12-17 11:37:13,735 - INFO -   Best: -9.444626
2025-12-17 11:37:13,735 - INFO -   Min: -9.444626
2025-12-17 11:37:13,736 - INFO -   Max: -4.902744
2025-12-17 11:37:13,736 - INFO -   Avg: -7.830567
2025-12-17 11:37:13,736 - INFO -   Std: 1.080820
2025-12-17 11:37:13,793 - INFO - Generation 180
2025-12-17 11:37:13,793 - INFO -   Best: -9.444626
2025-12-17 11:37:13,793 - INFO -   Min: -9.444626
2025-12-17 11:37:13,793 - INFO -   Max: -4.482791
2025-12-17 11:37:13,794 - INFO -   Avg: -7.566344
2025-12-17 11:37:13,794 - INFO -   Std: 1.176327
2025-12-17 11:37:13,850 - INFO - Generation 190
2025-12-17 11:37:13,851 - INFO -   Best: -9.444626
2025-12-17 11:37:13,851 - INFO -   Min: -9.444626
2025-12-17 11:37:13,851 - INFO -   Max: -4.797825
2025-12-17 11:37:13,851 - INFO -   Avg: -7.673577
2025-12-17 11:37:13,851 - INFO -   Std: 1.232919
2025-12-17 11:37:13,914 - INFO - Generation 200
2025-12-17 11:37:13,914 - INFO -   Best: -9.444626
2025-12-17 11:37:13,914 - INFO -   Min: -9.444626
2025-12-17 11:37:13,915 - INFO -   Max: -5.164417
2025-12-17 11:37:13,915 - INFO -   Avg: -7.835352
2025-12-17 11:37:13,915 - INFO -   Std: 1.103278
2025-12-17 11:37:13,918 - INFO - 
Final best fitness: -9.0458573898
2025-12-17 11:37:13,918 - INFO - Execution time: 1.19s
2025-12-17 12:01:54,800 - INFO - Representation: Binary
2025-12-17 12:01:54,801 - INFO - Bits per variable: 12
2025-12-17 12:01:54,801 - INFO - Total genes: 120
2025-12-17 12:01:54,801 - INFO - Function: michalewicz
2025-12-17 12:01:54,801 - INFO - Population size: 100
2025-12-17 12:01:54,801 - INFO - Generations: 200
2025-12-17 12:01:54,801 - INFO - Selection: tournament
2025-12-17 12:01:54,801 - INFO - Crossover: single_point
2025-12-17 12:01:54,802 - INFO - Mutation: random
2025-12-17 12:01:54,802 - INFO - 
2025-12-17 12:01:55,373 - INFO - Generation 10
2025-12-17 12:01:55,373 - INFO -   Best: -6.037717
2025-12-17 12:01:55,373 - INFO -   Min: -6.037717
2025-12-17 12:01:55,373 - INFO -   Max: -0.256057
2025-12-17 12:01:55,373 - INFO -   Avg: -3.256210
2025-12-17 12:01:55,374 - INFO -   Std: 1.037300
2025-12-17 12:01:55,726 - INFO - Generation 20
2025-12-17 12:01:55,726 - INFO -   Best: -6.095075
2025-12-17 12:01:55,727 - INFO -   Min: -6.095075
2025-12-17 12:01:55,727 - INFO -   Max: -0.026122
2025-12-17 12:01:55,727 - INFO -   Avg: -2.949929
2025-12-17 12:01:55,727 - INFO -   Std: 1.133109
2025-12-17 12:01:56,094 - INFO - Generation 30
2025-12-17 12:01:56,094 - INFO -   Best: -6.095075
2025-12-17 12:01:56,094 - INFO -   Min: -6.095075
2025-12-17 12:01:56,094 - INFO -   Max: 0.140327
2025-12-17 12:01:56,094 - INFO -   Avg: -2.747264
2025-12-17 12:01:56,095 - INFO -   Std: 1.133547
2025-12-17 12:01:56,455 - INFO - Generation 40
2025-12-17 12:01:56,456 - INFO -   Best: -6.117616
2025-12-17 12:01:56,456 - INFO -   Min: -6.117616
2025-12-17 12:01:56,456 - INFO -   Max: -0.467656
2025-12-17 12:01:56,456 - INFO -   Avg: -3.443002
2025-12-17 12:01:56,456 - INFO -   Std: 1.083959
2025-12-17 12:01:56,829 - INFO - Generation 50
2025-12-17 12:01:56,829 - INFO -   Best: -6.204831
2025-12-17 12:01:56,829 - INFO -   Min: -6.204831
2025-12-17 12:01:56,829 - INFO -   Max: -0.679944
2025-12-17 12:01:56,829 - INFO -   Avg: -3.482771
2025-12-17 12:01:56,830 - INFO -   Std: 1.150709
2025-12-17 12:01:57,182 - INFO - Generation 60
2025-12-17 12:01:57,182 - INFO -   Best: -6.204831
2025-12-17 12:01:57,182 - INFO -   Min: -6.204831
2025-12-17 12:01:57,182 - INFO -   Max: 0.278819
2025-12-17 12:01:57,182 - INFO -   Avg: -2.734782
2025-12-17 12:01:57,183 - INFO -   Std: 1.127900
2025-12-17 12:01:57,537 - INFO - Generation 70
2025-12-17 12:01:57,537 - INFO -   Best: -6.204831
2025-12-17 12:01:57,537 - INFO -   Min: -6.204831
2025-12-17 12:01:57,538 - INFO -   Max: -0.199414
2025-12-17 12:01:57,538 - INFO -   Avg: -2.459894
2025-12-17 12:01:57,538 - INFO -   Std: 1.025483
2025-12-17 12:01:57,888 - INFO - Generation 80
2025-12-17 12:01:57,888 - INFO -   Best: -6.204831
2025-12-17 12:01:57,889 - INFO -   Min: -6.204831
2025-12-17 12:01:57,889 - INFO -   Max: -0.152706
2025-12-17 12:01:57,889 - INFO -   Avg: -3.017623
2025-12-17 12:01:57,889 - INFO -   Std: 1.278443
2025-12-17 12:01:58,243 - INFO - Generation 90
2025-12-17 12:01:58,243 - INFO -   Best: -6.204831
2025-12-17 12:01:58,243 - INFO -   Min: -6.204831
2025-12-17 12:01:58,243 - INFO -   Max: 0.003191
2025-12-17 12:01:58,244 - INFO -   Avg: -2.749531
2025-12-17 12:01:58,244 - INFO -   Std: 1.142570
2025-12-17 12:01:58,596 - INFO - Generation 100
2025-12-17 12:01:58,596 - INFO -   Best: -6.824580
2025-12-17 12:01:58,596 - INFO -   Min: -6.824580
2025-12-17 12:01:58,596 - INFO -   Max: -0.744830
2025-12-17 12:01:58,597 - INFO -   Avg: -3.220330
2025-12-17 12:01:58,597 - INFO -   Std: 1.141758
2025-12-17 12:01:58,949 - INFO - Generation 110
2025-12-17 12:01:58,949 - INFO -   Best: -6.824580
2025-12-17 12:01:58,949 - INFO -   Min: -6.824580
2025-12-17 12:01:58,950 - INFO -   Max: -0.043683
2025-12-17 12:01:58,950 - INFO -   Avg: -2.479668
2025-12-17 12:01:58,950 - INFO -   Std: 1.114609
2025-12-17 12:01:59,302 - INFO - Generation 120
2025-12-17 12:01:59,302 - INFO -   Best: -7.062163
2025-12-17 12:01:59,302 - INFO -   Min: -7.062163
2025-12-17 12:01:59,303 - INFO -   Max: -0.281386
2025-12-17 12:01:59,303 - INFO -   Avg: -2.907873
2025-12-17 12:01:59,303 - INFO -   Std: 1.168211
2025-12-17 12:01:59,651 - INFO - Generation 130
2025-12-17 12:01:59,651 - INFO -   Best: -7.062163
2025-12-17 12:01:59,651 - INFO -   Min: -7.062163
2025-12-17 12:01:59,651 - INFO -   Max: -0.658183
2025-12-17 12:01:59,652 - INFO -   Avg: -2.934549
2025-12-17 12:01:59,652 - INFO -   Std: 1.156383
2025-12-17 12:02:00,005 - INFO - Generation 140
2025-12-17 12:02:00,005 - INFO -   Best: -7.062163
2025-12-17 12:02:00,006 - INFO -   Min: -7.062163
2025-12-17 12:02:00,006 - INFO -   Max: 0.528432
2025-12-17 12:02:00,006 - INFO -   Avg: -3.168634
2025-12-17 12:02:00,006 - INFO -   Std: 1.338000
2025-12-17 12:02:00,359 - INFO - Generation 150
2025-12-17 12:02:00,359 - INFO -   Best: -7.062163
2025-12-17 12:02:00,359 - INFO -   Min: -7.062163
2025-12-17 12:02:00,359 - INFO -   Max: -0.512219
2025-12-17 12:02:00,359 - INFO -   Avg: -2.931091
2025-12-17 12:02:00,360 - INFO -   Std: 1.254701
2025-12-17 12:02:00,711 - INFO - Generation 160
2025-12-17 12:02:00,711 - INFO -   Best: -7.062163
2025-12-17 12:02:00,711 - INFO -   Min: -7.062163
2025-12-17 12:02:00,711 - INFO -   Max: -0.012552
2025-12-17 12:02:00,711 - INFO -   Avg: -2.739364
2025-12-17 12:02:00,711 - INFO -   Std: 1.191984
2025-12-17 12:02:01,065 - INFO - Generation 170
2025-12-17 12:02:01,065 - INFO -   Best: -7.062163
2025-12-17 12:02:01,065 - INFO -   Min: -7.062163
2025-12-17 12:02:01,066 - INFO -   Max: -0.536610
2025-12-17 12:02:01,066 - INFO -   Avg: -2.915911
2025-12-17 12:02:01,066 - INFO -   Std: 1.045927
2025-12-17 12:02:01,420 - INFO - Generation 180
2025-12-17 12:02:01,420 - INFO -   Best: -7.062163
2025-12-17 12:02:01,420 - INFO -   Min: -7.062163
2025-12-17 12:02:01,420 - INFO -   Max: 0.110133
2025-12-17 12:02:01,421 - INFO -   Avg: -2.429394
2025-12-17 12:02:01,421 - INFO -   Std: 1.326765
2025-12-17 12:02:01,775 - INFO - Generation 190
2025-12-17 12:02:01,775 - INFO -   Best: -7.062163
2025-12-17 12:02:01,775 - INFO -   Min: -7.062163
2025-12-17 12:02:01,775 - INFO -   Max: -0.831813
2025-12-17 12:02:01,776 - INFO -   Avg: -3.212389
2025-12-17 12:02:01,776 - INFO -   Std: 1.119011
2025-12-17 12:02:02,130 - INFO - Generation 200
2025-12-17 12:02:02,130 - INFO -   Best: -7.062163
2025-12-17 12:02:02,130 - INFO -   Min: -7.062163
2025-12-17 12:02:02,130 - INFO -   Max: 0.161809
2025-12-17 12:02:02,130 - INFO -   Avg: -3.385624
2025-12-17 12:02:02,130 - INFO -   Std: 1.305285
2025-12-17 12:02:02,138 - INFO - 
Final best fitness: -7.0621634850
2025-12-17 12:02:02,139 - INFO - Execution time: 7.11s
