2025-12-17 12:23:26,906 - INFO - Representation: Real
2025-12-17 12:23:26,906 - INFO - Number of genes: 5
2025-12-17 12:23:26,906 - INFO - Bounds: [0, 3.141592653589793]
2025-12-17 12:23:26,907 - INFO - Function: michalewicz
2025-12-17 12:23:26,907 - INFO - Population size: 100
2025-12-17 12:23:26,907 - INFO - Generations: 200
2025-12-17 12:23:26,907 - INFO - Selection: rws
2025-12-17 12:23:26,907 - INFO - Crossover: two_points
2025-12-17 12:23:26,907 - INFO - Mutation: swap
2025-12-17 12:23:26,907 - INFO - 
2025-12-17 12:23:26,967 - INFO - Generation 10
2025-12-17 12:23:26,967 - INFO -   Best: -4.215290
2025-12-17 12:23:26,967 - INFO -   Min: -4.215290
2025-12-17 12:23:26,967 - INFO -   Max: -1.000461
2025-12-17 12:23:26,968 - INFO -   Avg: -2.526300
2025-12-17 12:23:26,968 - INFO -   Std: 0.721485
2025-12-17 12:23:27,017 - INFO - Generation 20
2025-12-17 12:23:27,017 - INFO -   Best: -4.302703
2025-12-17 12:23:27,018 - INFO -   Min: -4.302703
2025-12-17 12:23:27,018 - INFO -   Max: -1.374144
2025-12-17 12:23:27,018 - INFO -   Avg: -2.809710
2025-12-17 12:23:27,018 - INFO -   Std: 0.727060
2025-12-17 12:23:27,063 - INFO - Generation 30
2025-12-17 12:23:27,063 - INFO -   Best: -4.302703
2025-12-17 12:23:27,064 - INFO -   Min: -4.302703
2025-12-17 12:23:27,064 - INFO -   Max: -1.160554
2025-12-17 12:23:27,064 - INFO -   Avg: -2.725377
2025-12-17 12:23:27,064 - INFO -   Std: 0.655965
2025-12-17 12:23:27,109 - INFO - Generation 40
2025-12-17 12:23:27,109 - INFO -   Best: -4.302703
2025-12-17 12:23:27,109 - INFO -   Min: -4.302703
2025-12-17 12:23:27,109 - INFO -   Max: -1.376390
2025-12-17 12:23:27,109 - INFO -   Avg: -2.927368
2025-12-17 12:23:27,109 - INFO -   Std: 0.612647
2025-12-17 12:23:27,150 - INFO - Generation 50
2025-12-17 12:23:27,150 - INFO -   Best: -4.302703
2025-12-17 12:23:27,150 - INFO -   Min: -4.302703
2025-12-17 12:23:27,150 - INFO -   Max: -1.374145
2025-12-17 12:23:27,151 - INFO -   Avg: -2.988797
2025-12-17 12:23:27,151 - INFO -   Std: 0.634926
2025-12-17 12:23:27,194 - INFO - Generation 60
2025-12-17 12:23:27,194 - INFO -   Best: -4.302703
2025-12-17 12:23:27,194 - INFO -   Min: -4.302703
2025-12-17 12:23:27,194 - INFO -   Max: -1.374145
2025-12-17 12:23:27,194 - INFO -   Avg: -3.012747
2025-12-17 12:23:27,195 - INFO -   Std: 0.534022
2025-12-17 12:23:27,236 - INFO - Generation 70
2025-12-17 12:23:27,237 - INFO -   Best: -4.302703
2025-12-17 12:23:27,237 - INFO -   Min: -4.302703
2025-12-17 12:23:27,237 - INFO -   Max: -1.374145
2025-12-17 12:23:27,237 - INFO -   Avg: -2.925730
2025-12-17 12:23:27,237 - INFO -   Std: 0.695411
2025-12-17 12:23:27,279 - INFO - Generation 80
2025-12-17 12:23:27,279 - INFO -   Best: -4.302703
2025-12-17 12:23:27,279 - INFO -   Min: -4.302703
2025-12-17 12:23:27,279 - INFO -   Max: -2.112636
2025-12-17 12:23:27,280 - INFO -   Avg: -3.066526
2025-12-17 12:23:27,280 - INFO -   Std: 0.448216
2025-12-17 12:23:27,318 - INFO - Generation 90
2025-12-17 12:23:27,318 - INFO -   Best: -4.302703
2025-12-17 12:23:27,319 - INFO -   Min: -4.302703
2025-12-17 12:23:27,319 - INFO -   Max: -2.112636
2025-12-17 12:23:27,319 - INFO -   Avg: -3.037778
2025-12-17 12:23:27,319 - INFO -   Std: 0.373779
2025-12-17 12:23:27,365 - INFO - Generation 100
2025-12-17 12:23:27,365 - INFO -   Best: -4.302703
2025-12-17 12:23:27,365 - INFO -   Min: -4.302703
2025-12-17 12:23:27,365 - INFO -   Max: -2.284519
2025-12-17 12:23:27,366 - INFO -   Avg: -3.026439
2025-12-17 12:23:27,366 - INFO -   Std: 0.277745
2025-12-17 12:23:27,410 - INFO - Generation 110
2025-12-17 12:23:27,410 - INFO -   Best: -4.302703
2025-12-17 12:23:27,410 - INFO -   Min: -4.302703
2025-12-17 12:23:27,410 - INFO -   Max: -1.374145
2025-12-17 12:23:27,410 - INFO -   Avg: -2.881600
2025-12-17 12:23:27,411 - INFO -   Std: 0.596163
2025-12-17 12:23:27,453 - INFO - Generation 120
2025-12-17 12:23:27,454 - INFO -   Best: -4.302703
2025-12-17 12:23:27,454 - INFO -   Min: -4.302703
2025-12-17 12:23:27,454 - INFO -   Max: -1.374145
2025-12-17 12:23:27,454 - INFO -   Avg: -2.930254
2025-12-17 12:23:27,454 - INFO -   Std: 0.508679
2025-12-17 12:23:27,495 - INFO - Generation 130
2025-12-17 12:23:27,495 - INFO -   Best: -4.302703
2025-12-17 12:23:27,495 - INFO -   Min: -4.302703
2025-12-17 12:23:27,496 - INFO -   Max: -1.374145
2025-12-17 12:23:27,496 - INFO -   Avg: -2.921966
2025-12-17 12:23:27,496 - INFO -   Std: 0.676777
2025-12-17 12:23:27,548 - INFO - Generation 140
2025-12-17 12:23:27,548 - INFO -   Best: -4.302703
2025-12-17 12:23:27,548 - INFO -   Min: -4.302703
2025-12-17 12:23:27,548 - INFO -   Max: -1.374145
2025-12-17 12:23:27,549 - INFO -   Avg: -2.755515
2025-12-17 12:23:27,549 - INFO -   Std: 0.738114
2025-12-17 12:23:27,590 - INFO - Generation 150
2025-12-17 12:23:27,590 - INFO -   Best: -4.302703
2025-12-17 12:23:27,591 - INFO -   Min: -4.302703
2025-12-17 12:23:27,591 - INFO -   Max: -1.374145
2025-12-17 12:23:27,591 - INFO -   Avg: -2.887806
2025-12-17 12:23:27,591 - INFO -   Std: 0.715482
2025-12-17 12:23:27,633 - INFO - Generation 160
2025-12-17 12:23:27,633 - INFO -   Best: -4.302703
2025-12-17 12:23:27,633 - INFO -   Min: -4.302703
2025-12-17 12:23:27,633 - INFO -   Max: -1.374145
2025-12-17 12:23:27,634 - INFO -   Avg: -2.933463
2025-12-17 12:23:27,634 - INFO -   Std: 0.512722
2025-12-17 12:23:27,680 - INFO - Generation 170
2025-12-17 12:23:27,680 - INFO -   Best: -4.302703
2025-12-17 12:23:27,680 - INFO -   Min: -4.302703
2025-12-17 12:23:27,680 - INFO -   Max: -1.374145
2025-12-17 12:23:27,680 - INFO -   Avg: -2.966718
2025-12-17 12:23:27,680 - INFO -   Std: 0.563140
2025-12-17 12:23:27,722 - INFO - Generation 180
2025-12-17 12:23:27,722 - INFO -   Best: -4.302703
2025-12-17 12:23:27,722 - INFO -   Min: -4.302703
2025-12-17 12:23:27,722 - INFO -   Max: -1.374145
2025-12-17 12:23:27,722 - INFO -   Avg: -2.880621
2025-12-17 12:23:27,722 - INFO -   Std: 0.630643
2025-12-17 12:23:27,762 - INFO - Generation 190
2025-12-17 12:23:27,762 - INFO -   Best: -4.302703
2025-12-17 12:23:27,762 - INFO -   Min: -4.302703
2025-12-17 12:23:27,762 - INFO -   Max: -2.112636
2025-12-17 12:23:27,763 - INFO -   Avg: -3.130656
2025-12-17 12:23:27,763 - INFO -   Std: 0.656525
2025-12-17 12:23:27,803 - INFO - Generation 200
2025-12-17 12:23:27,803 - INFO -   Best: -4.302703
2025-12-17 12:23:27,803 - INFO -   Min: -4.302703
2025-12-17 12:23:27,803 - INFO -   Max: -2.112636
2025-12-17 12:23:27,804 - INFO -   Avg: -3.016215
2025-12-17 12:23:27,804 - INFO -   Std: 0.479217
2025-12-17 12:23:27,807 - INFO - 
Final best fitness: -4.3027031167
2025-12-17 12:23:27,807 - INFO - Execution time: 0.89s
