2025-12-17 11:37:04,446 - INFO - Representation: Real
2025-12-17 11:37:04,446 - INFO - Number of genes: 10
2025-12-17 11:37:04,446 - INFO - Bounds: [0, 3.141592653589793]
2025-12-17 11:37:04,446 - INFO - Function: michalewicz
2025-12-17 11:37:04,447 - INFO - Population size: 100
2025-12-17 11:37:04,447 - INFO - Generations: 200
2025-12-17 11:37:04,447 - INFO - Selection: tournament
2025-12-17 11:37:04,447 - INFO - Crossover: single_point
2025-12-17 11:37:04,447 - INFO - Mutation: random
2025-12-17 11:37:04,447 - INFO - 
2025-12-17 11:37:04,517 - INFO - Generation 10
2025-12-17 11:37:04,517 - INFO -   Best: -6.713561
2025-12-17 11:37:04,518 - INFO -   Min: -6.713561
2025-12-17 11:37:04,518 - INFO -   Max: -1.676355
2025-12-17 11:37:04,518 - INFO -   Avg: -4.808390
2025-12-17 11:37:04,518 - INFO -   Std: 1.014662
2025-12-17 11:37:04,577 - INFO - Generation 20
2025-12-17 11:37:04,577 - INFO -   Best: -7.763728
2025-12-17 11:37:04,577 - INFO -   Min: -7.763728
2025-12-17 11:37:04,577 - INFO -   Max: -3.852882
2025-12-17 11:37:04,578 - INFO -   Avg: -6.323790
2025-12-17 11:37:04,578 - INFO -   Std: 0.912143
2025-12-17 11:37:04,633 - INFO - Generation 30
2025-12-17 11:37:04,634 - INFO -   Best: -8.284665
2025-12-17 11:37:04,634 - INFO -   Min: -8.284665
2025-12-17 11:37:04,634 - INFO -   Max: -3.154394
2025-12-17 11:37:04,634 - INFO -   Avg: -6.504830
2025-12-17 11:37:04,634 - INFO -   Std: 1.116046
2025-12-17 11:37:04,696 - INFO - Generation 40
2025-12-17 11:37:04,696 - INFO -   Best: -8.415916
2025-12-17 11:37:04,696 - INFO -   Min: -8.415916
2025-12-17 11:37:04,696 - INFO -   Max: -4.992155
2025-12-17 11:37:04,696 - INFO -   Avg: -7.339120
2025-12-17 11:37:04,696 - INFO -   Std: 0.905878
2025-12-17 11:37:04,752 - INFO - Generation 50
2025-12-17 11:37:04,752 - INFO -   Best: -8.626135
2025-12-17 11:37:04,752 - INFO -   Min: -8.626135
2025-12-17 11:37:04,752 - INFO -   Max: -3.989065
2025-12-17 11:37:04,753 - INFO -   Avg: -7.370692
2025-12-17 11:37:04,753 - INFO -   Std: 1.045019
2025-12-17 11:37:04,817 - INFO - Generation 60
2025-12-17 11:37:04,818 - INFO -   Best: -8.772431
2025-12-17 11:37:04,818 - INFO -   Min: -8.772431
2025-12-17 11:37:04,818 - INFO -   Max: -3.840352
2025-12-17 11:37:04,818 - INFO -   Avg: -7.012005
2025-12-17 11:37:04,818 - INFO -   Std: 1.116978
2025-12-17 11:37:04,878 - INFO - Generation 70
2025-12-17 11:37:04,878 - INFO -   Best: -8.772431
2025-12-17 11:37:04,879 - INFO -   Min: -8.772431
2025-12-17 11:37:04,879 - INFO -   Max: -4.086689
2025-12-17 11:37:04,879 - INFO -   Avg: -7.675385
2025-12-17 11:37:04,879 - INFO -   Std: 0.946032
2025-12-17 11:37:04,936 - INFO - Generation 80
2025-12-17 11:37:04,936 - INFO -   Best: -8.772431
2025-12-17 11:37:04,937 - INFO -   Min: -8.772431
2025-12-17 11:37:04,937 - INFO -   Max: -4.257275
2025-12-17 11:37:04,937 - INFO -   Avg: -7.531534
2025-12-17 11:37:04,937 - INFO -   Std: 0.989314
2025-12-17 11:37:04,999 - INFO - Generation 90
2025-12-17 11:37:04,999 - INFO -   Best: -8.795154
2025-12-17 11:37:04,999 - INFO -   Min: -8.795154
2025-12-17 11:37:04,999 - INFO -   Max: -3.928663
2025-12-17 11:37:04,999 - INFO -   Avg: -7.443416
2025-12-17 11:37:05,000 - INFO -   Std: 0.983011
2025-12-17 11:37:05,057 - INFO - Generation 100
2025-12-17 11:37:05,057 - INFO -   Best: -8.795154
2025-12-17 11:37:05,057 - INFO -   Min: -8.795154
2025-12-17 11:37:05,057 - INFO -   Max: -4.473352
2025-12-17 11:37:05,057 - INFO -   Avg: -7.530646
2025-12-17 11:37:05,058 - INFO -   Std: 1.035523
2025-12-17 11:37:05,114 - INFO - Generation 110
2025-12-17 11:37:05,115 - INFO -   Best: -8.795154
2025-12-17 11:37:05,115 - INFO -   Min: -8.795154
2025-12-17 11:37:05,115 - INFO -   Max: -4.295782
2025-12-17 11:37:05,115 - INFO -   Avg: -7.491288
2025-12-17 11:37:05,115 - INFO -   Std: 1.006497
2025-12-17 11:37:05,184 - INFO - Generation 120
2025-12-17 11:37:05,184 - INFO -   Best: -8.804321
2025-12-17 11:37:05,184 - INFO -   Min: -8.804321
2025-12-17 11:37:05,184 - INFO -   Max: -3.880152
2025-12-17 11:37:05,184 - INFO -   Avg: -7.485852
2025-12-17 11:37:05,185 - INFO -   Std: 1.008296
2025-12-17 11:37:05,241 - INFO - Generation 130
2025-12-17 11:37:05,241 - INFO -   Best: -8.984509
2025-12-17 11:37:05,241 - INFO -   Min: -8.984509
2025-12-17 11:37:05,242 - INFO -   Max: -3.535335
2025-12-17 11:37:05,242 - INFO -   Avg: -7.441300
2025-12-17 11:37:05,242 - INFO -   Std: 1.087798
2025-12-17 11:37:05,306 - INFO - Generation 140
2025-12-17 11:37:05,306 - INFO -   Best: -9.024634
2025-12-17 11:37:05,306 - INFO -   Min: -9.024634
2025-12-17 11:37:05,306 - INFO -   Max: -4.523032
2025-12-17 11:37:05,307 - INFO -   Avg: -7.644255
2025-12-17 11:37:05,307 - INFO -   Std: 0.985735
2025-12-17 11:37:05,364 - INFO - Generation 150
2025-12-17 11:37:05,364 - INFO -   Best: -9.241812
2025-12-17 11:37:05,364 - INFO -   Min: -9.241812
2025-12-17 11:37:05,364 - INFO -   Max: -4.893174
2025-12-17 11:37:05,364 - INFO -   Avg: -7.411251
2025-12-17 11:37:05,365 - INFO -   Std: 1.028302
2025-12-17 11:37:05,421 - INFO - Generation 160
2025-12-17 11:37:05,422 - INFO -   Best: -9.241812
2025-12-17 11:37:05,422 - INFO -   Min: -9.241812
2025-12-17 11:37:05,422 - INFO -   Max: -4.476143
2025-12-17 11:37:05,422 - INFO -   Avg: -7.906460
2025-12-17 11:37:05,422 - INFO -   Std: 1.050639
2025-12-17 11:37:05,481 - INFO - Generation 170
2025-12-17 11:37:05,481 - INFO -   Best: -9.241812
2025-12-17 11:37:05,481 - INFO -   Min: -9.241812
2025-12-17 11:37:05,481 - INFO -   Max: -3.971035
2025-12-17 11:37:05,481 - INFO -   Avg: -7.475741
2025-12-17 11:37:05,482 - INFO -   Std: 1.230513
2025-12-17 11:37:05,541 - INFO - Generation 180
2025-12-17 11:37:05,541 - INFO -   Best: -9.247035
2025-12-17 11:37:05,542 - INFO -   Min: -9.247035
2025-12-17 11:37:05,542 - INFO -   Max: -3.760093
2025-12-17 11:37:05,542 - INFO -   Avg: -7.885270
2025-12-17 11:37:05,542 - INFO -   Std: 1.017218
2025-12-17 11:37:05,601 - INFO - Generation 190
2025-12-17 11:37:05,601 - INFO -   Best: -9.247035
2025-12-17 11:37:05,602 - INFO -   Min: -9.247035
2025-12-17 11:37:05,602 - INFO -   Max: -2.924017
2025-12-17 11:37:05,602 - INFO -   Avg: -7.683011
2025-12-17 11:37:05,602 - INFO -   Std: 1.198024
2025-12-17 11:37:05,658 - INFO - Generation 200
2025-12-17 11:37:05,658 - INFO -   Best: -9.344741
2025-12-17 11:37:05,658 - INFO -   Min: -9.344741
2025-12-17 11:37:05,659 - INFO -   Max: -5.253269
2025-12-17 11:37:05,659 - INFO -   Avg: -7.954554
2025-12-17 11:37:05,659 - INFO -   Std: 1.015584
2025-12-17 11:37:05,662 - INFO - 
Final best fitness: -9.3447405324
2025-12-17 11:37:05,662 - INFO - Execution time: 1.20s
2025-12-17 12:01:15,990 - INFO - Representation: Binary
2025-12-17 12:01:15,991 - INFO - Bits per variable: 12
2025-12-17 12:01:15,991 - INFO - Total genes: 120
2025-12-17 12:01:15,991 - INFO - Function: michalewicz
2025-12-17 12:01:15,991 - INFO - Population size: 100
2025-12-17 12:01:15,991 - INFO - Generations: 200
2025-12-17 12:01:15,991 - INFO - Selection: tournament
2025-12-17 12:01:15,991 - INFO - Crossover: single_point
2025-12-17 12:01:15,992 - INFO - Mutation: random
2025-12-17 12:01:15,992 - INFO - 
2025-12-17 12:01:16,558 - INFO - Generation 10
2025-12-17 12:01:16,558 - INFO -   Best: -5.146458
2025-12-17 12:01:16,559 - INFO -   Min: -5.146458
2025-12-17 12:01:16,559 - INFO -   Max: -0.162911
2025-12-17 12:01:16,559 - INFO -   Avg: -2.737765
2025-12-17 12:01:16,559 - INFO -   Std: 1.005516
2025-12-17 12:01:16,914 - INFO - Generation 20
2025-12-17 12:01:16,914 - INFO -   Best: -5.947525
2025-12-17 12:01:16,915 - INFO -   Min: -5.947525
2025-12-17 12:01:16,915 - INFO -   Max: 0.109297
2025-12-17 12:01:16,915 - INFO -   Avg: -2.949682
2025-12-17 12:01:16,915 - INFO -   Std: 0.976989
2025-12-17 12:01:17,282 - INFO - Generation 30
2025-12-17 12:01:17,283 - INFO -   Best: -5.947525
2025-12-17 12:01:17,283 - INFO -   Min: -5.947525
2025-12-17 12:01:17,283 - INFO -   Max: 0.168553
2025-12-17 12:01:17,283 - INFO -   Avg: -2.372130
2025-12-17 12:01:17,283 - INFO -   Std: 1.103149
2025-12-17 12:01:17,640 - INFO - Generation 40
2025-12-17 12:01:17,640 - INFO -   Best: -5.947525
2025-12-17 12:01:17,640 - INFO -   Min: -5.947525
2025-12-17 12:01:17,641 - INFO -   Max: 0.988246
2025-12-17 12:01:17,641 - INFO -   Avg: -2.528576
2025-12-17 12:01:17,641 - INFO -   Std: 1.200819
2025-12-17 12:01:17,996 - INFO - Generation 50
2025-12-17 12:01:17,996 - INFO -   Best: -5.947525
2025-12-17 12:01:17,996 - INFO -   Min: -5.947525
2025-12-17 12:01:17,997 - INFO -   Max: -0.301423
2025-12-17 12:01:17,997 - INFO -   Avg: -2.401324
2025-12-17 12:01:17,997 - INFO -   Std: 1.018550
2025-12-17 12:01:18,363 - INFO - Generation 60
2025-12-17 12:01:18,364 - INFO -   Best: -5.947525
2025-12-17 12:01:18,364 - INFO -   Min: -5.947525
2025-12-17 12:01:18,364 - INFO -   Max: 0.034712
2025-12-17 12:01:18,364 - INFO -   Avg: -2.591202
2025-12-17 12:01:18,364 - INFO -   Std: 1.150111
2025-12-17 12:01:18,718 - INFO - Generation 70
2025-12-17 12:01:18,718 - INFO -   Best: -5.947525
2025-12-17 12:01:18,718 - INFO -   Min: -5.947525
2025-12-17 12:01:18,718 - INFO -   Max: 0.486779
2025-12-17 12:01:18,718 - INFO -   Avg: -2.516858
2025-12-17 12:01:18,719 - INFO -   Std: 1.128853
2025-12-17 12:01:19,075 - INFO - Generation 80
2025-12-17 12:01:19,075 - INFO -   Best: -5.947525
2025-12-17 12:01:19,075 - INFO -   Min: -5.947525
2025-12-17 12:01:19,075 - INFO -   Max: -0.315448
2025-12-17 12:01:19,076 - INFO -   Avg: -2.718239
2025-12-17 12:01:19,076 - INFO -   Std: 1.190228
2025-12-17 12:01:19,429 - INFO - Generation 90
2025-12-17 12:01:19,430 - INFO -   Best: -5.947525
2025-12-17 12:01:19,430 - INFO -   Min: -5.947525
2025-12-17 12:01:19,430 - INFO -   Max: 0.253617
2025-12-17 12:01:19,430 - INFO -   Avg: -2.813396
2025-12-17 12:01:19,430 - INFO -   Std: 1.346291
2025-12-17 12:01:19,783 - INFO - Generation 100
2025-12-17 12:01:19,784 - INFO -   Best: -5.947525
2025-12-17 12:01:19,784 - INFO -   Min: -5.947525
2025-12-17 12:01:19,784 - INFO -   Max: -0.361512
2025-12-17 12:01:19,784 - INFO -   Avg: -2.796253
2025-12-17 12:01:19,784 - INFO -   Std: 1.001471
2025-12-17 12:01:20,137 - INFO - Generation 110
2025-12-17 12:01:20,137 - INFO -   Best: -5.947525
2025-12-17 12:01:20,138 - INFO -   Min: -5.947525
2025-12-17 12:01:20,138 - INFO -   Max: 0.694452
2025-12-17 12:01:20,138 - INFO -   Avg: -2.425457
2025-12-17 12:01:20,138 - INFO -   Std: 1.126750
2025-12-17 12:01:20,494 - INFO - Generation 120
2025-12-17 12:01:20,495 - INFO -   Best: -5.952885
2025-12-17 12:01:20,495 - INFO -   Min: -5.952885
2025-12-17 12:01:20,495 - INFO -   Max: -0.196749
2025-12-17 12:01:20,495 - INFO -   Avg: -2.489676
2025-12-17 12:01:20,495 - INFO -   Std: 1.130408
2025-12-17 12:01:20,848 - INFO - Generation 130
2025-12-17 12:01:20,849 - INFO -   Best: -5.952885
2025-12-17 12:01:20,849 - INFO -   Min: -5.952885
2025-12-17 12:01:20,849 - INFO -   Max: 0.557948
2025-12-17 12:01:20,849 - INFO -   Avg: -2.796992
2025-12-17 12:01:20,849 - INFO -   Std: 1.003395
2025-12-17 12:01:21,207 - INFO - Generation 140
2025-12-17 12:01:21,207 - INFO -   Best: -5.952885
2025-12-17 12:01:21,208 - INFO -   Min: -5.952885
2025-12-17 12:01:21,208 - INFO -   Max: 0.975730
2025-12-17 12:01:21,208 - INFO -   Avg: -2.582110
2025-12-17 12:01:21,208 - INFO -   Std: 1.209324
2025-12-17 12:01:21,563 - INFO - Generation 150
2025-12-17 12:01:21,563 - INFO -   Best: -5.952885
2025-12-17 12:01:21,563 - INFO -   Min: -5.952885
2025-12-17 12:01:21,563 - INFO -   Max: -0.050661
2025-12-17 12:01:21,563 - INFO -   Avg: -2.625652
2025-12-17 12:01:21,563 - INFO -   Std: 1.124602
2025-12-17 12:01:21,920 - INFO - Generation 160
2025-12-17 12:01:21,921 - INFO -   Best: -5.952885
2025-12-17 12:01:21,921 - INFO -   Min: -5.952885
2025-12-17 12:01:21,921 - INFO -   Max: -0.485144
2025-12-17 12:01:21,921 - INFO -   Avg: -2.648106
2025-12-17 12:01:21,921 - INFO -   Std: 1.041157
2025-12-17 12:01:22,279 - INFO - Generation 170
2025-12-17 12:01:22,279 - INFO -   Best: -5.952885
2025-12-17 12:01:22,280 - INFO -   Min: -5.952885
2025-12-17 12:01:22,280 - INFO -   Max: -0.161763
2025-12-17 12:01:22,280 - INFO -   Avg: -2.541285
2025-12-17 12:01:22,280 - INFO -   Std: 1.114658
2025-12-17 12:01:22,634 - INFO - Generation 180
2025-12-17 12:01:22,634 - INFO -   Best: -5.952885
2025-12-17 12:01:22,634 - INFO -   Min: -5.952885
2025-12-17 12:01:22,634 - INFO -   Max: -0.436253
2025-12-17 12:01:22,634 - INFO -   Avg: -2.792674
2025-12-17 12:01:22,635 - INFO -   Std: 1.117609
2025-12-17 12:01:22,989 - INFO - Generation 190
2025-12-17 12:01:22,989 - INFO -   Best: -5.952885
2025-12-17 12:01:22,990 - INFO -   Min: -5.952885
2025-12-17 12:01:22,990 - INFO -   Max: 0.364653
2025-12-17 12:01:22,990 - INFO -   Avg: -2.232222
2025-12-17 12:01:22,990 - INFO -   Std: 1.009744
2025-12-17 12:01:23,343 - INFO - Generation 200
2025-12-17 12:01:23,344 - INFO -   Best: -5.952885
2025-12-17 12:01:23,344 - INFO -   Min: -5.952885
2025-12-17 12:01:23,344 - INFO -   Max: -0.100746
2025-12-17 12:01:23,344 - INFO -   Avg: -2.582552
2025-12-17 12:01:23,344 - INFO -   Std: 1.074024
2025-12-17 12:01:23,353 - INFO - 
Final best fitness: -5.9528850672
2025-12-17 12:01:23,353 - INFO - Execution time: 7.14s
