2025-12-17 11:37:06,091 - INFO - Representation: Real
2025-12-17 11:37:06,091 - INFO - Number of genes: 10
2025-12-17 11:37:06,091 - INFO - Bounds: [0, 3.141592653589793]
2025-12-17 11:37:06,092 - INFO - Function: michalewicz
2025-12-17 11:37:06,092 - INFO - Population size: 100
2025-12-17 11:37:06,092 - INFO - Generations: 200
2025-12-17 11:37:06,092 - INFO - Selection: tournament
2025-12-17 11:37:06,092 - INFO - Crossover: single_point
2025-12-17 11:37:06,093 - INFO - Mutation: random
2025-12-17 11:37:06,093 - INFO - 
2025-12-17 11:37:06,175 - INFO - Generation 10
2025-12-17 11:37:06,176 - INFO -   Best: -6.504235
2025-12-17 11:37:06,176 - INFO -   Min: -6.504235
2025-12-17 11:37:06,176 - INFO -   Max: -2.178938
2025-12-17 11:37:06,176 - INFO -   Avg: -4.716634
2025-12-17 11:37:06,177 - INFO -   Std: 0.853217
2025-12-17 11:37:06,237 - INFO - Generation 20
2025-12-17 11:37:06,237 - INFO -   Best: -7.704392
2025-12-17 11:37:06,238 - INFO -   Min: -7.704392
2025-12-17 11:37:06,238 - INFO -   Max: -3.528961
2025-12-17 11:37:06,238 - INFO -   Avg: -6.323066
2025-12-17 11:37:06,238 - INFO -   Std: 0.899411
2025-12-17 11:37:06,301 - INFO - Generation 30
2025-12-17 11:37:06,302 - INFO -   Best: -8.435728
2025-12-17 11:37:06,302 - INFO -   Min: -8.435728
2025-12-17 11:37:06,302 - INFO -   Max: -3.568447
2025-12-17 11:37:06,302 - INFO -   Avg: -7.018937
2025-12-17 11:37:06,302 - INFO -   Std: 1.078845
2025-12-17 11:37:06,372 - INFO - Generation 40
2025-12-17 11:37:06,373 - INFO -   Best: -8.571226
2025-12-17 11:37:06,373 - INFO -   Min: -8.571226
2025-12-17 11:37:06,373 - INFO -   Max: -4.157438
2025-12-17 11:37:06,373 - INFO -   Avg: -7.180951
2025-12-17 11:37:06,373 - INFO -   Std: 1.017324
2025-12-17 11:37:06,435 - INFO - Generation 50
2025-12-17 11:37:06,435 - INFO -   Best: -8.638260
2025-12-17 11:37:06,435 - INFO -   Min: -8.638260
2025-12-17 11:37:06,435 - INFO -   Max: -5.138387
2025-12-17 11:37:06,436 - INFO -   Avg: -7.276148
2025-12-17 11:37:06,436 - INFO -   Std: 0.910206
2025-12-17 11:37:06,494 - INFO - Generation 60
2025-12-17 11:37:06,495 - INFO -   Best: -8.729139
2025-12-17 11:37:06,495 - INFO -   Min: -8.729139
2025-12-17 11:37:06,495 - INFO -   Max: -4.149472
2025-12-17 11:37:06,495 - INFO -   Avg: -7.281934
2025-12-17 11:37:06,495 - INFO -   Std: 1.040700
2025-12-17 11:37:06,553 - INFO - Generation 70
2025-12-17 11:37:06,553 - INFO -   Best: -8.729139
2025-12-17 11:37:06,554 - INFO -   Min: -8.729139
2025-12-17 11:37:06,554 - INFO -   Max: -4.232732
2025-12-17 11:37:06,554 - INFO -   Avg: -7.239194
2025-12-17 11:37:06,554 - INFO -   Std: 0.930289
2025-12-17 11:37:06,618 - INFO - Generation 80
2025-12-17 11:37:06,618 - INFO -   Best: -8.731270
2025-12-17 11:37:06,619 - INFO -   Min: -8.731270
2025-12-17 11:37:06,619 - INFO -   Max: -4.865758
2025-12-17 11:37:06,619 - INFO -   Avg: -7.195805
2025-12-17 11:37:06,619 - INFO -   Std: 0.931117
2025-12-17 11:37:06,681 - INFO - Generation 90
2025-12-17 11:37:06,682 - INFO -   Best: -8.731270
2025-12-17 11:37:06,682 - INFO -   Min: -8.731270
2025-12-17 11:37:06,682 - INFO -   Max: -3.861130
2025-12-17 11:37:06,682 - INFO -   Avg: -7.308295
2025-12-17 11:37:06,682 - INFO -   Std: 1.121283
2025-12-17 11:37:06,742 - INFO - Generation 100
2025-12-17 11:37:06,742 - INFO -   Best: -8.731270
2025-12-17 11:37:06,742 - INFO -   Min: -8.731270
2025-12-17 11:37:06,742 - INFO -   Max: -4.465961
2025-12-17 11:37:06,742 - INFO -   Avg: -7.515969
2025-12-17 11:37:06,742 - INFO -   Std: 0.980477
2025-12-17 11:37:06,804 - INFO - Generation 110
2025-12-17 11:37:06,805 - INFO -   Best: -8.855189
2025-12-17 11:37:06,805 - INFO -   Min: -8.855189
2025-12-17 11:37:06,805 - INFO -   Max: -4.060820
2025-12-17 11:37:06,805 - INFO -   Avg: -7.452367
2025-12-17 11:37:06,805 - INFO -   Std: 0.994586
2025-12-17 11:37:06,866 - INFO - Generation 120
2025-12-17 11:37:06,866 - INFO -   Best: -8.862911
2025-12-17 11:37:06,866 - INFO -   Min: -8.862911
2025-12-17 11:37:06,866 - INFO -   Max: -3.972199
2025-12-17 11:37:06,867 - INFO -   Avg: -7.293968
2025-12-17 11:37:06,867 - INFO -   Std: 1.078133
2025-12-17 11:37:06,929 - INFO - Generation 130
2025-12-17 11:37:06,930 - INFO -   Best: -8.867856
2025-12-17 11:37:06,930 - INFO -   Min: -8.867856
2025-12-17 11:37:06,930 - INFO -   Max: -4.231548
2025-12-17 11:37:06,930 - INFO -   Avg: -7.482395
2025-12-17 11:37:06,930 - INFO -   Std: 1.139777
2025-12-17 11:37:06,990 - INFO - Generation 140
2025-12-17 11:37:06,990 - INFO -   Best: -8.867856
2025-12-17 11:37:06,991 - INFO -   Min: -8.867856
2025-12-17 11:37:06,991 - INFO -   Max: -4.215773
2025-12-17 11:37:06,991 - INFO -   Avg: -7.513234
2025-12-17 11:37:06,991 - INFO -   Std: 1.087500
2025-12-17 11:37:07,053 - INFO - Generation 150
2025-12-17 11:37:07,053 - INFO -   Best: -8.867856
2025-12-17 11:37:07,053 - INFO -   Min: -8.867856
2025-12-17 11:37:07,054 - INFO -   Max: -4.688015
2025-12-17 11:37:07,054 - INFO -   Avg: -7.258620
2025-12-17 11:37:07,054 - INFO -   Std: 1.150785
2025-12-17 11:37:07,116 - INFO - Generation 160
2025-12-17 11:37:07,116 - INFO -   Best: -8.882059
2025-12-17 11:37:07,116 - INFO -   Min: -8.882059
2025-12-17 11:37:07,117 - INFO -   Max: -4.877028
2025-12-17 11:37:07,117 - INFO -   Avg: -7.472798
2025-12-17 11:37:07,117 - INFO -   Std: 0.993599
2025-12-17 11:37:07,178 - INFO - Generation 170
2025-12-17 11:37:07,178 - INFO -   Best: -8.882059
2025-12-17 11:37:07,178 - INFO -   Min: -8.882059
2025-12-17 11:37:07,178 - INFO -   Max: -4.751607
2025-12-17 11:37:07,179 - INFO -   Avg: -7.549530
2025-12-17 11:37:07,179 - INFO -   Std: 0.964578
2025-12-17 11:37:07,237 - INFO - Generation 180
2025-12-17 11:37:07,238 - INFO -   Best: -8.882059
2025-12-17 11:37:07,238 - INFO -   Min: -8.882059
2025-12-17 11:37:07,238 - INFO -   Max: -2.869394
2025-12-17 11:37:07,238 - INFO -   Avg: -7.261856
2025-12-17 11:37:07,239 - INFO -   Std: 1.112731
2025-12-17 11:37:07,295 - INFO - Generation 190
2025-12-17 11:37:07,295 - INFO -   Best: -8.882059
2025-12-17 11:37:07,296 - INFO -   Min: -8.882059
2025-12-17 11:37:07,296 - INFO -   Max: -4.785910
2025-12-17 11:37:07,296 - INFO -   Avg: -7.526081
2025-12-17 11:37:07,296 - INFO -   Std: 0.965555
2025-12-17 11:37:07,358 - INFO - Generation 200
2025-12-17 11:37:07,358 - INFO -   Best: -8.882059
2025-12-17 11:37:07,358 - INFO -   Min: -8.882059
2025-12-17 11:37:07,359 - INFO -   Max: -5.010378
2025-12-17 11:37:07,359 - INFO -   Avg: -7.467781
2025-12-17 11:37:07,359 - INFO -   Std: 0.981959
2025-12-17 11:37:07,363 - INFO - 
Final best fitness: -8.8138813327
2025-12-17 11:37:07,363 - INFO - Execution time: 1.25s
2025-12-17 12:01:23,751 - INFO - Representation: Binary
2025-12-17 12:01:23,751 - INFO - Bits per variable: 12
2025-12-17 12:01:23,751 - INFO - Total genes: 120
2025-12-17 12:01:23,752 - INFO - Function: michalewicz
2025-12-17 12:01:23,752 - INFO - Population size: 100
2025-12-17 12:01:23,752 - INFO - Generations: 200
2025-12-17 12:01:23,752 - INFO - Selection: tournament
2025-12-17 12:01:23,752 - INFO - Crossover: single_point
2025-12-17 12:01:23,752 - INFO - Mutation: random
2025-12-17 12:01:23,752 - INFO - 
2025-12-17 12:01:24,323 - INFO - Generation 10
2025-12-17 12:01:24,323 - INFO -   Best: -5.677793
2025-12-17 12:01:24,324 - INFO -   Min: -5.677793
2025-12-17 12:01:24,324 - INFO -   Max: -0.743949
2025-12-17 12:01:24,324 - INFO -   Avg: -3.106684
2025-12-17 12:01:24,324 - INFO -   Std: 1.059863
2025-12-17 12:01:24,676 - INFO - Generation 20
2025-12-17 12:01:24,676 - INFO -   Best: -6.475595
2025-12-17 12:01:24,676 - INFO -   Min: -6.475595
2025-12-17 12:01:24,676 - INFO -   Max: -0.371054
2025-12-17 12:01:24,677 - INFO -   Avg: -3.167956
2025-12-17 12:01:24,677 - INFO -   Std: 1.198975
2025-12-17 12:01:25,048 - INFO - Generation 30
2025-12-17 12:01:25,048 - INFO -   Best: -6.649250
2025-12-17 12:01:25,048 - INFO -   Min: -6.649250
2025-12-17 12:01:25,048 - INFO -   Max: -0.092890
2025-12-17 12:01:25,048 - INFO -   Avg: -3.035139
2025-12-17 12:01:25,049 - INFO -   Std: 1.241089
2025-12-17 12:01:25,406 - INFO - Generation 40
2025-12-17 12:01:25,406 - INFO -   Best: -6.679345
2025-12-17 12:01:25,407 - INFO -   Min: -6.679345
2025-12-17 12:01:25,407 - INFO -   Max: -0.628527
2025-12-17 12:01:25,407 - INFO -   Avg: -3.330926
2025-12-17 12:01:25,407 - INFO -   Std: 1.276430
2025-12-17 12:01:25,760 - INFO - Generation 50
2025-12-17 12:01:25,760 - INFO -   Best: -6.679345
2025-12-17 12:01:25,760 - INFO -   Min: -6.679345
2025-12-17 12:01:25,761 - INFO -   Max: -0.198831
2025-12-17 12:01:25,761 - INFO -   Avg: -3.083000
2025-12-17 12:01:25,761 - INFO -   Std: 1.278373
2025-12-17 12:01:26,114 - INFO - Generation 60
2025-12-17 12:01:26,114 - INFO -   Best: -6.679345
2025-12-17 12:01:26,114 - INFO -   Min: -6.679345
2025-12-17 12:01:26,114 - INFO -   Max: -1.015882
2025-12-17 12:01:26,115 - INFO -   Avg: -3.083866
2025-12-17 12:01:26,115 - INFO -   Std: 1.109168
2025-12-17 12:01:26,470 - INFO - Generation 70
2025-12-17 12:01:26,470 - INFO -   Best: -6.679345
2025-12-17 12:01:26,471 - INFO -   Min: -6.679345
2025-12-17 12:01:26,471 - INFO -   Max: 0.188015
2025-12-17 12:01:26,471 - INFO -   Avg: -2.411859
2025-12-17 12:01:26,471 - INFO -   Std: 1.238464
2025-12-17 12:01:26,828 - INFO - Generation 80
2025-12-17 12:01:26,828 - INFO -   Best: -6.679345
2025-12-17 12:01:26,829 - INFO -   Min: -6.679345
2025-12-17 12:01:26,829 - INFO -   Max: -0.778150
2025-12-17 12:01:26,829 - INFO -   Avg: -2.954537
2025-12-17 12:01:26,829 - INFO -   Std: 1.187779
2025-12-17 12:01:27,183 - INFO - Generation 90
2025-12-17 12:01:27,183 - INFO -   Best: -6.679345
2025-12-17 12:01:27,183 - INFO -   Min: -6.679345
2025-12-17 12:01:27,183 - INFO -   Max: 0.020346
2025-12-17 12:01:27,183 - INFO -   Avg: -2.664467
2025-12-17 12:01:27,184 - INFO -   Std: 1.115658
2025-12-17 12:01:27,537 - INFO - Generation 100
2025-12-17 12:01:27,537 - INFO -   Best: -6.679345
2025-12-17 12:01:27,538 - INFO -   Min: -6.679345
2025-12-17 12:01:27,538 - INFO -   Max: -0.553202
2025-12-17 12:01:27,538 - INFO -   Avg: -3.083477
2025-12-17 12:01:27,538 - INFO -   Std: 1.233812
2025-12-17 12:01:27,887 - INFO - Generation 110
2025-12-17 12:01:27,887 - INFO -   Best: -6.679345
2025-12-17 12:01:27,889 - INFO -   Min: -6.679345
2025-12-17 12:01:27,889 - INFO -   Max: -0.729749
2025-12-17 12:01:27,889 - INFO -   Avg: -3.049504
2025-12-17 12:01:27,889 - INFO -   Std: 1.187767
2025-12-17 12:01:28,238 - INFO - Generation 120
2025-12-17 12:01:28,238 - INFO -   Best: -6.878333
2025-12-17 12:01:28,239 - INFO -   Min: -6.878333
2025-12-17 12:01:28,239 - INFO -   Max: -0.945365
2025-12-17 12:01:28,239 - INFO -   Avg: -3.396457
2025-12-17 12:01:28,239 - INFO -   Std: 1.104913
2025-12-17 12:01:28,592 - INFO - Generation 130
2025-12-17 12:01:28,593 - INFO -   Best: -6.878333
2025-12-17 12:01:28,593 - INFO -   Min: -6.878333
2025-12-17 12:01:28,593 - INFO -   Max: -0.125972
2025-12-17 12:01:28,593 - INFO -   Avg: -2.796170
2025-12-17 12:01:28,593 - INFO -   Std: 1.213509
2025-12-17 12:01:28,949 - INFO - Generation 140
2025-12-17 12:01:28,949 - INFO -   Best: -6.878333
2025-12-17 12:01:28,949 - INFO -   Min: -6.878333
2025-12-17 12:01:28,949 - INFO -   Max: 0.421149
2025-12-17 12:01:28,949 - INFO -   Avg: -2.835772
2025-12-17 12:01:28,950 - INFO -   Std: 1.267240
2025-12-17 12:01:29,301 - INFO - Generation 150
2025-12-17 12:01:29,302 - INFO -   Best: -6.878333
2025-12-17 12:01:29,302 - INFO -   Min: -6.878333
2025-12-17 12:01:29,302 - INFO -   Max: 0.041839
2025-12-17 12:01:29,302 - INFO -   Avg: -2.928753
2025-12-17 12:01:29,302 - INFO -   Std: 1.247207
2025-12-17 12:01:29,657 - INFO - Generation 160
2025-12-17 12:01:29,658 - INFO -   Best: -6.968958
2025-12-17 12:01:29,658 - INFO -   Min: -6.968958
2025-12-17 12:01:29,658 - INFO -   Max: -0.023666
2025-12-17 12:01:29,658 - INFO -   Avg: -3.019486
2025-12-17 12:01:29,658 - INFO -   Std: 1.228819
2025-12-17 12:01:30,016 - INFO - Generation 170
2025-12-17 12:01:30,016 - INFO -   Best: -6.968958
2025-12-17 12:01:30,016 - INFO -   Min: -6.968958
2025-12-17 12:01:30,017 - INFO -   Max: -0.688496
2025-12-17 12:01:30,017 - INFO -   Avg: -3.150006
2025-12-17 12:01:30,017 - INFO -   Std: 1.143310
2025-12-17 12:01:30,375 - INFO - Generation 180
2025-12-17 12:01:30,375 - INFO -   Best: -6.968958
2025-12-17 12:01:30,375 - INFO -   Min: -6.968958
2025-12-17 12:01:30,376 - INFO -   Max: -0.178395
2025-12-17 12:01:30,376 - INFO -   Avg: -3.527965
2025-12-17 12:01:30,376 - INFO -   Std: 1.468867
2025-12-17 12:01:30,728 - INFO - Generation 190
2025-12-17 12:01:30,729 - INFO -   Best: -7.226276
2025-12-17 12:01:30,729 - INFO -   Min: -7.226276
2025-12-17 12:01:30,729 - INFO -   Max: -1.369352
2025-12-17 12:01:30,729 - INFO -   Avg: -3.296021
2025-12-17 12:01:30,729 - INFO -   Std: 1.129664
2025-12-17 12:01:31,084 - INFO - Generation 200
2025-12-17 12:01:31,085 - INFO -   Best: -7.226276
2025-12-17 12:01:31,085 - INFO -   Min: -7.226276
2025-12-17 12:01:31,085 - INFO -   Max: 0.231747
2025-12-17 12:01:31,085 - INFO -   Avg: -2.836495
2025-12-17 12:01:31,085 - INFO -   Std: 1.350052
2025-12-17 12:01:31,093 - INFO - 
Final best fitness: -7.2262757206
2025-12-17 12:01:31,093 - INFO - Execution time: 7.12s
