2025-12-17 12:22:59,770 - INFO - Representation: Real
2025-12-17 12:22:59,771 - INFO - Number of genes: 10
2025-12-17 12:22:59,771 - INFO - Bounds: [0, 3.141592653589793]
2025-12-17 12:22:59,771 - INFO - Function: michalewicz
2025-12-17 12:22:59,771 - INFO - Population size: 100
2025-12-17 12:22:59,771 - INFO - Generations: 200
2025-12-17 12:22:59,771 - INFO - Selection: rws
2025-12-17 12:22:59,772 - INFO - Crossover: two_points
2025-12-17 12:22:59,772 - INFO - Mutation: swap
2025-12-17 12:22:59,772 - INFO - 
2025-12-17 12:22:59,837 - INFO - Generation 10
2025-12-17 12:22:59,838 - INFO -   Best: -6.086792
2025-12-17 12:22:59,838 - INFO -   Min: -6.086792
2025-12-17 12:22:59,838 - INFO -   Max: -1.150649
2025-12-17 12:22:59,838 - INFO -   Avg: -3.574938
2025-12-17 12:22:59,839 - INFO -   Std: 1.031172
2025-12-17 12:22:59,890 - INFO - Generation 20
2025-12-17 12:22:59,890 - INFO -   Best: -6.832375
2025-12-17 12:22:59,890 - INFO -   Min: -6.832375
2025-12-17 12:22:59,890 - INFO -   Max: -2.151484
2025-12-17 12:22:59,890 - INFO -   Avg: -4.425995
2025-12-17 12:22:59,891 - INFO -   Std: 1.038117
2025-12-17 12:22:59,942 - INFO - Generation 30
2025-12-17 12:22:59,943 - INFO -   Best: -6.832375
2025-12-17 12:22:59,943 - INFO -   Min: -6.832375
2025-12-17 12:22:59,943 - INFO -   Max: -1.991728
2025-12-17 12:22:59,943 - INFO -   Avg: -4.559815
2025-12-17 12:22:59,943 - INFO -   Std: 0.943401
2025-12-17 12:22:59,994 - INFO - Generation 40
2025-12-17 12:22:59,995 - INFO -   Best: -7.486724
2025-12-17 12:22:59,995 - INFO -   Min: -7.486724
2025-12-17 12:22:59,995 - INFO -   Max: -3.709858
2025-12-17 12:22:59,995 - INFO -   Avg: -5.228535
2025-12-17 12:22:59,995 - INFO -   Std: 0.853928
2025-12-17 12:23:00,047 - INFO - Generation 50
2025-12-17 12:23:00,047 - INFO -   Best: -7.530740
2025-12-17 12:23:00,047 - INFO -   Min: -7.530740
2025-12-17 12:23:00,047 - INFO -   Max: -3.019029
2025-12-17 12:23:00,048 - INFO -   Avg: -5.260194
2025-12-17 12:23:00,048 - INFO -   Std: 0.818133
2025-12-17 12:23:00,096 - INFO - Generation 60
2025-12-17 12:23:00,096 - INFO -   Best: -7.611599
2025-12-17 12:23:00,096 - INFO -   Min: -7.611599
2025-12-17 12:23:00,096 - INFO -   Max: -3.749431
2025-12-17 12:23:00,096 - INFO -   Avg: -5.484217
2025-12-17 12:23:00,096 - INFO -   Std: 0.857571
2025-12-17 12:23:00,145 - INFO - Generation 70
2025-12-17 12:23:00,146 - INFO -   Best: -7.611599
2025-12-17 12:23:00,146 - INFO -   Min: -7.611599
2025-12-17 12:23:00,146 - INFO -   Max: -3.171278
2025-12-17 12:23:00,146 - INFO -   Avg: -5.286521
2025-12-17 12:23:00,146 - INFO -   Std: 0.925393
2025-12-17 12:23:00,196 - INFO - Generation 80
2025-12-17 12:23:00,197 - INFO -   Best: -7.611599
2025-12-17 12:23:00,197 - INFO -   Min: -7.611599
2025-12-17 12:23:00,197 - INFO -   Max: -3.022829
2025-12-17 12:23:00,197 - INFO -   Avg: -5.685993
2025-12-17 12:23:00,197 - INFO -   Std: 0.945256
2025-12-17 12:23:00,246 - INFO - Generation 90
2025-12-17 12:23:00,247 - INFO -   Best: -7.611599
2025-12-17 12:23:00,247 - INFO -   Min: -7.611599
2025-12-17 12:23:00,247 - INFO -   Max: -2.992848
2025-12-17 12:23:00,247 - INFO -   Avg: -5.751752
2025-12-17 12:23:00,247 - INFO -   Std: 0.995004
2025-12-17 12:23:00,297 - INFO - Generation 100
2025-12-17 12:23:00,297 - INFO -   Best: -7.611599
2025-12-17 12:23:00,297 - INFO -   Min: -7.611599
2025-12-17 12:23:00,298 - INFO -   Max: -3.538801
2025-12-17 12:23:00,298 - INFO -   Avg: -5.559473
2025-12-17 12:23:00,298 - INFO -   Std: 0.971159
2025-12-17 12:23:00,348 - INFO - Generation 110
2025-12-17 12:23:00,348 - INFO -   Best: -7.611599
2025-12-17 12:23:00,348 - INFO -   Min: -7.611599
2025-12-17 12:23:00,349 - INFO -   Max: -3.596470
2025-12-17 12:23:00,349 - INFO -   Avg: -5.844833
2025-12-17 12:23:00,349 - INFO -   Std: 0.927331
2025-12-17 12:23:00,398 - INFO - Generation 120
2025-12-17 12:23:00,398 - INFO -   Best: -7.611599
2025-12-17 12:23:00,398 - INFO -   Min: -7.611599
2025-12-17 12:23:00,398 - INFO -   Max: -3.574519
2025-12-17 12:23:00,399 - INFO -   Avg: -5.739402
2025-12-17 12:23:00,399 - INFO -   Std: 1.012332
2025-12-17 12:23:00,448 - INFO - Generation 130
2025-12-17 12:23:00,449 - INFO -   Best: -7.611599
2025-12-17 12:23:00,449 - INFO -   Min: -7.611599
2025-12-17 12:23:00,449 - INFO -   Max: -3.538801
2025-12-17 12:23:00,449 - INFO -   Avg: -5.461945
2025-12-17 12:23:00,449 - INFO -   Std: 1.079535
2025-12-17 12:23:00,499 - INFO - Generation 140
2025-12-17 12:23:00,499 - INFO -   Best: -7.611599
2025-12-17 12:23:00,500 - INFO -   Min: -7.611599
2025-12-17 12:23:00,500 - INFO -   Max: -3.596470
2025-12-17 12:23:00,500 - INFO -   Avg: -5.766755
2025-12-17 12:23:00,500 - INFO -   Std: 0.944944
2025-12-17 12:23:00,548 - INFO - Generation 150
2025-12-17 12:23:00,549 - INFO -   Best: -7.611599
2025-12-17 12:23:00,549 - INFO -   Min: -7.611599
2025-12-17 12:23:00,549 - INFO -   Max: -2.935179
2025-12-17 12:23:00,549 - INFO -   Avg: -5.674246
2025-12-17 12:23:00,549 - INFO -   Std: 0.904314
2025-12-17 12:23:00,598 - INFO - Generation 160
2025-12-17 12:23:00,598 - INFO -   Best: -7.611599
2025-12-17 12:23:00,598 - INFO -   Min: -7.611599
2025-12-17 12:23:00,598 - INFO -   Max: -3.596470
2025-12-17 12:23:00,599 - INFO -   Avg: -5.356681
2025-12-17 12:23:00,599 - INFO -   Std: 0.970047
2025-12-17 12:23:00,647 - INFO - Generation 170
2025-12-17 12:23:00,647 - INFO -   Best: -7.611599
2025-12-17 12:23:00,647 - INFO -   Min: -7.611599
2025-12-17 12:23:00,647 - INFO -   Max: -3.780636
2025-12-17 12:23:00,647 - INFO -   Avg: -5.829781
2025-12-17 12:23:00,647 - INFO -   Std: 0.849341
2025-12-17 12:23:00,695 - INFO - Generation 180
2025-12-17 12:23:00,695 - INFO -   Best: -7.611599
2025-12-17 12:23:00,696 - INFO -   Min: -7.611599
2025-12-17 12:23:00,696 - INFO -   Max: -2.935179
2025-12-17 12:23:00,696 - INFO -   Avg: -5.700396
2025-12-17 12:23:00,696 - INFO -   Std: 1.024258
2025-12-17 12:23:00,746 - INFO - Generation 190
2025-12-17 12:23:00,746 - INFO -   Best: -7.611599
2025-12-17 12:23:00,746 - INFO -   Min: -7.611599
2025-12-17 12:23:00,746 - INFO -   Max: -3.583375
2025-12-17 12:23:00,747 - INFO -   Avg: -5.711551
2025-12-17 12:23:00,747 - INFO -   Std: 0.958625
2025-12-17 12:23:00,798 - INFO - Generation 200
2025-12-17 12:23:00,798 - INFO -   Best: -7.611599
2025-12-17 12:23:00,798 - INFO -   Min: -7.611599
2025-12-17 12:23:00,799 - INFO -   Max: -2.982713
2025-12-17 12:23:00,799 - INFO -   Avg: -5.643921
2025-12-17 12:23:00,799 - INFO -   Std: 0.907379
2025-12-17 12:23:00,803 - INFO - 
Final best fitness: -7.6115991971
2025-12-17 12:23:00,803 - INFO - Execution time: 1.02s
