2025-12-17 12:11:46,529 - INFO - Representation: Binary
2025-12-17 12:11:46,530 - INFO - Bits per variable: 12
2025-12-17 12:11:46,530 - INFO - Total genes: 120
2025-12-17 12:11:46,530 - INFO - Function: f16_2014
2025-12-17 12:11:46,530 - INFO - Population size: 100
2025-12-17 12:11:46,530 - INFO - Generations: 200
2025-12-17 12:11:46,530 - INFO - Selection: rws
2025-12-17 12:11:46,530 - INFO - Crossover: two_points
2025-12-17 12:11:46,531 - INFO - Mutation: swap
2025-12-17 12:11:46,531 - INFO - 
2025-12-17 12:11:46,962 - INFO - Generation 10
2025-12-17 12:11:46,963 - INFO -   Best: 1603.757557
2025-12-17 12:11:46,963 - INFO -   Min: 1603.757557
2025-12-17 12:11:46,963 - INFO -   Max: 1605.634867
2025-12-17 12:11:46,963 - INFO -   Avg: 1604.981119
2025-12-17 12:11:46,963 - INFO -   Std: 0.227014
2025-12-17 12:11:47,170 - INFO - Generation 20
2025-12-17 12:11:47,170 - INFO -   Best: 1603.757557
2025-12-17 12:11:47,170 - INFO -   Min: 1603.757557
2025-12-17 12:11:47,170 - INFO -   Max: 1605.895802
2025-12-17 12:11:47,171 - INFO -   Avg: 1604.983522
2025-12-17 12:11:47,171 - INFO -   Std: 0.259690
2025-12-17 12:11:47,381 - INFO - Generation 30
2025-12-17 12:11:47,381 - INFO -   Best: 1603.757557
2025-12-17 12:11:47,382 - INFO -   Min: 1603.757557
2025-12-17 12:11:47,382 - INFO -   Max: 1605.663176
2025-12-17 12:11:47,382 - INFO -   Avg: 1605.007541
2025-12-17 12:11:47,382 - INFO -   Std: 0.275643
2025-12-17 12:11:47,591 - INFO - Generation 40
2025-12-17 12:11:47,591 - INFO -   Best: 1603.757557
2025-12-17 12:11:47,591 - INFO -   Min: 1603.757557
2025-12-17 12:11:47,592 - INFO -   Max: 1605.455816
2025-12-17 12:11:47,592 - INFO -   Avg: 1604.968988
2025-12-17 12:11:47,592 - INFO -   Std: 0.223741
2025-12-17 12:11:47,804 - INFO - Generation 50
2025-12-17 12:11:47,804 - INFO -   Best: 1603.757557
2025-12-17 12:11:47,804 - INFO -   Min: 1603.757557
2025-12-17 12:11:47,804 - INFO -   Max: 1605.467161
2025-12-17 12:11:47,804 - INFO -   Avg: 1604.964186
2025-12-17 12:11:47,805 - INFO -   Std: 0.253929
2025-12-17 12:11:48,015 - INFO - Generation 60
2025-12-17 12:11:48,015 - INFO -   Best: 1603.757557
2025-12-17 12:11:48,015 - INFO -   Min: 1603.757557
2025-12-17 12:11:48,015 - INFO -   Max: 1605.588358
2025-12-17 12:11:48,016 - INFO -   Avg: 1604.997747
2025-12-17 12:11:48,016 - INFO -   Std: 0.273279
2025-12-17 12:11:48,224 - INFO - Generation 70
2025-12-17 12:11:48,224 - INFO -   Best: 1603.757557
2025-12-17 12:11:48,224 - INFO -   Min: 1603.757557
2025-12-17 12:11:48,224 - INFO -   Max: 1605.519684
2025-12-17 12:11:48,224 - INFO -   Avg: 1604.912443
2025-12-17 12:11:48,224 - INFO -   Std: 0.284000
2025-12-17 12:11:48,433 - INFO - Generation 80
2025-12-17 12:11:48,433 - INFO -   Best: 1603.755223
2025-12-17 12:11:48,433 - INFO -   Min: 1603.755223
2025-12-17 12:11:48,433 - INFO -   Max: 1605.858618
2025-12-17 12:11:48,433 - INFO -   Avg: 1604.978238
2025-12-17 12:11:48,433 - INFO -   Std: 0.254803
2025-12-17 12:11:48,643 - INFO - Generation 90
2025-12-17 12:11:48,644 - INFO -   Best: 1603.755223
2025-12-17 12:11:48,644 - INFO -   Min: 1603.755223
2025-12-17 12:11:48,644 - INFO -   Max: 1605.496681
2025-12-17 12:11:48,644 - INFO -   Avg: 1604.894575
2025-12-17 12:11:48,644 - INFO -   Std: 0.321346
2025-12-17 12:11:48,854 - INFO - Generation 100
2025-12-17 12:11:48,854 - INFO -   Best: 1603.628011
2025-12-17 12:11:48,854 - INFO -   Min: 1603.628011
2025-12-17 12:11:48,854 - INFO -   Max: 1605.873971
2025-12-17 12:11:48,854 - INFO -   Avg: 1604.988130
2025-12-17 12:11:48,856 - INFO -   Std: 0.378568
2025-12-17 12:11:49,067 - INFO - Generation 110
2025-12-17 12:11:49,068 - INFO -   Best: 1603.628011
2025-12-17 12:11:49,068 - INFO -   Min: 1603.628011
2025-12-17 12:11:49,068 - INFO -   Max: 1606.457461
2025-12-17 12:11:49,068 - INFO -   Avg: 1604.975912
2025-12-17 12:11:49,068 - INFO -   Std: 0.392446
2025-12-17 12:11:49,285 - INFO - Generation 120
2025-12-17 12:11:49,286 - INFO -   Best: 1603.541452
2025-12-17 12:11:49,286 - INFO -   Min: 1603.541452
2025-12-17 12:11:49,286 - INFO -   Max: 1606.393397
2025-12-17 12:11:49,286 - INFO -   Avg: 1604.894803
2025-12-17 12:11:49,286 - INFO -   Std: 0.449872
2025-12-17 12:11:49,500 - INFO - Generation 130
2025-12-17 12:11:49,500 - INFO -   Best: 1603.497619
2025-12-17 12:11:49,501 - INFO -   Min: 1603.497619
2025-12-17 12:11:49,501 - INFO -   Max: 1605.848615
2025-12-17 12:11:49,501 - INFO -   Avg: 1604.915126
2025-12-17 12:11:49,501 - INFO -   Std: 0.412505
2025-12-17 12:11:49,718 - INFO - Generation 140
2025-12-17 12:11:49,718 - INFO -   Best: 1603.497619
2025-12-17 12:11:49,718 - INFO -   Min: 1603.497619
2025-12-17 12:11:49,718 - INFO -   Max: 1605.856135
2025-12-17 12:11:49,718 - INFO -   Avg: 1604.960574
2025-12-17 12:11:49,718 - INFO -   Std: 0.359067
2025-12-17 12:11:49,934 - INFO - Generation 150
2025-12-17 12:11:49,934 - INFO -   Best: 1603.497619
2025-12-17 12:11:49,934 - INFO -   Min: 1603.497619
2025-12-17 12:11:49,935 - INFO -   Max: 1605.778576
2025-12-17 12:11:49,935 - INFO -   Avg: 1604.950154
2025-12-17 12:11:49,935 - INFO -   Std: 0.362532
2025-12-17 12:11:50,150 - INFO - Generation 160
2025-12-17 12:11:50,150 - INFO -   Best: 1603.497619
2025-12-17 12:11:50,151 - INFO -   Min: 1603.497619
2025-12-17 12:11:50,151 - INFO -   Max: 1605.651663
2025-12-17 12:11:50,151 - INFO -   Avg: 1604.891100
2025-12-17 12:11:50,151 - INFO -   Std: 0.340259
2025-12-17 12:11:50,368 - INFO - Generation 170
2025-12-17 12:11:50,368 - INFO -   Best: 1603.497619
2025-12-17 12:11:50,368 - INFO -   Min: 1603.497619
2025-12-17 12:11:50,368 - INFO -   Max: 1606.109601
2025-12-17 12:11:50,368 - INFO -   Avg: 1604.896067
2025-12-17 12:11:50,369 - INFO -   Std: 0.377527
2025-12-17 12:11:50,584 - INFO - Generation 180
2025-12-17 12:11:50,585 - INFO -   Best: 1603.497619
2025-12-17 12:11:50,585 - INFO -   Min: 1603.497619
2025-12-17 12:11:50,585 - INFO -   Max: 1605.745191
2025-12-17 12:11:50,585 - INFO -   Avg: 1604.975791
2025-12-17 12:11:50,585 - INFO -   Std: 0.358930
2025-12-17 12:11:50,800 - INFO - Generation 190
2025-12-17 12:11:50,801 - INFO -   Best: 1603.497619
2025-12-17 12:11:50,801 - INFO -   Min: 1603.497619
2025-12-17 12:11:50,801 - INFO -   Max: 1605.795112
2025-12-17 12:11:50,801 - INFO -   Avg: 1604.981469
2025-12-17 12:11:50,801 - INFO -   Std: 0.362835
2025-12-17 12:11:51,019 - INFO - Generation 200
2025-12-17 12:11:51,020 - INFO -   Best: 1603.132633
2025-12-17 12:11:51,020 - INFO -   Min: 1603.132633
2025-12-17 12:11:51,020 - INFO -   Max: 1605.579325
2025-12-17 12:11:51,020 - INFO -   Avg: 1604.918790
2025-12-17 12:11:51,020 - INFO -   Std: 0.337632
2025-12-17 12:11:51,035 - INFO - 
Final best fitness: 1603.1326325838
2025-12-17 12:11:51,035 - INFO - Execution time: 4.28s
