2025-12-17 11:26:54,000 - INFO - Representation: Real
2025-12-17 11:26:54,001 - INFO - Number of genes: 2
2025-12-17 11:26:54,001 - INFO - Bounds: [0, 3.141592653589793]
2025-12-17 11:26:54,001 - INFO - Function: michalewicz
2025-12-17 11:26:54,001 - INFO - Population size: 100
2025-12-17 11:26:54,001 - INFO - Generations: 200
2025-12-17 11:26:54,002 - INFO - Selection: tournament
2025-12-17 11:26:54,002 - INFO - Crossover: single_point
2025-12-17 11:26:54,002 - INFO - Mutation: random
2025-12-17 11:26:54,002 - INFO - 
2025-12-17 11:26:54,039 - INFO - Generation 10
2025-12-17 11:26:54,039 - INFO -   Best: -1.790285
2025-12-17 11:26:54,039 - INFO -   Min: -1.790285
2025-12-17 11:26:54,039 - INFO -   Max: 0.000049
2025-12-17 11:26:54,040 - INFO -   Avg: -1.580409
2025-12-17 11:26:54,040 - INFO -   Std: 0.450607
2025-12-17 11:26:54,072 - INFO - Generation 20
2025-12-17 11:26:54,072 - INFO -   Best: -1.792224
2025-12-17 11:26:54,072 - INFO -   Min: -1.792224
2025-12-17 11:26:54,073 - INFO -   Max: -0.230253
2025-12-17 11:26:54,073 - INFO -   Avg: -1.610628
2025-12-17 11:26:54,073 - INFO -   Std: 0.401215
2025-12-17 11:26:54,104 - INFO - Generation 30
2025-12-17 11:26:54,105 - INFO -   Best: -1.792224
2025-12-17 11:26:54,105 - INFO -   Min: -1.792224
2025-12-17 11:26:54,105 - INFO -   Max: 0.077356
2025-12-17 11:26:54,105 - INFO -   Avg: -1.558403
2025-12-17 11:26:54,105 - INFO -   Std: 0.439888
2025-12-17 11:26:54,137 - INFO - Generation 40
2025-12-17 11:26:54,137 - INFO -   Best: -1.792224
2025-12-17 11:26:54,138 - INFO -   Min: -1.792224
2025-12-17 11:26:54,138 - INFO -   Max: 0.267092
2025-12-17 11:26:54,138 - INFO -   Avg: -1.569038
2025-12-17 11:26:54,138 - INFO -   Std: 0.450510
2025-12-17 11:26:54,170 - INFO - Generation 50
2025-12-17 11:26:54,170 - INFO -   Best: -1.792224
2025-12-17 11:26:54,170 - INFO -   Min: -1.792224
2025-12-17 11:26:54,170 - INFO -   Max: 0.190963
2025-12-17 11:26:54,170 - INFO -   Avg: -1.616680
2025-12-17 11:26:54,171 - INFO -   Std: 0.424720
2025-12-17 11:26:54,203 - INFO - Generation 60
2025-12-17 11:26:54,203 - INFO -   Best: -1.792224
2025-12-17 11:26:54,203 - INFO -   Min: -1.792224
2025-12-17 11:26:54,204 - INFO -   Max: -0.036676
2025-12-17 11:26:54,204 - INFO -   Avg: -1.631154
2025-12-17 11:26:54,204 - INFO -   Std: 0.400623
2025-12-17 11:26:54,235 - INFO - Generation 70
2025-12-17 11:26:54,235 - INFO -   Best: -1.792224
2025-12-17 11:26:54,236 - INFO -   Min: -1.792224
2025-12-17 11:26:54,236 - INFO -   Max: -0.150250
2025-12-17 11:26:54,236 - INFO -   Avg: -1.638961
2025-12-17 11:26:54,236 - INFO -   Std: 0.390879
2025-12-17 11:26:54,268 - INFO - Generation 80
2025-12-17 11:26:54,269 - INFO -   Best: -1.792224
2025-12-17 11:26:54,269 - INFO -   Min: -1.792224
2025-12-17 11:26:54,269 - INFO -   Max: 0.105387
2025-12-17 11:26:54,269 - INFO -   Avg: -1.509986
2025-12-17 11:26:54,269 - INFO -   Std: 0.492004
2025-12-17 11:26:54,301 - INFO - Generation 90
2025-12-17 11:26:54,301 - INFO -   Best: -1.792224
2025-12-17 11:26:54,301 - INFO -   Min: -1.792224
2025-12-17 11:26:54,301 - INFO -   Max: -0.176175
2025-12-17 11:26:54,302 - INFO -   Avg: -1.646094
2025-12-17 11:26:54,302 - INFO -   Std: 0.364587
2025-12-17 11:26:54,334 - INFO - Generation 100
2025-12-17 11:26:54,334 - INFO -   Best: -1.792224
2025-12-17 11:26:54,334 - INFO -   Min: -1.792224
2025-12-17 11:26:54,334 - INFO -   Max: -0.132966
2025-12-17 11:26:54,334 - INFO -   Avg: -1.616819
2025-12-17 11:26:54,335 - INFO -   Std: 0.403688
2025-12-17 11:26:54,366 - INFO - Generation 110
2025-12-17 11:26:54,367 - INFO -   Best: -1.792224
2025-12-17 11:26:54,367 - INFO -   Min: -1.792224
2025-12-17 11:26:54,367 - INFO -   Max: -0.000000
2025-12-17 11:26:54,367 - INFO -   Avg: -1.607727
2025-12-17 11:26:54,367 - INFO -   Std: 0.402449
2025-12-17 11:26:54,403 - INFO - Generation 120
2025-12-17 11:26:54,403 - INFO -   Best: -1.792224
2025-12-17 11:26:54,403 - INFO -   Min: -1.792224
2025-12-17 11:26:54,404 - INFO -   Max: 0.181196
2025-12-17 11:26:54,404 - INFO -   Avg: -1.616970
2025-12-17 11:26:54,404 - INFO -   Std: 0.429307
2025-12-17 11:26:54,444 - INFO - Generation 130
2025-12-17 11:26:54,444 - INFO -   Best: -1.792224
2025-12-17 11:26:54,444 - INFO -   Min: -1.792224
2025-12-17 11:26:54,444 - INFO -   Max: -0.000605
2025-12-17 11:26:54,444 - INFO -   Avg: -1.594627
2025-12-17 11:26:54,444 - INFO -   Std: 0.456711
2025-12-17 11:26:54,475 - INFO - Generation 140
2025-12-17 11:26:54,476 - INFO -   Best: -1.792224
2025-12-17 11:26:54,476 - INFO -   Min: -1.792224
2025-12-17 11:26:54,476 - INFO -   Max: -0.026413
2025-12-17 11:26:54,476 - INFO -   Avg: -1.714882
2025-12-17 11:26:54,476 - INFO -   Std: 0.294012
2025-12-17 11:26:54,507 - INFO - Generation 150
2025-12-17 11:26:54,507 - INFO -   Best: -1.792224
2025-12-17 11:26:54,508 - INFO -   Min: -1.792224
2025-12-17 11:26:54,508 - INFO -   Max: 0.512028
2025-12-17 11:26:54,508 - INFO -   Avg: -1.592622
2025-12-17 11:26:54,508 - INFO -   Std: 0.459293
2025-12-17 11:26:54,540 - INFO - Generation 160
2025-12-17 11:26:54,541 - INFO -   Best: -1.792224
2025-12-17 11:26:54,541 - INFO -   Min: -1.792224
2025-12-17 11:26:54,541 - INFO -   Max: -0.375972
2025-12-17 11:26:54,541 - INFO -   Avg: -1.646651
2025-12-17 11:26:54,541 - INFO -   Std: 0.339858
2025-12-17 11:26:54,574 - INFO - Generation 170
2025-12-17 11:26:54,574 - INFO -   Best: -1.792412
2025-12-17 11:26:54,575 - INFO -   Min: -1.792412
2025-12-17 11:26:54,575 - INFO -   Max: -0.023660
2025-12-17 11:26:54,575 - INFO -   Avg: -1.672135
2025-12-17 11:26:54,575 - INFO -   Std: 0.357014
2025-12-17 11:26:54,611 - INFO - Generation 180
2025-12-17 11:26:54,612 - INFO -   Best: -1.792412
2025-12-17 11:26:54,612 - INFO -   Min: -1.792412
2025-12-17 11:26:54,612 - INFO -   Max: -0.454182
2025-12-17 11:26:54,612 - INFO -   Avg: -1.640492
2025-12-17 11:26:54,612 - INFO -   Std: 0.354128
2025-12-17 11:26:54,644 - INFO - Generation 190
2025-12-17 11:26:54,644 - INFO -   Best: -1.792412
2025-12-17 11:26:54,644 - INFO -   Min: -1.792412
2025-12-17 11:26:54,645 - INFO -   Max: -0.618204
2025-12-17 11:26:54,645 - INFO -   Avg: -1.680581
2025-12-17 11:26:54,645 - INFO -   Std: 0.292603
2025-12-17 11:26:54,678 - INFO - Generation 200
2025-12-17 11:26:54,678 - INFO -   Best: -1.792412
2025-12-17 11:26:54,678 - INFO -   Min: -1.792412
2025-12-17 11:26:54,678 - INFO -   Max: -0.433579
2025-12-17 11:26:54,679 - INFO -   Avg: -1.605873
2025-12-17 11:26:54,679 - INFO -   Std: 0.378488
2025-12-17 11:26:54,681 - INFO - 
Final best fitness: -1.7924119765
2025-12-17 11:26:54,681 - INFO - Execution time: 0.68s
