2025-12-17 12:07:52,506 - INFO - Representation: Binary
2025-12-17 12:07:52,506 - INFO - Bits per variable: 12
2025-12-17 12:07:52,507 - INFO - Total genes: 24
2025-12-17 12:07:52,507 - INFO - Function: michalewicz
2025-12-17 12:07:52,507 - INFO - Population size: 100
2025-12-17 12:07:52,507 - INFO - Generations: 200
2025-12-17 12:07:52,507 - INFO - Selection: rws
2025-12-17 12:07:52,507 - INFO - Crossover: two_points
2025-12-17 12:07:52,508 - INFO - Mutation: swap
2025-12-17 12:07:52,508 - INFO - 
2025-12-17 12:07:52,614 - INFO - Generation 10
2025-12-17 12:07:52,614 - INFO -   Best: -1.801152
2025-12-17 12:07:52,614 - INFO -   Min: -1.801152
2025-12-17 12:07:52,615 - INFO -   Max: -0.009234
2025-12-17 12:07:52,615 - INFO -   Avg: -1.315011
2025-12-17 12:07:52,615 - INFO -   Std: 0.548379
2025-12-17 12:07:52,678 - INFO - Generation 20
2025-12-17 12:07:52,678 - INFO -   Best: -1.801296
2025-12-17 12:07:52,678 - INFO -   Min: -1.801296
2025-12-17 12:07:52,679 - INFO -   Max: -0.001154
2025-12-17 12:07:52,679 - INFO -   Avg: -1.417717
2025-12-17 12:07:52,679 - INFO -   Std: 0.578951
2025-12-17 12:07:52,743 - INFO - Generation 30
2025-12-17 12:07:52,743 - INFO -   Best: -1.801296
2025-12-17 12:07:52,743 - INFO -   Min: -1.801296
2025-12-17 12:07:52,744 - INFO -   Max: -0.043995
2025-12-17 12:07:52,744 - INFO -   Avg: -1.501941
2025-12-17 12:07:52,744 - INFO -   Std: 0.522736
2025-12-17 12:07:52,809 - INFO - Generation 40
2025-12-17 12:07:52,809 - INFO -   Best: -1.801296
2025-12-17 12:07:52,809 - INFO -   Min: -1.801296
2025-12-17 12:07:52,809 - INFO -   Max: -0.001301
2025-12-17 12:07:52,809 - INFO -   Avg: -1.512809
2025-12-17 12:07:52,809 - INFO -   Std: 0.513240
2025-12-17 12:07:52,875 - INFO - Generation 50
2025-12-17 12:07:52,875 - INFO -   Best: -1.801296
2025-12-17 12:07:52,876 - INFO -   Min: -1.801296
2025-12-17 12:07:52,876 - INFO -   Max: -0.029627
2025-12-17 12:07:52,876 - INFO -   Avg: -1.570662
2025-12-17 12:07:52,876 - INFO -   Std: 0.441493
2025-12-17 12:07:52,938 - INFO - Generation 60
2025-12-17 12:07:52,938 - INFO -   Best: -1.801296
2025-12-17 12:07:52,938 - INFO -   Min: -1.801296
2025-12-17 12:07:52,938 - INFO -   Max: -0.035263
2025-12-17 12:07:52,939 - INFO -   Avg: -1.210431
2025-12-17 12:07:52,939 - INFO -   Std: 0.619311
2025-12-17 12:07:53,000 - INFO - Generation 70
2025-12-17 12:07:53,001 - INFO -   Best: -1.801296
2025-12-17 12:07:53,001 - INFO -   Min: -1.801296
2025-12-17 12:07:53,001 - INFO -   Max: -0.002024
2025-12-17 12:07:53,001 - INFO -   Avg: -1.424745
2025-12-17 12:07:53,001 - INFO -   Std: 0.569412
2025-12-17 12:07:53,061 - INFO - Generation 80
2025-12-17 12:07:53,062 - INFO -   Best: -1.801296
2025-12-17 12:07:53,062 - INFO -   Min: -1.801296
2025-12-17 12:07:53,062 - INFO -   Max: -0.035242
2025-12-17 12:07:53,062 - INFO -   Avg: -1.462612
2025-12-17 12:07:53,062 - INFO -   Std: 0.597215
2025-12-17 12:07:53,125 - INFO - Generation 90
2025-12-17 12:07:53,125 - INFO -   Best: -1.801296
2025-12-17 12:07:53,125 - INFO -   Min: -1.801296
2025-12-17 12:07:53,126 - INFO -   Max: -0.030958
2025-12-17 12:07:53,126 - INFO -   Avg: -1.437844
2025-12-17 12:07:53,126 - INFO -   Std: 0.627419
2025-12-17 12:07:53,188 - INFO - Generation 100
2025-12-17 12:07:53,188 - INFO -   Best: -1.801296
2025-12-17 12:07:53,189 - INFO -   Min: -1.801296
2025-12-17 12:07:53,189 - INFO -   Max: -0.029677
2025-12-17 12:07:53,189 - INFO -   Avg: -1.432128
2025-12-17 12:07:53,189 - INFO -   Std: 0.590459
2025-12-17 12:07:53,249 - INFO - Generation 110
2025-12-17 12:07:53,249 - INFO -   Best: -1.801296
2025-12-17 12:07:53,249 - INFO -   Min: -1.801296
2025-12-17 12:07:53,249 - INFO -   Max: -0.001106
2025-12-17 12:07:53,250 - INFO -   Avg: -1.425459
2025-12-17 12:07:53,250 - INFO -   Std: 0.510167
2025-12-17 12:07:53,310 - INFO - Generation 120
2025-12-17 12:07:53,310 - INFO -   Best: -1.801296
2025-12-17 12:07:53,311 - INFO -   Min: -1.801296
2025-12-17 12:07:53,311 - INFO -   Max: -0.001170
2025-12-17 12:07:53,311 - INFO -   Avg: -1.476100
2025-12-17 12:07:53,311 - INFO -   Std: 0.593729
2025-12-17 12:07:53,374 - INFO - Generation 130
2025-12-17 12:07:53,374 - INFO -   Best: -1.801296
2025-12-17 12:07:53,375 - INFO -   Min: -1.801296
2025-12-17 12:07:53,375 - INFO -   Max: -0.028947
2025-12-17 12:07:53,375 - INFO -   Avg: -1.337386
2025-12-17 12:07:53,375 - INFO -   Std: 0.637517
2025-12-17 12:07:53,440 - INFO - Generation 140
2025-12-17 12:07:53,440 - INFO -   Best: -1.801296
2025-12-17 12:07:53,440 - INFO -   Min: -1.801296
2025-12-17 12:07:53,440 - INFO -   Max: -0.001046
2025-12-17 12:07:53,440 - INFO -   Avg: -1.365797
2025-12-17 12:07:53,441 - INFO -   Std: 0.635672
2025-12-17 12:07:53,506 - INFO - Generation 150
2025-12-17 12:07:53,506 - INFO -   Best: -1.801296
2025-12-17 12:07:53,506 - INFO -   Min: -1.801296
2025-12-17 12:07:53,506 - INFO -   Max: -0.001146
2025-12-17 12:07:53,507 - INFO -   Avg: -1.451062
2025-12-17 12:07:53,507 - INFO -   Std: 0.560017
2025-12-17 12:07:53,571 - INFO - Generation 160
2025-12-17 12:07:53,572 - INFO -   Best: -1.801296
2025-12-17 12:07:53,572 - INFO -   Min: -1.801296
2025-12-17 12:07:53,572 - INFO -   Max: -0.001445
2025-12-17 12:07:53,572 - INFO -   Avg: -1.508205
2025-12-17 12:07:53,572 - INFO -   Std: 0.576923
2025-12-17 12:07:53,636 - INFO - Generation 170
2025-12-17 12:07:53,637 - INFO -   Best: -1.801296
2025-12-17 12:07:53,637 - INFO -   Min: -1.801296
2025-12-17 12:07:53,637 - INFO -   Max: -0.034882
2025-12-17 12:07:53,637 - INFO -   Avg: -1.644748
2025-12-17 12:07:53,637 - INFO -   Std: 0.420487
2025-12-17 12:07:53,702 - INFO - Generation 180
2025-12-17 12:07:53,703 - INFO -   Best: -1.801296
2025-12-17 12:07:53,703 - INFO -   Min: -1.801296
2025-12-17 12:07:53,703 - INFO -   Max: -0.001408
2025-12-17 12:07:53,703 - INFO -   Avg: -1.381872
2025-12-17 12:07:53,703 - INFO -   Std: 0.675538
2025-12-17 12:07:53,769 - INFO - Generation 190
2025-12-17 12:07:53,769 - INFO -   Best: -1.801296
2025-12-17 12:07:53,770 - INFO -   Min: -1.801296
2025-12-17 12:07:53,770 - INFO -   Max: -0.030001
2025-12-17 12:07:53,770 - INFO -   Avg: -1.465126
2025-12-17 12:07:53,770 - INFO -   Std: 0.554690
2025-12-17 12:07:53,835 - INFO - Generation 200
2025-12-17 12:07:53,836 - INFO -   Best: -1.801296
2025-12-17 12:07:53,836 - INFO -   Min: -1.801296
2025-12-17 12:07:53,836 - INFO -   Max: -0.001359
2025-12-17 12:07:53,836 - INFO -   Avg: -1.473017
2025-12-17 12:07:53,836 - INFO -   Std: 0.529102
2025-12-17 12:07:53,841 - INFO - 
Final best fitness: -1.8012955890
2025-12-17 12:07:53,841 - INFO - Execution time: 1.29s
