2025-12-17 12:16:40,246 - INFO - Representation: Binary
2025-12-17 12:16:40,246 - INFO - Bits per variable: 12
2025-12-17 12:16:40,246 - INFO - Total genes: 360
2025-12-17 12:16:40,246 - INFO - Function: f16_2014
2025-12-17 12:16:40,247 - INFO - Population size: 100
2025-12-17 12:16:40,247 - INFO - Generations: 200
2025-12-17 12:16:40,247 - INFO - Selection: rws
2025-12-17 12:16:40,247 - INFO - Crossover: two_points
2025-12-17 12:16:40,247 - INFO - Mutation: swap
2025-12-17 12:16:40,247 - INFO - 
2025-12-17 12:16:41,439 - INFO - Generation 10
2025-12-17 12:16:41,441 - INFO -   Best: 1613.923759
2025-12-17 12:16:41,441 - INFO -   Min: 1613.923759
2025-12-17 12:16:41,441 - INFO -   Max: 1615.739567
2025-12-17 12:16:41,441 - INFO -   Avg: 1614.953216
2025-12-17 12:16:41,441 - INFO -   Std: 0.296688
2025-12-17 12:16:41,966 - INFO - Generation 20
2025-12-17 12:16:41,967 - INFO -   Best: 1613.785990
2025-12-17 12:16:41,967 - INFO -   Min: 1613.785990
2025-12-17 12:16:41,967 - INFO -   Max: 1616.185757
2025-12-17 12:16:41,967 - INFO -   Avg: 1614.952735
2025-12-17 12:16:41,967 - INFO -   Std: 0.462984
2025-12-17 12:16:42,487 - INFO - Generation 30
2025-12-17 12:16:42,488 - INFO -   Best: 1613.491354
2025-12-17 12:16:42,488 - INFO -   Min: 1613.491354
2025-12-17 12:16:42,488 - INFO -   Max: 1616.019151
2025-12-17 12:16:42,488 - INFO -   Avg: 1614.843440
2025-12-17 12:16:42,488 - INFO -   Std: 0.483898
2025-12-17 12:16:43,012 - INFO - Generation 40
2025-12-17 12:16:43,012 - INFO -   Best: 1613.447300
2025-12-17 12:16:43,013 - INFO -   Min: 1613.447300
2025-12-17 12:16:43,013 - INFO -   Max: 1616.223135
2025-12-17 12:16:43,013 - INFO -   Avg: 1615.093066
2025-12-17 12:16:43,013 - INFO -   Std: 0.439848
2025-12-17 12:16:43,533 - INFO - Generation 50
2025-12-17 12:16:43,533 - INFO -   Best: 1613.447300
2025-12-17 12:16:43,534 - INFO -   Min: 1613.447300
2025-12-17 12:16:43,534 - INFO -   Max: 1615.857199
2025-12-17 12:16:43,534 - INFO -   Avg: 1614.951389
2025-12-17 12:16:43,534 - INFO -   Std: 0.433591
2025-12-17 12:16:44,054 - INFO - Generation 60
2025-12-17 12:16:44,054 - INFO -   Best: 1613.447300
2025-12-17 12:16:44,055 - INFO -   Min: 1613.447300
2025-12-17 12:16:44,055 - INFO -   Max: 1615.880761
2025-12-17 12:16:44,055 - INFO -   Avg: 1614.941891
2025-12-17 12:16:44,055 - INFO -   Std: 0.402744
2025-12-17 12:16:44,573 - INFO - Generation 70
2025-12-17 12:16:44,573 - INFO -   Best: 1613.447300
2025-12-17 12:16:44,573 - INFO -   Min: 1613.447300
2025-12-17 12:16:44,573 - INFO -   Max: 1615.744237
2025-12-17 12:16:44,573 - INFO -   Avg: 1614.955739
2025-12-17 12:16:44,574 - INFO -   Std: 0.380978
2025-12-17 12:16:45,085 - INFO - Generation 80
2025-12-17 12:16:45,085 - INFO -   Best: 1613.447300
2025-12-17 12:16:45,085 - INFO -   Min: 1613.447300
2025-12-17 12:16:45,086 - INFO -   Max: 1616.055709
2025-12-17 12:16:45,086 - INFO -   Avg: 1614.950272
2025-12-17 12:16:45,086 - INFO -   Std: 0.403353
2025-12-17 12:16:45,601 - INFO - Generation 90
2025-12-17 12:16:45,601 - INFO -   Best: 1613.447300
2025-12-17 12:16:45,601 - INFO -   Min: 1613.447300
2025-12-17 12:16:45,602 - INFO -   Max: 1615.644342
2025-12-17 12:16:45,602 - INFO -   Avg: 1614.992396
2025-12-17 12:16:45,602 - INFO -   Std: 0.360882
2025-12-17 12:16:46,122 - INFO - Generation 100
2025-12-17 12:16:46,122 - INFO -   Best: 1613.447300
2025-12-17 12:16:46,122 - INFO -   Min: 1613.447300
2025-12-17 12:16:46,123 - INFO -   Max: 1615.782180
2025-12-17 12:16:46,123 - INFO -   Avg: 1614.998058
2025-12-17 12:16:46,123 - INFO -   Std: 0.412552
2025-12-17 12:16:46,657 - INFO - Generation 110
2025-12-17 12:16:46,657 - INFO -   Best: 1613.444789
2025-12-17 12:16:46,657 - INFO -   Min: 1613.444789
2025-12-17 12:16:46,657 - INFO -   Max: 1615.908613
2025-12-17 12:16:46,658 - INFO -   Avg: 1614.896848
2025-12-17 12:16:46,658 - INFO -   Std: 0.484920
2025-12-17 12:16:47,202 - INFO - Generation 120
2025-12-17 12:16:47,202 - INFO -   Best: 1613.273028
2025-12-17 12:16:47,202 - INFO -   Min: 1613.273028
2025-12-17 12:16:47,202 - INFO -   Max: 1616.043811
2025-12-17 12:16:47,202 - INFO -   Avg: 1614.793021
2025-12-17 12:16:47,203 - INFO -   Std: 0.438770
2025-12-17 12:16:47,741 - INFO - Generation 130
2025-12-17 12:16:47,741 - INFO -   Best: 1613.201427
2025-12-17 12:16:47,742 - INFO -   Min: 1613.201427
2025-12-17 12:16:47,742 - INFO -   Max: 1615.900311
2025-12-17 12:16:47,742 - INFO -   Avg: 1614.726880
2025-12-17 12:16:47,742 - INFO -   Std: 0.484959
2025-12-17 12:16:48,278 - INFO - Generation 140
2025-12-17 12:16:48,279 - INFO -   Best: 1613.025541
2025-12-17 12:16:48,279 - INFO -   Min: 1613.025541
2025-12-17 12:16:48,279 - INFO -   Max: 1616.565910
2025-12-17 12:16:48,279 - INFO -   Avg: 1614.699583
2025-12-17 12:16:48,279 - INFO -   Std: 0.591450
2025-12-17 12:16:48,809 - INFO - Generation 150
2025-12-17 12:16:48,809 - INFO -   Best: 1613.025541
2025-12-17 12:16:48,809 - INFO -   Min: 1613.025541
2025-12-17 12:16:48,809 - INFO -   Max: 1615.766706
2025-12-17 12:16:48,810 - INFO -   Avg: 1614.579341
2025-12-17 12:16:48,810 - INFO -   Std: 0.505386
2025-12-17 12:16:49,332 - INFO - Generation 160
2025-12-17 12:16:49,333 - INFO -   Best: 1612.822878
2025-12-17 12:16:49,333 - INFO -   Min: 1612.822878
2025-12-17 12:16:49,333 - INFO -   Max: 1615.940937
2025-12-17 12:16:49,333 - INFO -   Avg: 1614.618833
2025-12-17 12:16:49,333 - INFO -   Std: 0.555804
2025-12-17 12:16:49,847 - INFO - Generation 170
2025-12-17 12:16:49,848 - INFO -   Best: 1612.629283
2025-12-17 12:16:49,848 - INFO -   Min: 1612.629283
2025-12-17 12:16:49,848 - INFO -   Max: 1616.068325
2025-12-17 12:16:49,848 - INFO -   Avg: 1614.782929
2025-12-17 12:16:49,849 - INFO -   Std: 0.585504
2025-12-17 12:16:50,368 - INFO - Generation 180
2025-12-17 12:16:50,368 - INFO -   Best: 1612.624343
2025-12-17 12:16:50,368 - INFO -   Min: 1612.624343
2025-12-17 12:16:50,368 - INFO -   Max: 1615.681095
2025-12-17 12:16:50,369 - INFO -   Avg: 1614.777576
2025-12-17 12:16:50,369 - INFO -   Std: 0.535706
2025-12-17 12:16:50,885 - INFO - Generation 190
2025-12-17 12:16:50,885 - INFO -   Best: 1612.624343
2025-12-17 12:16:50,885 - INFO -   Min: 1612.624343
2025-12-17 12:16:50,885 - INFO -   Max: 1616.363149
2025-12-17 12:16:50,886 - INFO -   Avg: 1614.847712
2025-12-17 12:16:50,886 - INFO -   Std: 0.592899
2025-12-17 12:16:51,397 - INFO - Generation 200
2025-12-17 12:16:51,397 - INFO -   Best: 1612.624343
2025-12-17 12:16:51,398 - INFO -   Min: 1612.624343
2025-12-17 12:16:51,398 - INFO -   Max: 1615.980509
2025-12-17 12:16:51,398 - INFO -   Avg: 1614.976842
2025-12-17 12:16:51,398 - INFO -   Std: 0.524098
2025-12-17 12:16:51,431 - INFO - 
Final best fitness: 1612.6243433001
2025-12-17 12:16:51,432 - INFO - Execution time: 10.51s
