2025-12-17 12:11:51,475 - INFO - Representation: Binary
2025-12-17 12:11:51,476 - INFO - Bits per variable: 12
2025-12-17 12:11:51,476 - INFO - Total genes: 120
2025-12-17 12:11:51,476 - INFO - Function: f16_2014
2025-12-17 12:11:51,476 - INFO - Population size: 100
2025-12-17 12:11:51,476 - INFO - Generations: 200
2025-12-17 12:11:51,476 - INFO - Selection: rws
2025-12-17 12:11:51,476 - INFO - Crossover: two_points
2025-12-17 12:11:51,477 - INFO - Mutation: swap
2025-12-17 12:11:51,477 - INFO - 
2025-12-17 12:11:51,908 - INFO - Generation 10
2025-12-17 12:11:51,908 - INFO -   Best: 1604.275377
2025-12-17 12:11:51,908 - INFO -   Min: 1604.275377
2025-12-17 12:11:51,908 - INFO -   Max: 1605.320115
2025-12-17 12:11:51,909 - INFO -   Avg: 1604.991797
2025-12-17 12:11:51,909 - INFO -   Std: 0.158089
2025-12-17 12:11:52,117 - INFO - Generation 20
2025-12-17 12:11:52,117 - INFO -   Best: 1604.091211
2025-12-17 12:11:52,117 - INFO -   Min: 1604.091211
2025-12-17 12:11:52,117 - INFO -   Max: 1605.797165
2025-12-17 12:11:52,118 - INFO -   Avg: 1604.974594
2025-12-17 12:11:52,118 - INFO -   Std: 0.215595
2025-12-17 12:11:52,327 - INFO - Generation 30
2025-12-17 12:11:52,327 - INFO -   Best: 1604.091211
2025-12-17 12:11:52,327 - INFO -   Min: 1604.091211
2025-12-17 12:11:52,327 - INFO -   Max: 1605.414833
2025-12-17 12:11:52,327 - INFO -   Avg: 1604.985050
2025-12-17 12:11:52,327 - INFO -   Std: 0.190340
2025-12-17 12:11:52,537 - INFO - Generation 40
2025-12-17 12:11:52,538 - INFO -   Best: 1604.091211
2025-12-17 12:11:52,538 - INFO -   Min: 1604.091211
2025-12-17 12:11:52,538 - INFO -   Max: 1605.790459
2025-12-17 12:11:52,538 - INFO -   Avg: 1604.983224
2025-12-17 12:11:52,538 - INFO -   Std: 0.226478
2025-12-17 12:11:52,745 - INFO - Generation 50
2025-12-17 12:11:52,746 - INFO -   Best: 1604.091211
2025-12-17 12:11:52,746 - INFO -   Min: 1604.091211
2025-12-17 12:11:52,746 - INFO -   Max: 1605.709346
2025-12-17 12:11:52,746 - INFO -   Avg: 1604.996773
2025-12-17 12:11:52,746 - INFO -   Std: 0.214287
2025-12-17 12:11:52,955 - INFO - Generation 60
2025-12-17 12:11:52,956 - INFO -   Best: 1603.908283
2025-12-17 12:11:52,956 - INFO -   Min: 1603.908283
2025-12-17 12:11:52,956 - INFO -   Max: 1605.871365
2025-12-17 12:11:52,956 - INFO -   Avg: 1604.991575
2025-12-17 12:11:52,956 - INFO -   Std: 0.253605
2025-12-17 12:11:53,168 - INFO - Generation 70
2025-12-17 12:11:53,168 - INFO -   Best: 1603.908283
2025-12-17 12:11:53,168 - INFO -   Min: 1603.908283
2025-12-17 12:11:53,168 - INFO -   Max: 1605.460684
2025-12-17 12:11:53,169 - INFO -   Avg: 1604.944344
2025-12-17 12:11:53,169 - INFO -   Std: 0.226536
2025-12-17 12:11:53,390 - INFO - Generation 80
2025-12-17 12:11:53,390 - INFO -   Best: 1603.908283
2025-12-17 12:11:53,390 - INFO -   Min: 1603.908283
2025-12-17 12:11:53,391 - INFO -   Max: 1605.607209
2025-12-17 12:11:53,391 - INFO -   Avg: 1605.001286
2025-12-17 12:11:53,391 - INFO -   Std: 0.241150
2025-12-17 12:11:53,603 - INFO - Generation 90
2025-12-17 12:11:53,603 - INFO -   Best: 1603.908283
2025-12-17 12:11:53,603 - INFO -   Min: 1603.908283
2025-12-17 12:11:53,604 - INFO -   Max: 1605.514583
2025-12-17 12:11:53,604 - INFO -   Avg: 1604.937592
2025-12-17 12:11:53,604 - INFO -   Std: 0.277876
2025-12-17 12:11:53,813 - INFO - Generation 100
2025-12-17 12:11:53,813 - INFO -   Best: 1603.908283
2025-12-17 12:11:53,814 - INFO -   Min: 1603.908283
2025-12-17 12:11:53,814 - INFO -   Max: 1605.923277
2025-12-17 12:11:53,814 - INFO -   Avg: 1604.976199
2025-12-17 12:11:53,814 - INFO -   Std: 0.316513
2025-12-17 12:11:54,028 - INFO - Generation 110
2025-12-17 12:11:54,028 - INFO -   Best: 1603.908283
2025-12-17 12:11:54,028 - INFO -   Min: 1603.908283
2025-12-17 12:11:54,028 - INFO -   Max: 1605.638449
2025-12-17 12:11:54,028 - INFO -   Avg: 1604.921484
2025-12-17 12:11:54,028 - INFO -   Std: 0.314945
2025-12-17 12:11:54,241 - INFO - Generation 120
2025-12-17 12:11:54,241 - INFO -   Best: 1603.908283
2025-12-17 12:11:54,242 - INFO -   Min: 1603.908283
2025-12-17 12:11:54,242 - INFO -   Max: 1605.695107
2025-12-17 12:11:54,242 - INFO -   Avg: 1604.997734
2025-12-17 12:11:54,242 - INFO -   Std: 0.303991
2025-12-17 12:11:54,462 - INFO - Generation 130
2025-12-17 12:11:54,462 - INFO -   Best: 1603.908283
2025-12-17 12:11:54,462 - INFO -   Min: 1603.908283
2025-12-17 12:11:54,462 - INFO -   Max: 1605.860827
2025-12-17 12:11:54,462 - INFO -   Avg: 1604.970755
2025-12-17 12:11:54,462 - INFO -   Std: 0.368326
2025-12-17 12:11:54,675 - INFO - Generation 140
2025-12-17 12:11:54,675 - INFO -   Best: 1603.908283
2025-12-17 12:11:54,676 - INFO -   Min: 1603.908283
2025-12-17 12:11:54,676 - INFO -   Max: 1606.006281
2025-12-17 12:11:54,676 - INFO -   Avg: 1604.999998
2025-12-17 12:11:54,676 - INFO -   Std: 0.338799
2025-12-17 12:11:54,887 - INFO - Generation 150
2025-12-17 12:11:54,887 - INFO -   Best: 1603.858056
2025-12-17 12:11:54,887 - INFO -   Min: 1603.858056
2025-12-17 12:11:54,887 - INFO -   Max: 1605.620286
2025-12-17 12:11:54,887 - INFO -   Avg: 1604.995814
2025-12-17 12:11:54,887 - INFO -   Std: 0.298096
2025-12-17 12:11:55,099 - INFO - Generation 160
2025-12-17 12:11:55,099 - INFO -   Best: 1603.858056
2025-12-17 12:11:55,099 - INFO -   Min: 1603.858056
2025-12-17 12:11:55,100 - INFO -   Max: 1605.422561
2025-12-17 12:11:55,100 - INFO -   Avg: 1604.972418
2025-12-17 12:11:55,100 - INFO -   Std: 0.249494
2025-12-17 12:11:55,313 - INFO - Generation 170
2025-12-17 12:11:55,313 - INFO -   Best: 1603.858056
2025-12-17 12:11:55,313 - INFO -   Min: 1603.858056
2025-12-17 12:11:55,313 - INFO -   Max: 1605.348942
2025-12-17 12:11:55,313 - INFO -   Avg: 1604.938886
2025-12-17 12:11:55,314 - INFO -   Std: 0.226586
2025-12-17 12:11:55,530 - INFO - Generation 180
2025-12-17 12:11:55,530 - INFO -   Best: 1603.829590
2025-12-17 12:11:55,530 - INFO -   Min: 1603.829590
2025-12-17 12:11:55,530 - INFO -   Max: 1605.583079
2025-12-17 12:11:55,531 - INFO -   Avg: 1604.971638
2025-12-17 12:11:55,531 - INFO -   Std: 0.278174
2025-12-17 12:11:55,741 - INFO - Generation 190
2025-12-17 12:11:55,741 - INFO -   Best: 1603.829590
2025-12-17 12:11:55,742 - INFO -   Min: 1603.829590
2025-12-17 12:11:55,742 - INFO -   Max: 1605.910093
2025-12-17 12:11:55,742 - INFO -   Avg: 1604.983601
2025-12-17 12:11:55,742 - INFO -   Std: 0.273317
2025-12-17 12:11:55,953 - INFO - Generation 200
2025-12-17 12:11:55,953 - INFO -   Best: 1603.829590
2025-12-17 12:11:55,953 - INFO -   Min: 1603.829590
2025-12-17 12:11:55,954 - INFO -   Max: 1605.501023
2025-12-17 12:11:55,954 - INFO -   Avg: 1604.998686
2025-12-17 12:11:55,954 - INFO -   Std: 0.214723
2025-12-17 12:11:55,967 - INFO - 
Final best fitness: 1603.8295895941
2025-12-17 12:11:55,968 - INFO - Execution time: 4.27s
