2025-12-17 11:42:28,219 - INFO - Representation: Real
2025-12-17 11:42:28,219 - INFO - Number of genes: 10
2025-12-17 11:42:28,219 - INFO - Bounds: [-100, 100]
2025-12-17 11:42:28,220 - INFO - Function: f16_2014
2025-12-17 11:42:28,220 - INFO - Population size: 100
2025-12-17 11:42:28,220 - INFO - Generations: 200
2025-12-17 11:42:28,220 - INFO - Selection: tournament
2025-12-17 11:42:28,220 - INFO - Crossover: single_point
2025-12-17 11:42:28,220 - INFO - Mutation: random
2025-12-17 11:42:28,220 - INFO - 
2025-12-17 11:42:28,399 - INFO - Generation 10
2025-12-17 11:42:28,400 - INFO -   Best: 1604.025274
2025-12-17 11:42:28,400 - INFO -   Min: 1604.025274
2025-12-17 11:42:28,400 - INFO -   Max: 1605.710403
2025-12-17 11:42:28,400 - INFO -   Avg: 1604.909474
2025-12-17 11:42:28,400 - INFO -   Std: 0.271454
2025-12-17 11:42:28,554 - INFO - Generation 20
2025-12-17 11:42:28,554 - INFO -   Best: 1603.689344
2025-12-17 11:42:28,554 - INFO -   Min: 1603.689344
2025-12-17 11:42:28,554 - INFO -   Max: 1605.461577
2025-12-17 11:42:28,554 - INFO -   Avg: 1604.872799
2025-12-17 11:42:28,555 - INFO -   Std: 0.282760
2025-12-17 11:42:28,701 - INFO - Generation 30
2025-12-17 11:42:28,701 - INFO -   Best: 1603.325907
2025-12-17 11:42:28,701 - INFO -   Min: 1603.325907
2025-12-17 11:42:28,702 - INFO -   Max: 1605.476395
2025-12-17 11:42:28,702 - INFO -   Avg: 1604.661267
2025-12-17 11:42:28,702 - INFO -   Std: 0.480782
2025-12-17 11:42:28,864 - INFO - Generation 40
2025-12-17 11:42:28,864 - INFO -   Best: 1603.282821
2025-12-17 11:42:28,864 - INFO -   Min: 1603.282821
2025-12-17 11:42:28,864 - INFO -   Max: 1605.560186
2025-12-17 11:42:28,865 - INFO -   Avg: 1604.423267
2025-12-17 11:42:28,865 - INFO -   Std: 0.517694
2025-12-17 11:42:29,004 - INFO - Generation 50
2025-12-17 11:42:29,004 - INFO -   Best: 1603.210869
2025-12-17 11:42:29,004 - INFO -   Min: 1603.210869
2025-12-17 11:42:29,004 - INFO -   Max: 1605.438104
2025-12-17 11:42:29,004 - INFO -   Avg: 1604.179216
2025-12-17 11:42:29,005 - INFO -   Std: 0.683220
2025-12-17 11:42:29,137 - INFO - Generation 60
2025-12-17 11:42:29,137 - INFO -   Best: 1603.072986
2025-12-17 11:42:29,137 - INFO -   Min: 1603.072986
2025-12-17 11:42:29,137 - INFO -   Max: 1605.856496
2025-12-17 11:42:29,138 - INFO -   Avg: 1604.230758
2025-12-17 11:42:29,138 - INFO -   Std: 0.677963
2025-12-17 11:42:29,281 - INFO - Generation 70
2025-12-17 11:42:29,281 - INFO -   Best: 1603.072208
2025-12-17 11:42:29,281 - INFO -   Min: 1603.072208
2025-12-17 11:42:29,281 - INFO -   Max: 1605.494032
2025-12-17 11:42:29,281 - INFO -   Avg: 1604.360541
2025-12-17 11:42:29,282 - INFO -   Std: 0.692383
2025-12-17 11:42:29,423 - INFO - Generation 80
2025-12-17 11:42:29,423 - INFO -   Best: 1602.754411
2025-12-17 11:42:29,423 - INFO -   Min: 1602.754411
2025-12-17 11:42:29,424 - INFO -   Max: 1605.669556
2025-12-17 11:42:29,424 - INFO -   Avg: 1604.373920
2025-12-17 11:42:29,424 - INFO -   Std: 0.673884
2025-12-17 11:42:29,558 - INFO - Generation 90
2025-12-17 11:42:29,558 - INFO -   Best: 1602.754411
2025-12-17 11:42:29,558 - INFO -   Min: 1602.754411
2025-12-17 11:42:29,559 - INFO -   Max: 1605.580963
2025-12-17 11:42:29,559 - INFO -   Avg: 1604.190536
2025-12-17 11:42:29,559 - INFO -   Std: 0.767436
2025-12-17 11:42:29,702 - INFO - Generation 100
2025-12-17 11:42:29,702 - INFO -   Best: 1602.754411
2025-12-17 11:42:29,702 - INFO -   Min: 1602.754411
2025-12-17 11:42:29,702 - INFO -   Max: 1605.688001
2025-12-17 11:42:29,702 - INFO -   Avg: 1604.228907
2025-12-17 11:42:29,703 - INFO -   Std: 0.792833
2025-12-17 11:42:29,832 - INFO - Generation 110
2025-12-17 11:42:29,832 - INFO -   Best: 1602.754411
2025-12-17 11:42:29,832 - INFO -   Min: 1602.754411
2025-12-17 11:42:29,833 - INFO -   Max: 1605.500879
2025-12-17 11:42:29,833 - INFO -   Avg: 1604.205892
2025-12-17 11:42:29,833 - INFO -   Std: 0.760447
2025-12-17 11:42:29,966 - INFO - Generation 120
2025-12-17 11:42:29,966 - INFO -   Best: 1602.734798
2025-12-17 11:42:29,966 - INFO -   Min: 1602.734798
2025-12-17 11:42:29,966 - INFO -   Max: 1605.709993
2025-12-17 11:42:29,966 - INFO -   Avg: 1604.207301
2025-12-17 11:42:29,967 - INFO -   Std: 0.802434
2025-12-17 11:42:30,093 - INFO - Generation 130
2025-12-17 11:42:30,093 - INFO -   Best: 1602.720349
2025-12-17 11:42:30,093 - INFO -   Min: 1602.720349
2025-12-17 11:42:30,093 - INFO -   Max: 1605.736369
2025-12-17 11:42:30,094 - INFO -   Avg: 1603.910579
2025-12-17 11:42:30,094 - INFO -   Std: 0.830301
2025-12-17 11:42:30,224 - INFO - Generation 140
2025-12-17 11:42:30,225 - INFO -   Best: 1602.702947
2025-12-17 11:42:30,225 - INFO -   Min: 1602.702947
2025-12-17 11:42:30,225 - INFO -   Max: 1605.658028
2025-12-17 11:42:30,225 - INFO -   Avg: 1604.234149
2025-12-17 11:42:30,225 - INFO -   Std: 0.853203
2025-12-17 11:42:30,365 - INFO - Generation 150
2025-12-17 11:42:30,365 - INFO -   Best: 1602.702947
2025-12-17 11:42:30,365 - INFO -   Min: 1602.702947
2025-12-17 11:42:30,365 - INFO -   Max: 1606.406716
2025-12-17 11:42:30,365 - INFO -   Avg: 1604.240918
2025-12-17 11:42:30,365 - INFO -   Std: 0.857259
2025-12-17 11:42:30,496 - INFO - Generation 160
2025-12-17 11:42:30,496 - INFO -   Best: 1602.702947
2025-12-17 11:42:30,496 - INFO -   Min: 1602.702947
2025-12-17 11:42:30,496 - INFO -   Max: 1605.779847
2025-12-17 11:42:30,496 - INFO -   Avg: 1604.092646
2025-12-17 11:42:30,497 - INFO -   Std: 0.867642
2025-12-17 11:42:30,629 - INFO - Generation 170
2025-12-17 11:42:30,630 - INFO -   Best: 1602.702176
2025-12-17 11:42:30,630 - INFO -   Min: 1602.702176
2025-12-17 11:42:30,630 - INFO -   Max: 1606.226012
2025-12-17 11:42:30,630 - INFO -   Avg: 1604.067408
2025-12-17 11:42:30,630 - INFO -   Std: 0.883752
2025-12-17 11:42:30,759 - INFO - Generation 180
2025-12-17 11:42:30,759 - INFO -   Best: 1602.699042
2025-12-17 11:42:30,759 - INFO -   Min: 1602.699042
2025-12-17 11:42:30,759 - INFO -   Max: 1605.787193
2025-12-17 11:42:30,759 - INFO -   Avg: 1604.162808
2025-12-17 11:42:30,760 - INFO -   Std: 0.838392
2025-12-17 11:42:30,898 - INFO - Generation 190
2025-12-17 11:42:30,898 - INFO -   Best: 1602.699042
2025-12-17 11:42:30,899 - INFO -   Min: 1602.699042
2025-12-17 11:42:30,899 - INFO -   Max: 1605.955755
2025-12-17 11:42:30,899 - INFO -   Avg: 1604.333131
2025-12-17 11:42:30,899 - INFO -   Std: 0.734714
2025-12-17 11:42:31,033 - INFO - Generation 200
2025-12-17 11:42:31,033 - INFO -   Best: 1602.699042
2025-12-17 11:42:31,033 - INFO -   Min: 1602.699042
2025-12-17 11:42:31,033 - INFO -   Max: 1606.333791
2025-12-17 11:42:31,033 - INFO -   Avg: 1604.071183
2025-12-17 11:42:31,033 - INFO -   Std: 0.889566
2025-12-17 11:42:31,043 - INFO - 
Final best fitness: 1602.8572286587
2025-12-17 11:42:31,043 - INFO - Execution time: 2.80s
