2025-12-17 12:21:30,431 - INFO - Representation: Real
2025-12-17 12:21:30,432 - INFO - Number of genes: 20
2025-12-17 12:21:30,432 - INFO - Bounds: [-100, 100]
2025-12-17 12:21:30,432 - INFO - Function: f16_2014
2025-12-17 12:21:30,432 - INFO - Population size: 100
2025-12-17 12:21:30,432 - INFO - Generations: 200
2025-12-17 12:21:30,432 - INFO - Selection: rws
2025-12-17 12:21:30,433 - INFO - Crossover: two_points
2025-12-17 12:21:30,433 - INFO - Mutation: swap
2025-12-17 12:21:30,433 - INFO - 
2025-12-17 12:21:30,744 - INFO - Generation 10
2025-12-17 12:21:30,744 - INFO -   Best: 1608.805265
2025-12-17 12:21:30,744 - INFO -   Min: 1608.805265
2025-12-17 12:21:30,745 - INFO -   Max: 1610.786606
2025-12-17 12:21:30,745 - INFO -   Avg: 1610.022417
2025-12-17 12:21:30,745 - INFO -   Std: 0.279285
2025-12-17 12:21:31,006 - INFO - Generation 20
2025-12-17 12:21:31,007 - INFO -   Best: 1608.326036
2025-12-17 12:21:31,007 - INFO -   Min: 1608.326036
2025-12-17 12:21:31,007 - INFO -   Max: 1611.033019
2025-12-17 12:21:31,007 - INFO -   Avg: 1609.860026
2025-12-17 12:21:31,007 - INFO -   Std: 0.473554
2025-12-17 12:21:31,283 - INFO - Generation 30
2025-12-17 12:21:31,283 - INFO -   Best: 1607.758798
2025-12-17 12:21:31,283 - INFO -   Min: 1607.758798
2025-12-17 12:21:31,284 - INFO -   Max: 1611.146067
2025-12-17 12:21:31,284 - INFO -   Avg: 1609.742088
2025-12-17 12:21:31,284 - INFO -   Std: 0.492886
2025-12-17 12:21:31,547 - INFO - Generation 40
2025-12-17 12:21:31,547 - INFO -   Best: 1607.758798
2025-12-17 12:21:31,547 - INFO -   Min: 1607.758798
2025-12-17 12:21:31,548 - INFO -   Max: 1611.201966
2025-12-17 12:21:31,548 - INFO -   Avg: 1609.826334
2025-12-17 12:21:31,548 - INFO -   Std: 0.523807
2025-12-17 12:21:31,809 - INFO - Generation 50
2025-12-17 12:21:31,809 - INFO -   Best: 1607.644372
2025-12-17 12:21:31,809 - INFO -   Min: 1607.644372
2025-12-17 12:21:31,809 - INFO -   Max: 1610.945653
2025-12-17 12:21:31,810 - INFO -   Avg: 1609.814324
2025-12-17 12:21:31,810 - INFO -   Std: 0.617563
2025-12-17 12:21:32,076 - INFO - Generation 60
2025-12-17 12:21:32,077 - INFO -   Best: 1607.490197
2025-12-17 12:21:32,077 - INFO -   Min: 1607.490197
2025-12-17 12:21:32,077 - INFO -   Max: 1610.872650
2025-12-17 12:21:32,077 - INFO -   Avg: 1609.596217
2025-12-17 12:21:32,077 - INFO -   Std: 0.614264
2025-12-17 12:21:32,379 - INFO - Generation 70
2025-12-17 12:21:32,379 - INFO -   Best: 1607.490197
2025-12-17 12:21:32,379 - INFO -   Min: 1607.490197
2025-12-17 12:21:32,379 - INFO -   Max: 1611.501104
2025-12-17 12:21:32,379 - INFO -   Avg: 1609.595907
2025-12-17 12:21:32,380 - INFO -   Std: 0.619651
2025-12-17 12:21:32,640 - INFO - Generation 80
2025-12-17 12:21:32,641 - INFO -   Best: 1607.490197
2025-12-17 12:21:32,641 - INFO -   Min: 1607.490197
2025-12-17 12:21:32,641 - INFO -   Max: 1610.763950
2025-12-17 12:21:32,641 - INFO -   Avg: 1609.555837
2025-12-17 12:21:32,641 - INFO -   Std: 0.625954
2025-12-17 12:21:32,902 - INFO - Generation 90
2025-12-17 12:21:32,902 - INFO -   Best: 1607.490197
2025-12-17 12:21:32,903 - INFO -   Min: 1607.490197
2025-12-17 12:21:32,903 - INFO -   Max: 1610.444049
2025-12-17 12:21:32,903 - INFO -   Avg: 1609.371470
2025-12-17 12:21:32,903 - INFO -   Std: 0.639152
2025-12-17 12:21:33,163 - INFO - Generation 100
2025-12-17 12:21:33,163 - INFO -   Best: 1607.447748
2025-12-17 12:21:33,164 - INFO -   Min: 1607.447748
2025-12-17 12:21:33,164 - INFO -   Max: 1610.626390
2025-12-17 12:21:33,164 - INFO -   Avg: 1609.623992
2025-12-17 12:21:33,164 - INFO -   Std: 0.616088
2025-12-17 12:21:33,429 - INFO - Generation 110
2025-12-17 12:21:33,429 - INFO -   Best: 1607.447748
2025-12-17 12:21:33,429 - INFO -   Min: 1607.447748
2025-12-17 12:21:33,429 - INFO -   Max: 1611.067224
2025-12-17 12:21:33,430 - INFO -   Avg: 1609.763269
2025-12-17 12:21:33,430 - INFO -   Std: 0.600918
2025-12-17 12:21:33,689 - INFO - Generation 120
2025-12-17 12:21:33,689 - INFO -   Best: 1607.447748
2025-12-17 12:21:33,690 - INFO -   Min: 1607.447748
2025-12-17 12:21:33,690 - INFO -   Max: 1610.698336
2025-12-17 12:21:33,690 - INFO -   Avg: 1609.513866
2025-12-17 12:21:33,690 - INFO -   Std: 0.635940
2025-12-17 12:21:33,950 - INFO - Generation 130
2025-12-17 12:21:33,950 - INFO -   Best: 1607.240916
2025-12-17 12:21:33,950 - INFO -   Min: 1607.240916
2025-12-17 12:21:33,950 - INFO -   Max: 1611.222557
2025-12-17 12:21:33,951 - INFO -   Avg: 1609.431395
2025-12-17 12:21:33,951 - INFO -   Std: 0.662649
2025-12-17 12:21:34,211 - INFO - Generation 140
2025-12-17 12:21:34,211 - INFO -   Best: 1607.240916
2025-12-17 12:21:34,212 - INFO -   Min: 1607.240916
2025-12-17 12:21:34,212 - INFO -   Max: 1610.491537
2025-12-17 12:21:34,212 - INFO -   Avg: 1609.286025
2025-12-17 12:21:34,212 - INFO -   Std: 0.722444
2025-12-17 12:21:34,471 - INFO - Generation 150
2025-12-17 12:21:34,471 - INFO -   Best: 1607.240916
2025-12-17 12:21:34,471 - INFO -   Min: 1607.240916
2025-12-17 12:21:34,471 - INFO -   Max: 1610.620242
2025-12-17 12:21:34,472 - INFO -   Avg: 1609.281225
2025-12-17 12:21:34,472 - INFO -   Std: 0.649354
2025-12-17 12:21:34,733 - INFO - Generation 160
2025-12-17 12:21:34,733 - INFO -   Best: 1607.240916
2025-12-17 12:21:34,734 - INFO -   Min: 1607.240916
2025-12-17 12:21:34,734 - INFO -   Max: 1610.546838
2025-12-17 12:21:34,734 - INFO -   Avg: 1609.264626
2025-12-17 12:21:34,734 - INFO -   Std: 0.646132
2025-12-17 12:21:35,001 - INFO - Generation 170
2025-12-17 12:21:35,002 - INFO -   Best: 1606.898861
2025-12-17 12:21:35,002 - INFO -   Min: 1606.898861
2025-12-17 12:21:35,002 - INFO -   Max: 1610.387296
2025-12-17 12:21:35,002 - INFO -   Avg: 1609.155537
2025-12-17 12:21:35,003 - INFO -   Std: 0.684893
2025-12-17 12:21:35,260 - INFO - Generation 180
2025-12-17 12:21:35,260 - INFO -   Best: 1606.898861
2025-12-17 12:21:35,260 - INFO -   Min: 1606.898861
2025-12-17 12:21:35,260 - INFO -   Max: 1610.210016
2025-12-17 12:21:35,261 - INFO -   Avg: 1608.996084
2025-12-17 12:21:35,261 - INFO -   Std: 0.680075
2025-12-17 12:21:35,502 - INFO - Generation 190
2025-12-17 12:21:35,502 - INFO -   Best: 1606.898861
2025-12-17 12:21:35,502 - INFO -   Min: 1606.898861
2025-12-17 12:21:35,502 - INFO -   Max: 1610.443893
2025-12-17 12:21:35,503 - INFO -   Avg: 1608.924588
2025-12-17 12:21:35,503 - INFO -   Std: 0.646676
2025-12-17 12:21:35,723 - INFO - Generation 200
2025-12-17 12:21:35,724 - INFO -   Best: 1606.898861
2025-12-17 12:21:35,724 - INFO -   Min: 1606.898861
2025-12-17 12:21:35,724 - INFO -   Max: 1609.810550
2025-12-17 12:21:35,724 - INFO -   Avg: 1608.823871
2025-12-17 12:21:35,724 - INFO -   Std: 0.585102
2025-12-17 12:21:35,738 - INFO - 
Final best fitness: 1606.8988605666
2025-12-17 12:21:35,739 - INFO - Execution time: 5.27s
