2025-12-17 12:22:33,077 - INFO - Representation: Real
2025-12-17 12:22:33,077 - INFO - Number of genes: 10
2025-12-17 12:22:33,077 - INFO - Bounds: [-100, 100]
2025-12-17 12:22:33,077 - INFO - Function: f16_2014
2025-12-17 12:22:33,078 - INFO - Population size: 100
2025-12-17 12:22:33,078 - INFO - Generations: 200
2025-12-17 12:22:33,078 - INFO - Selection: rws
2025-12-17 12:22:33,078 - INFO - Crossover: two_points
2025-12-17 12:22:33,078 - INFO - Mutation: swap
2025-12-17 12:22:33,078 - INFO - 
2025-12-17 12:22:33,255 - INFO - Generation 10
2025-12-17 12:22:33,256 - INFO -   Best: 1603.904418
2025-12-17 12:22:33,256 - INFO -   Min: 1603.904418
2025-12-17 12:22:33,256 - INFO -   Max: 1605.726004
2025-12-17 12:22:33,256 - INFO -   Avg: 1605.011222
2025-12-17 12:22:33,256 - INFO -   Std: 0.244911
2025-12-17 12:22:33,409 - INFO - Generation 20
2025-12-17 12:22:33,409 - INFO -   Best: 1603.445508
2025-12-17 12:22:33,409 - INFO -   Min: 1603.445508
2025-12-17 12:22:33,410 - INFO -   Max: 1605.572677
2025-12-17 12:22:33,410 - INFO -   Avg: 1604.963271
2025-12-17 12:22:33,410 - INFO -   Std: 0.281462
2025-12-17 12:22:33,563 - INFO - Generation 30
2025-12-17 12:22:33,563 - INFO -   Best: 1603.445508
2025-12-17 12:22:33,563 - INFO -   Min: 1603.445508
2025-12-17 12:22:33,564 - INFO -   Max: 1605.619879
2025-12-17 12:22:33,564 - INFO -   Avg: 1604.960444
2025-12-17 12:22:33,564 - INFO -   Std: 0.280784
2025-12-17 12:22:33,715 - INFO - Generation 40
2025-12-17 12:22:33,715 - INFO -   Best: 1603.445508
2025-12-17 12:22:33,715 - INFO -   Min: 1603.445508
2025-12-17 12:22:33,716 - INFO -   Max: 1605.784309
2025-12-17 12:22:33,716 - INFO -   Avg: 1604.982950
2025-12-17 12:22:33,716 - INFO -   Std: 0.305636
2025-12-17 12:22:33,868 - INFO - Generation 50
2025-12-17 12:22:33,868 - INFO -   Best: 1603.445508
2025-12-17 12:22:33,868 - INFO -   Min: 1603.445508
2025-12-17 12:22:33,868 - INFO -   Max: 1605.560909
2025-12-17 12:22:33,869 - INFO -   Avg: 1605.003238
2025-12-17 12:22:33,869 - INFO -   Std: 0.318059
2025-12-17 12:22:34,020 - INFO - Generation 60
2025-12-17 12:22:34,021 - INFO -   Best: 1603.445508
2025-12-17 12:22:34,021 - INFO -   Min: 1603.445508
2025-12-17 12:22:34,021 - INFO -   Max: 1605.884186
2025-12-17 12:22:34,021 - INFO -   Avg: 1604.925566
2025-12-17 12:22:34,021 - INFO -   Std: 0.367495
2025-12-17 12:22:34,175 - INFO - Generation 70
2025-12-17 12:22:34,175 - INFO -   Best: 1603.443907
2025-12-17 12:22:34,175 - INFO -   Min: 1603.443907
2025-12-17 12:22:34,175 - INFO -   Max: 1605.664944
2025-12-17 12:22:34,175 - INFO -   Avg: 1604.924360
2025-12-17 12:22:34,176 - INFO -   Std: 0.326295
2025-12-17 12:22:34,324 - INFO - Generation 80
2025-12-17 12:22:34,324 - INFO -   Best: 1603.443907
2025-12-17 12:22:34,324 - INFO -   Min: 1603.443907
2025-12-17 12:22:34,324 - INFO -   Max: 1605.480123
2025-12-17 12:22:34,325 - INFO -   Avg: 1604.958711
2025-12-17 12:22:34,325 - INFO -   Std: 0.325502
2025-12-17 12:22:34,470 - INFO - Generation 90
2025-12-17 12:22:34,470 - INFO -   Best: 1603.443907
2025-12-17 12:22:34,470 - INFO -   Min: 1603.443907
2025-12-17 12:22:34,471 - INFO -   Max: 1605.487518
2025-12-17 12:22:34,471 - INFO -   Avg: 1604.934008
2025-12-17 12:22:34,471 - INFO -   Std: 0.303753
2025-12-17 12:22:34,611 - INFO - Generation 100
2025-12-17 12:22:34,611 - INFO -   Best: 1603.360179
2025-12-17 12:22:34,611 - INFO -   Min: 1603.360179
2025-12-17 12:22:34,611 - INFO -   Max: 1605.389165
2025-12-17 12:22:34,612 - INFO -   Avg: 1604.879816
2025-12-17 12:22:34,612 - INFO -   Std: 0.391922
2025-12-17 12:22:34,752 - INFO - Generation 110
2025-12-17 12:22:34,752 - INFO -   Best: 1603.357461
2025-12-17 12:22:34,752 - INFO -   Min: 1603.357461
2025-12-17 12:22:34,753 - INFO -   Max: 1605.713964
2025-12-17 12:22:34,753 - INFO -   Avg: 1605.030225
2025-12-17 12:22:34,753 - INFO -   Std: 0.361867
2025-12-17 12:22:34,870 - INFO - Generation 120
2025-12-17 12:22:34,870 - INFO -   Best: 1603.357461
2025-12-17 12:22:34,870 - INFO -   Min: 1603.357461
2025-12-17 12:22:34,871 - INFO -   Max: 1605.713964
2025-12-17 12:22:34,871 - INFO -   Avg: 1604.834637
2025-12-17 12:22:34,871 - INFO -   Std: 0.540132
2025-12-17 12:22:34,988 - INFO - Generation 130
2025-12-17 12:22:34,988 - INFO -   Best: 1603.357461
2025-12-17 12:22:34,989 - INFO -   Min: 1603.357461
2025-12-17 12:22:34,989 - INFO -   Max: 1605.497219
2025-12-17 12:22:34,989 - INFO -   Avg: 1604.720020
2025-12-17 12:22:34,989 - INFO -   Std: 0.573982
2025-12-17 12:22:35,092 - INFO - Generation 140
2025-12-17 12:22:35,092 - INFO -   Best: 1603.357461
2025-12-17 12:22:35,093 - INFO -   Min: 1603.357461
2025-12-17 12:22:35,093 - INFO -   Max: 1605.439610
2025-12-17 12:22:35,093 - INFO -   Avg: 1604.584678
2025-12-17 12:22:35,093 - INFO -   Std: 0.521555
2025-12-17 12:22:35,195 - INFO - Generation 150
2025-12-17 12:22:35,195 - INFO -   Best: 1603.357461
2025-12-17 12:22:35,195 - INFO -   Min: 1603.357461
2025-12-17 12:22:35,195 - INFO -   Max: 1605.409590
2025-12-17 12:22:35,195 - INFO -   Avg: 1604.603518
2025-12-17 12:22:35,195 - INFO -   Std: 0.452475
2025-12-17 12:22:35,297 - INFO - Generation 160
2025-12-17 12:22:35,297 - INFO -   Best: 1603.357461
2025-12-17 12:22:35,297 - INFO -   Min: 1603.357461
2025-12-17 12:22:35,297 - INFO -   Max: 1605.409590
2025-12-17 12:22:35,297 - INFO -   Avg: 1604.557930
2025-12-17 12:22:35,298 - INFO -   Std: 0.453686
2025-12-17 12:22:35,403 - INFO - Generation 170
2025-12-17 12:22:35,404 - INFO -   Best: 1603.357461
2025-12-17 12:22:35,404 - INFO -   Min: 1603.357461
2025-12-17 12:22:35,404 - INFO -   Max: 1605.405405
2025-12-17 12:22:35,404 - INFO -   Avg: 1604.347769
2025-12-17 12:22:35,404 - INFO -   Std: 0.483279
2025-12-17 12:22:35,497 - INFO - Generation 180
2025-12-17 12:22:35,497 - INFO -   Best: 1603.357461
2025-12-17 12:22:35,497 - INFO -   Min: 1603.357461
2025-12-17 12:22:35,498 - INFO -   Max: 1605.405405
2025-12-17 12:22:35,498 - INFO -   Avg: 1604.524016
2025-12-17 12:22:35,498 - INFO -   Std: 0.477878
2025-12-17 12:22:35,573 - INFO - Generation 190
2025-12-17 12:22:35,573 - INFO -   Best: 1603.357461
2025-12-17 12:22:35,573 - INFO -   Min: 1603.357461
2025-12-17 12:22:35,573 - INFO -   Max: 1605.313197
2025-12-17 12:22:35,573 - INFO -   Avg: 1604.665759
2025-12-17 12:22:35,573 - INFO -   Std: 0.415842
2025-12-17 12:22:35,649 - INFO - Generation 200
2025-12-17 12:22:35,650 - INFO -   Best: 1603.357461
2025-12-17 12:22:35,650 - INFO -   Min: 1603.357461
2025-12-17 12:22:35,650 - INFO -   Max: 1605.313197
2025-12-17 12:22:35,650 - INFO -   Avg: 1604.345348
2025-12-17 12:22:35,650 - INFO -   Std: 0.535815
2025-12-17 12:22:35,655 - INFO - 
Final best fitness: 1603.4439074455
2025-12-17 12:22:35,655 - INFO - Execution time: 2.56s
