2025-12-17 11:43:28,670 - INFO - Representation: Real
2025-12-17 11:43:28,670 - INFO - Number of genes: 20
2025-12-17 11:43:28,670 - INFO - Bounds: [-100, 100]
2025-12-17 11:43:28,670 - INFO - Function: f16_2014
2025-12-17 11:43:28,670 - INFO - Population size: 100
2025-12-17 11:43:28,671 - INFO - Generations: 200
2025-12-17 11:43:28,671 - INFO - Selection: tournament
2025-12-17 11:43:28,671 - INFO - Crossover: single_point
2025-12-17 11:43:28,671 - INFO - Mutation: random
2025-12-17 11:43:28,671 - INFO - 
2025-12-17 11:43:29,009 - INFO - Generation 10
2025-12-17 11:43:29,009 - INFO -   Best: 1608.445253
2025-12-17 11:43:29,010 - INFO -   Min: 1608.445253
2025-12-17 11:43:29,010 - INFO -   Max: 1611.125344
2025-12-17 11:43:29,010 - INFO -   Avg: 1609.495859
2025-12-17 11:43:29,010 - INFO -   Std: 0.471891
2025-12-17 11:43:29,288 - INFO - Generation 20
2025-12-17 11:43:29,289 - INFO -   Best: 1607.997268
2025-12-17 11:43:29,289 - INFO -   Min: 1607.997268
2025-12-17 11:43:29,289 - INFO -   Max: 1610.504424
2025-12-17 11:43:29,289 - INFO -   Avg: 1608.974323
2025-12-17 11:43:29,289 - INFO -   Std: 0.529273
2025-12-17 11:43:29,566 - INFO - Generation 30
2025-12-17 11:43:29,566 - INFO -   Best: 1607.585903
2025-12-17 11:43:29,566 - INFO -   Min: 1607.585903
2025-12-17 11:43:29,567 - INFO -   Max: 1610.210192
2025-12-17 11:43:29,567 - INFO -   Avg: 1609.007477
2025-12-17 11:43:29,567 - INFO -   Std: 0.646619
2025-12-17 11:43:29,840 - INFO - Generation 40
2025-12-17 11:43:29,840 - INFO -   Best: 1607.557357
2025-12-17 11:43:29,840 - INFO -   Min: 1607.557357
2025-12-17 11:43:29,841 - INFO -   Max: 1610.298819
2025-12-17 11:43:29,841 - INFO -   Avg: 1608.829909
2025-12-17 11:43:29,841 - INFO -   Std: 0.584322
2025-12-17 11:43:30,111 - INFO - Generation 50
2025-12-17 11:43:30,112 - INFO -   Best: 1607.515963
2025-12-17 11:43:30,112 - INFO -   Min: 1607.515963
2025-12-17 11:43:30,112 - INFO -   Max: 1610.051847
2025-12-17 11:43:30,112 - INFO -   Avg: 1608.848475
2025-12-17 11:43:30,112 - INFO -   Std: 0.540161
2025-12-17 11:43:30,386 - INFO - Generation 60
2025-12-17 11:43:30,386 - INFO -   Best: 1607.513023
2025-12-17 11:43:30,386 - INFO -   Min: 1607.513023
2025-12-17 11:43:30,387 - INFO -   Max: 1610.152167
2025-12-17 11:43:30,387 - INFO -   Avg: 1608.718127
2025-12-17 11:43:30,387 - INFO -   Std: 0.622633
2025-12-17 11:43:30,663 - INFO - Generation 70
2025-12-17 11:43:30,663 - INFO -   Best: 1606.965888
2025-12-17 11:43:30,663 - INFO -   Min: 1606.965888
2025-12-17 11:43:30,663 - INFO -   Max: 1610.571887
2025-12-17 11:43:30,663 - INFO -   Avg: 1608.862996
2025-12-17 11:43:30,664 - INFO -   Std: 0.785864
2025-12-17 11:43:30,938 - INFO - Generation 80
2025-12-17 11:43:30,938 - INFO -   Best: 1606.925243
2025-12-17 11:43:30,938 - INFO -   Min: 1606.925243
2025-12-17 11:43:30,938 - INFO -   Max: 1610.587736
2025-12-17 11:43:30,939 - INFO -   Avg: 1608.902276
2025-12-17 11:43:30,939 - INFO -   Std: 0.803506
2025-12-17 11:43:31,217 - INFO - Generation 90
2025-12-17 11:43:31,217 - INFO -   Best: 1606.925243
2025-12-17 11:43:31,218 - INFO -   Min: 1606.925243
2025-12-17 11:43:31,218 - INFO -   Max: 1610.243462
2025-12-17 11:43:31,218 - INFO -   Avg: 1608.770065
2025-12-17 11:43:31,218 - INFO -   Std: 0.733482
2025-12-17 11:43:31,520 - INFO - Generation 100
2025-12-17 11:43:31,520 - INFO -   Best: 1606.496256
2025-12-17 11:43:31,521 - INFO -   Min: 1606.496256
2025-12-17 11:43:31,521 - INFO -   Max: 1610.383413
2025-12-17 11:43:31,521 - INFO -   Avg: 1608.636978
2025-12-17 11:43:31,521 - INFO -   Std: 0.858887
2025-12-17 11:43:31,856 - INFO - Generation 110
2025-12-17 11:43:31,856 - INFO -   Best: 1606.435618
2025-12-17 11:43:31,857 - INFO -   Min: 1606.435618
2025-12-17 11:43:31,857 - INFO -   Max: 1610.356402
2025-12-17 11:43:31,857 - INFO -   Avg: 1608.606056
2025-12-17 11:43:31,857 - INFO -   Std: 0.791501
2025-12-17 11:43:32,161 - INFO - Generation 120
2025-12-17 11:43:32,161 - INFO -   Best: 1606.418199
2025-12-17 11:43:32,161 - INFO -   Min: 1606.418199
2025-12-17 11:43:32,161 - INFO -   Max: 1610.378322
2025-12-17 11:43:32,161 - INFO -   Avg: 1608.280993
2025-12-17 11:43:32,161 - INFO -   Std: 0.802361
2025-12-17 11:43:32,498 - INFO - Generation 130
2025-12-17 11:43:32,498 - INFO -   Best: 1606.418199
2025-12-17 11:43:32,498 - INFO -   Min: 1606.418199
2025-12-17 11:43:32,498 - INFO -   Max: 1610.670659
2025-12-17 11:43:32,498 - INFO -   Avg: 1608.520899
2025-12-17 11:43:32,499 - INFO -   Std: 0.818727
2025-12-17 11:43:32,826 - INFO - Generation 140
2025-12-17 11:43:32,827 - INFO -   Best: 1606.418199
2025-12-17 11:43:32,827 - INFO -   Min: 1606.418199
2025-12-17 11:43:32,827 - INFO -   Max: 1610.178422
2025-12-17 11:43:32,827 - INFO -   Avg: 1608.396934
2025-12-17 11:43:32,827 - INFO -   Std: 0.825092
2025-12-17 11:43:33,100 - INFO - Generation 150
2025-12-17 11:43:33,100 - INFO -   Best: 1606.418199
2025-12-17 11:43:33,100 - INFO -   Min: 1606.418199
2025-12-17 11:43:33,101 - INFO -   Max: 1610.192972
2025-12-17 11:43:33,101 - INFO -   Avg: 1608.247986
2025-12-17 11:43:33,101 - INFO -   Std: 0.901679
2025-12-17 11:43:33,375 - INFO - Generation 160
2025-12-17 11:43:33,375 - INFO -   Best: 1606.412491
2025-12-17 11:43:33,375 - INFO -   Min: 1606.412491
2025-12-17 11:43:33,375 - INFO -   Max: 1610.112435
2025-12-17 11:43:33,375 - INFO -   Avg: 1608.299330
2025-12-17 11:43:33,375 - INFO -   Std: 0.850130
2025-12-17 11:43:33,648 - INFO - Generation 170
2025-12-17 11:43:33,648 - INFO -   Best: 1606.412491
2025-12-17 11:43:33,648 - INFO -   Min: 1606.412491
2025-12-17 11:43:33,648 - INFO -   Max: 1610.174834
2025-12-17 11:43:33,648 - INFO -   Avg: 1608.535546
2025-12-17 11:43:33,649 - INFO -   Std: 0.811509
2025-12-17 11:43:33,923 - INFO - Generation 180
2025-12-17 11:43:33,923 - INFO -   Best: 1606.412491
2025-12-17 11:43:33,923 - INFO -   Min: 1606.412491
2025-12-17 11:43:33,923 - INFO -   Max: 1610.038198
2025-12-17 11:43:33,923 - INFO -   Avg: 1608.342599
2025-12-17 11:43:33,924 - INFO -   Std: 0.819117
2025-12-17 11:43:34,199 - INFO - Generation 190
2025-12-17 11:43:34,200 - INFO -   Best: 1606.412491
2025-12-17 11:43:34,200 - INFO -   Min: 1606.412491
2025-12-17 11:43:34,200 - INFO -   Max: 1610.195407
2025-12-17 11:43:34,200 - INFO -   Avg: 1608.532998
2025-12-17 11:43:34,200 - INFO -   Std: 0.817859
2025-12-17 11:43:34,476 - INFO - Generation 200
2025-12-17 11:43:34,477 - INFO -   Best: 1606.412491
2025-12-17 11:43:34,477 - INFO -   Min: 1606.412491
2025-12-17 11:43:34,477 - INFO -   Max: 1611.185397
2025-12-17 11:43:34,477 - INFO -   Avg: 1608.530881
2025-12-17 11:43:34,477 - INFO -   Std: 0.971978
2025-12-17 11:43:34,495 - INFO - 
Final best fitness: 1606.4124905212
2025-12-17 11:43:34,495 - INFO - Execution time: 5.78s
2025-12-17 11:56:20,584 - INFO - Representation: Binary
2025-12-17 11:56:20,584 - INFO - Bits per variable: 12
2025-12-17 11:56:20,584 - INFO - Total genes: 240
2025-12-17 11:56:20,585 - INFO - Function: f16_2014
2025-12-17 11:56:20,585 - INFO - Population size: 100
2025-12-17 11:56:20,585 - INFO - Generations: 200
2025-12-17 11:56:20,585 - INFO - Selection: tournament
2025-12-17 11:56:20,585 - INFO - Crossover: single_point
2025-12-17 11:56:20,585 - INFO - Mutation: random
2025-12-17 11:56:20,585 - INFO - 
2025-12-17 11:56:21,905 - INFO - Generation 10
2025-12-17 11:56:21,905 - INFO -   Best: 1608.789404
2025-12-17 11:56:21,906 - INFO -   Min: 1608.789404
2025-12-17 11:56:21,906 - INFO -   Max: 1610.851997
2025-12-17 11:56:21,906 - INFO -   Avg: 1609.815601
2025-12-17 11:56:21,906 - INFO -   Std: 0.354193
2025-12-17 11:56:22,771 - INFO - Generation 20
2025-12-17 11:56:22,771 - INFO -   Best: 1608.629282
2025-12-17 11:56:22,771 - INFO -   Min: 1608.629282
2025-12-17 11:56:22,771 - INFO -   Max: 1610.925951
2025-12-17 11:56:22,772 - INFO -   Avg: 1609.833521
2025-12-17 11:56:22,772 - INFO -   Std: 0.335301
2025-12-17 11:56:23,628 - INFO - Generation 30
2025-12-17 11:56:23,629 - INFO -   Best: 1608.538405
2025-12-17 11:56:23,629 - INFO -   Min: 1608.538405
2025-12-17 11:56:23,629 - INFO -   Max: 1610.553290
2025-12-17 11:56:23,629 - INFO -   Avg: 1609.793335
2025-12-17 11:56:23,629 - INFO -   Std: 0.332641
2025-12-17 11:56:24,479 - INFO - Generation 40
2025-12-17 11:56:24,479 - INFO -   Best: 1608.538405
2025-12-17 11:56:24,480 - INFO -   Min: 1608.538405
2025-12-17 11:56:24,480 - INFO -   Max: 1611.264658
2025-12-17 11:56:24,480 - INFO -   Avg: 1609.859222
2025-12-17 11:56:24,480 - INFO -   Std: 0.399162
2025-12-17 11:56:25,335 - INFO - Generation 50
2025-12-17 11:56:25,336 - INFO -   Best: 1608.538405
2025-12-17 11:56:25,336 - INFO -   Min: 1608.538405
2025-12-17 11:56:25,336 - INFO -   Max: 1610.358613
2025-12-17 11:56:25,336 - INFO -   Avg: 1609.823296
2025-12-17 11:56:25,336 - INFO -   Std: 0.311254
2025-12-17 11:56:26,190 - INFO - Generation 60
2025-12-17 11:56:26,191 - INFO -   Best: 1608.538405
2025-12-17 11:56:26,191 - INFO -   Min: 1608.538405
2025-12-17 11:56:26,191 - INFO -   Max: 1610.630269
2025-12-17 11:56:26,191 - INFO -   Avg: 1609.726599
2025-12-17 11:56:26,191 - INFO -   Std: 0.343135
2025-12-17 11:56:27,039 - INFO - Generation 70
2025-12-17 11:56:27,040 - INFO -   Best: 1608.432801
2025-12-17 11:56:27,040 - INFO -   Min: 1608.432801
2025-12-17 11:56:27,040 - INFO -   Max: 1610.497389
2025-12-17 11:56:27,040 - INFO -   Avg: 1609.777067
2025-12-17 11:56:27,041 - INFO -   Std: 0.337517
2025-12-17 11:56:27,896 - INFO - Generation 80
2025-12-17 11:56:27,897 - INFO -   Best: 1608.385778
2025-12-17 11:56:27,897 - INFO -   Min: 1608.385778
2025-12-17 11:56:27,897 - INFO -   Max: 1610.620799
2025-12-17 11:56:27,897 - INFO -   Avg: 1609.857109
2025-12-17 11:56:27,897 - INFO -   Std: 0.372596
2025-12-17 11:56:28,751 - INFO - Generation 90
2025-12-17 11:56:28,752 - INFO -   Best: 1608.385778
2025-12-17 11:56:28,752 - INFO -   Min: 1608.385778
2025-12-17 11:56:28,752 - INFO -   Max: 1610.552534
2025-12-17 11:56:28,752 - INFO -   Avg: 1609.817015
2025-12-17 11:56:28,752 - INFO -   Std: 0.367138
2025-12-17 11:56:29,608 - INFO - Generation 100
2025-12-17 11:56:29,608 - INFO -   Best: 1608.250472
2025-12-17 11:56:29,608 - INFO -   Min: 1608.250472
2025-12-17 11:56:29,608 - INFO -   Max: 1610.651467
2025-12-17 11:56:29,608 - INFO -   Avg: 1609.875818
2025-12-17 11:56:29,609 - INFO -   Std: 0.392722
2025-12-17 11:56:30,463 - INFO - Generation 110
2025-12-17 11:56:30,464 - INFO -   Best: 1608.250472
2025-12-17 11:56:30,464 - INFO -   Min: 1608.250472
2025-12-17 11:56:30,464 - INFO -   Max: 1610.582242
2025-12-17 11:56:30,464 - INFO -   Avg: 1609.832090
2025-12-17 11:56:30,464 - INFO -   Std: 0.377117
2025-12-17 11:56:31,315 - INFO - Generation 120
2025-12-17 11:56:31,315 - INFO -   Best: 1608.250472
2025-12-17 11:56:31,315 - INFO -   Min: 1608.250472
2025-12-17 11:56:31,315 - INFO -   Max: 1610.461296
2025-12-17 11:56:31,316 - INFO -   Avg: 1609.795136
2025-12-17 11:56:31,316 - INFO -   Std: 0.356563
2025-12-17 11:56:32,182 - INFO - Generation 130
2025-12-17 11:56:32,182 - INFO -   Best: 1608.250472
2025-12-17 11:56:32,182 - INFO -   Min: 1608.250472
2025-12-17 11:56:32,182 - INFO -   Max: 1610.860001
2025-12-17 11:56:32,182 - INFO -   Avg: 1609.794958
2025-12-17 11:56:32,183 - INFO -   Std: 0.425333
2025-12-17 11:56:33,042 - INFO - Generation 140
2025-12-17 11:56:33,042 - INFO -   Best: 1608.062006
2025-12-17 11:56:33,042 - INFO -   Min: 1608.062006
2025-12-17 11:56:33,042 - INFO -   Max: 1610.646976
2025-12-17 11:56:33,042 - INFO -   Avg: 1609.861626
2025-12-17 11:56:33,043 - INFO -   Std: 0.402536
2025-12-17 11:56:33,899 - INFO - Generation 150
2025-12-17 11:56:33,900 - INFO -   Best: 1608.046667
2025-12-17 11:56:33,900 - INFO -   Min: 1608.046667
2025-12-17 11:56:33,900 - INFO -   Max: 1610.501485
2025-12-17 11:56:33,900 - INFO -   Avg: 1609.776270
2025-12-17 11:56:33,900 - INFO -   Std: 0.442305
2025-12-17 11:56:34,757 - INFO - Generation 160
2025-12-17 11:56:34,758 - INFO -   Best: 1608.046667
2025-12-17 11:56:34,758 - INFO -   Min: 1608.046667
2025-12-17 11:56:34,758 - INFO -   Max: 1610.749320
2025-12-17 11:56:34,758 - INFO -   Avg: 1609.784275
2025-12-17 11:56:34,759 - INFO -   Std: 0.398668
2025-12-17 11:56:35,612 - INFO - Generation 170
2025-12-17 11:56:35,613 - INFO -   Best: 1608.046667
2025-12-17 11:56:35,613 - INFO -   Min: 1608.046667
2025-12-17 11:56:35,613 - INFO -   Max: 1610.441345
2025-12-17 11:56:35,613 - INFO -   Avg: 1609.823114
2025-12-17 11:56:35,613 - INFO -   Std: 0.333200
2025-12-17 11:56:36,472 - INFO - Generation 180
2025-12-17 11:56:36,473 - INFO -   Best: 1608.046667
2025-12-17 11:56:36,473 - INFO -   Min: 1608.046667
2025-12-17 11:56:36,473 - INFO -   Max: 1610.848994
2025-12-17 11:56:36,474 - INFO -   Avg: 1609.777904
2025-12-17 11:56:36,474 - INFO -   Std: 0.424143
2025-12-17 11:56:37,338 - INFO - Generation 190
2025-12-17 11:56:37,339 - INFO -   Best: 1608.046667
2025-12-17 11:56:37,339 - INFO -   Min: 1608.046667
2025-12-17 11:56:37,339 - INFO -   Max: 1611.147163
2025-12-17 11:56:37,339 - INFO -   Avg: 1609.788188
2025-12-17 11:56:37,339 - INFO -   Std: 0.415202
2025-12-17 11:56:38,198 - INFO - Generation 200
2025-12-17 11:56:38,198 - INFO -   Best: 1608.046667
2025-12-17 11:56:38,199 - INFO -   Min: 1608.046667
2025-12-17 11:56:38,199 - INFO -   Max: 1610.460667
2025-12-17 11:56:38,199 - INFO -   Avg: 1609.807909
2025-12-17 11:56:38,199 - INFO -   Std: 0.387877
2025-12-17 11:56:38,224 - INFO - 
Final best fitness: 1608.0466665997
2025-12-17 11:56:38,224 - INFO - Execution time: 17.19s
