2025-12-17 11:37:11,086 - INFO - Representation: Real
2025-12-17 11:37:11,087 - INFO - Number of genes: 10
2025-12-17 11:37:11,087 - INFO - Bounds: [0, 3.141592653589793]
2025-12-17 11:37:11,087 - INFO - Function: michalewicz
2025-12-17 11:37:11,087 - INFO - Population size: 100
2025-12-17 11:37:11,087 - INFO - Generations: 200
2025-12-17 11:37:11,087 - INFO - Selection: tournament
2025-12-17 11:37:11,088 - INFO - Crossover: single_point
2025-12-17 11:37:11,088 - INFO - Mutation: random
2025-12-17 11:37:11,088 - INFO - 
2025-12-17 11:37:11,162 - INFO - Generation 10
2025-12-17 11:37:11,162 - INFO -   Best: -6.469435
2025-12-17 11:37:11,163 - INFO -   Min: -6.469435
2025-12-17 11:37:11,163 - INFO -   Max: -2.478596
2025-12-17 11:37:11,163 - INFO -   Avg: -4.588188
2025-12-17 11:37:11,163 - INFO -   Std: 1.006551
2025-12-17 11:37:11,220 - INFO - Generation 20
2025-12-17 11:37:11,220 - INFO -   Best: -7.832000
2025-12-17 11:37:11,221 - INFO -   Min: -7.832000
2025-12-17 11:37:11,221 - INFO -   Max: -4.430401
2025-12-17 11:37:11,221 - INFO -   Avg: -6.356884
2025-12-17 11:37:11,221 - INFO -   Std: 0.908594
2025-12-17 11:37:11,279 - INFO - Generation 30
2025-12-17 11:37:11,280 - INFO -   Best: -8.569197
2025-12-17 11:37:11,280 - INFO -   Min: -8.569197
2025-12-17 11:37:11,280 - INFO -   Max: -5.239715
2025-12-17 11:37:11,280 - INFO -   Avg: -7.374296
2025-12-17 11:37:11,280 - INFO -   Std: 0.797964
2025-12-17 11:37:11,341 - INFO - Generation 40
2025-12-17 11:37:11,342 - INFO -   Best: -9.030491
2025-12-17 11:37:11,342 - INFO -   Min: -9.030491
2025-12-17 11:37:11,342 - INFO -   Max: -4.257136
2025-12-17 11:37:11,342 - INFO -   Avg: -7.353449
2025-12-17 11:37:11,342 - INFO -   Std: 1.064784
2025-12-17 11:37:11,402 - INFO - Generation 50
2025-12-17 11:37:11,402 - INFO -   Best: -9.057598
2025-12-17 11:37:11,402 - INFO -   Min: -9.057598
2025-12-17 11:37:11,403 - INFO -   Max: -4.232010
2025-12-17 11:37:11,403 - INFO -   Avg: -7.498122
2025-12-17 11:37:11,403 - INFO -   Std: 1.092951
2025-12-17 11:37:11,466 - INFO - Generation 60
2025-12-17 11:37:11,466 - INFO -   Best: -9.057598
2025-12-17 11:37:11,466 - INFO -   Min: -9.057598
2025-12-17 11:37:11,466 - INFO -   Max: -3.422305
2025-12-17 11:37:11,466 - INFO -   Avg: -7.540630
2025-12-17 11:37:11,467 - INFO -   Std: 1.222983
2025-12-17 11:37:11,527 - INFO - Generation 70
2025-12-17 11:37:11,527 - INFO -   Best: -9.057598
2025-12-17 11:37:11,527 - INFO -   Min: -9.057598
2025-12-17 11:37:11,527 - INFO -   Max: -4.219769
2025-12-17 11:37:11,528 - INFO -   Avg: -7.708569
2025-12-17 11:37:11,528 - INFO -   Std: 0.990745
2025-12-17 11:37:11,587 - INFO - Generation 80
2025-12-17 11:37:11,587 - INFO -   Best: -9.057598
2025-12-17 11:37:11,587 - INFO -   Min: -9.057598
2025-12-17 11:37:11,587 - INFO -   Max: -4.184170
2025-12-17 11:37:11,588 - INFO -   Avg: -7.323283
2025-12-17 11:37:11,588 - INFO -   Std: 1.209775
2025-12-17 11:37:11,647 - INFO - Generation 90
2025-12-17 11:37:11,648 - INFO -   Best: -9.108547
2025-12-17 11:37:11,648 - INFO -   Min: -9.108547
2025-12-17 11:37:11,648 - INFO -   Max: -4.524489
2025-12-17 11:37:11,648 - INFO -   Avg: -7.570871
2025-12-17 11:37:11,648 - INFO -   Std: 0.953496
2025-12-17 11:37:11,708 - INFO - Generation 100
2025-12-17 11:37:11,708 - INFO -   Best: -9.167785
2025-12-17 11:37:11,708 - INFO -   Min: -9.167785
2025-12-17 11:37:11,709 - INFO -   Max: -5.195166
2025-12-17 11:37:11,709 - INFO -   Avg: -7.977689
2025-12-17 11:37:11,709 - INFO -   Std: 1.049637
2025-12-17 11:37:11,768 - INFO - Generation 110
2025-12-17 11:37:11,769 - INFO -   Best: -9.167785
2025-12-17 11:37:11,769 - INFO -   Min: -9.167785
2025-12-17 11:37:11,769 - INFO -   Max: -4.472731
2025-12-17 11:37:11,769 - INFO -   Avg: -7.816584
2025-12-17 11:37:11,769 - INFO -   Std: 1.061017
2025-12-17 11:37:11,830 - INFO - Generation 120
2025-12-17 11:37:11,830 - INFO -   Best: -9.191960
2025-12-17 11:37:11,831 - INFO -   Min: -9.191960
2025-12-17 11:37:11,831 - INFO -   Max: -5.240210
2025-12-17 11:37:11,831 - INFO -   Avg: -7.955643
2025-12-17 11:37:11,831 - INFO -   Std: 0.986571
2025-12-17 11:37:11,893 - INFO - Generation 130
2025-12-17 11:37:11,893 - INFO -   Best: -9.191960
2025-12-17 11:37:11,894 - INFO -   Min: -9.191960
2025-12-17 11:37:11,894 - INFO -   Max: -3.998152
2025-12-17 11:37:11,894 - INFO -   Avg: -7.381449
2025-12-17 11:37:11,894 - INFO -   Std: 1.202910
2025-12-17 11:37:11,952 - INFO - Generation 140
2025-12-17 11:37:11,952 - INFO -   Best: -9.191960
2025-12-17 11:37:11,952 - INFO -   Min: -9.191960
2025-12-17 11:37:11,952 - INFO -   Max: -4.765152
2025-12-17 11:37:11,953 - INFO -   Avg: -7.913333
2025-12-17 11:37:11,953 - INFO -   Std: 0.922547
2025-12-17 11:37:12,016 - INFO - Generation 150
2025-12-17 11:37:12,017 - INFO -   Best: -9.191960
2025-12-17 11:37:12,017 - INFO -   Min: -9.191960
2025-12-17 11:37:12,017 - INFO -   Max: -4.750070
2025-12-17 11:37:12,017 - INFO -   Avg: -7.652115
2025-12-17 11:37:12,018 - INFO -   Std: 1.137189
2025-12-17 11:37:12,077 - INFO - Generation 160
2025-12-17 11:37:12,077 - INFO -   Best: -9.309883
2025-12-17 11:37:12,077 - INFO -   Min: -9.309883
2025-12-17 11:37:12,077 - INFO -   Max: -5.623833
2025-12-17 11:37:12,077 - INFO -   Avg: -8.010529
2025-12-17 11:37:12,077 - INFO -   Std: 0.897839
2025-12-17 11:37:12,135 - INFO - Generation 170
2025-12-17 11:37:12,135 - INFO -   Best: -9.309883
2025-12-17 11:37:12,135 - INFO -   Min: -9.309883
2025-12-17 11:37:12,136 - INFO -   Max: -5.622981
2025-12-17 11:37:12,136 - INFO -   Avg: -7.901700
2025-12-17 11:37:12,136 - INFO -   Std: 0.985637
2025-12-17 11:37:12,196 - INFO - Generation 180
2025-12-17 11:37:12,197 - INFO -   Best: -9.327109
2025-12-17 11:37:12,197 - INFO -   Min: -9.327109
2025-12-17 11:37:12,197 - INFO -   Max: -5.048532
2025-12-17 11:37:12,197 - INFO -   Avg: -7.840928
2025-12-17 11:37:12,197 - INFO -   Std: 1.137855
2025-12-17 11:37:12,256 - INFO - Generation 190
2025-12-17 11:37:12,256 - INFO -   Best: -9.338817
2025-12-17 11:37:12,256 - INFO -   Min: -9.338817
2025-12-17 11:37:12,256 - INFO -   Max: -4.706566
2025-12-17 11:37:12,257 - INFO -   Avg: -8.134460
2025-12-17 11:37:12,257 - INFO -   Std: 0.988705
2025-12-17 11:37:12,316 - INFO - Generation 200
2025-12-17 11:37:12,317 - INFO -   Best: -9.359367
2025-12-17 11:37:12,317 - INFO -   Min: -9.359367
2025-12-17 11:37:12,317 - INFO -   Max: -3.127188
2025-12-17 11:37:12,317 - INFO -   Avg: -7.730000
2025-12-17 11:37:12,317 - INFO -   Std: 1.128870
2025-12-17 11:37:12,321 - INFO - 
Final best fitness: -9.3476587458
2025-12-17 11:37:12,321 - INFO - Execution time: 1.21s
2025-12-17 12:01:46,980 - INFO - Representation: Binary
2025-12-17 12:01:46,980 - INFO - Bits per variable: 12
2025-12-17 12:01:46,981 - INFO - Total genes: 120
2025-12-17 12:01:46,981 - INFO - Function: michalewicz
2025-12-17 12:01:46,981 - INFO - Population size: 100
2025-12-17 12:01:46,981 - INFO - Generations: 200
2025-12-17 12:01:46,981 - INFO - Selection: tournament
2025-12-17 12:01:46,981 - INFO - Crossover: single_point
2025-12-17 12:01:46,981 - INFO - Mutation: random
2025-12-17 12:01:46,981 - INFO - 
2025-12-17 12:01:47,551 - INFO - Generation 10
2025-12-17 12:01:47,551 - INFO -   Best: -5.920107
2025-12-17 12:01:47,551 - INFO -   Min: -5.920107
2025-12-17 12:01:47,551 - INFO -   Max: -0.873791
2025-12-17 12:01:47,551 - INFO -   Avg: -3.184732
2025-12-17 12:01:47,551 - INFO -   Std: 1.100773
2025-12-17 12:01:47,907 - INFO - Generation 20
2025-12-17 12:01:47,907 - INFO -   Best: -5.920107
2025-12-17 12:01:47,908 - INFO -   Min: -5.920107
2025-12-17 12:01:47,908 - INFO -   Max: 0.180399
2025-12-17 12:01:47,908 - INFO -   Avg: -2.455043
2025-12-17 12:01:47,908 - INFO -   Std: 1.081841
2025-12-17 12:01:48,274 - INFO - Generation 30
2025-12-17 12:01:48,275 - INFO -   Best: -6.096811
2025-12-17 12:01:48,275 - INFO -   Min: -6.096811
2025-12-17 12:01:48,275 - INFO -   Max: -0.329723
2025-12-17 12:01:48,275 - INFO -   Avg: -2.934832
2025-12-17 12:01:48,275 - INFO -   Std: 1.253952
2025-12-17 12:01:48,635 - INFO - Generation 40
2025-12-17 12:01:48,635 - INFO -   Best: -6.096811
2025-12-17 12:01:48,636 - INFO -   Min: -6.096811
2025-12-17 12:01:48,636 - INFO -   Max: -0.468090
2025-12-17 12:01:48,636 - INFO -   Avg: -2.663903
2025-12-17 12:01:48,636 - INFO -   Std: 1.106483
2025-12-17 12:01:48,994 - INFO - Generation 50
2025-12-17 12:01:48,994 - INFO -   Best: -6.313311
2025-12-17 12:01:48,995 - INFO -   Min: -6.313311
2025-12-17 12:01:48,995 - INFO -   Max: 0.682598
2025-12-17 12:01:48,995 - INFO -   Avg: -2.655025
2025-12-17 12:01:48,995 - INFO -   Std: 1.334417
2025-12-17 12:01:49,350 - INFO - Generation 60
2025-12-17 12:01:49,350 - INFO -   Best: -6.313311
2025-12-17 12:01:49,350 - INFO -   Min: -6.313311
2025-12-17 12:01:49,351 - INFO -   Max: -0.485365
2025-12-17 12:01:49,351 - INFO -   Avg: -3.128480
2025-12-17 12:01:49,351 - INFO -   Std: 1.264634
2025-12-17 12:01:49,707 - INFO - Generation 70
2025-12-17 12:01:49,708 - INFO -   Best: -6.313311
2025-12-17 12:01:49,708 - INFO -   Min: -6.313311
2025-12-17 12:01:49,708 - INFO -   Max: -0.863516
2025-12-17 12:01:49,708 - INFO -   Avg: -3.176947
2025-12-17 12:01:49,708 - INFO -   Std: 1.136997
2025-12-17 12:01:50,061 - INFO - Generation 80
2025-12-17 12:01:50,061 - INFO -   Best: -6.313311
2025-12-17 12:01:50,062 - INFO -   Min: -6.313311
2025-12-17 12:01:50,062 - INFO -   Max: -0.544285
2025-12-17 12:01:50,062 - INFO -   Avg: -2.834864
2025-12-17 12:01:50,062 - INFO -   Std: 1.164143
2025-12-17 12:01:50,419 - INFO - Generation 90
2025-12-17 12:01:50,420 - INFO -   Best: -6.313311
2025-12-17 12:01:50,420 - INFO -   Min: -6.313311
2025-12-17 12:01:50,420 - INFO -   Max: -0.640539
2025-12-17 12:01:50,420 - INFO -   Avg: -2.665352
2025-12-17 12:01:50,421 - INFO -   Std: 1.089460
2025-12-17 12:01:50,776 - INFO - Generation 100
2025-12-17 12:01:50,777 - INFO -   Best: -6.313311
2025-12-17 12:01:50,777 - INFO -   Min: -6.313311
2025-12-17 12:01:50,777 - INFO -   Max: 0.420166
2025-12-17 12:01:50,777 - INFO -   Avg: -3.094582
2025-12-17 12:01:50,777 - INFO -   Std: 1.100813
2025-12-17 12:01:51,138 - INFO - Generation 110
2025-12-17 12:01:51,138 - INFO -   Best: -6.313311
2025-12-17 12:01:51,138 - INFO -   Min: -6.313311
2025-12-17 12:01:51,138 - INFO -   Max: 0.103089
2025-12-17 12:01:51,139 - INFO -   Avg: -2.759932
2025-12-17 12:01:51,139 - INFO -   Std: 1.099526
2025-12-17 12:01:51,499 - INFO - Generation 120
2025-12-17 12:01:51,499 - INFO -   Best: -6.313311
2025-12-17 12:01:51,500 - INFO -   Min: -6.313311
2025-12-17 12:01:51,500 - INFO -   Max: 1.137320
2025-12-17 12:01:51,500 - INFO -   Avg: -2.952186
2025-12-17 12:01:51,500 - INFO -   Std: 1.179837
2025-12-17 12:01:51,861 - INFO - Generation 130
2025-12-17 12:01:51,861 - INFO -   Best: -6.313311
2025-12-17 12:01:51,862 - INFO -   Min: -6.313311
2025-12-17 12:01:51,862 - INFO -   Max: 0.099203
2025-12-17 12:01:51,862 - INFO -   Avg: -2.299344
2025-12-17 12:01:51,862 - INFO -   Std: 1.199651
2025-12-17 12:01:52,218 - INFO - Generation 140
2025-12-17 12:01:52,219 - INFO -   Best: -6.313311
2025-12-17 12:01:52,219 - INFO -   Min: -6.313311
2025-12-17 12:01:52,219 - INFO -   Max: 0.246720
2025-12-17 12:01:52,219 - INFO -   Avg: -2.595568
2025-12-17 12:01:52,219 - INFO -   Std: 1.244531
2025-12-17 12:01:52,577 - INFO - Generation 150
2025-12-17 12:01:52,578 - INFO -   Best: -6.372556
2025-12-17 12:01:52,578 - INFO -   Min: -6.372556
2025-12-17 12:01:52,578 - INFO -   Max: -0.016751
2025-12-17 12:01:52,578 - INFO -   Avg: -2.856036
2025-12-17 12:01:52,578 - INFO -   Std: 1.169374
2025-12-17 12:01:52,934 - INFO - Generation 160
2025-12-17 12:01:52,934 - INFO -   Best: -6.372556
2025-12-17 12:01:52,934 - INFO -   Min: -6.372556
2025-12-17 12:01:52,934 - INFO -   Max: 0.106423
2025-12-17 12:01:52,934 - INFO -   Avg: -2.795435
2025-12-17 12:01:52,935 - INFO -   Std: 1.193894
2025-12-17 12:01:53,292 - INFO - Generation 170
2025-12-17 12:01:53,292 - INFO -   Best: -6.372556
2025-12-17 12:01:53,292 - INFO -   Min: -6.372556
2025-12-17 12:01:53,292 - INFO -   Max: -0.540970
2025-12-17 12:01:53,293 - INFO -   Avg: -3.031401
2025-12-17 12:01:53,293 - INFO -   Std: 0.957286
2025-12-17 12:01:53,653 - INFO - Generation 180
2025-12-17 12:01:53,653 - INFO -   Best: -6.372556
2025-12-17 12:01:53,653 - INFO -   Min: -6.372556
2025-12-17 12:01:53,654 - INFO -   Max: -0.296026
2025-12-17 12:01:53,654 - INFO -   Avg: -2.762146
2025-12-17 12:01:53,654 - INFO -   Std: 1.294667
2025-12-17 12:01:54,019 - INFO - Generation 190
2025-12-17 12:01:54,019 - INFO -   Best: -6.372556
2025-12-17 12:01:54,019 - INFO -   Min: -6.372556
2025-12-17 12:01:54,019 - INFO -   Max: 0.768127
2025-12-17 12:01:54,020 - INFO -   Avg: -2.487780
2025-12-17 12:01:54,020 - INFO -   Std: 1.434633
2025-12-17 12:01:54,380 - INFO - Generation 200
2025-12-17 12:01:54,380 - INFO -   Best: -6.372556
2025-12-17 12:01:54,381 - INFO -   Min: -6.372556
2025-12-17 12:01:54,381 - INFO -   Max: -0.697545
2025-12-17 12:01:54,381 - INFO -   Avg: -2.988378
2025-12-17 12:01:54,381 - INFO -   Std: 1.168204
2025-12-17 12:01:54,389 - INFO - 
Final best fitness: -6.3725555694
2025-12-17 12:01:54,389 - INFO - Execution time: 7.19s
