2025-12-17 11:26:50,417 - INFO - Representation: Real
2025-12-17 11:26:50,417 - INFO - Number of genes: 2
2025-12-17 11:26:50,417 - INFO - Bounds: [0, 3.141592653589793]
2025-12-17 11:26:50,418 - INFO - Function: michalewicz
2025-12-17 11:26:50,418 - INFO - Population size: 100
2025-12-17 11:26:50,420 - INFO - Generations: 200
2025-12-17 11:26:50,420 - INFO - Selection: tournament
2025-12-17 11:26:50,421 - INFO - Crossover: single_point
2025-12-17 11:26:50,421 - INFO - Mutation: random
2025-12-17 11:26:50,421 - INFO - 
2025-12-17 11:26:50,490 - INFO - Generation 10
2025-12-17 11:26:50,490 - INFO -   Best: -1.796046
2025-12-17 11:26:50,491 - INFO -   Min: -1.796046
2025-12-17 11:26:50,491 - INFO -   Max: 0.141266
2025-12-17 11:26:50,491 - INFO -   Avg: -1.578614
2025-12-17 11:26:50,492 - INFO -   Std: 0.431618
2025-12-17 11:26:50,539 - INFO - Generation 20
2025-12-17 11:26:50,539 - INFO -   Best: -1.799381
2025-12-17 11:26:50,539 - INFO -   Min: -1.799381
2025-12-17 11:26:50,540 - INFO -   Max: -0.533227
2025-12-17 11:26:50,540 - INFO -   Avg: -1.647884
2025-12-17 11:26:50,540 - INFO -   Std: 0.349328
2025-12-17 11:26:50,586 - INFO - Generation 30
2025-12-17 11:26:50,586 - INFO -   Best: -1.799664
2025-12-17 11:26:50,586 - INFO -   Min: -1.799664
2025-12-17 11:26:50,586 - INFO -   Max: 0.106498
2025-12-17 11:26:50,587 - INFO -   Avg: -1.606077
2025-12-17 11:26:50,587 - INFO -   Std: 0.471087
2025-12-17 11:26:50,625 - INFO - Generation 40
2025-12-17 11:26:50,625 - INFO -   Best: -1.800875
2025-12-17 11:26:50,626 - INFO -   Min: -1.800875
2025-12-17 11:26:50,626 - INFO -   Max: 0.000023
2025-12-17 11:26:50,626 - INFO -   Avg: -1.599789
2025-12-17 11:26:50,626 - INFO -   Std: 0.400079
2025-12-17 11:26:50,660 - INFO - Generation 50
2025-12-17 11:26:50,660 - INFO -   Best: -1.800875
2025-12-17 11:26:50,660 - INFO -   Min: -1.800875
2025-12-17 11:26:50,660 - INFO -   Max: 0.000000
2025-12-17 11:26:50,660 - INFO -   Avg: -1.676827
2025-12-17 11:26:50,661 - INFO -   Std: 0.348227
2025-12-17 11:26:50,696 - INFO - Generation 60
2025-12-17 11:26:50,697 - INFO -   Best: -1.800875
2025-12-17 11:26:50,697 - INFO -   Min: -1.800875
2025-12-17 11:26:50,697 - INFO -   Max: 0.057725
2025-12-17 11:26:50,697 - INFO -   Avg: -1.584440
2025-12-17 11:26:50,697 - INFO -   Std: 0.425276
2025-12-17 11:26:50,736 - INFO - Generation 70
2025-12-17 11:26:50,737 - INFO -   Best: -1.800875
2025-12-17 11:26:50,737 - INFO -   Min: -1.800875
2025-12-17 11:26:50,737 - INFO -   Max: 0.048212
2025-12-17 11:26:50,737 - INFO -   Avg: -1.599882
2025-12-17 11:26:50,737 - INFO -   Std: 0.402854
2025-12-17 11:26:50,772 - INFO - Generation 80
2025-12-17 11:26:50,772 - INFO -   Best: -1.800875
2025-12-17 11:26:50,773 - INFO -   Min: -1.800875
2025-12-17 11:26:50,773 - INFO -   Max: -0.170619
2025-12-17 11:26:50,773 - INFO -   Avg: -1.623457
2025-12-17 11:26:50,773 - INFO -   Std: 0.394746
2025-12-17 11:26:50,808 - INFO - Generation 90
2025-12-17 11:26:50,808 - INFO -   Best: -1.800875
2025-12-17 11:26:50,808 - INFO -   Min: -1.800875
2025-12-17 11:26:50,809 - INFO -   Max: 0.018015
2025-12-17 11:26:50,809 - INFO -   Avg: -1.631556
2025-12-17 11:26:50,809 - INFO -   Std: 0.378481
2025-12-17 11:26:50,842 - INFO - Generation 100
2025-12-17 11:26:50,842 - INFO -   Best: -1.800875
2025-12-17 11:26:50,842 - INFO -   Min: -1.800875
2025-12-17 11:26:50,843 - INFO -   Max: 0.004315
2025-12-17 11:26:50,843 - INFO -   Avg: -1.617921
2025-12-17 11:26:50,843 - INFO -   Std: 0.411868
2025-12-17 11:26:50,878 - INFO - Generation 110
2025-12-17 11:26:50,878 - INFO -   Best: -1.800885
2025-12-17 11:26:50,878 - INFO -   Min: -1.800885
2025-12-17 11:26:50,879 - INFO -   Max: 0.967472
2025-12-17 11:26:50,879 - INFO -   Avg: -1.585314
2025-12-17 11:26:50,879 - INFO -   Std: 0.460697
2025-12-17 11:26:50,915 - INFO - Generation 120
2025-12-17 11:26:50,915 - INFO -   Best: -1.800885
2025-12-17 11:26:50,915 - INFO -   Min: -1.800885
2025-12-17 11:26:50,916 - INFO -   Max: 0.008269
2025-12-17 11:26:50,916 - INFO -   Avg: -1.681441
2025-12-17 11:26:50,916 - INFO -   Std: 0.328526
2025-12-17 11:26:50,956 - INFO - Generation 130
2025-12-17 11:26:50,956 - INFO -   Best: -1.800885
2025-12-17 11:26:50,956 - INFO -   Min: -1.800885
2025-12-17 11:26:50,956 - INFO -   Max: -0.371691
2025-12-17 11:26:50,956 - INFO -   Avg: -1.625295
2025-12-17 11:26:50,957 - INFO -   Std: 0.376236
2025-12-17 11:26:50,991 - INFO - Generation 140
2025-12-17 11:26:50,991 - INFO -   Best: -1.800885
2025-12-17 11:26:50,991 - INFO -   Min: -1.800885
2025-12-17 11:26:50,992 - INFO -   Max: -0.052157
2025-12-17 11:26:50,992 - INFO -   Avg: -1.681325
2025-12-17 11:26:50,992 - INFO -   Std: 0.327264
2025-12-17 11:26:51,031 - INFO - Generation 150
2025-12-17 11:26:51,031 - INFO -   Best: -1.800885
2025-12-17 11:26:51,031 - INFO -   Min: -1.800885
2025-12-17 11:26:51,032 - INFO -   Max: 0.119734
2025-12-17 11:26:51,032 - INFO -   Avg: -1.589545
2025-12-17 11:26:51,032 - INFO -   Std: 0.415480
2025-12-17 11:26:51,068 - INFO - Generation 160
2025-12-17 11:26:51,069 - INFO -   Best: -1.800885
2025-12-17 11:26:51,069 - INFO -   Min: -1.800885
2025-12-17 11:26:51,069 - INFO -   Max: -0.454019
2025-12-17 11:26:51,069 - INFO -   Avg: -1.651009
2025-12-17 11:26:51,069 - INFO -   Std: 0.343422
2025-12-17 11:26:51,107 - INFO - Generation 170
2025-12-17 11:26:51,107 - INFO -   Best: -1.800885
2025-12-17 11:26:51,107 - INFO -   Min: -1.800885
2025-12-17 11:26:51,107 - INFO -   Max: 0.003597
2025-12-17 11:26:51,107 - INFO -   Avg: -1.672858
2025-12-17 11:26:51,108 - INFO -   Std: 0.364256
2025-12-17 11:26:51,142 - INFO - Generation 180
2025-12-17 11:26:51,143 - INFO -   Best: -1.800885
2025-12-17 11:26:51,143 - INFO -   Min: -1.800885
2025-12-17 11:26:51,143 - INFO -   Max: 0.000065
2025-12-17 11:26:51,143 - INFO -   Avg: -1.604706
2025-12-17 11:26:51,144 - INFO -   Std: 0.391648
2025-12-17 11:26:51,186 - INFO - Generation 190
2025-12-17 11:26:51,186 - INFO -   Best: -1.800885
2025-12-17 11:26:51,186 - INFO -   Min: -1.800885
2025-12-17 11:26:51,186 - INFO -   Max: 0.124702
2025-12-17 11:26:51,187 - INFO -   Avg: -1.626762
2025-12-17 11:26:51,187 - INFO -   Std: 0.390762
2025-12-17 11:26:51,223 - INFO - Generation 200
2025-12-17 11:26:51,223 - INFO -   Best: -1.800885
2025-12-17 11:26:51,223 - INFO -   Min: -1.800885
2025-12-17 11:26:51,224 - INFO -   Max: 0.797988
2025-12-17 11:26:51,224 - INFO -   Avg: -1.601010
2025-12-17 11:26:51,224 - INFO -   Std: 0.492840
2025-12-17 11:26:51,227 - INFO - 
Final best fitness: -1.8008852407
2025-12-17 11:26:51,227 - INFO - Execution time: 0.80s
