2025-12-17 11:43:34,896 - INFO - Representation: Real
2025-12-17 11:43:34,896 - INFO - Number of genes: 20
2025-12-17 11:43:34,896 - INFO - Bounds: [-100, 100]
2025-12-17 11:43:34,896 - INFO - Function: f16_2014
2025-12-17 11:43:34,897 - INFO - Population size: 100
2025-12-17 11:43:34,897 - INFO - Generations: 200
2025-12-17 11:43:34,897 - INFO - Selection: tournament
2025-12-17 11:43:34,897 - INFO - Crossover: single_point
2025-12-17 11:43:34,897 - INFO - Mutation: random
2025-12-17 11:43:34,898 - INFO - 
2025-12-17 11:43:35,231 - INFO - Generation 10
2025-12-17 11:43:35,231 - INFO -   Best: 1608.111366
2025-12-17 11:43:35,231 - INFO -   Min: 1608.111366
2025-12-17 11:43:35,231 - INFO -   Max: 1610.368879
2025-12-17 11:43:35,232 - INFO -   Avg: 1609.421676
2025-12-17 11:43:35,232 - INFO -   Std: 0.534456
2025-12-17 11:43:35,506 - INFO - Generation 20
2025-12-17 11:43:35,506 - INFO -   Best: 1607.836644
2025-12-17 11:43:35,506 - INFO -   Min: 1607.836644
2025-12-17 11:43:35,506 - INFO -   Max: 1610.598737
2025-12-17 11:43:35,507 - INFO -   Avg: 1609.112883
2025-12-17 11:43:35,507 - INFO -   Std: 0.656539
2025-12-17 11:43:35,787 - INFO - Generation 30
2025-12-17 11:43:35,787 - INFO -   Best: 1607.652986
2025-12-17 11:43:35,787 - INFO -   Min: 1607.652986
2025-12-17 11:43:35,787 - INFO -   Max: 1610.462974
2025-12-17 11:43:35,787 - INFO -   Avg: 1608.946635
2025-12-17 11:43:35,788 - INFO -   Std: 0.676464
2025-12-17 11:43:36,062 - INFO - Generation 40
2025-12-17 11:43:36,062 - INFO -   Best: 1607.265142
2025-12-17 11:43:36,062 - INFO -   Min: 1607.265142
2025-12-17 11:43:36,062 - INFO -   Max: 1610.620638
2025-12-17 11:43:36,063 - INFO -   Avg: 1608.830415
2025-12-17 11:43:36,063 - INFO -   Std: 0.704384
2025-12-17 11:43:36,342 - INFO - Generation 50
2025-12-17 11:43:36,342 - INFO -   Best: 1607.165518
2025-12-17 11:43:36,342 - INFO -   Min: 1607.165518
2025-12-17 11:43:36,342 - INFO -   Max: 1610.235858
2025-12-17 11:43:36,342 - INFO -   Avg: 1608.865260
2025-12-17 11:43:36,342 - INFO -   Std: 0.665624
2025-12-17 11:43:36,618 - INFO - Generation 60
2025-12-17 11:43:36,619 - INFO -   Best: 1607.060597
2025-12-17 11:43:36,619 - INFO -   Min: 1607.060597
2025-12-17 11:43:36,619 - INFO -   Max: 1610.320149
2025-12-17 11:43:36,619 - INFO -   Avg: 1608.728219
2025-12-17 11:43:36,619 - INFO -   Std: 0.747579
2025-12-17 11:43:36,904 - INFO - Generation 70
2025-12-17 11:43:36,904 - INFO -   Best: 1607.060597
2025-12-17 11:43:36,905 - INFO -   Min: 1607.060597
2025-12-17 11:43:36,905 - INFO -   Max: 1610.861635
2025-12-17 11:43:36,905 - INFO -   Avg: 1608.835866
2025-12-17 11:43:36,905 - INFO -   Std: 0.848539
2025-12-17 11:43:37,178 - INFO - Generation 80
2025-12-17 11:43:37,178 - INFO -   Best: 1606.926527
2025-12-17 11:43:37,178 - INFO -   Min: 1606.926527
2025-12-17 11:43:37,178 - INFO -   Max: 1610.618524
2025-12-17 11:43:37,178 - INFO -   Avg: 1608.539112
2025-12-17 11:43:37,179 - INFO -   Std: 0.853421
2025-12-17 11:43:37,451 - INFO - Generation 90
2025-12-17 11:43:37,452 - INFO -   Best: 1606.699054
2025-12-17 11:43:37,452 - INFO -   Min: 1606.699054
2025-12-17 11:43:37,452 - INFO -   Max: 1610.482973
2025-12-17 11:43:37,452 - INFO -   Avg: 1608.641127
2025-12-17 11:43:37,452 - INFO -   Std: 0.808343
2025-12-17 11:43:37,733 - INFO - Generation 100
2025-12-17 11:43:37,733 - INFO -   Best: 1606.699017
2025-12-17 11:43:37,733 - INFO -   Min: 1606.699017
2025-12-17 11:43:37,733 - INFO -   Max: 1610.413040
2025-12-17 11:43:37,734 - INFO -   Avg: 1608.790358
2025-12-17 11:43:37,734 - INFO -   Std: 0.775047
2025-12-17 11:43:38,013 - INFO - Generation 110
2025-12-17 11:43:38,013 - INFO -   Best: 1606.635535
2025-12-17 11:43:38,013 - INFO -   Min: 1606.635535
2025-12-17 11:43:38,013 - INFO -   Max: 1610.798225
2025-12-17 11:43:38,013 - INFO -   Avg: 1608.993562
2025-12-17 11:43:38,013 - INFO -   Std: 0.757905
2025-12-17 11:43:38,341 - INFO - Generation 120
2025-12-17 11:43:38,341 - INFO -   Best: 1606.349575
2025-12-17 11:43:38,342 - INFO -   Min: 1606.349575
2025-12-17 11:43:38,342 - INFO -   Max: 1610.957842
2025-12-17 11:43:38,342 - INFO -   Avg: 1608.775169
2025-12-17 11:43:38,342 - INFO -   Std: 0.869630
2025-12-17 11:43:38,672 - INFO - Generation 130
2025-12-17 11:43:38,672 - INFO -   Best: 1606.349463
2025-12-17 11:43:38,673 - INFO -   Min: 1606.349463
2025-12-17 11:43:38,673 - INFO -   Max: 1611.195618
2025-12-17 11:43:38,673 - INFO -   Avg: 1608.515991
2025-12-17 11:43:38,673 - INFO -   Std: 0.928233
2025-12-17 11:43:38,971 - INFO - Generation 140
2025-12-17 11:43:38,971 - INFO -   Best: 1606.300538
2025-12-17 11:43:38,971 - INFO -   Min: 1606.300538
2025-12-17 11:43:38,972 - INFO -   Max: 1610.948810
2025-12-17 11:43:38,972 - INFO -   Avg: 1608.713533
2025-12-17 11:43:38,972 - INFO -   Std: 0.961370
2025-12-17 11:43:39,244 - INFO - Generation 150
2025-12-17 11:43:39,244 - INFO -   Best: 1606.236268
2025-12-17 11:43:39,244 - INFO -   Min: 1606.236268
2025-12-17 11:43:39,244 - INFO -   Max: 1610.402875
2025-12-17 11:43:39,245 - INFO -   Avg: 1608.318824
2025-12-17 11:43:39,245 - INFO -   Std: 1.098074
2025-12-17 11:43:39,516 - INFO - Generation 160
2025-12-17 11:43:39,517 - INFO -   Best: 1606.087622
2025-12-17 11:43:39,517 - INFO -   Min: 1606.087622
2025-12-17 11:43:39,517 - INFO -   Max: 1611.207697
2025-12-17 11:43:39,517 - INFO -   Avg: 1608.481778
2025-12-17 11:43:39,517 - INFO -   Std: 0.920580
2025-12-17 11:43:39,795 - INFO - Generation 170
2025-12-17 11:43:39,796 - INFO -   Best: 1606.085331
2025-12-17 11:43:39,796 - INFO -   Min: 1606.085331
2025-12-17 11:43:39,796 - INFO -   Max: 1610.929770
2025-12-17 11:43:39,796 - INFO -   Avg: 1608.420158
2025-12-17 11:43:39,796 - INFO -   Std: 1.065957
2025-12-17 11:43:40,073 - INFO - Generation 180
2025-12-17 11:43:40,073 - INFO -   Best: 1606.085331
2025-12-17 11:43:40,074 - INFO -   Min: 1606.085331
2025-12-17 11:43:40,074 - INFO -   Max: 1611.333244
2025-12-17 11:43:40,074 - INFO -   Avg: 1608.556432
2025-12-17 11:43:40,074 - INFO -   Std: 0.987069
2025-12-17 11:43:40,350 - INFO - Generation 190
2025-12-17 11:43:40,350 - INFO -   Best: 1606.085170
2025-12-17 11:43:40,350 - INFO -   Min: 1606.085170
2025-12-17 11:43:40,350 - INFO -   Max: 1610.926945
2025-12-17 11:43:40,351 - INFO -   Avg: 1608.511144
2025-12-17 11:43:40,351 - INFO -   Std: 1.044731
2025-12-17 11:43:40,625 - INFO - Generation 200
2025-12-17 11:43:40,625 - INFO -   Best: 1606.085153
2025-12-17 11:43:40,625 - INFO -   Min: 1606.085153
2025-12-17 11:43:40,626 - INFO -   Max: 1610.510912
2025-12-17 11:43:40,626 - INFO -   Avg: 1608.283700
2025-12-17 11:43:40,626 - INFO -   Std: 1.069231
2025-12-17 11:43:40,645 - INFO - 
Final best fitness: 1606.4775592993
2025-12-17 11:43:40,645 - INFO - Execution time: 5.70s
2025-12-17 11:56:38,638 - INFO - Representation: Binary
2025-12-17 11:56:38,638 - INFO - Bits per variable: 12
2025-12-17 11:56:38,638 - INFO - Total genes: 240
2025-12-17 11:56:38,639 - INFO - Function: f16_2014
2025-12-17 11:56:38,639 - INFO - Population size: 100
2025-12-17 11:56:38,639 - INFO - Generations: 200
2025-12-17 11:56:38,639 - INFO - Selection: tournament
2025-12-17 11:56:38,639 - INFO - Crossover: single_point
2025-12-17 11:56:38,639 - INFO - Mutation: random
2025-12-17 11:56:38,639 - INFO - 
2025-12-17 11:56:39,960 - INFO - Generation 10
2025-12-17 11:56:39,960 - INFO -   Best: 1608.869281
2025-12-17 11:56:39,960 - INFO -   Min: 1608.869281
2025-12-17 11:56:39,961 - INFO -   Max: 1610.800386
2025-12-17 11:56:39,961 - INFO -   Avg: 1609.808726
2025-12-17 11:56:39,961 - INFO -   Std: 0.350866
2025-12-17 11:56:40,822 - INFO - Generation 20
2025-12-17 11:56:40,822 - INFO -   Best: 1608.869281
2025-12-17 11:56:40,822 - INFO -   Min: 1608.869281
2025-12-17 11:56:40,822 - INFO -   Max: 1610.459601
2025-12-17 11:56:40,823 - INFO -   Avg: 1609.851666
2025-12-17 11:56:40,823 - INFO -   Std: 0.271144
2025-12-17 11:56:41,680 - INFO - Generation 30
2025-12-17 11:56:41,681 - INFO -   Best: 1608.869281
2025-12-17 11:56:41,681 - INFO -   Min: 1608.869281
2025-12-17 11:56:41,681 - INFO -   Max: 1610.670839
2025-12-17 11:56:41,681 - INFO -   Avg: 1609.863047
2025-12-17 11:56:41,681 - INFO -   Std: 0.348579
2025-12-17 11:56:42,539 - INFO - Generation 40
2025-12-17 11:56:42,539 - INFO -   Best: 1608.786519
2025-12-17 11:56:42,539 - INFO -   Min: 1608.786519
2025-12-17 11:56:42,540 - INFO -   Max: 1610.501048
2025-12-17 11:56:42,540 - INFO -   Avg: 1609.922426
2025-12-17 11:56:42,540 - INFO -   Std: 0.279267
2025-12-17 11:56:43,399 - INFO - Generation 50
2025-12-17 11:56:43,399 - INFO -   Best: 1608.607380
2025-12-17 11:56:43,399 - INFO -   Min: 1608.607380
2025-12-17 11:56:43,401 - INFO -   Max: 1610.683635
2025-12-17 11:56:43,401 - INFO -   Avg: 1609.806006
2025-12-17 11:56:43,401 - INFO -   Std: 0.384366
2025-12-17 11:56:44,260 - INFO - Generation 60
2025-12-17 11:56:44,261 - INFO -   Best: 1608.607380
2025-12-17 11:56:44,261 - INFO -   Min: 1608.607380
2025-12-17 11:56:44,261 - INFO -   Max: 1610.478321
2025-12-17 11:56:44,261 - INFO -   Avg: 1609.860155
2025-12-17 11:56:44,261 - INFO -   Std: 0.325982
2025-12-17 11:56:45,116 - INFO - Generation 70
2025-12-17 11:56:45,116 - INFO -   Best: 1608.607380
2025-12-17 11:56:45,116 - INFO -   Min: 1608.607380
2025-12-17 11:56:45,116 - INFO -   Max: 1610.681123
2025-12-17 11:56:45,116 - INFO -   Avg: 1609.910457
2025-12-17 11:56:45,117 - INFO -   Std: 0.321001
2025-12-17 11:56:45,970 - INFO - Generation 80
2025-12-17 11:56:45,971 - INFO -   Best: 1608.607380
2025-12-17 11:56:45,971 - INFO -   Min: 1608.607380
2025-12-17 11:56:45,971 - INFO -   Max: 1610.566753
2025-12-17 11:56:45,971 - INFO -   Avg: 1609.896812
2025-12-17 11:56:45,971 - INFO -   Std: 0.305878
2025-12-17 11:56:46,830 - INFO - Generation 90
2025-12-17 11:56:46,830 - INFO -   Best: 1608.607380
2025-12-17 11:56:46,831 - INFO -   Min: 1608.607380
2025-12-17 11:56:46,831 - INFO -   Max: 1610.589223
2025-12-17 11:56:46,831 - INFO -   Avg: 1609.869862
2025-12-17 11:56:46,831 - INFO -   Std: 0.308329
2025-12-17 11:56:47,684 - INFO - Generation 100
2025-12-17 11:56:47,684 - INFO -   Best: 1608.574684
2025-12-17 11:56:47,685 - INFO -   Min: 1608.574684
2025-12-17 11:56:47,685 - INFO -   Max: 1610.718869
2025-12-17 11:56:47,685 - INFO -   Avg: 1609.846521
2025-12-17 11:56:47,685 - INFO -   Std: 0.380145
2025-12-17 11:56:48,540 - INFO - Generation 110
2025-12-17 11:56:48,540 - INFO -   Best: 1608.558453
2025-12-17 11:56:48,540 - INFO -   Min: 1608.558453
2025-12-17 11:56:48,541 - INFO -   Max: 1610.566378
2025-12-17 11:56:48,541 - INFO -   Avg: 1609.840706
2025-12-17 11:56:48,541 - INFO -   Std: 0.328093
2025-12-17 11:56:49,406 - INFO - Generation 120
2025-12-17 11:56:49,406 - INFO -   Best: 1608.558453
2025-12-17 11:56:49,406 - INFO -   Min: 1608.558453
2025-12-17 11:56:49,406 - INFO -   Max: 1610.590913
2025-12-17 11:56:49,406 - INFO -   Avg: 1609.844989
2025-12-17 11:56:49,406 - INFO -   Std: 0.365474
2025-12-17 11:56:50,265 - INFO - Generation 130
2025-12-17 11:56:50,265 - INFO -   Best: 1608.558453
2025-12-17 11:56:50,266 - INFO -   Min: 1608.558453
2025-12-17 11:56:50,266 - INFO -   Max: 1610.752997
2025-12-17 11:56:50,266 - INFO -   Avg: 1609.806496
2025-12-17 11:56:50,266 - INFO -   Std: 0.390156
2025-12-17 11:56:51,133 - INFO - Generation 140
2025-12-17 11:56:51,133 - INFO -   Best: 1608.558453
2025-12-17 11:56:51,134 - INFO -   Min: 1608.558453
2025-12-17 11:56:51,134 - INFO -   Max: 1610.730286
2025-12-17 11:56:51,134 - INFO -   Avg: 1609.827926
2025-12-17 11:56:51,134 - INFO -   Std: 0.359531
2025-12-17 11:56:51,992 - INFO - Generation 150
2025-12-17 11:56:51,992 - INFO -   Best: 1608.558453
2025-12-17 11:56:51,992 - INFO -   Min: 1608.558453
2025-12-17 11:56:51,992 - INFO -   Max: 1610.461585
2025-12-17 11:56:51,992 - INFO -   Avg: 1609.754214
2025-12-17 11:56:51,993 - INFO -   Std: 0.372790
2025-12-17 11:56:52,849 - INFO - Generation 160
2025-12-17 11:56:52,850 - INFO -   Best: 1608.542805
2025-12-17 11:56:52,850 - INFO -   Min: 1608.542805
2025-12-17 11:56:52,850 - INFO -   Max: 1610.673806
2025-12-17 11:56:52,850 - INFO -   Avg: 1609.782010
2025-12-17 11:56:52,850 - INFO -   Std: 0.357655
2025-12-17 11:56:53,720 - INFO - Generation 170
2025-12-17 11:56:53,720 - INFO -   Best: 1608.529975
2025-12-17 11:56:53,720 - INFO -   Min: 1608.529975
2025-12-17 11:56:53,720 - INFO -   Max: 1610.477549
2025-12-17 11:56:53,720 - INFO -   Avg: 1609.830461
2025-12-17 11:56:53,721 - INFO -   Std: 0.324428
2025-12-17 11:56:54,576 - INFO - Generation 180
2025-12-17 11:56:54,576 - INFO -   Best: 1608.529903
2025-12-17 11:56:54,576 - INFO -   Min: 1608.529903
2025-12-17 11:56:54,577 - INFO -   Max: 1610.685767
2025-12-17 11:56:54,577 - INFO -   Avg: 1609.891764
2025-12-17 11:56:54,577 - INFO -   Std: 0.363757
2025-12-17 11:56:55,432 - INFO - Generation 190
2025-12-17 11:56:55,432 - INFO -   Best: 1608.529903
2025-12-17 11:56:55,432 - INFO -   Min: 1608.529903
2025-12-17 11:56:55,433 - INFO -   Max: 1610.659123
2025-12-17 11:56:55,433 - INFO -   Avg: 1609.834751
2025-12-17 11:56:55,433 - INFO -   Std: 0.364007
2025-12-17 11:56:56,288 - INFO - Generation 200
2025-12-17 11:56:56,289 - INFO -   Best: 1608.529903
2025-12-17 11:56:56,289 - INFO -   Min: 1608.529903
2025-12-17 11:56:56,289 - INFO -   Max: 1610.397066
2025-12-17 11:56:56,289 - INFO -   Avg: 1609.861607
2025-12-17 11:56:56,289 - INFO -   Std: 0.339152
2025-12-17 11:56:56,315 - INFO - 
Final best fitness: 1608.5299033003
2025-12-17 11:56:56,315 - INFO - Execution time: 17.23s
