2025-12-17 11:42:28,219 - INFO - Representation: Real
2025-12-17 11:42:28,219 - INFO - Number of genes: 10
2025-12-17 11:42:28,219 - INFO - Bounds: [-100, 100]
2025-12-17 11:42:28,220 - INFO - Function: f16_2014
2025-12-17 11:42:28,220 - INFO - Population size: 100
2025-12-17 11:42:28,220 - INFO - Generations: 200
2025-12-17 11:42:28,220 - INFO - Selection: tournament
2025-12-17 11:42:28,220 - INFO - Crossover: single_point
2025-12-17 11:42:28,220 - INFO - Mutation: random
2025-12-17 11:42:28,220 - INFO - 
2025-12-17 11:42:28,399 - INFO - Generation 10
2025-12-17 11:42:28,400 - INFO -   Best: 1604.025274
2025-12-17 11:42:28,400 - INFO -   Min: 1604.025274
2025-12-17 11:42:28,400 - INFO -   Max: 1605.710403
2025-12-17 11:42:28,400 - INFO -   Avg: 1604.909474
2025-12-17 11:42:28,400 - INFO -   Std: 0.271454
2025-12-17 11:42:28,554 - INFO - Generation 20
2025-12-17 11:42:28,554 - INFO -   Best: 1603.689344
2025-12-17 11:42:28,554 - INFO -   Min: 1603.689344
2025-12-17 11:42:28,554 - INFO -   Max: 1605.461577
2025-12-17 11:42:28,554 - INFO -   Avg: 1604.872799
2025-12-17 11:42:28,555 - INFO -   Std: 0.282760
2025-12-17 11:42:28,701 - INFO - Generation 30
2025-12-17 11:42:28,701 - INFO -   Best: 1603.325907
2025-12-17 11:42:28,701 - INFO -   Min: 1603.325907
2025-12-17 11:42:28,702 - INFO -   Max: 1605.476395
2025-12-17 11:42:28,702 - INFO -   Avg: 1604.661267
2025-12-17 11:42:28,702 - INFO -   Std: 0.480782
2025-12-17 11:42:28,864 - INFO - Generation 40
2025-12-17 11:42:28,864 - INFO -   Best: 1603.282821
2025-12-17 11:42:28,864 - INFO -   Min: 1603.282821
2025-12-17 11:42:28,864 - INFO -   Max: 1605.560186
2025-12-17 11:42:28,865 - INFO -   Avg: 1604.423267
2025-12-17 11:42:28,865 - INFO -   Std: 0.517694
2025-12-17 11:42:29,004 - INFO - Generation 50
2025-12-17 11:42:29,004 - INFO -   Best: 1603.210869
2025-12-17 11:42:29,004 - INFO -   Min: 1603.210869
2025-12-17 11:42:29,004 - INFO -   Max: 1605.438104
2025-12-17 11:42:29,004 - INFO -   Avg: 1604.179216
2025-12-17 11:42:29,005 - INFO -   Std: 0.683220
2025-12-17 11:42:29,137 - INFO - Generation 60
2025-12-17 11:42:29,137 - INFO -   Best: 1603.072986
2025-12-17 11:42:29,137 - INFO -   Min: 1603.072986
2025-12-17 11:42:29,137 - INFO -   Max: 1605.856496
2025-12-17 11:42:29,138 - INFO -   Avg: 1604.230758
2025-12-17 11:42:29,138 - INFO -   Std: 0.677963
2025-12-17 11:42:29,281 - INFO - Generation 70
2025-12-17 11:42:29,281 - INFO -   Best: 1603.072208
2025-12-17 11:42:29,281 - INFO -   Min: 1603.072208
2025-12-17 11:42:29,281 - INFO -   Max: 1605.494032
2025-12-17 11:42:29,281 - INFO -   Avg: 1604.360541
2025-12-17 11:42:29,282 - INFO -   Std: 0.692383
2025-12-17 11:42:29,423 - INFO - Generation 80
2025-12-17 11:42:29,423 - INFO -   Best: 1602.754411
2025-12-17 11:42:29,423 - INFO -   Min: 1602.754411
2025-12-17 11:42:29,424 - INFO -   Max: 1605.669556
2025-12-17 11:42:29,424 - INFO -   Avg: 1604.373920
2025-12-17 11:42:29,424 - INFO -   Std: 0.673884
2025-12-17 11:42:29,558 - INFO - Generation 90
2025-12-17 11:42:29,558 - INFO -   Best: 1602.754411
2025-12-17 11:42:29,558 - INFO -   Min: 1602.754411
2025-12-17 11:42:29,559 - INFO -   Max: 1605.580963
2025-12-17 11:42:29,559 - INFO -   Avg: 1604.190536
2025-12-17 11:42:29,559 - INFO -   Std: 0.767436
2025-12-17 11:42:29,702 - INFO - Generation 100
2025-12-17 11:42:29,702 - INFO -   Best: 1602.754411
2025-12-17 11:42:29,702 - INFO -   Min: 1602.754411
2025-12-17 11:42:29,702 - INFO -   Max: 1605.688001
2025-12-17 11:42:29,702 - INFO -   Avg: 1604.228907
2025-12-17 11:42:29,703 - INFO -   Std: 0.792833
2025-12-17 11:42:29,832 - INFO - Generation 110
2025-12-17 11:42:29,832 - INFO -   Best: 1602.754411
2025-12-17 11:42:29,832 - INFO -   Min: 1602.754411
2025-12-17 11:42:29,833 - INFO -   Max: 1605.500879
2025-12-17 11:42:29,833 - INFO -   Avg: 1604.205892
2025-12-17 11:42:29,833 - INFO -   Std: 0.760447
2025-12-17 11:42:29,966 - INFO - Generation 120
2025-12-17 11:42:29,966 - INFO -   Best: 1602.734798
2025-12-17 11:42:29,966 - INFO -   Min: 1602.734798
2025-12-17 11:42:29,966 - INFO -   Max: 1605.709993
2025-12-17 11:42:29,966 - INFO -   Avg: 1604.207301
2025-12-17 11:42:29,967 - INFO -   Std: 0.802434
2025-12-17 11:42:30,093 - INFO - Generation 130
2025-12-17 11:42:30,093 - INFO -   Best: 1602.720349
2025-12-17 11:42:30,093 - INFO -   Min: 1602.720349
2025-12-17 11:42:30,093 - INFO -   Max: 1605.736369
2025-12-17 11:42:30,094 - INFO -   Avg: 1603.910579
2025-12-17 11:42:30,094 - INFO -   Std: 0.830301
2025-12-17 11:42:30,224 - INFO - Generation 140
2025-12-17 11:42:30,225 - INFO -   Best: 1602.702947
2025-12-17 11:42:30,225 - INFO -   Min: 1602.702947
2025-12-17 11:42:30,225 - INFO -   Max: 1605.658028
2025-12-17 11:42:30,225 - INFO -   Avg: 1604.234149
2025-12-17 11:42:30,225 - INFO -   Std: 0.853203
2025-12-17 11:42:30,365 - INFO - Generation 150
2025-12-17 11:42:30,365 - INFO -   Best: 1602.702947
2025-12-17 11:42:30,365 - INFO -   Min: 1602.702947
2025-12-17 11:42:30,365 - INFO -   Max: 1606.406716
2025-12-17 11:42:30,365 - INFO -   Avg: 1604.240918
2025-12-17 11:42:30,365 - INFO -   Std: 0.857259
2025-12-17 11:42:30,496 - INFO - Generation 160
2025-12-17 11:42:30,496 - INFO -   Best: 1602.702947
2025-12-17 11:42:30,496 - INFO -   Min: 1602.702947
2025-12-17 11:42:30,496 - INFO -   Max: 1605.779847
2025-12-17 11:42:30,496 - INFO -   Avg: 1604.092646
2025-12-17 11:42:30,497 - INFO -   Std: 0.867642
2025-12-17 11:42:30,629 - INFO - Generation 170
2025-12-17 11:42:30,630 - INFO -   Best: 1602.702176
2025-12-17 11:42:30,630 - INFO -   Min: 1602.702176
2025-12-17 11:42:30,630 - INFO -   Max: 1606.226012
2025-12-17 11:42:30,630 - INFO -   Avg: 1604.067408
2025-12-17 11:42:30,630 - INFO -   Std: 0.883752
2025-12-17 11:42:30,759 - INFO - Generation 180
2025-12-17 11:42:30,759 - INFO -   Best: 1602.699042
2025-12-17 11:42:30,759 - INFO -   Min: 1602.699042
2025-12-17 11:42:30,759 - INFO -   Max: 1605.787193
2025-12-17 11:42:30,759 - INFO -   Avg: 1604.162808
2025-12-17 11:42:30,760 - INFO -   Std: 0.838392
2025-12-17 11:42:30,898 - INFO - Generation 190
2025-12-17 11:42:30,898 - INFO -   Best: 1602.699042
2025-12-17 11:42:30,899 - INFO -   Min: 1602.699042
2025-12-17 11:42:30,899 - INFO -   Max: 1605.955755
2025-12-17 11:42:30,899 - INFO -   Avg: 1604.333131
2025-12-17 11:42:30,899 - INFO -   Std: 0.734714
2025-12-17 11:42:31,033 - INFO - Generation 200
2025-12-17 11:42:31,033 - INFO -   Best: 1602.699042
2025-12-17 11:42:31,033 - INFO -   Min: 1602.699042
2025-12-17 11:42:31,033 - INFO -   Max: 1606.333791
2025-12-17 11:42:31,033 - INFO -   Avg: 1604.071183
2025-12-17 11:42:31,033 - INFO -   Std: 0.889566
2025-12-17 11:42:31,043 - INFO - 
Final best fitness: 1602.8572286587
2025-12-17 11:42:31,043 - INFO - Execution time: 2.80s
2025-12-17 11:58:40,131 - INFO - Representation: Binary
2025-12-17 11:58:40,131 - INFO - Bits per variable: 12
2025-12-17 11:58:40,131 - INFO - Total genes: 120
2025-12-17 11:58:40,131 - INFO - Function: f16_2014
2025-12-17 11:58:40,131 - INFO - Population size: 100
2025-12-17 11:58:40,131 - INFO - Generations: 200
2025-12-17 11:58:40,132 - INFO - Selection: tournament
2025-12-17 11:58:40,132 - INFO - Crossover: single_point
2025-12-17 11:58:40,132 - INFO - Mutation: random
2025-12-17 11:58:40,132 - INFO - 
2025-12-17 11:58:40,812 - INFO - Generation 10
2025-12-17 11:58:40,812 - INFO -   Best: 1604.310096
2025-12-17 11:58:40,813 - INFO -   Min: 1604.310096
2025-12-17 11:58:40,813 - INFO -   Max: 1605.306955
2025-12-17 11:58:40,813 - INFO -   Avg: 1604.975005
2025-12-17 11:58:40,813 - INFO -   Std: 0.151548
2025-12-17 11:58:41,285 - INFO - Generation 20
2025-12-17 11:58:41,285 - INFO -   Best: 1604.310096
2025-12-17 11:58:41,285 - INFO -   Min: 1604.310096
2025-12-17 11:58:41,286 - INFO -   Max: 1605.172352
2025-12-17 11:58:41,286 - INFO -   Avg: 1604.978453
2025-12-17 11:58:41,286 - INFO -   Std: 0.109706
2025-12-17 11:58:41,759 - INFO - Generation 30
2025-12-17 11:58:41,759 - INFO -   Best: 1604.290327
2025-12-17 11:58:41,760 - INFO -   Min: 1604.290327
2025-12-17 11:58:41,760 - INFO -   Max: 1605.436784
2025-12-17 11:58:41,760 - INFO -   Avg: 1605.001114
2025-12-17 11:58:41,760 - INFO -   Std: 0.143474
2025-12-17 11:58:42,214 - INFO - Generation 40
2025-12-17 11:58:42,215 - INFO -   Best: 1604.290327
2025-12-17 11:58:42,215 - INFO -   Min: 1604.290327
2025-12-17 11:58:42,215 - INFO -   Max: 1605.190591
2025-12-17 11:58:42,215 - INFO -   Avg: 1604.983166
2025-12-17 11:58:42,215 - INFO -   Std: 0.107642
2025-12-17 11:58:42,678 - INFO - Generation 50
2025-12-17 11:58:42,678 - INFO -   Best: 1604.290327
2025-12-17 11:58:42,678 - INFO -   Min: 1604.290327
2025-12-17 11:58:42,678 - INFO -   Max: 1605.374639
2025-12-17 11:58:42,678 - INFO -   Avg: 1604.985825
2025-12-17 11:58:42,679 - INFO -   Std: 0.114227
2025-12-17 11:58:43,136 - INFO - Generation 60
2025-12-17 11:58:43,136 - INFO -   Best: 1604.274983
2025-12-17 11:58:43,136 - INFO -   Min: 1604.274983
2025-12-17 11:58:43,137 - INFO -   Max: 1605.229099
2025-12-17 11:58:43,137 - INFO -   Avg: 1604.986127
2025-12-17 11:58:43,137 - INFO -   Std: 0.110389
2025-12-17 11:58:43,593 - INFO - Generation 70
2025-12-17 11:58:43,593 - INFO -   Best: 1604.274983
2025-12-17 11:58:43,594 - INFO -   Min: 1604.274983
2025-12-17 11:58:43,594 - INFO -   Max: 1605.233378
2025-12-17 11:58:43,594 - INFO -   Avg: 1604.983317
2025-12-17 11:58:43,594 - INFO -   Std: 0.115880
2025-12-17 11:58:44,052 - INFO - Generation 80
2025-12-17 11:58:44,053 - INFO -   Best: 1604.274983
2025-12-17 11:58:44,053 - INFO -   Min: 1604.274983
2025-12-17 11:58:44,053 - INFO -   Max: 1605.385786
2025-12-17 11:58:44,053 - INFO -   Avg: 1604.979242
2025-12-17 11:58:44,053 - INFO -   Std: 0.121053
2025-12-17 11:58:44,511 - INFO - Generation 90
2025-12-17 11:58:44,511 - INFO -   Best: 1604.274983
2025-12-17 11:58:44,512 - INFO -   Min: 1604.274983
2025-12-17 11:58:44,512 - INFO -   Max: 1605.568616
2025-12-17 11:58:44,512 - INFO -   Avg: 1604.983796
2025-12-17 11:58:44,512 - INFO -   Std: 0.153824
2025-12-17 11:58:44,964 - INFO - Generation 100
2025-12-17 11:58:44,964 - INFO -   Best: 1604.274983
2025-12-17 11:58:44,964 - INFO -   Min: 1604.274983
2025-12-17 11:58:44,964 - INFO -   Max: 1605.308176
2025-12-17 11:58:44,965 - INFO -   Avg: 1604.975066
2025-12-17 11:58:44,965 - INFO -   Std: 0.139449
2025-12-17 11:58:45,419 - INFO - Generation 110
2025-12-17 11:58:45,419 - INFO -   Best: 1604.274983
2025-12-17 11:58:45,420 - INFO -   Min: 1604.274983
2025-12-17 11:58:45,420 - INFO -   Max: 1605.326371
2025-12-17 11:58:45,420 - INFO -   Avg: 1604.963625
2025-12-17 11:58:45,420 - INFO -   Std: 0.133091
2025-12-17 11:58:45,874 - INFO - Generation 120
2025-12-17 11:58:45,874 - INFO -   Best: 1604.274983
2025-12-17 11:58:45,874 - INFO -   Min: 1604.274983
2025-12-17 11:58:45,875 - INFO -   Max: 1605.110476
2025-12-17 11:58:45,875 - INFO -   Avg: 1604.979138
2025-12-17 11:58:45,875 - INFO -   Std: 0.108480
2025-12-17 11:58:46,330 - INFO - Generation 130
2025-12-17 11:58:46,330 - INFO -   Best: 1604.274983
2025-12-17 11:58:46,330 - INFO -   Min: 1604.274983
2025-12-17 11:58:46,330 - INFO -   Max: 1605.221906
2025-12-17 11:58:46,330 - INFO -   Avg: 1604.987036
2025-12-17 11:58:46,331 - INFO -   Std: 0.105173
2025-12-17 11:58:46,784 - INFO - Generation 140
2025-12-17 11:58:46,785 - INFO -   Best: 1604.274983
2025-12-17 11:58:46,785 - INFO -   Min: 1604.274983
2025-12-17 11:58:46,785 - INFO -   Max: 1605.516681
2025-12-17 11:58:46,785 - INFO -   Avg: 1604.981225
2025-12-17 11:58:46,785 - INFO -   Std: 0.132534
2025-12-17 11:58:47,244 - INFO - Generation 150
2025-12-17 11:58:47,244 - INFO -   Best: 1604.274983
2025-12-17 11:58:47,245 - INFO -   Min: 1604.274983
2025-12-17 11:58:47,245 - INFO -   Max: 1605.323046
2025-12-17 11:58:47,245 - INFO -   Avg: 1604.976546
2025-12-17 11:58:47,245 - INFO -   Std: 0.124838
2025-12-17 11:58:47,710 - INFO - Generation 160
2025-12-17 11:58:47,710 - INFO -   Best: 1604.274983
2025-12-17 11:58:47,711 - INFO -   Min: 1604.274983
2025-12-17 11:58:47,711 - INFO -   Max: 1605.093066
2025-12-17 11:58:47,711 - INFO -   Avg: 1604.969807
2025-12-17 11:58:47,711 - INFO -   Std: 0.130739
2025-12-17 11:58:48,178 - INFO - Generation 170
2025-12-17 11:58:48,178 - INFO -   Best: 1604.274983
2025-12-17 11:58:48,179 - INFO -   Min: 1604.274983
2025-12-17 11:58:48,179 - INFO -   Max: 1605.241847
2025-12-17 11:58:48,179 - INFO -   Avg: 1604.977570
2025-12-17 11:58:48,179 - INFO -   Std: 0.127659
2025-12-17 11:58:48,636 - INFO - Generation 180
2025-12-17 11:58:48,636 - INFO -   Best: 1604.274983
2025-12-17 11:58:48,636 - INFO -   Min: 1604.274983
2025-12-17 11:58:48,637 - INFO -   Max: 1605.431474
2025-12-17 11:58:48,637 - INFO -   Avg: 1604.973960
2025-12-17 11:58:48,637 - INFO -   Std: 0.150019
2025-12-17 11:58:49,094 - INFO - Generation 190
2025-12-17 11:58:49,095 - INFO -   Best: 1604.274983
2025-12-17 11:58:49,095 - INFO -   Min: 1604.274983
2025-12-17 11:58:49,095 - INFO -   Max: 1605.360860
2025-12-17 11:58:49,095 - INFO -   Avg: 1604.986346
2025-12-17 11:58:49,095 - INFO -   Std: 0.108470
2025-12-17 11:58:49,555 - INFO - Generation 200
2025-12-17 11:58:49,555 - INFO -   Best: 1604.266375
2025-12-17 11:58:49,555 - INFO -   Min: 1604.266375
2025-12-17 11:58:49,555 - INFO -   Max: 1605.322724
2025-12-17 11:58:49,556 - INFO -   Avg: 1604.978773
2025-12-17 11:58:49,556 - INFO -   Std: 0.119840
2025-12-17 11:58:49,570 - INFO - 
Final best fitness: 1604.2663752717
2025-12-17 11:58:49,571 - INFO - Execution time: 9.21s
