2025-12-17 11:26:52,888 - INFO - Representation: Real
2025-12-17 11:26:52,888 - INFO - Number of genes: 2
2025-12-17 11:26:52,888 - INFO - Bounds: [0, 3.141592653589793]
2025-12-17 11:26:52,889 - INFO - Function: michalewicz
2025-12-17 11:26:52,889 - INFO - Population size: 100
2025-12-17 11:26:52,889 - INFO - Generations: 200
2025-12-17 11:26:52,889 - INFO - Selection: tournament
2025-12-17 11:26:52,889 - INFO - Crossover: single_point
2025-12-17 11:26:52,889 - INFO - Mutation: random
2025-12-17 11:26:52,890 - INFO - 
2025-12-17 11:26:52,927 - INFO - Generation 10
2025-12-17 11:26:52,927 - INFO -   Best: -1.799937
2025-12-17 11:26:52,927 - INFO -   Min: -1.799937
2025-12-17 11:26:52,927 - INFO -   Max: 0.000000
2025-12-17 11:26:52,929 - INFO -   Avg: -1.605768
2025-12-17 11:26:52,929 - INFO -   Std: 0.371384
2025-12-17 11:26:52,962 - INFO - Generation 20
2025-12-17 11:26:52,963 - INFO -   Best: -1.799937
2025-12-17 11:26:52,963 - INFO -   Min: -1.799937
2025-12-17 11:26:52,963 - INFO -   Max: 0.783520
2025-12-17 11:26:52,963 - INFO -   Avg: -1.589854
2025-12-17 11:26:52,963 - INFO -   Std: 0.442024
2025-12-17 11:26:52,994 - INFO - Generation 30
2025-12-17 11:26:52,995 - INFO -   Best: -1.799937
2025-12-17 11:26:52,995 - INFO -   Min: -1.799937
2025-12-17 11:26:52,995 - INFO -   Max: -0.036719
2025-12-17 11:26:52,995 - INFO -   Avg: -1.591568
2025-12-17 11:26:52,995 - INFO -   Std: 0.405657
2025-12-17 11:26:53,027 - INFO - Generation 40
2025-12-17 11:26:53,028 - INFO -   Best: -1.799937
2025-12-17 11:26:53,028 - INFO -   Min: -1.799937
2025-12-17 11:26:53,028 - INFO -   Max: 0.008685
2025-12-17 11:26:53,028 - INFO -   Avg: -1.637135
2025-12-17 11:26:53,028 - INFO -   Std: 0.389105
2025-12-17 11:26:53,059 - INFO - Generation 50
2025-12-17 11:26:53,060 - INFO -   Best: -1.800514
2025-12-17 11:26:53,060 - INFO -   Min: -1.800514
2025-12-17 11:26:53,060 - INFO -   Max: 0.171274
2025-12-17 11:26:53,060 - INFO -   Avg: -1.567209
2025-12-17 11:26:53,060 - INFO -   Std: 0.431999
2025-12-17 11:26:53,092 - INFO - Generation 60
2025-12-17 11:26:53,092 - INFO -   Best: -1.800514
2025-12-17 11:26:53,092 - INFO -   Min: -1.800514
2025-12-17 11:26:53,092 - INFO -   Max: -0.384221
2025-12-17 11:26:53,092 - INFO -   Avg: -1.621169
2025-12-17 11:26:53,093 - INFO -   Std: 0.374733
2025-12-17 11:26:53,123 - INFO - Generation 70
2025-12-17 11:26:53,123 - INFO -   Best: -1.800514
2025-12-17 11:26:53,123 - INFO -   Min: -1.800514
2025-12-17 11:26:53,123 - INFO -   Max: -0.526079
2025-12-17 11:26:53,123 - INFO -   Avg: -1.693055
2025-12-17 11:26:53,123 - INFO -   Std: 0.308405
2025-12-17 11:26:53,156 - INFO - Generation 80
2025-12-17 11:26:53,157 - INFO -   Best: -1.800514
2025-12-17 11:26:53,157 - INFO -   Min: -1.800514
2025-12-17 11:26:53,157 - INFO -   Max: 0.012566
2025-12-17 11:26:53,157 - INFO -   Avg: -1.581621
2025-12-17 11:26:53,157 - INFO -   Std: 0.452247
2025-12-17 11:26:53,189 - INFO - Generation 90
2025-12-17 11:26:53,189 - INFO -   Best: -1.800514
2025-12-17 11:26:53,189 - INFO -   Min: -1.800514
2025-12-17 11:26:53,189 - INFO -   Max: 0.020022
2025-12-17 11:26:53,190 - INFO -   Avg: -1.640272
2025-12-17 11:26:53,190 - INFO -   Std: 0.381186
2025-12-17 11:26:53,224 - INFO - Generation 100
2025-12-17 11:26:53,224 - INFO -   Best: -1.800514
2025-12-17 11:26:53,224 - INFO -   Min: -1.800514
2025-12-17 11:26:53,225 - INFO -   Max: -0.006322
2025-12-17 11:26:53,225 - INFO -   Avg: -1.648818
2025-12-17 11:26:53,225 - INFO -   Std: 0.374572
2025-12-17 11:26:53,259 - INFO - Generation 110
2025-12-17 11:26:53,259 - INFO -   Best: -1.800514
2025-12-17 11:26:53,260 - INFO -   Min: -1.800514
2025-12-17 11:26:53,260 - INFO -   Max: -0.060620
2025-12-17 11:26:53,260 - INFO -   Avg: -1.570696
2025-12-17 11:26:53,260 - INFO -   Std: 0.430283
2025-12-17 11:26:53,290 - INFO - Generation 120
2025-12-17 11:26:53,291 - INFO -   Best: -1.800514
2025-12-17 11:26:53,291 - INFO -   Min: -1.800514
2025-12-17 11:26:53,291 - INFO -   Max: -0.373191
2025-12-17 11:26:53,291 - INFO -   Avg: -1.658055
2025-12-17 11:26:53,291 - INFO -   Std: 0.336962
2025-12-17 11:26:53,323 - INFO - Generation 130
2025-12-17 11:26:53,323 - INFO -   Best: -1.800514
2025-12-17 11:26:53,323 - INFO -   Min: -1.800514
2025-12-17 11:26:53,323 - INFO -   Max: 0.018966
2025-12-17 11:26:53,323 - INFO -   Avg: -1.600567
2025-12-17 11:26:53,323 - INFO -   Std: 0.448962
2025-12-17 11:26:53,356 - INFO - Generation 140
2025-12-17 11:26:53,356 - INFO -   Best: -1.800514
2025-12-17 11:26:53,356 - INFO -   Min: -1.800514
2025-12-17 11:26:53,356 - INFO -   Max: 0.318637
2025-12-17 11:26:53,357 - INFO -   Avg: -1.581666
2025-12-17 11:26:53,357 - INFO -   Std: 0.457584
2025-12-17 11:26:53,389 - INFO - Generation 150
2025-12-17 11:26:53,389 - INFO -   Best: -1.800514
2025-12-17 11:26:53,390 - INFO -   Min: -1.800514
2025-12-17 11:26:53,390 - INFO -   Max: 0.056526
2025-12-17 11:26:53,390 - INFO -   Avg: -1.552245
2025-12-17 11:26:53,390 - INFO -   Std: 0.432682
2025-12-17 11:26:53,422 - INFO - Generation 160
2025-12-17 11:26:53,422 - INFO -   Best: -1.800514
2025-12-17 11:26:53,422 - INFO -   Min: -1.800514
2025-12-17 11:26:53,423 - INFO -   Max: -0.176193
2025-12-17 11:26:53,423 - INFO -   Avg: -1.648136
2025-12-17 11:26:53,423 - INFO -   Std: 0.365326
2025-12-17 11:26:53,455 - INFO - Generation 170
2025-12-17 11:26:53,455 - INFO -   Best: -1.800514
2025-12-17 11:26:53,455 - INFO -   Min: -1.800514
2025-12-17 11:26:53,455 - INFO -   Max: -0.246116
2025-12-17 11:26:53,456 - INFO -   Avg: -1.651989
2025-12-17 11:26:53,456 - INFO -   Std: 0.351935
2025-12-17 11:26:53,487 - INFO - Generation 180
2025-12-17 11:26:53,487 - INFO -   Best: -1.800514
2025-12-17 11:26:53,488 - INFO -   Min: -1.800514
2025-12-17 11:26:53,488 - INFO -   Max: -0.045420
2025-12-17 11:26:53,488 - INFO -   Avg: -1.630203
2025-12-17 11:26:53,488 - INFO -   Std: 0.394189
2025-12-17 11:26:53,521 - INFO - Generation 190
2025-12-17 11:26:53,522 - INFO -   Best: -1.800514
2025-12-17 11:26:53,522 - INFO -   Min: -1.800514
2025-12-17 11:26:53,522 - INFO -   Max: 0.018302
2025-12-17 11:26:53,522 - INFO -   Avg: -1.674066
2025-12-17 11:26:53,522 - INFO -   Std: 0.364520
2025-12-17 11:26:53,570 - INFO - Generation 200
2025-12-17 11:26:53,571 - INFO -   Best: -1.800514
2025-12-17 11:26:53,571 - INFO -   Min: -1.800514
2025-12-17 11:26:53,571 - INFO -   Max: -0.257507
2025-12-17 11:26:53,572 - INFO -   Avg: -1.617892
2025-12-17 11:26:53,572 - INFO -   Std: 0.402523
2025-12-17 11:26:53,576 - INFO - 
Final best fitness: -1.8005137398
2025-12-17 11:26:53,577 - INFO - Execution time: 0.68s
2025-12-17 12:03:46,161 - INFO - Representation: Binary
2025-12-17 12:03:46,161 - INFO - Bits per variable: 12
2025-12-17 12:03:46,161 - INFO - Total genes: 24
2025-12-17 12:03:46,161 - INFO - Function: michalewicz
2025-12-17 12:03:46,162 - INFO - Population size: 100
2025-12-17 12:03:46,162 - INFO - Generations: 200
2025-12-17 12:03:46,162 - INFO - Selection: tournament
2025-12-17 12:03:46,162 - INFO - Crossover: single_point
2025-12-17 12:03:46,162 - INFO - Mutation: random
2025-12-17 12:03:46,162 - INFO - 
2025-12-17 12:03:46,311 - INFO - Generation 10
2025-12-17 12:03:46,311 - INFO -   Best: -1.801248
2025-12-17 12:03:46,311 - INFO -   Min: -1.801248
2025-12-17 12:03:46,312 - INFO -   Max: 0.778563
2025-12-17 12:03:46,312 - INFO -   Avg: -1.312609
2025-12-17 12:03:46,312 - INFO -   Std: 0.606535
2025-12-17 12:03:46,419 - INFO - Generation 20
2025-12-17 12:03:46,419 - INFO -   Best: -1.801296
2025-12-17 12:03:46,420 - INFO -   Min: -1.801296
2025-12-17 12:03:46,420 - INFO -   Max: -0.002006
2025-12-17 12:03:46,420 - INFO -   Avg: -1.406044
2025-12-17 12:03:46,420 - INFO -   Std: 0.492358
2025-12-17 12:03:46,526 - INFO - Generation 30
2025-12-17 12:03:46,526 - INFO -   Best: -1.801296
2025-12-17 12:03:46,527 - INFO -   Min: -1.801296
2025-12-17 12:03:46,527 - INFO -   Max: 0.621455
2025-12-17 12:03:46,527 - INFO -   Avg: -1.396880
2025-12-17 12:03:46,527 - INFO -   Std: 0.576082
2025-12-17 12:03:46,634 - INFO - Generation 40
2025-12-17 12:03:46,634 - INFO -   Best: -1.801296
2025-12-17 12:03:46,634 - INFO -   Min: -1.801296
2025-12-17 12:03:46,634 - INFO -   Max: 0.492122
2025-12-17 12:03:46,634 - INFO -   Avg: -1.383007
2025-12-17 12:03:46,635 - INFO -   Std: 0.571307
2025-12-17 12:03:46,742 - INFO - Generation 50
2025-12-17 12:03:46,743 - INFO -   Best: -1.801296
2025-12-17 12:03:46,743 - INFO -   Min: -1.801296
2025-12-17 12:03:46,743 - INFO -   Max: 0.447444
2025-12-17 12:03:46,743 - INFO -   Avg: -1.281538
2025-12-17 12:03:46,743 - INFO -   Std: 0.585073
2025-12-17 12:03:46,849 - INFO - Generation 60
2025-12-17 12:03:46,850 - INFO -   Best: -1.801296
2025-12-17 12:03:46,850 - INFO -   Min: -1.801296
2025-12-17 12:03:46,850 - INFO -   Max: 0.000309
2025-12-17 12:03:46,850 - INFO -   Avg: -1.384763
2025-12-17 12:03:46,850 - INFO -   Std: 0.490443
2025-12-17 12:03:46,955 - INFO - Generation 70
2025-12-17 12:03:46,955 - INFO -   Best: -1.801296
2025-12-17 12:03:46,955 - INFO -   Min: -1.801296
2025-12-17 12:03:46,955 - INFO -   Max: 0.639776
2025-12-17 12:03:46,956 - INFO -   Avg: -1.188109
2025-12-17 12:03:46,956 - INFO -   Std: 0.576808
2025-12-17 12:03:47,059 - INFO - Generation 80
2025-12-17 12:03:47,059 - INFO -   Best: -1.801296
2025-12-17 12:03:47,059 - INFO -   Min: -1.801296
2025-12-17 12:03:47,059 - INFO -   Max: 0.427713
2025-12-17 12:03:47,060 - INFO -   Avg: -1.432893
2025-12-17 12:03:47,060 - INFO -   Std: 0.468448
2025-12-17 12:03:47,165 - INFO - Generation 90
2025-12-17 12:03:47,165 - INFO -   Best: -1.801296
2025-12-17 12:03:47,165 - INFO -   Min: -1.801296
2025-12-17 12:03:47,165 - INFO -   Max: 0.612755
2025-12-17 12:03:47,166 - INFO -   Avg: -1.312013
2025-12-17 12:03:47,166 - INFO -   Std: 0.574800
2025-12-17 12:03:47,282 - INFO - Generation 100
2025-12-17 12:03:47,282 - INFO -   Best: -1.801296
2025-12-17 12:03:47,283 - INFO -   Min: -1.801296
2025-12-17 12:03:47,283 - INFO -   Max: 0.470093
2025-12-17 12:03:47,283 - INFO -   Avg: -1.309151
2025-12-17 12:03:47,283 - INFO -   Std: 0.555528
2025-12-17 12:03:47,392 - INFO - Generation 110
2025-12-17 12:03:47,393 - INFO -   Best: -1.801296
2025-12-17 12:03:47,393 - INFO -   Min: -1.801296
2025-12-17 12:03:47,393 - INFO -   Max: 0.479571
2025-12-17 12:03:47,393 - INFO -   Avg: -1.320273
2025-12-17 12:03:47,393 - INFO -   Std: 0.617953
2025-12-17 12:03:47,498 - INFO - Generation 120
2025-12-17 12:03:47,499 - INFO -   Best: -1.801296
2025-12-17 12:03:47,499 - INFO -   Min: -1.801296
2025-12-17 12:03:47,499 - INFO -   Max: 0.479662
2025-12-17 12:03:47,499 - INFO -   Avg: -1.326550
2025-12-17 12:03:47,499 - INFO -   Std: 0.536778
2025-12-17 12:03:47,608 - INFO - Generation 130
2025-12-17 12:03:47,608 - INFO -   Best: -1.801296
2025-12-17 12:03:47,608 - INFO -   Min: -1.801296
2025-12-17 12:03:47,608 - INFO -   Max: -0.000022
2025-12-17 12:03:47,609 - INFO -   Avg: -1.319405
2025-12-17 12:03:47,609 - INFO -   Std: 0.510681
2025-12-17 12:03:47,717 - INFO - Generation 140
2025-12-17 12:03:47,717 - INFO -   Best: -1.801296
2025-12-17 12:03:47,718 - INFO -   Min: -1.801296
2025-12-17 12:03:47,718 - INFO -   Max: 0.514848
2025-12-17 12:03:47,718 - INFO -   Avg: -1.328191
2025-12-17 12:03:47,718 - INFO -   Std: 0.609241
2025-12-17 12:03:47,825 - INFO - Generation 150
2025-12-17 12:03:47,826 - INFO -   Best: -1.801296
2025-12-17 12:03:47,826 - INFO -   Min: -1.801296
2025-12-17 12:03:47,826 - INFO -   Max: -0.014842
2025-12-17 12:03:47,826 - INFO -   Avg: -1.443648
2025-12-17 12:03:47,826 - INFO -   Std: 0.483008
2025-12-17 12:03:47,931 - INFO - Generation 160
2025-12-17 12:03:47,931 - INFO -   Best: -1.801296
2025-12-17 12:03:47,931 - INFO -   Min: -1.801296
2025-12-17 12:03:47,932 - INFO -   Max: 0.539694
2025-12-17 12:03:47,932 - INFO -   Avg: -1.410604
2025-12-17 12:03:47,932 - INFO -   Std: 0.548108
2025-12-17 12:03:48,037 - INFO - Generation 170
2025-12-17 12:03:48,037 - INFO -   Best: -1.801296
2025-12-17 12:03:48,037 - INFO -   Min: -1.801296
2025-12-17 12:03:48,038 - INFO -   Max: 0.277575
2025-12-17 12:03:48,038 - INFO -   Avg: -1.405648
2025-12-17 12:03:48,038 - INFO -   Std: 0.497903
2025-12-17 12:03:48,140 - INFO - Generation 180
2025-12-17 12:03:48,140 - INFO -   Best: -1.801296
2025-12-17 12:03:48,141 - INFO -   Min: -1.801296
2025-12-17 12:03:48,141 - INFO -   Max: -0.013834
2025-12-17 12:03:48,141 - INFO -   Avg: -1.461974
2025-12-17 12:03:48,141 - INFO -   Std: 0.485885
2025-12-17 12:03:48,245 - INFO - Generation 190
2025-12-17 12:03:48,245 - INFO -   Best: -1.801296
2025-12-17 12:03:48,245 - INFO -   Min: -1.801296
2025-12-17 12:03:48,246 - INFO -   Max: 0.528200
2025-12-17 12:03:48,246 - INFO -   Avg: -1.381187
2025-12-17 12:03:48,246 - INFO -   Std: 0.532135
2025-12-17 12:03:48,353 - INFO - Generation 200
2025-12-17 12:03:48,353 - INFO -   Best: -1.801296
2025-12-17 12:03:48,354 - INFO -   Min: -1.801296
2025-12-17 12:03:48,354 - INFO -   Max: 0.427627
2025-12-17 12:03:48,354 - INFO -   Avg: -1.443150
2025-12-17 12:03:48,354 - INFO -   Std: 0.470244
2025-12-17 12:03:48,359 - INFO - 
Final best fitness: -1.8012741926
2025-12-17 12:03:48,359 - INFO - Execution time: 2.15s
