2025-12-17 12:07:54,241 - INFO - Representation: Binary
2025-12-17 12:07:54,241 - INFO - Bits per variable: 12
2025-12-17 12:07:54,242 - INFO - Total genes: 24
2025-12-17 12:07:54,242 - INFO - Function: michalewicz
2025-12-17 12:07:54,242 - INFO - Population size: 100
2025-12-17 12:07:54,242 - INFO - Generations: 200
2025-12-17 12:07:54,242 - INFO - Selection: rws
2025-12-17 12:07:54,242 - INFO - Crossover: two_points
2025-12-17 12:07:54,242 - INFO - Mutation: swap
2025-12-17 12:07:54,243 - INFO - 
2025-12-17 12:07:54,349 - INFO - Generation 10
2025-12-17 12:07:54,350 - INFO -   Best: -1.800837
2025-12-17 12:07:54,350 - INFO -   Min: -1.800837
2025-12-17 12:07:54,350 - INFO -   Max: -0.000000
2025-12-17 12:07:54,350 - INFO -   Avg: -1.312116
2025-12-17 12:07:54,350 - INFO -   Std: 0.530752
2025-12-17 12:07:54,410 - INFO - Generation 20
2025-12-17 12:07:54,410 - INFO -   Best: -1.801278
2025-12-17 12:07:54,410 - INFO -   Min: -1.801278
2025-12-17 12:07:54,410 - INFO -   Max: -0.000000
2025-12-17 12:07:54,411 - INFO -   Avg: -1.283292
2025-12-17 12:07:54,411 - INFO -   Std: 0.685553
2025-12-17 12:07:54,471 - INFO - Generation 30
2025-12-17 12:07:54,471 - INFO -   Best: -1.801278
2025-12-17 12:07:54,471 - INFO -   Min: -1.801278
2025-12-17 12:07:54,471 - INFO -   Max: -0.000000
2025-12-17 12:07:54,471 - INFO -   Avg: -1.283616
2025-12-17 12:07:54,471 - INFO -   Std: 0.666729
2025-12-17 12:07:54,532 - INFO - Generation 40
2025-12-17 12:07:54,533 - INFO -   Best: -1.801296
2025-12-17 12:07:54,533 - INFO -   Min: -1.801296
2025-12-17 12:07:54,533 - INFO -   Max: -0.000000
2025-12-17 12:07:54,533 - INFO -   Avg: -1.389693
2025-12-17 12:07:54,533 - INFO -   Std: 0.573954
2025-12-17 12:07:54,594 - INFO - Generation 50
2025-12-17 12:07:54,594 - INFO -   Best: -1.801296
2025-12-17 12:07:54,594 - INFO -   Min: -1.801296
2025-12-17 12:07:54,594 - INFO -   Max: -0.000000
2025-12-17 12:07:54,594 - INFO -   Avg: -1.334074
2025-12-17 12:07:54,595 - INFO -   Std: 0.568560
2025-12-17 12:07:54,653 - INFO - Generation 60
2025-12-17 12:07:54,654 - INFO -   Best: -1.801296
2025-12-17 12:07:54,654 - INFO -   Min: -1.801296
2025-12-17 12:07:54,654 - INFO -   Max: -0.000000
2025-12-17 12:07:54,654 - INFO -   Avg: -1.374358
2025-12-17 12:07:54,654 - INFO -   Std: 0.641060
2025-12-17 12:07:54,712 - INFO - Generation 70
2025-12-17 12:07:54,713 - INFO -   Best: -1.801296
2025-12-17 12:07:54,713 - INFO -   Min: -1.801296
2025-12-17 12:07:54,713 - INFO -   Max: -0.000000
2025-12-17 12:07:54,713 - INFO -   Avg: -1.374234
2025-12-17 12:07:54,713 - INFO -   Std: 0.537069
2025-12-17 12:07:54,772 - INFO - Generation 80
2025-12-17 12:07:54,773 - INFO -   Best: -1.801296
2025-12-17 12:07:54,773 - INFO -   Min: -1.801296
2025-12-17 12:07:54,773 - INFO -   Max: -0.000000
2025-12-17 12:07:54,773 - INFO -   Avg: -1.335489
2025-12-17 12:07:54,773 - INFO -   Std: 0.681050
2025-12-17 12:07:54,832 - INFO - Generation 90
2025-12-17 12:07:54,832 - INFO -   Best: -1.801296
2025-12-17 12:07:54,832 - INFO -   Min: -1.801296
2025-12-17 12:07:54,833 - INFO -   Max: -0.000000
2025-12-17 12:07:54,833 - INFO -   Avg: -1.391474
2025-12-17 12:07:54,833 - INFO -   Std: 0.522421
2025-12-17 12:07:54,892 - INFO - Generation 100
2025-12-17 12:07:54,892 - INFO -   Best: -1.801296
2025-12-17 12:07:54,893 - INFO -   Min: -1.801296
2025-12-17 12:07:54,893 - INFO -   Max: -0.000000
2025-12-17 12:07:54,893 - INFO -   Avg: -1.385357
2025-12-17 12:07:54,893 - INFO -   Std: 0.567069
2025-12-17 12:07:54,952 - INFO - Generation 110
2025-12-17 12:07:54,952 - INFO -   Best: -1.801296
2025-12-17 12:07:54,953 - INFO -   Min: -1.801296
2025-12-17 12:07:54,953 - INFO -   Max: -0.000000
2025-12-17 12:07:54,953 - INFO -   Avg: -1.370060
2025-12-17 12:07:54,953 - INFO -   Std: 0.562479
2025-12-17 12:07:55,009 - INFO - Generation 120
2025-12-17 12:07:55,009 - INFO -   Best: -1.801296
2025-12-17 12:07:55,009 - INFO -   Min: -1.801296
2025-12-17 12:07:55,010 - INFO -   Max: -0.000000
2025-12-17 12:07:55,010 - INFO -   Avg: -1.273360
2025-12-17 12:07:55,010 - INFO -   Std: 0.663073
2025-12-17 12:07:55,069 - INFO - Generation 130
2025-12-17 12:07:55,069 - INFO -   Best: -1.801296
2025-12-17 12:07:55,069 - INFO -   Min: -1.801296
2025-12-17 12:07:55,069 - INFO -   Max: -0.000000
2025-12-17 12:07:55,069 - INFO -   Avg: -1.284878
2025-12-17 12:07:55,070 - INFO -   Std: 0.599669
2025-12-17 12:07:55,124 - INFO - Generation 140
2025-12-17 12:07:55,125 - INFO -   Best: -1.801296
2025-12-17 12:07:55,125 - INFO -   Min: -1.801296
2025-12-17 12:07:55,125 - INFO -   Max: -0.000000
2025-12-17 12:07:55,125 - INFO -   Avg: -1.279514
2025-12-17 12:07:55,125 - INFO -   Std: 0.607894
2025-12-17 12:07:55,183 - INFO - Generation 150
2025-12-17 12:07:55,183 - INFO -   Best: -1.801296
2025-12-17 12:07:55,183 - INFO -   Min: -1.801296
2025-12-17 12:07:55,184 - INFO -   Max: -0.000000
2025-12-17 12:07:55,184 - INFO -   Avg: -1.257963
2025-12-17 12:07:55,184 - INFO -   Std: 0.656168
2025-12-17 12:07:55,243 - INFO - Generation 160
2025-12-17 12:07:55,243 - INFO -   Best: -1.801296
2025-12-17 12:07:55,244 - INFO -   Min: -1.801296
2025-12-17 12:07:55,244 - INFO -   Max: -0.000000
2025-12-17 12:07:55,244 - INFO -   Avg: -1.353267
2025-12-17 12:07:55,244 - INFO -   Std: 0.534182
2025-12-17 12:07:55,302 - INFO - Generation 170
2025-12-17 12:07:55,303 - INFO -   Best: -1.801296
2025-12-17 12:07:55,303 - INFO -   Min: -1.801296
2025-12-17 12:07:55,303 - INFO -   Max: -0.000000
2025-12-17 12:07:55,303 - INFO -   Avg: -1.258492
2025-12-17 12:07:55,303 - INFO -   Std: 0.646078
2025-12-17 12:07:55,360 - INFO - Generation 180
2025-12-17 12:07:55,361 - INFO -   Best: -1.801296
2025-12-17 12:07:55,361 - INFO -   Min: -1.801296
2025-12-17 12:07:55,361 - INFO -   Max: -0.000000
2025-12-17 12:07:55,361 - INFO -   Avg: -1.450494
2025-12-17 12:07:55,361 - INFO -   Std: 0.563916
2025-12-17 12:07:55,419 - INFO - Generation 190
2025-12-17 12:07:55,419 - INFO -   Best: -1.801296
2025-12-17 12:07:55,419 - INFO -   Min: -1.801296
2025-12-17 12:07:55,419 - INFO -   Max: -0.000000
2025-12-17 12:07:55,420 - INFO -   Avg: -1.342437
2025-12-17 12:07:55,420 - INFO -   Std: 0.553636
2025-12-17 12:07:55,475 - INFO - Generation 200
2025-12-17 12:07:55,476 - INFO -   Best: -1.801296
2025-12-17 12:07:55,476 - INFO -   Min: -1.801296
2025-12-17 12:07:55,476 - INFO -   Max: -0.000000
2025-12-17 12:07:55,476 - INFO -   Avg: -1.319432
2025-12-17 12:07:55,476 - INFO -   Std: 0.696857
2025-12-17 12:07:55,480 - INFO - 
Final best fitness: -1.8007496858
2025-12-17 12:07:55,480 - INFO - Execution time: 1.19s
