2025-12-17 11:34:42,964 - INFO - Representation: Real
2025-12-17 11:34:42,965 - INFO - Number of genes: 5
2025-12-17 11:34:42,965 - INFO - Bounds: [0, 3.141592653589793]
2025-12-17 11:34:42,965 - INFO - Function: michalewicz
2025-12-17 11:34:42,965 - INFO - Population size: 100
2025-12-17 11:34:42,965 - INFO - Generations: 200
2025-12-17 11:34:42,965 - INFO - Selection: tournament
2025-12-17 11:34:42,965 - INFO - Crossover: single_point
2025-12-17 11:34:42,966 - INFO - Mutation: random
2025-12-17 11:34:42,966 - INFO - 
2025-12-17 11:34:43,018 - INFO - Generation 10
2025-12-17 11:34:43,018 - INFO -   Best: -4.638826
2025-12-17 11:34:43,018 - INFO -   Min: -4.638826
2025-12-17 11:34:43,019 - INFO -   Max: -2.525200
2025-12-17 11:34:43,019 - INFO -   Avg: -4.109059
2025-12-17 11:34:43,019 - INFO -   Std: 0.555476
2025-12-17 11:34:43,061 - INFO - Generation 20
2025-12-17 11:34:43,061 - INFO -   Best: -4.638826
2025-12-17 11:34:43,061 - INFO -   Min: -4.638826
2025-12-17 11:34:43,061 - INFO -   Max: -1.868913
2025-12-17 11:34:43,061 - INFO -   Avg: -4.086472
2025-12-17 11:34:43,062 - INFO -   Std: 0.709804
2025-12-17 11:34:43,101 - INFO - Generation 30
2025-12-17 11:34:43,102 - INFO -   Best: -4.639975
2025-12-17 11:34:43,102 - INFO -   Min: -4.639975
2025-12-17 11:34:43,102 - INFO -   Max: -1.096605
2025-12-17 11:34:43,102 - INFO -   Avg: -3.976133
2025-12-17 11:34:43,102 - INFO -   Std: 0.716039
2025-12-17 11:34:43,144 - INFO - Generation 40
2025-12-17 11:34:43,144 - INFO -   Best: -4.664747
2025-12-17 11:34:43,144 - INFO -   Min: -4.664747
2025-12-17 11:34:43,144 - INFO -   Max: -2.291020
2025-12-17 11:34:43,145 - INFO -   Avg: -4.029866
2025-12-17 11:34:43,145 - INFO -   Std: 0.698725
2025-12-17 11:34:43,186 - INFO - Generation 50
2025-12-17 11:34:43,186 - INFO -   Best: -4.682878
2025-12-17 11:34:43,186 - INFO -   Min: -4.682878
2025-12-17 11:34:43,186 - INFO -   Max: -1.926420
2025-12-17 11:34:43,186 - INFO -   Avg: -4.181047
2025-12-17 11:34:43,187 - INFO -   Std: 0.727112
2025-12-17 11:34:43,228 - INFO - Generation 60
2025-12-17 11:34:43,228 - INFO -   Best: -4.683406
2025-12-17 11:34:43,228 - INFO -   Min: -4.683406
2025-12-17 11:34:43,229 - INFO -   Max: -1.565446
2025-12-17 11:34:43,229 - INFO -   Avg: -4.109118
2025-12-17 11:34:43,229 - INFO -   Std: 0.799905
2025-12-17 11:34:43,273 - INFO - Generation 70
2025-12-17 11:34:43,273 - INFO -   Best: -4.683406
2025-12-17 11:34:43,273 - INFO -   Min: -4.683406
2025-12-17 11:34:43,274 - INFO -   Max: -1.541863
2025-12-17 11:34:43,274 - INFO -   Avg: -4.190646
2025-12-17 11:34:43,274 - INFO -   Std: 0.608995
2025-12-17 11:34:43,314 - INFO - Generation 80
2025-12-17 11:34:43,314 - INFO -   Best: -4.685547
2025-12-17 11:34:43,315 - INFO -   Min: -4.685547
2025-12-17 11:34:43,315 - INFO -   Max: -2.219863
2025-12-17 11:34:43,315 - INFO -   Avg: -4.149788
2025-12-17 11:34:43,315 - INFO -   Std: 0.642204
2025-12-17 11:34:43,356 - INFO - Generation 90
2025-12-17 11:34:43,356 - INFO -   Best: -4.685547
2025-12-17 11:34:43,356 - INFO -   Min: -4.685547
2025-12-17 11:34:43,356 - INFO -   Max: -0.999341
2025-12-17 11:34:43,357 - INFO -   Avg: -4.058471
2025-12-17 11:34:43,357 - INFO -   Std: 0.845796
2025-12-17 11:34:43,396 - INFO - Generation 100
2025-12-17 11:34:43,397 - INFO -   Best: -4.685547
2025-12-17 11:34:43,397 - INFO -   Min: -4.685547
2025-12-17 11:34:43,397 - INFO -   Max: -0.824357
2025-12-17 11:34:43,397 - INFO -   Avg: -4.079725
2025-12-17 11:34:43,397 - INFO -   Std: 0.766500
2025-12-17 11:34:43,440 - INFO - Generation 110
2025-12-17 11:34:43,441 - INFO -   Best: -4.685547
2025-12-17 11:34:43,441 - INFO -   Min: -4.685547
2025-12-17 11:34:43,441 - INFO -   Max: -0.805682
2025-12-17 11:34:43,441 - INFO -   Avg: -4.028785
2025-12-17 11:34:43,441 - INFO -   Std: 0.783805
2025-12-17 11:34:43,481 - INFO - Generation 120
2025-12-17 11:34:43,481 - INFO -   Best: -4.685547
2025-12-17 11:34:43,481 - INFO -   Min: -4.685547
2025-12-17 11:34:43,481 - INFO -   Max: -1.183974
2025-12-17 11:34:43,482 - INFO -   Avg: -4.201704
2025-12-17 11:34:43,482 - INFO -   Std: 0.655767
2025-12-17 11:34:43,523 - INFO - Generation 130
2025-12-17 11:34:43,523 - INFO -   Best: -4.685547
2025-12-17 11:34:43,523 - INFO -   Min: -4.685547
2025-12-17 11:34:43,523 - INFO -   Max: -1.869938
2025-12-17 11:34:43,523 - INFO -   Avg: -4.179358
2025-12-17 11:34:43,523 - INFO -   Std: 0.632981
2025-12-17 11:34:43,565 - INFO - Generation 140
2025-12-17 11:34:43,565 - INFO -   Best: -4.685547
2025-12-17 11:34:43,565 - INFO -   Min: -4.685547
2025-12-17 11:34:43,565 - INFO -   Max: -2.314478
2025-12-17 11:34:43,566 - INFO -   Avg: -4.190457
2025-12-17 11:34:43,566 - INFO -   Std: 0.668794
2025-12-17 11:34:43,605 - INFO - Generation 150
2025-12-17 11:34:43,605 - INFO -   Best: -4.685547
2025-12-17 11:34:43,606 - INFO -   Min: -4.685547
2025-12-17 11:34:43,606 - INFO -   Max: -1.958152
2025-12-17 11:34:43,606 - INFO -   Avg: -4.212680
2025-12-17 11:34:43,606 - INFO -   Std: 0.611942
2025-12-17 11:34:43,647 - INFO - Generation 160
2025-12-17 11:34:43,647 - INFO -   Best: -4.685547
2025-12-17 11:34:43,647 - INFO -   Min: -4.685547
2025-12-17 11:34:43,647 - INFO -   Max: -1.971869
2025-12-17 11:34:43,648 - INFO -   Avg: -4.115587
2025-12-17 11:34:43,648 - INFO -   Std: 0.682992
2025-12-17 11:34:43,687 - INFO - Generation 170
2025-12-17 11:34:43,687 - INFO -   Best: -4.685547
2025-12-17 11:34:43,687 - INFO -   Min: -4.685547
2025-12-17 11:34:43,687 - INFO -   Max: -0.376633
2025-12-17 11:34:43,688 - INFO -   Avg: -4.085387
2025-12-17 11:34:43,688 - INFO -   Std: 0.856464
2025-12-17 11:34:43,728 - INFO - Generation 180
2025-12-17 11:34:43,728 - INFO -   Best: -4.685547
2025-12-17 11:34:43,728 - INFO -   Min: -4.685547
2025-12-17 11:34:43,728 - INFO -   Max: -0.995572
2025-12-17 11:34:43,728 - INFO -   Avg: -4.220916
2025-12-17 11:34:43,729 - INFO -   Std: 0.681234
2025-12-17 11:34:43,768 - INFO - Generation 190
2025-12-17 11:34:43,769 - INFO -   Best: -4.685547
2025-12-17 11:34:43,769 - INFO -   Min: -4.685547
2025-12-17 11:34:43,769 - INFO -   Max: -1.802672
2025-12-17 11:34:43,769 - INFO -   Avg: -4.137360
2025-12-17 11:34:43,769 - INFO -   Std: 0.771127
2025-12-17 11:34:43,811 - INFO - Generation 200
2025-12-17 11:34:43,812 - INFO -   Best: -4.685547
2025-12-17 11:34:43,812 - INFO -   Min: -4.685547
2025-12-17 11:34:43,812 - INFO -   Max: -1.986784
2025-12-17 11:34:43,812 - INFO -   Avg: -4.161862
2025-12-17 11:34:43,812 - INFO -   Std: 0.590170
2025-12-17 11:34:43,815 - INFO - 
Final best fitness: -4.0750418042
2025-12-17 11:34:43,815 - INFO - Execution time: 0.84s
2025-12-17 11:35:08,110 - INFO - Representation: Real
2025-12-17 11:35:08,110 - INFO - Number of genes: 10
2025-12-17 11:35:08,110 - INFO - Bounds: [0, 3.141592653589793]
2025-12-17 11:35:08,110 - INFO - Function: michalewicz
2025-12-17 11:35:08,110 - INFO - Population size: 100
2025-12-17 11:35:08,110 - INFO - Generations: 200
2025-12-17 11:35:08,111 - INFO - Selection: tournament
2025-12-17 11:35:08,111 - INFO - Crossover: single_point
2025-12-17 11:35:08,111 - INFO - Mutation: random
2025-12-17 11:35:08,111 - INFO - 
2025-12-17 11:35:08,180 - INFO - Generation 10
2025-12-17 11:35:08,180 - INFO -   Best: -6.977175
2025-12-17 11:35:08,180 - INFO -   Min: -6.977175
2025-12-17 11:35:08,180 - INFO -   Max: -2.155615
2025-12-17 11:35:08,181 - INFO -   Avg: -4.553994
2025-12-17 11:35:08,181 - INFO -   Std: 0.983445
2025-12-17 11:35:08,238 - INFO - Generation 20
2025-12-17 11:35:08,238 - INFO -   Best: -8.324323
2025-12-17 11:35:08,238 - INFO -   Min: -8.324323
2025-12-17 11:35:08,238 - INFO -   Max: -3.747827
2025-12-17 11:35:08,238 - INFO -   Avg: -6.723667
2025-12-17 11:35:08,238 - INFO -   Std: 0.830030
2025-12-17 11:35:08,294 - INFO - Generation 30
2025-12-17 11:35:08,294 - INFO -   Best: -8.475145
2025-12-17 11:35:08,294 - INFO -   Min: -8.475145
2025-12-17 11:35:08,294 - INFO -   Max: -4.136783
2025-12-17 11:35:08,295 - INFO -   Avg: -7.180695
2025-12-17 11:35:08,295 - INFO -   Std: 0.975432
2025-12-17 11:35:08,349 - INFO - Generation 40
2025-12-17 11:35:08,349 - INFO -   Best: -8.496823
2025-12-17 11:35:08,349 - INFO -   Min: -8.496823
2025-12-17 11:35:08,350 - INFO -   Max: -3.782274
2025-12-17 11:35:08,350 - INFO -   Avg: -7.188463
2025-12-17 11:35:08,350 - INFO -   Std: 1.011584
2025-12-17 11:35:08,405 - INFO - Generation 50
2025-12-17 11:35:08,405 - INFO -   Best: -8.560265
2025-12-17 11:35:08,405 - INFO -   Min: -8.560265
2025-12-17 11:35:08,405 - INFO -   Max: -4.357166
2025-12-17 11:35:08,405 - INFO -   Avg: -7.305811
2025-12-17 11:35:08,406 - INFO -   Std: 0.951653
2025-12-17 11:35:08,462 - INFO - Generation 60
2025-12-17 11:35:08,462 - INFO -   Best: -8.618337
2025-12-17 11:35:08,462 - INFO -   Min: -8.618337
2025-12-17 11:35:08,462 - INFO -   Max: -4.277447
2025-12-17 11:35:08,462 - INFO -   Avg: -7.483527
2025-12-17 11:35:08,463 - INFO -   Std: 0.902997
2025-12-17 11:35:08,518 - INFO - Generation 70
2025-12-17 11:35:08,519 - INFO -   Best: -8.618337
2025-12-17 11:35:08,519 - INFO -   Min: -8.618337
2025-12-17 11:35:08,519 - INFO -   Max: -4.337185
2025-12-17 11:35:08,519 - INFO -   Avg: -7.144961
2025-12-17 11:35:08,519 - INFO -   Std: 1.078459
2025-12-17 11:35:08,574 - INFO - Generation 80
2025-12-17 11:35:08,575 - INFO -   Best: -8.688921
2025-12-17 11:35:08,575 - INFO -   Min: -8.688921
2025-12-17 11:35:08,575 - INFO -   Max: -4.815269
2025-12-17 11:35:08,575 - INFO -   Avg: -7.289629
2025-12-17 11:35:08,575 - INFO -   Std: 1.013963
2025-12-17 11:35:08,630 - INFO - Generation 90
2025-12-17 11:35:08,631 - INFO -   Best: -8.688921
2025-12-17 11:35:08,631 - INFO -   Min: -8.688921
2025-12-17 11:35:08,631 - INFO -   Max: -3.671840
2025-12-17 11:35:08,631 - INFO -   Avg: -7.395822
2025-12-17 11:35:08,631 - INFO -   Std: 1.075934
2025-12-17 11:35:08,687 - INFO - Generation 100
2025-12-17 11:35:08,687 - INFO -   Best: -8.688921
2025-12-17 11:35:08,687 - INFO -   Min: -8.688921
2025-12-17 11:35:08,688 - INFO -   Max: -4.282641
2025-12-17 11:35:08,688 - INFO -   Avg: -7.197191
2025-12-17 11:35:08,688 - INFO -   Std: 1.058040
2025-12-17 11:35:08,744 - INFO - Generation 110
2025-12-17 11:35:08,744 - INFO -   Best: -8.688921
2025-12-17 11:35:08,744 - INFO -   Min: -8.688921
2025-12-17 11:35:08,744 - INFO -   Max: -5.182904
2025-12-17 11:35:08,744 - INFO -   Avg: -7.427319
2025-12-17 11:35:08,745 - INFO -   Std: 0.893129
2025-12-17 11:35:08,800 - INFO - Generation 120
2025-12-17 11:35:08,801 - INFO -   Best: -8.688921
2025-12-17 11:35:08,801 - INFO -   Min: -8.688921
2025-12-17 11:35:08,801 - INFO -   Max: -4.913834
2025-12-17 11:35:08,801 - INFO -   Avg: -7.312910
2025-12-17 11:35:08,801 - INFO -   Std: 1.007388
2025-12-17 11:35:08,857 - INFO - Generation 130
2025-12-17 11:35:08,857 - INFO -   Best: -8.688921
2025-12-17 11:35:08,857 - INFO -   Min: -8.688921
2025-12-17 11:35:08,858 - INFO -   Max: -4.003576
2025-12-17 11:35:08,858 - INFO -   Avg: -7.398093
2025-12-17 11:35:08,858 - INFO -   Std: 1.011903
2025-12-17 11:35:08,913 - INFO - Generation 140
2025-12-17 11:35:08,913 - INFO -   Best: -8.688921
2025-12-17 11:35:08,913 - INFO -   Min: -8.688921
2025-12-17 11:35:08,913 - INFO -   Max: -3.970164
2025-12-17 11:35:08,913 - INFO -   Avg: -7.186061
2025-12-17 11:35:08,914 - INFO -   Std: 1.207234
2025-12-17 11:35:08,970 - INFO - Generation 150
2025-12-17 11:35:08,970 - INFO -   Best: -8.688921
2025-12-17 11:35:08,970 - INFO -   Min: -8.688921
2025-12-17 11:35:08,970 - INFO -   Max: -4.397636
2025-12-17 11:35:08,971 - INFO -   Avg: -7.300049
2025-12-17 11:35:08,971 - INFO -   Std: 0.957925
2025-12-17 11:35:09,029 - INFO - Generation 160
2025-12-17 11:35:09,029 - INFO -   Best: -8.688921
2025-12-17 11:35:09,029 - INFO -   Min: -8.688921
2025-12-17 11:35:09,029 - INFO -   Max: -3.515861
2025-12-17 11:35:09,029 - INFO -   Avg: -7.137536
2025-12-17 11:35:09,029 - INFO -   Std: 1.110290
2025-12-17 11:35:09,089 - INFO - Generation 170
2025-12-17 11:35:09,090 - INFO -   Best: -8.767758
2025-12-17 11:35:09,090 - INFO -   Min: -8.767758
2025-12-17 11:35:09,090 - INFO -   Max: -4.332976
2025-12-17 11:35:09,090 - INFO -   Avg: -7.141245
2025-12-17 11:35:09,090 - INFO -   Std: 1.225670
2025-12-17 11:35:09,147 - INFO - Generation 180
2025-12-17 11:35:09,147 - INFO -   Best: -8.767758
2025-12-17 11:35:09,148 - INFO -   Min: -8.767758
2025-12-17 11:35:09,148 - INFO -   Max: -2.001163
2025-12-17 11:35:09,148 - INFO -   Avg: -7.202371
2025-12-17 11:35:09,148 - INFO -   Std: 1.097901
2025-12-17 11:35:09,203 - INFO - Generation 190
2025-12-17 11:35:09,204 - INFO -   Best: -8.767758
2025-12-17 11:35:09,204 - INFO -   Min: -8.767758
2025-12-17 11:35:09,204 - INFO -   Max: -4.581195
2025-12-17 11:35:09,204 - INFO -   Avg: -7.394459
2025-12-17 11:35:09,204 - INFO -   Std: 0.985353
2025-12-17 11:35:09,261 - INFO - Generation 200
2025-12-17 11:35:09,261 - INFO -   Best: -8.767758
2025-12-17 11:35:09,261 - INFO -   Min: -8.767758
2025-12-17 11:35:09,261 - INFO -   Max: -4.337352
2025-12-17 11:35:09,261 - INFO -   Avg: -7.312473
2025-12-17 11:35:09,261 - INFO -   Std: 1.080140
2025-12-17 11:35:09,265 - INFO - 
Final best fitness: -8.7677582562
2025-12-17 11:35:09,265 - INFO - Execution time: 1.14s
2025-12-17 11:36:39,075 - INFO - Representation: Real
2025-12-17 11:36:39,075 - INFO - Number of genes: 5
2025-12-17 11:36:39,075 - INFO - Bounds: [0, 3.141592653589793]
2025-12-17 11:36:39,075 - INFO - Function: michalewicz
2025-12-17 11:36:39,075 - INFO - Population size: 100
2025-12-17 11:36:39,075 - INFO - Generations: 200
2025-12-17 11:36:39,076 - INFO - Selection: tournament
2025-12-17 11:36:39,076 - INFO - Crossover: single_point
2025-12-17 11:36:39,076 - INFO - Mutation: random
2025-12-17 11:36:39,076 - INFO - 
2025-12-17 11:36:39,125 - INFO - Generation 10
2025-12-17 11:36:39,125 - INFO -   Best: -4.531986
2025-12-17 11:36:39,126 - INFO -   Min: -4.531986
2025-12-17 11:36:39,126 - INFO -   Max: -1.048420
2025-12-17 11:36:39,126 - INFO -   Avg: -3.933478
2025-12-17 11:36:39,126 - INFO -   Std: 0.677209
2025-12-17 11:36:39,166 - INFO - Generation 20
2025-12-17 11:36:39,167 - INFO -   Best: -4.567353
2025-12-17 11:36:39,167 - INFO -   Min: -4.567353
2025-12-17 11:36:39,167 - INFO -   Max: -1.738264
2025-12-17 11:36:39,167 - INFO -   Avg: -4.007811
2025-12-17 11:36:39,167 - INFO -   Std: 0.666377
2025-12-17 11:36:39,206 - INFO - Generation 30
2025-12-17 11:36:39,207 - INFO -   Best: -4.567558
2025-12-17 11:36:39,207 - INFO -   Min: -4.567558
2025-12-17 11:36:39,207 - INFO -   Max: -1.780242
2025-12-17 11:36:39,207 - INFO -   Avg: -4.081143
2025-12-17 11:36:39,207 - INFO -   Std: 0.653633
2025-12-17 11:36:39,247 - INFO - Generation 40
2025-12-17 11:36:39,247 - INFO -   Best: -4.567558
2025-12-17 11:36:39,247 - INFO -   Min: -4.567558
2025-12-17 11:36:39,247 - INFO -   Max: -1.308631
2025-12-17 11:36:39,248 - INFO -   Avg: -4.067138
2025-12-17 11:36:39,248 - INFO -   Std: 0.711133
2025-12-17 11:36:39,290 - INFO - Generation 50
2025-12-17 11:36:39,291 - INFO -   Best: -4.568600
2025-12-17 11:36:39,291 - INFO -   Min: -4.568600
2025-12-17 11:36:39,291 - INFO -   Max: -1.667615
2025-12-17 11:36:39,291 - INFO -   Avg: -4.064730
2025-12-17 11:36:39,292 - INFO -   Std: 0.641495
2025-12-17 11:36:39,343 - INFO - Generation 60
2025-12-17 11:36:39,343 - INFO -   Best: -4.568600
2025-12-17 11:36:39,343 - INFO -   Min: -4.568600
2025-12-17 11:36:39,343 - INFO -   Max: -1.902796
2025-12-17 11:36:39,343 - INFO -   Avg: -4.098495
2025-12-17 11:36:39,343 - INFO -   Std: 0.622994
2025-12-17 11:36:39,385 - INFO - Generation 70
2025-12-17 11:36:39,385 - INFO -   Best: -4.568600
2025-12-17 11:36:39,386 - INFO -   Min: -4.568600
2025-12-17 11:36:39,386 - INFO -   Max: -2.344990
2025-12-17 11:36:39,386 - INFO -   Avg: -4.158930
2025-12-17 11:36:39,386 - INFO -   Std: 0.563479
2025-12-17 11:36:39,428 - INFO - Generation 80
2025-12-17 11:36:39,428 - INFO -   Best: -4.568600
2025-12-17 11:36:39,429 - INFO -   Min: -4.568600
2025-12-17 11:36:39,429 - INFO -   Max: -1.959594
2025-12-17 11:36:39,429 - INFO -   Avg: -3.951147
2025-12-17 11:36:39,429 - INFO -   Std: 0.672663
2025-12-17 11:36:39,472 - INFO - Generation 90
2025-12-17 11:36:39,473 - INFO -   Best: -4.568600
2025-12-17 11:36:39,473 - INFO -   Min: -4.568600
2025-12-17 11:36:39,473 - INFO -   Max: -1.085077
2025-12-17 11:36:39,473 - INFO -   Avg: -4.127801
2025-12-17 11:36:39,473 - INFO -   Std: 0.739801
2025-12-17 11:36:39,515 - INFO - Generation 100
2025-12-17 11:36:39,515 - INFO -   Best: -4.568600
2025-12-17 11:36:39,515 - INFO -   Min: -4.568600
2025-12-17 11:36:39,515 - INFO -   Max: -2.620497
2025-12-17 11:36:39,516 - INFO -   Avg: -4.068466
2025-12-17 11:36:39,516 - INFO -   Std: 0.648817
2025-12-17 11:36:39,555 - INFO - Generation 110
2025-12-17 11:36:39,555 - INFO -   Best: -4.568600
2025-12-17 11:36:39,555 - INFO -   Min: -4.568600
2025-12-17 11:36:39,556 - INFO -   Max: -2.146107
2025-12-17 11:36:39,556 - INFO -   Avg: -4.084030
2025-12-17 11:36:39,556 - INFO -   Std: 0.625907
2025-12-17 11:36:39,597 - INFO - Generation 120
2025-12-17 11:36:39,598 - INFO -   Best: -4.568600
2025-12-17 11:36:39,598 - INFO -   Min: -4.568600
2025-12-17 11:36:39,598 - INFO -   Max: -2.631432
2025-12-17 11:36:39,598 - INFO -   Avg: -4.217043
2025-12-17 11:36:39,598 - INFO -   Std: 0.543748
2025-12-17 11:36:39,638 - INFO - Generation 130
2025-12-17 11:36:39,639 - INFO -   Best: -4.568600
2025-12-17 11:36:39,639 - INFO -   Min: -4.568600
2025-12-17 11:36:39,639 - INFO -   Max: -1.599020
2025-12-17 11:36:39,639 - INFO -   Avg: -4.145600
2025-12-17 11:36:39,639 - INFO -   Std: 0.613504
2025-12-17 11:36:39,679 - INFO - Generation 140
2025-12-17 11:36:39,679 - INFO -   Best: -4.568837
2025-12-17 11:36:39,679 - INFO -   Min: -4.568837
2025-12-17 11:36:39,680 - INFO -   Max: -1.254402
2025-12-17 11:36:39,680 - INFO -   Avg: -4.017114
2025-12-17 11:36:39,680 - INFO -   Std: 0.692176
2025-12-17 11:36:39,720 - INFO - Generation 150
2025-12-17 11:36:39,720 - INFO -   Best: -4.568837
2025-12-17 11:36:39,721 - INFO -   Min: -4.568837
2025-12-17 11:36:39,721 - INFO -   Max: -1.384819
2025-12-17 11:36:39,721 - INFO -   Avg: -4.054436
2025-12-17 11:36:39,721 - INFO -   Std: 0.730340
2025-12-17 11:36:39,761 - INFO - Generation 160
2025-12-17 11:36:39,761 - INFO -   Best: -4.568837
2025-12-17 11:36:39,761 - INFO -   Min: -4.568837
2025-12-17 11:36:39,761 - INFO -   Max: -2.166752
2025-12-17 11:36:39,762 - INFO -   Avg: -4.049331
2025-12-17 11:36:39,762 - INFO -   Std: 0.692138
2025-12-17 11:36:39,802 - INFO - Generation 170
2025-12-17 11:36:39,802 - INFO -   Best: -4.568837
2025-12-17 11:36:39,802 - INFO -   Min: -4.568837
2025-12-17 11:36:39,802 - INFO -   Max: -2.434393
2025-12-17 11:36:39,803 - INFO -   Avg: -4.032570
2025-12-17 11:36:39,803 - INFO -   Std: 0.620958
2025-12-17 11:36:39,843 - INFO - Generation 180
2025-12-17 11:36:39,843 - INFO -   Best: -4.568837
2025-12-17 11:36:39,843 - INFO -   Min: -4.568837
2025-12-17 11:36:39,844 - INFO -   Max: -1.838843
2025-12-17 11:36:39,844 - INFO -   Avg: -4.062791
2025-12-17 11:36:39,844 - INFO -   Std: 0.653538
2025-12-17 11:36:39,884 - INFO - Generation 190
2025-12-17 11:36:39,884 - INFO -   Best: -4.568837
2025-12-17 11:36:39,884 - INFO -   Min: -4.568837
2025-12-17 11:36:39,884 - INFO -   Max: -1.974997
2025-12-17 11:36:39,885 - INFO -   Avg: -4.059035
2025-12-17 11:36:39,885 - INFO -   Std: 0.643587
2025-12-17 11:36:39,926 - INFO - Generation 200
2025-12-17 11:36:39,926 - INFO -   Best: -4.568837
2025-12-17 11:36:39,927 - INFO -   Min: -4.568837
2025-12-17 11:36:39,927 - INFO -   Max: -1.745698
2025-12-17 11:36:39,927 - INFO -   Avg: -3.977338
2025-12-17 11:36:39,927 - INFO -   Std: 0.680942
2025-12-17 11:36:39,930 - INFO - 
Final best fitness: -4.5688367147
2025-12-17 11:36:39,930 - INFO - Execution time: 0.84s
2025-12-17 12:02:41,984 - INFO - Representation: Binary
2025-12-17 12:02:41,984 - INFO - Bits per variable: 12
2025-12-17 12:02:41,984 - INFO - Total genes: 60
2025-12-17 12:02:41,985 - INFO - Function: michalewicz
2025-12-17 12:02:41,985 - INFO - Population size: 100
2025-12-17 12:02:41,985 - INFO - Generations: 200
2025-12-17 12:02:41,985 - INFO - Selection: tournament
2025-12-17 12:02:41,985 - INFO - Crossover: single_point
2025-12-17 12:02:41,985 - INFO - Mutation: random
2025-12-17 12:02:41,985 - INFO - 
2025-12-17 12:02:42,284 - INFO - Generation 10
2025-12-17 12:02:42,284 - INFO -   Best: -3.852255
2025-12-17 12:02:42,284 - INFO -   Min: -3.852255
2025-12-17 12:02:42,285 - INFO -   Max: 0.056047
2025-12-17 12:02:42,285 - INFO -   Avg: -2.064632
2025-12-17 12:02:42,285 - INFO -   Std: 0.803125
2025-12-17 12:02:42,481 - INFO - Generation 20
2025-12-17 12:02:42,482 - INFO -   Best: -4.046362
2025-12-17 12:02:42,482 - INFO -   Min: -4.046362
2025-12-17 12:02:42,482 - INFO -   Max: -0.165457
2025-12-17 12:02:42,482 - INFO -   Avg: -2.099580
2025-12-17 12:02:42,482 - INFO -   Std: 0.831623
2025-12-17 12:02:42,679 - INFO - Generation 30
2025-12-17 12:02:42,679 - INFO -   Best: -4.046362
2025-12-17 12:02:42,679 - INFO -   Min: -4.046362
2025-12-17 12:02:42,679 - INFO -   Max: -0.015395
2025-12-17 12:02:42,680 - INFO -   Avg: -1.963553
2025-12-17 12:02:42,680 - INFO -   Std: 0.806955
2025-12-17 12:02:42,875 - INFO - Generation 40
2025-12-17 12:02:42,875 - INFO -   Best: -4.046362
2025-12-17 12:02:42,876 - INFO -   Min: -4.046362
2025-12-17 12:02:42,876 - INFO -   Max: -0.010007
2025-12-17 12:02:42,876 - INFO -   Avg: -2.023865
2025-12-17 12:02:42,876 - INFO -   Std: 0.843633
2025-12-17 12:02:43,075 - INFO - Generation 50
2025-12-17 12:02:43,075 - INFO -   Best: -4.046362
2025-12-17 12:02:43,075 - INFO -   Min: -4.046362
2025-12-17 12:02:43,076 - INFO -   Max: 0.614885
2025-12-17 12:02:43,076 - INFO -   Avg: -1.907686
2025-12-17 12:02:43,076 - INFO -   Std: 0.890553
2025-12-17 12:02:43,274 - INFO - Generation 60
2025-12-17 12:02:43,274 - INFO -   Best: -4.046362
2025-12-17 12:02:43,275 - INFO -   Min: -4.046362
2025-12-17 12:02:43,275 - INFO -   Max: -0.142577
2025-12-17 12:02:43,275 - INFO -   Avg: -2.116905
2025-12-17 12:02:43,275 - INFO -   Std: 0.844076
2025-12-17 12:02:43,471 - INFO - Generation 70
2025-12-17 12:02:43,471 - INFO -   Best: -4.100538
2025-12-17 12:02:43,472 - INFO -   Min: -4.100538
2025-12-17 12:02:43,472 - INFO -   Max: -0.131240
2025-12-17 12:02:43,472 - INFO -   Avg: -2.220975
2025-12-17 12:02:43,472 - INFO -   Std: 0.852521
2025-12-17 12:02:43,670 - INFO - Generation 80
2025-12-17 12:02:43,671 - INFO -   Best: -4.167590
2025-12-17 12:02:43,671 - INFO -   Min: -4.167590
2025-12-17 12:02:43,671 - INFO -   Max: -0.012411
2025-12-17 12:02:43,671 - INFO -   Avg: -2.428656
2025-12-17 12:02:43,671 - INFO -   Std: 0.878218
2025-12-17 12:02:43,870 - INFO - Generation 90
2025-12-17 12:02:43,870 - INFO -   Best: -4.167590
2025-12-17 12:02:43,870 - INFO -   Min: -4.167590
2025-12-17 12:02:43,870 - INFO -   Max: -0.369227
2025-12-17 12:02:43,870 - INFO -   Avg: -2.105288
2025-12-17 12:02:43,871 - INFO -   Std: 0.795127
2025-12-17 12:02:44,070 - INFO - Generation 100
2025-12-17 12:02:44,071 - INFO -   Best: -4.167590
2025-12-17 12:02:44,071 - INFO -   Min: -4.167590
2025-12-17 12:02:44,071 - INFO -   Max: 0.773198
2025-12-17 12:02:44,071 - INFO -   Avg: -2.122208
2025-12-17 12:02:44,071 - INFO -   Std: 0.930727
2025-12-17 12:02:44,270 - INFO - Generation 110
2025-12-17 12:02:44,271 - INFO -   Best: -4.168006
2025-12-17 12:02:44,271 - INFO -   Min: -4.168006
2025-12-17 12:02:44,271 - INFO -   Max: -0.075110
2025-12-17 12:02:44,271 - INFO -   Avg: -2.249147
2025-12-17 12:02:44,271 - INFO -   Std: 0.847309
2025-12-17 12:02:44,484 - INFO - Generation 120
2025-12-17 12:02:44,484 - INFO -   Best: -4.168006
2025-12-17 12:02:44,484 - INFO -   Min: -4.168006
2025-12-17 12:02:44,484 - INFO -   Max: 0.152476
2025-12-17 12:02:44,485 - INFO -   Avg: -2.309777
2025-12-17 12:02:44,485 - INFO -   Std: 0.907894
2025-12-17 12:02:44,685 - INFO - Generation 130
2025-12-17 12:02:44,685 - INFO -   Best: -4.168006
2025-12-17 12:02:44,686 - INFO -   Min: -4.168006
2025-12-17 12:02:44,686 - INFO -   Max: -0.310892
2025-12-17 12:02:44,686 - INFO -   Avg: -2.352652
2025-12-17 12:02:44,686 - INFO -   Std: 0.983176
2025-12-17 12:02:44,887 - INFO - Generation 140
2025-12-17 12:02:44,888 - INFO -   Best: -4.168006
2025-12-17 12:02:44,888 - INFO -   Min: -4.168006
2025-12-17 12:02:44,888 - INFO -   Max: -0.018435
2025-12-17 12:02:44,888 - INFO -   Avg: -2.216300
2025-12-17 12:02:44,888 - INFO -   Std: 0.883858
2025-12-17 12:02:45,087 - INFO - Generation 150
2025-12-17 12:02:45,088 - INFO -   Best: -4.168006
2025-12-17 12:02:45,088 - INFO -   Min: -4.168006
2025-12-17 12:02:45,088 - INFO -   Max: -0.309421
2025-12-17 12:02:45,088 - INFO -   Avg: -2.390679
2025-12-17 12:02:45,088 - INFO -   Std: 0.776926
2025-12-17 12:02:45,286 - INFO - Generation 160
2025-12-17 12:02:45,287 - INFO -   Best: -4.168006
2025-12-17 12:02:45,287 - INFO -   Min: -4.168006
2025-12-17 12:02:45,287 - INFO -   Max: 0.114781
2025-12-17 12:02:45,287 - INFO -   Avg: -2.278505
2025-12-17 12:02:45,287 - INFO -   Std: 0.994758
2025-12-17 12:02:45,486 - INFO - Generation 170
2025-12-17 12:02:45,487 - INFO -   Best: -4.168006
2025-12-17 12:02:45,487 - INFO -   Min: -4.168006
2025-12-17 12:02:45,487 - INFO -   Max: -0.112730
2025-12-17 12:02:45,487 - INFO -   Avg: -2.101628
2025-12-17 12:02:45,487 - INFO -   Std: 0.877842
2025-12-17 12:02:45,689 - INFO - Generation 180
2025-12-17 12:02:45,689 - INFO -   Best: -4.168006
2025-12-17 12:02:45,689 - INFO -   Min: -4.168006
2025-12-17 12:02:45,689 - INFO -   Max: 1.194154
2025-12-17 12:02:45,689 - INFO -   Avg: -1.998991
2025-12-17 12:02:45,690 - INFO -   Std: 0.950542
2025-12-17 12:02:45,886 - INFO - Generation 190
2025-12-17 12:02:45,886 - INFO -   Best: -4.168006
2025-12-17 12:02:45,886 - INFO -   Min: -4.168006
2025-12-17 12:02:45,886 - INFO -   Max: -0.000107
2025-12-17 12:02:45,886 - INFO -   Avg: -2.241524
2025-12-17 12:02:45,886 - INFO -   Std: 0.860587
2025-12-17 12:02:46,086 - INFO - Generation 200
2025-12-17 12:02:46,086 - INFO -   Best: -4.168006
2025-12-17 12:02:46,086 - INFO -   Min: -4.168006
2025-12-17 12:02:46,087 - INFO -   Max: 0.134539
2025-12-17 12:02:46,087 - INFO -   Avg: -2.025689
2025-12-17 12:02:46,087 - INFO -   Std: 0.874337
2025-12-17 12:02:46,092 - INFO - 
Final best fitness: -4.1680064536
2025-12-17 12:02:46,092 - INFO - Execution time: 4.00s
