2025-12-17 11:43:03,817 - INFO - Representation: Real
2025-12-17 11:43:03,818 - INFO - Number of genes: 20
2025-12-17 11:43:03,818 - INFO - Bounds: [-100, 100]
2025-12-17 11:43:03,818 - INFO - Function: f16_2014
2025-12-17 11:43:03,818 - INFO - Population size: 100
2025-12-17 11:43:03,818 - INFO - Generations: 200
2025-12-17 11:43:03,818 - INFO - Selection: tournament
2025-12-17 11:43:03,819 - INFO - Crossover: single_point
2025-12-17 11:43:03,819 - INFO - Mutation: random
2025-12-17 11:43:03,819 - INFO - 
2025-12-17 11:43:04,156 - INFO - Generation 10
2025-12-17 11:43:04,157 - INFO -   Best: 1608.524670
2025-12-17 11:43:04,157 - INFO -   Min: 1608.524670
2025-12-17 11:43:04,157 - INFO -   Max: 1610.664246
2025-12-17 11:43:04,157 - INFO -   Avg: 1609.674069
2025-12-17 11:43:04,158 - INFO -   Std: 0.466035
2025-12-17 11:43:04,438 - INFO - Generation 20
2025-12-17 11:43:04,438 - INFO -   Best: 1608.328179
2025-12-17 11:43:04,439 - INFO -   Min: 1608.328179
2025-12-17 11:43:04,439 - INFO -   Max: 1611.290135
2025-12-17 11:43:04,439 - INFO -   Avg: 1609.529206
2025-12-17 11:43:04,439 - INFO -   Std: 0.551425
2025-12-17 11:43:04,715 - INFO - Generation 30
2025-12-17 11:43:04,715 - INFO -   Best: 1608.084197
2025-12-17 11:43:04,715 - INFO -   Min: 1608.084197
2025-12-17 11:43:04,715 - INFO -   Max: 1610.741510
2025-12-17 11:43:04,715 - INFO -   Avg: 1609.082562
2025-12-17 11:43:04,716 - INFO -   Std: 0.563280
2025-12-17 11:43:04,991 - INFO - Generation 40
2025-12-17 11:43:04,992 - INFO -   Best: 1607.414280
2025-12-17 11:43:04,992 - INFO -   Min: 1607.414280
2025-12-17 11:43:04,992 - INFO -   Max: 1611.032271
2025-12-17 11:43:04,992 - INFO -   Avg: 1608.796544
2025-12-17 11:43:04,992 - INFO -   Std: 0.703497
2025-12-17 11:43:05,272 - INFO - Generation 50
2025-12-17 11:43:05,273 - INFO -   Best: 1606.992504
2025-12-17 11:43:05,273 - INFO -   Min: 1606.992504
2025-12-17 11:43:05,273 - INFO -   Max: 1610.814644
2025-12-17 11:43:05,273 - INFO -   Avg: 1608.722303
2025-12-17 11:43:05,273 - INFO -   Std: 0.808814
2025-12-17 11:43:05,551 - INFO - Generation 60
2025-12-17 11:43:05,552 - INFO -   Best: 1606.992504
2025-12-17 11:43:05,552 - INFO -   Min: 1606.992504
2025-12-17 11:43:05,552 - INFO -   Max: 1611.026945
2025-12-17 11:43:05,552 - INFO -   Avg: 1608.840248
2025-12-17 11:43:05,552 - INFO -   Std: 0.755408
2025-12-17 11:43:05,839 - INFO - Generation 70
2025-12-17 11:43:05,839 - INFO -   Best: 1606.941097
2025-12-17 11:43:05,840 - INFO -   Min: 1606.941097
2025-12-17 11:43:05,840 - INFO -   Max: 1611.056952
2025-12-17 11:43:05,840 - INFO -   Avg: 1608.775440
2025-12-17 11:43:05,840 - INFO -   Std: 0.842813
2025-12-17 11:43:06,117 - INFO - Generation 80
2025-12-17 11:43:06,118 - INFO -   Best: 1606.811954
2025-12-17 11:43:06,118 - INFO -   Min: 1606.811954
2025-12-17 11:43:06,118 - INFO -   Max: 1610.930561
2025-12-17 11:43:06,118 - INFO -   Avg: 1608.823906
2025-12-17 11:43:06,118 - INFO -   Std: 0.789392
2025-12-17 11:43:06,395 - INFO - Generation 90
2025-12-17 11:43:06,395 - INFO -   Best: 1606.809547
2025-12-17 11:43:06,395 - INFO -   Min: 1606.809547
2025-12-17 11:43:06,395 - INFO -   Max: 1610.636574
2025-12-17 11:43:06,395 - INFO -   Avg: 1608.629680
2025-12-17 11:43:06,396 - INFO -   Std: 0.759549
2025-12-17 11:43:06,670 - INFO - Generation 100
2025-12-17 11:43:06,671 - INFO -   Best: 1606.783557
2025-12-17 11:43:06,671 - INFO -   Min: 1606.783557
2025-12-17 11:43:06,671 - INFO -   Max: 1610.579763
2025-12-17 11:43:06,671 - INFO -   Avg: 1608.602114
2025-12-17 11:43:06,671 - INFO -   Std: 0.782194
2025-12-17 11:43:06,946 - INFO - Generation 110
2025-12-17 11:43:06,947 - INFO -   Best: 1606.509979
2025-12-17 11:43:06,947 - INFO -   Min: 1606.509979
2025-12-17 11:43:06,947 - INFO -   Max: 1610.763884
2025-12-17 11:43:06,947 - INFO -   Avg: 1608.970421
2025-12-17 11:43:06,947 - INFO -   Std: 0.862399
2025-12-17 11:43:07,222 - INFO - Generation 120
2025-12-17 11:43:07,222 - INFO -   Best: 1606.509979
2025-12-17 11:43:07,222 - INFO -   Min: 1606.509979
2025-12-17 11:43:07,222 - INFO -   Max: 1610.213032
2025-12-17 11:43:07,222 - INFO -   Avg: 1608.520016
2025-12-17 11:43:07,222 - INFO -   Std: 0.942497
2025-12-17 11:43:07,497 - INFO - Generation 130
2025-12-17 11:43:07,497 - INFO -   Best: 1606.202123
2025-12-17 11:43:07,497 - INFO -   Min: 1606.202123
2025-12-17 11:43:07,497 - INFO -   Max: 1610.420619
2025-12-17 11:43:07,497 - INFO -   Avg: 1608.374966
2025-12-17 11:43:07,498 - INFO -   Std: 0.890371
2025-12-17 11:43:07,772 - INFO - Generation 140
2025-12-17 11:43:07,773 - INFO -   Best: 1606.202123
2025-12-17 11:43:07,773 - INFO -   Min: 1606.202123
2025-12-17 11:43:07,773 - INFO -   Max: 1611.526398
2025-12-17 11:43:07,773 - INFO -   Avg: 1608.708482
2025-12-17 11:43:07,773 - INFO -   Std: 0.911089
2025-12-17 11:43:08,046 - INFO - Generation 150
2025-12-17 11:43:08,046 - INFO -   Best: 1606.201981
2025-12-17 11:43:08,046 - INFO -   Min: 1606.201981
2025-12-17 11:43:08,046 - INFO -   Max: 1610.937782
2025-12-17 11:43:08,046 - INFO -   Avg: 1608.750354
2025-12-17 11:43:08,046 - INFO -   Std: 0.887591
2025-12-17 11:43:08,318 - INFO - Generation 160
2025-12-17 11:43:08,319 - INFO -   Best: 1606.201981
2025-12-17 11:43:08,319 - INFO -   Min: 1606.201981
2025-12-17 11:43:08,319 - INFO -   Max: 1610.918851
2025-12-17 11:43:08,319 - INFO -   Avg: 1608.144482
2025-12-17 11:43:08,319 - INFO -   Std: 0.938342
2025-12-17 11:43:08,591 - INFO - Generation 170
2025-12-17 11:43:08,591 - INFO -   Best: 1606.060860
2025-12-17 11:43:08,591 - INFO -   Min: 1606.060860
2025-12-17 11:43:08,591 - INFO -   Max: 1610.829374
2025-12-17 11:43:08,592 - INFO -   Avg: 1608.223170
2025-12-17 11:43:08,592 - INFO -   Std: 0.896100
2025-12-17 11:43:08,865 - INFO - Generation 180
2025-12-17 11:43:08,865 - INFO -   Best: 1606.059937
2025-12-17 11:43:08,865 - INFO -   Min: 1606.059937
2025-12-17 11:43:08,866 - INFO -   Max: 1610.255364
2025-12-17 11:43:08,866 - INFO -   Avg: 1608.161241
2025-12-17 11:43:08,866 - INFO -   Std: 0.893720
2025-12-17 11:43:09,136 - INFO - Generation 190
2025-12-17 11:43:09,136 - INFO -   Best: 1606.055094
2025-12-17 11:43:09,136 - INFO -   Min: 1606.055094
2025-12-17 11:43:09,137 - INFO -   Max: 1610.194215
2025-12-17 11:43:09,137 - INFO -   Avg: 1608.488581
2025-12-17 11:43:09,137 - INFO -   Std: 0.862308
2025-12-17 11:43:09,407 - INFO - Generation 200
2025-12-17 11:43:09,407 - INFO -   Best: 1606.053575
2025-12-17 11:43:09,407 - INFO -   Min: 1606.053575
2025-12-17 11:43:09,408 - INFO -   Max: 1610.995367
2025-12-17 11:43:09,408 - INFO -   Avg: 1608.248815
2025-12-17 11:43:09,408 - INFO -   Std: 0.982366
2025-12-17 11:43:09,425 - INFO - 
Final best fitness: 1606.0535747315
2025-12-17 11:43:09,425 - INFO - Execution time: 5.55s
