2025-12-17 12:19:37,769 - INFO - Representation: Real
2025-12-17 12:19:37,770 - INFO - Number of genes: 30
2025-12-17 12:19:37,770 - INFO - Bounds: [-100, 100]
2025-12-17 12:19:37,770 - INFO - Function: f16_2014
2025-12-17 12:19:37,770 - INFO - Population size: 100
2025-12-17 12:19:37,770 - INFO - Generations: 200
2025-12-17 12:19:37,770 - INFO - Selection: rws
2025-12-17 12:19:37,770 - INFO - Crossover: two_points
2025-12-17 12:19:37,771 - INFO - Mutation: swap
2025-12-17 12:19:37,771 - INFO - 
2025-12-17 12:19:38,196 - INFO - Generation 10
2025-12-17 12:19:38,196 - INFO -   Best: 1613.993206
2025-12-17 12:19:38,196 - INFO -   Min: 1613.993206
2025-12-17 12:19:38,196 - INFO -   Max: 1615.727915
2025-12-17 12:19:38,196 - INFO -   Avg: 1614.962073
2025-12-17 12:19:38,197 - INFO -   Std: 0.343191
2025-12-17 12:19:38,560 - INFO - Generation 20
2025-12-17 12:19:38,560 - INFO -   Best: 1613.599157
2025-12-17 12:19:38,560 - INFO -   Min: 1613.599157
2025-12-17 12:19:38,560 - INFO -   Max: 1616.263923
2025-12-17 12:19:38,561 - INFO -   Avg: 1615.023195
2025-12-17 12:19:38,561 - INFO -   Std: 0.357957
2025-12-17 12:19:38,914 - INFO - Generation 30
2025-12-17 12:19:38,915 - INFO -   Best: 1613.583841
2025-12-17 12:19:38,915 - INFO -   Min: 1613.583841
2025-12-17 12:19:38,915 - INFO -   Max: 1616.018042
2025-12-17 12:19:38,915 - INFO -   Avg: 1614.988044
2025-12-17 12:19:38,915 - INFO -   Std: 0.373216
2025-12-17 12:19:39,274 - INFO - Generation 40
2025-12-17 12:19:39,274 - INFO -   Best: 1613.583841
2025-12-17 12:19:39,274 - INFO -   Min: 1613.583841
2025-12-17 12:19:39,274 - INFO -   Max: 1616.242445
2025-12-17 12:19:39,275 - INFO -   Avg: 1614.987473
2025-12-17 12:19:39,275 - INFO -   Std: 0.368378
2025-12-17 12:19:39,637 - INFO - Generation 50
2025-12-17 12:19:39,637 - INFO -   Best: 1613.583841
2025-12-17 12:19:39,637 - INFO -   Min: 1613.583841
2025-12-17 12:19:39,637 - INFO -   Max: 1615.992940
2025-12-17 12:19:39,637 - INFO -   Avg: 1614.930067
2025-12-17 12:19:39,638 - INFO -   Std: 0.404220
2025-12-17 12:19:39,996 - INFO - Generation 60
2025-12-17 12:19:39,996 - INFO -   Best: 1613.583841
2025-12-17 12:19:39,996 - INFO -   Min: 1613.583841
2025-12-17 12:19:39,997 - INFO -   Max: 1615.639524
2025-12-17 12:19:39,997 - INFO -   Avg: 1614.906065
2025-12-17 12:19:39,997 - INFO -   Std: 0.334875
2025-12-17 12:19:40,353 - INFO - Generation 70
2025-12-17 12:19:40,353 - INFO -   Best: 1613.583841
2025-12-17 12:19:40,353 - INFO -   Min: 1613.583841
2025-12-17 12:19:40,354 - INFO -   Max: 1615.629445
2025-12-17 12:19:40,354 - INFO -   Avg: 1614.989747
2025-12-17 12:19:40,354 - INFO -   Std: 0.363951
2025-12-17 12:19:40,709 - INFO - Generation 80
2025-12-17 12:19:40,709 - INFO -   Best: 1613.583841
2025-12-17 12:19:40,709 - INFO -   Min: 1613.583841
2025-12-17 12:19:40,709 - INFO -   Max: 1615.862428
2025-12-17 12:19:40,709 - INFO -   Avg: 1614.980620
2025-12-17 12:19:40,709 - INFO -   Std: 0.431100
2025-12-17 12:19:41,064 - INFO - Generation 90
2025-12-17 12:19:41,064 - INFO -   Best: 1613.571557
2025-12-17 12:19:41,064 - INFO -   Min: 1613.571557
2025-12-17 12:19:41,064 - INFO -   Max: 1615.623114
2025-12-17 12:19:41,065 - INFO -   Avg: 1614.911861
2025-12-17 12:19:41,065 - INFO -   Std: 0.384038
2025-12-17 12:19:41,419 - INFO - Generation 100
2025-12-17 12:19:41,420 - INFO -   Best: 1613.571557
2025-12-17 12:19:41,420 - INFO -   Min: 1613.571557
2025-12-17 12:19:41,420 - INFO -   Max: 1616.144018
2025-12-17 12:19:41,420 - INFO -   Avg: 1615.077918
2025-12-17 12:19:41,420 - INFO -   Std: 0.429586
2025-12-17 12:19:41,777 - INFO - Generation 110
2025-12-17 12:19:41,778 - INFO -   Best: 1613.453277
2025-12-17 12:19:41,778 - INFO -   Min: 1613.453277
2025-12-17 12:19:41,778 - INFO -   Max: 1616.292647
2025-12-17 12:19:41,779 - INFO -   Avg: 1614.972245
2025-12-17 12:19:41,779 - INFO -   Std: 0.525818
2025-12-17 12:19:42,136 - INFO - Generation 120
2025-12-17 12:19:42,137 - INFO -   Best: 1613.287407
2025-12-17 12:19:42,137 - INFO -   Min: 1613.287407
2025-12-17 12:19:42,137 - INFO -   Max: 1616.201863
2025-12-17 12:19:42,137 - INFO -   Avg: 1614.942436
2025-12-17 12:19:42,137 - INFO -   Std: 0.579799
2025-12-17 12:19:42,493 - INFO - Generation 130
2025-12-17 12:19:42,494 - INFO -   Best: 1613.287407
2025-12-17 12:19:42,494 - INFO -   Min: 1613.287407
2025-12-17 12:19:42,495 - INFO -   Max: 1616.165083
2025-12-17 12:19:42,495 - INFO -   Avg: 1615.149010
2025-12-17 12:19:42,495 - INFO -   Std: 0.548652
2025-12-17 12:19:42,845 - INFO - Generation 140
2025-12-17 12:19:42,846 - INFO -   Best: 1613.287407
2025-12-17 12:19:42,846 - INFO -   Min: 1613.287407
2025-12-17 12:19:42,846 - INFO -   Max: 1617.124770
2025-12-17 12:19:42,846 - INFO -   Avg: 1615.133520
2025-12-17 12:19:42,847 - INFO -   Std: 0.617216
2025-12-17 12:19:43,196 - INFO - Generation 150
2025-12-17 12:19:43,196 - INFO -   Best: 1613.221117
2025-12-17 12:19:43,197 - INFO -   Min: 1613.221117
2025-12-17 12:19:43,197 - INFO -   Max: 1616.269585
2025-12-17 12:19:43,197 - INFO -   Avg: 1615.130723
2025-12-17 12:19:43,197 - INFO -   Std: 0.517038
2025-12-17 12:19:43,543 - INFO - Generation 160
2025-12-17 12:19:43,544 - INFO -   Best: 1613.221117
2025-12-17 12:19:43,544 - INFO -   Min: 1613.221117
2025-12-17 12:19:43,544 - INFO -   Max: 1616.474696
2025-12-17 12:19:43,544 - INFO -   Avg: 1615.209617
2025-12-17 12:19:43,544 - INFO -   Std: 0.601525
2025-12-17 12:19:43,886 - INFO - Generation 170
2025-12-17 12:19:43,886 - INFO -   Best: 1613.221117
2025-12-17 12:19:43,886 - INFO -   Min: 1613.221117
2025-12-17 12:19:43,886 - INFO -   Max: 1616.210243
2025-12-17 12:19:43,886 - INFO -   Avg: 1615.029805
2025-12-17 12:19:43,887 - INFO -   Std: 0.526162
2025-12-17 12:19:44,229 - INFO - Generation 180
2025-12-17 12:19:44,230 - INFO -   Best: 1613.221117
2025-12-17 12:19:44,230 - INFO -   Min: 1613.221117
2025-12-17 12:19:44,230 - INFO -   Max: 1615.932317
2025-12-17 12:19:44,230 - INFO -   Avg: 1614.878170
2025-12-17 12:19:44,230 - INFO -   Std: 0.518394
2025-12-17 12:19:44,542 - INFO - Generation 190
2025-12-17 12:19:44,542 - INFO -   Best: 1613.138092
2025-12-17 12:19:44,542 - INFO -   Min: 1613.138092
2025-12-17 12:19:44,542 - INFO -   Max: 1616.279547
2025-12-17 12:19:44,543 - INFO -   Avg: 1615.103984
2025-12-17 12:19:44,543 - INFO -   Std: 0.493992
2025-12-17 12:19:44,870 - INFO - Generation 200
2025-12-17 12:19:44,871 - INFO -   Best: 1613.138092
2025-12-17 12:19:44,871 - INFO -   Min: 1613.138092
2025-12-17 12:19:44,871 - INFO -   Max: 1616.000519
2025-12-17 12:19:44,871 - INFO -   Avg: 1615.023131
2025-12-17 12:19:44,872 - INFO -   Std: 0.536747
2025-12-17 12:19:44,894 - INFO - 
Final best fitness: 1613.1380923007
2025-12-17 12:19:44,895 - INFO - Execution time: 7.06s
