2025-12-17 12:24:14,011 - INFO - Representation: Real
2025-12-17 12:24:14,011 - INFO - Number of genes: 2
2025-12-17 12:24:14,012 - INFO - Bounds: [0, 3.141592653589793]
2025-12-17 12:24:14,012 - INFO - Function: michalewicz
2025-12-17 12:24:14,012 - INFO - Population size: 100
2025-12-17 12:24:14,012 - INFO - Generations: 200
2025-12-17 12:24:14,012 - INFO - Selection: rws
2025-12-17 12:24:14,012 - INFO - Crossover: two_points
2025-12-17 12:24:14,012 - INFO - Mutation: swap
2025-12-17 12:24:14,013 - INFO - 
2025-12-17 12:24:14,058 - INFO - Generation 10
2025-12-17 12:24:14,058 - INFO -   Best: -1.691542
2025-12-17 12:24:14,058 - INFO -   Min: -1.691542
2025-12-17 12:24:14,058 - INFO -   Max: -0.000374
2025-12-17 12:24:14,059 - INFO -   Avg: -0.879507
2025-12-17 12:24:14,059 - INFO -   Std: 0.237885
2025-12-17 12:24:14,099 - INFO - Generation 20
2025-12-17 12:24:14,099 - INFO -   Best: -1.691542
2025-12-17 12:24:14,099 - INFO -   Min: -1.691542
2025-12-17 12:24:14,099 - INFO -   Max: -0.000374
2025-12-17 12:24:14,100 - INFO -   Avg: -0.907399
2025-12-17 12:24:14,100 - INFO -   Std: 0.230812
2025-12-17 12:24:14,138 - INFO - Generation 30
2025-12-17 12:24:14,138 - INFO -   Best: -1.691542
2025-12-17 12:24:14,138 - INFO -   Min: -1.691542
2025-12-17 12:24:14,138 - INFO -   Max: -0.000374
2025-12-17 12:24:14,138 - INFO -   Avg: -0.901261
2025-12-17 12:24:14,139 - INFO -   Std: 0.229963
2025-12-17 12:24:14,176 - INFO - Generation 40
2025-12-17 12:24:14,177 - INFO -   Best: -1.691542
2025-12-17 12:24:14,177 - INFO -   Min: -1.691542
2025-12-17 12:24:14,177 - INFO -   Max: -0.000374
2025-12-17 12:24:14,177 - INFO -   Avg: -0.867318
2025-12-17 12:24:14,177 - INFO -   Std: 0.290306
2025-12-17 12:24:14,216 - INFO - Generation 50
2025-12-17 12:24:14,216 - INFO -   Best: -1.691542
2025-12-17 12:24:14,216 - INFO -   Min: -1.691542
2025-12-17 12:24:14,217 - INFO -   Max: -0.000374
2025-12-17 12:24:14,217 - INFO -   Avg: -0.946046
2025-12-17 12:24:14,217 - INFO -   Std: 0.138073
2025-12-17 12:24:14,255 - INFO - Generation 60
2025-12-17 12:24:14,255 - INFO -   Best: -1.691542
2025-12-17 12:24:14,255 - INFO -   Min: -1.691542
2025-12-17 12:24:14,255 - INFO -   Max: -0.000374
2025-12-17 12:24:14,255 - INFO -   Avg: -0.938924
2025-12-17 12:24:14,256 - INFO -   Std: 0.167062
2025-12-17 12:24:14,293 - INFO - Generation 70
2025-12-17 12:24:14,293 - INFO -   Best: -1.691542
2025-12-17 12:24:14,294 - INFO -   Min: -1.691542
2025-12-17 12:24:14,294 - INFO -   Max: -0.001991
2025-12-17 12:24:14,294 - INFO -   Avg: -0.946935
2025-12-17 12:24:14,294 - INFO -   Std: 0.137925
2025-12-17 12:24:14,332 - INFO - Generation 80
2025-12-17 12:24:14,332 - INFO -   Best: -1.691542
2025-12-17 12:24:14,333 - INFO -   Min: -1.691542
2025-12-17 12:24:14,333 - INFO -   Max: -0.001991
2025-12-17 12:24:14,333 - INFO -   Avg: -0.901211
2025-12-17 12:24:14,333 - INFO -   Std: 0.248063
2025-12-17 12:24:14,372 - INFO - Generation 90
2025-12-17 12:24:14,372 - INFO -   Best: -1.691542
2025-12-17 12:24:14,372 - INFO -   Min: -1.691542
2025-12-17 12:24:14,372 - INFO -   Max: -0.000374
2025-12-17 12:24:14,372 - INFO -   Avg: -0.911573
2025-12-17 12:24:14,372 - INFO -   Std: 0.231314
2025-12-17 12:24:14,414 - INFO - Generation 100
2025-12-17 12:24:14,414 - INFO -   Best: -1.691542
2025-12-17 12:24:14,414 - INFO -   Min: -1.691542
2025-12-17 12:24:14,415 - INFO -   Max: -0.000374
2025-12-17 12:24:14,415 - INFO -   Avg: -0.910717
2025-12-17 12:24:14,415 - INFO -   Std: 0.231337
2025-12-17 12:24:14,454 - INFO - Generation 110
2025-12-17 12:24:14,454 - INFO -   Best: -1.691542
2025-12-17 12:24:14,454 - INFO -   Min: -1.691542
2025-12-17 12:24:14,455 - INFO -   Max: -0.000374
2025-12-17 12:24:14,455 - INFO -   Avg: -0.929462
2025-12-17 12:24:14,455 - INFO -   Std: 0.191351
2025-12-17 12:24:14,493 - INFO - Generation 120
2025-12-17 12:24:14,494 - INFO -   Best: -1.691542
2025-12-17 12:24:14,494 - INFO -   Min: -1.691542
2025-12-17 12:24:14,494 - INFO -   Max: -0.000374
2025-12-17 12:24:14,494 - INFO -   Avg: -0.898730
2025-12-17 12:24:14,494 - INFO -   Std: 0.229730
2025-12-17 12:24:14,533 - INFO - Generation 130
2025-12-17 12:24:14,533 - INFO -   Best: -1.691542
2025-12-17 12:24:14,533 - INFO -   Min: -1.691542
2025-12-17 12:24:14,533 - INFO -   Max: -0.001991
2025-12-17 12:24:14,533 - INFO -   Avg: -0.907984
2025-12-17 12:24:14,534 - INFO -   Std: 0.189417
2025-12-17 12:24:14,576 - INFO - Generation 140
2025-12-17 12:24:14,577 - INFO -   Best: -1.691542
2025-12-17 12:24:14,577 - INFO -   Min: -1.691542
2025-12-17 12:24:14,577 - INFO -   Max: -0.000374
2025-12-17 12:24:14,577 - INFO -   Avg: -0.834025
2025-12-17 12:24:14,577 - INFO -   Std: 0.309943
2025-12-17 12:24:14,620 - INFO - Generation 150
2025-12-17 12:24:14,620 - INFO -   Best: -1.691542
2025-12-17 12:24:14,620 - INFO -   Min: -1.691542
2025-12-17 12:24:14,621 - INFO -   Max: -0.001991
2025-12-17 12:24:14,621 - INFO -   Avg: -0.898509
2025-12-17 12:24:14,621 - INFO -   Std: 0.209697
2025-12-17 12:24:14,663 - INFO - Generation 160
2025-12-17 12:24:14,663 - INFO -   Best: -1.718935
2025-12-17 12:24:14,664 - INFO -   Min: -1.718935
2025-12-17 12:24:14,664 - INFO -   Max: -0.001991
2025-12-17 12:24:14,664 - INFO -   Avg: -0.818829
2025-12-17 12:24:14,664 - INFO -   Std: 0.334864
2025-12-17 12:24:14,709 - INFO - Generation 170
2025-12-17 12:24:14,709 - INFO -   Best: -1.718935
2025-12-17 12:24:14,709 - INFO -   Min: -1.718935
2025-12-17 12:24:14,709 - INFO -   Max: -0.920644
2025-12-17 12:24:14,709 - INFO -   Avg: -0.944554
2025-12-17 12:24:14,710 - INFO -   Std: 0.111316
2025-12-17 12:24:14,751 - INFO - Generation 180
2025-12-17 12:24:14,751 - INFO -   Best: -1.718935
2025-12-17 12:24:14,752 - INFO -   Min: -1.718935
2025-12-17 12:24:14,752 - INFO -   Max: -0.001991
2025-12-17 12:24:14,752 - INFO -   Avg: -0.920556
2025-12-17 12:24:14,752 - INFO -   Std: 0.195904
2025-12-17 12:24:14,795 - INFO - Generation 190
2025-12-17 12:24:14,796 - INFO -   Best: -1.718935
2025-12-17 12:24:14,796 - INFO -   Min: -1.718935
2025-12-17 12:24:14,796 - INFO -   Max: -0.001991
2025-12-17 12:24:14,796 - INFO -   Avg: -0.898895
2025-12-17 12:24:14,796 - INFO -   Std: 0.233867
2025-12-17 12:24:14,837 - INFO - Generation 200
2025-12-17 12:24:14,837 - INFO -   Best: -1.718935
2025-12-17 12:24:14,837 - INFO -   Min: -1.718935
2025-12-17 12:24:14,838 - INFO -   Max: -0.001991
2025-12-17 12:24:14,838 - INFO -   Avg: -0.906438
2025-12-17 12:24:14,838 - INFO -   Std: 0.215594
2025-12-17 12:24:14,840 - INFO - 
Final best fitness: -1.7189354989
2025-12-17 12:24:14,841 - INFO - Execution time: 0.83s
