2025-12-17 12:09:16,575 - INFO - Representation: Binary
2025-12-17 12:09:16,576 - INFO - Bits per variable: 12
2025-12-17 12:09:16,576 - INFO - Total genes: 120
2025-12-17 12:09:16,576 - INFO - Function: michalewicz
2025-12-17 12:09:16,576 - INFO - Population size: 100
2025-12-17 12:09:16,576 - INFO - Generations: 200
2025-12-17 12:09:16,577 - INFO - Selection: rws
2025-12-17 12:09:16,577 - INFO - Crossover: two_points
2025-12-17 12:09:16,577 - INFO - Mutation: swap
2025-12-17 12:09:16,577 - INFO - 
2025-12-17 12:09:16,895 - INFO - Generation 10
2025-12-17 12:09:16,895 - INFO -   Best: -6.313901
2025-12-17 12:09:16,895 - INFO -   Min: -6.313901
2025-12-17 12:09:16,896 - INFO -   Max: -1.587567
2025-12-17 12:09:16,896 - INFO -   Avg: -3.703446
2025-12-17 12:09:16,896 - INFO -   Std: 1.012508
2025-12-17 12:09:16,999 - INFO - Generation 20
2025-12-17 12:09:16,999 - INFO -   Best: -8.179671
2025-12-17 12:09:16,999 - INFO -   Min: -8.179671
2025-12-17 12:09:16,999 - INFO -   Max: -2.667428
2025-12-17 12:09:16,999 - INFO -   Avg: -4.999584
2025-12-17 12:09:17,001 - INFO -   Std: 1.173848
2025-12-17 12:09:17,105 - INFO - Generation 30
2025-12-17 12:09:17,105 - INFO -   Best: -8.448407
2025-12-17 12:09:17,106 - INFO -   Min: -8.448407
2025-12-17 12:09:17,106 - INFO -   Max: -1.239974
2025-12-17 12:09:17,106 - INFO -   Avg: -5.394016
2025-12-17 12:09:17,106 - INFO -   Std: 1.320814
2025-12-17 12:09:17,213 - INFO - Generation 40
2025-12-17 12:09:17,213 - INFO -   Best: -8.448407
2025-12-17 12:09:17,213 - INFO -   Min: -8.448407
2025-12-17 12:09:17,213 - INFO -   Max: -2.332866
2025-12-17 12:09:17,213 - INFO -   Avg: -4.841397
2025-12-17 12:09:17,213 - INFO -   Std: 1.246756
2025-12-17 12:09:17,322 - INFO - Generation 50
2025-12-17 12:09:17,322 - INFO -   Best: -8.673620
2025-12-17 12:09:17,323 - INFO -   Min: -8.673620
2025-12-17 12:09:17,323 - INFO -   Max: -1.986166
2025-12-17 12:09:17,323 - INFO -   Avg: -5.825261
2025-12-17 12:09:17,323 - INFO -   Std: 1.280991
2025-12-17 12:09:17,432 - INFO - Generation 60
2025-12-17 12:09:17,433 - INFO -   Best: -8.802721
2025-12-17 12:09:17,433 - INFO -   Min: -8.802721
2025-12-17 12:09:17,433 - INFO -   Max: -3.517633
2025-12-17 12:09:17,433 - INFO -   Avg: -6.166832
2025-12-17 12:09:17,433 - INFO -   Std: 1.249925
2025-12-17 12:09:17,546 - INFO - Generation 70
2025-12-17 12:09:17,546 - INFO -   Best: -8.828117
2025-12-17 12:09:17,546 - INFO -   Min: -8.828117
2025-12-17 12:09:17,547 - INFO -   Max: -4.141636
2025-12-17 12:09:17,547 - INFO -   Avg: -6.899733
2025-12-17 12:09:17,547 - INFO -   Std: 1.123059
2025-12-17 12:09:17,661 - INFO - Generation 80
2025-12-17 12:09:17,661 - INFO -   Best: -8.842299
2025-12-17 12:09:17,661 - INFO -   Min: -8.842299
2025-12-17 12:09:17,662 - INFO -   Max: -3.821904
2025-12-17 12:09:17,662 - INFO -   Avg: -6.228485
2025-12-17 12:09:17,662 - INFO -   Std: 1.126643
2025-12-17 12:09:17,777 - INFO - Generation 90
2025-12-17 12:09:17,777 - INFO -   Best: -8.844645
2025-12-17 12:09:17,777 - INFO -   Min: -8.844645
2025-12-17 12:09:17,777 - INFO -   Max: -4.150873
2025-12-17 12:09:17,777 - INFO -   Avg: -6.696374
2025-12-17 12:09:17,778 - INFO -   Std: 1.143622
2025-12-17 12:09:17,905 - INFO - Generation 100
2025-12-17 12:09:17,905 - INFO -   Best: -8.849538
2025-12-17 12:09:17,905 - INFO -   Min: -8.849538
2025-12-17 12:09:17,905 - INFO -   Max: -3.669197
2025-12-17 12:09:17,906 - INFO -   Avg: -6.706630
2025-12-17 12:09:17,906 - INFO -   Std: 1.101207
2025-12-17 12:09:18,016 - INFO - Generation 110
2025-12-17 12:09:18,016 - INFO -   Best: -8.860602
2025-12-17 12:09:18,016 - INFO -   Min: -8.860602
2025-12-17 12:09:18,017 - INFO -   Max: -3.228014
2025-12-17 12:09:18,017 - INFO -   Avg: -6.309785
2025-12-17 12:09:18,017 - INFO -   Std: 1.170494
2025-12-17 12:09:18,132 - INFO - Generation 120
2025-12-17 12:09:18,132 - INFO -   Best: -8.860602
2025-12-17 12:09:18,132 - INFO -   Min: -8.860602
2025-12-17 12:09:18,132 - INFO -   Max: -2.742551
2025-12-17 12:09:18,133 - INFO -   Avg: -5.953179
2025-12-17 12:09:18,133 - INFO -   Std: 1.222752
2025-12-17 12:09:18,247 - INFO - Generation 130
2025-12-17 12:09:18,247 - INFO -   Best: -8.860603
2025-12-17 12:09:18,247 - INFO -   Min: -8.860603
2025-12-17 12:09:18,248 - INFO -   Max: -4.363089
2025-12-17 12:09:18,248 - INFO -   Avg: -6.568623
2025-12-17 12:09:18,248 - INFO -   Std: 1.045569
2025-12-17 12:09:18,360 - INFO - Generation 140
2025-12-17 12:09:18,360 - INFO -   Best: -8.861971
2025-12-17 12:09:18,360 - INFO -   Min: -8.861971
2025-12-17 12:09:18,361 - INFO -   Max: -4.145761
2025-12-17 12:09:18,361 - INFO -   Avg: -6.834358
2025-12-17 12:09:18,361 - INFO -   Std: 0.979470
2025-12-17 12:09:18,470 - INFO - Generation 150
2025-12-17 12:09:18,470 - INFO -   Best: -8.861971
2025-12-17 12:09:18,470 - INFO -   Min: -8.861971
2025-12-17 12:09:18,470 - INFO -   Max: -3.690775
2025-12-17 12:09:18,470 - INFO -   Avg: -5.994692
2025-12-17 12:09:18,471 - INFO -   Std: 1.135694
2025-12-17 12:09:18,584 - INFO - Generation 160
2025-12-17 12:09:18,584 - INFO -   Best: -8.861971
2025-12-17 12:09:18,584 - INFO -   Min: -8.861971
2025-12-17 12:09:18,585 - INFO -   Max: -4.142976
2025-12-17 12:09:18,585 - INFO -   Avg: -6.696975
2025-12-17 12:09:18,585 - INFO -   Std: 0.974987
2025-12-17 12:09:18,700 - INFO - Generation 170
2025-12-17 12:09:18,700 - INFO -   Best: -8.997551
2025-12-17 12:09:18,700 - INFO -   Min: -8.997551
2025-12-17 12:09:18,700 - INFO -   Max: -2.941754
2025-12-17 12:09:18,700 - INFO -   Avg: -6.518844
2025-12-17 12:09:18,701 - INFO -   Std: 1.290733
2025-12-17 12:09:18,820 - INFO - Generation 180
2025-12-17 12:09:18,821 - INFO -   Best: -9.009010
2025-12-17 12:09:18,821 - INFO -   Min: -9.009010
2025-12-17 12:09:18,821 - INFO -   Max: -4.949481
2025-12-17 12:09:18,821 - INFO -   Avg: -6.972993
2025-12-17 12:09:18,821 - INFO -   Std: 1.005033
2025-12-17 12:09:18,946 - INFO - Generation 190
2025-12-17 12:09:18,946 - INFO -   Best: -9.028306
2025-12-17 12:09:18,946 - INFO -   Min: -9.028306
2025-12-17 12:09:18,946 - INFO -   Max: -4.701801
2025-12-17 12:09:18,946 - INFO -   Avg: -7.215552
2025-12-17 12:09:18,947 - INFO -   Std: 1.061996
2025-12-17 12:09:19,075 - INFO - Generation 200
2025-12-17 12:09:19,076 - INFO -   Best: -9.028306
2025-12-17 12:09:19,076 - INFO -   Min: -9.028306
2025-12-17 12:09:19,076 - INFO -   Max: -4.592597
2025-12-17 12:09:19,076 - INFO -   Avg: -7.339404
2025-12-17 12:09:19,076 - INFO -   Std: 1.031151
2025-12-17 12:09:19,087 - INFO - 
Final best fitness: -9.0283060543
2025-12-17 12:09:19,087 - INFO - Execution time: 2.29s
