2025-12-17 11:43:47,125 - INFO - Representation: Real
2025-12-17 11:43:47,126 - INFO - Number of genes: 20
2025-12-17 11:43:47,126 - INFO - Bounds: [-100, 100]
2025-12-17 11:43:47,126 - INFO - Function: f16_2014
2025-12-17 11:43:47,126 - INFO - Population size: 100
2025-12-17 11:43:47,126 - INFO - Generations: 200
2025-12-17 11:43:47,127 - INFO - Selection: tournament
2025-12-17 11:43:47,127 - INFO - Crossover: single_point
2025-12-17 11:43:47,127 - INFO - Mutation: random
2025-12-17 11:43:47,127 - INFO - 
2025-12-17 11:43:47,451 - INFO - Generation 10
2025-12-17 11:43:47,451 - INFO -   Best: 1608.214638
2025-12-17 11:43:47,451 - INFO -   Min: 1608.214638
2025-12-17 11:43:47,451 - INFO -   Max: 1610.818925
2025-12-17 11:43:47,452 - INFO -   Avg: 1609.514766
2025-12-17 11:43:47,452 - INFO -   Std: 0.451485
2025-12-17 11:43:47,730 - INFO - Generation 20
2025-12-17 11:43:47,730 - INFO -   Best: 1607.857708
2025-12-17 11:43:47,730 - INFO -   Min: 1607.857708
2025-12-17 11:43:47,730 - INFO -   Max: 1610.186124
2025-12-17 11:43:47,730 - INFO -   Avg: 1609.178293
2025-12-17 11:43:47,731 - INFO -   Std: 0.493193
2025-12-17 11:43:48,023 - INFO - Generation 30
2025-12-17 11:43:48,023 - INFO -   Best: 1607.387841
2025-12-17 11:43:48,024 - INFO -   Min: 1607.387841
2025-12-17 11:43:48,024 - INFO -   Max: 1610.407942
2025-12-17 11:43:48,024 - INFO -   Avg: 1609.074364
2025-12-17 11:43:48,024 - INFO -   Std: 0.583867
2025-12-17 11:43:48,296 - INFO - Generation 40
2025-12-17 11:43:48,296 - INFO -   Best: 1607.387841
2025-12-17 11:43:48,296 - INFO -   Min: 1607.387841
2025-12-17 11:43:48,296 - INFO -   Max: 1610.838553
2025-12-17 11:43:48,297 - INFO -   Avg: 1609.088317
2025-12-17 11:43:48,297 - INFO -   Std: 0.661956
2025-12-17 11:43:48,566 - INFO - Generation 50
2025-12-17 11:43:48,567 - INFO -   Best: 1607.142809
2025-12-17 11:43:48,567 - INFO -   Min: 1607.142809
2025-12-17 11:43:48,567 - INFO -   Max: 1610.295817
2025-12-17 11:43:48,567 - INFO -   Avg: 1608.765219
2025-12-17 11:43:48,567 - INFO -   Std: 0.696340
2025-12-17 11:43:48,844 - INFO - Generation 60
2025-12-17 11:43:48,844 - INFO -   Best: 1606.544988
2025-12-17 11:43:48,844 - INFO -   Min: 1606.544988
2025-12-17 11:43:48,844 - INFO -   Max: 1610.411729
2025-12-17 11:43:48,844 - INFO -   Avg: 1608.645754
2025-12-17 11:43:48,844 - INFO -   Std: 0.860489
2025-12-17 11:43:49,117 - INFO - Generation 70
2025-12-17 11:43:49,117 - INFO -   Best: 1606.544988
2025-12-17 11:43:49,118 - INFO -   Min: 1606.544988
2025-12-17 11:43:49,118 - INFO -   Max: 1610.903663
2025-12-17 11:43:49,118 - INFO -   Avg: 1608.530263
2025-12-17 11:43:49,118 - INFO -   Std: 0.866429
2025-12-17 11:43:49,390 - INFO - Generation 80
2025-12-17 11:43:49,390 - INFO -   Best: 1606.004054
2025-12-17 11:43:49,391 - INFO -   Min: 1606.004054
2025-12-17 11:43:49,391 - INFO -   Max: 1610.585519
2025-12-17 11:43:49,391 - INFO -   Avg: 1608.580386
2025-12-17 11:43:49,391 - INFO -   Std: 0.921187
2025-12-17 11:43:49,667 - INFO - Generation 90
2025-12-17 11:43:49,667 - INFO -   Best: 1606.004054
2025-12-17 11:43:49,667 - INFO -   Min: 1606.004054
2025-12-17 11:43:49,668 - INFO -   Max: 1610.526465
2025-12-17 11:43:49,668 - INFO -   Avg: 1608.469302
2025-12-17 11:43:49,668 - INFO -   Std: 1.022309
2025-12-17 11:43:49,942 - INFO - Generation 100
2025-12-17 11:43:49,942 - INFO -   Best: 1605.885132
2025-12-17 11:43:49,942 - INFO -   Min: 1605.885132
2025-12-17 11:43:49,943 - INFO -   Max: 1611.069061
2025-12-17 11:43:49,943 - INFO -   Avg: 1608.117424
2025-12-17 11:43:49,943 - INFO -   Std: 1.107784
2025-12-17 11:43:50,216 - INFO - Generation 110
2025-12-17 11:43:50,216 - INFO -   Best: 1605.885132
2025-12-17 11:43:50,216 - INFO -   Min: 1605.885132
2025-12-17 11:43:50,216 - INFO -   Max: 1610.194051
2025-12-17 11:43:50,217 - INFO -   Avg: 1608.596060
2025-12-17 11:43:50,217 - INFO -   Std: 1.012831
2025-12-17 11:43:50,490 - INFO - Generation 120
2025-12-17 11:43:50,490 - INFO -   Best: 1605.773695
2025-12-17 11:43:50,490 - INFO -   Min: 1605.773695
2025-12-17 11:43:50,491 - INFO -   Max: 1610.048388
2025-12-17 11:43:50,491 - INFO -   Avg: 1608.242082
2025-12-17 11:43:50,491 - INFO -   Std: 0.890947
2025-12-17 11:43:50,762 - INFO - Generation 130
2025-12-17 11:43:50,762 - INFO -   Best: 1605.621515
2025-12-17 11:43:50,762 - INFO -   Min: 1605.621515
2025-12-17 11:43:50,762 - INFO -   Max: 1610.719476
2025-12-17 11:43:50,763 - INFO -   Avg: 1608.186078
2025-12-17 11:43:50,763 - INFO -   Std: 0.901714
2025-12-17 11:43:51,040 - INFO - Generation 140
2025-12-17 11:43:51,041 - INFO -   Best: 1605.621515
2025-12-17 11:43:51,041 - INFO -   Min: 1605.621515
2025-12-17 11:43:51,041 - INFO -   Max: 1610.328734
2025-12-17 11:43:51,041 - INFO -   Avg: 1608.003821
2025-12-17 11:43:51,041 - INFO -   Std: 1.127714
2025-12-17 11:43:51,311 - INFO - Generation 150
2025-12-17 11:43:51,311 - INFO -   Best: 1605.514634
2025-12-17 11:43:51,311 - INFO -   Min: 1605.514634
2025-12-17 11:43:51,311 - INFO -   Max: 1610.688374
2025-12-17 11:43:51,311 - INFO -   Avg: 1608.042588
2025-12-17 11:43:51,312 - INFO -   Std: 1.186669
2025-12-17 11:43:51,582 - INFO - Generation 160
2025-12-17 11:43:51,582 - INFO -   Best: 1605.514073
2025-12-17 11:43:51,583 - INFO -   Min: 1605.514073
2025-12-17 11:43:51,583 - INFO -   Max: 1610.744161
2025-12-17 11:43:51,583 - INFO -   Avg: 1608.409639
2025-12-17 11:43:51,583 - INFO -   Std: 1.125137
2025-12-17 11:43:51,861 - INFO - Generation 170
2025-12-17 11:43:51,861 - INFO -   Best: 1605.514073
2025-12-17 11:43:51,861 - INFO -   Min: 1605.514073
2025-12-17 11:43:51,862 - INFO -   Max: 1610.678968
2025-12-17 11:43:51,862 - INFO -   Avg: 1608.366320
2025-12-17 11:43:51,862 - INFO -   Std: 1.119872
2025-12-17 11:43:52,142 - INFO - Generation 180
2025-12-17 11:43:52,142 - INFO -   Best: 1605.513923
2025-12-17 11:43:52,142 - INFO -   Min: 1605.513923
2025-12-17 11:43:52,142 - INFO -   Max: 1610.480031
2025-12-17 11:43:52,143 - INFO -   Avg: 1608.446607
2025-12-17 11:43:52,143 - INFO -   Std: 1.027493
2025-12-17 11:43:52,416 - INFO - Generation 190
2025-12-17 11:43:52,416 - INFO -   Best: 1605.513923
2025-12-17 11:43:52,416 - INFO -   Min: 1605.513923
2025-12-17 11:43:52,416 - INFO -   Max: 1610.179039
2025-12-17 11:43:52,416 - INFO -   Avg: 1608.268981
2025-12-17 11:43:52,416 - INFO -   Std: 1.066288
2025-12-17 11:43:52,693 - INFO - Generation 200
2025-12-17 11:43:52,694 - INFO -   Best: 1605.464761
2025-12-17 11:43:52,694 - INFO -   Min: 1605.464761
2025-12-17 11:43:52,694 - INFO -   Max: 1610.430011
2025-12-17 11:43:52,694 - INFO -   Avg: 1607.793979
2025-12-17 11:43:52,694 - INFO -   Std: 1.035082
2025-12-17 11:43:52,711 - INFO - 
Final best fitness: 1605.5141266593
2025-12-17 11:43:52,712 - INFO - Execution time: 5.54s
2025-12-17 11:57:14,841 - INFO - Representation: Binary
2025-12-17 11:57:14,841 - INFO - Bits per variable: 12
2025-12-17 11:57:14,841 - INFO - Total genes: 240
2025-12-17 11:57:14,841 - INFO - Function: f16_2014
2025-12-17 11:57:14,842 - INFO - Population size: 100
2025-12-17 11:57:14,842 - INFO - Generations: 200
2025-12-17 11:57:14,842 - INFO - Selection: tournament
2025-12-17 11:57:14,842 - INFO - Crossover: single_point
2025-12-17 11:57:14,842 - INFO - Mutation: random
2025-12-17 11:57:14,842 - INFO - 
2025-12-17 11:57:16,162 - INFO - Generation 10
2025-12-17 11:57:16,162 - INFO -   Best: 1609.263989
2025-12-17 11:57:16,163 - INFO -   Min: 1609.263989
2025-12-17 11:57:16,163 - INFO -   Max: 1610.546368
2025-12-17 11:57:16,163 - INFO -   Avg: 1609.957712
2025-12-17 11:57:16,163 - INFO -   Std: 0.204837
2025-12-17 11:57:17,040 - INFO - Generation 20
2025-12-17 11:57:17,040 - INFO -   Best: 1609.206715
2025-12-17 11:57:17,040 - INFO -   Min: 1609.206715
2025-12-17 11:57:17,040 - INFO -   Max: 1610.403888
2025-12-17 11:57:17,041 - INFO -   Avg: 1609.945612
2025-12-17 11:57:17,041 - INFO -   Std: 0.181109
2025-12-17 11:57:17,899 - INFO - Generation 30
2025-12-17 11:57:17,900 - INFO -   Best: 1609.206715
2025-12-17 11:57:17,900 - INFO -   Min: 1609.206715
2025-12-17 11:57:17,900 - INFO -   Max: 1610.378460
2025-12-17 11:57:17,900 - INFO -   Avg: 1609.943199
2025-12-17 11:57:17,900 - INFO -   Std: 0.191622
2025-12-17 11:57:18,761 - INFO - Generation 40
2025-12-17 11:57:18,761 - INFO -   Best: 1609.183042
2025-12-17 11:57:18,761 - INFO -   Min: 1609.183042
2025-12-17 11:57:18,762 - INFO -   Max: 1610.483239
2025-12-17 11:57:18,762 - INFO -   Avg: 1609.986548
2025-12-17 11:57:18,762 - INFO -   Std: 0.187054
2025-12-17 11:57:19,615 - INFO - Generation 50
2025-12-17 11:57:19,615 - INFO -   Best: 1608.817625
2025-12-17 11:57:19,616 - INFO -   Min: 1608.817625
2025-12-17 11:57:19,616 - INFO -   Max: 1610.510310
2025-12-17 11:57:19,616 - INFO -   Avg: 1609.965275
2025-12-17 11:57:19,617 - INFO -   Std: 0.236412
2025-12-17 11:57:20,476 - INFO - Generation 60
2025-12-17 11:57:20,476 - INFO -   Best: 1608.809378
2025-12-17 11:57:20,477 - INFO -   Min: 1608.809378
2025-12-17 11:57:20,477 - INFO -   Max: 1610.435004
2025-12-17 11:57:20,477 - INFO -   Avg: 1609.970363
2025-12-17 11:57:20,477 - INFO -   Std: 0.221118
2025-12-17 11:57:21,331 - INFO - Generation 70
2025-12-17 11:57:21,331 - INFO -   Best: 1608.809378
2025-12-17 11:57:21,331 - INFO -   Min: 1608.809378
2025-12-17 11:57:21,332 - INFO -   Max: 1610.494386
2025-12-17 11:57:21,332 - INFO -   Avg: 1609.954547
2025-12-17 11:57:21,332 - INFO -   Std: 0.242947
2025-12-17 11:57:22,188 - INFO - Generation 80
2025-12-17 11:57:22,188 - INFO -   Best: 1608.781835
2025-12-17 11:57:22,188 - INFO -   Min: 1608.781835
2025-12-17 11:57:22,189 - INFO -   Max: 1610.812386
2025-12-17 11:57:22,189 - INFO -   Avg: 1609.942281
2025-12-17 11:57:22,189 - INFO -   Std: 0.323730
2025-12-17 11:57:23,045 - INFO - Generation 90
2025-12-17 11:57:23,045 - INFO -   Best: 1608.781835
2025-12-17 11:57:23,045 - INFO -   Min: 1608.781835
2025-12-17 11:57:23,046 - INFO -   Max: 1610.659558
2025-12-17 11:57:23,046 - INFO -   Avg: 1609.937787
2025-12-17 11:57:23,046 - INFO -   Std: 0.267816
2025-12-17 11:57:23,913 - INFO - Generation 100
2025-12-17 11:57:23,914 - INFO -   Best: 1608.781835
2025-12-17 11:57:23,914 - INFO -   Min: 1608.781835
2025-12-17 11:57:23,914 - INFO -   Max: 1610.441478
2025-12-17 11:57:23,914 - INFO -   Avg: 1609.952349
2025-12-17 11:57:23,914 - INFO -   Std: 0.245389
2025-12-17 11:57:24,776 - INFO - Generation 110
2025-12-17 11:57:24,777 - INFO -   Best: 1608.781835
2025-12-17 11:57:24,777 - INFO -   Min: 1608.781835
2025-12-17 11:57:24,777 - INFO -   Max: 1610.763386
2025-12-17 11:57:24,777 - INFO -   Avg: 1609.954684
2025-12-17 11:57:24,777 - INFO -   Std: 0.256618
2025-12-17 11:57:25,634 - INFO - Generation 120
2025-12-17 11:57:25,635 - INFO -   Best: 1608.781835
2025-12-17 11:57:25,635 - INFO -   Min: 1608.781835
2025-12-17 11:57:25,635 - INFO -   Max: 1610.332686
2025-12-17 11:57:25,636 - INFO -   Avg: 1609.954373
2025-12-17 11:57:25,636 - INFO -   Std: 0.211257
2025-12-17 11:57:26,489 - INFO - Generation 130
2025-12-17 11:57:26,489 - INFO -   Best: 1608.780629
2025-12-17 11:57:26,490 - INFO -   Min: 1608.780629
2025-12-17 11:57:26,490 - INFO -   Max: 1610.715195
2025-12-17 11:57:26,490 - INFO -   Avg: 1609.949131
2025-12-17 11:57:26,490 - INFO -   Std: 0.307169
2025-12-17 11:57:27,345 - INFO - Generation 140
2025-12-17 11:57:27,346 - INFO -   Best: 1608.777988
2025-12-17 11:57:27,346 - INFO -   Min: 1608.777988
2025-12-17 11:57:27,346 - INFO -   Max: 1610.693029
2025-12-17 11:57:27,346 - INFO -   Avg: 1609.968149
2025-12-17 11:57:27,346 - INFO -   Std: 0.264168
2025-12-17 11:57:28,196 - INFO - Generation 150
2025-12-17 11:57:28,197 - INFO -   Best: 1608.777988
2025-12-17 11:57:28,197 - INFO -   Min: 1608.777988
2025-12-17 11:57:28,197 - INFO -   Max: 1610.782468
2025-12-17 11:57:28,197 - INFO -   Avg: 1609.999481
2025-12-17 11:57:28,197 - INFO -   Std: 0.271584
2025-12-17 11:57:29,055 - INFO - Generation 160
2025-12-17 11:57:29,055 - INFO -   Best: 1608.777988
2025-12-17 11:57:29,055 - INFO -   Min: 1608.777988
2025-12-17 11:57:29,056 - INFO -   Max: 1610.399645
2025-12-17 11:57:29,056 - INFO -   Avg: 1609.937310
2025-12-17 11:57:29,056 - INFO -   Std: 0.236810
2025-12-17 11:57:29,904 - INFO - Generation 170
2025-12-17 11:57:29,905 - INFO -   Best: 1608.774330
2025-12-17 11:57:29,905 - INFO -   Min: 1608.774330
2025-12-17 11:57:29,905 - INFO -   Max: 1610.396045
2025-12-17 11:57:29,905 - INFO -   Avg: 1609.932608
2025-12-17 11:57:29,905 - INFO -   Std: 0.224043
2025-12-17 11:57:30,751 - INFO - Generation 180
2025-12-17 11:57:30,751 - INFO -   Best: 1608.774330
2025-12-17 11:57:30,752 - INFO -   Min: 1608.774330
2025-12-17 11:57:30,752 - INFO -   Max: 1610.358993
2025-12-17 11:57:30,752 - INFO -   Avg: 1609.937044
2025-12-17 11:57:30,752 - INFO -   Std: 0.259889
2025-12-17 11:57:31,600 - INFO - Generation 190
2025-12-17 11:57:31,600 - INFO -   Best: 1608.774330
2025-12-17 11:57:31,601 - INFO -   Min: 1608.774330
2025-12-17 11:57:31,601 - INFO -   Max: 1610.505920
2025-12-17 11:57:31,601 - INFO -   Avg: 1609.950477
2025-12-17 11:57:31,601 - INFO -   Std: 0.259742
2025-12-17 11:57:32,448 - INFO - Generation 200
2025-12-17 11:57:32,449 - INFO -   Best: 1608.771553
2025-12-17 11:57:32,449 - INFO -   Min: 1608.771553
2025-12-17 11:57:32,449 - INFO -   Max: 1610.799595
2025-12-17 11:57:32,449 - INFO -   Avg: 1609.971056
2025-12-17 11:57:32,449 - INFO -   Std: 0.275274
2025-12-17 11:57:32,474 - INFO - 
Final best fitness: 1608.7715528905
2025-12-17 11:57:32,474 - INFO - Execution time: 17.19s
