2025-12-17 12:22:58,293 - INFO - Representation: Real
2025-12-17 12:22:58,294 - INFO - Number of genes: 10
2025-12-17 12:22:58,294 - INFO - Bounds: [0, 3.141592653589793]
2025-12-17 12:22:58,294 - INFO - Function: michalewicz
2025-12-17 12:22:58,294 - INFO - Population size: 100
2025-12-17 12:22:58,294 - INFO - Generations: 200
2025-12-17 12:22:58,295 - INFO - Selection: rws
2025-12-17 12:22:58,295 - INFO - Crossover: two_points
2025-12-17 12:22:58,295 - INFO - Mutation: swap
2025-12-17 12:22:58,295 - INFO - 
2025-12-17 12:22:58,362 - INFO - Generation 10
2025-12-17 12:22:58,363 - INFO -   Best: -5.466225
2025-12-17 12:22:58,363 - INFO -   Min: -5.466225
2025-12-17 12:22:58,364 - INFO -   Max: -1.558551
2025-12-17 12:22:58,364 - INFO -   Avg: -3.379268
2025-12-17 12:22:58,364 - INFO -   Std: 0.884088
2025-12-17 12:22:58,415 - INFO - Generation 20
2025-12-17 12:22:58,415 - INFO -   Best: -6.374686
2025-12-17 12:22:58,416 - INFO -   Min: -6.374686
2025-12-17 12:22:58,416 - INFO -   Max: -1.748961
2025-12-17 12:22:58,416 - INFO -   Avg: -3.714880
2025-12-17 12:22:58,416 - INFO -   Std: 0.932029
2025-12-17 12:22:58,480 - INFO - Generation 30
2025-12-17 12:22:58,480 - INFO -   Best: -6.431833
2025-12-17 12:22:58,481 - INFO -   Min: -6.431833
2025-12-17 12:22:58,481 - INFO -   Max: -1.707161
2025-12-17 12:22:58,481 - INFO -   Avg: -4.054084
2025-12-17 12:22:58,481 - INFO -   Std: 0.943914
2025-12-17 12:22:58,537 - INFO - Generation 40
2025-12-17 12:22:58,537 - INFO -   Best: -7.060870
2025-12-17 12:22:58,538 - INFO -   Min: -7.060870
2025-12-17 12:22:58,538 - INFO -   Max: -1.994237
2025-12-17 12:22:58,538 - INFO -   Avg: -4.190594
2025-12-17 12:22:58,538 - INFO -   Std: 0.929365
2025-12-17 12:22:58,590 - INFO - Generation 50
2025-12-17 12:22:58,591 - INFO -   Best: -7.060870
2025-12-17 12:22:58,591 - INFO -   Min: -7.060870
2025-12-17 12:22:58,591 - INFO -   Max: -1.798694
2025-12-17 12:22:58,591 - INFO -   Avg: -4.420182
2025-12-17 12:22:58,591 - INFO -   Std: 1.058499
2025-12-17 12:22:58,648 - INFO - Generation 60
2025-12-17 12:22:58,648 - INFO -   Best: -7.077921
2025-12-17 12:22:58,649 - INFO -   Min: -7.077921
2025-12-17 12:22:58,649 - INFO -   Max: -2.592489
2025-12-17 12:22:58,649 - INFO -   Avg: -4.729526
2025-12-17 12:22:58,649 - INFO -   Std: 1.026454
2025-12-17 12:22:58,702 - INFO - Generation 70
2025-12-17 12:22:58,702 - INFO -   Best: -7.077921
2025-12-17 12:22:58,702 - INFO -   Min: -7.077921
2025-12-17 12:22:58,702 - INFO -   Max: -3.313539
2025-12-17 12:22:58,702 - INFO -   Avg: -4.986072
2025-12-17 12:22:58,704 - INFO -   Std: 0.877733
2025-12-17 12:22:58,756 - INFO - Generation 80
2025-12-17 12:22:58,756 - INFO -   Best: -7.077921
2025-12-17 12:22:58,757 - INFO -   Min: -7.077921
2025-12-17 12:22:58,757 - INFO -   Max: -3.039836
2025-12-17 12:22:58,757 - INFO -   Avg: -4.889137
2025-12-17 12:22:58,758 - INFO -   Std: 0.862940
2025-12-17 12:22:58,806 - INFO - Generation 90
2025-12-17 12:22:58,807 - INFO -   Best: -7.077921
2025-12-17 12:22:58,807 - INFO -   Min: -7.077921
2025-12-17 12:22:58,807 - INFO -   Max: -2.682976
2025-12-17 12:22:58,807 - INFO -   Avg: -4.961900
2025-12-17 12:22:58,807 - INFO -   Std: 0.835283
2025-12-17 12:22:58,855 - INFO - Generation 100
2025-12-17 12:22:58,855 - INFO -   Best: -7.077921
2025-12-17 12:22:58,856 - INFO -   Min: -7.077921
2025-12-17 12:22:58,856 - INFO -   Max: -2.940672
2025-12-17 12:22:58,856 - INFO -   Avg: -4.742031
2025-12-17 12:22:58,856 - INFO -   Std: 0.863381
2025-12-17 12:22:58,907 - INFO - Generation 110
2025-12-17 12:22:58,907 - INFO -   Best: -7.077921
2025-12-17 12:22:58,907 - INFO -   Min: -7.077921
2025-12-17 12:22:58,907 - INFO -   Max: -2.550878
2025-12-17 12:22:58,907 - INFO -   Avg: -5.129117
2025-12-17 12:22:58,907 - INFO -   Std: 0.997387
2025-12-17 12:22:58,958 - INFO - Generation 120
2025-12-17 12:22:58,959 - INFO -   Best: -7.077921
2025-12-17 12:22:58,959 - INFO -   Min: -7.077921
2025-12-17 12:22:58,959 - INFO -   Max: -1.572465
2025-12-17 12:22:58,959 - INFO -   Avg: -4.846203
2025-12-17 12:22:58,959 - INFO -   Std: 1.050816
2025-12-17 12:22:59,011 - INFO - Generation 130
2025-12-17 12:22:59,011 - INFO -   Best: -7.077921
2025-12-17 12:22:59,011 - INFO -   Min: -7.077921
2025-12-17 12:22:59,011 - INFO -   Max: -2.396242
2025-12-17 12:22:59,011 - INFO -   Avg: -4.708259
2025-12-17 12:22:59,012 - INFO -   Std: 1.112925
2025-12-17 12:22:59,063 - INFO - Generation 140
2025-12-17 12:22:59,064 - INFO -   Best: -7.077921
2025-12-17 12:22:59,064 - INFO -   Min: -7.077921
2025-12-17 12:22:59,064 - INFO -   Max: -2.434383
2025-12-17 12:22:59,064 - INFO -   Avg: -4.676459
2025-12-17 12:22:59,064 - INFO -   Std: 1.029191
2025-12-17 12:22:59,114 - INFO - Generation 150
2025-12-17 12:22:59,114 - INFO -   Best: -7.077921
2025-12-17 12:22:59,115 - INFO -   Min: -7.077921
2025-12-17 12:22:59,115 - INFO -   Max: -2.982687
2025-12-17 12:22:59,115 - INFO -   Avg: -4.832550
2025-12-17 12:22:59,115 - INFO -   Std: 0.937757
2025-12-17 12:22:59,166 - INFO - Generation 160
2025-12-17 12:22:59,167 - INFO -   Best: -7.077921
2025-12-17 12:22:59,167 - INFO -   Min: -7.077921
2025-12-17 12:22:59,167 - INFO -   Max: -2.445638
2025-12-17 12:22:59,167 - INFO -   Avg: -5.100106
2025-12-17 12:22:59,167 - INFO -   Std: 1.083144
2025-12-17 12:22:59,217 - INFO - Generation 170
2025-12-17 12:22:59,218 - INFO -   Best: -7.077921
2025-12-17 12:22:59,218 - INFO -   Min: -7.077921
2025-12-17 12:22:59,218 - INFO -   Max: -2.393420
2025-12-17 12:22:59,218 - INFO -   Avg: -4.648747
2025-12-17 12:22:59,218 - INFO -   Std: 1.053260
2025-12-17 12:22:59,271 - INFO - Generation 180
2025-12-17 12:22:59,271 - INFO -   Best: -7.077921
2025-12-17 12:22:59,272 - INFO -   Min: -7.077921
2025-12-17 12:22:59,272 - INFO -   Max: -1.862021
2025-12-17 12:22:59,272 - INFO -   Avg: -4.714567
2025-12-17 12:22:59,272 - INFO -   Std: 1.022144
2025-12-17 12:22:59,323 - INFO - Generation 190
2025-12-17 12:22:59,323 - INFO -   Best: -7.077921
2025-12-17 12:22:59,323 - INFO -   Min: -7.077921
2025-12-17 12:22:59,323 - INFO -   Max: -2.864400
2025-12-17 12:22:59,323 - INFO -   Avg: -4.808970
2025-12-17 12:22:59,323 - INFO -   Std: 0.975380
2025-12-17 12:22:59,373 - INFO - Generation 200
2025-12-17 12:22:59,373 - INFO -   Best: -7.077921
2025-12-17 12:22:59,373 - INFO -   Min: -7.077921
2025-12-17 12:22:59,374 - INFO -   Max: -3.266593
2025-12-17 12:22:59,374 - INFO -   Avg: -4.927032
2025-12-17 12:22:59,374 - INFO -   Std: 0.859527
2025-12-17 12:22:59,378 - INFO - 
Final best fitness: -7.0779210340
2025-12-17 12:22:59,378 - INFO - Execution time: 1.07s
