2025-12-17 11:37:11,086 - INFO - Representation: Real
2025-12-17 11:37:11,087 - INFO - Number of genes: 10
2025-12-17 11:37:11,087 - INFO - Bounds: [0, 3.141592653589793]
2025-12-17 11:37:11,087 - INFO - Function: michalewicz
2025-12-17 11:37:11,087 - INFO - Population size: 100
2025-12-17 11:37:11,087 - INFO - Generations: 200
2025-12-17 11:37:11,087 - INFO - Selection: tournament
2025-12-17 11:37:11,088 - INFO - Crossover: single_point
2025-12-17 11:37:11,088 - INFO - Mutation: random
2025-12-17 11:37:11,088 - INFO - 
2025-12-17 11:37:11,162 - INFO - Generation 10
2025-12-17 11:37:11,162 - INFO -   Best: -6.469435
2025-12-17 11:37:11,163 - INFO -   Min: -6.469435
2025-12-17 11:37:11,163 - INFO -   Max: -2.478596
2025-12-17 11:37:11,163 - INFO -   Avg: -4.588188
2025-12-17 11:37:11,163 - INFO -   Std: 1.006551
2025-12-17 11:37:11,220 - INFO - Generation 20
2025-12-17 11:37:11,220 - INFO -   Best: -7.832000
2025-12-17 11:37:11,221 - INFO -   Min: -7.832000
2025-12-17 11:37:11,221 - INFO -   Max: -4.430401
2025-12-17 11:37:11,221 - INFO -   Avg: -6.356884
2025-12-17 11:37:11,221 - INFO -   Std: 0.908594
2025-12-17 11:37:11,279 - INFO - Generation 30
2025-12-17 11:37:11,280 - INFO -   Best: -8.569197
2025-12-17 11:37:11,280 - INFO -   Min: -8.569197
2025-12-17 11:37:11,280 - INFO -   Max: -5.239715
2025-12-17 11:37:11,280 - INFO -   Avg: -7.374296
2025-12-17 11:37:11,280 - INFO -   Std: 0.797964
2025-12-17 11:37:11,341 - INFO - Generation 40
2025-12-17 11:37:11,342 - INFO -   Best: -9.030491
2025-12-17 11:37:11,342 - INFO -   Min: -9.030491
2025-12-17 11:37:11,342 - INFO -   Max: -4.257136
2025-12-17 11:37:11,342 - INFO -   Avg: -7.353449
2025-12-17 11:37:11,342 - INFO -   Std: 1.064784
2025-12-17 11:37:11,402 - INFO - Generation 50
2025-12-17 11:37:11,402 - INFO -   Best: -9.057598
2025-12-17 11:37:11,402 - INFO -   Min: -9.057598
2025-12-17 11:37:11,403 - INFO -   Max: -4.232010
2025-12-17 11:37:11,403 - INFO -   Avg: -7.498122
2025-12-17 11:37:11,403 - INFO -   Std: 1.092951
2025-12-17 11:37:11,466 - INFO - Generation 60
2025-12-17 11:37:11,466 - INFO -   Best: -9.057598
2025-12-17 11:37:11,466 - INFO -   Min: -9.057598
2025-12-17 11:37:11,466 - INFO -   Max: -3.422305
2025-12-17 11:37:11,466 - INFO -   Avg: -7.540630
2025-12-17 11:37:11,467 - INFO -   Std: 1.222983
2025-12-17 11:37:11,527 - INFO - Generation 70
2025-12-17 11:37:11,527 - INFO -   Best: -9.057598
2025-12-17 11:37:11,527 - INFO -   Min: -9.057598
2025-12-17 11:37:11,527 - INFO -   Max: -4.219769
2025-12-17 11:37:11,528 - INFO -   Avg: -7.708569
2025-12-17 11:37:11,528 - INFO -   Std: 0.990745
2025-12-17 11:37:11,587 - INFO - Generation 80
2025-12-17 11:37:11,587 - INFO -   Best: -9.057598
2025-12-17 11:37:11,587 - INFO -   Min: -9.057598
2025-12-17 11:37:11,587 - INFO -   Max: -4.184170
2025-12-17 11:37:11,588 - INFO -   Avg: -7.323283
2025-12-17 11:37:11,588 - INFO -   Std: 1.209775
2025-12-17 11:37:11,647 - INFO - Generation 90
2025-12-17 11:37:11,648 - INFO -   Best: -9.108547
2025-12-17 11:37:11,648 - INFO -   Min: -9.108547
2025-12-17 11:37:11,648 - INFO -   Max: -4.524489
2025-12-17 11:37:11,648 - INFO -   Avg: -7.570871
2025-12-17 11:37:11,648 - INFO -   Std: 0.953496
2025-12-17 11:37:11,708 - INFO - Generation 100
2025-12-17 11:37:11,708 - INFO -   Best: -9.167785
2025-12-17 11:37:11,708 - INFO -   Min: -9.167785
2025-12-17 11:37:11,709 - INFO -   Max: -5.195166
2025-12-17 11:37:11,709 - INFO -   Avg: -7.977689
2025-12-17 11:37:11,709 - INFO -   Std: 1.049637
2025-12-17 11:37:11,768 - INFO - Generation 110
2025-12-17 11:37:11,769 - INFO -   Best: -9.167785
2025-12-17 11:37:11,769 - INFO -   Min: -9.167785
2025-12-17 11:37:11,769 - INFO -   Max: -4.472731
2025-12-17 11:37:11,769 - INFO -   Avg: -7.816584
2025-12-17 11:37:11,769 - INFO -   Std: 1.061017
2025-12-17 11:37:11,830 - INFO - Generation 120
2025-12-17 11:37:11,830 - INFO -   Best: -9.191960
2025-12-17 11:37:11,831 - INFO -   Min: -9.191960
2025-12-17 11:37:11,831 - INFO -   Max: -5.240210
2025-12-17 11:37:11,831 - INFO -   Avg: -7.955643
2025-12-17 11:37:11,831 - INFO -   Std: 0.986571
2025-12-17 11:37:11,893 - INFO - Generation 130
2025-12-17 11:37:11,893 - INFO -   Best: -9.191960
2025-12-17 11:37:11,894 - INFO -   Min: -9.191960
2025-12-17 11:37:11,894 - INFO -   Max: -3.998152
2025-12-17 11:37:11,894 - INFO -   Avg: -7.381449
2025-12-17 11:37:11,894 - INFO -   Std: 1.202910
2025-12-17 11:37:11,952 - INFO - Generation 140
2025-12-17 11:37:11,952 - INFO -   Best: -9.191960
2025-12-17 11:37:11,952 - INFO -   Min: -9.191960
2025-12-17 11:37:11,952 - INFO -   Max: -4.765152
2025-12-17 11:37:11,953 - INFO -   Avg: -7.913333
2025-12-17 11:37:11,953 - INFO -   Std: 0.922547
2025-12-17 11:37:12,016 - INFO - Generation 150
2025-12-17 11:37:12,017 - INFO -   Best: -9.191960
2025-12-17 11:37:12,017 - INFO -   Min: -9.191960
2025-12-17 11:37:12,017 - INFO -   Max: -4.750070
2025-12-17 11:37:12,017 - INFO -   Avg: -7.652115
2025-12-17 11:37:12,018 - INFO -   Std: 1.137189
2025-12-17 11:37:12,077 - INFO - Generation 160
2025-12-17 11:37:12,077 - INFO -   Best: -9.309883
2025-12-17 11:37:12,077 - INFO -   Min: -9.309883
2025-12-17 11:37:12,077 - INFO -   Max: -5.623833
2025-12-17 11:37:12,077 - INFO -   Avg: -8.010529
2025-12-17 11:37:12,077 - INFO -   Std: 0.897839
2025-12-17 11:37:12,135 - INFO - Generation 170
2025-12-17 11:37:12,135 - INFO -   Best: -9.309883
2025-12-17 11:37:12,135 - INFO -   Min: -9.309883
2025-12-17 11:37:12,136 - INFO -   Max: -5.622981
2025-12-17 11:37:12,136 - INFO -   Avg: -7.901700
2025-12-17 11:37:12,136 - INFO -   Std: 0.985637
2025-12-17 11:37:12,196 - INFO - Generation 180
2025-12-17 11:37:12,197 - INFO -   Best: -9.327109
2025-12-17 11:37:12,197 - INFO -   Min: -9.327109
2025-12-17 11:37:12,197 - INFO -   Max: -5.048532
2025-12-17 11:37:12,197 - INFO -   Avg: -7.840928
2025-12-17 11:37:12,197 - INFO -   Std: 1.137855
2025-12-17 11:37:12,256 - INFO - Generation 190
2025-12-17 11:37:12,256 - INFO -   Best: -9.338817
2025-12-17 11:37:12,256 - INFO -   Min: -9.338817
2025-12-17 11:37:12,256 - INFO -   Max: -4.706566
2025-12-17 11:37:12,257 - INFO -   Avg: -8.134460
2025-12-17 11:37:12,257 - INFO -   Std: 0.988705
2025-12-17 11:37:12,316 - INFO - Generation 200
2025-12-17 11:37:12,317 - INFO -   Best: -9.359367
2025-12-17 11:37:12,317 - INFO -   Min: -9.359367
2025-12-17 11:37:12,317 - INFO -   Max: -3.127188
2025-12-17 11:37:12,317 - INFO -   Avg: -7.730000
2025-12-17 11:37:12,317 - INFO -   Std: 1.128870
2025-12-17 11:37:12,321 - INFO - 
Final best fitness: -9.3476587458
2025-12-17 11:37:12,321 - INFO - Execution time: 1.21s
