2025-12-17 12:19:52,783 - INFO - Representation: Real
2025-12-17 12:19:52,783 - INFO - Number of genes: 30
2025-12-17 12:19:52,784 - INFO - Bounds: [-100, 100]
2025-12-17 12:19:52,784 - INFO - Function: f16_2014
2025-12-17 12:19:52,784 - INFO - Population size: 100
2025-12-17 12:19:52,784 - INFO - Generations: 200
2025-12-17 12:19:52,784 - INFO - Selection: rws
2025-12-17 12:19:52,784 - INFO - Crossover: two_points
2025-12-17 12:19:52,784 - INFO - Mutation: swap
2025-12-17 12:19:52,785 - INFO - 
2025-12-17 12:19:53,213 - INFO - Generation 10
2025-12-17 12:19:53,213 - INFO -   Best: 1613.944161
2025-12-17 12:19:53,214 - INFO -   Min: 1613.944161
2025-12-17 12:19:53,214 - INFO -   Max: 1615.449076
2025-12-17 12:19:53,214 - INFO -   Avg: 1614.969376
2025-12-17 12:19:53,215 - INFO -   Std: 0.281370
2025-12-17 12:19:53,574 - INFO - Generation 20
2025-12-17 12:19:53,574 - INFO -   Best: 1613.940878
2025-12-17 12:19:53,575 - INFO -   Min: 1613.940878
2025-12-17 12:19:53,575 - INFO -   Max: 1615.651435
2025-12-17 12:19:53,575 - INFO -   Avg: 1614.978524
2025-12-17 12:19:53,575 - INFO -   Std: 0.292410
2025-12-17 12:19:53,948 - INFO - Generation 30
2025-12-17 12:19:53,948 - INFO -   Best: 1613.872647
2025-12-17 12:19:53,949 - INFO -   Min: 1613.872647
2025-12-17 12:19:53,949 - INFO -   Max: 1615.810369
2025-12-17 12:19:53,949 - INFO -   Avg: 1615.025982
2025-12-17 12:19:53,949 - INFO -   Std: 0.300717
2025-12-17 12:19:54,308 - INFO - Generation 40
2025-12-17 12:19:54,308 - INFO -   Best: 1613.872647
2025-12-17 12:19:54,308 - INFO -   Min: 1613.872647
2025-12-17 12:19:54,308 - INFO -   Max: 1615.718418
2025-12-17 12:19:54,309 - INFO -   Avg: 1614.957405
2025-12-17 12:19:54,309 - INFO -   Std: 0.300268
2025-12-17 12:19:54,664 - INFO - Generation 50
2025-12-17 12:19:54,665 - INFO -   Best: 1613.872647
2025-12-17 12:19:54,665 - INFO -   Min: 1613.872647
2025-12-17 12:19:54,665 - INFO -   Max: 1615.751857
2025-12-17 12:19:54,665 - INFO -   Avg: 1614.959400
2025-12-17 12:19:54,665 - INFO -   Std: 0.310538
2025-12-17 12:19:55,026 - INFO - Generation 60
2025-12-17 12:19:55,026 - INFO -   Best: 1613.872647
2025-12-17 12:19:55,027 - INFO -   Min: 1613.872647
2025-12-17 12:19:55,027 - INFO -   Max: 1615.687205
2025-12-17 12:19:55,027 - INFO -   Avg: 1614.956806
2025-12-17 12:19:55,027 - INFO -   Std: 0.291138
2025-12-17 12:19:55,387 - INFO - Generation 70
2025-12-17 12:19:55,387 - INFO -   Best: 1613.692633
2025-12-17 12:19:55,387 - INFO -   Min: 1613.692633
2025-12-17 12:19:55,388 - INFO -   Max: 1616.023373
2025-12-17 12:19:55,388 - INFO -   Avg: 1614.988344
2025-12-17 12:19:55,388 - INFO -   Std: 0.340349
2025-12-17 12:19:55,745 - INFO - Generation 80
2025-12-17 12:19:55,745 - INFO -   Best: 1613.618661
2025-12-17 12:19:55,745 - INFO -   Min: 1613.618661
2025-12-17 12:19:55,746 - INFO -   Max: 1615.678230
2025-12-17 12:19:55,746 - INFO -   Avg: 1614.997880
2025-12-17 12:19:55,746 - INFO -   Std: 0.404367
2025-12-17 12:19:56,105 - INFO - Generation 90
2025-12-17 12:19:56,105 - INFO -   Best: 1613.528300
2025-12-17 12:19:56,105 - INFO -   Min: 1613.528300
2025-12-17 12:19:56,105 - INFO -   Max: 1616.249289
2025-12-17 12:19:56,106 - INFO -   Avg: 1614.865084
2025-12-17 12:19:56,106 - INFO -   Std: 0.519819
2025-12-17 12:19:56,464 - INFO - Generation 100
2025-12-17 12:19:56,464 - INFO -   Best: 1613.528300
2025-12-17 12:19:56,464 - INFO -   Min: 1613.528300
2025-12-17 12:19:56,465 - INFO -   Max: 1616.167690
2025-12-17 12:19:56,465 - INFO -   Avg: 1615.000312
2025-12-17 12:19:56,465 - INFO -   Std: 0.495568
2025-12-17 12:19:56,823 - INFO - Generation 110
2025-12-17 12:19:56,823 - INFO -   Best: 1613.466111
2025-12-17 12:19:56,823 - INFO -   Min: 1613.466111
2025-12-17 12:19:56,823 - INFO -   Max: 1615.782486
2025-12-17 12:19:56,823 - INFO -   Avg: 1615.034229
2025-12-17 12:19:56,824 - INFO -   Std: 0.451614
2025-12-17 12:19:57,179 - INFO - Generation 120
2025-12-17 12:19:57,179 - INFO -   Best: 1613.466111
2025-12-17 12:19:57,180 - INFO -   Min: 1613.466111
2025-12-17 12:19:57,180 - INFO -   Max: 1616.001957
2025-12-17 12:19:57,180 - INFO -   Avg: 1614.933996
2025-12-17 12:19:57,180 - INFO -   Std: 0.446017
2025-12-17 12:19:57,537 - INFO - Generation 130
2025-12-17 12:19:57,537 - INFO -   Best: 1613.464759
2025-12-17 12:19:57,537 - INFO -   Min: 1613.464759
2025-12-17 12:19:57,538 - INFO -   Max: 1616.032475
2025-12-17 12:19:57,538 - INFO -   Avg: 1614.707484
2025-12-17 12:19:57,538 - INFO -   Std: 0.667818
2025-12-17 12:19:57,892 - INFO - Generation 140
2025-12-17 12:19:57,892 - INFO -   Best: 1613.406837
2025-12-17 12:19:57,892 - INFO -   Min: 1613.406837
2025-12-17 12:19:57,892 - INFO -   Max: 1616.089312
2025-12-17 12:19:57,892 - INFO -   Avg: 1614.767347
2025-12-17 12:19:57,892 - INFO -   Std: 0.557610
2025-12-17 12:19:58,249 - INFO - Generation 150
2025-12-17 12:19:58,250 - INFO -   Best: 1613.243190
2025-12-17 12:19:58,250 - INFO -   Min: 1613.243190
2025-12-17 12:19:58,250 - INFO -   Max: 1616.235450
2025-12-17 12:19:58,250 - INFO -   Avg: 1614.854939
2025-12-17 12:19:58,250 - INFO -   Std: 0.606611
2025-12-17 12:19:58,605 - INFO - Generation 160
2025-12-17 12:19:58,606 - INFO -   Best: 1613.243190
2025-12-17 12:19:58,606 - INFO -   Min: 1613.243190
2025-12-17 12:19:58,606 - INFO -   Max: 1616.161039
2025-12-17 12:19:58,606 - INFO -   Avg: 1614.814943
2025-12-17 12:19:58,606 - INFO -   Std: 0.585192
2025-12-17 12:19:58,962 - INFO - Generation 170
2025-12-17 12:19:58,962 - INFO -   Best: 1613.243190
2025-12-17 12:19:58,962 - INFO -   Min: 1613.243190
2025-12-17 12:19:58,963 - INFO -   Max: 1615.956454
2025-12-17 12:19:58,963 - INFO -   Avg: 1614.935731
2025-12-17 12:19:58,963 - INFO -   Std: 0.454568
2025-12-17 12:19:59,314 - INFO - Generation 180
2025-12-17 12:19:59,314 - INFO -   Best: 1613.243190
2025-12-17 12:19:59,314 - INFO -   Min: 1613.243190
2025-12-17 12:19:59,315 - INFO -   Max: 1615.852714
2025-12-17 12:19:59,315 - INFO -   Avg: 1614.837291
2025-12-17 12:19:59,315 - INFO -   Std: 0.473557
2025-12-17 12:19:59,652 - INFO - Generation 190
2025-12-17 12:19:59,652 - INFO -   Best: 1613.243190
2025-12-17 12:19:59,652 - INFO -   Min: 1613.243190
2025-12-17 12:19:59,653 - INFO -   Max: 1615.570301
2025-12-17 12:19:59,653 - INFO -   Avg: 1614.704173
2025-12-17 12:19:59,653 - INFO -   Std: 0.378717
2025-12-17 12:19:59,982 - INFO - Generation 200
2025-12-17 12:19:59,982 - INFO -   Best: 1613.243190
2025-12-17 12:19:59,983 - INFO -   Min: 1613.243190
2025-12-17 12:19:59,983 - INFO -   Max: 1615.438373
2025-12-17 12:19:59,983 - INFO -   Avg: 1614.691963
2025-12-17 12:19:59,983 - INFO -   Std: 0.387777
2025-12-17 12:20:00,004 - INFO - 
Final best fitness: 1613.2431902620
2025-12-17 12:20:00,004 - INFO - Execution time: 7.16s
