2025-12-17 11:37:01,124 - INFO - Representation: Real
2025-12-17 11:37:01,125 - INFO - Number of genes: 10
2025-12-17 11:37:01,125 - INFO - Bounds: [0, 3.141592653589793]
2025-12-17 11:37:01,125 - INFO - Function: michalewicz
2025-12-17 11:37:01,125 - INFO - Population size: 100
2025-12-17 11:37:01,125 - INFO - Generations: 200
2025-12-17 11:37:01,125 - INFO - Selection: tournament
2025-12-17 11:37:01,126 - INFO - Crossover: single_point
2025-12-17 11:37:01,126 - INFO - Mutation: random
2025-12-17 11:37:01,126 - INFO - 
2025-12-17 11:37:01,206 - INFO - Generation 10
2025-12-17 11:37:01,207 - INFO -   Best: -7.213818
2025-12-17 11:37:01,207 - INFO -   Min: -7.213818
2025-12-17 11:37:01,207 - INFO -   Max: -1.098126
2025-12-17 11:37:01,208 - INFO -   Avg: -4.749218
2025-12-17 11:37:01,208 - INFO -   Std: 1.163374
2025-12-17 11:37:01,271 - INFO - Generation 20
2025-12-17 11:37:01,271 - INFO -   Best: -8.213409
2025-12-17 11:37:01,271 - INFO -   Min: -8.213409
2025-12-17 11:37:01,272 - INFO -   Max: -4.206619
2025-12-17 11:37:01,272 - INFO -   Avg: -6.432890
2025-12-17 11:37:01,272 - INFO -   Std: 0.986410
2025-12-17 11:37:01,330 - INFO - Generation 30
2025-12-17 11:37:01,331 - INFO -   Best: -8.577220
2025-12-17 11:37:01,331 - INFO -   Min: -8.577220
2025-12-17 11:37:01,331 - INFO -   Max: -4.398638
2025-12-17 11:37:01,331 - INFO -   Avg: -7.061348
2025-12-17 11:37:01,331 - INFO -   Std: 1.037422
2025-12-17 11:37:01,389 - INFO - Generation 40
2025-12-17 11:37:01,390 - INFO -   Best: -8.577220
2025-12-17 11:37:01,390 - INFO -   Min: -8.577220
2025-12-17 11:37:01,390 - INFO -   Max: -3.702582
2025-12-17 11:37:01,390 - INFO -   Avg: -7.151967
2025-12-17 11:37:01,390 - INFO -   Std: 1.095688
2025-12-17 11:37:01,448 - INFO - Generation 50
2025-12-17 11:37:01,448 - INFO -   Best: -8.577220
2025-12-17 11:37:01,448 - INFO -   Min: -8.577220
2025-12-17 11:37:01,448 - INFO -   Max: -3.500706
2025-12-17 11:37:01,448 - INFO -   Avg: -7.284745
2025-12-17 11:37:01,448 - INFO -   Std: 1.102359
2025-12-17 11:37:01,509 - INFO - Generation 60
2025-12-17 11:37:01,509 - INFO -   Best: -8.577220
2025-12-17 11:37:01,509 - INFO -   Min: -8.577220
2025-12-17 11:37:01,509 - INFO -   Max: -5.208247
2025-12-17 11:37:01,510 - INFO -   Avg: -7.215594
2025-12-17 11:37:01,510 - INFO -   Std: 0.864974
2025-12-17 11:37:01,572 - INFO - Generation 70
2025-12-17 11:37:01,572 - INFO -   Best: -8.577220
2025-12-17 11:37:01,572 - INFO -   Min: -8.577220
2025-12-17 11:37:01,572 - INFO -   Max: -4.469046
2025-12-17 11:37:01,572 - INFO -   Avg: -7.229439
2025-12-17 11:37:01,572 - INFO -   Std: 0.981296
2025-12-17 11:37:01,645 - INFO - Generation 80
2025-12-17 11:37:01,645 - INFO -   Best: -8.577220
2025-12-17 11:37:01,645 - INFO -   Min: -8.577220
2025-12-17 11:37:01,645 - INFO -   Max: -5.512690
2025-12-17 11:37:01,646 - INFO -   Avg: -7.374816
2025-12-17 11:37:01,646 - INFO -   Std: 0.756586
2025-12-17 11:37:01,704 - INFO - Generation 90
2025-12-17 11:37:01,704 - INFO -   Best: -8.679707
2025-12-17 11:37:01,704 - INFO -   Min: -8.679707
2025-12-17 11:37:01,704 - INFO -   Max: -3.875467
2025-12-17 11:37:01,705 - INFO -   Avg: -7.319031
2025-12-17 11:37:01,705 - INFO -   Std: 0.985133
2025-12-17 11:37:01,762 - INFO - Generation 100
2025-12-17 11:37:01,762 - INFO -   Best: -8.728979
2025-12-17 11:37:01,762 - INFO -   Min: -8.728979
2025-12-17 11:37:01,762 - INFO -   Max: -4.748587
2025-12-17 11:37:01,763 - INFO -   Avg: -7.203287
2025-12-17 11:37:01,763 - INFO -   Std: 0.986192
2025-12-17 11:37:01,825 - INFO - Generation 110
2025-12-17 11:37:01,826 - INFO -   Best: -8.728979
2025-12-17 11:37:01,826 - INFO -   Min: -8.728979
2025-12-17 11:37:01,826 - INFO -   Max: -4.273318
2025-12-17 11:37:01,826 - INFO -   Avg: -7.113914
2025-12-17 11:37:01,826 - INFO -   Std: 1.103900
2025-12-17 11:37:01,886 - INFO - Generation 120
2025-12-17 11:37:01,886 - INFO -   Best: -8.889079
2025-12-17 11:37:01,886 - INFO -   Min: -8.889079
2025-12-17 11:37:01,886 - INFO -   Max: -3.649508
2025-12-17 11:37:01,886 - INFO -   Avg: -7.118080
2025-12-17 11:37:01,887 - INFO -   Std: 1.128556
2025-12-17 11:37:01,944 - INFO - Generation 130
2025-12-17 11:37:01,945 - INFO -   Best: -8.889079
2025-12-17 11:37:01,945 - INFO -   Min: -8.889079
2025-12-17 11:37:01,945 - INFO -   Max: -4.469467
2025-12-17 11:37:01,945 - INFO -   Avg: -7.494178
2025-12-17 11:37:01,945 - INFO -   Std: 1.061733
2025-12-17 11:37:02,003 - INFO - Generation 140
2025-12-17 11:37:02,003 - INFO -   Best: -8.889079
2025-12-17 11:37:02,004 - INFO -   Min: -8.889079
2025-12-17 11:37:02,004 - INFO -   Max: -4.402408
2025-12-17 11:37:02,004 - INFO -   Avg: -7.503734
2025-12-17 11:37:02,004 - INFO -   Std: 1.074055
2025-12-17 11:37:02,060 - INFO - Generation 150
2025-12-17 11:37:02,060 - INFO -   Best: -8.904895
2025-12-17 11:37:02,060 - INFO -   Min: -8.904895
2025-12-17 11:37:02,060 - INFO -   Max: -3.962259
2025-12-17 11:37:02,060 - INFO -   Avg: -7.493582
2025-12-17 11:37:02,060 - INFO -   Std: 1.185528
2025-12-17 11:37:02,126 - INFO - Generation 160
2025-12-17 11:37:02,126 - INFO -   Best: -8.976803
2025-12-17 11:37:02,126 - INFO -   Min: -8.976803
2025-12-17 11:37:02,126 - INFO -   Max: -4.709298
2025-12-17 11:37:02,126 - INFO -   Avg: -7.474217
2025-12-17 11:37:02,127 - INFO -   Std: 1.018910
2025-12-17 11:37:02,197 - INFO - Generation 170
2025-12-17 11:37:02,197 - INFO -   Best: -9.053582
2025-12-17 11:37:02,197 - INFO -   Min: -9.053582
2025-12-17 11:37:02,198 - INFO -   Max: -4.029084
2025-12-17 11:37:02,198 - INFO -   Avg: -7.712755
2025-12-17 11:37:02,198 - INFO -   Std: 1.170035
2025-12-17 11:37:02,260 - INFO - Generation 180
2025-12-17 11:37:02,260 - INFO -   Best: -9.053582
2025-12-17 11:37:02,260 - INFO -   Min: -9.053582
2025-12-17 11:37:02,260 - INFO -   Max: -4.716239
2025-12-17 11:37:02,260 - INFO -   Avg: -7.785782
2025-12-17 11:37:02,261 - INFO -   Std: 0.946222
2025-12-17 11:37:02,322 - INFO - Generation 190
2025-12-17 11:37:02,323 - INFO -   Best: -9.053582
2025-12-17 11:37:02,323 - INFO -   Min: -9.053582
2025-12-17 11:37:02,323 - INFO -   Max: -4.549288
2025-12-17 11:37:02,323 - INFO -   Avg: -7.851081
2025-12-17 11:37:02,323 - INFO -   Std: 1.048449
2025-12-17 11:37:02,378 - INFO - Generation 200
2025-12-17 11:37:02,378 - INFO -   Best: -9.297193
2025-12-17 11:37:02,378 - INFO -   Min: -9.297193
2025-12-17 11:37:02,379 - INFO -   Max: -3.723026
2025-12-17 11:37:02,379 - INFO -   Avg: -7.905980
2025-12-17 11:37:02,379 - INFO -   Std: 1.135359
2025-12-17 11:37:02,382 - INFO - 
Final best fitness: -9.0535818437
2025-12-17 11:37:02,383 - INFO - Execution time: 1.24s
2025-12-17 12:01:00,046 - INFO - Representation: Binary
2025-12-17 12:01:00,046 - INFO - Bits per variable: 12
2025-12-17 12:01:00,046 - INFO - Total genes: 120
2025-12-17 12:01:00,047 - INFO - Function: michalewicz
2025-12-17 12:01:00,047 - INFO - Population size: 100
2025-12-17 12:01:00,047 - INFO - Generations: 200
2025-12-17 12:01:00,047 - INFO - Selection: tournament
2025-12-17 12:01:00,047 - INFO - Crossover: single_point
2025-12-17 12:01:00,047 - INFO - Mutation: random
2025-12-17 12:01:00,047 - INFO - 
2025-12-17 12:01:00,704 - INFO - Generation 10
2025-12-17 12:01:00,704 - INFO -   Best: -5.850649
2025-12-17 12:01:00,704 - INFO -   Min: -5.850649
2025-12-17 12:01:00,704 - INFO -   Max: 0.060306
2025-12-17 12:01:00,705 - INFO -   Avg: -3.218539
2025-12-17 12:01:00,705 - INFO -   Std: 1.176358
2025-12-17 12:01:01,072 - INFO - Generation 20
2025-12-17 12:01:01,072 - INFO -   Best: -6.889090
2025-12-17 12:01:01,072 - INFO -   Min: -6.889090
2025-12-17 12:01:01,072 - INFO -   Max: -0.369847
2025-12-17 12:01:01,073 - INFO -   Avg: -2.863354
2025-12-17 12:01:01,073 - INFO -   Std: 1.261164
2025-12-17 12:01:01,439 - INFO - Generation 30
2025-12-17 12:01:01,440 - INFO -   Best: -6.889090
2025-12-17 12:01:01,440 - INFO -   Min: -6.889090
2025-12-17 12:01:01,440 - INFO -   Max: -0.808958
2025-12-17 12:01:01,440 - INFO -   Avg: -3.413897
2025-12-17 12:01:01,440 - INFO -   Std: 1.215560
2025-12-17 12:01:01,829 - INFO - Generation 40
2025-12-17 12:01:01,829 - INFO -   Best: -6.889090
2025-12-17 12:01:01,829 - INFO -   Min: -6.889090
2025-12-17 12:01:01,830 - INFO -   Max: -0.500710
2025-12-17 12:01:01,830 - INFO -   Avg: -3.179968
2025-12-17 12:01:01,830 - INFO -   Std: 1.336697
2025-12-17 12:01:02,207 - INFO - Generation 50
2025-12-17 12:01:02,207 - INFO -   Best: -6.889090
2025-12-17 12:01:02,207 - INFO -   Min: -6.889090
2025-12-17 12:01:02,207 - INFO -   Max: -0.623907
2025-12-17 12:01:02,207 - INFO -   Avg: -3.111073
2025-12-17 12:01:02,207 - INFO -   Std: 1.298359
2025-12-17 12:01:02,626 - INFO - Generation 60
2025-12-17 12:01:02,627 - INFO -   Best: -6.889090
2025-12-17 12:01:02,627 - INFO -   Min: -6.889090
2025-12-17 12:01:02,627 - INFO -   Max: 0.188628
2025-12-17 12:01:02,627 - INFO -   Avg: -3.042666
2025-12-17 12:01:02,627 - INFO -   Std: 1.217222
2025-12-17 12:01:03,030 - INFO - Generation 70
2025-12-17 12:01:03,030 - INFO -   Best: -6.889090
2025-12-17 12:01:03,030 - INFO -   Min: -6.889090
2025-12-17 12:01:03,030 - INFO -   Max: -0.579868
2025-12-17 12:01:03,031 - INFO -   Avg: -3.755123
2025-12-17 12:01:03,031 - INFO -   Std: 1.168813
2025-12-17 12:01:03,388 - INFO - Generation 80
2025-12-17 12:01:03,388 - INFO -   Best: -6.889090
2025-12-17 12:01:03,388 - INFO -   Min: -6.889090
2025-12-17 12:01:03,388 - INFO -   Max: 0.155800
2025-12-17 12:01:03,388 - INFO -   Avg: -2.970029
2025-12-17 12:01:03,389 - INFO -   Std: 1.180424
2025-12-17 12:01:03,746 - INFO - Generation 90
2025-12-17 12:01:03,746 - INFO -   Best: -7.042275
2025-12-17 12:01:03,746 - INFO -   Min: -7.042275
2025-12-17 12:01:03,746 - INFO -   Max: -0.483932
2025-12-17 12:01:03,747 - INFO -   Avg: -3.400224
2025-12-17 12:01:03,747 - INFO -   Std: 1.326557
2025-12-17 12:01:04,105 - INFO - Generation 100
2025-12-17 12:01:04,105 - INFO -   Best: -7.042275
2025-12-17 12:01:04,105 - INFO -   Min: -7.042275
2025-12-17 12:01:04,105 - INFO -   Max: -0.074196
2025-12-17 12:01:04,106 - INFO -   Avg: -2.920486
2025-12-17 12:01:04,106 - INFO -   Std: 1.278997
2025-12-17 12:01:04,468 - INFO - Generation 110
2025-12-17 12:01:04,469 - INFO -   Best: -7.042275
2025-12-17 12:01:04,469 - INFO -   Min: -7.042275
2025-12-17 12:01:04,469 - INFO -   Max: 0.029700
2025-12-17 12:01:04,469 - INFO -   Avg: -3.861196
2025-12-17 12:01:04,469 - INFO -   Std: 1.180386
2025-12-17 12:01:04,831 - INFO - Generation 120
2025-12-17 12:01:04,831 - INFO -   Best: -7.042275
2025-12-17 12:01:04,831 - INFO -   Min: -7.042275
2025-12-17 12:01:04,831 - INFO -   Max: 0.158117
2025-12-17 12:01:04,832 - INFO -   Avg: -3.257091
2025-12-17 12:01:04,832 - INFO -   Std: 1.248345
2025-12-17 12:01:05,184 - INFO - Generation 130
2025-12-17 12:01:05,185 - INFO -   Best: -7.042275
2025-12-17 12:01:05,185 - INFO -   Min: -7.042275
2025-12-17 12:01:05,185 - INFO -   Max: -0.227224
2025-12-17 12:01:05,185 - INFO -   Avg: -3.202029
2025-12-17 12:01:05,185 - INFO -   Std: 1.218166
2025-12-17 12:01:05,535 - INFO - Generation 140
2025-12-17 12:01:05,535 - INFO -   Best: -7.179779
2025-12-17 12:01:05,535 - INFO -   Min: -7.179779
2025-12-17 12:01:05,535 - INFO -   Max: -0.756350
2025-12-17 12:01:05,536 - INFO -   Avg: -3.819560
2025-12-17 12:01:05,536 - INFO -   Std: 1.315924
2025-12-17 12:01:05,894 - INFO - Generation 150
2025-12-17 12:01:05,894 - INFO -   Best: -7.179779
2025-12-17 12:01:05,894 - INFO -   Min: -7.179779
2025-12-17 12:01:05,894 - INFO -   Max: -0.261923
2025-12-17 12:01:05,894 - INFO -   Avg: -3.447170
2025-12-17 12:01:05,895 - INFO -   Std: 1.231082
2025-12-17 12:01:06,248 - INFO - Generation 160
2025-12-17 12:01:06,248 - INFO -   Best: -7.179779
2025-12-17 12:01:06,249 - INFO -   Min: -7.179779
2025-12-17 12:01:06,249 - INFO -   Max: -0.917962
2025-12-17 12:01:06,249 - INFO -   Avg: -3.413015
2025-12-17 12:01:06,250 - INFO -   Std: 1.202045
2025-12-17 12:01:06,602 - INFO - Generation 170
2025-12-17 12:01:06,602 - INFO -   Best: -7.179779
2025-12-17 12:01:06,602 - INFO -   Min: -7.179779
2025-12-17 12:01:06,602 - INFO -   Max: -0.304871
2025-12-17 12:01:06,602 - INFO -   Avg: -2.915151
2025-12-17 12:01:06,602 - INFO -   Std: 1.311964
2025-12-17 12:01:06,970 - INFO - Generation 180
2025-12-17 12:01:06,970 - INFO -   Best: -7.179779
2025-12-17 12:01:06,970 - INFO -   Min: -7.179779
2025-12-17 12:01:06,970 - INFO -   Max: -0.170907
2025-12-17 12:01:06,970 - INFO -   Avg: -3.233977
2025-12-17 12:01:06,970 - INFO -   Std: 1.270444
2025-12-17 12:01:07,328 - INFO - Generation 190
2025-12-17 12:01:07,328 - INFO -   Best: -7.179779
2025-12-17 12:01:07,328 - INFO -   Min: -7.179779
2025-12-17 12:01:07,328 - INFO -   Max: -0.811164
2025-12-17 12:01:07,328 - INFO -   Avg: -3.418507
2025-12-17 12:01:07,329 - INFO -   Std: 1.317146
2025-12-17 12:01:07,687 - INFO - Generation 200
2025-12-17 12:01:07,687 - INFO -   Best: -7.179779
2025-12-17 12:01:07,687 - INFO -   Min: -7.179779
2025-12-17 12:01:07,687 - INFO -   Max: 0.098876
2025-12-17 12:01:07,687 - INFO -   Avg: -3.114633
2025-12-17 12:01:07,688 - INFO -   Std: 1.324474
2025-12-17 12:01:07,695 - INFO - 
Final best fitness: -7.1797787014
2025-12-17 12:01:07,695 - INFO - Execution time: 7.37s
