2025-12-17 11:43:09,972 - INFO - Representation: Real
2025-12-17 11:43:09,972 - INFO - Number of genes: 20
2025-12-17 11:43:09,972 - INFO - Bounds: [-100, 100]
2025-12-17 11:43:09,972 - INFO - Function: f16_2014
2025-12-17 11:43:09,973 - INFO - Population size: 100
2025-12-17 11:43:09,973 - INFO - Generations: 200
2025-12-17 11:43:09,973 - INFO - Selection: tournament
2025-12-17 11:43:09,973 - INFO - Crossover: single_point
2025-12-17 11:43:09,973 - INFO - Mutation: random
2025-12-17 11:43:09,973 - INFO - 
2025-12-17 11:43:10,300 - INFO - Generation 10
2025-12-17 11:43:10,300 - INFO -   Best: 1608.311825
2025-12-17 11:43:10,301 - INFO -   Min: 1608.311825
2025-12-17 11:43:10,301 - INFO -   Max: 1610.425119
2025-12-17 11:43:10,301 - INFO -   Avg: 1609.581395
2025-12-17 11:43:10,301 - INFO -   Std: 0.487678
2025-12-17 11:43:10,573 - INFO - Generation 20
2025-12-17 11:43:10,573 - INFO -   Best: 1607.623179
2025-12-17 11:43:10,574 - INFO -   Min: 1607.623179
2025-12-17 11:43:10,574 - INFO -   Max: 1610.738269
2025-12-17 11:43:10,574 - INFO -   Avg: 1609.016612
2025-12-17 11:43:10,574 - INFO -   Std: 0.649951
2025-12-17 11:43:10,844 - INFO - Generation 30
2025-12-17 11:43:10,844 - INFO -   Best: 1607.229077
2025-12-17 11:43:10,844 - INFO -   Min: 1607.229077
2025-12-17 11:43:10,845 - INFO -   Max: 1610.645900
2025-12-17 11:43:10,845 - INFO -   Avg: 1608.838428
2025-12-17 11:43:10,845 - INFO -   Std: 0.787128
2025-12-17 11:43:11,125 - INFO - Generation 40
2025-12-17 11:43:11,126 - INFO -   Best: 1606.958812
2025-12-17 11:43:11,126 - INFO -   Min: 1606.958812
2025-12-17 11:43:11,126 - INFO -   Max: 1611.010504
2025-12-17 11:43:11,126 - INFO -   Avg: 1608.989347
2025-12-17 11:43:11,126 - INFO -   Std: 0.865085
2025-12-17 11:43:11,398 - INFO - Generation 50
2025-12-17 11:43:11,399 - INFO -   Best: 1606.946516
2025-12-17 11:43:11,399 - INFO -   Min: 1606.946516
2025-12-17 11:43:11,399 - INFO -   Max: 1610.603631
2025-12-17 11:43:11,399 - INFO -   Avg: 1608.968546
2025-12-17 11:43:11,399 - INFO -   Std: 0.834358
2025-12-17 11:43:11,672 - INFO - Generation 60
2025-12-17 11:43:11,672 - INFO -   Best: 1606.946516
2025-12-17 11:43:11,672 - INFO -   Min: 1606.946516
2025-12-17 11:43:11,672 - INFO -   Max: 1610.808034
2025-12-17 11:43:11,673 - INFO -   Avg: 1608.718889
2025-12-17 11:43:11,673 - INFO -   Std: 0.914785
2025-12-17 11:43:11,943 - INFO - Generation 70
2025-12-17 11:43:11,943 - INFO -   Best: 1606.897473
2025-12-17 11:43:11,944 - INFO -   Min: 1606.897473
2025-12-17 11:43:11,944 - INFO -   Max: 1610.448150
2025-12-17 11:43:11,944 - INFO -   Avg: 1608.861875
2025-12-17 11:43:11,944 - INFO -   Std: 0.852066
2025-12-17 11:43:12,223 - INFO - Generation 80
2025-12-17 11:43:12,223 - INFO -   Best: 1606.261876
2025-12-17 11:43:12,223 - INFO -   Min: 1606.261876
2025-12-17 11:43:12,224 - INFO -   Max: 1610.649770
2025-12-17 11:43:12,224 - INFO -   Avg: 1608.358882
2025-12-17 11:43:12,224 - INFO -   Std: 1.042754
2025-12-17 11:43:12,522 - INFO - Generation 90
2025-12-17 11:43:12,522 - INFO -   Best: 1606.257754
2025-12-17 11:43:12,523 - INFO -   Min: 1606.257754
2025-12-17 11:43:12,523 - INFO -   Max: 1610.699782
2025-12-17 11:43:12,523 - INFO -   Avg: 1608.803933
2025-12-17 11:43:12,523 - INFO -   Std: 0.974865
2025-12-17 11:43:12,830 - INFO - Generation 100
2025-12-17 11:43:12,830 - INFO -   Best: 1606.149922
2025-12-17 11:43:12,830 - INFO -   Min: 1606.149922
2025-12-17 11:43:12,830 - INFO -   Max: 1611.903482
2025-12-17 11:43:12,830 - INFO -   Avg: 1608.073222
2025-12-17 11:43:12,830 - INFO -   Std: 1.253152
2025-12-17 11:43:13,149 - INFO - Generation 110
2025-12-17 11:43:13,149 - INFO -   Best: 1605.715491
2025-12-17 11:43:13,149 - INFO -   Min: 1605.715491
2025-12-17 11:43:13,149 - INFO -   Max: 1610.713184
2025-12-17 11:43:13,150 - INFO -   Avg: 1608.399049
2025-12-17 11:43:13,150 - INFO -   Std: 1.137815
2025-12-17 11:43:13,434 - INFO - Generation 120
2025-12-17 11:43:13,435 - INFO -   Best: 1605.432821
2025-12-17 11:43:13,435 - INFO -   Min: 1605.432821
2025-12-17 11:43:13,435 - INFO -   Max: 1610.960383
2025-12-17 11:43:13,435 - INFO -   Avg: 1608.348684
2025-12-17 11:43:13,435 - INFO -   Std: 1.148763
2025-12-17 11:43:13,715 - INFO - Generation 130
2025-12-17 11:43:13,715 - INFO -   Best: 1605.431971
2025-12-17 11:43:13,715 - INFO -   Min: 1605.431971
2025-12-17 11:43:13,715 - INFO -   Max: 1610.701926
2025-12-17 11:43:13,716 - INFO -   Avg: 1608.137289
2025-12-17 11:43:13,716 - INFO -   Std: 1.128113
2025-12-17 11:43:14,001 - INFO - Generation 140
2025-12-17 11:43:14,002 - INFO -   Best: 1605.431971
2025-12-17 11:43:14,002 - INFO -   Min: 1605.431971
2025-12-17 11:43:14,002 - INFO -   Max: 1610.499091
2025-12-17 11:43:14,002 - INFO -   Avg: 1608.125767
2025-12-17 11:43:14,002 - INFO -   Std: 1.153604
2025-12-17 11:43:14,331 - INFO - Generation 150
2025-12-17 11:43:14,331 - INFO -   Best: 1605.420050
2025-12-17 11:43:14,331 - INFO -   Min: 1605.420050
2025-12-17 11:43:14,331 - INFO -   Max: 1610.162501
2025-12-17 11:43:14,332 - INFO -   Avg: 1607.777650
2025-12-17 11:43:14,332 - INFO -   Std: 1.227147
2025-12-17 11:43:14,618 - INFO - Generation 160
2025-12-17 11:43:14,619 - INFO -   Best: 1605.420050
2025-12-17 11:43:14,619 - INFO -   Min: 1605.420050
2025-12-17 11:43:14,619 - INFO -   Max: 1610.450901
2025-12-17 11:43:14,619 - INFO -   Avg: 1607.899672
2025-12-17 11:43:14,619 - INFO -   Std: 1.274776
2025-12-17 11:43:14,896 - INFO - Generation 170
2025-12-17 11:43:14,896 - INFO -   Best: 1605.420050
2025-12-17 11:43:14,897 - INFO -   Min: 1605.420050
2025-12-17 11:43:14,897 - INFO -   Max: 1610.598658
2025-12-17 11:43:14,897 - INFO -   Avg: 1608.365981
2025-12-17 11:43:14,897 - INFO -   Std: 1.213587
2025-12-17 11:43:15,172 - INFO - Generation 180
2025-12-17 11:43:15,172 - INFO -   Best: 1605.416555
2025-12-17 11:43:15,173 - INFO -   Min: 1605.416555
2025-12-17 11:43:15,173 - INFO -   Max: 1610.825673
2025-12-17 11:43:15,173 - INFO -   Avg: 1608.090065
2025-12-17 11:43:15,173 - INFO -   Std: 1.233690
2025-12-17 11:43:15,444 - INFO - Generation 190
2025-12-17 11:43:15,444 - INFO -   Best: 1605.011608
2025-12-17 11:43:15,444 - INFO -   Min: 1605.011608
2025-12-17 11:43:15,445 - INFO -   Max: 1611.488986
2025-12-17 11:43:15,445 - INFO -   Avg: 1607.866852
2025-12-17 11:43:15,445 - INFO -   Std: 1.385530
2025-12-17 11:43:15,724 - INFO - Generation 200
2025-12-17 11:43:15,725 - INFO -   Best: 1605.011608
2025-12-17 11:43:15,725 - INFO -   Min: 1605.011608
2025-12-17 11:43:15,725 - INFO -   Max: 1610.909289
2025-12-17 11:43:15,726 - INFO -   Avg: 1608.242049
2025-12-17 11:43:15,726 - INFO -   Std: 1.232544
2025-12-17 11:43:15,746 - INFO - 
Final best fitness: 1605.0116080928
2025-12-17 11:43:15,747 - INFO - Execution time: 5.73s
