2025-12-17 11:42:34,595 - INFO - Representation: Real
2025-12-17 11:42:34,596 - INFO - Number of genes: 10
2025-12-17 11:42:34,596 - INFO - Bounds: [-100, 100]
2025-12-17 11:42:34,596 - INFO - Function: f16_2014
2025-12-17 11:42:34,596 - INFO - Population size: 100
2025-12-17 11:42:34,596 - INFO - Generations: 200
2025-12-17 11:42:34,596 - INFO - Selection: tournament
2025-12-17 11:42:34,597 - INFO - Crossover: single_point
2025-12-17 11:42:34,597 - INFO - Mutation: random
2025-12-17 11:42:34,597 - INFO - 
2025-12-17 11:42:34,770 - INFO - Generation 10
2025-12-17 11:42:34,770 - INFO -   Best: 1603.944579
2025-12-17 11:42:34,770 - INFO -   Min: 1603.944579
2025-12-17 11:42:34,770 - INFO -   Max: 1605.570004
2025-12-17 11:42:34,771 - INFO -   Avg: 1604.809687
2025-12-17 11:42:34,771 - INFO -   Std: 0.336433
2025-12-17 11:42:34,915 - INFO - Generation 20
2025-12-17 11:42:34,915 - INFO -   Best: 1603.415075
2025-12-17 11:42:34,916 - INFO -   Min: 1603.415075
2025-12-17 11:42:34,916 - INFO -   Max: 1605.455049
2025-12-17 11:42:34,916 - INFO -   Avg: 1604.463743
2025-12-17 11:42:34,916 - INFO -   Std: 0.513614
2025-12-17 11:42:35,058 - INFO - Generation 30
2025-12-17 11:42:35,058 - INFO -   Best: 1603.128505
2025-12-17 11:42:35,058 - INFO -   Min: 1603.128505
2025-12-17 11:42:35,058 - INFO -   Max: 1605.786592
2025-12-17 11:42:35,058 - INFO -   Avg: 1604.480233
2025-12-17 11:42:35,059 - INFO -   Std: 0.640272
2025-12-17 11:42:35,195 - INFO - Generation 40
2025-12-17 11:42:35,195 - INFO -   Best: 1602.572703
2025-12-17 11:42:35,195 - INFO -   Min: 1602.572703
2025-12-17 11:42:35,196 - INFO -   Max: 1605.836136
2025-12-17 11:42:35,196 - INFO -   Avg: 1604.312805
2025-12-17 11:42:35,196 - INFO -   Std: 0.747909
2025-12-17 11:42:35,332 - INFO - Generation 50
2025-12-17 11:42:35,332 - INFO -   Best: 1602.572703
2025-12-17 11:42:35,333 - INFO -   Min: 1602.572703
2025-12-17 11:42:35,333 - INFO -   Max: 1605.709911
2025-12-17 11:42:35,333 - INFO -   Avg: 1604.004284
2025-12-17 11:42:35,333 - INFO -   Std: 0.875574
2025-12-17 11:42:35,461 - INFO - Generation 60
2025-12-17 11:42:35,461 - INFO -   Best: 1602.572703
2025-12-17 11:42:35,461 - INFO -   Min: 1602.572703
2025-12-17 11:42:35,461 - INFO -   Max: 1605.641466
2025-12-17 11:42:35,461 - INFO -   Avg: 1603.909319
2025-12-17 11:42:35,462 - INFO -   Std: 0.897319
2025-12-17 11:42:35,589 - INFO - Generation 70
2025-12-17 11:42:35,589 - INFO -   Best: 1602.511698
2025-12-17 11:42:35,589 - INFO -   Min: 1602.511698
2025-12-17 11:42:35,589 - INFO -   Max: 1605.727354
2025-12-17 11:42:35,589 - INFO -   Avg: 1604.075852
2025-12-17 11:42:35,590 - INFO -   Std: 0.901740
2025-12-17 11:42:35,729 - INFO - Generation 80
2025-12-17 11:42:35,729 - INFO -   Best: 1602.508705
2025-12-17 11:42:35,729 - INFO -   Min: 1602.508705
2025-12-17 11:42:35,730 - INFO -   Max: 1605.826505
2025-12-17 11:42:35,730 - INFO -   Avg: 1604.369469
2025-12-17 11:42:35,730 - INFO -   Std: 0.841713
2025-12-17 11:42:35,866 - INFO - Generation 90
2025-12-17 11:42:35,866 - INFO -   Best: 1602.508705
2025-12-17 11:42:35,866 - INFO -   Min: 1602.508705
2025-12-17 11:42:35,866 - INFO -   Max: 1605.669421
2025-12-17 11:42:35,867 - INFO -   Avg: 1604.021209
2025-12-17 11:42:35,867 - INFO -   Std: 0.884182
2025-12-17 11:42:35,998 - INFO - Generation 100
2025-12-17 11:42:35,998 - INFO -   Best: 1602.508705
2025-12-17 11:42:35,998 - INFO -   Min: 1602.508705
2025-12-17 11:42:35,998 - INFO -   Max: 1606.202417
2025-12-17 11:42:35,998 - INFO -   Avg: 1604.298214
2025-12-17 11:42:35,999 - INFO -   Std: 0.861969
2025-12-17 11:42:36,130 - INFO - Generation 110
2025-12-17 11:42:36,130 - INFO -   Best: 1602.489133
2025-12-17 11:42:36,130 - INFO -   Min: 1602.489133
2025-12-17 11:42:36,130 - INFO -   Max: 1605.682306
2025-12-17 11:42:36,130 - INFO -   Avg: 1603.842131
2025-12-17 11:42:36,131 - INFO -   Std: 0.889236
2025-12-17 11:42:36,268 - INFO - Generation 120
2025-12-17 11:42:36,268 - INFO -   Best: 1602.437785
2025-12-17 11:42:36,268 - INFO -   Min: 1602.437785
2025-12-17 11:42:36,268 - INFO -   Max: 1605.603974
2025-12-17 11:42:36,268 - INFO -   Avg: 1603.873302
2025-12-17 11:42:36,269 - INFO -   Std: 0.806156
2025-12-17 11:42:36,408 - INFO - Generation 130
2025-12-17 11:42:36,409 - INFO -   Best: 1602.222883
2025-12-17 11:42:36,409 - INFO -   Min: 1602.222883
2025-12-17 11:42:36,409 - INFO -   Max: 1605.862583
2025-12-17 11:42:36,409 - INFO -   Avg: 1603.952478
2025-12-17 11:42:36,409 - INFO -   Std: 0.866487
2025-12-17 11:42:36,545 - INFO - Generation 140
2025-12-17 11:42:36,545 - INFO -   Best: 1602.209357
2025-12-17 11:42:36,546 - INFO -   Min: 1602.209357
2025-12-17 11:42:36,546 - INFO -   Max: 1605.572206
2025-12-17 11:42:36,546 - INFO -   Avg: 1603.902717
2025-12-17 11:42:36,546 - INFO -   Std: 0.947832
2025-12-17 11:42:36,676 - INFO - Generation 150
2025-12-17 11:42:36,676 - INFO -   Best: 1602.201272
2025-12-17 11:42:36,676 - INFO -   Min: 1602.201272
2025-12-17 11:42:36,676 - INFO -   Max: 1605.660931
2025-12-17 11:42:36,677 - INFO -   Avg: 1603.625804
2025-12-17 11:42:36,677 - INFO -   Std: 0.933736
2025-12-17 11:42:36,811 - INFO - Generation 160
2025-12-17 11:42:36,811 - INFO -   Best: 1602.201272
2025-12-17 11:42:36,811 - INFO -   Min: 1602.201272
2025-12-17 11:42:36,811 - INFO -   Max: 1605.726231
2025-12-17 11:42:36,811 - INFO -   Avg: 1603.772992
2025-12-17 11:42:36,811 - INFO -   Std: 0.897827
2025-12-17 11:42:36,955 - INFO - Generation 170
2025-12-17 11:42:36,955 - INFO -   Best: 1602.201272
2025-12-17 11:42:36,956 - INFO -   Min: 1602.201272
2025-12-17 11:42:36,956 - INFO -   Max: 1605.232509
2025-12-17 11:42:36,956 - INFO -   Avg: 1604.003889
2025-12-17 11:42:36,956 - INFO -   Std: 0.816176
2025-12-17 11:42:37,093 - INFO - Generation 180
2025-12-17 11:42:37,093 - INFO -   Best: 1602.201272
2025-12-17 11:42:37,093 - INFO -   Min: 1602.201272
2025-12-17 11:42:37,093 - INFO -   Max: 1605.472762
2025-12-17 11:42:37,094 - INFO -   Avg: 1603.855509
2025-12-17 11:42:37,094 - INFO -   Std: 0.993521
2025-12-17 11:42:37,230 - INFO - Generation 190
2025-12-17 11:42:37,230 - INFO -   Best: 1602.201272
2025-12-17 11:42:37,230 - INFO -   Min: 1602.201272
2025-12-17 11:42:37,230 - INFO -   Max: 1605.681281
2025-12-17 11:42:37,231 - INFO -   Avg: 1604.061598
2025-12-17 11:42:37,231 - INFO -   Std: 0.831810
2025-12-17 11:42:37,364 - INFO - Generation 200
2025-12-17 11:42:37,364 - INFO -   Best: 1602.201272
2025-12-17 11:42:37,365 - INFO -   Min: 1602.201272
2025-12-17 11:42:37,365 - INFO -   Max: 1605.879085
2025-12-17 11:42:37,365 - INFO -   Avg: 1603.779390
2025-12-17 11:42:37,365 - INFO -   Std: 0.917847
2025-12-17 11:42:37,374 - INFO - 
Final best fitness: 1602.8290507770
2025-12-17 11:42:37,375 - INFO - Execution time: 2.76s
