2025-12-17 11:37:12,713 - INFO - Representation: Real
2025-12-17 11:37:12,713 - INFO - Number of genes: 10
2025-12-17 11:37:12,713 - INFO - Bounds: [0, 3.141592653589793]
2025-12-17 11:37:12,714 - INFO - Function: michalewicz
2025-12-17 11:37:12,714 - INFO - Population size: 100
2025-12-17 11:37:12,714 - INFO - Generations: 200
2025-12-17 11:37:12,714 - INFO - Selection: tournament
2025-12-17 11:37:12,714 - INFO - Crossover: single_point
2025-12-17 11:37:12,715 - INFO - Mutation: random
2025-12-17 11:37:12,715 - INFO - 
2025-12-17 11:37:12,789 - INFO - Generation 10
2025-12-17 11:37:12,789 - INFO -   Best: -6.642757
2025-12-17 11:37:12,789 - INFO -   Min: -6.642757
2025-12-17 11:37:12,790 - INFO -   Max: -1.310745
2025-12-17 11:37:12,790 - INFO -   Avg: -4.601564
2025-12-17 11:37:12,790 - INFO -   Std: 0.989256
2025-12-17 11:37:12,849 - INFO - Generation 20
2025-12-17 11:37:12,849 - INFO -   Best: -8.548871
2025-12-17 11:37:12,849 - INFO -   Min: -8.548871
2025-12-17 11:37:12,849 - INFO -   Max: -4.116013
2025-12-17 11:37:12,849 - INFO -   Avg: -6.710836
2025-12-17 11:37:12,849 - INFO -   Std: 0.976454
2025-12-17 11:37:12,908 - INFO - Generation 30
2025-12-17 11:37:12,909 - INFO -   Best: -9.014876
2025-12-17 11:37:12,909 - INFO -   Min: -9.014876
2025-12-17 11:37:12,909 - INFO -   Max: -3.747225
2025-12-17 11:37:12,909 - INFO -   Avg: -7.247691
2025-12-17 11:37:12,909 - INFO -   Std: 1.021775
2025-12-17 11:37:12,969 - INFO - Generation 40
2025-12-17 11:37:12,969 - INFO -   Best: -9.186639
2025-12-17 11:37:12,970 - INFO -   Min: -9.186639
2025-12-17 11:37:12,970 - INFO -   Max: -4.076288
2025-12-17 11:37:12,970 - INFO -   Avg: -7.524487
2025-12-17 11:37:12,970 - INFO -   Std: 1.101531
2025-12-17 11:37:13,028 - INFO - Generation 50
2025-12-17 11:37:13,029 - INFO -   Best: -9.186639
2025-12-17 11:37:13,029 - INFO -   Min: -9.186639
2025-12-17 11:37:13,029 - INFO -   Max: -4.898575
2025-12-17 11:37:13,029 - INFO -   Avg: -7.827207
2025-12-17 11:37:13,029 - INFO -   Std: 0.957613
2025-12-17 11:37:13,086 - INFO - Generation 60
2025-12-17 11:37:13,087 - INFO -   Best: -9.264956
2025-12-17 11:37:13,087 - INFO -   Min: -9.264956
2025-12-17 11:37:13,087 - INFO -   Max: -5.395958
2025-12-17 11:37:13,087 - INFO -   Avg: -7.889741
2025-12-17 11:37:13,087 - INFO -   Std: 1.038548
2025-12-17 11:37:13,149 - INFO - Generation 70
2025-12-17 11:37:13,149 - INFO -   Best: -9.289514
2025-12-17 11:37:13,149 - INFO -   Min: -9.289514
2025-12-17 11:37:13,149 - INFO -   Max: -4.683930
2025-12-17 11:37:13,150 - INFO -   Avg: -7.751137
2025-12-17 11:37:13,150 - INFO -   Std: 1.076753
2025-12-17 11:37:13,208 - INFO - Generation 80
2025-12-17 11:37:13,208 - INFO -   Best: -9.389937
2025-12-17 11:37:13,208 - INFO -   Min: -9.389937
2025-12-17 11:37:13,208 - INFO -   Max: -4.664330
2025-12-17 11:37:13,209 - INFO -   Avg: -7.857027
2025-12-17 11:37:13,209 - INFO -   Std: 1.113025
2025-12-17 11:37:13,268 - INFO - Generation 90
2025-12-17 11:37:13,268 - INFO -   Best: -9.399669
2025-12-17 11:37:13,268 - INFO -   Min: -9.399669
2025-12-17 11:37:13,268 - INFO -   Max: -5.516765
2025-12-17 11:37:13,269 - INFO -   Avg: -8.106412
2025-12-17 11:37:13,269 - INFO -   Std: 1.004026
2025-12-17 11:37:13,327 - INFO - Generation 100
2025-12-17 11:37:13,327 - INFO -   Best: -9.399669
2025-12-17 11:37:13,327 - INFO -   Min: -9.399669
2025-12-17 11:37:13,328 - INFO -   Max: -4.797403
2025-12-17 11:37:13,328 - INFO -   Avg: -8.105969
2025-12-17 11:37:13,328 - INFO -   Std: 1.029313
2025-12-17 11:37:13,384 - INFO - Generation 110
2025-12-17 11:37:13,384 - INFO -   Best: -9.407817
2025-12-17 11:37:13,384 - INFO -   Min: -9.407817
2025-12-17 11:37:13,384 - INFO -   Max: -5.253992
2025-12-17 11:37:13,384 - INFO -   Avg: -8.084631
2025-12-17 11:37:13,385 - INFO -   Std: 1.013314
2025-12-17 11:37:13,442 - INFO - Generation 120
2025-12-17 11:37:13,442 - INFO -   Best: -9.407817
2025-12-17 11:37:13,442 - INFO -   Min: -9.407817
2025-12-17 11:37:13,442 - INFO -   Max: -4.423819
2025-12-17 11:37:13,442 - INFO -   Avg: -7.654188
2025-12-17 11:37:13,443 - INFO -   Std: 1.034764
2025-12-17 11:37:13,499 - INFO - Generation 130
2025-12-17 11:37:13,500 - INFO -   Best: -9.408908
2025-12-17 11:37:13,500 - INFO -   Min: -9.408908
2025-12-17 11:37:13,500 - INFO -   Max: -4.027799
2025-12-17 11:37:13,500 - INFO -   Avg: -8.301446
2025-12-17 11:37:13,500 - INFO -   Std: 1.103082
2025-12-17 11:37:13,560 - INFO - Generation 140
2025-12-17 11:37:13,560 - INFO -   Best: -9.444626
2025-12-17 11:37:13,560 - INFO -   Min: -9.444626
2025-12-17 11:37:13,560 - INFO -   Max: -5.256304
2025-12-17 11:37:13,560 - INFO -   Avg: -7.920448
2025-12-17 11:37:13,560 - INFO -   Std: 1.038970
2025-12-17 11:37:13,619 - INFO - Generation 150
2025-12-17 11:37:13,619 - INFO -   Best: -9.444626
2025-12-17 11:37:13,619 - INFO -   Min: -9.444626
2025-12-17 11:37:13,619 - INFO -   Max: -4.068541
2025-12-17 11:37:13,620 - INFO -   Avg: -7.832382
2025-12-17 11:37:13,620 - INFO -   Std: 1.159831
2025-12-17 11:37:13,677 - INFO - Generation 160
2025-12-17 11:37:13,677 - INFO -   Best: -9.444626
2025-12-17 11:37:13,677 - INFO -   Min: -9.444626
2025-12-17 11:37:13,677 - INFO -   Max: -4.884068
2025-12-17 11:37:13,677 - INFO -   Avg: -8.124718
2025-12-17 11:37:13,678 - INFO -   Std: 1.130169
2025-12-17 11:37:13,735 - INFO - Generation 170
2025-12-17 11:37:13,735 - INFO -   Best: -9.444626
2025-12-17 11:37:13,735 - INFO -   Min: -9.444626
2025-12-17 11:37:13,736 - INFO -   Max: -4.902744
2025-12-17 11:37:13,736 - INFO -   Avg: -7.830567
2025-12-17 11:37:13,736 - INFO -   Std: 1.080820
2025-12-17 11:37:13,793 - INFO - Generation 180
2025-12-17 11:37:13,793 - INFO -   Best: -9.444626
2025-12-17 11:37:13,793 - INFO -   Min: -9.444626
2025-12-17 11:37:13,793 - INFO -   Max: -4.482791
2025-12-17 11:37:13,794 - INFO -   Avg: -7.566344
2025-12-17 11:37:13,794 - INFO -   Std: 1.176327
2025-12-17 11:37:13,850 - INFO - Generation 190
2025-12-17 11:37:13,851 - INFO -   Best: -9.444626
2025-12-17 11:37:13,851 - INFO -   Min: -9.444626
2025-12-17 11:37:13,851 - INFO -   Max: -4.797825
2025-12-17 11:37:13,851 - INFO -   Avg: -7.673577
2025-12-17 11:37:13,851 - INFO -   Std: 1.232919
2025-12-17 11:37:13,914 - INFO - Generation 200
2025-12-17 11:37:13,914 - INFO -   Best: -9.444626
2025-12-17 11:37:13,914 - INFO -   Min: -9.444626
2025-12-17 11:37:13,915 - INFO -   Max: -5.164417
2025-12-17 11:37:13,915 - INFO -   Avg: -7.835352
2025-12-17 11:37:13,915 - INFO -   Std: 1.103278
2025-12-17 11:37:13,918 - INFO - 
Final best fitness: -9.0458573898
2025-12-17 11:37:13,918 - INFO - Execution time: 1.19s
