2025-12-17 11:34:41,698 - INFO - Representation: Real
2025-12-17 11:34:41,698 - INFO - Number of genes: 5
2025-12-17 11:34:41,699 - INFO - Bounds: [0, 3.141592653589793]
2025-12-17 11:34:41,699 - INFO - Function: michalewicz
2025-12-17 11:34:41,699 - INFO - Population size: 100
2025-12-17 11:34:41,699 - INFO - Generations: 200
2025-12-17 11:34:41,699 - INFO - Selection: tournament
2025-12-17 11:34:41,699 - INFO - Crossover: single_point
2025-12-17 11:34:41,700 - INFO - Mutation: random
2025-12-17 11:34:41,700 - INFO - 
2025-12-17 11:34:41,750 - INFO - Generation 10
2025-12-17 11:34:41,750 - INFO -   Best: -3.964009
2025-12-17 11:34:41,750 - INFO -   Min: -3.964009
2025-12-17 11:34:41,750 - INFO -   Max: -1.820888
2025-12-17 11:34:41,751 - INFO -   Avg: -3.508507
2025-12-17 11:34:41,751 - INFO -   Std: 0.546626
2025-12-17 11:34:41,793 - INFO - Generation 20
2025-12-17 11:34:41,793 - INFO -   Best: -4.150701
2025-12-17 11:34:41,793 - INFO -   Min: -4.150701
2025-12-17 11:34:41,794 - INFO -   Max: -1.375330
2025-12-17 11:34:41,794 - INFO -   Avg: -3.729835
2025-12-17 11:34:41,794 - INFO -   Std: 0.562746
2025-12-17 11:34:41,836 - INFO - Generation 30
2025-12-17 11:34:41,836 - INFO -   Best: -4.248968
2025-12-17 11:34:41,836 - INFO -   Min: -4.248968
2025-12-17 11:34:41,836 - INFO -   Max: -2.026921
2025-12-17 11:34:41,837 - INFO -   Avg: -3.780274
2025-12-17 11:34:41,837 - INFO -   Std: 0.585219
2025-12-17 11:34:41,876 - INFO - Generation 40
2025-12-17 11:34:41,876 - INFO -   Best: -4.248968
2025-12-17 11:34:41,877 - INFO -   Min: -4.248968
2025-12-17 11:34:41,877 - INFO -   Max: -1.015458
2025-12-17 11:34:41,877 - INFO -   Avg: -3.596927
2025-12-17 11:34:41,877 - INFO -   Std: 0.787574
2025-12-17 11:34:41,920 - INFO - Generation 50
2025-12-17 11:34:41,920 - INFO -   Best: -4.249637
2025-12-17 11:34:41,921 - INFO -   Min: -4.249637
2025-12-17 11:34:41,921 - INFO -   Max: -1.643948
2025-12-17 11:34:41,921 - INFO -   Avg: -3.840646
2025-12-17 11:34:41,921 - INFO -   Std: 0.574177
2025-12-17 11:34:41,960 - INFO - Generation 60
2025-12-17 11:34:41,960 - INFO -   Best: -4.249637
2025-12-17 11:34:41,961 - INFO -   Min: -4.249637
2025-12-17 11:34:41,961 - INFO -   Max: -1.607129
2025-12-17 11:34:41,961 - INFO -   Avg: -3.814703
2025-12-17 11:34:41,961 - INFO -   Std: 0.583945
2025-12-17 11:34:42,001 - INFO - Generation 70
2025-12-17 11:34:42,001 - INFO -   Best: -4.249637
2025-12-17 11:34:42,002 - INFO -   Min: -4.249637
2025-12-17 11:34:42,002 - INFO -   Max: -2.231709
2025-12-17 11:34:42,002 - INFO -   Avg: -3.842250
2025-12-17 11:34:42,002 - INFO -   Std: 0.582080
2025-12-17 11:34:42,044 - INFO - Generation 80
2025-12-17 11:34:42,044 - INFO -   Best: -4.249637
2025-12-17 11:34:42,045 - INFO -   Min: -4.249637
2025-12-17 11:34:42,045 - INFO -   Max: -2.313520
2025-12-17 11:34:42,045 - INFO -   Avg: -3.778161
2025-12-17 11:34:42,045 - INFO -   Std: 0.584765
2025-12-17 11:34:42,087 - INFO - Generation 90
2025-12-17 11:34:42,087 - INFO -   Best: -4.249637
2025-12-17 11:34:42,087 - INFO -   Min: -4.249637
2025-12-17 11:34:42,087 - INFO -   Max: -1.735561
2025-12-17 11:34:42,088 - INFO -   Avg: -3.618174
2025-12-17 11:34:42,088 - INFO -   Std: 0.725889
2025-12-17 11:34:42,128 - INFO - Generation 100
2025-12-17 11:34:42,128 - INFO -   Best: -4.249637
2025-12-17 11:34:42,128 - INFO -   Min: -4.249637
2025-12-17 11:34:42,129 - INFO -   Max: -1.585452
2025-12-17 11:34:42,129 - INFO -   Avg: -3.601384
2025-12-17 11:34:42,129 - INFO -   Std: 0.749716
2025-12-17 11:34:42,168 - INFO - Generation 110
2025-12-17 11:34:42,169 - INFO -   Best: -4.249637
2025-12-17 11:34:42,169 - INFO -   Min: -4.249637
2025-12-17 11:34:42,169 - INFO -   Max: -1.735364
2025-12-17 11:34:42,169 - INFO -   Avg: -3.641407
2025-12-17 11:34:42,169 - INFO -   Std: 0.659814
2025-12-17 11:34:42,209 - INFO - Generation 120
2025-12-17 11:34:42,209 - INFO -   Best: -4.250599
2025-12-17 11:34:42,209 - INFO -   Min: -4.250599
2025-12-17 11:34:42,210 - INFO -   Max: -1.572790
2025-12-17 11:34:42,210 - INFO -   Avg: -3.759202
2025-12-17 11:34:42,210 - INFO -   Std: 0.609814
2025-12-17 11:34:42,260 - INFO - Generation 130
2025-12-17 11:34:42,260 - INFO -   Best: -4.250599
2025-12-17 11:34:42,261 - INFO -   Min: -4.250599
2025-12-17 11:34:42,261 - INFO -   Max: -1.717952
2025-12-17 11:34:42,261 - INFO -   Avg: -3.750928
2025-12-17 11:34:42,261 - INFO -   Std: 0.675805
2025-12-17 11:34:42,301 - INFO - Generation 140
2025-12-17 11:34:42,301 - INFO -   Best: -4.250599
2025-12-17 11:34:42,301 - INFO -   Min: -4.250599
2025-12-17 11:34:42,301 - INFO -   Max: -1.366800
2025-12-17 11:34:42,301 - INFO -   Avg: -3.855712
2025-12-17 11:34:42,302 - INFO -   Std: 0.633992
2025-12-17 11:34:42,343 - INFO - Generation 150
2025-12-17 11:34:42,344 - INFO -   Best: -4.250599
2025-12-17 11:34:42,344 - INFO -   Min: -4.250599
2025-12-17 11:34:42,344 - INFO -   Max: -1.484203
2025-12-17 11:34:42,344 - INFO -   Avg: -3.769648
2025-12-17 11:34:42,344 - INFO -   Std: 0.672173
2025-12-17 11:34:42,384 - INFO - Generation 160
2025-12-17 11:34:42,385 - INFO -   Best: -4.250599
2025-12-17 11:34:42,385 - INFO -   Min: -4.250599
2025-12-17 11:34:42,385 - INFO -   Max: -1.793495
2025-12-17 11:34:42,385 - INFO -   Avg: -3.867447
2025-12-17 11:34:42,385 - INFO -   Std: 0.608334
2025-12-17 11:34:42,426 - INFO - Generation 170
2025-12-17 11:34:42,427 - INFO -   Best: -4.250599
2025-12-17 11:34:42,427 - INFO -   Min: -4.250599
2025-12-17 11:34:42,427 - INFO -   Max: -1.505391
2025-12-17 11:34:42,427 - INFO -   Avg: -3.715837
2025-12-17 11:34:42,427 - INFO -   Std: 0.736113
2025-12-17 11:34:42,471 - INFO - Generation 180
2025-12-17 11:34:42,471 - INFO -   Best: -4.250599
2025-12-17 11:34:42,471 - INFO -   Min: -4.250599
2025-12-17 11:34:42,471 - INFO -   Max: -1.948575
2025-12-17 11:34:42,471 - INFO -   Avg: -3.791795
2025-12-17 11:34:42,472 - INFO -   Std: 0.609906
2025-12-17 11:34:42,518 - INFO - Generation 190
2025-12-17 11:34:42,518 - INFO -   Best: -4.250599
2025-12-17 11:34:42,519 - INFO -   Min: -4.250599
2025-12-17 11:34:42,519 - INFO -   Max: -2.143719
2025-12-17 11:34:42,519 - INFO -   Avg: -3.834632
2025-12-17 11:34:42,519 - INFO -   Std: 0.553413
2025-12-17 11:34:42,564 - INFO - Generation 200
2025-12-17 11:34:42,564 - INFO -   Best: -4.251232
2025-12-17 11:34:42,565 - INFO -   Min: -4.251232
2025-12-17 11:34:42,565 - INFO -   Max: -2.466941
2025-12-17 11:34:42,565 - INFO -   Avg: -3.755097
2025-12-17 11:34:42,565 - INFO -   Std: 0.536663
2025-12-17 11:34:42,568 - INFO - 
Final best fitness: -4.2505990044
2025-12-17 11:34:42,568 - INFO - Execution time: 0.86s
2025-12-17 11:35:06,563 - INFO - Representation: Real
2025-12-17 11:35:06,564 - INFO - Number of genes: 10
2025-12-17 11:35:06,564 - INFO - Bounds: [0, 3.141592653589793]
2025-12-17 11:35:06,564 - INFO - Function: michalewicz
2025-12-17 11:35:06,564 - INFO - Population size: 100
2025-12-17 11:35:06,564 - INFO - Generations: 200
2025-12-17 11:35:06,564 - INFO - Selection: tournament
2025-12-17 11:35:06,564 - INFO - Crossover: single_point
2025-12-17 11:35:06,564 - INFO - Mutation: random
2025-12-17 11:35:06,565 - INFO - 
2025-12-17 11:35:06,635 - INFO - Generation 10
2025-12-17 11:35:06,635 - INFO -   Best: -6.303870
2025-12-17 11:35:06,635 - INFO -   Min: -6.303870
2025-12-17 11:35:06,635 - INFO -   Max: -1.592911
2025-12-17 11:35:06,635 - INFO -   Avg: -4.631661
2025-12-17 11:35:06,636 - INFO -   Std: 0.951805
2025-12-17 11:35:06,693 - INFO - Generation 20
2025-12-17 11:35:06,693 - INFO -   Best: -7.665538
2025-12-17 11:35:06,693 - INFO -   Min: -7.665538
2025-12-17 11:35:06,693 - INFO -   Max: -3.069802
2025-12-17 11:35:06,693 - INFO -   Avg: -5.914251
2025-12-17 11:35:06,694 - INFO -   Std: 1.011908
2025-12-17 11:35:06,752 - INFO - Generation 30
2025-12-17 11:35:06,752 - INFO -   Best: -8.554466
2025-12-17 11:35:06,753 - INFO -   Min: -8.554466
2025-12-17 11:35:06,753 - INFO -   Max: -3.916546
2025-12-17 11:35:06,753 - INFO -   Avg: -7.095567
2025-12-17 11:35:06,753 - INFO -   Std: 0.885206
2025-12-17 11:35:06,810 - INFO - Generation 40
2025-12-17 11:35:06,811 - INFO -   Best: -8.554466
2025-12-17 11:35:06,811 - INFO -   Min: -8.554466
2025-12-17 11:35:06,811 - INFO -   Max: -5.297140
2025-12-17 11:35:06,811 - INFO -   Avg: -7.324706
2025-12-17 11:35:06,811 - INFO -   Std: 0.798051
2025-12-17 11:35:06,868 - INFO - Generation 50
2025-12-17 11:35:06,869 - INFO -   Best: -8.911999
2025-12-17 11:35:06,869 - INFO -   Min: -8.911999
2025-12-17 11:35:06,869 - INFO -   Max: -4.046433
2025-12-17 11:35:06,869 - INFO -   Avg: -7.485222
2025-12-17 11:35:06,869 - INFO -   Std: 0.989699
2025-12-17 11:35:06,928 - INFO - Generation 60
2025-12-17 11:35:06,928 - INFO -   Best: -8.987256
2025-12-17 11:35:06,928 - INFO -   Min: -8.987256
2025-12-17 11:35:06,928 - INFO -   Max: -4.260401
2025-12-17 11:35:06,928 - INFO -   Avg: -7.337198
2025-12-17 11:35:06,929 - INFO -   Std: 1.149778
2025-12-17 11:35:06,985 - INFO - Generation 70
2025-12-17 11:35:06,985 - INFO -   Best: -8.987256
2025-12-17 11:35:06,985 - INFO -   Min: -8.987256
2025-12-17 11:35:06,986 - INFO -   Max: -5.029531
2025-12-17 11:35:06,986 - INFO -   Avg: -7.429015
2025-12-17 11:35:06,986 - INFO -   Std: 1.034259
2025-12-17 11:35:07,042 - INFO - Generation 80
2025-12-17 11:35:07,042 - INFO -   Best: -9.014338
2025-12-17 11:35:07,042 - INFO -   Min: -9.014338
2025-12-17 11:35:07,043 - INFO -   Max: -4.601732
2025-12-17 11:35:07,043 - INFO -   Avg: -7.578971
2025-12-17 11:35:07,043 - INFO -   Std: 1.070161
2025-12-17 11:35:07,101 - INFO - Generation 90
2025-12-17 11:35:07,101 - INFO -   Best: -9.098625
2025-12-17 11:35:07,101 - INFO -   Min: -9.098625
2025-12-17 11:35:07,101 - INFO -   Max: -5.253754
2025-12-17 11:35:07,102 - INFO -   Avg: -7.866020
2025-12-17 11:35:07,102 - INFO -   Std: 1.060584
2025-12-17 11:35:07,157 - INFO - Generation 100
2025-12-17 11:35:07,158 - INFO -   Best: -9.169602
2025-12-17 11:35:07,158 - INFO -   Min: -9.169602
2025-12-17 11:35:07,158 - INFO -   Max: -5.733034
2025-12-17 11:35:07,158 - INFO -   Avg: -7.900762
2025-12-17 11:35:07,158 - INFO -   Std: 0.859389
2025-12-17 11:35:07,215 - INFO - Generation 110
2025-12-17 11:35:07,216 - INFO -   Best: -9.203412
2025-12-17 11:35:07,216 - INFO -   Min: -9.203412
2025-12-17 11:35:07,216 - INFO -   Max: -4.335514
2025-12-17 11:35:07,216 - INFO -   Avg: -7.564361
2025-12-17 11:35:07,216 - INFO -   Std: 1.120692
2025-12-17 11:35:07,275 - INFO - Generation 120
2025-12-17 11:35:07,275 - INFO -   Best: -9.211921
2025-12-17 11:35:07,275 - INFO -   Min: -9.211921
2025-12-17 11:35:07,276 - INFO -   Max: -5.047829
2025-12-17 11:35:07,276 - INFO -   Avg: -7.743891
2025-12-17 11:35:07,276 - INFO -   Std: 0.958301
2025-12-17 11:35:07,333 - INFO - Generation 130
2025-12-17 11:35:07,333 - INFO -   Best: -9.211921
2025-12-17 11:35:07,333 - INFO -   Min: -9.211921
2025-12-17 11:35:07,334 - INFO -   Max: -4.824279
2025-12-17 11:35:07,334 - INFO -   Avg: -7.200603
2025-12-17 11:35:07,334 - INFO -   Std: 0.974757
2025-12-17 11:35:07,389 - INFO - Generation 140
2025-12-17 11:35:07,390 - INFO -   Best: -9.211921
2025-12-17 11:35:07,390 - INFO -   Min: -9.211921
2025-12-17 11:35:07,390 - INFO -   Max: -4.497145
2025-12-17 11:35:07,390 - INFO -   Avg: -7.902631
2025-12-17 11:35:07,390 - INFO -   Std: 1.045743
2025-12-17 11:35:07,446 - INFO - Generation 150
2025-12-17 11:35:07,446 - INFO -   Best: -9.211921
2025-12-17 11:35:07,446 - INFO -   Min: -9.211921
2025-12-17 11:35:07,446 - INFO -   Max: -4.658987
2025-12-17 11:35:07,446 - INFO -   Avg: -7.720569
2025-12-17 11:35:07,447 - INFO -   Std: 1.163714
2025-12-17 11:35:07,502 - INFO - Generation 160
2025-12-17 11:35:07,502 - INFO -   Best: -9.211921
2025-12-17 11:35:07,503 - INFO -   Min: -9.211921
2025-12-17 11:35:07,503 - INFO -   Max: -4.182031
2025-12-17 11:35:07,503 - INFO -   Avg: -7.644012
2025-12-17 11:35:07,503 - INFO -   Std: 1.082520
2025-12-17 11:35:07,559 - INFO - Generation 170
2025-12-17 11:35:07,559 - INFO -   Best: -9.231142
2025-12-17 11:35:07,559 - INFO -   Min: -9.231142
2025-12-17 11:35:07,559 - INFO -   Max: -3.889138
2025-12-17 11:35:07,560 - INFO -   Avg: -7.923732
2025-12-17 11:35:07,560 - INFO -   Std: 1.184365
2025-12-17 11:35:07,616 - INFO - Generation 180
2025-12-17 11:35:07,616 - INFO -   Best: -9.231142
2025-12-17 11:35:07,616 - INFO -   Min: -9.231142
2025-12-17 11:35:07,617 - INFO -   Max: -5.411726
2025-12-17 11:35:07,617 - INFO -   Avg: -7.716544
2025-12-17 11:35:07,617 - INFO -   Std: 1.015014
2025-12-17 11:35:07,672 - INFO - Generation 190
2025-12-17 11:35:07,672 - INFO -   Best: -9.232462
2025-12-17 11:35:07,672 - INFO -   Min: -9.232462
2025-12-17 11:35:07,673 - INFO -   Max: -4.039682
2025-12-17 11:35:07,673 - INFO -   Avg: -7.865923
2025-12-17 11:35:07,673 - INFO -   Std: 1.094501
2025-12-17 11:35:07,728 - INFO - Generation 200
2025-12-17 11:35:07,728 - INFO -   Best: -9.232462
2025-12-17 11:35:07,728 - INFO -   Min: -9.232462
2025-12-17 11:35:07,729 - INFO -   Max: -4.979098
2025-12-17 11:35:07,729 - INFO -   Avg: -8.183249
2025-12-17 11:35:07,729 - INFO -   Std: 0.912805
2025-12-17 11:35:07,732 - INFO - 
Final best fitness: -9.1966019130
2025-12-17 11:35:07,733 - INFO - Execution time: 1.15s
2025-12-17 11:36:37,777 - INFO - Representation: Real
2025-12-17 11:36:37,777 - INFO - Number of genes: 5
2025-12-17 11:36:37,777 - INFO - Bounds: [0, 3.141592653589793]
2025-12-17 11:36:37,778 - INFO - Function: michalewicz
2025-12-17 11:36:37,778 - INFO - Population size: 100
2025-12-17 11:36:37,778 - INFO - Generations: 200
2025-12-17 11:36:37,778 - INFO - Selection: tournament
2025-12-17 11:36:37,778 - INFO - Crossover: single_point
2025-12-17 11:36:37,778 - INFO - Mutation: random
2025-12-17 11:36:37,778 - INFO - 
2025-12-17 11:36:37,827 - INFO - Generation 10
2025-12-17 11:36:37,828 - INFO -   Best: -4.384035
2025-12-17 11:36:37,828 - INFO -   Min: -4.384035
2025-12-17 11:36:37,828 - INFO -   Max: -1.318628
2025-12-17 11:36:37,828 - INFO -   Avg: -3.448336
2025-12-17 11:36:37,828 - INFO -   Std: 0.682331
2025-12-17 11:36:37,868 - INFO - Generation 20
2025-12-17 11:36:37,869 - INFO -   Best: -4.464022
2025-12-17 11:36:37,869 - INFO -   Min: -4.464022
2025-12-17 11:36:37,869 - INFO -   Max: -1.886286
2025-12-17 11:36:37,869 - INFO -   Avg: -3.937301
2025-12-17 11:36:37,869 - INFO -   Std: 0.619234
2025-12-17 11:36:37,912 - INFO - Generation 30
2025-12-17 11:36:37,912 - INFO -   Best: -4.467523
2025-12-17 11:36:37,912 - INFO -   Min: -4.467523
2025-12-17 11:36:37,913 - INFO -   Max: -1.809279
2025-12-17 11:36:37,913 - INFO -   Avg: -3.946910
2025-12-17 11:36:37,913 - INFO -   Std: 0.607875
2025-12-17 11:36:37,952 - INFO - Generation 40
2025-12-17 11:36:37,952 - INFO -   Best: -4.511569
2025-12-17 11:36:37,953 - INFO -   Min: -4.511569
2025-12-17 11:36:37,953 - INFO -   Max: -1.441161
2025-12-17 11:36:37,953 - INFO -   Avg: -3.998003
2025-12-17 11:36:37,953 - INFO -   Std: 0.643174
2025-12-17 11:36:37,994 - INFO - Generation 50
2025-12-17 11:36:37,994 - INFO -   Best: -4.511569
2025-12-17 11:36:37,995 - INFO -   Min: -4.511569
2025-12-17 11:36:37,995 - INFO -   Max: -1.597761
2025-12-17 11:36:37,995 - INFO -   Avg: -3.982963
2025-12-17 11:36:37,995 - INFO -   Std: 0.671816
2025-12-17 11:36:38,037 - INFO - Generation 60
2025-12-17 11:36:38,037 - INFO -   Best: -4.511569
2025-12-17 11:36:38,037 - INFO -   Min: -4.511569
2025-12-17 11:36:38,038 - INFO -   Max: -2.018483
2025-12-17 11:36:38,038 - INFO -   Avg: -4.058724
2025-12-17 11:36:38,038 - INFO -   Std: 0.591201
2025-12-17 11:36:38,080 - INFO - Generation 70
2025-12-17 11:36:38,081 - INFO -   Best: -4.511569
2025-12-17 11:36:38,081 - INFO -   Min: -4.511569
2025-12-17 11:36:38,081 - INFO -   Max: -1.373383
2025-12-17 11:36:38,081 - INFO -   Avg: -4.030164
2025-12-17 11:36:38,081 - INFO -   Std: 0.683722
2025-12-17 11:36:38,126 - INFO - Generation 80
2025-12-17 11:36:38,127 - INFO -   Best: -4.511569
2025-12-17 11:36:38,127 - INFO -   Min: -4.511569
2025-12-17 11:36:38,127 - INFO -   Max: -2.001369
2025-12-17 11:36:38,127 - INFO -   Avg: -4.016313
2025-12-17 11:36:38,127 - INFO -   Std: 0.592825
2025-12-17 11:36:38,172 - INFO - Generation 90
2025-12-17 11:36:38,172 - INFO -   Best: -4.511569
2025-12-17 11:36:38,172 - INFO -   Min: -4.511569
2025-12-17 11:36:38,172 - INFO -   Max: -2.055127
2025-12-17 11:36:38,172 - INFO -   Avg: -4.057737
2025-12-17 11:36:38,173 - INFO -   Std: 0.611507
2025-12-17 11:36:38,224 - INFO - Generation 100
2025-12-17 11:36:38,224 - INFO -   Best: -4.511569
2025-12-17 11:36:38,224 - INFO -   Min: -4.511569
2025-12-17 11:36:38,225 - INFO -   Max: -1.084704
2025-12-17 11:36:38,225 - INFO -   Avg: -3.890291
2025-12-17 11:36:38,225 - INFO -   Std: 0.822977
2025-12-17 11:36:38,271 - INFO - Generation 110
2025-12-17 11:36:38,271 - INFO -   Best: -4.514878
2025-12-17 11:36:38,271 - INFO -   Min: -4.514878
2025-12-17 11:36:38,271 - INFO -   Max: -0.907417
2025-12-17 11:36:38,271 - INFO -   Avg: -3.894697
2025-12-17 11:36:38,272 - INFO -   Std: 0.741516
2025-12-17 11:36:38,317 - INFO - Generation 120
2025-12-17 11:36:38,317 - INFO -   Best: -4.514878
2025-12-17 11:36:38,317 - INFO -   Min: -4.514878
2025-12-17 11:36:38,318 - INFO -   Max: -2.299879
2025-12-17 11:36:38,318 - INFO -   Avg: -4.141434
2025-12-17 11:36:38,318 - INFO -   Std: 0.534725
2025-12-17 11:36:38,361 - INFO - Generation 130
2025-12-17 11:36:38,361 - INFO -   Best: -4.514878
2025-12-17 11:36:38,361 - INFO -   Min: -4.514878
2025-12-17 11:36:38,361 - INFO -   Max: -1.033828
2025-12-17 11:36:38,361 - INFO -   Avg: -4.045416
2025-12-17 11:36:38,361 - INFO -   Std: 0.684789
2025-12-17 11:36:38,405 - INFO - Generation 140
2025-12-17 11:36:38,406 - INFO -   Best: -4.514878
2025-12-17 11:36:38,406 - INFO -   Min: -4.514878
2025-12-17 11:36:38,406 - INFO -   Max: -0.666719
2025-12-17 11:36:38,406 - INFO -   Avg: -3.913159
2025-12-17 11:36:38,406 - INFO -   Std: 0.864712
2025-12-17 11:36:38,454 - INFO - Generation 150
2025-12-17 11:36:38,454 - INFO -   Best: -4.514878
2025-12-17 11:36:38,454 - INFO -   Min: -4.514878
2025-12-17 11:36:38,455 - INFO -   Max: -1.879894
2025-12-17 11:36:38,455 - INFO -   Avg: -3.996990
2025-12-17 11:36:38,455 - INFO -   Std: 0.596682
2025-12-17 11:36:38,496 - INFO - Generation 160
2025-12-17 11:36:38,496 - INFO -   Best: -4.514878
2025-12-17 11:36:38,496 - INFO -   Min: -4.514878
2025-12-17 11:36:38,496 - INFO -   Max: -1.940506
2025-12-17 11:36:38,497 - INFO -   Avg: -4.018174
2025-12-17 11:36:38,497 - INFO -   Std: 0.607121
2025-12-17 11:36:38,538 - INFO - Generation 170
2025-12-17 11:36:38,539 - INFO -   Best: -4.514878
2025-12-17 11:36:38,539 - INFO -   Min: -4.514878
2025-12-17 11:36:38,539 - INFO -   Max: -2.217140
2025-12-17 11:36:38,539 - INFO -   Avg: -4.023059
2025-12-17 11:36:38,539 - INFO -   Std: 0.584781
2025-12-17 11:36:38,580 - INFO - Generation 180
2025-12-17 11:36:38,580 - INFO -   Best: -4.514878
2025-12-17 11:36:38,580 - INFO -   Min: -4.514878
2025-12-17 11:36:38,580 - INFO -   Max: -1.703245
2025-12-17 11:36:38,580 - INFO -   Avg: -4.022459
2025-12-17 11:36:38,581 - INFO -   Std: 0.672001
2025-12-17 11:36:38,620 - INFO - Generation 190
2025-12-17 11:36:38,621 - INFO -   Best: -4.514878
2025-12-17 11:36:38,621 - INFO -   Min: -4.514878
2025-12-17 11:36:38,621 - INFO -   Max: -1.760253
2025-12-17 11:36:38,621 - INFO -   Avg: -3.936083
2025-12-17 11:36:38,621 - INFO -   Std: 0.636596
2025-12-17 11:36:38,661 - INFO - Generation 200
2025-12-17 11:36:38,661 - INFO -   Best: -4.514878
2025-12-17 11:36:38,661 - INFO -   Min: -4.514878
2025-12-17 11:36:38,661 - INFO -   Max: -2.614427
2025-12-17 11:36:38,662 - INFO -   Avg: -4.040733
2025-12-17 11:36:38,662 - INFO -   Std: 0.581802
2025-12-17 11:36:38,664 - INFO - 
Final best fitness: -4.3539874403
2025-12-17 11:36:38,665 - INFO - Execution time: 0.88s
