2025-12-17 12:20:15,613 - INFO - Representation: Real
2025-12-17 12:20:15,613 - INFO - Number of genes: 30
2025-12-17 12:20:15,614 - INFO - Bounds: [-100, 100]
2025-12-17 12:20:15,614 - INFO - Function: f16_2014
2025-12-17 12:20:15,614 - INFO - Population size: 100
2025-12-17 12:20:15,614 - INFO - Generations: 200
2025-12-17 12:20:15,614 - INFO - Selection: rws
2025-12-17 12:20:15,614 - INFO - Crossover: two_points
2025-12-17 12:20:15,614 - INFO - Mutation: swap
2025-12-17 12:20:15,615 - INFO - 
2025-12-17 12:20:16,041 - INFO - Generation 10
2025-12-17 12:20:16,042 - INFO -   Best: 1613.835543
2025-12-17 12:20:16,042 - INFO -   Min: 1613.835543
2025-12-17 12:20:16,042 - INFO -   Max: 1615.686584
2025-12-17 12:20:16,042 - INFO -   Avg: 1614.960137
2025-12-17 12:20:16,043 - INFO -   Std: 0.270194
2025-12-17 12:20:16,402 - INFO - Generation 20
2025-12-17 12:20:16,402 - INFO -   Best: 1613.835543
2025-12-17 12:20:16,402 - INFO -   Min: 1613.835543
2025-12-17 12:20:16,402 - INFO -   Max: 1615.488711
2025-12-17 12:20:16,402 - INFO -   Avg: 1614.950067
2025-12-17 12:20:16,403 - INFO -   Std: 0.287717
2025-12-17 12:20:16,762 - INFO - Generation 30
2025-12-17 12:20:16,762 - INFO -   Best: 1613.835543
2025-12-17 12:20:16,763 - INFO -   Min: 1613.835543
2025-12-17 12:20:16,763 - INFO -   Max: 1615.717024
2025-12-17 12:20:16,763 - INFO -   Avg: 1614.936005
2025-12-17 12:20:16,763 - INFO -   Std: 0.275562
2025-12-17 12:20:17,116 - INFO - Generation 40
2025-12-17 12:20:17,116 - INFO -   Best: 1613.835543
2025-12-17 12:20:17,116 - INFO -   Min: 1613.835543
2025-12-17 12:20:17,116 - INFO -   Max: 1615.610584
2025-12-17 12:20:17,117 - INFO -   Avg: 1614.937769
2025-12-17 12:20:17,117 - INFO -   Std: 0.289713
2025-12-17 12:20:17,470 - INFO - Generation 50
2025-12-17 12:20:17,471 - INFO -   Best: 1613.835543
2025-12-17 12:20:17,471 - INFO -   Min: 1613.835543
2025-12-17 12:20:17,471 - INFO -   Max: 1615.607515
2025-12-17 12:20:17,471 - INFO -   Avg: 1614.992816
2025-12-17 12:20:17,472 - INFO -   Std: 0.278816
2025-12-17 12:20:17,827 - INFO - Generation 60
2025-12-17 12:20:17,827 - INFO -   Best: 1613.835543
2025-12-17 12:20:17,827 - INFO -   Min: 1613.835543
2025-12-17 12:20:17,828 - INFO -   Max: 1615.444130
2025-12-17 12:20:17,828 - INFO -   Avg: 1614.962668
2025-12-17 12:20:17,828 - INFO -   Std: 0.223420
2025-12-17 12:20:18,182 - INFO - Generation 70
2025-12-17 12:20:18,182 - INFO -   Best: 1613.835543
2025-12-17 12:20:18,182 - INFO -   Min: 1613.835543
2025-12-17 12:20:18,182 - INFO -   Max: 1615.645347
2025-12-17 12:20:18,182 - INFO -   Avg: 1615.001932
2025-12-17 12:20:18,184 - INFO -   Std: 0.243449
2025-12-17 12:20:18,539 - INFO - Generation 80
2025-12-17 12:20:18,539 - INFO -   Best: 1613.835543
2025-12-17 12:20:18,539 - INFO -   Min: 1613.835543
2025-12-17 12:20:18,539 - INFO -   Max: 1615.606539
2025-12-17 12:20:18,540 - INFO -   Avg: 1614.985469
2025-12-17 12:20:18,540 - INFO -   Std: 0.233934
2025-12-17 12:20:18,893 - INFO - Generation 90
2025-12-17 12:20:18,894 - INFO -   Best: 1613.835543
2025-12-17 12:20:18,894 - INFO -   Min: 1613.835543
2025-12-17 12:20:18,894 - INFO -   Max: 1615.548823
2025-12-17 12:20:18,894 - INFO -   Avg: 1614.964921
2025-12-17 12:20:18,894 - INFO -   Std: 0.289637
2025-12-17 12:20:19,244 - INFO - Generation 100
2025-12-17 12:20:19,245 - INFO -   Best: 1613.835543
2025-12-17 12:20:19,245 - INFO -   Min: 1613.835543
2025-12-17 12:20:19,245 - INFO -   Max: 1615.745270
2025-12-17 12:20:19,245 - INFO -   Avg: 1614.990930
2025-12-17 12:20:19,245 - INFO -   Std: 0.297460
2025-12-17 12:20:19,599 - INFO - Generation 110
2025-12-17 12:20:19,599 - INFO -   Best: 1613.835543
2025-12-17 12:20:19,599 - INFO -   Min: 1613.835543
2025-12-17 12:20:19,599 - INFO -   Max: 1615.544833
2025-12-17 12:20:19,600 - INFO -   Avg: 1614.948606
2025-12-17 12:20:19,600 - INFO -   Std: 0.282790
2025-12-17 12:20:19,956 - INFO - Generation 120
2025-12-17 12:20:19,956 - INFO -   Best: 1613.835543
2025-12-17 12:20:19,956 - INFO -   Min: 1613.835543
2025-12-17 12:20:19,956 - INFO -   Max: 1615.752282
2025-12-17 12:20:19,957 - INFO -   Avg: 1614.978817
2025-12-17 12:20:19,957 - INFO -   Std: 0.292047
2025-12-17 12:20:20,309 - INFO - Generation 130
2025-12-17 12:20:20,310 - INFO -   Best: 1613.768036
2025-12-17 12:20:20,310 - INFO -   Min: 1613.768036
2025-12-17 12:20:20,310 - INFO -   Max: 1615.388650
2025-12-17 12:20:20,310 - INFO -   Avg: 1614.935330
2025-12-17 12:20:20,310 - INFO -   Std: 0.289125
2025-12-17 12:20:20,664 - INFO - Generation 140
2025-12-17 12:20:20,664 - INFO -   Best: 1613.768036
2025-12-17 12:20:20,665 - INFO -   Min: 1613.768036
2025-12-17 12:20:20,665 - INFO -   Max: 1615.643316
2025-12-17 12:20:20,665 - INFO -   Avg: 1614.956106
2025-12-17 12:20:20,665 - INFO -   Std: 0.310753
2025-12-17 12:20:21,018 - INFO - Generation 150
2025-12-17 12:20:21,019 - INFO -   Best: 1613.768036
2025-12-17 12:20:21,019 - INFO -   Min: 1613.768036
2025-12-17 12:20:21,019 - INFO -   Max: 1615.515560
2025-12-17 12:20:21,019 - INFO -   Avg: 1614.962274
2025-12-17 12:20:21,019 - INFO -   Std: 0.288535
2025-12-17 12:20:21,369 - INFO - Generation 160
2025-12-17 12:20:21,369 - INFO -   Best: 1613.768036
2025-12-17 12:20:21,369 - INFO -   Min: 1613.768036
2025-12-17 12:20:21,369 - INFO -   Max: 1615.488696
2025-12-17 12:20:21,370 - INFO -   Avg: 1614.942411
2025-12-17 12:20:21,370 - INFO -   Std: 0.255606
2025-12-17 12:20:21,721 - INFO - Generation 170
2025-12-17 12:20:21,722 - INFO -   Best: 1613.768036
2025-12-17 12:20:21,722 - INFO -   Min: 1613.768036
2025-12-17 12:20:21,722 - INFO -   Max: 1615.450525
2025-12-17 12:20:21,722 - INFO -   Avg: 1614.907983
2025-12-17 12:20:21,723 - INFO -   Std: 0.237060
2025-12-17 12:20:22,077 - INFO - Generation 180
2025-12-17 12:20:22,077 - INFO -   Best: 1613.768036
2025-12-17 12:20:22,077 - INFO -   Min: 1613.768036
2025-12-17 12:20:22,077 - INFO -   Max: 1615.393896
2025-12-17 12:20:22,078 - INFO -   Avg: 1614.931891
2025-12-17 12:20:22,078 - INFO -   Std: 0.270697
2025-12-17 12:20:22,429 - INFO - Generation 190
2025-12-17 12:20:22,429 - INFO -   Best: 1613.768036
2025-12-17 12:20:22,429 - INFO -   Min: 1613.768036
2025-12-17 12:20:22,429 - INFO -   Max: 1616.165313
2025-12-17 12:20:22,429 - INFO -   Avg: 1614.962033
2025-12-17 12:20:22,431 - INFO -   Std: 0.310341
2025-12-17 12:20:22,783 - INFO - Generation 200
2025-12-17 12:20:22,783 - INFO -   Best: 1613.768036
2025-12-17 12:20:22,784 - INFO -   Min: 1613.768036
2025-12-17 12:20:22,784 - INFO -   Max: 1615.719053
2025-12-17 12:20:22,784 - INFO -   Avg: 1615.009409
2025-12-17 12:20:22,784 - INFO -   Std: 0.307438
2025-12-17 12:20:22,806 - INFO - 
Final best fitness: 1613.7680356482
2025-12-17 12:20:22,806 - INFO - Execution time: 7.13s
