2025-12-17 12:23:32,023 - INFO - Representation: Real
2025-12-17 12:23:32,023 - INFO - Number of genes: 5
2025-12-17 12:23:32,023 - INFO - Bounds: [0, 3.141592653589793]
2025-12-17 12:23:32,023 - INFO - Function: michalewicz
2025-12-17 12:23:32,023 - INFO - Population size: 100
2025-12-17 12:23:32,023 - INFO - Generations: 200
2025-12-17 12:23:32,024 - INFO - Selection: rws
2025-12-17 12:23:32,024 - INFO - Crossover: two_points
2025-12-17 12:23:32,024 - INFO - Mutation: swap
2025-12-17 12:23:32,024 - INFO - 
2025-12-17 12:23:32,077 - INFO - Generation 10
2025-12-17 12:23:32,077 - INFO -   Best: -4.395113
2025-12-17 12:23:32,078 - INFO -   Min: -4.395113
2025-12-17 12:23:32,078 - INFO -   Max: -0.132745
2025-12-17 12:23:32,078 - INFO -   Avg: -2.239290
2025-12-17 12:23:32,078 - INFO -   Std: 0.844705
2025-12-17 12:23:32,123 - INFO - Generation 20
2025-12-17 12:23:32,123 - INFO -   Best: -4.395113
2025-12-17 12:23:32,123 - INFO -   Min: -4.395113
2025-12-17 12:23:32,123 - INFO -   Max: -1.182789
2025-12-17 12:23:32,123 - INFO -   Avg: -2.728819
2025-12-17 12:23:32,124 - INFO -   Std: 0.700799
2025-12-17 12:23:32,166 - INFO - Generation 30
2025-12-17 12:23:32,166 - INFO -   Best: -4.395113
2025-12-17 12:23:32,166 - INFO -   Min: -4.395113
2025-12-17 12:23:32,166 - INFO -   Max: -1.182790
2025-12-17 12:23:32,166 - INFO -   Avg: -2.820434
2025-12-17 12:23:32,167 - INFO -   Std: 0.764017
2025-12-17 12:23:32,209 - INFO - Generation 40
2025-12-17 12:23:32,209 - INFO -   Best: -4.395113
2025-12-17 12:23:32,209 - INFO -   Min: -4.395113
2025-12-17 12:23:32,209 - INFO -   Max: -1.182790
2025-12-17 12:23:32,209 - INFO -   Avg: -2.826551
2025-12-17 12:23:32,209 - INFO -   Std: 0.838800
2025-12-17 12:23:32,249 - INFO - Generation 50
2025-12-17 12:23:32,249 - INFO -   Best: -4.395113
2025-12-17 12:23:32,250 - INFO -   Min: -4.395113
2025-12-17 12:23:32,250 - INFO -   Max: -1.182790
2025-12-17 12:23:32,250 - INFO -   Avg: -2.994082
2025-12-17 12:23:32,250 - INFO -   Std: 0.789137
2025-12-17 12:23:32,290 - INFO - Generation 60
2025-12-17 12:23:32,291 - INFO -   Best: -4.395113
2025-12-17 12:23:32,291 - INFO -   Min: -4.395113
2025-12-17 12:23:32,291 - INFO -   Max: -1.182790
2025-12-17 12:23:32,291 - INFO -   Avg: -2.899342
2025-12-17 12:23:32,291 - INFO -   Std: 0.694680
2025-12-17 12:23:32,332 - INFO - Generation 70
2025-12-17 12:23:32,333 - INFO -   Best: -4.395113
2025-12-17 12:23:32,333 - INFO -   Min: -4.395113
2025-12-17 12:23:32,333 - INFO -   Max: -1.182790
2025-12-17 12:23:32,333 - INFO -   Avg: -2.802268
2025-12-17 12:23:32,333 - INFO -   Std: 0.777303
2025-12-17 12:23:32,372 - INFO - Generation 80
2025-12-17 12:23:32,372 - INFO -   Best: -4.395113
2025-12-17 12:23:32,373 - INFO -   Min: -4.395113
2025-12-17 12:23:32,373 - INFO -   Max: -1.182790
2025-12-17 12:23:32,373 - INFO -   Avg: -2.892307
2025-12-17 12:23:32,373 - INFO -   Std: 0.759736
2025-12-17 12:23:32,413 - INFO - Generation 90
2025-12-17 12:23:32,414 - INFO -   Best: -4.395113
2025-12-17 12:23:32,414 - INFO -   Min: -4.395113
2025-12-17 12:23:32,414 - INFO -   Max: -1.182790
2025-12-17 12:23:32,414 - INFO -   Avg: -2.884331
2025-12-17 12:23:32,414 - INFO -   Std: 0.769357
2025-12-17 12:23:32,455 - INFO - Generation 100
2025-12-17 12:23:32,455 - INFO -   Best: -4.395113
2025-12-17 12:23:32,456 - INFO -   Min: -4.395113
2025-12-17 12:23:32,456 - INFO -   Max: -1.182790
2025-12-17 12:23:32,456 - INFO -   Avg: -2.791518
2025-12-17 12:23:32,456 - INFO -   Std: 0.755883
2025-12-17 12:23:32,497 - INFO - Generation 110
2025-12-17 12:23:32,498 - INFO -   Best: -4.395113
2025-12-17 12:23:32,498 - INFO -   Min: -4.395113
2025-12-17 12:23:32,498 - INFO -   Max: -1.182790
2025-12-17 12:23:32,498 - INFO -   Avg: -2.819395
2025-12-17 12:23:32,498 - INFO -   Std: 0.722644
2025-12-17 12:23:32,538 - INFO - Generation 120
2025-12-17 12:23:32,538 - INFO -   Best: -4.395113
2025-12-17 12:23:32,538 - INFO -   Min: -4.395113
2025-12-17 12:23:32,539 - INFO -   Max: -1.182790
2025-12-17 12:23:32,539 - INFO -   Avg: -2.905566
2025-12-17 12:23:32,539 - INFO -   Std: 0.790210
2025-12-17 12:23:32,579 - INFO - Generation 130
2025-12-17 12:23:32,579 - INFO -   Best: -4.395113
2025-12-17 12:23:32,579 - INFO -   Min: -4.395113
2025-12-17 12:23:32,579 - INFO -   Max: -1.182790
2025-12-17 12:23:32,579 - INFO -   Avg: -2.807117
2025-12-17 12:23:32,580 - INFO -   Std: 0.732432
2025-12-17 12:23:32,619 - INFO - Generation 140
2025-12-17 12:23:32,620 - INFO -   Best: -4.395113
2025-12-17 12:23:32,620 - INFO -   Min: -4.395113
2025-12-17 12:23:32,620 - INFO -   Max: -1.182790
2025-12-17 12:23:32,620 - INFO -   Avg: -2.904128
2025-12-17 12:23:32,620 - INFO -   Std: 0.750191
2025-12-17 12:23:32,663 - INFO - Generation 150
2025-12-17 12:23:32,663 - INFO -   Best: -4.395113
2025-12-17 12:23:32,663 - INFO -   Min: -4.395113
2025-12-17 12:23:32,663 - INFO -   Max: -1.182790
2025-12-17 12:23:32,663 - INFO -   Avg: -2.852129
2025-12-17 12:23:32,663 - INFO -   Std: 0.684426
2025-12-17 12:23:32,704 - INFO - Generation 160
2025-12-17 12:23:32,704 - INFO -   Best: -4.395113
2025-12-17 12:23:32,704 - INFO -   Min: -4.395113
2025-12-17 12:23:32,704 - INFO -   Max: -1.182790
2025-12-17 12:23:32,704 - INFO -   Avg: -2.646989
2025-12-17 12:23:32,704 - INFO -   Std: 0.845000
2025-12-17 12:23:32,744 - INFO - Generation 170
2025-12-17 12:23:32,744 - INFO -   Best: -4.395113
2025-12-17 12:23:32,745 - INFO -   Min: -4.395113
2025-12-17 12:23:32,745 - INFO -   Max: -1.182790
2025-12-17 12:23:32,745 - INFO -   Avg: -2.904303
2025-12-17 12:23:32,745 - INFO -   Std: 0.775182
2025-12-17 12:23:32,786 - INFO - Generation 180
2025-12-17 12:23:32,786 - INFO -   Best: -4.395113
2025-12-17 12:23:32,786 - INFO -   Min: -4.395113
2025-12-17 12:23:32,786 - INFO -   Max: -1.182790
2025-12-17 12:23:32,786 - INFO -   Avg: -2.820333
2025-12-17 12:23:32,786 - INFO -   Std: 0.708506
2025-12-17 12:23:32,827 - INFO - Generation 190
2025-12-17 12:23:32,827 - INFO -   Best: -4.395113
2025-12-17 12:23:32,827 - INFO -   Min: -4.395113
2025-12-17 12:23:32,827 - INFO -   Max: -1.902124
2025-12-17 12:23:32,827 - INFO -   Avg: -2.933422
2025-12-17 12:23:32,827 - INFO -   Std: 0.708297
2025-12-17 12:23:32,867 - INFO - Generation 200
2025-12-17 12:23:32,867 - INFO -   Best: -4.395113
2025-12-17 12:23:32,868 - INFO -   Min: -4.395113
2025-12-17 12:23:32,868 - INFO -   Max: -1.182790
2025-12-17 12:23:32,868 - INFO -   Avg: -2.894433
2025-12-17 12:23:32,868 - INFO -   Std: 0.672462
2025-12-17 12:23:32,871 - INFO - 
Final best fitness: -3.6757793261
2025-12-17 12:23:32,871 - INFO - Execution time: 0.84s
