2025-12-17 11:42:37,775 - INFO - Representation: Real
2025-12-17 11:42:37,776 - INFO - Number of genes: 10
2025-12-17 11:42:37,776 - INFO - Bounds: [-100, 100]
2025-12-17 11:42:37,776 - INFO - Function: f16_2014
2025-12-17 11:42:37,776 - INFO - Population size: 100
2025-12-17 11:42:37,776 - INFO - Generations: 200
2025-12-17 11:42:37,776 - INFO - Selection: tournament
2025-12-17 11:42:37,776 - INFO - Crossover: single_point
2025-12-17 11:42:37,777 - INFO - Mutation: random
2025-12-17 11:42:37,777 - INFO - 
2025-12-17 11:42:37,956 - INFO - Generation 10
2025-12-17 11:42:37,956 - INFO -   Best: 1603.887262
2025-12-17 11:42:37,956 - INFO -   Min: 1603.887262
2025-12-17 11:42:37,957 - INFO -   Max: 1605.692621
2025-12-17 11:42:37,957 - INFO -   Avg: 1604.843072
2025-12-17 11:42:37,957 - INFO -   Std: 0.317823
2025-12-17 11:42:38,112 - INFO - Generation 20
2025-12-17 11:42:38,112 - INFO -   Best: 1603.697795
2025-12-17 11:42:38,112 - INFO -   Min: 1603.697795
2025-12-17 11:42:38,112 - INFO -   Max: 1606.055337
2025-12-17 11:42:38,113 - INFO -   Avg: 1604.765081
2025-12-17 11:42:38,113 - INFO -   Std: 0.472416
2025-12-17 11:42:38,256 - INFO - Generation 30
2025-12-17 11:42:38,256 - INFO -   Best: 1602.895404
2025-12-17 11:42:38,256 - INFO -   Min: 1602.895404
2025-12-17 11:42:38,256 - INFO -   Max: 1605.981851
2025-12-17 11:42:38,257 - INFO -   Avg: 1604.363898
2025-12-17 11:42:38,257 - INFO -   Std: 0.685861
2025-12-17 11:42:38,400 - INFO - Generation 40
2025-12-17 11:42:38,400 - INFO -   Best: 1602.545111
2025-12-17 11:42:38,401 - INFO -   Min: 1602.545111
2025-12-17 11:42:38,401 - INFO -   Max: 1605.467103
2025-12-17 11:42:38,401 - INFO -   Avg: 1603.974177
2025-12-17 11:42:38,401 - INFO -   Std: 0.756276
2025-12-17 11:42:38,538 - INFO - Generation 50
2025-12-17 11:42:38,538 - INFO -   Best: 1602.424002
2025-12-17 11:42:38,538 - INFO -   Min: 1602.424002
2025-12-17 11:42:38,539 - INFO -   Max: 1605.844852
2025-12-17 11:42:38,539 - INFO -   Avg: 1603.947583
2025-12-17 11:42:38,539 - INFO -   Std: 0.871869
2025-12-17 11:42:38,676 - INFO - Generation 60
2025-12-17 11:42:38,676 - INFO -   Best: 1602.424002
2025-12-17 11:42:38,676 - INFO -   Min: 1602.424002
2025-12-17 11:42:38,677 - INFO -   Max: 1605.666207
2025-12-17 11:42:38,677 - INFO -   Avg: 1603.901785
2025-12-17 11:42:38,677 - INFO -   Std: 0.695301
2025-12-17 11:42:38,808 - INFO - Generation 70
2025-12-17 11:42:38,809 - INFO -   Best: 1602.071619
2025-12-17 11:42:38,809 - INFO -   Min: 1602.071619
2025-12-17 11:42:38,809 - INFO -   Max: 1605.808418
2025-12-17 11:42:38,809 - INFO -   Avg: 1603.780068
2025-12-17 11:42:38,809 - INFO -   Std: 0.886744
2025-12-17 11:42:38,944 - INFO - Generation 80
2025-12-17 11:42:38,945 - INFO -   Best: 1602.071619
2025-12-17 11:42:38,945 - INFO -   Min: 1602.071619
2025-12-17 11:42:38,945 - INFO -   Max: 1605.641343
2025-12-17 11:42:38,945 - INFO -   Avg: 1604.092145
2025-12-17 11:42:38,945 - INFO -   Std: 0.804409
2025-12-17 11:42:39,079 - INFO - Generation 90
2025-12-17 11:42:39,080 - INFO -   Best: 1602.036287
2025-12-17 11:42:39,080 - INFO -   Min: 1602.036287
2025-12-17 11:42:39,080 - INFO -   Max: 1605.758382
2025-12-17 11:42:39,080 - INFO -   Avg: 1603.685939
2025-12-17 11:42:39,080 - INFO -   Std: 0.987205
2025-12-17 11:42:39,208 - INFO - Generation 100
2025-12-17 11:42:39,208 - INFO -   Best: 1602.036287
2025-12-17 11:42:39,208 - INFO -   Min: 1602.036287
2025-12-17 11:42:39,209 - INFO -   Max: 1605.507017
2025-12-17 11:42:39,209 - INFO -   Avg: 1603.797619
2025-12-17 11:42:39,209 - INFO -   Std: 0.992614
2025-12-17 11:42:39,341 - INFO - Generation 110
2025-12-17 11:42:39,342 - INFO -   Best: 1602.036287
2025-12-17 11:42:39,342 - INFO -   Min: 1602.036287
2025-12-17 11:42:39,342 - INFO -   Max: 1605.480113
2025-12-17 11:42:39,342 - INFO -   Avg: 1603.754476
2025-12-17 11:42:39,342 - INFO -   Std: 0.987144
2025-12-17 11:42:39,471 - INFO - Generation 120
2025-12-17 11:42:39,471 - INFO -   Best: 1602.021369
2025-12-17 11:42:39,471 - INFO -   Min: 1602.021369
2025-12-17 11:42:39,472 - INFO -   Max: 1606.055444
2025-12-17 11:42:39,472 - INFO -   Avg: 1603.921286
2025-12-17 11:42:39,472 - INFO -   Std: 1.054762
2025-12-17 11:42:39,602 - INFO - Generation 130
2025-12-17 11:42:39,602 - INFO -   Best: 1601.995416
2025-12-17 11:42:39,602 - INFO -   Min: 1601.995416
2025-12-17 11:42:39,602 - INFO -   Max: 1606.483559
2025-12-17 11:42:39,602 - INFO -   Avg: 1603.775432
2025-12-17 11:42:39,603 - INFO -   Std: 1.015812
2025-12-17 11:42:39,733 - INFO - Generation 140
2025-12-17 11:42:39,733 - INFO -   Best: 1601.995416
2025-12-17 11:42:39,733 - INFO -   Min: 1601.995416
2025-12-17 11:42:39,733 - INFO -   Max: 1606.350760
2025-12-17 11:42:39,733 - INFO -   Avg: 1603.480331
2025-12-17 11:42:39,734 - INFO -   Std: 1.106623
2025-12-17 11:42:39,863 - INFO - Generation 150
2025-12-17 11:42:39,863 - INFO -   Best: 1601.983449
2025-12-17 11:42:39,863 - INFO -   Min: 1601.983449
2025-12-17 11:42:39,864 - INFO -   Max: 1605.857550
2025-12-17 11:42:39,864 - INFO -   Avg: 1603.688615
2025-12-17 11:42:39,864 - INFO -   Std: 0.954669
2025-12-17 11:42:39,999 - INFO - Generation 160
2025-12-17 11:42:40,000 - INFO -   Best: 1601.760998
2025-12-17 11:42:40,000 - INFO -   Min: 1601.760998
2025-12-17 11:42:40,000 - INFO -   Max: 1606.349969
2025-12-17 11:42:40,000 - INFO -   Avg: 1603.854001
2025-12-17 11:42:40,000 - INFO -   Std: 1.014291
2025-12-17 11:42:40,132 - INFO - Generation 170
2025-12-17 11:42:40,132 - INFO -   Best: 1601.753888
2025-12-17 11:42:40,132 - INFO -   Min: 1601.753888
2025-12-17 11:42:40,132 - INFO -   Max: 1605.932929
2025-12-17 11:42:40,132 - INFO -   Avg: 1603.708246
2025-12-17 11:42:40,132 - INFO -   Std: 1.011905
2025-12-17 11:42:40,264 - INFO - Generation 180
2025-12-17 11:42:40,265 - INFO -   Best: 1601.743070
2025-12-17 11:42:40,265 - INFO -   Min: 1601.743070
2025-12-17 11:42:40,265 - INFO -   Max: 1605.692001
2025-12-17 11:42:40,265 - INFO -   Avg: 1603.683911
2025-12-17 11:42:40,265 - INFO -   Std: 1.067184
2025-12-17 11:42:40,398 - INFO - Generation 190
2025-12-17 11:42:40,398 - INFO -   Best: 1601.446974
2025-12-17 11:42:40,398 - INFO -   Min: 1601.446974
2025-12-17 11:42:40,399 - INFO -   Max: 1605.623150
2025-12-17 11:42:40,399 - INFO -   Avg: 1603.421642
2025-12-17 11:42:40,399 - INFO -   Std: 1.197995
2025-12-17 11:42:40,530 - INFO - Generation 200
2025-12-17 11:42:40,530 - INFO -   Best: 1601.446974
2025-12-17 11:42:40,530 - INFO -   Min: 1601.446974
2025-12-17 11:42:40,530 - INFO -   Max: 1605.910638
2025-12-17 11:42:40,530 - INFO -   Avg: 1603.595032
2025-12-17 11:42:40,531 - INFO -   Std: 1.106445
2025-12-17 11:42:40,539 - INFO - 
Final best fitness: 1601.5311836731
2025-12-17 11:42:40,539 - INFO - Execution time: 2.74s
2025-12-17 11:59:09,738 - INFO - Representation: Binary
2025-12-17 11:59:09,739 - INFO - Bits per variable: 12
2025-12-17 11:59:09,739 - INFO - Total genes: 120
2025-12-17 11:59:09,739 - INFO - Function: f16_2014
2025-12-17 11:59:09,739 - INFO - Population size: 100
2025-12-17 11:59:09,739 - INFO - Generations: 200
2025-12-17 11:59:09,739 - INFO - Selection: tournament
2025-12-17 11:59:09,739 - INFO - Crossover: single_point
2025-12-17 11:59:09,740 - INFO - Mutation: random
2025-12-17 11:59:09,740 - INFO - 
2025-12-17 11:59:10,423 - INFO - Generation 10
2025-12-17 11:59:10,424 - INFO -   Best: 1604.091708
2025-12-17 11:59:10,424 - INFO -   Min: 1604.091708
2025-12-17 11:59:10,424 - INFO -   Max: 1605.514449
2025-12-17 11:59:10,425 - INFO -   Avg: 1604.962815
2025-12-17 11:59:10,425 - INFO -   Std: 0.207044
2025-12-17 11:59:10,899 - INFO - Generation 20
2025-12-17 11:59:10,899 - INFO -   Best: 1604.091708
2025-12-17 11:59:10,899 - INFO -   Min: 1604.091708
2025-12-17 11:59:10,900 - INFO -   Max: 1605.294892
2025-12-17 11:59:10,900 - INFO -   Avg: 1604.976212
2025-12-17 11:59:10,900 - INFO -   Std: 0.152129
2025-12-17 11:59:11,378 - INFO - Generation 30
2025-12-17 11:59:11,378 - INFO -   Best: 1604.037798
2025-12-17 11:59:11,378 - INFO -   Min: 1604.037798
2025-12-17 11:59:11,378 - INFO -   Max: 1605.131811
2025-12-17 11:59:11,379 - INFO -   Avg: 1604.961704
2025-12-17 11:59:11,379 - INFO -   Std: 0.147311
2025-12-17 11:59:11,839 - INFO - Generation 40
2025-12-17 11:59:11,840 - INFO -   Best: 1604.037798
2025-12-17 11:59:11,840 - INFO -   Min: 1604.037798
2025-12-17 11:59:11,840 - INFO -   Max: 1605.145149
2025-12-17 11:59:11,840 - INFO -   Avg: 1604.976046
2025-12-17 11:59:11,840 - INFO -   Std: 0.141094
2025-12-17 11:59:12,312 - INFO - Generation 50
2025-12-17 11:59:12,313 - INFO -   Best: 1604.037798
2025-12-17 11:59:12,313 - INFO -   Min: 1604.037798
2025-12-17 11:59:12,313 - INFO -   Max: 1605.621271
2025-12-17 11:59:12,313 - INFO -   Avg: 1604.959312
2025-12-17 11:59:12,313 - INFO -   Std: 0.194092
2025-12-17 11:59:12,773 - INFO - Generation 60
2025-12-17 11:59:12,773 - INFO -   Best: 1604.037798
2025-12-17 11:59:12,775 - INFO -   Min: 1604.037798
2025-12-17 11:59:12,775 - INFO -   Max: 1605.241870
2025-12-17 11:59:12,775 - INFO -   Avg: 1604.953928
2025-12-17 11:59:12,775 - INFO -   Std: 0.206025
2025-12-17 11:59:13,232 - INFO - Generation 70
2025-12-17 11:59:13,233 - INFO -   Best: 1604.037798
2025-12-17 11:59:13,233 - INFO -   Min: 1604.037798
2025-12-17 11:59:13,233 - INFO -   Max: 1605.453886
2025-12-17 11:59:13,233 - INFO -   Avg: 1604.980902
2025-12-17 11:59:13,233 - INFO -   Std: 0.152558
2025-12-17 11:59:13,688 - INFO - Generation 80
2025-12-17 11:59:13,688 - INFO -   Best: 1604.037798
2025-12-17 11:59:13,689 - INFO -   Min: 1604.037798
2025-12-17 11:59:13,689 - INFO -   Max: 1605.475088
2025-12-17 11:59:13,689 - INFO -   Avg: 1604.990960
2025-12-17 11:59:13,689 - INFO -   Std: 0.169460
2025-12-17 11:59:14,145 - INFO - Generation 90
2025-12-17 11:59:14,145 - INFO -   Best: 1604.037798
2025-12-17 11:59:14,145 - INFO -   Min: 1604.037798
2025-12-17 11:59:14,145 - INFO -   Max: 1605.449797
2025-12-17 11:59:14,145 - INFO -   Avg: 1604.981883
2025-12-17 11:59:14,145 - INFO -   Std: 0.155789
2025-12-17 11:59:14,603 - INFO - Generation 100
2025-12-17 11:59:14,603 - INFO -   Best: 1604.037798
2025-12-17 11:59:14,603 - INFO -   Min: 1604.037798
2025-12-17 11:59:14,603 - INFO -   Max: 1605.398710
2025-12-17 11:59:14,604 - INFO -   Avg: 1604.964193
2025-12-17 11:59:14,604 - INFO -   Std: 0.181536
2025-12-17 11:59:15,063 - INFO - Generation 110
2025-12-17 11:59:15,064 - INFO -   Best: 1604.037798
2025-12-17 11:59:15,064 - INFO -   Min: 1604.037798
2025-12-17 11:59:15,064 - INFO -   Max: 1605.504228
2025-12-17 11:59:15,064 - INFO -   Avg: 1604.980184
2025-12-17 11:59:15,065 - INFO -   Std: 0.173874
2025-12-17 11:59:15,518 - INFO - Generation 120
2025-12-17 11:59:15,518 - INFO -   Best: 1604.037798
2025-12-17 11:59:15,518 - INFO -   Min: 1604.037798
2025-12-17 11:59:15,518 - INFO -   Max: 1605.362453
2025-12-17 11:59:15,518 - INFO -   Avg: 1604.977502
2025-12-17 11:59:15,518 - INFO -   Std: 0.157621
2025-12-17 11:59:15,980 - INFO - Generation 130
2025-12-17 11:59:15,980 - INFO -   Best: 1604.037798
2025-12-17 11:59:15,981 - INFO -   Min: 1604.037798
2025-12-17 11:59:15,981 - INFO -   Max: 1605.667845
2025-12-17 11:59:15,981 - INFO -   Avg: 1604.988825
2025-12-17 11:59:15,981 - INFO -   Std: 0.166668
2025-12-17 11:59:16,440 - INFO - Generation 140
2025-12-17 11:59:16,440 - INFO -   Best: 1604.037798
2025-12-17 11:59:16,440 - INFO -   Min: 1604.037798
2025-12-17 11:59:16,440 - INFO -   Max: 1605.540225
2025-12-17 11:59:16,440 - INFO -   Avg: 1604.966874
2025-12-17 11:59:16,441 - INFO -   Std: 0.204271
2025-12-17 11:59:16,914 - INFO - Generation 150
2025-12-17 11:59:16,914 - INFO -   Best: 1604.037798
2025-12-17 11:59:16,914 - INFO -   Min: 1604.037798
2025-12-17 11:59:16,915 - INFO -   Max: 1605.480926
2025-12-17 11:59:16,915 - INFO -   Avg: 1604.974184
2025-12-17 11:59:16,915 - INFO -   Std: 0.177641
2025-12-17 11:59:17,375 - INFO - Generation 160
2025-12-17 11:59:17,376 - INFO -   Best: 1604.037798
2025-12-17 11:59:17,376 - INFO -   Min: 1604.037798
2025-12-17 11:59:17,376 - INFO -   Max: 1605.651475
2025-12-17 11:59:17,376 - INFO -   Avg: 1604.993219
2025-12-17 11:59:17,376 - INFO -   Std: 0.216043
2025-12-17 11:59:17,833 - INFO - Generation 170
2025-12-17 11:59:17,833 - INFO -   Best: 1604.037798
2025-12-17 11:59:17,834 - INFO -   Min: 1604.037798
2025-12-17 11:59:17,834 - INFO -   Max: 1605.887839
2025-12-17 11:59:17,834 - INFO -   Avg: 1604.978122
2025-12-17 11:59:17,834 - INFO -   Std: 0.229413
2025-12-17 11:59:18,290 - INFO - Generation 180
2025-12-17 11:59:18,290 - INFO -   Best: 1604.037798
2025-12-17 11:59:18,291 - INFO -   Min: 1604.037798
2025-12-17 11:59:18,291 - INFO -   Max: 1605.391263
2025-12-17 11:59:18,291 - INFO -   Avg: 1604.972935
2025-12-17 11:59:18,291 - INFO -   Std: 0.174939
2025-12-17 11:59:18,750 - INFO - Generation 190
2025-12-17 11:59:18,750 - INFO -   Best: 1604.037798
2025-12-17 11:59:18,750 - INFO -   Min: 1604.037798
2025-12-17 11:59:18,751 - INFO -   Max: 1605.578992
2025-12-17 11:59:18,751 - INFO -   Avg: 1604.987421
2025-12-17 11:59:18,751 - INFO -   Std: 0.180054
2025-12-17 11:59:19,206 - INFO - Generation 200
2025-12-17 11:59:19,207 - INFO -   Best: 1604.026652
2025-12-17 11:59:19,207 - INFO -   Min: 1604.026652
2025-12-17 11:59:19,207 - INFO -   Max: 1605.471777
2025-12-17 11:59:19,207 - INFO -   Avg: 1604.992131
2025-12-17 11:59:19,207 - INFO -   Std: 0.190104
2025-12-17 11:59:19,221 - INFO - 
Final best fitness: 1604.0266515375
2025-12-17 11:59:19,221 - INFO - Execution time: 9.26s
