2025-12-17 11:26:58,433 - INFO - Representation: Real
2025-12-17 11:26:58,434 - INFO - Number of genes: 2
2025-12-17 11:26:58,434 - INFO - Bounds: [0, 3.141592653589793]
2025-12-17 11:26:58,434 - INFO - Function: michalewicz
2025-12-17 11:26:58,434 - INFO - Population size: 100
2025-12-17 11:26:58,434 - INFO - Generations: 200
2025-12-17 11:26:58,434 - INFO - Selection: tournament
2025-12-17 11:26:58,434 - INFO - Crossover: single_point
2025-12-17 11:26:58,435 - INFO - Mutation: random
2025-12-17 11:26:58,435 - INFO - 
2025-12-17 11:26:58,471 - INFO - Generation 10
2025-12-17 11:26:58,472 - INFO -   Best: -1.800492
2025-12-17 11:26:58,472 - INFO -   Min: -1.800492
2025-12-17 11:26:58,472 - INFO -   Max: -0.026739
2025-12-17 11:26:58,473 - INFO -   Avg: -1.538683
2025-12-17 11:26:58,473 - INFO -   Std: 0.377105
2025-12-17 11:26:58,505 - INFO - Generation 20
2025-12-17 11:26:58,505 - INFO -   Best: -1.800492
2025-12-17 11:26:58,505 - INFO -   Min: -1.800492
2025-12-17 11:26:58,506 - INFO -   Max: 0.425504
2025-12-17 11:26:58,506 - INFO -   Avg: -1.597295
2025-12-17 11:26:58,506 - INFO -   Std: 0.431058
2025-12-17 11:26:58,538 - INFO - Generation 30
2025-12-17 11:26:58,538 - INFO -   Best: -1.800492
2025-12-17 11:26:58,538 - INFO -   Min: -1.800492
2025-12-17 11:26:58,538 - INFO -   Max: 0.000440
2025-12-17 11:26:58,538 - INFO -   Avg: -1.611504
2025-12-17 11:26:58,539 - INFO -   Std: 0.441470
2025-12-17 11:26:58,570 - INFO - Generation 40
2025-12-17 11:26:58,570 - INFO -   Best: -1.800492
2025-12-17 11:26:58,570 - INFO -   Min: -1.800492
2025-12-17 11:26:58,570 - INFO -   Max: 0.567499
2025-12-17 11:26:58,570 - INFO -   Avg: -1.573484
2025-12-17 11:26:58,571 - INFO -   Std: 0.466409
2025-12-17 11:26:58,603 - INFO - Generation 50
2025-12-17 11:26:58,603 - INFO -   Best: -1.800492
2025-12-17 11:26:58,603 - INFO -   Min: -1.800492
2025-12-17 11:26:58,604 - INFO -   Max: 0.194533
2025-12-17 11:26:58,604 - INFO -   Avg: -1.473847
2025-12-17 11:26:58,604 - INFO -   Std: 0.535167
2025-12-17 11:26:58,636 - INFO - Generation 60
2025-12-17 11:26:58,636 - INFO -   Best: -1.800492
2025-12-17 11:26:58,636 - INFO -   Min: -1.800492
2025-12-17 11:26:58,636 - INFO -   Max: -0.013294
2025-12-17 11:26:58,637 - INFO -   Avg: -1.641583
2025-12-17 11:26:58,637 - INFO -   Std: 0.362170
2025-12-17 11:26:58,669 - INFO - Generation 70
2025-12-17 11:26:58,669 - INFO -   Best: -1.800492
2025-12-17 11:26:58,670 - INFO -   Min: -1.800492
2025-12-17 11:26:58,670 - INFO -   Max: 0.075652
2025-12-17 11:26:58,670 - INFO -   Avg: -1.572392
2025-12-17 11:26:58,670 - INFO -   Std: 0.500246
2025-12-17 11:26:58,702 - INFO - Generation 80
2025-12-17 11:26:58,702 - INFO -   Best: -1.800492
2025-12-17 11:26:58,702 - INFO -   Min: -1.800492
2025-12-17 11:26:58,702 - INFO -   Max: -0.272604
2025-12-17 11:26:58,702 - INFO -   Avg: -1.649045
2025-12-17 11:26:58,703 - INFO -   Std: 0.345575
2025-12-17 11:26:58,734 - INFO - Generation 90
2025-12-17 11:26:58,734 - INFO -   Best: -1.800492
2025-12-17 11:26:58,734 - INFO -   Min: -1.800492
2025-12-17 11:26:58,734 - INFO -   Max: -0.098760
2025-12-17 11:26:58,735 - INFO -   Avg: -1.616306
2025-12-17 11:26:58,735 - INFO -   Std: 0.391568
2025-12-17 11:26:58,768 - INFO - Generation 100
2025-12-17 11:26:58,768 - INFO -   Best: -1.800492
2025-12-17 11:26:58,768 - INFO -   Min: -1.800492
2025-12-17 11:26:58,768 - INFO -   Max: -0.118732
2025-12-17 11:26:58,768 - INFO -   Avg: -1.673279
2025-12-17 11:26:58,769 - INFO -   Std: 0.340552
2025-12-17 11:26:58,805 - INFO - Generation 110
2025-12-17 11:26:58,805 - INFO -   Best: -1.800492
2025-12-17 11:26:58,806 - INFO -   Min: -1.800492
2025-12-17 11:26:58,806 - INFO -   Max: 0.168674
2025-12-17 11:26:58,806 - INFO -   Avg: -1.643529
2025-12-17 11:26:58,806 - INFO -   Std: 0.398121
2025-12-17 11:26:58,845 - INFO - Generation 120
2025-12-17 11:26:58,845 - INFO -   Best: -1.800492
2025-12-17 11:26:58,845 - INFO -   Min: -1.800492
2025-12-17 11:26:58,845 - INFO -   Max: 1.283121
2025-12-17 11:26:58,845 - INFO -   Avg: -1.585681
2025-12-17 11:26:58,846 - INFO -   Std: 0.486393
2025-12-17 11:26:58,885 - INFO - Generation 130
2025-12-17 11:26:58,885 - INFO -   Best: -1.800492
2025-12-17 11:26:58,885 - INFO -   Min: -1.800492
2025-12-17 11:26:58,886 - INFO -   Max: 0.821528
2025-12-17 11:26:58,886 - INFO -   Avg: -1.573560
2025-12-17 11:26:58,886 - INFO -   Std: 0.492694
2025-12-17 11:26:58,925 - INFO - Generation 140
2025-12-17 11:26:58,926 - INFO -   Best: -1.800492
2025-12-17 11:26:58,926 - INFO -   Min: -1.800492
2025-12-17 11:26:58,926 - INFO -   Max: -0.704401
2025-12-17 11:26:58,926 - INFO -   Avg: -1.669393
2025-12-17 11:26:58,926 - INFO -   Std: 0.327268
2025-12-17 11:26:58,963 - INFO - Generation 150
2025-12-17 11:26:58,963 - INFO -   Best: -1.800492
2025-12-17 11:26:58,963 - INFO -   Min: -1.800492
2025-12-17 11:26:58,964 - INFO -   Max: 0.002312
2025-12-17 11:26:58,964 - INFO -   Avg: -1.645337
2025-12-17 11:26:58,964 - INFO -   Std: 0.368767
2025-12-17 11:26:58,996 - INFO - Generation 160
2025-12-17 11:26:58,996 - INFO -   Best: -1.800492
2025-12-17 11:26:58,996 - INFO -   Min: -1.800492
2025-12-17 11:26:58,996 - INFO -   Max: -0.434173
2025-12-17 11:26:58,997 - INFO -   Avg: -1.670040
2025-12-17 11:26:58,997 - INFO -   Std: 0.336186
2025-12-17 11:26:59,027 - INFO - Generation 170
2025-12-17 11:26:59,027 - INFO -   Best: -1.800492
2025-12-17 11:26:59,027 - INFO -   Min: -1.800492
2025-12-17 11:26:59,028 - INFO -   Max: 0.021209
2025-12-17 11:26:59,028 - INFO -   Avg: -1.582861
2025-12-17 11:26:59,028 - INFO -   Std: 0.437283
2025-12-17 11:26:59,062 - INFO - Generation 180
2025-12-17 11:26:59,062 - INFO -   Best: -1.800492
2025-12-17 11:26:59,062 - INFO -   Min: -1.800492
2025-12-17 11:26:59,062 - INFO -   Max: 0.114157
2025-12-17 11:26:59,063 - INFO -   Avg: -1.591884
2025-12-17 11:26:59,063 - INFO -   Std: 0.447906
2025-12-17 11:26:59,093 - INFO - Generation 190
2025-12-17 11:26:59,093 - INFO -   Best: -1.800492
2025-12-17 11:26:59,094 - INFO -   Min: -1.800492
2025-12-17 11:26:59,094 - INFO -   Max: -0.637993
2025-12-17 11:26:59,094 - INFO -   Avg: -1.681006
2025-12-17 11:26:59,094 - INFO -   Std: 0.308428
2025-12-17 11:26:59,125 - INFO - Generation 200
2025-12-17 11:26:59,126 - INFO -   Best: -1.800492
2025-12-17 11:26:59,126 - INFO -   Min: -1.800492
2025-12-17 11:26:59,126 - INFO -   Max: 0.000000
2025-12-17 11:26:59,126 - INFO -   Avg: -1.599614
2025-12-17 11:26:59,126 - INFO -   Std: 0.440730
2025-12-17 11:26:59,129 - INFO - 
Final best fitness: -1.8004919663
2025-12-17 11:26:59,129 - INFO - Execution time: 0.69s
2025-12-17 12:03:58,996 - INFO - Representation: Binary
2025-12-17 12:03:58,997 - INFO - Bits per variable: 12
2025-12-17 12:03:58,997 - INFO - Total genes: 24
2025-12-17 12:03:58,997 - INFO - Function: michalewicz
2025-12-17 12:03:58,997 - INFO - Population size: 100
2025-12-17 12:03:58,997 - INFO - Generations: 200
2025-12-17 12:03:58,997 - INFO - Selection: tournament
2025-12-17 12:03:58,998 - INFO - Crossover: single_point
2025-12-17 12:03:58,998 - INFO - Mutation: random
2025-12-17 12:03:58,998 - INFO - 
2025-12-17 12:03:59,145 - INFO - Generation 10
2025-12-17 12:03:59,145 - INFO -   Best: -1.800854
2025-12-17 12:03:59,145 - INFO -   Min: -1.800854
2025-12-17 12:03:59,145 - INFO -   Max: 0.431016
2025-12-17 12:03:59,146 - INFO -   Avg: -1.316984
2025-12-17 12:03:59,146 - INFO -   Std: 0.535768
2025-12-17 12:03:59,246 - INFO - Generation 20
2025-12-17 12:03:59,247 - INFO -   Best: -1.801296
2025-12-17 12:03:59,247 - INFO -   Min: -1.801296
2025-12-17 12:03:59,247 - INFO -   Max: -0.000051
2025-12-17 12:03:59,247 - INFO -   Avg: -1.402289
2025-12-17 12:03:59,247 - INFO -   Std: 0.513896
2025-12-17 12:03:59,350 - INFO - Generation 30
2025-12-17 12:03:59,350 - INFO -   Best: -1.801296
2025-12-17 12:03:59,350 - INFO -   Min: -1.801296
2025-12-17 12:03:59,350 - INFO -   Max: 0.771355
2025-12-17 12:03:59,350 - INFO -   Avg: -1.380077
2025-12-17 12:03:59,351 - INFO -   Std: 0.533791
2025-12-17 12:03:59,459 - INFO - Generation 40
2025-12-17 12:03:59,459 - INFO -   Best: -1.801296
2025-12-17 12:03:59,459 - INFO -   Min: -1.801296
2025-12-17 12:03:59,459 - INFO -   Max: -0.000068
2025-12-17 12:03:59,460 - INFO -   Avg: -1.429928
2025-12-17 12:03:59,460 - INFO -   Std: 0.488707
2025-12-17 12:03:59,567 - INFO - Generation 50
2025-12-17 12:03:59,567 - INFO -   Best: -1.801296
2025-12-17 12:03:59,567 - INFO -   Min: -1.801296
2025-12-17 12:03:59,568 - INFO -   Max: 0.121219
2025-12-17 12:03:59,568 - INFO -   Avg: -1.404430
2025-12-17 12:03:59,568 - INFO -   Std: 0.507271
2025-12-17 12:03:59,674 - INFO - Generation 60
2025-12-17 12:03:59,675 - INFO -   Best: -1.801296
2025-12-17 12:03:59,675 - INFO -   Min: -1.801296
2025-12-17 12:03:59,675 - INFO -   Max: 0.479661
2025-12-17 12:03:59,675 - INFO -   Avg: -1.388191
2025-12-17 12:03:59,675 - INFO -   Std: 0.537137
2025-12-17 12:03:59,784 - INFO - Generation 70
2025-12-17 12:03:59,784 - INFO -   Best: -1.801296
2025-12-17 12:03:59,784 - INFO -   Min: -1.801296
2025-12-17 12:03:59,784 - INFO -   Max: -0.000000
2025-12-17 12:03:59,785 - INFO -   Avg: -1.325579
2025-12-17 12:03:59,785 - INFO -   Std: 0.591477
2025-12-17 12:03:59,891 - INFO - Generation 80
2025-12-17 12:03:59,891 - INFO -   Best: -1.801296
2025-12-17 12:03:59,891 - INFO -   Min: -1.801296
2025-12-17 12:03:59,891 - INFO -   Max: 0.581158
2025-12-17 12:03:59,891 - INFO -   Avg: -1.386426
2025-12-17 12:03:59,892 - INFO -   Std: 0.513842
2025-12-17 12:03:59,995 - INFO - Generation 90
2025-12-17 12:03:59,995 - INFO -   Best: -1.801296
2025-12-17 12:03:59,996 - INFO -   Min: -1.801296
2025-12-17 12:03:59,996 - INFO -   Max: -0.000105
2025-12-17 12:03:59,996 - INFO -   Avg: -1.338125
2025-12-17 12:03:59,996 - INFO -   Std: 0.427736
2025-12-17 12:04:00,102 - INFO - Generation 100
2025-12-17 12:04:00,103 - INFO -   Best: -1.801296
2025-12-17 12:04:00,103 - INFO -   Min: -1.801296
2025-12-17 12:04:00,103 - INFO -   Max: 0.434314
2025-12-17 12:04:00,103 - INFO -   Avg: -1.351542
2025-12-17 12:04:00,103 - INFO -   Std: 0.532855
2025-12-17 12:04:00,209 - INFO - Generation 110
2025-12-17 12:04:00,209 - INFO -   Best: -1.801296
2025-12-17 12:04:00,209 - INFO -   Min: -1.801296
2025-12-17 12:04:00,209 - INFO -   Max: 0.427713
2025-12-17 12:04:00,210 - INFO -   Avg: -1.324602
2025-12-17 12:04:00,210 - INFO -   Std: 0.568337
2025-12-17 12:04:00,316 - INFO - Generation 120
2025-12-17 12:04:00,317 - INFO -   Best: -1.801296
2025-12-17 12:04:00,317 - INFO -   Min: -1.801296
2025-12-17 12:04:00,317 - INFO -   Max: 0.614573
2025-12-17 12:04:00,317 - INFO -   Avg: -1.338755
2025-12-17 12:04:00,317 - INFO -   Std: 0.510117
2025-12-17 12:04:00,421 - INFO - Generation 130
2025-12-17 12:04:00,422 - INFO -   Best: -1.801296
2025-12-17 12:04:00,422 - INFO -   Min: -1.801296
2025-12-17 12:04:00,422 - INFO -   Max: 0.440892
2025-12-17 12:04:00,422 - INFO -   Avg: -1.392546
2025-12-17 12:04:00,422 - INFO -   Std: 0.536523
2025-12-17 12:04:00,526 - INFO - Generation 140
2025-12-17 12:04:00,527 - INFO -   Best: -1.801296
2025-12-17 12:04:00,527 - INFO -   Min: -1.801296
2025-12-17 12:04:00,527 - INFO -   Max: 0.270095
2025-12-17 12:04:00,527 - INFO -   Avg: -1.320904
2025-12-17 12:04:00,527 - INFO -   Std: 0.504612
2025-12-17 12:04:00,631 - INFO - Generation 150
2025-12-17 12:04:00,631 - INFO -   Best: -1.801296
2025-12-17 12:04:00,631 - INFO -   Min: -1.801296
2025-12-17 12:04:00,631 - INFO -   Max: -0.026408
2025-12-17 12:04:00,631 - INFO -   Avg: -1.429828
2025-12-17 12:04:00,632 - INFO -   Std: 0.454403
2025-12-17 12:04:00,737 - INFO - Generation 160
2025-12-17 12:04:00,737 - INFO -   Best: -1.801296
2025-12-17 12:04:00,737 - INFO -   Min: -1.801296
2025-12-17 12:04:00,737 - INFO -   Max: -0.211966
2025-12-17 12:04:00,737 - INFO -   Avg: -1.420156
2025-12-17 12:04:00,737 - INFO -   Std: 0.458211
2025-12-17 12:04:00,845 - INFO - Generation 170
2025-12-17 12:04:00,845 - INFO -   Best: -1.801296
2025-12-17 12:04:00,845 - INFO -   Min: -1.801296
2025-12-17 12:04:00,845 - INFO -   Max: 0.517276
2025-12-17 12:04:00,845 - INFO -   Avg: -1.478675
2025-12-17 12:04:00,846 - INFO -   Std: 0.458390
2025-12-17 12:04:00,955 - INFO - Generation 180
2025-12-17 12:04:00,955 - INFO -   Best: -1.801296
2025-12-17 12:04:00,956 - INFO -   Min: -1.801296
2025-12-17 12:04:00,956 - INFO -   Max: 0.508058
2025-12-17 12:04:00,956 - INFO -   Avg: -1.280161
2025-12-17 12:04:00,956 - INFO -   Std: 0.560404
2025-12-17 12:04:01,061 - INFO - Generation 190
2025-12-17 12:04:01,061 - INFO -   Best: -1.801296
2025-12-17 12:04:01,061 - INFO -   Min: -1.801296
2025-12-17 12:04:01,061 - INFO -   Max: 0.306954
2025-12-17 12:04:01,061 - INFO -   Avg: -1.359560
2025-12-17 12:04:01,062 - INFO -   Std: 0.538491
2025-12-17 12:04:01,169 - INFO - Generation 200
2025-12-17 12:04:01,169 - INFO -   Best: -1.801296
2025-12-17 12:04:01,169 - INFO -   Min: -1.801296
2025-12-17 12:04:01,169 - INFO -   Max: 0.427713
2025-12-17 12:04:01,170 - INFO -   Avg: -1.385194
2025-12-17 12:04:01,170 - INFO -   Std: 0.540655
2025-12-17 12:04:01,174 - INFO - 
Final best fitness: -1.8012955890
2025-12-17 12:04:01,174 - INFO - Execution time: 2.13s
