2025-12-17 12:14:48,936 - INFO - Representation: Binary
2025-12-17 12:14:48,936 - INFO - Bits per variable: 12
2025-12-17 12:14:48,936 - INFO - Total genes: 240
2025-12-17 12:14:48,936 - INFO - Function: f16_2014
2025-12-17 12:14:48,937 - INFO - Population size: 100
2025-12-17 12:14:48,937 - INFO - Generations: 200
2025-12-17 12:14:48,937 - INFO - Selection: rws
2025-12-17 12:14:48,937 - INFO - Crossover: two_points
2025-12-17 12:14:48,937 - INFO - Mutation: swap
2025-12-17 12:14:48,937 - INFO - 
2025-12-17 12:14:49,749 - INFO - Generation 10
2025-12-17 12:14:49,750 - INFO -   Best: 1609.029093
2025-12-17 12:14:49,750 - INFO -   Min: 1609.029093
2025-12-17 12:14:49,751 - INFO -   Max: 1610.795106
2025-12-17 12:14:49,751 - INFO -   Avg: 1609.936001
2025-12-17 12:14:49,751 - INFO -   Std: 0.249654
2025-12-17 12:14:50,113 - INFO - Generation 20
2025-12-17 12:14:50,113 - INFO -   Best: 1608.955234
2025-12-17 12:14:50,114 - INFO -   Min: 1608.955234
2025-12-17 12:14:50,114 - INFO -   Max: 1610.881448
2025-12-17 12:14:50,114 - INFO -   Avg: 1609.980440
2025-12-17 12:14:50,114 - INFO -   Std: 0.303530
2025-12-17 12:14:50,482 - INFO - Generation 30
2025-12-17 12:14:50,483 - INFO -   Best: 1608.708349
2025-12-17 12:14:50,483 - INFO -   Min: 1608.708349
2025-12-17 12:14:50,483 - INFO -   Max: 1610.430195
2025-12-17 12:14:50,483 - INFO -   Avg: 1609.852908
2025-12-17 12:14:50,483 - INFO -   Std: 0.337676
2025-12-17 12:14:50,866 - INFO - Generation 40
2025-12-17 12:14:50,866 - INFO -   Best: 1608.708349
2025-12-17 12:14:50,866 - INFO -   Min: 1608.708349
2025-12-17 12:14:50,867 - INFO -   Max: 1610.995416
2025-12-17 12:14:50,867 - INFO -   Avg: 1609.909692
2025-12-17 12:14:50,867 - INFO -   Std: 0.327813
2025-12-17 12:14:51,232 - INFO - Generation 50
2025-12-17 12:14:51,232 - INFO -   Best: 1608.660162
2025-12-17 12:14:51,233 - INFO -   Min: 1608.660162
2025-12-17 12:14:51,233 - INFO -   Max: 1610.813348
2025-12-17 12:14:51,233 - INFO -   Avg: 1609.973499
2025-12-17 12:14:51,233 - INFO -   Std: 0.413380
2025-12-17 12:14:51,601 - INFO - Generation 60
2025-12-17 12:14:51,601 - INFO -   Best: 1608.279807
2025-12-17 12:14:51,602 - INFO -   Min: 1608.279807
2025-12-17 12:14:51,602 - INFO -   Max: 1610.431718
2025-12-17 12:14:51,602 - INFO -   Avg: 1609.866670
2025-12-17 12:14:51,602 - INFO -   Std: 0.373300
2025-12-17 12:14:51,965 - INFO - Generation 70
2025-12-17 12:14:51,965 - INFO -   Best: 1608.279807
2025-12-17 12:14:51,965 - INFO -   Min: 1608.279807
2025-12-17 12:14:51,965 - INFO -   Max: 1611.281693
2025-12-17 12:14:51,965 - INFO -   Avg: 1609.928345
2025-12-17 12:14:51,965 - INFO -   Std: 0.420385
2025-12-17 12:14:52,333 - INFO - Generation 80
2025-12-17 12:14:52,333 - INFO -   Best: 1608.279807
2025-12-17 12:14:52,333 - INFO -   Min: 1608.279807
2025-12-17 12:14:52,333 - INFO -   Max: 1611.031554
2025-12-17 12:14:52,334 - INFO -   Avg: 1609.875854
2025-12-17 12:14:52,334 - INFO -   Std: 0.434206
2025-12-17 12:14:52,699 - INFO - Generation 90
2025-12-17 12:14:52,699 - INFO -   Best: 1608.279807
2025-12-17 12:14:52,699 - INFO -   Min: 1608.279807
2025-12-17 12:14:52,700 - INFO -   Max: 1610.684479
2025-12-17 12:14:52,700 - INFO -   Avg: 1609.895189
2025-12-17 12:14:52,700 - INFO -   Std: 0.432429
2025-12-17 12:14:53,072 - INFO - Generation 100
2025-12-17 12:14:53,073 - INFO -   Best: 1608.279807
2025-12-17 12:14:53,073 - INFO -   Min: 1608.279807
2025-12-17 12:14:53,073 - INFO -   Max: 1611.319587
2025-12-17 12:14:53,073 - INFO -   Avg: 1609.885567
2025-12-17 12:14:53,073 - INFO -   Std: 0.559274
2025-12-17 12:14:53,454 - INFO - Generation 110
2025-12-17 12:14:53,454 - INFO -   Best: 1608.279807
2025-12-17 12:14:53,454 - INFO -   Min: 1608.279807
2025-12-17 12:14:53,455 - INFO -   Max: 1610.563353
2025-12-17 12:14:53,455 - INFO -   Avg: 1609.668503
2025-12-17 12:14:53,455 - INFO -   Std: 0.434414
2025-12-17 12:14:53,830 - INFO - Generation 120
2025-12-17 12:14:53,831 - INFO -   Best: 1608.047088
2025-12-17 12:14:53,831 - INFO -   Min: 1608.047088
2025-12-17 12:14:53,831 - INFO -   Max: 1610.920403
2025-12-17 12:14:53,831 - INFO -   Avg: 1609.682401
2025-12-17 12:14:53,831 - INFO -   Std: 0.550310
2025-12-17 12:14:54,203 - INFO - Generation 130
2025-12-17 12:14:54,203 - INFO -   Best: 1608.047088
2025-12-17 12:14:54,203 - INFO -   Min: 1608.047088
2025-12-17 12:14:54,204 - INFO -   Max: 1610.996365
2025-12-17 12:14:54,204 - INFO -   Avg: 1609.647047
2025-12-17 12:14:54,204 - INFO -   Std: 0.507988
2025-12-17 12:14:54,574 - INFO - Generation 140
2025-12-17 12:14:54,575 - INFO -   Best: 1607.809679
2025-12-17 12:14:54,575 - INFO -   Min: 1607.809679
2025-12-17 12:14:54,576 - INFO -   Max: 1611.390153
2025-12-17 12:14:54,576 - INFO -   Avg: 1609.636198
2025-12-17 12:14:54,576 - INFO -   Std: 0.665555
2025-12-17 12:14:54,948 - INFO - Generation 150
2025-12-17 12:14:54,948 - INFO -   Best: 1607.736786
2025-12-17 12:14:54,949 - INFO -   Min: 1607.736786
2025-12-17 12:14:54,949 - INFO -   Max: 1610.739050
2025-12-17 12:14:54,949 - INFO -   Avg: 1609.521908
2025-12-17 12:14:54,949 - INFO -   Std: 0.610055
2025-12-17 12:14:55,324 - INFO - Generation 160
2025-12-17 12:14:55,325 - INFO -   Best: 1607.736786
2025-12-17 12:14:55,325 - INFO -   Min: 1607.736786
2025-12-17 12:14:55,325 - INFO -   Max: 1610.902424
2025-12-17 12:14:55,325 - INFO -   Avg: 1609.570471
2025-12-17 12:14:55,325 - INFO -   Std: 0.618249
2025-12-17 12:14:55,695 - INFO - Generation 170
2025-12-17 12:14:55,696 - INFO -   Best: 1607.606217
2025-12-17 12:14:55,696 - INFO -   Min: 1607.606217
2025-12-17 12:14:55,696 - INFO -   Max: 1610.821861
2025-12-17 12:14:55,696 - INFO -   Avg: 1609.831476
2025-12-17 12:14:55,696 - INFO -   Std: 0.561591
2025-12-17 12:14:56,060 - INFO - Generation 180
2025-12-17 12:14:56,061 - INFO -   Best: 1607.219886
2025-12-17 12:14:56,061 - INFO -   Min: 1607.219886
2025-12-17 12:14:56,061 - INFO -   Max: 1611.448689
2025-12-17 12:14:56,061 - INFO -   Avg: 1609.583737
2025-12-17 12:14:56,061 - INFO -   Std: 0.630995
2025-12-17 12:14:56,426 - INFO - Generation 190
2025-12-17 12:14:56,426 - INFO -   Best: 1607.219886
2025-12-17 12:14:56,426 - INFO -   Min: 1607.219886
2025-12-17 12:14:56,426 - INFO -   Max: 1610.705002
2025-12-17 12:14:56,426 - INFO -   Avg: 1609.525087
2025-12-17 12:14:56,427 - INFO -   Std: 0.525985
2025-12-17 12:14:56,795 - INFO - Generation 200
2025-12-17 12:14:56,795 - INFO -   Best: 1607.178913
2025-12-17 12:14:56,796 - INFO -   Min: 1607.178913
2025-12-17 12:14:56,796 - INFO -   Max: 1610.979157
2025-12-17 12:14:56,796 - INFO -   Avg: 1609.551905
2025-12-17 12:14:56,796 - INFO -   Std: 0.505867
2025-12-17 12:14:56,819 - INFO - 
Final best fitness: 1607.1789133751
2025-12-17 12:14:56,819 - INFO - Execution time: 7.43s
