2025-12-17 11:34:47,938 - INFO - Representation: Real
2025-12-17 11:34:47,938 - INFO - Number of genes: 5
2025-12-17 11:34:47,938 - INFO - Bounds: [0, 3.141592653589793]
2025-12-17 11:34:47,938 - INFO - Function: michalewicz
2025-12-17 11:34:47,938 - INFO - Population size: 100
2025-12-17 11:34:47,938 - INFO - Generations: 200
2025-12-17 11:34:47,939 - INFO - Selection: tournament
2025-12-17 11:34:47,939 - INFO - Crossover: single_point
2025-12-17 11:34:47,939 - INFO - Mutation: random
2025-12-17 11:34:47,939 - INFO - 
2025-12-17 11:34:47,989 - INFO - Generation 10
2025-12-17 11:34:47,990 - INFO -   Best: -4.225168
2025-12-17 11:34:47,990 - INFO -   Min: -4.225168
2025-12-17 11:34:47,990 - INFO -   Max: -1.224856
2025-12-17 11:34:47,991 - INFO -   Avg: -3.746304
2025-12-17 11:34:47,991 - INFO -   Std: 0.576634
2025-12-17 11:34:48,030 - INFO - Generation 20
2025-12-17 11:34:48,030 - INFO -   Best: -4.342047
2025-12-17 11:34:48,030 - INFO -   Min: -4.342047
2025-12-17 11:34:48,031 - INFO -   Max: -1.842935
2025-12-17 11:34:48,031 - INFO -   Avg: -3.794825
2025-12-17 11:34:48,031 - INFO -   Std: 0.613546
2025-12-17 11:34:48,073 - INFO - Generation 30
2025-12-17 11:34:48,073 - INFO -   Best: -4.437814
2025-12-17 11:34:48,073 - INFO -   Min: -4.437814
2025-12-17 11:34:48,073 - INFO -   Max: -1.703531
2025-12-17 11:34:48,073 - INFO -   Avg: -3.953512
2025-12-17 11:34:48,074 - INFO -   Std: 0.611486
2025-12-17 11:34:48,115 - INFO - Generation 40
2025-12-17 11:34:48,116 - INFO -   Best: -4.468226
2025-12-17 11:34:48,116 - INFO -   Min: -4.468226
2025-12-17 11:34:48,116 - INFO -   Max: -1.754099
2025-12-17 11:34:48,116 - INFO -   Avg: -3.893297
2025-12-17 11:34:48,116 - INFO -   Std: 0.621919
2025-12-17 11:34:48,158 - INFO - Generation 50
2025-12-17 11:34:48,159 - INFO -   Best: -4.479167
2025-12-17 11:34:48,159 - INFO -   Min: -4.479167
2025-12-17 11:34:48,159 - INFO -   Max: -1.806768
2025-12-17 11:34:48,159 - INFO -   Avg: -3.939596
2025-12-17 11:34:48,159 - INFO -   Std: 0.636511
2025-12-17 11:34:48,199 - INFO - Generation 60
2025-12-17 11:34:48,199 - INFO -   Best: -4.479167
2025-12-17 11:34:48,199 - INFO -   Min: -4.479167
2025-12-17 11:34:48,200 - INFO -   Max: -1.777381
2025-12-17 11:34:48,200 - INFO -   Avg: -3.948469
2025-12-17 11:34:48,200 - INFO -   Std: 0.649630
2025-12-17 11:34:48,240 - INFO - Generation 70
2025-12-17 11:34:48,240 - INFO -   Best: -4.479167
2025-12-17 11:34:48,240 - INFO -   Min: -4.479167
2025-12-17 11:34:48,240 - INFO -   Max: -1.788056
2025-12-17 11:34:48,240 - INFO -   Avg: -4.082406
2025-12-17 11:34:48,241 - INFO -   Std: 0.554179
2025-12-17 11:34:48,280 - INFO - Generation 80
2025-12-17 11:34:48,280 - INFO -   Best: -4.479167
2025-12-17 11:34:48,280 - INFO -   Min: -4.479167
2025-12-17 11:34:48,280 - INFO -   Max: -1.328133
2025-12-17 11:34:48,280 - INFO -   Avg: -4.111279
2025-12-17 11:34:48,281 - INFO -   Std: 0.610772
2025-12-17 11:34:48,324 - INFO - Generation 90
2025-12-17 11:34:48,324 - INFO -   Best: -4.483998
2025-12-17 11:34:48,325 - INFO -   Min: -4.483998
2025-12-17 11:34:48,325 - INFO -   Max: -1.594780
2025-12-17 11:34:48,325 - INFO -   Avg: -3.953041
2025-12-17 11:34:48,325 - INFO -   Std: 0.656259
2025-12-17 11:34:48,367 - INFO - Generation 100
2025-12-17 11:34:48,367 - INFO -   Best: -4.483998
2025-12-17 11:34:48,368 - INFO -   Min: -4.483998
2025-12-17 11:34:48,368 - INFO -   Max: -1.760529
2025-12-17 11:34:48,368 - INFO -   Avg: -3.964541
2025-12-17 11:34:48,368 - INFO -   Std: 0.674165
2025-12-17 11:34:48,408 - INFO - Generation 110
2025-12-17 11:34:48,408 - INFO -   Best: -4.483998
2025-12-17 11:34:48,409 - INFO -   Min: -4.483998
2025-12-17 11:34:48,409 - INFO -   Max: -2.224820
2025-12-17 11:34:48,409 - INFO -   Avg: -3.960672
2025-12-17 11:34:48,409 - INFO -   Std: 0.644133
2025-12-17 11:34:48,449 - INFO - Generation 120
2025-12-17 11:34:48,450 - INFO -   Best: -4.483998
2025-12-17 11:34:48,450 - INFO -   Min: -4.483998
2025-12-17 11:34:48,450 - INFO -   Max: -1.694890
2025-12-17 11:34:48,450 - INFO -   Avg: -3.906958
2025-12-17 11:34:48,450 - INFO -   Std: 0.684008
2025-12-17 11:34:48,489 - INFO - Generation 130
2025-12-17 11:34:48,490 - INFO -   Best: -4.483998
2025-12-17 11:34:48,490 - INFO -   Min: -4.483998
2025-12-17 11:34:48,490 - INFO -   Max: -1.836583
2025-12-17 11:34:48,490 - INFO -   Avg: -4.102929
2025-12-17 11:34:48,491 - INFO -   Std: 0.615612
2025-12-17 11:34:48,529 - INFO - Generation 140
2025-12-17 11:34:48,530 - INFO -   Best: -4.484637
2025-12-17 11:34:48,530 - INFO -   Min: -4.484637
2025-12-17 11:34:48,530 - INFO -   Max: -1.346718
2025-12-17 11:34:48,530 - INFO -   Avg: -3.953016
2025-12-17 11:34:48,530 - INFO -   Std: 0.688962
2025-12-17 11:34:48,570 - INFO - Generation 150
2025-12-17 11:34:48,570 - INFO -   Best: -4.484637
2025-12-17 11:34:48,570 - INFO -   Min: -4.484637
2025-12-17 11:34:48,570 - INFO -   Max: -1.942909
2025-12-17 11:34:48,571 - INFO -   Avg: -4.102740
2025-12-17 11:34:48,571 - INFO -   Std: 0.540716
2025-12-17 11:34:48,610 - INFO - Generation 160
2025-12-17 11:34:48,611 - INFO -   Best: -4.484637
2025-12-17 11:34:48,611 - INFO -   Min: -4.484637
2025-12-17 11:34:48,611 - INFO -   Max: -1.518852
2025-12-17 11:34:48,611 - INFO -   Avg: -3.926174
2025-12-17 11:34:48,611 - INFO -   Std: 0.759381
2025-12-17 11:34:48,653 - INFO - Generation 170
2025-12-17 11:34:48,653 - INFO -   Best: -4.484637
2025-12-17 11:34:48,654 - INFO -   Min: -4.484637
2025-12-17 11:34:48,654 - INFO -   Max: -1.780310
2025-12-17 11:34:48,654 - INFO -   Avg: -4.022716
2025-12-17 11:34:48,654 - INFO -   Std: 0.642199
2025-12-17 11:34:48,694 - INFO - Generation 180
2025-12-17 11:34:48,694 - INFO -   Best: -4.484637
2025-12-17 11:34:48,694 - INFO -   Min: -4.484637
2025-12-17 11:34:48,694 - INFO -   Max: -1.626323
2025-12-17 11:34:48,695 - INFO -   Avg: -4.018921
2025-12-17 11:34:48,695 - INFO -   Std: 0.622945
2025-12-17 11:34:48,734 - INFO - Generation 190
2025-12-17 11:34:48,735 - INFO -   Best: -4.484637
2025-12-17 11:34:48,735 - INFO -   Min: -4.484637
2025-12-17 11:34:48,735 - INFO -   Max: -1.248495
2025-12-17 11:34:48,735 - INFO -   Avg: -4.036147
2025-12-17 11:34:48,735 - INFO -   Std: 0.694599
2025-12-17 11:34:48,777 - INFO - Generation 200
2025-12-17 11:34:48,778 - INFO -   Best: -4.484637
2025-12-17 11:34:48,778 - INFO -   Min: -4.484637
2025-12-17 11:34:48,778 - INFO -   Max: -2.095509
2025-12-17 11:34:48,778 - INFO -   Avg: -3.939446
2025-12-17 11:34:48,778 - INFO -   Std: 0.668435
2025-12-17 11:34:48,781 - INFO - 
Final best fitness: -4.1395895643
2025-12-17 11:34:48,781 - INFO - Execution time: 0.83s
2025-12-17 11:35:14,380 - INFO - Representation: Real
2025-12-17 11:35:14,380 - INFO - Number of genes: 10
2025-12-17 11:35:14,380 - INFO - Bounds: [0, 3.141592653589793]
2025-12-17 11:35:14,380 - INFO - Function: michalewicz
2025-12-17 11:35:14,380 - INFO - Population size: 100
2025-12-17 11:35:14,380 - INFO - Generations: 200
2025-12-17 11:35:14,381 - INFO - Selection: tournament
2025-12-17 11:35:14,381 - INFO - Crossover: single_point
2025-12-17 11:35:14,381 - INFO - Mutation: random
2025-12-17 11:35:14,381 - INFO - 
2025-12-17 11:35:14,452 - INFO - Generation 10
2025-12-17 11:35:14,452 - INFO -   Best: -7.850652
2025-12-17 11:35:14,453 - INFO -   Min: -7.850652
2025-12-17 11:35:14,453 - INFO -   Max: -3.421621
2025-12-17 11:35:14,453 - INFO -   Avg: -5.691692
2025-12-17 11:35:14,453 - INFO -   Std: 1.048075
2025-12-17 11:35:14,513 - INFO - Generation 20
2025-12-17 11:35:14,513 - INFO -   Best: -8.296779
2025-12-17 11:35:14,513 - INFO -   Min: -8.296779
2025-12-17 11:35:14,513 - INFO -   Max: -3.183165
2025-12-17 11:35:14,513 - INFO -   Avg: -6.599153
2025-12-17 11:35:14,513 - INFO -   Std: 1.070259
2025-12-17 11:35:14,570 - INFO - Generation 30
2025-12-17 11:35:14,570 - INFO -   Best: -8.770224
2025-12-17 11:35:14,570 - INFO -   Min: -8.770224
2025-12-17 11:35:14,570 - INFO -   Max: -3.825743
2025-12-17 11:35:14,570 - INFO -   Avg: -7.344847
2025-12-17 11:35:14,571 - INFO -   Std: 1.136675
2025-12-17 11:35:14,635 - INFO - Generation 40
2025-12-17 11:35:14,635 - INFO -   Best: -8.919640
2025-12-17 11:35:14,635 - INFO -   Min: -8.919640
2025-12-17 11:35:14,636 - INFO -   Max: -4.479901
2025-12-17 11:35:14,636 - INFO -   Avg: -7.329195
2025-12-17 11:35:14,636 - INFO -   Std: 1.067213
2025-12-17 11:35:14,697 - INFO - Generation 50
2025-12-17 11:35:14,697 - INFO -   Best: -9.037397
2025-12-17 11:35:14,697 - INFO -   Min: -9.037397
2025-12-17 11:35:14,697 - INFO -   Max: -4.712242
2025-12-17 11:35:14,697 - INFO -   Avg: -7.581888
2025-12-17 11:35:14,698 - INFO -   Std: 1.031798
2025-12-17 11:35:14,763 - INFO - Generation 60
2025-12-17 11:35:14,763 - INFO -   Best: -9.059469
2025-12-17 11:35:14,763 - INFO -   Min: -9.059469
2025-12-17 11:35:14,764 - INFO -   Max: -5.271481
2025-12-17 11:35:14,764 - INFO -   Avg: -7.749193
2025-12-17 11:35:14,764 - INFO -   Std: 1.031921
2025-12-17 11:35:14,826 - INFO - Generation 70
2025-12-17 11:35:14,826 - INFO -   Best: -9.119329
2025-12-17 11:35:14,826 - INFO -   Min: -9.119329
2025-12-17 11:35:14,826 - INFO -   Max: -3.687237
2025-12-17 11:35:14,827 - INFO -   Avg: -7.657135
2025-12-17 11:35:14,827 - INFO -   Std: 1.149323
2025-12-17 11:35:14,887 - INFO - Generation 80
2025-12-17 11:35:14,888 - INFO -   Best: -9.119329
2025-12-17 11:35:14,888 - INFO -   Min: -9.119329
2025-12-17 11:35:14,888 - INFO -   Max: -2.697090
2025-12-17 11:35:14,888 - INFO -   Avg: -7.554334
2025-12-17 11:35:14,888 - INFO -   Std: 1.229072
2025-12-17 11:35:14,955 - INFO - Generation 90
2025-12-17 11:35:14,955 - INFO -   Best: -9.119329
2025-12-17 11:35:14,955 - INFO -   Min: -9.119329
2025-12-17 11:35:14,955 - INFO -   Max: -4.772157
2025-12-17 11:35:14,956 - INFO -   Avg: -7.571555
2025-12-17 11:35:14,956 - INFO -   Std: 1.096052
2025-12-17 11:35:15,020 - INFO - Generation 100
2025-12-17 11:35:15,020 - INFO -   Best: -9.119329
2025-12-17 11:35:15,020 - INFO -   Min: -9.119329
2025-12-17 11:35:15,021 - INFO -   Max: -4.481617
2025-12-17 11:35:15,021 - INFO -   Avg: -7.650803
2025-12-17 11:35:15,021 - INFO -   Std: 1.117482
2025-12-17 11:35:15,085 - INFO - Generation 110
2025-12-17 11:35:15,086 - INFO -   Best: -9.119329
2025-12-17 11:35:15,086 - INFO -   Min: -9.119329
2025-12-17 11:35:15,086 - INFO -   Max: -4.142816
2025-12-17 11:35:15,086 - INFO -   Avg: -7.471042
2025-12-17 11:35:15,086 - INFO -   Std: 1.118882
2025-12-17 11:35:15,149 - INFO - Generation 120
2025-12-17 11:35:15,149 - INFO -   Best: -9.119329
2025-12-17 11:35:15,149 - INFO -   Min: -9.119329
2025-12-17 11:35:15,149 - INFO -   Max: -4.954536
2025-12-17 11:35:15,150 - INFO -   Avg: -7.452746
2025-12-17 11:35:15,150 - INFO -   Std: 1.082783
2025-12-17 11:35:15,212 - INFO - Generation 130
2025-12-17 11:35:15,213 - INFO -   Best: -9.119329
2025-12-17 11:35:15,213 - INFO -   Min: -9.119329
2025-12-17 11:35:15,213 - INFO -   Max: -4.925125
2025-12-17 11:35:15,213 - INFO -   Avg: -7.726299
2025-12-17 11:35:15,213 - INFO -   Std: 1.169766
2025-12-17 11:35:15,273 - INFO - Generation 140
2025-12-17 11:35:15,273 - INFO -   Best: -9.119329
2025-12-17 11:35:15,274 - INFO -   Min: -9.119329
2025-12-17 11:35:15,274 - INFO -   Max: -1.841129
2025-12-17 11:35:15,274 - INFO -   Avg: -7.451718
2025-12-17 11:35:15,274 - INFO -   Std: 1.272834
2025-12-17 11:35:15,333 - INFO - Generation 150
2025-12-17 11:35:15,334 - INFO -   Best: -9.119329
2025-12-17 11:35:15,334 - INFO -   Min: -9.119329
2025-12-17 11:35:15,334 - INFO -   Max: -4.259282
2025-12-17 11:35:15,334 - INFO -   Avg: -7.904025
2025-12-17 11:35:15,334 - INFO -   Std: 0.989568
2025-12-17 11:35:15,395 - INFO - Generation 160
2025-12-17 11:35:15,395 - INFO -   Best: -9.119329
2025-12-17 11:35:15,396 - INFO -   Min: -9.119329
2025-12-17 11:35:15,396 - INFO -   Max: -2.872907
2025-12-17 11:35:15,396 - INFO -   Avg: -7.669307
2025-12-17 11:35:15,396 - INFO -   Std: 1.231742
2025-12-17 11:35:15,458 - INFO - Generation 170
2025-12-17 11:35:15,458 - INFO -   Best: -9.119329
2025-12-17 11:35:15,458 - INFO -   Min: -9.119329
2025-12-17 11:35:15,459 - INFO -   Max: -4.663862
2025-12-17 11:35:15,459 - INFO -   Avg: -7.631780
2025-12-17 11:35:15,459 - INFO -   Std: 1.032439
2025-12-17 11:35:15,523 - INFO - Generation 180
2025-12-17 11:35:15,524 - INFO -   Best: -9.119329
2025-12-17 11:35:15,524 - INFO -   Min: -9.119329
2025-12-17 11:35:15,524 - INFO -   Max: -4.418045
2025-12-17 11:35:15,524 - INFO -   Avg: -7.637852
2025-12-17 11:35:15,524 - INFO -   Std: 1.197029
2025-12-17 11:35:15,584 - INFO - Generation 190
2025-12-17 11:35:15,585 - INFO -   Best: -9.119329
2025-12-17 11:35:15,585 - INFO -   Min: -9.119329
2025-12-17 11:35:15,585 - INFO -   Max: -4.307666
2025-12-17 11:35:15,585 - INFO -   Avg: -7.622111
2025-12-17 11:35:15,585 - INFO -   Std: 1.127542
2025-12-17 11:35:15,643 - INFO - Generation 200
2025-12-17 11:35:15,644 - INFO -   Best: -9.119329
2025-12-17 11:35:15,644 - INFO -   Min: -9.119329
2025-12-17 11:35:15,644 - INFO -   Max: -4.438436
2025-12-17 11:35:15,644 - INFO -   Avg: -7.565779
2025-12-17 11:35:15,644 - INFO -   Std: 1.178576
2025-12-17 11:35:15,648 - INFO - 
Final best fitness: -9.0721601103
2025-12-17 11:35:15,648 - INFO - Execution time: 1.25s
2025-12-17 11:36:44,101 - INFO - Representation: Real
2025-12-17 11:36:44,101 - INFO - Number of genes: 5
2025-12-17 11:36:44,101 - INFO - Bounds: [0, 3.141592653589793]
2025-12-17 11:36:44,101 - INFO - Function: michalewicz
2025-12-17 11:36:44,101 - INFO - Population size: 100
2025-12-17 11:36:44,102 - INFO - Generations: 200
2025-12-17 11:36:44,102 - INFO - Selection: tournament
2025-12-17 11:36:44,102 - INFO - Crossover: single_point
2025-12-17 11:36:44,102 - INFO - Mutation: random
2025-12-17 11:36:44,102 - INFO - 
2025-12-17 11:36:44,153 - INFO - Generation 10
2025-12-17 11:36:44,153 - INFO -   Best: -4.223112
2025-12-17 11:36:44,154 - INFO -   Min: -4.223112
2025-12-17 11:36:44,154 - INFO -   Max: -1.041161
2025-12-17 11:36:44,154 - INFO -   Avg: -3.690081
2025-12-17 11:36:44,154 - INFO -   Std: 0.696736
2025-12-17 11:36:44,198 - INFO - Generation 20
2025-12-17 11:36:44,198 - INFO -   Best: -4.315830
2025-12-17 11:36:44,198 - INFO -   Min: -4.315830
2025-12-17 11:36:44,198 - INFO -   Max: -2.231918
2025-12-17 11:36:44,198 - INFO -   Avg: -3.753551
2025-12-17 11:36:44,198 - INFO -   Std: 0.586152
2025-12-17 11:36:44,242 - INFO - Generation 30
2025-12-17 11:36:44,242 - INFO -   Best: -4.322887
2025-12-17 11:36:44,242 - INFO -   Min: -4.322887
2025-12-17 11:36:44,242 - INFO -   Max: -1.516799
2025-12-17 11:36:44,243 - INFO -   Avg: -3.747576
2025-12-17 11:36:44,243 - INFO -   Std: 0.700393
2025-12-17 11:36:44,285 - INFO - Generation 40
2025-12-17 11:36:44,285 - INFO -   Best: -4.578308
2025-12-17 11:36:44,285 - INFO -   Min: -4.578308
2025-12-17 11:36:44,285 - INFO -   Max: -1.220035
2025-12-17 11:36:44,285 - INFO -   Avg: -3.832019
2025-12-17 11:36:44,286 - INFO -   Std: 0.778928
2025-12-17 11:36:44,326 - INFO - Generation 50
2025-12-17 11:36:44,326 - INFO -   Best: -4.585224
2025-12-17 11:36:44,326 - INFO -   Min: -4.585224
2025-12-17 11:36:44,326 - INFO -   Max: -1.884167
2025-12-17 11:36:44,327 - INFO -   Avg: -4.134589
2025-12-17 11:36:44,327 - INFO -   Std: 0.605016
2025-12-17 11:36:44,367 - INFO - Generation 60
2025-12-17 11:36:44,367 - INFO -   Best: -4.585224
2025-12-17 11:36:44,368 - INFO -   Min: -4.585224
2025-12-17 11:36:44,368 - INFO -   Max: -1.819034
2025-12-17 11:36:44,368 - INFO -   Avg: -3.970605
2025-12-17 11:36:44,368 - INFO -   Std: 0.719313
2025-12-17 11:36:44,409 - INFO - Generation 70
2025-12-17 11:36:44,409 - INFO -   Best: -4.585224
2025-12-17 11:36:44,409 - INFO -   Min: -4.585224
2025-12-17 11:36:44,409 - INFO -   Max: -1.770335
2025-12-17 11:36:44,409 - INFO -   Avg: -4.080609
2025-12-17 11:36:44,410 - INFO -   Std: 0.674058
2025-12-17 11:36:44,452 - INFO - Generation 80
2025-12-17 11:36:44,452 - INFO -   Best: -4.645187
2025-12-17 11:36:44,452 - INFO -   Min: -4.645187
2025-12-17 11:36:44,453 - INFO -   Max: -2.014636
2025-12-17 11:36:44,453 - INFO -   Avg: -4.158190
2025-12-17 11:36:44,453 - INFO -   Std: 0.661648
2025-12-17 11:36:44,495 - INFO - Generation 90
2025-12-17 11:36:44,496 - INFO -   Best: -4.653806
2025-12-17 11:36:44,496 - INFO -   Min: -4.653806
2025-12-17 11:36:44,496 - INFO -   Max: -1.753298
2025-12-17 11:36:44,496 - INFO -   Avg: -4.055038
2025-12-17 11:36:44,496 - INFO -   Std: 0.659497
2025-12-17 11:36:44,539 - INFO - Generation 100
2025-12-17 11:36:44,539 - INFO -   Best: -4.653806
2025-12-17 11:36:44,540 - INFO -   Min: -4.653806
2025-12-17 11:36:44,540 - INFO -   Max: -0.619666
2025-12-17 11:36:44,540 - INFO -   Avg: -4.017227
2025-12-17 11:36:44,540 - INFO -   Std: 0.891862
2025-12-17 11:36:44,581 - INFO - Generation 110
2025-12-17 11:36:44,582 - INFO -   Best: -4.653806
2025-12-17 11:36:44,582 - INFO -   Min: -4.653806
2025-12-17 11:36:44,582 - INFO -   Max: -1.954266
2025-12-17 11:36:44,582 - INFO -   Avg: -4.144853
2025-12-17 11:36:44,582 - INFO -   Std: 0.653747
2025-12-17 11:36:44,624 - INFO - Generation 120
2025-12-17 11:36:44,624 - INFO -   Best: -4.653806
2025-12-17 11:36:44,624 - INFO -   Min: -4.653806
2025-12-17 11:36:44,624 - INFO -   Max: -1.594696
2025-12-17 11:36:44,625 - INFO -   Avg: -4.150928
2025-12-17 11:36:44,625 - INFO -   Std: 0.646093
2025-12-17 11:36:44,665 - INFO - Generation 130
2025-12-17 11:36:44,666 - INFO -   Best: -4.653806
2025-12-17 11:36:44,666 - INFO -   Min: -4.653806
2025-12-17 11:36:44,666 - INFO -   Max: -1.052421
2025-12-17 11:36:44,666 - INFO -   Avg: -4.061797
2025-12-17 11:36:44,666 - INFO -   Std: 0.707683
2025-12-17 11:36:44,707 - INFO - Generation 140
2025-12-17 11:36:44,707 - INFO -   Best: -4.653806
2025-12-17 11:36:44,707 - INFO -   Min: -4.653806
2025-12-17 11:36:44,708 - INFO -   Max: -2.603110
2025-12-17 11:36:44,708 - INFO -   Avg: -4.138001
2025-12-17 11:36:44,708 - INFO -   Std: 0.646038
2025-12-17 11:36:44,747 - INFO - Generation 150
2025-12-17 11:36:44,748 - INFO -   Best: -4.653806
2025-12-17 11:36:44,748 - INFO -   Min: -4.653806
2025-12-17 11:36:44,748 - INFO -   Max: -1.093431
2025-12-17 11:36:44,748 - INFO -   Avg: -4.124809
2025-12-17 11:36:44,748 - INFO -   Std: 0.731221
2025-12-17 11:36:44,789 - INFO - Generation 160
2025-12-17 11:36:44,789 - INFO -   Best: -4.653806
2025-12-17 11:36:44,789 - INFO -   Min: -4.653806
2025-12-17 11:36:44,790 - INFO -   Max: -1.395007
2025-12-17 11:36:44,790 - INFO -   Avg: -4.186823
2025-12-17 11:36:44,790 - INFO -   Std: 0.637103
2025-12-17 11:36:44,832 - INFO - Generation 170
2025-12-17 11:36:44,832 - INFO -   Best: -4.653806
2025-12-17 11:36:44,832 - INFO -   Min: -4.653806
2025-12-17 11:36:44,832 - INFO -   Max: -1.203995
2025-12-17 11:36:44,833 - INFO -   Avg: -4.061024
2025-12-17 11:36:44,833 - INFO -   Std: 0.691065
2025-12-17 11:36:44,874 - INFO - Generation 180
2025-12-17 11:36:44,875 - INFO -   Best: -4.653806
2025-12-17 11:36:44,875 - INFO -   Min: -4.653806
2025-12-17 11:36:44,875 - INFO -   Max: -2.721713
2025-12-17 11:36:44,875 - INFO -   Avg: -4.243022
2025-12-17 11:36:44,875 - INFO -   Std: 0.546237
2025-12-17 11:36:44,919 - INFO - Generation 190
2025-12-17 11:36:44,919 - INFO -   Best: -4.653806
2025-12-17 11:36:44,919 - INFO -   Min: -4.653806
2025-12-17 11:36:44,919 - INFO -   Max: -1.770164
2025-12-17 11:36:44,919 - INFO -   Avg: -4.165727
2025-12-17 11:36:44,920 - INFO -   Std: 0.637506
2025-12-17 11:36:44,959 - INFO - Generation 200
2025-12-17 11:36:44,960 - INFO -   Best: -4.653806
2025-12-17 11:36:44,960 - INFO -   Min: -4.653806
2025-12-17 11:36:44,960 - INFO -   Max: -1.892118
2025-12-17 11:36:44,960 - INFO -   Avg: -4.156451
2025-12-17 11:36:44,960 - INFO -   Std: 0.678238
2025-12-17 11:36:44,963 - INFO - 
Final best fitness: -4.6538059270
2025-12-17 11:36:44,963 - INFO - Execution time: 0.85s
2025-12-17 12:03:00,119 - INFO - Representation: Binary
2025-12-17 12:03:00,119 - INFO - Bits per variable: 12
2025-12-17 12:03:00,119 - INFO - Total genes: 60
2025-12-17 12:03:00,120 - INFO - Function: michalewicz
2025-12-17 12:03:00,120 - INFO - Population size: 100
2025-12-17 12:03:00,120 - INFO - Generations: 200
2025-12-17 12:03:00,120 - INFO - Selection: tournament
2025-12-17 12:03:00,120 - INFO - Crossover: single_point
2025-12-17 12:03:00,120 - INFO - Mutation: random
2025-12-17 12:03:00,120 - INFO - 
2025-12-17 12:03:00,430 - INFO - Generation 10
2025-12-17 12:03:00,430 - INFO -   Best: -4.348074
2025-12-17 12:03:00,430 - INFO -   Min: -4.348074
2025-12-17 12:03:00,430 - INFO -   Max: -0.611654
2025-12-17 12:03:00,430 - INFO -   Avg: -2.499423
2025-12-17 12:03:00,431 - INFO -   Std: 0.851557
2025-12-17 12:03:00,631 - INFO - Generation 20
2025-12-17 12:03:00,631 - INFO -   Best: -4.413372
2025-12-17 12:03:00,632 - INFO -   Min: -4.413372
2025-12-17 12:03:00,632 - INFO -   Max: -0.714848
2025-12-17 12:03:00,632 - INFO -   Avg: -2.625634
2025-12-17 12:03:00,632 - INFO -   Std: 0.949004
2025-12-17 12:03:00,837 - INFO - Generation 30
2025-12-17 12:03:00,837 - INFO -   Best: -4.418473
2025-12-17 12:03:00,837 - INFO -   Min: -4.418473
2025-12-17 12:03:00,837 - INFO -   Max: -0.023193
2025-12-17 12:03:00,837 - INFO -   Avg: -2.440299
2025-12-17 12:03:00,837 - INFO -   Std: 0.978443
2025-12-17 12:03:01,037 - INFO - Generation 40
2025-12-17 12:03:01,038 - INFO -   Best: -4.418473
2025-12-17 12:03:01,038 - INFO -   Min: -4.418473
2025-12-17 12:03:01,038 - INFO -   Max: -0.079067
2025-12-17 12:03:01,038 - INFO -   Avg: -2.359567
2025-12-17 12:03:01,038 - INFO -   Std: 0.763092
2025-12-17 12:03:01,237 - INFO - Generation 50
2025-12-17 12:03:01,238 - INFO -   Best: -4.418473
2025-12-17 12:03:01,238 - INFO -   Min: -4.418473
2025-12-17 12:03:01,238 - INFO -   Max: -0.462027
2025-12-17 12:03:01,238 - INFO -   Avg: -2.663443
2025-12-17 12:03:01,238 - INFO -   Std: 0.822968
2025-12-17 12:03:01,438 - INFO - Generation 60
2025-12-17 12:03:01,439 - INFO -   Best: -4.418473
2025-12-17 12:03:01,439 - INFO -   Min: -4.418473
2025-12-17 12:03:01,439 - INFO -   Max: -0.025094
2025-12-17 12:03:01,439 - INFO -   Avg: -2.031647
2025-12-17 12:03:01,439 - INFO -   Std: 0.916778
2025-12-17 12:03:01,640 - INFO - Generation 70
2025-12-17 12:03:01,640 - INFO -   Best: -4.418473
2025-12-17 12:03:01,640 - INFO -   Min: -4.418473
2025-12-17 12:03:01,641 - INFO -   Max: 0.547460
2025-12-17 12:03:01,641 - INFO -   Avg: -2.069904
2025-12-17 12:03:01,641 - INFO -   Std: 0.938212
2025-12-17 12:03:01,841 - INFO - Generation 80
2025-12-17 12:03:01,841 - INFO -   Best: -4.418473
2025-12-17 12:03:01,841 - INFO -   Min: -4.418473
2025-12-17 12:03:01,841 - INFO -   Max: 0.403511
2025-12-17 12:03:01,841 - INFO -   Avg: -2.311479
2025-12-17 12:03:01,842 - INFO -   Std: 0.943196
2025-12-17 12:03:02,042 - INFO - Generation 90
2025-12-17 12:03:02,042 - INFO -   Best: -4.418473
2025-12-17 12:03:02,042 - INFO -   Min: -4.418473
2025-12-17 12:03:02,042 - INFO -   Max: -0.237474
2025-12-17 12:03:02,042 - INFO -   Avg: -2.552309
2025-12-17 12:03:02,042 - INFO -   Std: 0.879546
2025-12-17 12:03:02,244 - INFO - Generation 100
2025-12-17 12:03:02,244 - INFO -   Best: -4.418473
2025-12-17 12:03:02,244 - INFO -   Min: -4.418473
2025-12-17 12:03:02,244 - INFO -   Max: 0.436309
2025-12-17 12:03:02,245 - INFO -   Avg: -2.313074
2025-12-17 12:03:02,245 - INFO -   Std: 0.938303
2025-12-17 12:03:02,440 - INFO - Generation 110
2025-12-17 12:03:02,440 - INFO -   Best: -4.418473
2025-12-17 12:03:02,441 - INFO -   Min: -4.418473
2025-12-17 12:03:02,441 - INFO -   Max: 0.446737
2025-12-17 12:03:02,441 - INFO -   Avg: -2.315981
2025-12-17 12:03:02,441 - INFO -   Std: 0.883968
2025-12-17 12:03:02,643 - INFO - Generation 120
2025-12-17 12:03:02,643 - INFO -   Best: -4.418473
2025-12-17 12:03:02,644 - INFO -   Min: -4.418473
2025-12-17 12:03:02,644 - INFO -   Max: 0.011598
2025-12-17 12:03:02,644 - INFO -   Avg: -2.230190
2025-12-17 12:03:02,644 - INFO -   Std: 0.988431
2025-12-17 12:03:02,843 - INFO - Generation 130
2025-12-17 12:03:02,843 - INFO -   Best: -4.418473
2025-12-17 12:03:02,843 - INFO -   Min: -4.418473
2025-12-17 12:03:02,844 - INFO -   Max: -0.303149
2025-12-17 12:03:02,844 - INFO -   Avg: -2.636715
2025-12-17 12:03:02,844 - INFO -   Std: 0.822484
2025-12-17 12:03:03,045 - INFO - Generation 140
2025-12-17 12:03:03,045 - INFO -   Best: -4.418473
2025-12-17 12:03:03,046 - INFO -   Min: -4.418473
2025-12-17 12:03:03,046 - INFO -   Max: 0.032385
2025-12-17 12:03:03,046 - INFO -   Avg: -2.358422
2025-12-17 12:03:03,046 - INFO -   Std: 0.896560
2025-12-17 12:03:03,249 - INFO - Generation 150
2025-12-17 12:03:03,249 - INFO -   Best: -4.418473
2025-12-17 12:03:03,249 - INFO -   Min: -4.418473
2025-12-17 12:03:03,249 - INFO -   Max: -0.649679
2025-12-17 12:03:03,250 - INFO -   Avg: -2.337871
2025-12-17 12:03:03,250 - INFO -   Std: 0.878215
2025-12-17 12:03:03,461 - INFO - Generation 160
2025-12-17 12:03:03,461 - INFO -   Best: -4.418473
2025-12-17 12:03:03,461 - INFO -   Min: -4.418473
2025-12-17 12:03:03,461 - INFO -   Max: -0.678498
2025-12-17 12:03:03,462 - INFO -   Avg: -2.570413
2025-12-17 12:03:03,462 - INFO -   Std: 0.918992
2025-12-17 12:03:03,665 - INFO - Generation 170
2025-12-17 12:03:03,665 - INFO -   Best: -4.418473
2025-12-17 12:03:03,665 - INFO -   Min: -4.418473
2025-12-17 12:03:03,665 - INFO -   Max: -0.033325
2025-12-17 12:03:03,665 - INFO -   Avg: -2.393733
2025-12-17 12:03:03,665 - INFO -   Std: 0.933217
2025-12-17 12:03:03,868 - INFO - Generation 180
2025-12-17 12:03:03,868 - INFO -   Best: -4.418473
2025-12-17 12:03:03,869 - INFO -   Min: -4.418473
2025-12-17 12:03:03,869 - INFO -   Max: -0.777688
2025-12-17 12:03:03,869 - INFO -   Avg: -2.550386
2025-12-17 12:03:03,869 - INFO -   Std: 0.809043
2025-12-17 12:03:04,075 - INFO - Generation 190
2025-12-17 12:03:04,076 - INFO -   Best: -4.418473
2025-12-17 12:03:04,076 - INFO -   Min: -4.418473
2025-12-17 12:03:04,076 - INFO -   Max: 0.043665
2025-12-17 12:03:04,076 - INFO -   Avg: -2.383681
2025-12-17 12:03:04,076 - INFO -   Std: 0.955611
2025-12-17 12:03:04,282 - INFO - Generation 200
2025-12-17 12:03:04,283 - INFO -   Best: -4.418473
2025-12-17 12:03:04,283 - INFO -   Min: -4.418473
2025-12-17 12:03:04,283 - INFO -   Max: -0.716888
2025-12-17 12:03:04,283 - INFO -   Avg: -2.668675
2025-12-17 12:03:04,283 - INFO -   Std: 0.835099
2025-12-17 12:03:04,289 - INFO - 
Final best fitness: -4.4184725327
2025-12-17 12:03:04,289 - INFO - Execution time: 4.05s
