2025-12-17 11:26:59,541 - INFO - Representation: Real
2025-12-17 11:26:59,541 - INFO - Number of genes: 2
2025-12-17 11:26:59,541 - INFO - Bounds: [0, 3.141592653589793]
2025-12-17 11:26:59,541 - INFO - Function: michalewicz
2025-12-17 11:26:59,542 - INFO - Population size: 100
2025-12-17 11:26:59,542 - INFO - Generations: 200
2025-12-17 11:26:59,542 - INFO - Selection: tournament
2025-12-17 11:26:59,542 - INFO - Crossover: single_point
2025-12-17 11:26:59,542 - INFO - Mutation: random
2025-12-17 11:26:59,542 - INFO - 
2025-12-17 11:26:59,580 - INFO - Generation 10
2025-12-17 11:26:59,581 - INFO -   Best: -1.729483
2025-12-17 11:26:59,581 - INFO -   Min: -1.729483
2025-12-17 11:26:59,581 - INFO -   Max: 0.037970
2025-12-17 11:26:59,581 - INFO -   Avg: -1.504917
2025-12-17 11:26:59,581 - INFO -   Std: 0.450977
2025-12-17 11:26:59,612 - INFO - Generation 20
2025-12-17 11:26:59,612 - INFO -   Best: -1.729483
2025-12-17 11:26:59,612 - INFO -   Min: -1.729483
2025-12-17 11:26:59,612 - INFO -   Max: -0.054514
2025-12-17 11:26:59,613 - INFO -   Avg: -1.565974
2025-12-17 11:26:59,613 - INFO -   Std: 0.360753
2025-12-17 11:26:59,645 - INFO - Generation 30
2025-12-17 11:26:59,645 - INFO -   Best: -1.729483
2025-12-17 11:26:59,645 - INFO -   Min: -1.729483
2025-12-17 11:26:59,645 - INFO -   Max: 0.000000
2025-12-17 11:26:59,646 - INFO -   Avg: -1.505559
2025-12-17 11:26:59,646 - INFO -   Std: 0.437814
2025-12-17 11:26:59,676 - INFO - Generation 40
2025-12-17 11:26:59,676 - INFO -   Best: -1.729483
2025-12-17 11:26:59,677 - INFO -   Min: -1.729483
2025-12-17 11:26:59,677 - INFO -   Max: -0.519478
2025-12-17 11:26:59,677 - INFO -   Avg: -1.587917
2025-12-17 11:26:59,677 - INFO -   Std: 0.321694
2025-12-17 11:26:59,708 - INFO - Generation 50
2025-12-17 11:26:59,708 - INFO -   Best: -1.729483
2025-12-17 11:26:59,708 - INFO -   Min: -1.729483
2025-12-17 11:26:59,708 - INFO -   Max: 0.157776
2025-12-17 11:26:59,708 - INFO -   Avg: -1.573218
2025-12-17 11:26:59,709 - INFO -   Std: 0.408750
2025-12-17 11:26:59,740 - INFO - Generation 60
2025-12-17 11:26:59,740 - INFO -   Best: -1.729483
2025-12-17 11:26:59,740 - INFO -   Min: -1.729483
2025-12-17 11:26:59,740 - INFO -   Max: -0.713146
2025-12-17 11:26:59,740 - INFO -   Avg: -1.575857
2025-12-17 11:26:59,741 - INFO -   Std: 0.329627
2025-12-17 11:26:59,772 - INFO - Generation 70
2025-12-17 11:26:59,772 - INFO -   Best: -1.729483
2025-12-17 11:26:59,772 - INFO -   Min: -1.729483
2025-12-17 11:26:59,772 - INFO -   Max: -0.280489
2025-12-17 11:26:59,772 - INFO -   Avg: -1.548203
2025-12-17 11:26:59,773 - INFO -   Std: 0.377450
2025-12-17 11:26:59,803 - INFO - Generation 80
2025-12-17 11:26:59,803 - INFO -   Best: -1.729483
2025-12-17 11:26:59,803 - INFO -   Min: -1.729483
2025-12-17 11:26:59,804 - INFO -   Max: -0.498244
2025-12-17 11:26:59,804 - INFO -   Avg: -1.609373
2025-12-17 11:26:59,804 - INFO -   Std: 0.312232
2025-12-17 11:26:59,835 - INFO - Generation 90
2025-12-17 11:26:59,835 - INFO -   Best: -1.729483
2025-12-17 11:26:59,835 - INFO -   Min: -1.729483
2025-12-17 11:26:59,835 - INFO -   Max: 0.038838
2025-12-17 11:26:59,836 - INFO -   Avg: -1.457057
2025-12-17 11:26:59,836 - INFO -   Std: 0.469856
2025-12-17 11:26:59,867 - INFO - Generation 100
2025-12-17 11:26:59,867 - INFO -   Best: -1.729483
2025-12-17 11:26:59,867 - INFO -   Min: -1.729483
2025-12-17 11:26:59,867 - INFO -   Max: -0.126155
2025-12-17 11:26:59,868 - INFO -   Avg: -1.606380
2025-12-17 11:26:59,868 - INFO -   Std: 0.328572
2025-12-17 11:26:59,898 - INFO - Generation 110
2025-12-17 11:26:59,898 - INFO -   Best: -1.729483
2025-12-17 11:26:59,899 - INFO -   Min: -1.729483
2025-12-17 11:26:59,899 - INFO -   Max: 0.013312
2025-12-17 11:26:59,899 - INFO -   Avg: -1.600911
2025-12-17 11:26:59,899 - INFO -   Std: 0.333756
2025-12-17 11:26:59,930 - INFO - Generation 120
2025-12-17 11:26:59,931 - INFO -   Best: -1.729483
2025-12-17 11:26:59,931 - INFO -   Min: -1.729483
2025-12-17 11:26:59,931 - INFO -   Max: -0.000000
2025-12-17 11:26:59,931 - INFO -   Avg: -1.470572
2025-12-17 11:26:59,931 - INFO -   Std: 0.437582
2025-12-17 11:26:59,964 - INFO - Generation 130
2025-12-17 11:26:59,964 - INFO -   Best: -1.729483
2025-12-17 11:26:59,964 - INFO -   Min: -1.729483
2025-12-17 11:26:59,964 - INFO -   Max: 0.017219
2025-12-17 11:26:59,965 - INFO -   Avg: -1.612129
2025-12-17 11:26:59,965 - INFO -   Std: 0.326972
2025-12-17 11:26:59,996 - INFO - Generation 140
2025-12-17 11:26:59,996 - INFO -   Best: -1.729483
2025-12-17 11:26:59,996 - INFO -   Min: -1.729483
2025-12-17 11:26:59,996 - INFO -   Max: 0.038903
2025-12-17 11:26:59,996 - INFO -   Avg: -1.505297
2025-12-17 11:26:59,997 - INFO -   Std: 0.419476
2025-12-17 11:27:00,029 - INFO - Generation 150
2025-12-17 11:27:00,030 - INFO -   Best: -1.729483
2025-12-17 11:27:00,030 - INFO -   Min: -1.729483
2025-12-17 11:27:00,030 - INFO -   Max: 1.098134
2025-12-17 11:27:00,030 - INFO -   Avg: -1.549814
2025-12-17 11:27:00,031 - INFO -   Std: 0.461905
2025-12-17 11:27:00,062 - INFO - Generation 160
2025-12-17 11:27:00,062 - INFO -   Best: -1.729483
2025-12-17 11:27:00,062 - INFO -   Min: -1.729483
2025-12-17 11:27:00,062 - INFO -   Max: 0.323366
2025-12-17 11:27:00,062 - INFO -   Avg: -1.494569
2025-12-17 11:27:00,063 - INFO -   Std: 0.465466
2025-12-17 11:27:00,094 - INFO - Generation 170
2025-12-17 11:27:00,094 - INFO -   Best: -1.729483
2025-12-17 11:27:00,094 - INFO -   Min: -1.729483
2025-12-17 11:27:00,095 - INFO -   Max: 1.520828
2025-12-17 11:27:00,095 - INFO -   Avg: -1.538177
2025-12-17 11:27:00,095 - INFO -   Std: 0.509926
2025-12-17 11:27:00,125 - INFO - Generation 180
2025-12-17 11:27:00,125 - INFO -   Best: -1.729483
2025-12-17 11:27:00,125 - INFO -   Min: -1.729483
2025-12-17 11:27:00,126 - INFO -   Max: -0.621001
2025-12-17 11:27:00,126 - INFO -   Avg: -1.635351
2025-12-17 11:27:00,126 - INFO -   Std: 0.269261
2025-12-17 11:27:00,157 - INFO - Generation 190
2025-12-17 11:27:00,157 - INFO -   Best: -1.729483
2025-12-17 11:27:00,157 - INFO -   Min: -1.729483
2025-12-17 11:27:00,157 - INFO -   Max: -0.395562
2025-12-17 11:27:00,157 - INFO -   Avg: -1.570495
2025-12-17 11:27:00,158 - INFO -   Std: 0.344085
2025-12-17 11:27:00,187 - INFO - Generation 200
2025-12-17 11:27:00,188 - INFO -   Best: -1.729483
2025-12-17 11:27:00,188 - INFO -   Min: -1.729483
2025-12-17 11:27:00,188 - INFO -   Max: 0.068537
2025-12-17 11:27:00,188 - INFO -   Avg: -1.526714
2025-12-17 11:27:00,189 - INFO -   Std: 0.389905
2025-12-17 11:27:00,191 - INFO - 
Final best fitness: -1.7294827456
2025-12-17 11:27:00,191 - INFO - Execution time: 0.65s
