2025-12-17 12:21:47,165 - INFO - Representation: Real
2025-12-17 12:21:47,166 - INFO - Number of genes: 20
2025-12-17 12:21:47,166 - INFO - Bounds: [-100, 100]
2025-12-17 12:21:47,166 - INFO - Function: f16_2014
2025-12-17 12:21:47,166 - INFO - Population size: 100
2025-12-17 12:21:47,166 - INFO - Generations: 200
2025-12-17 12:21:47,166 - INFO - Selection: rws
2025-12-17 12:21:47,167 - INFO - Crossover: two_points
2025-12-17 12:21:47,167 - INFO - Mutation: swap
2025-12-17 12:21:47,167 - INFO - 
2025-12-17 12:21:47,469 - INFO - Generation 10
2025-12-17 12:21:47,469 - INFO -   Best: 1608.960819
2025-12-17 12:21:47,469 - INFO -   Min: 1608.960819
2025-12-17 12:21:47,469 - INFO -   Max: 1610.601953
2025-12-17 12:21:47,471 - INFO -   Avg: 1609.941360
2025-12-17 12:21:47,471 - INFO -   Std: 0.256074
2025-12-17 12:21:47,728 - INFO - Generation 20
2025-12-17 12:21:47,729 - INFO -   Best: 1608.960819
2025-12-17 12:21:47,729 - INFO -   Min: 1608.960819
2025-12-17 12:21:47,729 - INFO -   Max: 1610.755935
2025-12-17 12:21:47,729 - INFO -   Avg: 1609.970958
2025-12-17 12:21:47,729 - INFO -   Std: 0.300763
2025-12-17 12:21:47,985 - INFO - Generation 30
2025-12-17 12:21:47,985 - INFO -   Best: 1608.458545
2025-12-17 12:21:47,985 - INFO -   Min: 1608.458545
2025-12-17 12:21:47,986 - INFO -   Max: 1610.887155
2025-12-17 12:21:47,986 - INFO -   Avg: 1609.870461
2025-12-17 12:21:47,986 - INFO -   Std: 0.388266
2025-12-17 12:21:48,241 - INFO - Generation 40
2025-12-17 12:21:48,241 - INFO -   Best: 1608.458545
2025-12-17 12:21:48,241 - INFO -   Min: 1608.458545
2025-12-17 12:21:48,242 - INFO -   Max: 1610.857540
2025-12-17 12:21:48,242 - INFO -   Avg: 1609.936190
2025-12-17 12:21:48,242 - INFO -   Std: 0.414396
2025-12-17 12:21:48,498 - INFO - Generation 50
2025-12-17 12:21:48,498 - INFO -   Best: 1608.458545
2025-12-17 12:21:48,498 - INFO -   Min: 1608.458545
2025-12-17 12:21:48,499 - INFO -   Max: 1611.284609
2025-12-17 12:21:48,499 - INFO -   Avg: 1610.058602
2025-12-17 12:21:48,499 - INFO -   Std: 0.434006
2025-12-17 12:21:48,753 - INFO - Generation 60
2025-12-17 12:21:48,753 - INFO -   Best: 1608.212177
2025-12-17 12:21:48,753 - INFO -   Min: 1608.212177
2025-12-17 12:21:48,754 - INFO -   Max: 1611.030747
2025-12-17 12:21:48,754 - INFO -   Avg: 1609.883430
2025-12-17 12:21:48,754 - INFO -   Std: 0.490435
2025-12-17 12:21:49,011 - INFO - Generation 70
2025-12-17 12:21:49,011 - INFO -   Best: 1608.212177
2025-12-17 12:21:49,011 - INFO -   Min: 1608.212177
2025-12-17 12:21:49,011 - INFO -   Max: 1610.784326
2025-12-17 12:21:49,012 - INFO -   Avg: 1609.970744
2025-12-17 12:21:49,012 - INFO -   Std: 0.450188
2025-12-17 12:21:49,266 - INFO - Generation 80
2025-12-17 12:21:49,267 - INFO -   Best: 1608.108840
2025-12-17 12:21:49,267 - INFO -   Min: 1608.108840
2025-12-17 12:21:49,267 - INFO -   Max: 1610.607656
2025-12-17 12:21:49,267 - INFO -   Avg: 1609.948848
2025-12-17 12:21:49,267 - INFO -   Std: 0.412212
2025-12-17 12:21:49,521 - INFO - Generation 90
2025-12-17 12:21:49,521 - INFO -   Best: 1608.040937
2025-12-17 12:21:49,522 - INFO -   Min: 1608.040937
2025-12-17 12:21:49,522 - INFO -   Max: 1610.921621
2025-12-17 12:21:49,522 - INFO -   Avg: 1610.077550
2025-12-17 12:21:49,522 - INFO -   Std: 0.468177
2025-12-17 12:21:49,778 - INFO - Generation 100
2025-12-17 12:21:49,778 - INFO -   Best: 1608.040937
2025-12-17 12:21:49,778 - INFO -   Min: 1608.040937
2025-12-17 12:21:49,778 - INFO -   Max: 1610.738604
2025-12-17 12:21:49,779 - INFO -   Avg: 1609.851909
2025-12-17 12:21:49,779 - INFO -   Std: 0.502804
2025-12-17 12:21:50,033 - INFO - Generation 110
2025-12-17 12:21:50,033 - INFO -   Best: 1607.972227
2025-12-17 12:21:50,033 - INFO -   Min: 1607.972227
2025-12-17 12:21:50,033 - INFO -   Max: 1610.659387
2025-12-17 12:21:50,033 - INFO -   Avg: 1609.924279
2025-12-17 12:21:50,033 - INFO -   Std: 0.388551
2025-12-17 12:21:50,288 - INFO - Generation 120
2025-12-17 12:21:50,288 - INFO -   Best: 1607.972227
2025-12-17 12:21:50,288 - INFO -   Min: 1607.972227
2025-12-17 12:21:50,288 - INFO -   Max: 1610.793947
2025-12-17 12:21:50,289 - INFO -   Avg: 1609.965898
2025-12-17 12:21:50,289 - INFO -   Std: 0.516997
2025-12-17 12:21:50,544 - INFO - Generation 130
2025-12-17 12:21:50,544 - INFO -   Best: 1607.972227
2025-12-17 12:21:50,545 - INFO -   Min: 1607.972227
2025-12-17 12:21:50,545 - INFO -   Max: 1610.829792
2025-12-17 12:21:50,545 - INFO -   Avg: 1610.064717
2025-12-17 12:21:50,545 - INFO -   Std: 0.469301
2025-12-17 12:21:50,800 - INFO - Generation 140
2025-12-17 12:21:50,800 - INFO -   Best: 1607.972227
2025-12-17 12:21:50,801 - INFO -   Min: 1607.972227
2025-12-17 12:21:50,801 - INFO -   Max: 1610.902605
2025-12-17 12:21:50,801 - INFO -   Avg: 1609.972717
2025-12-17 12:21:50,801 - INFO -   Std: 0.383202
2025-12-17 12:21:51,055 - INFO - Generation 150
2025-12-17 12:21:51,056 - INFO -   Best: 1607.972227
2025-12-17 12:21:51,056 - INFO -   Min: 1607.972227
2025-12-17 12:21:51,056 - INFO -   Max: 1610.559846
2025-12-17 12:21:51,056 - INFO -   Avg: 1609.877985
2025-12-17 12:21:51,056 - INFO -   Std: 0.455644
2025-12-17 12:21:51,309 - INFO - Generation 160
2025-12-17 12:21:51,309 - INFO -   Best: 1607.972227
2025-12-17 12:21:51,309 - INFO -   Min: 1607.972227
2025-12-17 12:21:51,309 - INFO -   Max: 1610.522405
2025-12-17 12:21:51,310 - INFO -   Avg: 1609.913675
2025-12-17 12:21:51,310 - INFO -   Std: 0.429098
2025-12-17 12:21:51,564 - INFO - Generation 170
2025-12-17 12:21:51,564 - INFO -   Best: 1607.907172
2025-12-17 12:21:51,564 - INFO -   Min: 1607.907172
2025-12-17 12:21:51,564 - INFO -   Max: 1610.521076
2025-12-17 12:21:51,565 - INFO -   Avg: 1609.872382
2025-12-17 12:21:51,565 - INFO -   Std: 0.440582
2025-12-17 12:21:51,818 - INFO - Generation 180
2025-12-17 12:21:51,818 - INFO -   Best: 1607.907172
2025-12-17 12:21:51,818 - INFO -   Min: 1607.907172
2025-12-17 12:21:51,818 - INFO -   Max: 1610.414903
2025-12-17 12:21:51,819 - INFO -   Avg: 1609.801030
2025-12-17 12:21:51,819 - INFO -   Std: 0.479089
2025-12-17 12:21:52,074 - INFO - Generation 190
2025-12-17 12:21:52,074 - INFO -   Best: 1607.907172
2025-12-17 12:21:52,074 - INFO -   Min: 1607.907172
2025-12-17 12:21:52,075 - INFO -   Max: 1610.453912
2025-12-17 12:21:52,075 - INFO -   Avg: 1609.856026
2025-12-17 12:21:52,075 - INFO -   Std: 0.407765
2025-12-17 12:21:52,326 - INFO - Generation 200
2025-12-17 12:21:52,327 - INFO -   Best: 1607.900611
2025-12-17 12:21:52,327 - INFO -   Min: 1607.900611
2025-12-17 12:21:52,327 - INFO -   Max: 1610.589450
2025-12-17 12:21:52,327 - INFO -   Avg: 1609.853568
2025-12-17 12:21:52,327 - INFO -   Std: 0.474430
2025-12-17 12:21:52,342 - INFO - 
Final best fitness: 1607.9006114302
2025-12-17 12:21:52,342 - INFO - Execution time: 5.14s
