2025-12-17 11:43:47,125 - INFO - Representation: Real
2025-12-17 11:43:47,126 - INFO - Number of genes: 20
2025-12-17 11:43:47,126 - INFO - Bounds: [-100, 100]
2025-12-17 11:43:47,126 - INFO - Function: f16_2014
2025-12-17 11:43:47,126 - INFO - Population size: 100
2025-12-17 11:43:47,126 - INFO - Generations: 200
2025-12-17 11:43:47,127 - INFO - Selection: tournament
2025-12-17 11:43:47,127 - INFO - Crossover: single_point
2025-12-17 11:43:47,127 - INFO - Mutation: random
2025-12-17 11:43:47,127 - INFO - 
2025-12-17 11:43:47,451 - INFO - Generation 10
2025-12-17 11:43:47,451 - INFO -   Best: 1608.214638
2025-12-17 11:43:47,451 - INFO -   Min: 1608.214638
2025-12-17 11:43:47,451 - INFO -   Max: 1610.818925
2025-12-17 11:43:47,452 - INFO -   Avg: 1609.514766
2025-12-17 11:43:47,452 - INFO -   Std: 0.451485
2025-12-17 11:43:47,730 - INFO - Generation 20
2025-12-17 11:43:47,730 - INFO -   Best: 1607.857708
2025-12-17 11:43:47,730 - INFO -   Min: 1607.857708
2025-12-17 11:43:47,730 - INFO -   Max: 1610.186124
2025-12-17 11:43:47,730 - INFO -   Avg: 1609.178293
2025-12-17 11:43:47,731 - INFO -   Std: 0.493193
2025-12-17 11:43:48,023 - INFO - Generation 30
2025-12-17 11:43:48,023 - INFO -   Best: 1607.387841
2025-12-17 11:43:48,024 - INFO -   Min: 1607.387841
2025-12-17 11:43:48,024 - INFO -   Max: 1610.407942
2025-12-17 11:43:48,024 - INFO -   Avg: 1609.074364
2025-12-17 11:43:48,024 - INFO -   Std: 0.583867
2025-12-17 11:43:48,296 - INFO - Generation 40
2025-12-17 11:43:48,296 - INFO -   Best: 1607.387841
2025-12-17 11:43:48,296 - INFO -   Min: 1607.387841
2025-12-17 11:43:48,296 - INFO -   Max: 1610.838553
2025-12-17 11:43:48,297 - INFO -   Avg: 1609.088317
2025-12-17 11:43:48,297 - INFO -   Std: 0.661956
2025-12-17 11:43:48,566 - INFO - Generation 50
2025-12-17 11:43:48,567 - INFO -   Best: 1607.142809
2025-12-17 11:43:48,567 - INFO -   Min: 1607.142809
2025-12-17 11:43:48,567 - INFO -   Max: 1610.295817
2025-12-17 11:43:48,567 - INFO -   Avg: 1608.765219
2025-12-17 11:43:48,567 - INFO -   Std: 0.696340
2025-12-17 11:43:48,844 - INFO - Generation 60
2025-12-17 11:43:48,844 - INFO -   Best: 1606.544988
2025-12-17 11:43:48,844 - INFO -   Min: 1606.544988
2025-12-17 11:43:48,844 - INFO -   Max: 1610.411729
2025-12-17 11:43:48,844 - INFO -   Avg: 1608.645754
2025-12-17 11:43:48,844 - INFO -   Std: 0.860489
2025-12-17 11:43:49,117 - INFO - Generation 70
2025-12-17 11:43:49,117 - INFO -   Best: 1606.544988
2025-12-17 11:43:49,118 - INFO -   Min: 1606.544988
2025-12-17 11:43:49,118 - INFO -   Max: 1610.903663
2025-12-17 11:43:49,118 - INFO -   Avg: 1608.530263
2025-12-17 11:43:49,118 - INFO -   Std: 0.866429
2025-12-17 11:43:49,390 - INFO - Generation 80
2025-12-17 11:43:49,390 - INFO -   Best: 1606.004054
2025-12-17 11:43:49,391 - INFO -   Min: 1606.004054
2025-12-17 11:43:49,391 - INFO -   Max: 1610.585519
2025-12-17 11:43:49,391 - INFO -   Avg: 1608.580386
2025-12-17 11:43:49,391 - INFO -   Std: 0.921187
2025-12-17 11:43:49,667 - INFO - Generation 90
2025-12-17 11:43:49,667 - INFO -   Best: 1606.004054
2025-12-17 11:43:49,667 - INFO -   Min: 1606.004054
2025-12-17 11:43:49,668 - INFO -   Max: 1610.526465
2025-12-17 11:43:49,668 - INFO -   Avg: 1608.469302
2025-12-17 11:43:49,668 - INFO -   Std: 1.022309
2025-12-17 11:43:49,942 - INFO - Generation 100
2025-12-17 11:43:49,942 - INFO -   Best: 1605.885132
2025-12-17 11:43:49,942 - INFO -   Min: 1605.885132
2025-12-17 11:43:49,943 - INFO -   Max: 1611.069061
2025-12-17 11:43:49,943 - INFO -   Avg: 1608.117424
2025-12-17 11:43:49,943 - INFO -   Std: 1.107784
2025-12-17 11:43:50,216 - INFO - Generation 110
2025-12-17 11:43:50,216 - INFO -   Best: 1605.885132
2025-12-17 11:43:50,216 - INFO -   Min: 1605.885132
2025-12-17 11:43:50,216 - INFO -   Max: 1610.194051
2025-12-17 11:43:50,217 - INFO -   Avg: 1608.596060
2025-12-17 11:43:50,217 - INFO -   Std: 1.012831
2025-12-17 11:43:50,490 - INFO - Generation 120
2025-12-17 11:43:50,490 - INFO -   Best: 1605.773695
2025-12-17 11:43:50,490 - INFO -   Min: 1605.773695
2025-12-17 11:43:50,491 - INFO -   Max: 1610.048388
2025-12-17 11:43:50,491 - INFO -   Avg: 1608.242082
2025-12-17 11:43:50,491 - INFO -   Std: 0.890947
2025-12-17 11:43:50,762 - INFO - Generation 130
2025-12-17 11:43:50,762 - INFO -   Best: 1605.621515
2025-12-17 11:43:50,762 - INFO -   Min: 1605.621515
2025-12-17 11:43:50,762 - INFO -   Max: 1610.719476
2025-12-17 11:43:50,763 - INFO -   Avg: 1608.186078
2025-12-17 11:43:50,763 - INFO -   Std: 0.901714
2025-12-17 11:43:51,040 - INFO - Generation 140
2025-12-17 11:43:51,041 - INFO -   Best: 1605.621515
2025-12-17 11:43:51,041 - INFO -   Min: 1605.621515
2025-12-17 11:43:51,041 - INFO -   Max: 1610.328734
2025-12-17 11:43:51,041 - INFO -   Avg: 1608.003821
2025-12-17 11:43:51,041 - INFO -   Std: 1.127714
2025-12-17 11:43:51,311 - INFO - Generation 150
2025-12-17 11:43:51,311 - INFO -   Best: 1605.514634
2025-12-17 11:43:51,311 - INFO -   Min: 1605.514634
2025-12-17 11:43:51,311 - INFO -   Max: 1610.688374
2025-12-17 11:43:51,311 - INFO -   Avg: 1608.042588
2025-12-17 11:43:51,312 - INFO -   Std: 1.186669
2025-12-17 11:43:51,582 - INFO - Generation 160
2025-12-17 11:43:51,582 - INFO -   Best: 1605.514073
2025-12-17 11:43:51,583 - INFO -   Min: 1605.514073
2025-12-17 11:43:51,583 - INFO -   Max: 1610.744161
2025-12-17 11:43:51,583 - INFO -   Avg: 1608.409639
2025-12-17 11:43:51,583 - INFO -   Std: 1.125137
2025-12-17 11:43:51,861 - INFO - Generation 170
2025-12-17 11:43:51,861 - INFO -   Best: 1605.514073
2025-12-17 11:43:51,861 - INFO -   Min: 1605.514073
2025-12-17 11:43:51,862 - INFO -   Max: 1610.678968
2025-12-17 11:43:51,862 - INFO -   Avg: 1608.366320
2025-12-17 11:43:51,862 - INFO -   Std: 1.119872
2025-12-17 11:43:52,142 - INFO - Generation 180
2025-12-17 11:43:52,142 - INFO -   Best: 1605.513923
2025-12-17 11:43:52,142 - INFO -   Min: 1605.513923
2025-12-17 11:43:52,142 - INFO -   Max: 1610.480031
2025-12-17 11:43:52,143 - INFO -   Avg: 1608.446607
2025-12-17 11:43:52,143 - INFO -   Std: 1.027493
2025-12-17 11:43:52,416 - INFO - Generation 190
2025-12-17 11:43:52,416 - INFO -   Best: 1605.513923
2025-12-17 11:43:52,416 - INFO -   Min: 1605.513923
2025-12-17 11:43:52,416 - INFO -   Max: 1610.179039
2025-12-17 11:43:52,416 - INFO -   Avg: 1608.268981
2025-12-17 11:43:52,416 - INFO -   Std: 1.066288
2025-12-17 11:43:52,693 - INFO - Generation 200
2025-12-17 11:43:52,694 - INFO -   Best: 1605.464761
2025-12-17 11:43:52,694 - INFO -   Min: 1605.464761
2025-12-17 11:43:52,694 - INFO -   Max: 1610.430011
2025-12-17 11:43:52,694 - INFO -   Avg: 1607.793979
2025-12-17 11:43:52,694 - INFO -   Std: 1.035082
2025-12-17 11:43:52,711 - INFO - 
Final best fitness: 1605.5141266593
2025-12-17 11:43:52,712 - INFO - Execution time: 5.54s
