2025-12-17 12:15:30,854 - INFO - Representation: Binary
2025-12-17 12:15:30,854 - INFO - Bits per variable: 12
2025-12-17 12:15:30,855 - INFO - Total genes: 360
2025-12-17 12:15:30,855 - INFO - Function: f16_2014
2025-12-17 12:15:30,855 - INFO - Population size: 100
2025-12-17 12:15:30,855 - INFO - Generations: 200
2025-12-17 12:15:30,855 - INFO - Selection: rws
2025-12-17 12:15:30,855 - INFO - Crossover: two_points
2025-12-17 12:15:30,856 - INFO - Mutation: swap
2025-12-17 12:15:30,856 - INFO - 
2025-12-17 12:15:32,060 - INFO - Generation 10
2025-12-17 12:15:32,060 - INFO -   Best: 1614.053908
2025-12-17 12:15:32,060 - INFO -   Min: 1614.053908
2025-12-17 12:15:32,060 - INFO -   Max: 1615.524066
2025-12-17 12:15:32,060 - INFO -   Avg: 1614.979664
2025-12-17 12:15:32,061 - INFO -   Std: 0.277371
2025-12-17 12:15:32,589 - INFO - Generation 20
2025-12-17 12:15:32,590 - INFO -   Best: 1613.902168
2025-12-17 12:15:32,590 - INFO -   Min: 1613.902168
2025-12-17 12:15:32,590 - INFO -   Max: 1615.772625
2025-12-17 12:15:32,590 - INFO -   Avg: 1615.027150
2025-12-17 12:15:32,590 - INFO -   Std: 0.336101
2025-12-17 12:15:33,110 - INFO - Generation 30
2025-12-17 12:15:33,110 - INFO -   Best: 1613.883402
2025-12-17 12:15:33,110 - INFO -   Min: 1613.883402
2025-12-17 12:15:33,110 - INFO -   Max: 1615.909996
2025-12-17 12:15:33,110 - INFO -   Avg: 1614.938874
2025-12-17 12:15:33,111 - INFO -   Std: 0.378637
2025-12-17 12:15:33,622 - INFO - Generation 40
2025-12-17 12:15:33,623 - INFO -   Best: 1613.565530
2025-12-17 12:15:33,623 - INFO -   Min: 1613.565530
2025-12-17 12:15:33,623 - INFO -   Max: 1616.279768
2025-12-17 12:15:33,623 - INFO -   Avg: 1614.931817
2025-12-17 12:15:33,623 - INFO -   Std: 0.451136
2025-12-17 12:15:34,136 - INFO - Generation 50
2025-12-17 12:15:34,136 - INFO -   Best: 1613.565530
2025-12-17 12:15:34,136 - INFO -   Min: 1613.565530
2025-12-17 12:15:34,136 - INFO -   Max: 1615.980837
2025-12-17 12:15:34,136 - INFO -   Avg: 1614.997905
2025-12-17 12:15:34,136 - INFO -   Std: 0.384090
2025-12-17 12:15:34,651 - INFO - Generation 60
2025-12-17 12:15:34,651 - INFO -   Best: 1613.416696
2025-12-17 12:15:34,651 - INFO -   Min: 1613.416696
2025-12-17 12:15:34,651 - INFO -   Max: 1615.614827
2025-12-17 12:15:34,651 - INFO -   Avg: 1614.959526
2025-12-17 12:15:34,652 - INFO -   Std: 0.336011
2025-12-17 12:15:35,170 - INFO - Generation 70
2025-12-17 12:15:35,170 - INFO -   Best: 1612.810935
2025-12-17 12:15:35,171 - INFO -   Min: 1612.810935
2025-12-17 12:15:35,171 - INFO -   Max: 1615.806691
2025-12-17 12:15:35,171 - INFO -   Avg: 1614.957511
2025-12-17 12:15:35,171 - INFO -   Std: 0.382327
2025-12-17 12:15:35,693 - INFO - Generation 80
2025-12-17 12:15:35,694 - INFO -   Best: 1612.810935
2025-12-17 12:15:35,694 - INFO -   Min: 1612.810935
2025-12-17 12:15:35,694 - INFO -   Max: 1616.011684
2025-12-17 12:15:35,694 - INFO -   Avg: 1614.958921
2025-12-17 12:15:35,694 - INFO -   Std: 0.394086
2025-12-17 12:15:36,219 - INFO - Generation 90
2025-12-17 12:15:36,219 - INFO -   Best: 1612.810935
2025-12-17 12:15:36,220 - INFO -   Min: 1612.810935
2025-12-17 12:15:36,220 - INFO -   Max: 1616.920095
2025-12-17 12:15:36,220 - INFO -   Avg: 1615.026346
2025-12-17 12:15:36,220 - INFO -   Std: 0.484569
2025-12-17 12:15:36,740 - INFO - Generation 100
2025-12-17 12:15:36,741 - INFO -   Best: 1612.810935
2025-12-17 12:15:36,741 - INFO -   Min: 1612.810935
2025-12-17 12:15:36,741 - INFO -   Max: 1615.972262
2025-12-17 12:15:36,741 - INFO -   Avg: 1614.958227
2025-12-17 12:15:36,741 - INFO -   Std: 0.518618
2025-12-17 12:15:37,260 - INFO - Generation 110
2025-12-17 12:15:37,261 - INFO -   Best: 1612.810935
2025-12-17 12:15:37,261 - INFO -   Min: 1612.810935
2025-12-17 12:15:37,261 - INFO -   Max: 1616.098133
2025-12-17 12:15:37,261 - INFO -   Avg: 1615.013832
2025-12-17 12:15:37,261 - INFO -   Std: 0.539708
2025-12-17 12:15:37,786 - INFO - Generation 120
2025-12-17 12:15:37,786 - INFO -   Best: 1612.810935
2025-12-17 12:15:37,786 - INFO -   Min: 1612.810935
2025-12-17 12:15:37,787 - INFO -   Max: 1616.050838
2025-12-17 12:15:37,787 - INFO -   Avg: 1614.935015
2025-12-17 12:15:37,787 - INFO -   Std: 0.621528
2025-12-17 12:15:38,318 - INFO - Generation 130
2025-12-17 12:15:38,318 - INFO -   Best: 1612.810935
2025-12-17 12:15:38,318 - INFO -   Min: 1612.810935
2025-12-17 12:15:38,318 - INFO -   Max: 1616.462861
2025-12-17 12:15:38,319 - INFO -   Avg: 1614.852651
2025-12-17 12:15:38,319 - INFO -   Std: 0.464498
2025-12-17 12:15:38,846 - INFO - Generation 140
2025-12-17 12:15:38,848 - INFO -   Best: 1612.810935
2025-12-17 12:15:38,848 - INFO -   Min: 1612.810935
2025-12-17 12:15:38,848 - INFO -   Max: 1616.069059
2025-12-17 12:15:38,848 - INFO -   Avg: 1614.904861
2025-12-17 12:15:38,849 - INFO -   Std: 0.493138
2025-12-17 12:15:39,375 - INFO - Generation 150
2025-12-17 12:15:39,375 - INFO -   Best: 1612.810935
2025-12-17 12:15:39,375 - INFO -   Min: 1612.810935
2025-12-17 12:15:39,376 - INFO -   Max: 1615.830556
2025-12-17 12:15:39,376 - INFO -   Avg: 1614.996843
2025-12-17 12:15:39,376 - INFO -   Std: 0.508961
2025-12-17 12:15:39,896 - INFO - Generation 160
2025-12-17 12:15:39,896 - INFO -   Best: 1612.810935
2025-12-17 12:15:39,896 - INFO -   Min: 1612.810935
2025-12-17 12:15:39,897 - INFO -   Max: 1615.674436
2025-12-17 12:15:39,897 - INFO -   Avg: 1614.865956
2025-12-17 12:15:39,897 - INFO -   Std: 0.499301
2025-12-17 12:15:40,433 - INFO - Generation 170
2025-12-17 12:15:40,433 - INFO -   Best: 1612.797279
2025-12-17 12:15:40,433 - INFO -   Min: 1612.797279
2025-12-17 12:15:40,433 - INFO -   Max: 1616.274004
2025-12-17 12:15:40,434 - INFO -   Avg: 1614.941015
2025-12-17 12:15:40,434 - INFO -   Std: 0.523771
2025-12-17 12:15:40,958 - INFO - Generation 180
2025-12-17 12:15:40,958 - INFO -   Best: 1612.631103
2025-12-17 12:15:40,958 - INFO -   Min: 1612.631103
2025-12-17 12:15:40,958 - INFO -   Max: 1616.053759
2025-12-17 12:15:40,958 - INFO -   Avg: 1614.746368
2025-12-17 12:15:40,959 - INFO -   Std: 0.643434
2025-12-17 12:15:41,481 - INFO - Generation 190
2025-12-17 12:15:41,482 - INFO -   Best: 1612.631103
2025-12-17 12:15:41,482 - INFO -   Min: 1612.631103
2025-12-17 12:15:41,482 - INFO -   Max: 1615.932923
2025-12-17 12:15:41,482 - INFO -   Avg: 1614.777708
2025-12-17 12:15:41,482 - INFO -   Std: 0.541274
2025-12-17 12:15:42,009 - INFO - Generation 200
2025-12-17 12:15:42,009 - INFO -   Best: 1612.631103
2025-12-17 12:15:42,009 - INFO -   Min: 1612.631103
2025-12-17 12:15:42,009 - INFO -   Max: 1615.649463
2025-12-17 12:15:42,010 - INFO -   Avg: 1614.737904
2025-12-17 12:15:42,010 - INFO -   Std: 0.505104
2025-12-17 12:15:42,045 - INFO - 
Final best fitness: 1612.6311031631
2025-12-17 12:15:42,045 - INFO - Execution time: 10.51s
