2025-12-17 12:15:42,459 - INFO - Representation: Binary
2025-12-17 12:15:42,459 - INFO - Bits per variable: 12
2025-12-17 12:15:42,459 - INFO - Total genes: 360
2025-12-17 12:15:42,459 - INFO - Function: f16_2014
2025-12-17 12:15:42,459 - INFO - Population size: 100
2025-12-17 12:15:42,460 - INFO - Generations: 200
2025-12-17 12:15:42,460 - INFO - Selection: rws
2025-12-17 12:15:42,460 - INFO - Crossover: two_points
2025-12-17 12:15:42,460 - INFO - Mutation: swap
2025-12-17 12:15:42,460 - INFO - 
2025-12-17 12:15:43,637 - INFO - Generation 10
2025-12-17 12:15:43,637 - INFO -   Best: 1613.949880
2025-12-17 12:15:43,637 - INFO -   Min: 1613.949880
2025-12-17 12:15:43,638 - INFO -   Max: 1615.770670
2025-12-17 12:15:43,638 - INFO -   Avg: 1614.980969
2025-12-17 12:15:43,638 - INFO -   Std: 0.333493
2025-12-17 12:15:44,158 - INFO - Generation 20
2025-12-17 12:15:44,159 - INFO -   Best: 1613.799199
2025-12-17 12:15:44,159 - INFO -   Min: 1613.799199
2025-12-17 12:15:44,159 - INFO -   Max: 1615.830925
2025-12-17 12:15:44,159 - INFO -   Avg: 1615.006693
2025-12-17 12:15:44,159 - INFO -   Std: 0.305644
2025-12-17 12:15:44,675 - INFO - Generation 30
2025-12-17 12:15:44,675 - INFO -   Best: 1613.538516
2025-12-17 12:15:44,675 - INFO -   Min: 1613.538516
2025-12-17 12:15:44,675 - INFO -   Max: 1615.681436
2025-12-17 12:15:44,676 - INFO -   Avg: 1614.954385
2025-12-17 12:15:44,676 - INFO -   Std: 0.395317
2025-12-17 12:15:45,195 - INFO - Generation 40
2025-12-17 12:15:45,195 - INFO -   Best: 1613.538516
2025-12-17 12:15:45,195 - INFO -   Min: 1613.538516
2025-12-17 12:15:45,195 - INFO -   Max: 1615.894738
2025-12-17 12:15:45,196 - INFO -   Avg: 1614.945968
2025-12-17 12:15:45,196 - INFO -   Std: 0.409559
2025-12-17 12:15:45,715 - INFO - Generation 50
2025-12-17 12:15:45,716 - INFO -   Best: 1613.538516
2025-12-17 12:15:45,716 - INFO -   Min: 1613.538516
2025-12-17 12:15:45,716 - INFO -   Max: 1616.244528
2025-12-17 12:15:45,716 - INFO -   Avg: 1614.990904
2025-12-17 12:15:45,716 - INFO -   Std: 0.391889
2025-12-17 12:15:46,241 - INFO - Generation 60
2025-12-17 12:15:46,241 - INFO -   Best: 1613.538516
2025-12-17 12:15:46,242 - INFO -   Min: 1613.538516
2025-12-17 12:15:46,242 - INFO -   Max: 1615.613776
2025-12-17 12:15:46,242 - INFO -   Avg: 1614.941023
2025-12-17 12:15:46,242 - INFO -   Std: 0.394123
2025-12-17 12:15:46,764 - INFO - Generation 70
2025-12-17 12:15:46,764 - INFO -   Best: 1613.538516
2025-12-17 12:15:46,764 - INFO -   Min: 1613.538516
2025-12-17 12:15:46,764 - INFO -   Max: 1615.788405
2025-12-17 12:15:46,764 - INFO -   Avg: 1614.935304
2025-12-17 12:15:46,765 - INFO -   Std: 0.442706
2025-12-17 12:15:47,292 - INFO - Generation 80
2025-12-17 12:15:47,292 - INFO -   Best: 1613.526852
2025-12-17 12:15:47,292 - INFO -   Min: 1613.526852
2025-12-17 12:15:47,292 - INFO -   Max: 1616.420359
2025-12-17 12:15:47,292 - INFO -   Avg: 1615.028840
2025-12-17 12:15:47,293 - INFO -   Std: 0.470282
2025-12-17 12:15:47,819 - INFO - Generation 90
2025-12-17 12:15:47,820 - INFO -   Best: 1613.113770
2025-12-17 12:15:47,820 - INFO -   Min: 1613.113770
2025-12-17 12:15:47,820 - INFO -   Max: 1615.962527
2025-12-17 12:15:47,820 - INFO -   Avg: 1614.958997
2025-12-17 12:15:47,820 - INFO -   Std: 0.533205
2025-12-17 12:15:48,342 - INFO - Generation 100
2025-12-17 12:15:48,342 - INFO -   Best: 1613.113770
2025-12-17 12:15:48,342 - INFO -   Min: 1613.113770
2025-12-17 12:15:48,343 - INFO -   Max: 1616.035318
2025-12-17 12:15:48,343 - INFO -   Avg: 1614.851922
2025-12-17 12:15:48,343 - INFO -   Std: 0.599133
2025-12-17 12:15:48,873 - INFO - Generation 110
2025-12-17 12:15:48,873 - INFO -   Best: 1613.113770
2025-12-17 12:15:48,873 - INFO -   Min: 1613.113770
2025-12-17 12:15:48,873 - INFO -   Max: 1616.130993
2025-12-17 12:15:48,873 - INFO -   Avg: 1614.986049
2025-12-17 12:15:48,874 - INFO -   Std: 0.573055
2025-12-17 12:15:49,413 - INFO - Generation 120
2025-12-17 12:15:49,413 - INFO -   Best: 1613.113770
2025-12-17 12:15:49,413 - INFO -   Min: 1613.113770
2025-12-17 12:15:49,413 - INFO -   Max: 1616.024186
2025-12-17 12:15:49,414 - INFO -   Avg: 1614.809549
2025-12-17 12:15:49,414 - INFO -   Std: 0.526072
2025-12-17 12:15:49,953 - INFO - Generation 130
2025-12-17 12:15:49,953 - INFO -   Best: 1613.113770
2025-12-17 12:15:49,953 - INFO -   Min: 1613.113770
2025-12-17 12:15:49,953 - INFO -   Max: 1616.385528
2025-12-17 12:15:49,953 - INFO -   Avg: 1614.848354
2025-12-17 12:15:49,954 - INFO -   Std: 0.580025
2025-12-17 12:15:50,483 - INFO - Generation 140
2025-12-17 12:15:50,484 - INFO -   Best: 1613.113770
2025-12-17 12:15:50,484 - INFO -   Min: 1613.113770
2025-12-17 12:15:50,484 - INFO -   Max: 1616.098150
2025-12-17 12:15:50,484 - INFO -   Avg: 1614.897329
2025-12-17 12:15:50,484 - INFO -   Std: 0.625871
2025-12-17 12:15:51,008 - INFO - Generation 150
2025-12-17 12:15:51,008 - INFO -   Best: 1613.113770
2025-12-17 12:15:51,009 - INFO -   Min: 1613.113770
2025-12-17 12:15:51,009 - INFO -   Max: 1616.303814
2025-12-17 12:15:51,009 - INFO -   Avg: 1614.930102
2025-12-17 12:15:51,009 - INFO -   Std: 0.573771
2025-12-17 12:15:51,536 - INFO - Generation 160
2025-12-17 12:15:51,536 - INFO -   Best: 1613.113770
2025-12-17 12:15:51,537 - INFO -   Min: 1613.113770
2025-12-17 12:15:51,537 - INFO -   Max: 1616.040938
2025-12-17 12:15:51,537 - INFO -   Avg: 1614.930804
2025-12-17 12:15:51,537 - INFO -   Std: 0.557535
2025-12-17 12:15:52,056 - INFO - Generation 170
2025-12-17 12:15:52,056 - INFO -   Best: 1613.113770
2025-12-17 12:15:52,056 - INFO -   Min: 1613.113770
2025-12-17 12:15:52,057 - INFO -   Max: 1616.170836
2025-12-17 12:15:52,057 - INFO -   Avg: 1614.838455
2025-12-17 12:15:52,057 - INFO -   Std: 0.627791
2025-12-17 12:15:52,582 - INFO - Generation 180
2025-12-17 12:15:52,583 - INFO -   Best: 1613.105733
2025-12-17 12:15:52,583 - INFO -   Min: 1613.105733
2025-12-17 12:15:52,583 - INFO -   Max: 1616.395722
2025-12-17 12:15:52,583 - INFO -   Avg: 1614.753117
2025-12-17 12:15:52,583 - INFO -   Std: 0.677176
2025-12-17 12:15:53,107 - INFO - Generation 190
2025-12-17 12:15:53,107 - INFO -   Best: 1613.105733
2025-12-17 12:15:53,107 - INFO -   Min: 1613.105733
2025-12-17 12:15:53,107 - INFO -   Max: 1616.715889
2025-12-17 12:15:53,107 - INFO -   Avg: 1614.739651
2025-12-17 12:15:53,108 - INFO -   Std: 0.633946
2025-12-17 12:15:53,632 - INFO - Generation 200
2025-12-17 12:15:53,632 - INFO -   Best: 1613.105733
2025-12-17 12:15:53,632 - INFO -   Min: 1613.105733
2025-12-17 12:15:53,633 - INFO -   Max: 1616.407330
2025-12-17 12:15:53,633 - INFO -   Avg: 1615.003734
2025-12-17 12:15:53,633 - INFO -   Std: 0.608595
2025-12-17 12:15:53,666 - INFO - 
Final best fitness: 1613.1057332874
2025-12-17 12:15:53,666 - INFO - Execution time: 10.55s
