2025-12-17 11:45:10,853 - INFO - Representation: Real
2025-12-17 11:45:10,853 - INFO - Number of genes: 30
2025-12-17 11:45:10,853 - INFO - Bounds: [-100, 100]
2025-12-17 11:45:10,853 - INFO - Function: f16_2014
2025-12-17 11:45:10,854 - INFO - Population size: 100
2025-12-17 11:45:10,854 - INFO - Generations: 200
2025-12-17 11:45:10,854 - INFO - Selection: tournament
2025-12-17 11:45:10,854 - INFO - Crossover: single_point
2025-12-17 11:45:10,854 - INFO - Mutation: random
2025-12-17 11:45:10,854 - INFO - 
2025-12-17 11:45:11,317 - INFO - Generation 10
2025-12-17 11:45:11,317 - INFO -   Best: 1613.984976
2025-12-17 11:45:11,317 - INFO -   Min: 1613.984976
2025-12-17 11:45:11,318 - INFO -   Max: 1615.891051
2025-12-17 11:45:11,318 - INFO -   Avg: 1614.964062
2025-12-17 11:45:11,318 - INFO -   Std: 0.316861
2025-12-17 11:45:11,720 - INFO - Generation 20
2025-12-17 11:45:11,720 - INFO -   Best: 1613.812774
2025-12-17 11:45:11,721 - INFO -   Min: 1613.812774
2025-12-17 11:45:11,721 - INFO -   Max: 1616.063365
2025-12-17 11:45:11,721 - INFO -   Avg: 1614.914837
2025-12-17 11:45:11,721 - INFO -   Std: 0.347098
2025-12-17 11:45:12,116 - INFO - Generation 30
2025-12-17 11:45:12,116 - INFO -   Best: 1613.771359
2025-12-17 11:45:12,116 - INFO -   Min: 1613.771359
2025-12-17 11:45:12,117 - INFO -   Max: 1615.564879
2025-12-17 11:45:12,117 - INFO -   Avg: 1614.850341
2025-12-17 11:45:12,117 - INFO -   Std: 0.333441
2025-12-17 11:45:12,506 - INFO - Generation 40
2025-12-17 11:45:12,507 - INFO -   Best: 1613.637872
2025-12-17 11:45:12,507 - INFO -   Min: 1613.637872
2025-12-17 11:45:12,507 - INFO -   Max: 1615.531065
2025-12-17 11:45:12,507 - INFO -   Avg: 1614.691259
2025-12-17 11:45:12,508 - INFO -   Std: 0.388982
2025-12-17 11:45:12,901 - INFO - Generation 50
2025-12-17 11:45:12,901 - INFO -   Best: 1613.637872
2025-12-17 11:45:12,901 - INFO -   Min: 1613.637872
2025-12-17 11:45:12,901 - INFO -   Max: 1615.979142
2025-12-17 11:45:12,902 - INFO -   Avg: 1614.766170
2025-12-17 11:45:12,902 - INFO -   Std: 0.393305
2025-12-17 11:45:13,295 - INFO - Generation 60
2025-12-17 11:45:13,295 - INFO -   Best: 1613.577204
2025-12-17 11:45:13,295 - INFO -   Min: 1613.577204
2025-12-17 11:45:13,296 - INFO -   Max: 1615.727993
2025-12-17 11:45:13,296 - INFO -   Avg: 1614.778542
2025-12-17 11:45:13,296 - INFO -   Std: 0.384096
2025-12-17 11:45:13,688 - INFO - Generation 70
2025-12-17 11:45:13,688 - INFO -   Best: 1613.394190
2025-12-17 11:45:13,688 - INFO -   Min: 1613.394190
2025-12-17 11:45:13,688 - INFO -   Max: 1615.603102
2025-12-17 11:45:13,688 - INFO -   Avg: 1614.675245
2025-12-17 11:45:13,689 - INFO -   Std: 0.395836
2025-12-17 11:45:14,081 - INFO - Generation 80
2025-12-17 11:45:14,081 - INFO -   Best: 1613.394190
2025-12-17 11:45:14,083 - INFO -   Min: 1613.394190
2025-12-17 11:45:14,083 - INFO -   Max: 1615.697926
2025-12-17 11:45:14,083 - INFO -   Avg: 1614.754283
2025-12-17 11:45:14,083 - INFO -   Std: 0.392976
2025-12-17 11:45:14,476 - INFO - Generation 90
2025-12-17 11:45:14,476 - INFO -   Best: 1613.330115
2025-12-17 11:45:14,476 - INFO -   Min: 1613.330115
2025-12-17 11:45:14,477 - INFO -   Max: 1615.494593
2025-12-17 11:45:14,477 - INFO -   Avg: 1614.717705
2025-12-17 11:45:14,477 - INFO -   Std: 0.400081
2025-12-17 11:45:14,870 - INFO - Generation 100
2025-12-17 11:45:14,871 - INFO -   Best: 1613.330115
2025-12-17 11:45:14,871 - INFO -   Min: 1613.330115
2025-12-17 11:45:14,871 - INFO -   Max: 1615.557054
2025-12-17 11:45:14,871 - INFO -   Avg: 1614.657328
2025-12-17 11:45:14,871 - INFO -   Std: 0.412364
2025-12-17 11:45:15,268 - INFO - Generation 110
2025-12-17 11:45:15,268 - INFO -   Best: 1613.330115
2025-12-17 11:45:15,268 - INFO -   Min: 1613.330115
2025-12-17 11:45:15,269 - INFO -   Max: 1615.685977
2025-12-17 11:45:15,269 - INFO -   Avg: 1614.707619
2025-12-17 11:45:15,269 - INFO -   Std: 0.411311
2025-12-17 11:45:15,663 - INFO - Generation 120
2025-12-17 11:45:15,663 - INFO -   Best: 1613.323386
2025-12-17 11:45:15,663 - INFO -   Min: 1613.323386
2025-12-17 11:45:15,664 - INFO -   Max: 1615.685688
2025-12-17 11:45:15,664 - INFO -   Avg: 1614.672313
2025-12-17 11:45:15,664 - INFO -   Std: 0.482528
2025-12-17 11:45:16,060 - INFO - Generation 130
2025-12-17 11:45:16,060 - INFO -   Best: 1613.323386
2025-12-17 11:45:16,060 - INFO -   Min: 1613.323386
2025-12-17 11:45:16,060 - INFO -   Max: 1615.865211
2025-12-17 11:45:16,060 - INFO -   Avg: 1614.689074
2025-12-17 11:45:16,060 - INFO -   Std: 0.425404
2025-12-17 11:45:16,456 - INFO - Generation 140
2025-12-17 11:45:16,456 - INFO -   Best: 1613.323386
2025-12-17 11:45:16,456 - INFO -   Min: 1613.323386
2025-12-17 11:45:16,456 - INFO -   Max: 1615.992322
2025-12-17 11:45:16,456 - INFO -   Avg: 1614.750643
2025-12-17 11:45:16,457 - INFO -   Std: 0.436668
2025-12-17 11:45:16,851 - INFO - Generation 150
2025-12-17 11:45:16,851 - INFO -   Best: 1613.323386
2025-12-17 11:45:16,851 - INFO -   Min: 1613.323386
2025-12-17 11:45:16,852 - INFO -   Max: 1615.861024
2025-12-17 11:45:16,852 - INFO -   Avg: 1614.741499
2025-12-17 11:45:16,852 - INFO -   Std: 0.466611
2025-12-17 11:45:17,246 - INFO - Generation 160
2025-12-17 11:45:17,246 - INFO -   Best: 1613.323386
2025-12-17 11:45:17,246 - INFO -   Min: 1613.323386
2025-12-17 11:45:17,246 - INFO -   Max: 1615.533936
2025-12-17 11:45:17,246 - INFO -   Avg: 1614.699778
2025-12-17 11:45:17,246 - INFO -   Std: 0.408058
2025-12-17 11:45:17,643 - INFO - Generation 170
2025-12-17 11:45:17,643 - INFO -   Best: 1613.266338
2025-12-17 11:45:17,643 - INFO -   Min: 1613.266338
2025-12-17 11:45:17,643 - INFO -   Max: 1615.760626
2025-12-17 11:45:17,644 - INFO -   Avg: 1614.823848
2025-12-17 11:45:17,644 - INFO -   Std: 0.409726
2025-12-17 11:45:18,038 - INFO - Generation 180
2025-12-17 11:45:18,038 - INFO -   Best: 1613.266338
2025-12-17 11:45:18,039 - INFO -   Min: 1613.266338
2025-12-17 11:45:18,039 - INFO -   Max: 1615.711448
2025-12-17 11:45:18,039 - INFO -   Avg: 1614.777215
2025-12-17 11:45:18,039 - INFO -   Std: 0.430409
2025-12-17 11:45:18,446 - INFO - Generation 190
2025-12-17 11:45:18,446 - INFO -   Best: 1613.250787
2025-12-17 11:45:18,446 - INFO -   Min: 1613.250787
2025-12-17 11:45:18,447 - INFO -   Max: 1615.598065
2025-12-17 11:45:18,447 - INFO -   Avg: 1614.797891
2025-12-17 11:45:18,447 - INFO -   Std: 0.427957
2025-12-17 11:45:18,842 - INFO - Generation 200
2025-12-17 11:45:18,842 - INFO -   Best: 1613.250787
2025-12-17 11:45:18,842 - INFO -   Min: 1613.250787
2025-12-17 11:45:18,842 - INFO -   Max: 1615.604929
2025-12-17 11:45:18,843 - INFO -   Avg: 1614.655886
2025-12-17 11:45:18,843 - INFO -   Std: 0.482270
2025-12-17 11:45:18,864 - INFO - 
Final best fitness: 1613.2507867194
2025-12-17 11:45:18,864 - INFO - Execution time: 7.95s
2025-12-17 11:51:15,947 - INFO - Representation: Binary
2025-12-17 11:51:15,947 - INFO - Bits per variable: 12
2025-12-17 11:51:15,947 - INFO - Total genes: 360
2025-12-17 11:51:15,948 - INFO - Function: f16_2014
2025-12-17 11:51:15,948 - INFO - Population size: 100
2025-12-17 11:51:15,948 - INFO - Generations: 200
2025-12-17 11:51:15,948 - INFO - Selection: tournament
2025-12-17 11:51:15,948 - INFO - Crossover: single_point
2025-12-17 11:51:15,948 - INFO - Mutation: random
2025-12-17 11:51:15,948 - INFO - 
2025-12-17 11:51:17,930 - INFO - Generation 10
2025-12-17 11:51:17,930 - INFO -   Best: 1614.041198
2025-12-17 11:51:17,931 - INFO -   Min: 1614.041198
2025-12-17 11:51:17,931 - INFO -   Max: 1615.514495
2025-12-17 11:51:17,931 - INFO -   Avg: 1614.972714
2025-12-17 11:51:17,931 - INFO -   Std: 0.220412
2025-12-17 11:51:19,209 - INFO - Generation 20
2025-12-17 11:51:19,210 - INFO -   Best: 1614.041198
2025-12-17 11:51:19,210 - INFO -   Min: 1614.041198
2025-12-17 11:51:19,210 - INFO -   Max: 1615.457527
2025-12-17 11:51:19,210 - INFO -   Avg: 1614.974207
2025-12-17 11:51:19,210 - INFO -   Std: 0.187866
2025-12-17 11:51:20,490 - INFO - Generation 30
2025-12-17 11:51:20,491 - INFO -   Best: 1614.041198
2025-12-17 11:51:20,491 - INFO -   Min: 1614.041198
2025-12-17 11:51:20,491 - INFO -   Max: 1615.475914
2025-12-17 11:51:20,491 - INFO -   Avg: 1614.977891
2025-12-17 11:51:20,491 - INFO -   Std: 0.193843
2025-12-17 11:51:21,767 - INFO - Generation 40
2025-12-17 11:51:21,767 - INFO -   Best: 1614.041198
2025-12-17 11:51:21,768 - INFO -   Min: 1614.041198
2025-12-17 11:51:21,768 - INFO -   Max: 1615.309847
2025-12-17 11:51:21,768 - INFO -   Avg: 1614.958917
2025-12-17 11:51:21,768 - INFO -   Std: 0.191080
2025-12-17 11:51:23,051 - INFO - Generation 50
2025-12-17 11:51:23,051 - INFO -   Best: 1614.041198
2025-12-17 11:51:23,052 - INFO -   Min: 1614.041198
2025-12-17 11:51:23,052 - INFO -   Max: 1615.583004
2025-12-17 11:51:23,052 - INFO -   Avg: 1614.971594
2025-12-17 11:51:23,052 - INFO -   Std: 0.190775
2025-12-17 11:51:24,330 - INFO - Generation 60
2025-12-17 11:51:24,330 - INFO -   Best: 1614.041198
2025-12-17 11:51:24,330 - INFO -   Min: 1614.041198
2025-12-17 11:51:24,331 - INFO -   Max: 1615.302693
2025-12-17 11:51:24,331 - INFO -   Avg: 1614.987460
2025-12-17 11:51:24,331 - INFO -   Std: 0.162107
2025-12-17 11:51:25,601 - INFO - Generation 70
2025-12-17 11:51:25,601 - INFO -   Best: 1614.041198
2025-12-17 11:51:25,602 - INFO -   Min: 1614.041198
2025-12-17 11:51:25,602 - INFO -   Max: 1615.361486
2025-12-17 11:51:25,602 - INFO -   Avg: 1614.976944
2025-12-17 11:51:25,602 - INFO -   Std: 0.170539
2025-12-17 11:51:26,876 - INFO - Generation 80
2025-12-17 11:51:26,876 - INFO -   Best: 1614.041198
2025-12-17 11:51:26,876 - INFO -   Min: 1614.041198
2025-12-17 11:51:26,876 - INFO -   Max: 1615.317100
2025-12-17 11:51:26,876 - INFO -   Avg: 1614.980334
2025-12-17 11:51:26,877 - INFO -   Std: 0.164433
2025-12-17 11:51:28,145 - INFO - Generation 90
2025-12-17 11:51:28,145 - INFO -   Best: 1614.041198
2025-12-17 11:51:28,146 - INFO -   Min: 1614.041198
2025-12-17 11:51:28,146 - INFO -   Max: 1615.591440
2025-12-17 11:51:28,146 - INFO -   Avg: 1614.974441
2025-12-17 11:51:28,146 - INFO -   Std: 0.175060
2025-12-17 11:51:29,403 - INFO - Generation 100
2025-12-17 11:51:29,403 - INFO -   Best: 1614.041198
2025-12-17 11:51:29,404 - INFO -   Min: 1614.041198
2025-12-17 11:51:29,404 - INFO -   Max: 1615.298027
2025-12-17 11:51:29,404 - INFO -   Avg: 1614.965145
2025-12-17 11:51:29,404 - INFO -   Std: 0.172836
2025-12-17 11:51:30,677 - INFO - Generation 110
2025-12-17 11:51:30,678 - INFO -   Best: 1614.041198
2025-12-17 11:51:30,678 - INFO -   Min: 1614.041198
2025-12-17 11:51:30,678 - INFO -   Max: 1615.309031
2025-12-17 11:51:30,678 - INFO -   Avg: 1614.975284
2025-12-17 11:51:30,678 - INFO -   Std: 0.186737
2025-12-17 11:51:31,957 - INFO - Generation 120
2025-12-17 11:51:31,957 - INFO -   Best: 1614.041198
2025-12-17 11:51:31,957 - INFO -   Min: 1614.041198
2025-12-17 11:51:31,958 - INFO -   Max: 1615.377239
2025-12-17 11:51:31,958 - INFO -   Avg: 1614.958926
2025-12-17 11:51:31,958 - INFO -   Std: 0.185565
2025-12-17 11:51:33,234 - INFO - Generation 130
2025-12-17 11:51:33,234 - INFO -   Best: 1614.041198
2025-12-17 11:51:33,234 - INFO -   Min: 1614.041198
2025-12-17 11:51:33,235 - INFO -   Max: 1615.298958
2025-12-17 11:51:33,235 - INFO -   Avg: 1614.954265
2025-12-17 11:51:33,235 - INFO -   Std: 0.207289
2025-12-17 11:51:34,504 - INFO - Generation 140
2025-12-17 11:51:34,504 - INFO -   Best: 1614.041198
2025-12-17 11:51:34,504 - INFO -   Min: 1614.041198
2025-12-17 11:51:34,504 - INFO -   Max: 1615.531383
2025-12-17 11:51:34,505 - INFO -   Avg: 1614.990350
2025-12-17 11:51:34,505 - INFO -   Std: 0.217689
2025-12-17 11:51:35,769 - INFO - Generation 150
2025-12-17 11:51:35,769 - INFO -   Best: 1614.041198
2025-12-17 11:51:35,769 - INFO -   Min: 1614.041198
2025-12-17 11:51:35,770 - INFO -   Max: 1615.399399
2025-12-17 11:51:35,770 - INFO -   Avg: 1615.001931
2025-12-17 11:51:35,770 - INFO -   Std: 0.197953
2025-12-17 11:51:37,040 - INFO - Generation 160
2025-12-17 11:51:37,040 - INFO -   Best: 1613.817250
2025-12-17 11:51:37,041 - INFO -   Min: 1613.817250
2025-12-17 11:51:37,041 - INFO -   Max: 1615.666359
2025-12-17 11:51:37,041 - INFO -   Avg: 1614.969736
2025-12-17 11:51:37,041 - INFO -   Std: 0.227529
2025-12-17 11:51:38,313 - INFO - Generation 170
2025-12-17 11:51:38,314 - INFO -   Best: 1613.817250
2025-12-17 11:51:38,314 - INFO -   Min: 1613.817250
2025-12-17 11:51:38,314 - INFO -   Max: 1615.192200
2025-12-17 11:51:38,314 - INFO -   Avg: 1614.943808
2025-12-17 11:51:38,314 - INFO -   Std: 0.197156
2025-12-17 11:51:39,588 - INFO - Generation 180
2025-12-17 11:51:39,588 - INFO -   Best: 1613.817250
2025-12-17 11:51:39,589 - INFO -   Min: 1613.817250
2025-12-17 11:51:39,589 - INFO -   Max: 1615.388028
2025-12-17 11:51:39,589 - INFO -   Avg: 1614.962280
2025-12-17 11:51:39,589 - INFO -   Std: 0.200071
2025-12-17 11:51:40,865 - INFO - Generation 190
2025-12-17 11:51:40,866 - INFO -   Best: 1613.817250
2025-12-17 11:51:40,866 - INFO -   Min: 1613.817250
2025-12-17 11:51:40,866 - INFO -   Max: 1615.463420
2025-12-17 11:51:40,866 - INFO -   Avg: 1614.972830
2025-12-17 11:51:40,866 - INFO -   Std: 0.230597
2025-12-17 11:51:42,129 - INFO - Generation 200
2025-12-17 11:51:42,129 - INFO -   Best: 1613.817250
2025-12-17 11:51:42,129 - INFO -   Min: 1613.817250
2025-12-17 11:51:42,129 - INFO -   Max: 1615.438771
2025-12-17 11:51:42,130 - INFO -   Avg: 1614.984033
2025-12-17 11:51:42,130 - INFO -   Std: 0.193280
2025-12-17 11:51:42,165 - INFO - 
Final best fitness: 1613.8172501121
2025-12-17 11:51:42,165 - INFO - Execution time: 25.53s
