2025-12-17 12:23:28,245 - INFO - Representation: Real
2025-12-17 12:23:28,245 - INFO - Number of genes: 5
2025-12-17 12:23:28,246 - INFO - Bounds: [0, 3.141592653589793]
2025-12-17 12:23:28,246 - INFO - Function: michalewicz
2025-12-17 12:23:28,246 - INFO - Population size: 100
2025-12-17 12:23:28,246 - INFO - Generations: 200
2025-12-17 12:23:28,246 - INFO - Selection: rws
2025-12-17 12:23:28,246 - INFO - Crossover: two_points
2025-12-17 12:23:28,246 - INFO - Mutation: swap
2025-12-17 12:23:28,246 - INFO - 
2025-12-17 12:23:28,303 - INFO - Generation 10
2025-12-17 12:23:28,303 - INFO -   Best: -4.060550
2025-12-17 12:23:28,303 - INFO -   Min: -4.060550
2025-12-17 12:23:28,304 - INFO -   Max: -1.820305
2025-12-17 12:23:28,304 - INFO -   Avg: -3.160026
2025-12-17 12:23:28,304 - INFO -   Std: 0.384927
2025-12-17 12:23:28,350 - INFO - Generation 20
2025-12-17 12:23:28,350 - INFO -   Best: -4.084467
2025-12-17 12:23:28,350 - INFO -   Min: -4.084467
2025-12-17 12:23:28,350 - INFO -   Max: -2.354283
2025-12-17 12:23:28,351 - INFO -   Avg: -3.257992
2025-12-17 12:23:28,351 - INFO -   Std: 0.455219
2025-12-17 12:23:28,398 - INFO - Generation 30
2025-12-17 12:23:28,399 - INFO -   Best: -4.084467
2025-12-17 12:23:28,399 - INFO -   Min: -4.084467
2025-12-17 12:23:28,399 - INFO -   Max: -2.304034
2025-12-17 12:23:28,399 - INFO -   Avg: -3.378245
2025-12-17 12:23:28,399 - INFO -   Std: 0.280303
2025-12-17 12:23:28,446 - INFO - Generation 40
2025-12-17 12:23:28,446 - INFO -   Best: -4.084467
2025-12-17 12:23:28,447 - INFO -   Min: -4.084467
2025-12-17 12:23:28,447 - INFO -   Max: -2.304034
2025-12-17 12:23:28,447 - INFO -   Avg: -3.401319
2025-12-17 12:23:28,447 - INFO -   Std: 0.406494
2025-12-17 12:23:28,489 - INFO - Generation 50
2025-12-17 12:23:28,489 - INFO -   Best: -4.084467
2025-12-17 12:23:28,489 - INFO -   Min: -4.084467
2025-12-17 12:23:28,489 - INFO -   Max: -2.304034
2025-12-17 12:23:28,489 - INFO -   Avg: -3.302198
2025-12-17 12:23:28,489 - INFO -   Std: 0.531717
2025-12-17 12:23:28,530 - INFO - Generation 60
2025-12-17 12:23:28,530 - INFO -   Best: -4.084467
2025-12-17 12:23:28,530 - INFO -   Min: -4.084467
2025-12-17 12:23:28,530 - INFO -   Max: -2.289744
2025-12-17 12:23:28,531 - INFO -   Avg: -3.225212
2025-12-17 12:23:28,531 - INFO -   Std: 0.576033
2025-12-17 12:23:28,571 - INFO - Generation 70
2025-12-17 12:23:28,571 - INFO -   Best: -4.084467
2025-12-17 12:23:28,571 - INFO -   Min: -4.084467
2025-12-17 12:23:28,571 - INFO -   Max: -2.304034
2025-12-17 12:23:28,572 - INFO -   Avg: -3.406454
2025-12-17 12:23:28,572 - INFO -   Std: 0.435706
2025-12-17 12:23:28,613 - INFO - Generation 80
2025-12-17 12:23:28,613 - INFO -   Best: -4.084467
2025-12-17 12:23:28,614 - INFO -   Min: -4.084467
2025-12-17 12:23:28,614 - INFO -   Max: -2.519622
2025-12-17 12:23:28,614 - INFO -   Avg: -3.453302
2025-12-17 12:23:28,614 - INFO -   Std: 0.290019
2025-12-17 12:23:28,657 - INFO - Generation 90
2025-12-17 12:23:28,657 - INFO -   Best: -4.084467
2025-12-17 12:23:28,657 - INFO -   Min: -4.084467
2025-12-17 12:23:28,657 - INFO -   Max: -2.304034
2025-12-17 12:23:28,658 - INFO -   Avg: -3.471577
2025-12-17 12:23:28,658 - INFO -   Std: 0.279996
2025-12-17 12:23:28,697 - INFO - Generation 100
2025-12-17 12:23:28,698 - INFO -   Best: -4.084467
2025-12-17 12:23:28,698 - INFO -   Min: -4.084467
2025-12-17 12:23:28,698 - INFO -   Max: -2.519622
2025-12-17 12:23:28,698 - INFO -   Avg: -3.505402
2025-12-17 12:23:28,698 - INFO -   Std: 0.221269
2025-12-17 12:23:28,740 - INFO - Generation 110
2025-12-17 12:23:28,740 - INFO -   Best: -4.084467
2025-12-17 12:23:28,741 - INFO -   Min: -4.084467
2025-12-17 12:23:28,741 - INFO -   Max: -2.519622
2025-12-17 12:23:28,741 - INFO -   Avg: -3.520330
2025-12-17 12:23:28,741 - INFO -   Std: 0.205867
2025-12-17 12:23:28,781 - INFO - Generation 120
2025-12-17 12:23:28,781 - INFO -   Best: -4.084467
2025-12-17 12:23:28,782 - INFO -   Min: -4.084467
2025-12-17 12:23:28,782 - INFO -   Max: -2.519622
2025-12-17 12:23:28,782 - INFO -   Avg: -3.485589
2025-12-17 12:23:28,782 - INFO -   Std: 0.447652
2025-12-17 12:23:28,823 - INFO - Generation 130
2025-12-17 12:23:28,823 - INFO -   Best: -4.084467
2025-12-17 12:23:28,823 - INFO -   Min: -4.084467
2025-12-17 12:23:28,824 - INFO -   Max: -2.519622
2025-12-17 12:23:28,824 - INFO -   Avg: -3.405830
2025-12-17 12:23:28,824 - INFO -   Std: 0.547231
2025-12-17 12:23:28,866 - INFO - Generation 140
2025-12-17 12:23:28,866 - INFO -   Best: -4.084467
2025-12-17 12:23:28,866 - INFO -   Min: -4.084467
2025-12-17 12:23:28,867 - INFO -   Max: -2.519622
2025-12-17 12:23:28,867 - INFO -   Avg: -3.542905
2025-12-17 12:23:28,867 - INFO -   Std: 0.339984
2025-12-17 12:23:28,907 - INFO - Generation 150
2025-12-17 12:23:28,907 - INFO -   Best: -4.084467
2025-12-17 12:23:28,907 - INFO -   Min: -4.084467
2025-12-17 12:23:28,907 - INFO -   Max: -2.519622
2025-12-17 12:23:28,907 - INFO -   Avg: -3.415222
2025-12-17 12:23:28,908 - INFO -   Std: 0.421760
2025-12-17 12:23:28,949 - INFO - Generation 160
2025-12-17 12:23:28,949 - INFO -   Best: -4.084467
2025-12-17 12:23:28,950 - INFO -   Min: -4.084467
2025-12-17 12:23:28,950 - INFO -   Max: -2.519622
2025-12-17 12:23:28,950 - INFO -   Avg: -3.433366
2025-12-17 12:23:28,950 - INFO -   Std: 0.380744
2025-12-17 12:23:28,989 - INFO - Generation 170
2025-12-17 12:23:28,990 - INFO -   Best: -4.084467
2025-12-17 12:23:28,990 - INFO -   Min: -4.084467
2025-12-17 12:23:28,990 - INFO -   Max: -2.519622
2025-12-17 12:23:28,990 - INFO -   Avg: -3.431640
2025-12-17 12:23:28,990 - INFO -   Std: 0.486364
2025-12-17 12:23:29,030 - INFO - Generation 180
2025-12-17 12:23:29,030 - INFO -   Best: -4.084467
2025-12-17 12:23:29,030 - INFO -   Min: -4.084467
2025-12-17 12:23:29,031 - INFO -   Max: -2.519622
2025-12-17 12:23:29,031 - INFO -   Avg: -3.391225
2025-12-17 12:23:29,031 - INFO -   Std: 0.528741
2025-12-17 12:23:29,070 - INFO - Generation 190
2025-12-17 12:23:29,070 - INFO -   Best: -4.084467
2025-12-17 12:23:29,071 - INFO -   Min: -4.084467
2025-12-17 12:23:29,071 - INFO -   Max: -2.519622
2025-12-17 12:23:29,071 - INFO -   Avg: -3.514104
2025-12-17 12:23:29,071 - INFO -   Std: 0.316472
2025-12-17 12:23:29,112 - INFO - Generation 200
2025-12-17 12:23:29,112 - INFO -   Best: -4.084467
2025-12-17 12:23:29,112 - INFO -   Min: -4.084467
2025-12-17 12:23:29,112 - INFO -   Max: -2.519622
2025-12-17 12:23:29,112 - INFO -   Avg: -3.406873
2025-12-17 12:23:29,113 - INFO -   Std: 0.480588
2025-12-17 12:23:29,116 - INFO - 
Final best fitness: -3.5084369815
2025-12-17 12:23:29,116 - INFO - Execution time: 0.86s
