2025-12-17 11:37:14,311 - INFO - Representation: Real
2025-12-17 11:37:14,312 - INFO - Number of genes: 10
2025-12-17 11:37:14,312 - INFO - Bounds: [0, 3.141592653589793]
2025-12-17 11:37:14,312 - INFO - Function: michalewicz
2025-12-17 11:37:14,312 - INFO - Population size: 100
2025-12-17 11:37:14,312 - INFO - Generations: 200
2025-12-17 11:37:14,312 - INFO - Selection: tournament
2025-12-17 11:37:14,313 - INFO - Crossover: single_point
2025-12-17 11:37:14,313 - INFO - Mutation: random
2025-12-17 11:37:14,313 - INFO - 
2025-12-17 11:37:14,406 - INFO - Generation 10
2025-12-17 11:37:14,406 - INFO -   Best: -7.216243
2025-12-17 11:37:14,406 - INFO -   Min: -7.216243
2025-12-17 11:37:14,406 - INFO -   Max: -2.390343
2025-12-17 11:37:14,407 - INFO -   Avg: -5.260773
2025-12-17 11:37:14,407 - INFO -   Std: 0.906334
2025-12-17 11:37:14,465 - INFO - Generation 20
2025-12-17 11:37:14,465 - INFO -   Best: -7.765025
2025-12-17 11:37:14,465 - INFO -   Min: -7.765025
2025-12-17 11:37:14,465 - INFO -   Max: -3.314505
2025-12-17 11:37:14,466 - INFO -   Avg: -6.296848
2025-12-17 11:37:14,466 - INFO -   Std: 0.978482
2025-12-17 11:37:14,523 - INFO - Generation 30
2025-12-17 11:37:14,523 - INFO -   Best: -8.303365
2025-12-17 11:37:14,523 - INFO -   Min: -8.303365
2025-12-17 11:37:14,523 - INFO -   Max: -4.220880
2025-12-17 11:37:14,523 - INFO -   Avg: -6.834014
2025-12-17 11:37:14,524 - INFO -   Std: 0.952964
2025-12-17 11:37:14,579 - INFO - Generation 40
2025-12-17 11:37:14,579 - INFO -   Best: -8.548044
2025-12-17 11:37:14,580 - INFO -   Min: -8.548044
2025-12-17 11:37:14,580 - INFO -   Max: -3.529056
2025-12-17 11:37:14,580 - INFO -   Avg: -7.028135
2025-12-17 11:37:14,580 - INFO -   Std: 1.081744
2025-12-17 11:37:14,635 - INFO - Generation 50
2025-12-17 11:37:14,635 - INFO -   Best: -8.548044
2025-12-17 11:37:14,636 - INFO -   Min: -8.548044
2025-12-17 11:37:14,636 - INFO -   Max: -3.878036
2025-12-17 11:37:14,636 - INFO -   Avg: -7.313362
2025-12-17 11:37:14,636 - INFO -   Std: 0.926328
2025-12-17 11:37:14,693 - INFO - Generation 60
2025-12-17 11:37:14,693 - INFO -   Best: -8.614948
2025-12-17 11:37:14,693 - INFO -   Min: -8.614948
2025-12-17 11:37:14,694 - INFO -   Max: -3.420393
2025-12-17 11:37:14,694 - INFO -   Avg: -7.109557
2025-12-17 11:37:14,694 - INFO -   Std: 1.085112
2025-12-17 11:37:14,748 - INFO - Generation 70
2025-12-17 11:37:14,749 - INFO -   Best: -8.757840
2025-12-17 11:37:14,749 - INFO -   Min: -8.757840
2025-12-17 11:37:14,749 - INFO -   Max: -4.349174
2025-12-17 11:37:14,749 - INFO -   Avg: -7.466987
2025-12-17 11:37:14,750 - INFO -   Std: 0.962234
2025-12-17 11:37:14,808 - INFO - Generation 80
2025-12-17 11:37:14,808 - INFO -   Best: -8.993612
2025-12-17 11:37:14,809 - INFO -   Min: -8.993612
2025-12-17 11:37:14,809 - INFO -   Max: -4.893579
2025-12-17 11:37:14,809 - INFO -   Avg: -7.311567
2025-12-17 11:37:14,809 - INFO -   Std: 0.955453
2025-12-17 11:37:14,868 - INFO - Generation 90
2025-12-17 11:37:14,868 - INFO -   Best: -9.177280
2025-12-17 11:37:14,868 - INFO -   Min: -9.177280
2025-12-17 11:37:14,868 - INFO -   Max: -4.239603
2025-12-17 11:37:14,868 - INFO -   Avg: -7.634333
2025-12-17 11:37:14,869 - INFO -   Std: 1.061799
2025-12-17 11:37:14,924 - INFO - Generation 100
2025-12-17 11:37:14,925 - INFO -   Best: -9.237263
2025-12-17 11:37:14,925 - INFO -   Min: -9.237263
2025-12-17 11:37:14,925 - INFO -   Max: -4.580816
2025-12-17 11:37:14,925 - INFO -   Avg: -7.737800
2025-12-17 11:37:14,925 - INFO -   Std: 1.086265
2025-12-17 11:37:14,982 - INFO - Generation 110
2025-12-17 11:37:14,982 - INFO -   Best: -9.307753
2025-12-17 11:37:14,982 - INFO -   Min: -9.307753
2025-12-17 11:37:14,982 - INFO -   Max: -4.715593
2025-12-17 11:37:14,983 - INFO -   Avg: -7.614343
2025-12-17 11:37:14,983 - INFO -   Std: 1.144558
2025-12-17 11:37:15,039 - INFO - Generation 120
2025-12-17 11:37:15,040 - INFO -   Best: -9.329053
2025-12-17 11:37:15,040 - INFO -   Min: -9.329053
2025-12-17 11:37:15,040 - INFO -   Max: -5.044339
2025-12-17 11:37:15,040 - INFO -   Avg: -8.047064
2025-12-17 11:37:15,041 - INFO -   Std: 1.069602
2025-12-17 11:37:15,099 - INFO - Generation 130
2025-12-17 11:37:15,100 - INFO -   Best: -9.329053
2025-12-17 11:37:15,100 - INFO -   Min: -9.329053
2025-12-17 11:37:15,100 - INFO -   Max: -4.665659
2025-12-17 11:37:15,100 - INFO -   Avg: -8.094851
2025-12-17 11:37:15,100 - INFO -   Std: 1.144669
2025-12-17 11:37:15,158 - INFO - Generation 140
2025-12-17 11:37:15,158 - INFO -   Best: -9.341821
2025-12-17 11:37:15,159 - INFO -   Min: -9.341821
2025-12-17 11:37:15,159 - INFO -   Max: -5.339466
2025-12-17 11:37:15,159 - INFO -   Avg: -7.960417
2025-12-17 11:37:15,159 - INFO -   Std: 0.941835
2025-12-17 11:37:15,217 - INFO - Generation 150
2025-12-17 11:37:15,217 - INFO -   Best: -9.346310
2025-12-17 11:37:15,217 - INFO -   Min: -9.346310
2025-12-17 11:37:15,218 - INFO -   Max: -5.616019
2025-12-17 11:37:15,218 - INFO -   Avg: -7.849808
2025-12-17 11:37:15,218 - INFO -   Std: 0.944533
2025-12-17 11:37:15,275 - INFO - Generation 160
2025-12-17 11:37:15,275 - INFO -   Best: -9.346310
2025-12-17 11:37:15,276 - INFO -   Min: -9.346310
2025-12-17 11:37:15,276 - INFO -   Max: -5.880341
2025-12-17 11:37:15,276 - INFO -   Avg: -7.989696
2025-12-17 11:37:15,276 - INFO -   Std: 0.927474
2025-12-17 11:37:15,334 - INFO - Generation 170
2025-12-17 11:37:15,334 - INFO -   Best: -9.346310
2025-12-17 11:37:15,334 - INFO -   Min: -9.346310
2025-12-17 11:37:15,334 - INFO -   Max: -4.476734
2025-12-17 11:37:15,334 - INFO -   Avg: -7.958553
2025-12-17 11:37:15,335 - INFO -   Std: 1.066291
2025-12-17 11:37:15,393 - INFO - Generation 180
2025-12-17 11:37:15,394 - INFO -   Best: -9.346310
2025-12-17 11:37:15,394 - INFO -   Min: -9.346310
2025-12-17 11:37:15,394 - INFO -   Max: -4.131918
2025-12-17 11:37:15,394 - INFO -   Avg: -7.586122
2025-12-17 11:37:15,394 - INFO -   Std: 1.166562
2025-12-17 11:37:15,454 - INFO - Generation 190
2025-12-17 11:37:15,455 - INFO -   Best: -9.346310
2025-12-17 11:37:15,455 - INFO -   Min: -9.346310
2025-12-17 11:37:15,455 - INFO -   Max: -3.762203
2025-12-17 11:37:15,455 - INFO -   Avg: -7.723416
2025-12-17 11:37:15,455 - INFO -   Std: 1.135257
2025-12-17 11:37:15,512 - INFO - Generation 200
2025-12-17 11:37:15,512 - INFO -   Best: -9.346310
2025-12-17 11:37:15,512 - INFO -   Min: -9.346310
2025-12-17 11:37:15,513 - INFO -   Max: -4.573923
2025-12-17 11:37:15,513 - INFO -   Avg: -7.970491
2025-12-17 11:37:15,513 - INFO -   Std: 1.012593
2025-12-17 11:37:15,516 - INFO - 
Final best fitness: -9.2619217723
2025-12-17 11:37:15,516 - INFO - Execution time: 1.18s
