2025-12-17 12:08:38,652 - INFO - Representation: Binary
2025-12-17 12:08:38,653 - INFO - Bits per variable: 12
2025-12-17 12:08:38,653 - INFO - Total genes: 60
2025-12-17 12:08:38,653 - INFO - Function: michalewicz
2025-12-17 12:08:38,653 - INFO - Population size: 100
2025-12-17 12:08:38,653 - INFO - Generations: 200
2025-12-17 12:08:38,653 - INFO - Selection: rws
2025-12-17 12:08:38,653 - INFO - Crossover: two_points
2025-12-17 12:08:38,654 - INFO - Mutation: swap
2025-12-17 12:08:38,654 - INFO - 
2025-12-17 12:08:38,835 - INFO - Generation 10
2025-12-17 12:08:38,835 - INFO -   Best: -4.355577
2025-12-17 12:08:38,836 - INFO -   Min: -4.355577
2025-12-17 12:08:38,836 - INFO -   Max: -1.309344
2025-12-17 12:08:38,836 - INFO -   Avg: -2.893988
2025-12-17 12:08:38,836 - INFO -   Std: 0.721058
2025-12-17 12:08:38,914 - INFO - Generation 20
2025-12-17 12:08:38,915 - INFO -   Best: -4.375952
2025-12-17 12:08:38,915 - INFO -   Min: -4.375952
2025-12-17 12:08:38,915 - INFO -   Max: -1.615793
2025-12-17 12:08:38,915 - INFO -   Avg: -3.362455
2025-12-17 12:08:38,915 - INFO -   Std: 0.740679
2025-12-17 12:08:38,995 - INFO - Generation 30
2025-12-17 12:08:38,995 - INFO -   Best: -4.414727
2025-12-17 12:08:38,996 - INFO -   Min: -4.414727
2025-12-17 12:08:38,996 - INFO -   Max: -1.732345
2025-12-17 12:08:38,996 - INFO -   Avg: -3.450594
2025-12-17 12:08:38,996 - INFO -   Std: 0.632672
2025-12-17 12:08:39,080 - INFO - Generation 40
2025-12-17 12:08:39,080 - INFO -   Best: -4.414727
2025-12-17 12:08:39,080 - INFO -   Min: -4.414727
2025-12-17 12:08:39,081 - INFO -   Max: -1.663424
2025-12-17 12:08:39,081 - INFO -   Avg: -3.616225
2025-12-17 12:08:39,081 - INFO -   Std: 0.627687
2025-12-17 12:08:39,162 - INFO - Generation 50
2025-12-17 12:08:39,162 - INFO -   Best: -4.414727
2025-12-17 12:08:39,162 - INFO -   Min: -4.414727
2025-12-17 12:08:39,162 - INFO -   Max: -2.204533
2025-12-17 12:08:39,162 - INFO -   Avg: -3.779205
2025-12-17 12:08:39,163 - INFO -   Std: 0.467403
2025-12-17 12:08:39,246 - INFO - Generation 60
2025-12-17 12:08:39,246 - INFO -   Best: -4.419659
2025-12-17 12:08:39,247 - INFO -   Min: -4.419659
2025-12-17 12:08:39,247 - INFO -   Max: -2.113489
2025-12-17 12:08:39,247 - INFO -   Avg: -3.945595
2025-12-17 12:08:39,247 - INFO -   Std: 0.550609
2025-12-17 12:08:39,328 - INFO - Generation 70
2025-12-17 12:08:39,328 - INFO -   Best: -4.419659
2025-12-17 12:08:39,328 - INFO -   Min: -4.419659
2025-12-17 12:08:39,328 - INFO -   Max: -2.679727
2025-12-17 12:08:39,328 - INFO -   Avg: -4.067827
2025-12-17 12:08:39,328 - INFO -   Std: 0.443997
2025-12-17 12:08:39,410 - INFO - Generation 80
2025-12-17 12:08:39,410 - INFO -   Best: -4.419659
2025-12-17 12:08:39,410 - INFO -   Min: -4.419659
2025-12-17 12:08:39,411 - INFO -   Max: -2.230203
2025-12-17 12:08:39,411 - INFO -   Avg: -3.825172
2025-12-17 12:08:39,411 - INFO -   Std: 0.634584
2025-12-17 12:08:39,491 - INFO - Generation 90
2025-12-17 12:08:39,491 - INFO -   Best: -4.419659
2025-12-17 12:08:39,491 - INFO -   Min: -4.419659
2025-12-17 12:08:39,491 - INFO -   Max: -2.595137
2025-12-17 12:08:39,491 - INFO -   Avg: -4.077264
2025-12-17 12:08:39,491 - INFO -   Std: 0.435845
2025-12-17 12:08:39,569 - INFO - Generation 100
2025-12-17 12:08:39,570 - INFO -   Best: -4.419659
2025-12-17 12:08:39,570 - INFO -   Min: -4.419659
2025-12-17 12:08:39,570 - INFO -   Max: -2.228040
2025-12-17 12:08:39,570 - INFO -   Avg: -4.138777
2025-12-17 12:08:39,570 - INFO -   Std: 0.409114
2025-12-17 12:08:39,652 - INFO - Generation 110
2025-12-17 12:08:39,653 - INFO -   Best: -4.419659
2025-12-17 12:08:39,653 - INFO -   Min: -4.419659
2025-12-17 12:08:39,653 - INFO -   Max: -2.767996
2025-12-17 12:08:39,653 - INFO -   Avg: -4.011051
2025-12-17 12:08:39,653 - INFO -   Std: 0.444179
2025-12-17 12:08:39,740 - INFO - Generation 120
2025-12-17 12:08:39,740 - INFO -   Best: -4.419659
2025-12-17 12:08:39,740 - INFO -   Min: -4.419659
2025-12-17 12:08:39,740 - INFO -   Max: -1.826956
2025-12-17 12:08:39,740 - INFO -   Avg: -4.191476
2025-12-17 12:08:39,741 - INFO -   Std: 0.410492
2025-12-17 12:08:39,813 - INFO - Generation 130
2025-12-17 12:08:39,813 - INFO -   Best: -4.419659
2025-12-17 12:08:39,813 - INFO -   Min: -4.419659
2025-12-17 12:08:39,813 - INFO -   Max: -2.774478
2025-12-17 12:08:39,814 - INFO -   Avg: -4.138826
2025-12-17 12:08:39,814 - INFO -   Std: 0.354721
2025-12-17 12:08:39,893 - INFO - Generation 140
2025-12-17 12:08:39,893 - INFO -   Best: -4.419659
2025-12-17 12:08:39,893 - INFO -   Min: -4.419659
2025-12-17 12:08:39,893 - INFO -   Max: -3.078234
2025-12-17 12:08:39,893 - INFO -   Avg: -4.190265
2025-12-17 12:08:39,893 - INFO -   Std: 0.310019
2025-12-17 12:08:39,973 - INFO - Generation 150
2025-12-17 12:08:39,973 - INFO -   Best: -4.419659
2025-12-17 12:08:39,973 - INFO -   Min: -4.419659
2025-12-17 12:08:39,974 - INFO -   Max: -2.718065
2025-12-17 12:08:39,974 - INFO -   Avg: -4.212804
2025-12-17 12:08:39,974 - INFO -   Std: 0.320342
2025-12-17 12:08:40,066 - INFO - Generation 160
2025-12-17 12:08:40,066 - INFO -   Best: -4.419659
2025-12-17 12:08:40,066 - INFO -   Min: -4.419659
2025-12-17 12:08:40,066 - INFO -   Max: -3.150362
2025-12-17 12:08:40,067 - INFO -   Avg: -4.234860
2025-12-17 12:08:40,067 - INFO -   Std: 0.274978
2025-12-17 12:08:40,144 - INFO - Generation 170
2025-12-17 12:08:40,144 - INFO -   Best: -4.419659
2025-12-17 12:08:40,144 - INFO -   Min: -4.419659
2025-12-17 12:08:40,144 - INFO -   Max: -2.754969
2025-12-17 12:08:40,144 - INFO -   Avg: -4.104927
2025-12-17 12:08:40,144 - INFO -   Std: 0.332743
2025-12-17 12:08:40,219 - INFO - Generation 180
2025-12-17 12:08:40,220 - INFO -   Best: -4.419659
2025-12-17 12:08:40,220 - INFO -   Min: -4.419659
2025-12-17 12:08:40,220 - INFO -   Max: -2.550245
2025-12-17 12:08:40,220 - INFO -   Avg: -4.174494
2025-12-17 12:08:40,220 - INFO -   Std: 0.367929
2025-12-17 12:08:40,299 - INFO - Generation 190
2025-12-17 12:08:40,299 - INFO -   Best: -4.419659
2025-12-17 12:08:40,299 - INFO -   Min: -4.419659
2025-12-17 12:08:40,299 - INFO -   Max: -3.150331
2025-12-17 12:08:40,300 - INFO -   Avg: -4.240755
2025-12-17 12:08:40,300 - INFO -   Std: 0.277782
2025-12-17 12:08:40,373 - INFO - Generation 200
2025-12-17 12:08:40,373 - INFO -   Best: -4.419659
2025-12-17 12:08:40,374 - INFO -   Min: -4.419659
2025-12-17 12:08:40,374 - INFO -   Max: -2.722251
2025-12-17 12:08:40,374 - INFO -   Avg: -4.199146
2025-12-17 12:08:40,374 - INFO -   Std: 0.320323
2025-12-17 12:08:40,380 - INFO - 
Final best fitness: -4.4194075763
2025-12-17 12:08:40,381 - INFO - Execution time: 1.62s
