2025-12-17 12:07:59,232 - INFO - Representation: Binary
2025-12-17 12:07:59,232 - INFO - Bits per variable: 12
2025-12-17 12:07:59,233 - INFO - Total genes: 24
2025-12-17 12:07:59,233 - INFO - Function: michalewicz
2025-12-17 12:07:59,233 - INFO - Population size: 100
2025-12-17 12:07:59,233 - INFO - Generations: 200
2025-12-17 12:07:59,233 - INFO - Selection: rws
2025-12-17 12:07:59,233 - INFO - Crossover: two_points
2025-12-17 12:07:59,233 - INFO - Mutation: swap
2025-12-17 12:07:59,234 - INFO - 
2025-12-17 12:07:59,344 - INFO - Generation 10
2025-12-17 12:07:59,345 - INFO -   Best: -1.801176
2025-12-17 12:07:59,345 - INFO -   Min: -1.801176
2025-12-17 12:07:59,345 - INFO -   Max: -0.000000
2025-12-17 12:07:59,345 - INFO -   Avg: -1.096922
2025-12-17 12:07:59,345 - INFO -   Std: 0.627893
2025-12-17 12:07:59,406 - INFO - Generation 20
2025-12-17 12:07:59,406 - INFO -   Best: -1.801176
2025-12-17 12:07:59,406 - INFO -   Min: -1.801176
2025-12-17 12:07:59,406 - INFO -   Max: -0.000000
2025-12-17 12:07:59,407 - INFO -   Avg: -1.299824
2025-12-17 12:07:59,407 - INFO -   Std: 0.617371
2025-12-17 12:07:59,467 - INFO - Generation 30
2025-12-17 12:07:59,467 - INFO -   Best: -1.801176
2025-12-17 12:07:59,467 - INFO -   Min: -1.801176
2025-12-17 12:07:59,468 - INFO -   Max: -0.000000
2025-12-17 12:07:59,468 - INFO -   Avg: -1.281382
2025-12-17 12:07:59,468 - INFO -   Std: 0.656708
2025-12-17 12:07:59,541 - INFO - Generation 40
2025-12-17 12:07:59,541 - INFO -   Best: -1.801176
2025-12-17 12:07:59,541 - INFO -   Min: -1.801176
2025-12-17 12:07:59,542 - INFO -   Max: -0.000000
2025-12-17 12:07:59,542 - INFO -   Avg: -1.373439
2025-12-17 12:07:59,542 - INFO -   Std: 0.484629
2025-12-17 12:07:59,602 - INFO - Generation 50
2025-12-17 12:07:59,602 - INFO -   Best: -1.801176
2025-12-17 12:07:59,603 - INFO -   Min: -1.801176
2025-12-17 12:07:59,603 - INFO -   Max: -0.000000
2025-12-17 12:07:59,603 - INFO -   Avg: -1.285087
2025-12-17 12:07:59,603 - INFO -   Std: 0.638746
2025-12-17 12:07:59,662 - INFO - Generation 60
2025-12-17 12:07:59,663 - INFO -   Best: -1.801176
2025-12-17 12:07:59,663 - INFO -   Min: -1.801176
2025-12-17 12:07:59,663 - INFO -   Max: -0.000000
2025-12-17 12:07:59,663 - INFO -   Avg: -1.469520
2025-12-17 12:07:59,663 - INFO -   Std: 0.545484
2025-12-17 12:07:59,721 - INFO - Generation 70
2025-12-17 12:07:59,721 - INFO -   Best: -1.801176
2025-12-17 12:07:59,722 - INFO -   Min: -1.801176
2025-12-17 12:07:59,722 - INFO -   Max: -0.000000
2025-12-17 12:07:59,722 - INFO -   Avg: -1.327672
2025-12-17 12:07:59,722 - INFO -   Std: 0.631016
2025-12-17 12:07:59,779 - INFO - Generation 80
2025-12-17 12:07:59,779 - INFO -   Best: -1.801176
2025-12-17 12:07:59,779 - INFO -   Min: -1.801176
2025-12-17 12:07:59,779 - INFO -   Max: -0.000000
2025-12-17 12:07:59,780 - INFO -   Avg: -1.415885
2025-12-17 12:07:59,780 - INFO -   Std: 0.547287
2025-12-17 12:07:59,833 - INFO - Generation 90
2025-12-17 12:07:59,833 - INFO -   Best: -1.801176
2025-12-17 12:07:59,833 - INFO -   Min: -1.801176
2025-12-17 12:07:59,833 - INFO -   Max: -0.000000
2025-12-17 12:07:59,834 - INFO -   Avg: -1.335875
2025-12-17 12:07:59,834 - INFO -   Std: 0.597254
2025-12-17 12:07:59,887 - INFO - Generation 100
2025-12-17 12:07:59,887 - INFO -   Best: -1.801176
2025-12-17 12:07:59,888 - INFO -   Min: -1.801176
2025-12-17 12:07:59,888 - INFO -   Max: -0.000000
2025-12-17 12:07:59,888 - INFO -   Avg: -1.294391
2025-12-17 12:07:59,888 - INFO -   Std: 0.596364
2025-12-17 12:07:59,941 - INFO - Generation 110
2025-12-17 12:07:59,941 - INFO -   Best: -1.801176
2025-12-17 12:07:59,941 - INFO -   Min: -1.801176
2025-12-17 12:07:59,942 - INFO -   Max: -0.000000
2025-12-17 12:07:59,942 - INFO -   Avg: -1.291525
2025-12-17 12:07:59,942 - INFO -   Std: 0.644321
2025-12-17 12:07:59,995 - INFO - Generation 120
2025-12-17 12:07:59,995 - INFO -   Best: -1.801176
2025-12-17 12:07:59,995 - INFO -   Min: -1.801176
2025-12-17 12:07:59,996 - INFO -   Max: -0.000000
2025-12-17 12:07:59,996 - INFO -   Avg: -1.341082
2025-12-17 12:07:59,996 - INFO -   Std: 0.588926
2025-12-17 12:08:00,052 - INFO - Generation 130
2025-12-17 12:08:00,052 - INFO -   Best: -1.801176
2025-12-17 12:08:00,053 - INFO -   Min: -1.801176
2025-12-17 12:08:00,053 - INFO -   Max: -0.000000
2025-12-17 12:08:00,053 - INFO -   Avg: -1.425806
2025-12-17 12:08:00,053 - INFO -   Std: 0.575069
2025-12-17 12:08:00,107 - INFO - Generation 140
2025-12-17 12:08:00,108 - INFO -   Best: -1.801176
2025-12-17 12:08:00,108 - INFO -   Min: -1.801176
2025-12-17 12:08:00,108 - INFO -   Max: -0.000000
2025-12-17 12:08:00,108 - INFO -   Avg: -1.461740
2025-12-17 12:08:00,108 - INFO -   Std: 0.582799
2025-12-17 12:08:00,162 - INFO - Generation 150
2025-12-17 12:08:00,162 - INFO -   Best: -1.801176
2025-12-17 12:08:00,162 - INFO -   Min: -1.801176
2025-12-17 12:08:00,163 - INFO -   Max: -0.000000
2025-12-17 12:08:00,163 - INFO -   Avg: -1.323890
2025-12-17 12:08:00,163 - INFO -   Std: 0.585384
2025-12-17 12:08:00,215 - INFO - Generation 160
2025-12-17 12:08:00,216 - INFO -   Best: -1.801176
2025-12-17 12:08:00,216 - INFO -   Min: -1.801176
2025-12-17 12:08:00,216 - INFO -   Max: -0.000000
2025-12-17 12:08:00,216 - INFO -   Avg: -1.413590
2025-12-17 12:08:00,216 - INFO -   Std: 0.590349
2025-12-17 12:08:00,271 - INFO - Generation 170
2025-12-17 12:08:00,271 - INFO -   Best: -1.801176
2025-12-17 12:08:00,271 - INFO -   Min: -1.801176
2025-12-17 12:08:00,271 - INFO -   Max: -0.000000
2025-12-17 12:08:00,271 - INFO -   Avg: -1.346549
2025-12-17 12:08:00,272 - INFO -   Std: 0.606610
2025-12-17 12:08:00,327 - INFO - Generation 180
2025-12-17 12:08:00,328 - INFO -   Best: -1.801176
2025-12-17 12:08:00,328 - INFO -   Min: -1.801176
2025-12-17 12:08:00,328 - INFO -   Max: -0.000000
2025-12-17 12:08:00,328 - INFO -   Avg: -1.301858
2025-12-17 12:08:00,328 - INFO -   Std: 0.636498
2025-12-17 12:08:00,383 - INFO - Generation 190
2025-12-17 12:08:00,383 - INFO -   Best: -1.801176
2025-12-17 12:08:00,384 - INFO -   Min: -1.801176
2025-12-17 12:08:00,384 - INFO -   Max: -0.000000
2025-12-17 12:08:00,384 - INFO -   Avg: -1.248417
2025-12-17 12:08:00,384 - INFO -   Std: 0.634519
2025-12-17 12:08:00,439 - INFO - Generation 200
2025-12-17 12:08:00,440 - INFO -   Best: -1.801176
2025-12-17 12:08:00,440 - INFO -   Min: -1.801176
2025-12-17 12:08:00,440 - INFO -   Max: -0.000000
2025-12-17 12:08:00,440 - INFO -   Avg: -1.411245
2025-12-17 12:08:00,440 - INFO -   Std: 0.551866
2025-12-17 12:08:00,445 - INFO - 
Final best fitness: -1.8007496858
2025-12-17 12:08:00,445 - INFO - Execution time: 1.16s
