2025-12-17 12:21:41,720 - INFO - Representation: Real
2025-12-17 12:21:41,720 - INFO - Number of genes: 20
2025-12-17 12:21:41,720 - INFO - Bounds: [-100, 100]
2025-12-17 12:21:41,720 - INFO - Function: f16_2014
2025-12-17 12:21:41,720 - INFO - Population size: 100
2025-12-17 12:21:41,720 - INFO - Generations: 200
2025-12-17 12:21:41,721 - INFO - Selection: rws
2025-12-17 12:21:41,721 - INFO - Crossover: two_points
2025-12-17 12:21:41,721 - INFO - Mutation: swap
2025-12-17 12:21:41,721 - INFO - 
2025-12-17 12:21:42,024 - INFO - Generation 10
2025-12-17 12:21:42,024 - INFO -   Best: 1608.889178
2025-12-17 12:21:42,024 - INFO -   Min: 1608.889178
2025-12-17 12:21:42,024 - INFO -   Max: 1610.925075
2025-12-17 12:21:42,025 - INFO -   Avg: 1610.012738
2025-12-17 12:21:42,025 - INFO -   Std: 0.287124
2025-12-17 12:21:42,279 - INFO - Generation 20
2025-12-17 12:21:42,280 - INFO -   Best: 1608.889178
2025-12-17 12:21:42,280 - INFO -   Min: 1608.889178
2025-12-17 12:21:42,280 - INFO -   Max: 1610.422899
2025-12-17 12:21:42,280 - INFO -   Avg: 1609.981054
2025-12-17 12:21:42,280 - INFO -   Std: 0.206351
2025-12-17 12:21:42,537 - INFO - Generation 30
2025-12-17 12:21:42,537 - INFO -   Best: 1608.889178
2025-12-17 12:21:42,537 - INFO -   Min: 1608.889178
2025-12-17 12:21:42,537 - INFO -   Max: 1610.504276
2025-12-17 12:21:42,537 - INFO -   Avg: 1609.949361
2025-12-17 12:21:42,538 - INFO -   Std: 0.261238
2025-12-17 12:21:42,792 - INFO - Generation 40
2025-12-17 12:21:42,792 - INFO -   Best: 1608.889178
2025-12-17 12:21:42,792 - INFO -   Min: 1608.889178
2025-12-17 12:21:42,792 - INFO -   Max: 1610.457400
2025-12-17 12:21:42,793 - INFO -   Avg: 1609.936741
2025-12-17 12:21:42,793 - INFO -   Std: 0.262378
2025-12-17 12:21:43,049 - INFO - Generation 50
2025-12-17 12:21:43,049 - INFO -   Best: 1608.511541
2025-12-17 12:21:43,049 - INFO -   Min: 1608.511541
2025-12-17 12:21:43,049 - INFO -   Max: 1610.495375
2025-12-17 12:21:43,049 - INFO -   Avg: 1609.914837
2025-12-17 12:21:43,049 - INFO -   Std: 0.349435
2025-12-17 12:21:43,308 - INFO - Generation 60
2025-12-17 12:21:43,308 - INFO -   Best: 1608.177283
2025-12-17 12:21:43,308 - INFO -   Min: 1608.177283
2025-12-17 12:21:43,308 - INFO -   Max: 1610.524149
2025-12-17 12:21:43,309 - INFO -   Avg: 1609.678326
2025-12-17 12:21:43,309 - INFO -   Std: 0.415635
2025-12-17 12:21:43,563 - INFO - Generation 70
2025-12-17 12:21:43,564 - INFO -   Best: 1608.132532
2025-12-17 12:21:43,564 - INFO -   Min: 1608.132532
2025-12-17 12:21:43,564 - INFO -   Max: 1610.461846
2025-12-17 12:21:43,564 - INFO -   Avg: 1609.650353
2025-12-17 12:21:43,564 - INFO -   Std: 0.386928
2025-12-17 12:21:43,819 - INFO - Generation 80
2025-12-17 12:21:43,819 - INFO -   Best: 1608.132532
2025-12-17 12:21:43,819 - INFO -   Min: 1608.132532
2025-12-17 12:21:43,819 - INFO -   Max: 1610.364267
2025-12-17 12:21:43,819 - INFO -   Avg: 1609.565593
2025-12-17 12:21:43,819 - INFO -   Std: 0.417132
2025-12-17 12:21:44,092 - INFO - Generation 90
2025-12-17 12:21:44,092 - INFO -   Best: 1608.114694
2025-12-17 12:21:44,092 - INFO -   Min: 1608.114694
2025-12-17 12:21:44,092 - INFO -   Max: 1610.460073
2025-12-17 12:21:44,092 - INFO -   Avg: 1609.615448
2025-12-17 12:21:44,093 - INFO -   Std: 0.442936
2025-12-17 12:21:44,349 - INFO - Generation 100
2025-12-17 12:21:44,350 - INFO -   Best: 1608.096207
2025-12-17 12:21:44,350 - INFO -   Min: 1608.096207
2025-12-17 12:21:44,350 - INFO -   Max: 1610.808688
2025-12-17 12:21:44,350 - INFO -   Avg: 1609.461370
2025-12-17 12:21:44,350 - INFO -   Std: 0.543998
2025-12-17 12:21:44,605 - INFO - Generation 110
2025-12-17 12:21:44,605 - INFO -   Best: 1608.096207
2025-12-17 12:21:44,605 - INFO -   Min: 1608.096207
2025-12-17 12:21:44,606 - INFO -   Max: 1610.561138
2025-12-17 12:21:44,606 - INFO -   Avg: 1609.701769
2025-12-17 12:21:44,606 - INFO -   Std: 0.488798
2025-12-17 12:21:44,860 - INFO - Generation 120
2025-12-17 12:21:44,860 - INFO -   Best: 1607.958446
2025-12-17 12:21:44,860 - INFO -   Min: 1607.958446
2025-12-17 12:21:44,860 - INFO -   Max: 1610.627281
2025-12-17 12:21:44,861 - INFO -   Avg: 1609.635461
2025-12-17 12:21:44,861 - INFO -   Std: 0.688313
2025-12-17 12:21:45,115 - INFO - Generation 130
2025-12-17 12:21:45,116 - INFO -   Best: 1607.958446
2025-12-17 12:21:45,116 - INFO -   Min: 1607.958446
2025-12-17 12:21:45,116 - INFO -   Max: 1610.434009
2025-12-17 12:21:45,116 - INFO -   Avg: 1609.748264
2025-12-17 12:21:45,116 - INFO -   Std: 0.504553
2025-12-17 12:21:45,365 - INFO - Generation 140
2025-12-17 12:21:45,365 - INFO -   Best: 1607.958446
2025-12-17 12:21:45,365 - INFO -   Min: 1607.958446
2025-12-17 12:21:45,365 - INFO -   Max: 1610.433552
2025-12-17 12:21:45,365 - INFO -   Avg: 1609.562186
2025-12-17 12:21:45,366 - INFO -   Std: 0.537699
2025-12-17 12:21:45,609 - INFO - Generation 150
2025-12-17 12:21:45,609 - INFO -   Best: 1607.958446
2025-12-17 12:21:45,610 - INFO -   Min: 1607.958446
2025-12-17 12:21:45,610 - INFO -   Max: 1610.408360
2025-12-17 12:21:45,610 - INFO -   Avg: 1609.628678
2025-12-17 12:21:45,610 - INFO -   Std: 0.556613
2025-12-17 12:21:45,847 - INFO - Generation 160
2025-12-17 12:21:45,847 - INFO -   Best: 1607.958446
2025-12-17 12:21:45,847 - INFO -   Min: 1607.958446
2025-12-17 12:21:45,848 - INFO -   Max: 1610.470742
2025-12-17 12:21:45,848 - INFO -   Avg: 1609.585104
2025-12-17 12:21:45,848 - INFO -   Std: 0.566195
2025-12-17 12:21:46,090 - INFO - Generation 170
2025-12-17 12:21:46,090 - INFO -   Best: 1607.958446
2025-12-17 12:21:46,090 - INFO -   Min: 1607.958446
2025-12-17 12:21:46,091 - INFO -   Max: 1610.463162
2025-12-17 12:21:46,091 - INFO -   Avg: 1609.642294
2025-12-17 12:21:46,091 - INFO -   Std: 0.468569
2025-12-17 12:21:46,326 - INFO - Generation 180
2025-12-17 12:21:46,326 - INFO -   Best: 1607.958446
2025-12-17 12:21:46,327 - INFO -   Min: 1607.958446
2025-12-17 12:21:46,327 - INFO -   Max: 1610.586856
2025-12-17 12:21:46,327 - INFO -   Avg: 1609.618566
2025-12-17 12:21:46,327 - INFO -   Std: 0.528411
2025-12-17 12:21:46,549 - INFO - Generation 190
2025-12-17 12:21:46,549 - INFO -   Best: 1607.958446
2025-12-17 12:21:46,549 - INFO -   Min: 1607.958446
2025-12-17 12:21:46,549 - INFO -   Max: 1610.493872
2025-12-17 12:21:46,549 - INFO -   Avg: 1609.596095
2025-12-17 12:21:46,549 - INFO -   Std: 0.408460
2025-12-17 12:21:46,741 - INFO - Generation 200
2025-12-17 12:21:46,741 - INFO -   Best: 1607.958446
2025-12-17 12:21:46,742 - INFO -   Min: 1607.958446
2025-12-17 12:21:46,742 - INFO -   Max: 1610.276784
2025-12-17 12:21:46,742 - INFO -   Avg: 1609.495174
2025-12-17 12:21:46,742 - INFO -   Std: 0.459539
2025-12-17 12:21:46,752 - INFO - 
Final best fitness: 1607.9584463994
2025-12-17 12:21:46,752 - INFO - Execution time: 5.00s
