2025-12-17 11:34:49,167 - INFO - Representation: Real
2025-12-17 11:34:49,168 - INFO - Number of genes: 5
2025-12-17 11:34:49,168 - INFO - Bounds: [0, 3.141592653589793]
2025-12-17 11:34:49,168 - INFO - Function: michalewicz
2025-12-17 11:34:49,168 - INFO - Population size: 100
2025-12-17 11:34:49,168 - INFO - Generations: 200
2025-12-17 11:34:49,168 - INFO - Selection: tournament
2025-12-17 11:34:49,169 - INFO - Crossover: single_point
2025-12-17 11:34:49,169 - INFO - Mutation: random
2025-12-17 11:34:49,169 - INFO - 
2025-12-17 11:34:49,220 - INFO - Generation 10
2025-12-17 11:34:49,220 - INFO -   Best: -4.253755
2025-12-17 11:34:49,220 - INFO -   Min: -4.253755
2025-12-17 11:34:49,220 - INFO -   Max: -1.779084
2025-12-17 11:34:49,220 - INFO -   Avg: -3.491745
2025-12-17 11:34:49,220 - INFO -   Std: 0.611648
2025-12-17 11:34:49,263 - INFO - Generation 20
2025-12-17 11:34:49,263 - INFO -   Best: -4.513101
2025-12-17 11:34:49,263 - INFO -   Min: -4.513101
2025-12-17 11:34:49,263 - INFO -   Max: -1.470264
2025-12-17 11:34:49,263 - INFO -   Avg: -3.924609
2025-12-17 11:34:49,263 - INFO -   Std: 0.682031
2025-12-17 11:34:49,304 - INFO - Generation 30
2025-12-17 11:34:49,304 - INFO -   Best: -4.605412
2025-12-17 11:34:49,306 - INFO -   Min: -4.605412
2025-12-17 11:34:49,306 - INFO -   Max: -1.323231
2025-12-17 11:34:49,306 - INFO -   Avg: -3.990157
2025-12-17 11:34:49,306 - INFO -   Std: 0.725741
2025-12-17 11:34:49,347 - INFO - Generation 40
2025-12-17 11:34:49,347 - INFO -   Best: -4.605412
2025-12-17 11:34:49,347 - INFO -   Min: -4.605412
2025-12-17 11:34:49,347 - INFO -   Max: -2.085563
2025-12-17 11:34:49,347 - INFO -   Avg: -4.141375
2025-12-17 11:34:49,348 - INFO -   Std: 0.703819
2025-12-17 11:34:49,392 - INFO - Generation 50
2025-12-17 11:34:49,392 - INFO -   Best: -4.605412
2025-12-17 11:34:49,392 - INFO -   Min: -4.605412
2025-12-17 11:34:49,393 - INFO -   Max: -1.765324
2025-12-17 11:34:49,393 - INFO -   Avg: -4.092303
2025-12-17 11:34:49,393 - INFO -   Std: 0.652709
2025-12-17 11:34:49,436 - INFO - Generation 60
2025-12-17 11:34:49,436 - INFO -   Best: -4.605412
2025-12-17 11:34:49,437 - INFO -   Min: -4.605412
2025-12-17 11:34:49,437 - INFO -   Max: -1.690441
2025-12-17 11:34:49,437 - INFO -   Avg: -4.036175
2025-12-17 11:34:49,437 - INFO -   Std: 0.724346
2025-12-17 11:34:49,479 - INFO - Generation 70
2025-12-17 11:34:49,479 - INFO -   Best: -4.605412
2025-12-17 11:34:49,480 - INFO -   Min: -4.605412
2025-12-17 11:34:49,480 - INFO -   Max: -1.159557
2025-12-17 11:34:49,480 - INFO -   Avg: -4.116218
2025-12-17 11:34:49,480 - INFO -   Std: 0.649953
2025-12-17 11:34:49,521 - INFO - Generation 80
2025-12-17 11:34:49,521 - INFO -   Best: -4.605412
2025-12-17 11:34:49,521 - INFO -   Min: -4.605412
2025-12-17 11:34:49,521 - INFO -   Max: -1.679280
2025-12-17 11:34:49,521 - INFO -   Avg: -4.016372
2025-12-17 11:34:49,522 - INFO -   Std: 0.704027
2025-12-17 11:34:49,562 - INFO - Generation 90
2025-12-17 11:34:49,562 - INFO -   Best: -4.613792
2025-12-17 11:34:49,563 - INFO -   Min: -4.613792
2025-12-17 11:34:49,563 - INFO -   Max: -1.783430
2025-12-17 11:34:49,563 - INFO -   Avg: -4.191486
2025-12-17 11:34:49,563 - INFO -   Std: 0.647453
2025-12-17 11:34:49,603 - INFO - Generation 100
2025-12-17 11:34:49,603 - INFO -   Best: -4.614189
2025-12-17 11:34:49,603 - INFO -   Min: -4.614189
2025-12-17 11:34:49,604 - INFO -   Max: -2.067049
2025-12-17 11:34:49,604 - INFO -   Avg: -4.059986
2025-12-17 11:34:49,604 - INFO -   Std: 0.654232
2025-12-17 11:34:49,644 - INFO - Generation 110
2025-12-17 11:34:49,644 - INFO -   Best: -4.614189
2025-12-17 11:34:49,644 - INFO -   Min: -4.614189
2025-12-17 11:34:49,644 - INFO -   Max: -0.814267
2025-12-17 11:34:49,644 - INFO -   Avg: -3.988804
2025-12-17 11:34:49,644 - INFO -   Std: 0.780810
2025-12-17 11:34:49,686 - INFO - Generation 120
2025-12-17 11:34:49,686 - INFO -   Best: -4.614189
2025-12-17 11:34:49,686 - INFO -   Min: -4.614189
2025-12-17 11:34:49,687 - INFO -   Max: -1.618883
2025-12-17 11:34:49,687 - INFO -   Avg: -4.042797
2025-12-17 11:34:49,687 - INFO -   Std: 0.637570
2025-12-17 11:34:49,726 - INFO - Generation 130
2025-12-17 11:34:49,727 - INFO -   Best: -4.614189
2025-12-17 11:34:49,727 - INFO -   Min: -4.614189
2025-12-17 11:34:49,727 - INFO -   Max: -1.850361
2025-12-17 11:34:49,727 - INFO -   Avg: -3.886489
2025-12-17 11:34:49,727 - INFO -   Std: 0.809272
2025-12-17 11:34:49,768 - INFO - Generation 140
2025-12-17 11:34:49,768 - INFO -   Best: -4.622500
2025-12-17 11:34:49,769 - INFO -   Min: -4.622500
2025-12-17 11:34:49,769 - INFO -   Max: -1.557854
2025-12-17 11:34:49,769 - INFO -   Avg: -3.999302
2025-12-17 11:34:49,769 - INFO -   Std: 0.800005
2025-12-17 11:34:49,809 - INFO - Generation 150
2025-12-17 11:34:49,810 - INFO -   Best: -4.622500
2025-12-17 11:34:49,810 - INFO -   Min: -4.622500
2025-12-17 11:34:49,810 - INFO -   Max: -0.925189
2025-12-17 11:34:49,810 - INFO -   Avg: -4.094625
2025-12-17 11:34:49,810 - INFO -   Std: 0.677568
2025-12-17 11:34:49,851 - INFO - Generation 160
2025-12-17 11:34:49,852 - INFO -   Best: -4.863941
2025-12-17 11:34:49,852 - INFO -   Min: -4.863941
2025-12-17 11:34:49,852 - INFO -   Max: -2.098589
2025-12-17 11:34:49,852 - INFO -   Avg: -4.159441
2025-12-17 11:34:49,852 - INFO -   Std: 0.682586
2025-12-17 11:34:49,893 - INFO - Generation 170
2025-12-17 11:34:49,893 - INFO -   Best: -4.863941
2025-12-17 11:34:49,893 - INFO -   Min: -4.863941
2025-12-17 11:34:49,893 - INFO -   Max: -1.936744
2025-12-17 11:34:49,893 - INFO -   Avg: -4.353087
2025-12-17 11:34:49,893 - INFO -   Std: 0.719726
2025-12-17 11:34:49,935 - INFO - Generation 180
2025-12-17 11:34:49,935 - INFO -   Best: -4.867553
2025-12-17 11:34:49,935 - INFO -   Min: -4.867553
2025-12-17 11:34:49,936 - INFO -   Max: -2.832685
2025-12-17 11:34:49,936 - INFO -   Avg: -4.310649
2025-12-17 11:34:49,936 - INFO -   Std: 0.631365
2025-12-17 11:34:49,976 - INFO - Generation 190
2025-12-17 11:34:49,976 - INFO -   Best: -4.869224
2025-12-17 11:34:49,976 - INFO -   Min: -4.869224
2025-12-17 11:34:49,977 - INFO -   Max: -1.687436
2025-12-17 11:34:49,977 - INFO -   Avg: -4.281042
2025-12-17 11:34:49,977 - INFO -   Std: 0.734086
2025-12-17 11:34:50,016 - INFO - Generation 200
2025-12-17 11:34:50,016 - INFO -   Best: -4.871353
2025-12-17 11:34:50,016 - INFO -   Min: -4.871353
2025-12-17 11:34:50,016 - INFO -   Max: -1.840973
2025-12-17 11:34:50,017 - INFO -   Avg: -4.274771
2025-12-17 11:34:50,017 - INFO -   Std: 0.747443
2025-12-17 11:34:50,019 - INFO - 
Final best fitness: -4.8706006074
2025-12-17 11:34:50,020 - INFO - Execution time: 0.84s
2025-12-17 11:35:16,077 - INFO - Representation: Real
2025-12-17 11:35:16,077 - INFO - Number of genes: 10
2025-12-17 11:35:16,078 - INFO - Bounds: [0, 3.141592653589793]
2025-12-17 11:35:16,078 - INFO - Function: michalewicz
2025-12-17 11:35:16,078 - INFO - Population size: 100
2025-12-17 11:35:16,078 - INFO - Generations: 200
2025-12-17 11:35:16,078 - INFO - Selection: tournament
2025-12-17 11:35:16,078 - INFO - Crossover: single_point
2025-12-17 11:35:16,079 - INFO - Mutation: random
2025-12-17 11:35:16,079 - INFO - 
2025-12-17 11:35:16,161 - INFO - Generation 10
2025-12-17 11:35:16,161 - INFO -   Best: -7.657911
2025-12-17 11:35:16,161 - INFO -   Min: -7.657911
2025-12-17 11:35:16,162 - INFO -   Max: -1.669289
2025-12-17 11:35:16,162 - INFO -   Avg: -5.490793
2025-12-17 11:35:16,162 - INFO -   Std: 1.127545
2025-12-17 11:35:16,236 - INFO - Generation 20
2025-12-17 11:35:16,236 - INFO -   Best: -8.257698
2025-12-17 11:35:16,236 - INFO -   Min: -8.257698
2025-12-17 11:35:16,236 - INFO -   Max: -4.630365
2025-12-17 11:35:16,237 - INFO -   Avg: -6.812167
2025-12-17 11:35:16,237 - INFO -   Std: 0.901462
2025-12-17 11:35:16,303 - INFO - Generation 30
2025-12-17 11:35:16,303 - INFO -   Best: -8.604046
2025-12-17 11:35:16,303 - INFO -   Min: -8.604046
2025-12-17 11:35:16,303 - INFO -   Max: -3.512501
2025-12-17 11:35:16,304 - INFO -   Avg: -7.078922
2025-12-17 11:35:16,304 - INFO -   Std: 0.969212
2025-12-17 11:35:16,368 - INFO - Generation 40
2025-12-17 11:35:16,368 - INFO -   Best: -8.647401
2025-12-17 11:35:16,368 - INFO -   Min: -8.647401
2025-12-17 11:35:16,368 - INFO -   Max: -3.810404
2025-12-17 11:35:16,369 - INFO -   Avg: -6.969271
2025-12-17 11:35:16,369 - INFO -   Std: 0.935307
2025-12-17 11:35:16,432 - INFO - Generation 50
2025-12-17 11:35:16,433 - INFO -   Best: -8.647401
2025-12-17 11:35:16,433 - INFO -   Min: -8.647401
2025-12-17 11:35:16,433 - INFO -   Max: -4.740962
2025-12-17 11:35:16,433 - INFO -   Avg: -7.121308
2025-12-17 11:35:16,433 - INFO -   Std: 0.940906
2025-12-17 11:35:16,496 - INFO - Generation 60
2025-12-17 11:35:16,496 - INFO -   Best: -8.647401
2025-12-17 11:35:16,496 - INFO -   Min: -8.647401
2025-12-17 11:35:16,496 - INFO -   Max: -5.450494
2025-12-17 11:35:16,496 - INFO -   Avg: -7.358271
2025-12-17 11:35:16,497 - INFO -   Std: 0.944177
2025-12-17 11:35:16,560 - INFO - Generation 70
2025-12-17 11:35:16,560 - INFO -   Best: -8.647401
2025-12-17 11:35:16,560 - INFO -   Min: -8.647401
2025-12-17 11:35:16,560 - INFO -   Max: -3.820510
2025-12-17 11:35:16,560 - INFO -   Avg: -6.982470
2025-12-17 11:35:16,561 - INFO -   Std: 1.141967
2025-12-17 11:35:16,625 - INFO - Generation 80
2025-12-17 11:35:16,625 - INFO -   Best: -8.647401
2025-12-17 11:35:16,626 - INFO -   Min: -8.647401
2025-12-17 11:35:16,626 - INFO -   Max: -4.250182
2025-12-17 11:35:16,626 - INFO -   Avg: -7.402409
2025-12-17 11:35:16,626 - INFO -   Std: 0.984079
2025-12-17 11:35:16,693 - INFO - Generation 90
2025-12-17 11:35:16,693 - INFO -   Best: -8.655316
2025-12-17 11:35:16,693 - INFO -   Min: -8.655316
2025-12-17 11:35:16,693 - INFO -   Max: -4.908739
2025-12-17 11:35:16,693 - INFO -   Avg: -7.457177
2025-12-17 11:35:16,693 - INFO -   Std: 0.914150
2025-12-17 11:35:16,757 - INFO - Generation 100
2025-12-17 11:35:16,757 - INFO -   Best: -8.716368
2025-12-17 11:35:16,757 - INFO -   Min: -8.716368
2025-12-17 11:35:16,757 - INFO -   Max: -4.504313
2025-12-17 11:35:16,757 - INFO -   Avg: -7.373553
2025-12-17 11:35:16,758 - INFO -   Std: 0.953742
2025-12-17 11:35:16,820 - INFO - Generation 110
2025-12-17 11:35:16,821 - INFO -   Best: -8.716368
2025-12-17 11:35:16,821 - INFO -   Min: -8.716368
2025-12-17 11:35:16,821 - INFO -   Max: -4.447012
2025-12-17 11:35:16,821 - INFO -   Avg: -7.519407
2025-12-17 11:35:16,821 - INFO -   Std: 0.911989
2025-12-17 11:35:16,880 - INFO - Generation 120
2025-12-17 11:35:16,880 - INFO -   Best: -8.716368
2025-12-17 11:35:16,880 - INFO -   Min: -8.716368
2025-12-17 11:35:16,881 - INFO -   Max: -4.474485
2025-12-17 11:35:16,881 - INFO -   Avg: -7.407359
2025-12-17 11:35:16,881 - INFO -   Std: 1.009323
2025-12-17 11:35:16,941 - INFO - Generation 130
2025-12-17 11:35:16,942 - INFO -   Best: -8.716368
2025-12-17 11:35:16,942 - INFO -   Min: -8.716368
2025-12-17 11:35:16,942 - INFO -   Max: -5.412723
2025-12-17 11:35:16,942 - INFO -   Avg: -7.593375
2025-12-17 11:35:16,942 - INFO -   Std: 0.920417
2025-12-17 11:35:17,001 - INFO - Generation 140
2025-12-17 11:35:17,001 - INFO -   Best: -8.716368
2025-12-17 11:35:17,001 - INFO -   Min: -8.716368
2025-12-17 11:35:17,001 - INFO -   Max: -4.411454
2025-12-17 11:35:17,002 - INFO -   Avg: -7.523175
2025-12-17 11:35:17,002 - INFO -   Std: 0.991396
2025-12-17 11:35:17,062 - INFO - Generation 150
2025-12-17 11:35:17,062 - INFO -   Best: -8.716368
2025-12-17 11:35:17,063 - INFO -   Min: -8.716368
2025-12-17 11:35:17,063 - INFO -   Max: -1.780087
2025-12-17 11:35:17,063 - INFO -   Avg: -7.309131
2025-12-17 11:35:17,063 - INFO -   Std: 1.160014
2025-12-17 11:35:17,123 - INFO - Generation 160
2025-12-17 11:35:17,123 - INFO -   Best: -8.716368
2025-12-17 11:35:17,123 - INFO -   Min: -8.716368
2025-12-17 11:35:17,123 - INFO -   Max: -5.339126
2025-12-17 11:35:17,123 - INFO -   Avg: -7.603409
2025-12-17 11:35:17,124 - INFO -   Std: 0.964099
2025-12-17 11:35:17,183 - INFO - Generation 170
2025-12-17 11:35:17,184 - INFO -   Best: -8.716368
2025-12-17 11:35:17,184 - INFO -   Min: -8.716368
2025-12-17 11:35:17,184 - INFO -   Max: -4.596280
2025-12-17 11:35:17,184 - INFO -   Avg: -7.514635
2025-12-17 11:35:17,184 - INFO -   Std: 0.971885
2025-12-17 11:35:17,244 - INFO - Generation 180
2025-12-17 11:35:17,244 - INFO -   Best: -8.716368
2025-12-17 11:35:17,244 - INFO -   Min: -8.716368
2025-12-17 11:35:17,244 - INFO -   Max: -4.936877
2025-12-17 11:35:17,245 - INFO -   Avg: -7.378267
2025-12-17 11:35:17,245 - INFO -   Std: 0.929862
2025-12-17 11:35:17,309 - INFO - Generation 190
2025-12-17 11:35:17,310 - INFO -   Best: -8.746029
2025-12-17 11:35:17,310 - INFO -   Min: -8.746029
2025-12-17 11:35:17,310 - INFO -   Max: -4.302838
2025-12-17 11:35:17,310 - INFO -   Avg: -7.278422
2025-12-17 11:35:17,310 - INFO -   Std: 0.971253
2025-12-17 11:35:17,375 - INFO - Generation 200
2025-12-17 11:35:17,375 - INFO -   Best: -8.746029
2025-12-17 11:35:17,375 - INFO -   Min: -8.746029
2025-12-17 11:35:17,375 - INFO -   Max: -3.735705
2025-12-17 11:35:17,375 - INFO -   Avg: -7.130900
2025-12-17 11:35:17,376 - INFO -   Std: 1.167738
2025-12-17 11:35:17,379 - INFO - 
Final best fitness: -8.7163676712
2025-12-17 11:35:17,379 - INFO - Execution time: 1.28s
2025-12-17 11:36:45,356 - INFO - Representation: Real
2025-12-17 11:36:45,356 - INFO - Number of genes: 5
2025-12-17 11:36:45,356 - INFO - Bounds: [0, 3.141592653589793]
2025-12-17 11:36:45,356 - INFO - Function: michalewicz
2025-12-17 11:36:45,357 - INFO - Population size: 100
2025-12-17 11:36:45,357 - INFO - Generations: 200
2025-12-17 11:36:45,357 - INFO - Selection: tournament
2025-12-17 11:36:45,357 - INFO - Crossover: single_point
2025-12-17 11:36:45,357 - INFO - Mutation: random
2025-12-17 11:36:45,357 - INFO - 
2025-12-17 11:36:45,409 - INFO - Generation 10
2025-12-17 11:36:45,409 - INFO -   Best: -4.055218
2025-12-17 11:36:45,410 - INFO -   Min: -4.055218
2025-12-17 11:36:45,410 - INFO -   Max: -1.147733
2025-12-17 11:36:45,410 - INFO -   Avg: -3.112441
2025-12-17 11:36:45,410 - INFO -   Std: 0.728090
2025-12-17 11:36:45,454 - INFO - Generation 20
2025-12-17 11:36:45,454 - INFO -   Best: -4.307218
2025-12-17 11:36:45,454 - INFO -   Min: -4.307218
2025-12-17 11:36:45,454 - INFO -   Max: -1.894824
2025-12-17 11:36:45,455 - INFO -   Avg: -3.722059
2025-12-17 11:36:45,455 - INFO -   Std: 0.671729
2025-12-17 11:36:45,498 - INFO - Generation 30
2025-12-17 11:36:45,498 - INFO -   Best: -4.383178
2025-12-17 11:36:45,498 - INFO -   Min: -4.383178
2025-12-17 11:36:45,498 - INFO -   Max: -1.734149
2025-12-17 11:36:45,498 - INFO -   Avg: -3.848230
2025-12-17 11:36:45,499 - INFO -   Std: 0.671454
2025-12-17 11:36:45,540 - INFO - Generation 40
2025-12-17 11:36:45,541 - INFO -   Best: -4.463373
2025-12-17 11:36:45,541 - INFO -   Min: -4.463373
2025-12-17 11:36:45,541 - INFO -   Max: -1.889014
2025-12-17 11:36:45,541 - INFO -   Avg: -3.826667
2025-12-17 11:36:45,541 - INFO -   Std: 0.652287
2025-12-17 11:36:45,584 - INFO - Generation 50
2025-12-17 11:36:45,584 - INFO -   Best: -4.463373
2025-12-17 11:36:45,584 - INFO -   Min: -4.463373
2025-12-17 11:36:45,584 - INFO -   Max: -1.940012
2025-12-17 11:36:45,585 - INFO -   Avg: -3.976081
2025-12-17 11:36:45,585 - INFO -   Std: 0.569802
2025-12-17 11:36:45,628 - INFO - Generation 60
2025-12-17 11:36:45,628 - INFO -   Best: -4.468959
2025-12-17 11:36:45,628 - INFO -   Min: -4.468959
2025-12-17 11:36:45,629 - INFO -   Max: -1.854166
2025-12-17 11:36:45,629 - INFO -   Avg: -3.954899
2025-12-17 11:36:45,629 - INFO -   Std: 0.654654
2025-12-17 11:36:45,670 - INFO - Generation 70
2025-12-17 11:36:45,670 - INFO -   Best: -4.468959
2025-12-17 11:36:45,670 - INFO -   Min: -4.468959
2025-12-17 11:36:45,670 - INFO -   Max: -1.412701
2025-12-17 11:36:45,671 - INFO -   Avg: -4.009930
2025-12-17 11:36:45,671 - INFO -   Std: 0.660104
2025-12-17 11:36:45,713 - INFO - Generation 80
2025-12-17 11:36:45,714 - INFO -   Best: -4.468959
2025-12-17 11:36:45,714 - INFO -   Min: -4.468959
2025-12-17 11:36:45,714 - INFO -   Max: -2.157376
2025-12-17 11:36:45,714 - INFO -   Avg: -3.936491
2025-12-17 11:36:45,714 - INFO -   Std: 0.663614
2025-12-17 11:36:45,756 - INFO - Generation 90
2025-12-17 11:36:45,756 - INFO -   Best: -4.468959
2025-12-17 11:36:45,757 - INFO -   Min: -4.468959
2025-12-17 11:36:45,757 - INFO -   Max: -1.464014
2025-12-17 11:36:45,757 - INFO -   Avg: -3.875823
2025-12-17 11:36:45,757 - INFO -   Std: 0.800098
2025-12-17 11:36:45,799 - INFO - Generation 100
2025-12-17 11:36:45,799 - INFO -   Best: -4.468959
2025-12-17 11:36:45,799 - INFO -   Min: -4.468959
2025-12-17 11:36:45,800 - INFO -   Max: -2.219343
2025-12-17 11:36:45,800 - INFO -   Avg: -3.954073
2025-12-17 11:36:45,800 - INFO -   Std: 0.590163
2025-12-17 11:36:45,842 - INFO - Generation 110
2025-12-17 11:36:45,842 - INFO -   Best: -4.468959
2025-12-17 11:36:45,842 - INFO -   Min: -4.468959
2025-12-17 11:36:45,842 - INFO -   Max: -1.407759
2025-12-17 11:36:45,842 - INFO -   Avg: -4.003413
2025-12-17 11:36:45,842 - INFO -   Std: 0.650121
2025-12-17 11:36:45,883 - INFO - Generation 120
2025-12-17 11:36:45,883 - INFO -   Best: -4.468959
2025-12-17 11:36:45,883 - INFO -   Min: -4.468959
2025-12-17 11:36:45,883 - INFO -   Max: -1.597136
2025-12-17 11:36:45,883 - INFO -   Avg: -4.006720
2025-12-17 11:36:45,884 - INFO -   Std: 0.621285
2025-12-17 11:36:45,924 - INFO - Generation 130
2025-12-17 11:36:45,924 - INFO -   Best: -4.468959
2025-12-17 11:36:45,924 - INFO -   Min: -4.468959
2025-12-17 11:36:45,924 - INFO -   Max: -1.933378
2025-12-17 11:36:45,924 - INFO -   Avg: -4.065879
2025-12-17 11:36:45,925 - INFO -   Std: 0.618844
2025-12-17 11:36:45,965 - INFO - Generation 140
2025-12-17 11:36:45,965 - INFO -   Best: -4.468959
2025-12-17 11:36:45,966 - INFO -   Min: -4.468959
2025-12-17 11:36:45,966 - INFO -   Max: -2.530734
2025-12-17 11:36:45,966 - INFO -   Avg: -4.018717
2025-12-17 11:36:45,966 - INFO -   Std: 0.616805
2025-12-17 11:36:46,009 - INFO - Generation 150
2025-12-17 11:36:46,009 - INFO -   Best: -4.468959
2025-12-17 11:36:46,009 - INFO -   Min: -4.468959
2025-12-17 11:36:46,009 - INFO -   Max: -1.646548
2025-12-17 11:36:46,010 - INFO -   Avg: -3.883745
2025-12-17 11:36:46,010 - INFO -   Std: 0.704133
2025-12-17 11:36:46,051 - INFO - Generation 160
2025-12-17 11:36:46,051 - INFO -   Best: -4.468959
2025-12-17 11:36:46,051 - INFO -   Min: -4.468959
2025-12-17 11:36:46,051 - INFO -   Max: -0.756962
2025-12-17 11:36:46,051 - INFO -   Avg: -3.879957
2025-12-17 11:36:46,051 - INFO -   Std: 0.794133
2025-12-17 11:36:46,095 - INFO - Generation 170
2025-12-17 11:36:46,095 - INFO -   Best: -4.468959
2025-12-17 11:36:46,096 - INFO -   Min: -4.468959
2025-12-17 11:36:46,096 - INFO -   Max: -1.821693
2025-12-17 11:36:46,096 - INFO -   Avg: -3.887245
2025-12-17 11:36:46,096 - INFO -   Std: 0.600247
2025-12-17 11:36:46,137 - INFO - Generation 180
2025-12-17 11:36:46,138 - INFO -   Best: -4.468959
2025-12-17 11:36:46,138 - INFO -   Min: -4.468959
2025-12-17 11:36:46,138 - INFO -   Max: -1.682060
2025-12-17 11:36:46,138 - INFO -   Avg: -3.912842
2025-12-17 11:36:46,138 - INFO -   Std: 0.704145
2025-12-17 11:36:46,179 - INFO - Generation 190
2025-12-17 11:36:46,179 - INFO -   Best: -4.468959
2025-12-17 11:36:46,179 - INFO -   Min: -4.468959
2025-12-17 11:36:46,179 - INFO -   Max: -2.092728
2025-12-17 11:36:46,179 - INFO -   Avg: -3.869476
2025-12-17 11:36:46,180 - INFO -   Std: 0.667022
2025-12-17 11:36:46,219 - INFO - Generation 200
2025-12-17 11:36:46,220 - INFO -   Best: -4.468959
2025-12-17 11:36:46,220 - INFO -   Min: -4.468959
2025-12-17 11:36:46,220 - INFO -   Max: -1.445835
2025-12-17 11:36:46,220 - INFO -   Avg: -4.037422
2025-12-17 11:36:46,220 - INFO -   Std: 0.674593
2025-12-17 11:36:46,223 - INFO - 
Final best fitness: -4.4096393322
2025-12-17 11:36:46,223 - INFO - Execution time: 0.86s
2025-12-17 12:03:04,677 - INFO - Representation: Binary
2025-12-17 12:03:04,677 - INFO - Bits per variable: 12
2025-12-17 12:03:04,677 - INFO - Total genes: 60
2025-12-17 12:03:04,677 - INFO - Function: michalewicz
2025-12-17 12:03:04,677 - INFO - Population size: 100
2025-12-17 12:03:04,678 - INFO - Generations: 200
2025-12-17 12:03:04,678 - INFO - Selection: tournament
2025-12-17 12:03:04,678 - INFO - Crossover: single_point
2025-12-17 12:03:04,678 - INFO - Mutation: random
2025-12-17 12:03:04,678 - INFO - 
2025-12-17 12:03:05,004 - INFO - Generation 10
2025-12-17 12:03:05,004 - INFO -   Best: -4.520597
2025-12-17 12:03:05,004 - INFO -   Min: -4.520597
2025-12-17 12:03:05,005 - INFO -   Max: -0.353138
2025-12-17 12:03:05,005 - INFO -   Avg: -2.621031
2025-12-17 12:03:05,005 - INFO -   Std: 0.950650
2025-12-17 12:03:05,211 - INFO - Generation 20
2025-12-17 12:03:05,211 - INFO -   Best: -4.520597
2025-12-17 12:03:05,211 - INFO -   Min: -4.520597
2025-12-17 12:03:05,212 - INFO -   Max: -0.804571
2025-12-17 12:03:05,212 - INFO -   Avg: -2.849253
2025-12-17 12:03:05,212 - INFO -   Std: 0.856870
2025-12-17 12:03:05,412 - INFO - Generation 30
2025-12-17 12:03:05,413 - INFO -   Best: -4.531991
2025-12-17 12:03:05,413 - INFO -   Min: -4.531991
2025-12-17 12:03:05,413 - INFO -   Max: -1.044568
2025-12-17 12:03:05,413 - INFO -   Avg: -2.947668
2025-12-17 12:03:05,414 - INFO -   Std: 0.848364
2025-12-17 12:03:05,617 - INFO - Generation 40
2025-12-17 12:03:05,617 - INFO -   Best: -4.534803
2025-12-17 12:03:05,617 - INFO -   Min: -4.534803
2025-12-17 12:03:05,617 - INFO -   Max: -0.889307
2025-12-17 12:03:05,617 - INFO -   Avg: -2.799202
2025-12-17 12:03:05,617 - INFO -   Std: 0.866168
2025-12-17 12:03:05,821 - INFO - Generation 50
2025-12-17 12:03:05,821 - INFO -   Best: -4.534898
2025-12-17 12:03:05,821 - INFO -   Min: -4.534898
2025-12-17 12:03:05,821 - INFO -   Max: 0.102211
2025-12-17 12:03:05,821 - INFO -   Avg: -2.425856
2025-12-17 12:03:05,822 - INFO -   Std: 0.937638
2025-12-17 12:03:06,023 - INFO - Generation 60
2025-12-17 12:03:06,023 - INFO -   Best: -4.534898
2025-12-17 12:03:06,024 - INFO -   Min: -4.534898
2025-12-17 12:03:06,024 - INFO -   Max: -0.567600
2025-12-17 12:03:06,024 - INFO -   Avg: -2.538790
2025-12-17 12:03:06,024 - INFO -   Std: 0.928302
2025-12-17 12:03:06,223 - INFO - Generation 70
2025-12-17 12:03:06,223 - INFO -   Best: -4.534898
2025-12-17 12:03:06,224 - INFO -   Min: -4.534898
2025-12-17 12:03:06,224 - INFO -   Max: -1.142367
2025-12-17 12:03:06,224 - INFO -   Avg: -2.953369
2025-12-17 12:03:06,224 - INFO -   Std: 0.806912
2025-12-17 12:03:06,426 - INFO - Generation 80
2025-12-17 12:03:06,426 - INFO -   Best: -4.534898
2025-12-17 12:03:06,426 - INFO -   Min: -4.534898
2025-12-17 12:03:06,427 - INFO -   Max: -0.609629
2025-12-17 12:03:06,427 - INFO -   Avg: -2.579704
2025-12-17 12:03:06,427 - INFO -   Std: 0.883171
2025-12-17 12:03:06,625 - INFO - Generation 90
2025-12-17 12:03:06,626 - INFO -   Best: -4.534898
2025-12-17 12:03:06,626 - INFO -   Min: -4.534898
2025-12-17 12:03:06,626 - INFO -   Max: -0.233399
2025-12-17 12:03:06,626 - INFO -   Avg: -2.529274
2025-12-17 12:03:06,626 - INFO -   Std: 0.941895
2025-12-17 12:03:06,828 - INFO - Generation 100
2025-12-17 12:03:06,828 - INFO -   Best: -4.534898
2025-12-17 12:03:06,828 - INFO -   Min: -4.534898
2025-12-17 12:03:06,828 - INFO -   Max: -0.636839
2025-12-17 12:03:06,828 - INFO -   Avg: -2.663709
2025-12-17 12:03:06,828 - INFO -   Std: 0.866159
2025-12-17 12:03:07,028 - INFO - Generation 110
2025-12-17 12:03:07,028 - INFO -   Best: -4.534898
2025-12-17 12:03:07,029 - INFO -   Min: -4.534898
2025-12-17 12:03:07,029 - INFO -   Max: -0.048027
2025-12-17 12:03:07,029 - INFO -   Avg: -2.495235
2025-12-17 12:03:07,029 - INFO -   Std: 0.999757
2025-12-17 12:03:07,229 - INFO - Generation 120
2025-12-17 12:03:07,229 - INFO -   Best: -4.534898
2025-12-17 12:03:07,229 - INFO -   Min: -4.534898
2025-12-17 12:03:07,229 - INFO -   Max: 0.537011
2025-12-17 12:03:07,229 - INFO -   Avg: -2.449840
2025-12-17 12:03:07,229 - INFO -   Std: 1.047789
2025-12-17 12:03:07,427 - INFO - Generation 130
2025-12-17 12:03:07,427 - INFO -   Best: -4.534898
2025-12-17 12:03:07,428 - INFO -   Min: -4.534898
2025-12-17 12:03:07,428 - INFO -   Max: -0.131422
2025-12-17 12:03:07,428 - INFO -   Avg: -2.476110
2025-12-17 12:03:07,428 - INFO -   Std: 0.906659
2025-12-17 12:03:07,626 - INFO - Generation 140
2025-12-17 12:03:07,626 - INFO -   Best: -4.534898
2025-12-17 12:03:07,626 - INFO -   Min: -4.534898
2025-12-17 12:03:07,626 - INFO -   Max: -0.128498
2025-12-17 12:03:07,626 - INFO -   Avg: -2.639186
2025-12-17 12:03:07,626 - INFO -   Std: 0.975350
2025-12-17 12:03:07,825 - INFO - Generation 150
2025-12-17 12:03:07,826 - INFO -   Best: -4.534898
2025-12-17 12:03:07,827 - INFO -   Min: -4.534898
2025-12-17 12:03:07,827 - INFO -   Max: 0.629148
2025-12-17 12:03:07,827 - INFO -   Avg: -2.467885
2025-12-17 12:03:07,827 - INFO -   Std: 0.944832
2025-12-17 12:03:08,029 - INFO - Generation 160
2025-12-17 12:03:08,029 - INFO -   Best: -4.534898
2025-12-17 12:03:08,029 - INFO -   Min: -4.534898
2025-12-17 12:03:08,030 - INFO -   Max: 0.366974
2025-12-17 12:03:08,030 - INFO -   Avg: -2.454319
2025-12-17 12:03:08,030 - INFO -   Std: 0.853484
2025-12-17 12:03:08,230 - INFO - Generation 170
2025-12-17 12:03:08,231 - INFO -   Best: -4.534898
2025-12-17 12:03:08,231 - INFO -   Min: -4.534898
2025-12-17 12:03:08,231 - INFO -   Max: -0.494649
2025-12-17 12:03:08,231 - INFO -   Avg: -2.671033
2025-12-17 12:03:08,231 - INFO -   Std: 0.923917
2025-12-17 12:03:08,435 - INFO - Generation 180
2025-12-17 12:03:08,435 - INFO -   Best: -4.534898
2025-12-17 12:03:08,435 - INFO -   Min: -4.534898
2025-12-17 12:03:08,435 - INFO -   Max: 0.006114
2025-12-17 12:03:08,435 - INFO -   Avg: -2.685423
2025-12-17 12:03:08,436 - INFO -   Std: 0.912976
2025-12-17 12:03:08,638 - INFO - Generation 190
2025-12-17 12:03:08,638 - INFO -   Best: -4.534898
2025-12-17 12:03:08,638 - INFO -   Min: -4.534898
2025-12-17 12:03:08,638 - INFO -   Max: -0.435530
2025-12-17 12:03:08,638 - INFO -   Avg: -2.652807
2025-12-17 12:03:08,638 - INFO -   Std: 0.956814
2025-12-17 12:03:08,839 - INFO - Generation 200
2025-12-17 12:03:08,840 - INFO -   Best: -4.534898
2025-12-17 12:03:08,840 - INFO -   Min: -4.534898
2025-12-17 12:03:08,840 - INFO -   Max: 0.010521
2025-12-17 12:03:08,840 - INFO -   Avg: -2.550207
2025-12-17 12:03:08,840 - INFO -   Std: 0.926647
2025-12-17 12:03:08,846 - INFO - 
Final best fitness: -4.5348976933
2025-12-17 12:03:08,846 - INFO - Execution time: 4.05s
