2025-12-17 12:11:56,376 - INFO - Representation: Binary
2025-12-17 12:11:56,376 - INFO - Bits per variable: 12
2025-12-17 12:11:56,376 - INFO - Total genes: 120
2025-12-17 12:11:56,376 - INFO - Function: f16_2014
2025-12-17 12:11:56,376 - INFO - Population size: 100
2025-12-17 12:11:56,376 - INFO - Generations: 200
2025-12-17 12:11:56,377 - INFO - Selection: rws
2025-12-17 12:11:56,377 - INFO - Crossover: two_points
2025-12-17 12:11:56,377 - INFO - Mutation: swap
2025-12-17 12:11:56,377 - INFO - 
2025-12-17 12:11:56,807 - INFO - Generation 10
2025-12-17 12:11:56,808 - INFO -   Best: 1604.207284
2025-12-17 12:11:56,808 - INFO -   Min: 1604.207284
2025-12-17 12:11:56,808 - INFO -   Max: 1605.633024
2025-12-17 12:11:56,808 - INFO -   Avg: 1604.989859
2025-12-17 12:11:56,809 - INFO -   Std: 0.213607
2025-12-17 12:11:57,018 - INFO - Generation 20
2025-12-17 12:11:57,018 - INFO -   Best: 1603.877741
2025-12-17 12:11:57,019 - INFO -   Min: 1603.877741
2025-12-17 12:11:57,019 - INFO -   Max: 1605.494233
2025-12-17 12:11:57,019 - INFO -   Avg: 1604.966373
2025-12-17 12:11:57,019 - INFO -   Std: 0.210384
2025-12-17 12:11:57,225 - INFO - Generation 30
2025-12-17 12:11:57,226 - INFO -   Best: 1603.827090
2025-12-17 12:11:57,226 - INFO -   Min: 1603.827090
2025-12-17 12:11:57,226 - INFO -   Max: 1605.489366
2025-12-17 12:11:57,226 - INFO -   Avg: 1604.946384
2025-12-17 12:11:57,226 - INFO -   Std: 0.259385
2025-12-17 12:11:57,441 - INFO - Generation 40
2025-12-17 12:11:57,441 - INFO -   Best: 1603.827090
2025-12-17 12:11:57,441 - INFO -   Min: 1603.827090
2025-12-17 12:11:57,442 - INFO -   Max: 1605.983837
2025-12-17 12:11:57,442 - INFO -   Avg: 1604.941037
2025-12-17 12:11:57,442 - INFO -   Std: 0.247626
2025-12-17 12:11:57,661 - INFO - Generation 50
2025-12-17 12:11:57,662 - INFO -   Best: 1603.827090
2025-12-17 12:11:57,662 - INFO -   Min: 1603.827090
2025-12-17 12:11:57,662 - INFO -   Max: 1606.546037
2025-12-17 12:11:57,662 - INFO -   Avg: 1605.015163
2025-12-17 12:11:57,662 - INFO -   Std: 0.285188
2025-12-17 12:11:57,871 - INFO - Generation 60
2025-12-17 12:11:57,871 - INFO -   Best: 1603.827090
2025-12-17 12:11:57,871 - INFO -   Min: 1603.827090
2025-12-17 12:11:57,872 - INFO -   Max: 1605.698068
2025-12-17 12:11:57,872 - INFO -   Avg: 1604.984993
2025-12-17 12:11:57,872 - INFO -   Std: 0.317270
2025-12-17 12:11:58,082 - INFO - Generation 70
2025-12-17 12:11:58,082 - INFO -   Best: 1603.827090
2025-12-17 12:11:58,082 - INFO -   Min: 1603.827090
2025-12-17 12:11:58,083 - INFO -   Max: 1605.736729
2025-12-17 12:11:58,083 - INFO -   Avg: 1605.044703
2025-12-17 12:11:58,083 - INFO -   Std: 0.313641
2025-12-17 12:11:58,295 - INFO - Generation 80
2025-12-17 12:11:58,296 - INFO -   Best: 1603.827090
2025-12-17 12:11:58,296 - INFO -   Min: 1603.827090
2025-12-17 12:11:58,296 - INFO -   Max: 1605.992053
2025-12-17 12:11:58,296 - INFO -   Avg: 1605.021885
2025-12-17 12:11:58,296 - INFO -   Std: 0.352916
2025-12-17 12:11:58,515 - INFO - Generation 90
2025-12-17 12:11:58,516 - INFO -   Best: 1603.746761
2025-12-17 12:11:58,516 - INFO -   Min: 1603.746761
2025-12-17 12:11:58,516 - INFO -   Max: 1606.088695
2025-12-17 12:11:58,517 - INFO -   Avg: 1604.962730
2025-12-17 12:11:58,517 - INFO -   Std: 0.426684
2025-12-17 12:11:58,727 - INFO - Generation 100
2025-12-17 12:11:58,727 - INFO -   Best: 1603.275166
2025-12-17 12:11:58,728 - INFO -   Min: 1603.275166
2025-12-17 12:11:58,728 - INFO -   Max: 1605.953503
2025-12-17 12:11:58,728 - INFO -   Avg: 1604.873074
2025-12-17 12:11:58,728 - INFO -   Std: 0.487612
2025-12-17 12:11:58,940 - INFO - Generation 110
2025-12-17 12:11:58,941 - INFO -   Best: 1603.275166
2025-12-17 12:11:58,941 - INFO -   Min: 1603.275166
2025-12-17 12:11:58,941 - INFO -   Max: 1605.864794
2025-12-17 12:11:58,941 - INFO -   Avg: 1605.009476
2025-12-17 12:11:58,941 - INFO -   Std: 0.469606
2025-12-17 12:11:59,155 - INFO - Generation 120
2025-12-17 12:11:59,155 - INFO -   Best: 1603.275166
2025-12-17 12:11:59,155 - INFO -   Min: 1603.275166
2025-12-17 12:11:59,156 - INFO -   Max: 1605.967944
2025-12-17 12:11:59,156 - INFO -   Avg: 1604.939370
2025-12-17 12:11:59,156 - INFO -   Std: 0.456824
2025-12-17 12:11:59,370 - INFO - Generation 130
2025-12-17 12:11:59,370 - INFO -   Best: 1603.275166
2025-12-17 12:11:59,371 - INFO -   Min: 1603.275166
2025-12-17 12:11:59,371 - INFO -   Max: 1605.685729
2025-12-17 12:11:59,371 - INFO -   Avg: 1604.880216
2025-12-17 12:11:59,371 - INFO -   Std: 0.445925
2025-12-17 12:11:59,586 - INFO - Generation 140
2025-12-17 12:11:59,586 - INFO -   Best: 1603.275166
2025-12-17 12:11:59,586 - INFO -   Min: 1603.275166
2025-12-17 12:11:59,586 - INFO -   Max: 1605.673001
2025-12-17 12:11:59,586 - INFO -   Avg: 1604.887196
2025-12-17 12:11:59,587 - INFO -   Std: 0.429128
2025-12-17 12:11:59,806 - INFO - Generation 150
2025-12-17 12:11:59,807 - INFO -   Best: 1603.275166
2025-12-17 12:11:59,807 - INFO -   Min: 1603.275166
2025-12-17 12:11:59,807 - INFO -   Max: 1605.635819
2025-12-17 12:11:59,807 - INFO -   Avg: 1604.981096
2025-12-17 12:11:59,807 - INFO -   Std: 0.389953
2025-12-17 12:12:00,026 - INFO - Generation 160
2025-12-17 12:12:00,026 - INFO -   Best: 1603.275166
2025-12-17 12:12:00,026 - INFO -   Min: 1603.275166
2025-12-17 12:12:00,026 - INFO -   Max: 1606.710709
2025-12-17 12:12:00,027 - INFO -   Avg: 1604.990087
2025-12-17 12:12:00,027 - INFO -   Std: 0.453231
2025-12-17 12:12:00,245 - INFO - Generation 170
2025-12-17 12:12:00,245 - INFO -   Best: 1603.217719
2025-12-17 12:12:00,245 - INFO -   Min: 1603.217719
2025-12-17 12:12:00,245 - INFO -   Max: 1605.680757
2025-12-17 12:12:00,245 - INFO -   Avg: 1604.946277
2025-12-17 12:12:00,245 - INFO -   Std: 0.357265
2025-12-17 12:12:00,462 - INFO - Generation 180
2025-12-17 12:12:00,462 - INFO -   Best: 1603.217719
2025-12-17 12:12:00,463 - INFO -   Min: 1603.217719
2025-12-17 12:12:00,463 - INFO -   Max: 1605.649912
2025-12-17 12:12:00,463 - INFO -   Avg: 1604.930983
2025-12-17 12:12:00,463 - INFO -   Std: 0.352343
2025-12-17 12:12:00,677 - INFO - Generation 190
2025-12-17 12:12:00,678 - INFO -   Best: 1603.217719
2025-12-17 12:12:00,678 - INFO -   Min: 1603.217719
2025-12-17 12:12:00,678 - INFO -   Max: 1606.374914
2025-12-17 12:12:00,678 - INFO -   Avg: 1604.933943
2025-12-17 12:12:00,678 - INFO -   Std: 0.468987
2025-12-17 12:12:00,893 - INFO - Generation 200
2025-12-17 12:12:00,894 - INFO -   Best: 1603.188136
2025-12-17 12:12:00,894 - INFO -   Min: 1603.188136
2025-12-17 12:12:00,894 - INFO -   Max: 1605.856424
2025-12-17 12:12:00,894 - INFO -   Avg: 1604.820368
2025-12-17 12:12:00,894 - INFO -   Std: 0.498625
2025-12-17 12:12:00,909 - INFO - 
Final best fitness: 1603.1881356617
2025-12-17 12:12:00,910 - INFO - Execution time: 4.31s
