2025-12-17 12:11:31,884 - INFO - Representation: Binary
2025-12-17 12:11:31,884 - INFO - Bits per variable: 12
2025-12-17 12:11:31,884 - INFO - Total genes: 120
2025-12-17 12:11:31,885 - INFO - Function: f16_2014
2025-12-17 12:11:31,885 - INFO - Population size: 100
2025-12-17 12:11:31,885 - INFO - Generations: 200
2025-12-17 12:11:31,885 - INFO - Selection: rws
2025-12-17 12:11:31,885 - INFO - Crossover: two_points
2025-12-17 12:11:31,885 - INFO - Mutation: swap
2025-12-17 12:11:31,886 - INFO - 
2025-12-17 12:11:32,321 - INFO - Generation 10
2025-12-17 12:11:32,321 - INFO -   Best: 1604.126131
2025-12-17 12:11:32,321 - INFO -   Min: 1604.126131
2025-12-17 12:11:32,321 - INFO -   Max: 1605.768831
2025-12-17 12:11:32,322 - INFO -   Avg: 1604.960582
2025-12-17 12:11:32,322 - INFO -   Std: 0.284937
2025-12-17 12:11:32,529 - INFO - Generation 20
2025-12-17 12:11:32,530 - INFO -   Best: 1604.095235
2025-12-17 12:11:32,530 - INFO -   Min: 1604.095235
2025-12-17 12:11:32,530 - INFO -   Max: 1605.372592
2025-12-17 12:11:32,530 - INFO -   Avg: 1604.975295
2025-12-17 12:11:32,531 - INFO -   Std: 0.184896
2025-12-17 12:11:32,741 - INFO - Generation 30
2025-12-17 12:11:32,741 - INFO -   Best: 1603.716472
2025-12-17 12:11:32,742 - INFO -   Min: 1603.716472
2025-12-17 12:11:32,742 - INFO -   Max: 1605.531978
2025-12-17 12:11:32,742 - INFO -   Avg: 1604.943915
2025-12-17 12:11:32,742 - INFO -   Std: 0.288890
2025-12-17 12:11:32,950 - INFO - Generation 40
2025-12-17 12:11:32,950 - INFO -   Best: 1603.716472
2025-12-17 12:11:32,950 - INFO -   Min: 1603.716472
2025-12-17 12:11:32,950 - INFO -   Max: 1605.742660
2025-12-17 12:11:32,950 - INFO -   Avg: 1604.947201
2025-12-17 12:11:32,951 - INFO -   Std: 0.297856
2025-12-17 12:11:33,160 - INFO - Generation 50
2025-12-17 12:11:33,160 - INFO -   Best: 1603.716472
2025-12-17 12:11:33,160 - INFO -   Min: 1603.716472
2025-12-17 12:11:33,160 - INFO -   Max: 1605.789644
2025-12-17 12:11:33,160 - INFO -   Avg: 1604.977925
2025-12-17 12:11:33,161 - INFO -   Std: 0.292942
2025-12-17 12:11:33,371 - INFO - Generation 60
2025-12-17 12:11:33,371 - INFO -   Best: 1603.716472
2025-12-17 12:11:33,372 - INFO -   Min: 1603.716472
2025-12-17 12:11:33,372 - INFO -   Max: 1605.459024
2025-12-17 12:11:33,372 - INFO -   Avg: 1604.961132
2025-12-17 12:11:33,372 - INFO -   Std: 0.281103
2025-12-17 12:11:33,582 - INFO - Generation 70
2025-12-17 12:11:33,583 - INFO -   Best: 1603.705890
2025-12-17 12:11:33,583 - INFO -   Min: 1603.705890
2025-12-17 12:11:33,583 - INFO -   Max: 1605.605678
2025-12-17 12:11:33,583 - INFO -   Avg: 1604.943129
2025-12-17 12:11:33,583 - INFO -   Std: 0.246382
2025-12-17 12:11:33,795 - INFO - Generation 80
2025-12-17 12:11:33,795 - INFO -   Best: 1603.705890
2025-12-17 12:11:33,795 - INFO -   Min: 1603.705890
2025-12-17 12:11:33,795 - INFO -   Max: 1605.790210
2025-12-17 12:11:33,795 - INFO -   Avg: 1604.963301
2025-12-17 12:11:33,796 - INFO -   Std: 0.284025
2025-12-17 12:11:34,007 - INFO - Generation 90
2025-12-17 12:11:34,007 - INFO -   Best: 1603.561138
2025-12-17 12:11:34,008 - INFO -   Min: 1603.561138
2025-12-17 12:11:34,008 - INFO -   Max: 1605.504356
2025-12-17 12:11:34,008 - INFO -   Avg: 1604.944420
2025-12-17 12:11:34,008 - INFO -   Std: 0.287869
2025-12-17 12:11:34,220 - INFO - Generation 100
2025-12-17 12:11:34,220 - INFO -   Best: 1603.561138
2025-12-17 12:11:34,220 - INFO -   Min: 1603.561138
2025-12-17 12:11:34,221 - INFO -   Max: 1605.841590
2025-12-17 12:11:34,221 - INFO -   Avg: 1605.004775
2025-12-17 12:11:34,221 - INFO -   Std: 0.351890
2025-12-17 12:11:34,430 - INFO - Generation 110
2025-12-17 12:11:34,430 - INFO -   Best: 1603.561138
2025-12-17 12:11:34,430 - INFO -   Min: 1603.561138
2025-12-17 12:11:34,431 - INFO -   Max: 1605.875360
2025-12-17 12:11:34,431 - INFO -   Avg: 1604.955910
2025-12-17 12:11:34,431 - INFO -   Std: 0.358295
2025-12-17 12:11:34,640 - INFO - Generation 120
2025-12-17 12:11:34,640 - INFO -   Best: 1603.561138
2025-12-17 12:11:34,640 - INFO -   Min: 1603.561138
2025-12-17 12:11:34,640 - INFO -   Max: 1605.475578
2025-12-17 12:11:34,640 - INFO -   Avg: 1604.930088
2025-12-17 12:11:34,640 - INFO -   Std: 0.296011
2025-12-17 12:11:34,852 - INFO - Generation 130
2025-12-17 12:11:34,853 - INFO -   Best: 1603.492937
2025-12-17 12:11:34,853 - INFO -   Min: 1603.492937
2025-12-17 12:11:34,853 - INFO -   Max: 1605.450089
2025-12-17 12:11:34,853 - INFO -   Avg: 1604.918896
2025-12-17 12:11:34,853 - INFO -   Std: 0.363656
2025-12-17 12:11:35,076 - INFO - Generation 140
2025-12-17 12:11:35,076 - INFO -   Best: 1603.422755
2025-12-17 12:11:35,076 - INFO -   Min: 1603.422755
2025-12-17 12:11:35,076 - INFO -   Max: 1605.525589
2025-12-17 12:11:35,076 - INFO -   Avg: 1604.872938
2025-12-17 12:11:35,077 - INFO -   Std: 0.374626
2025-12-17 12:11:35,294 - INFO - Generation 150
2025-12-17 12:11:35,294 - INFO -   Best: 1603.413845
2025-12-17 12:11:35,294 - INFO -   Min: 1603.413845
2025-12-17 12:11:35,294 - INFO -   Max: 1606.216284
2025-12-17 12:11:35,294 - INFO -   Avg: 1604.893256
2025-12-17 12:11:35,295 - INFO -   Std: 0.434918
2025-12-17 12:11:35,511 - INFO - Generation 160
2025-12-17 12:11:35,511 - INFO -   Best: 1603.413845
2025-12-17 12:11:35,511 - INFO -   Min: 1603.413845
2025-12-17 12:11:35,512 - INFO -   Max: 1605.519015
2025-12-17 12:11:35,512 - INFO -   Avg: 1604.808376
2025-12-17 12:11:35,512 - INFO -   Std: 0.406690
2025-12-17 12:11:35,727 - INFO - Generation 170
2025-12-17 12:11:35,727 - INFO -   Best: 1603.310543
2025-12-17 12:11:35,727 - INFO -   Min: 1603.310543
2025-12-17 12:11:35,728 - INFO -   Max: 1605.765687
2025-12-17 12:11:35,728 - INFO -   Avg: 1604.958588
2025-12-17 12:11:35,728 - INFO -   Std: 0.417978
2025-12-17 12:11:35,947 - INFO - Generation 180
2025-12-17 12:11:35,947 - INFO -   Best: 1602.940200
2025-12-17 12:11:35,948 - INFO -   Min: 1602.940200
2025-12-17 12:11:35,948 - INFO -   Max: 1605.947987
2025-12-17 12:11:35,948 - INFO -   Avg: 1604.882931
2025-12-17 12:11:35,948 - INFO -   Std: 0.422798
2025-12-17 12:11:36,166 - INFO - Generation 190
2025-12-17 12:11:36,166 - INFO -   Best: 1602.940200
2025-12-17 12:11:36,166 - INFO -   Min: 1602.940200
2025-12-17 12:11:36,166 - INFO -   Max: 1606.002797
2025-12-17 12:11:36,166 - INFO -   Avg: 1604.681380
2025-12-17 12:11:36,166 - INFO -   Std: 0.544058
2025-12-17 12:11:36,391 - INFO - Generation 200
2025-12-17 12:11:36,392 - INFO -   Best: 1602.940200
2025-12-17 12:11:36,392 - INFO -   Min: 1602.940200
2025-12-17 12:11:36,392 - INFO -   Max: 1605.887595
2025-12-17 12:11:36,392 - INFO -   Avg: 1604.761760
2025-12-17 12:11:36,392 - INFO -   Std: 0.530104
2025-12-17 12:11:36,409 - INFO - 
Final best fitness: 1603.2457788455
2025-12-17 12:11:36,409 - INFO - Execution time: 4.30s
