2025-12-17 12:23:08,347 - INFO - Representation: Real
2025-12-17 12:23:08,347 - INFO - Number of genes: 10
2025-12-17 12:23:08,348 - INFO - Bounds: [0, 3.141592653589793]
2025-12-17 12:23:08,348 - INFO - Function: michalewicz
2025-12-17 12:23:08,348 - INFO - Population size: 100
2025-12-17 12:23:08,348 - INFO - Generations: 200
2025-12-17 12:23:08,348 - INFO - Selection: rws
2025-12-17 12:23:08,348 - INFO - Crossover: two_points
2025-12-17 12:23:08,349 - INFO - Mutation: swap
2025-12-17 12:23:08,349 - INFO - 
2025-12-17 12:23:08,412 - INFO - Generation 10
2025-12-17 12:23:08,413 - INFO -   Best: -7.029199
2025-12-17 12:23:08,413 - INFO -   Min: -7.029199
2025-12-17 12:23:08,413 - INFO -   Max: -1.751048
2025-12-17 12:23:08,413 - INFO -   Avg: -3.955659
2025-12-17 12:23:08,414 - INFO -   Std: 1.235741
2025-12-17 12:23:08,464 - INFO - Generation 20
2025-12-17 12:23:08,464 - INFO -   Best: -7.408571
2025-12-17 12:23:08,464 - INFO -   Min: -7.408571
2025-12-17 12:23:08,465 - INFO -   Max: -1.876374
2025-12-17 12:23:08,465 - INFO -   Avg: -4.881129
2025-12-17 12:23:08,465 - INFO -   Std: 1.077065
2025-12-17 12:23:08,516 - INFO - Generation 30
2025-12-17 12:23:08,516 - INFO -   Best: -8.053634
2025-12-17 12:23:08,516 - INFO -   Min: -8.053634
2025-12-17 12:23:08,516 - INFO -   Max: -2.972916
2025-12-17 12:23:08,517 - INFO -   Avg: -5.853723
2025-12-17 12:23:08,517 - INFO -   Std: 1.053913
2025-12-17 12:23:08,568 - INFO - Generation 40
2025-12-17 12:23:08,569 - INFO -   Best: -8.053634
2025-12-17 12:23:08,569 - INFO -   Min: -8.053634
2025-12-17 12:23:08,569 - INFO -   Max: -4.128412
2025-12-17 12:23:08,569 - INFO -   Avg: -6.137289
2025-12-17 12:23:08,569 - INFO -   Std: 0.841278
2025-12-17 12:23:08,620 - INFO - Generation 50
2025-12-17 12:23:08,620 - INFO -   Best: -8.053634
2025-12-17 12:23:08,620 - INFO -   Min: -8.053634
2025-12-17 12:23:08,620 - INFO -   Max: -3.409220
2025-12-17 12:23:08,620 - INFO -   Avg: -6.169889
2025-12-17 12:23:08,621 - INFO -   Std: 0.975001
2025-12-17 12:23:08,671 - INFO - Generation 60
2025-12-17 12:23:08,671 - INFO -   Best: -8.053634
2025-12-17 12:23:08,671 - INFO -   Min: -8.053634
2025-12-17 12:23:08,671 - INFO -   Max: -4.173212
2025-12-17 12:23:08,671 - INFO -   Avg: -6.018929
2025-12-17 12:23:08,672 - INFO -   Std: 0.868977
2025-12-17 12:23:08,718 - INFO - Generation 70
2025-12-17 12:23:08,719 - INFO -   Best: -8.053634
2025-12-17 12:23:08,719 - INFO -   Min: -8.053634
2025-12-17 12:23:08,719 - INFO -   Max: -4.226087
2025-12-17 12:23:08,719 - INFO -   Avg: -6.197683
2025-12-17 12:23:08,719 - INFO -   Std: 0.822892
2025-12-17 12:23:08,767 - INFO - Generation 80
2025-12-17 12:23:08,767 - INFO -   Best: -8.053634
2025-12-17 12:23:08,767 - INFO -   Min: -8.053634
2025-12-17 12:23:08,767 - INFO -   Max: -3.409220
2025-12-17 12:23:08,767 - INFO -   Avg: -6.034858
2025-12-17 12:23:08,768 - INFO -   Std: 1.021867
2025-12-17 12:23:08,816 - INFO - Generation 90
2025-12-17 12:23:08,816 - INFO -   Best: -8.053634
2025-12-17 12:23:08,816 - INFO -   Min: -8.053634
2025-12-17 12:23:08,817 - INFO -   Max: -3.888946
2025-12-17 12:23:08,817 - INFO -   Avg: -6.069251
2025-12-17 12:23:08,817 - INFO -   Std: 0.932376
2025-12-17 12:23:08,862 - INFO - Generation 100
2025-12-17 12:23:08,863 - INFO -   Best: -8.053634
2025-12-17 12:23:08,863 - INFO -   Min: -8.053634
2025-12-17 12:23:08,863 - INFO -   Max: -3.664324
2025-12-17 12:23:08,863 - INFO -   Avg: -6.167849
2025-12-17 12:23:08,863 - INFO -   Std: 0.890441
2025-12-17 12:23:08,910 - INFO - Generation 110
2025-12-17 12:23:08,910 - INFO -   Best: -8.053634
2025-12-17 12:23:08,910 - INFO -   Min: -8.053634
2025-12-17 12:23:08,911 - INFO -   Max: -4.173212
2025-12-17 12:23:08,911 - INFO -   Avg: -6.136784
2025-12-17 12:23:08,911 - INFO -   Std: 0.821223
2025-12-17 12:23:08,956 - INFO - Generation 120
2025-12-17 12:23:08,957 - INFO -   Best: -8.053634
2025-12-17 12:23:08,957 - INFO -   Min: -8.053634
2025-12-17 12:23:08,957 - INFO -   Max: -3.409220
2025-12-17 12:23:08,957 - INFO -   Avg: -6.303268
2025-12-17 12:23:08,957 - INFO -   Std: 0.792924
2025-12-17 12:23:09,001 - INFO - Generation 130
2025-12-17 12:23:09,001 - INFO -   Best: -8.053634
2025-12-17 12:23:09,002 - INFO -   Min: -8.053634
2025-12-17 12:23:09,002 - INFO -   Max: -4.347007
2025-12-17 12:23:09,002 - INFO -   Avg: -6.038432
2025-12-17 12:23:09,002 - INFO -   Std: 0.780965
2025-12-17 12:23:09,048 - INFO - Generation 140
2025-12-17 12:23:09,048 - INFO -   Best: -8.053634
2025-12-17 12:23:09,048 - INFO -   Min: -8.053634
2025-12-17 12:23:09,048 - INFO -   Max: -4.652938
2025-12-17 12:23:09,048 - INFO -   Avg: -6.097243
2025-12-17 12:23:09,049 - INFO -   Std: 0.719922
2025-12-17 12:23:09,094 - INFO - Generation 150
2025-12-17 12:23:09,094 - INFO -   Best: -8.053634
2025-12-17 12:23:09,094 - INFO -   Min: -8.053634
2025-12-17 12:23:09,094 - INFO -   Max: -4.173212
2025-12-17 12:23:09,094 - INFO -   Avg: -6.178650
2025-12-17 12:23:09,095 - INFO -   Std: 0.911942
2025-12-17 12:23:09,139 - INFO - Generation 160
2025-12-17 12:23:09,140 - INFO -   Best: -8.053634
2025-12-17 12:23:09,140 - INFO -   Min: -8.053634
2025-12-17 12:23:09,140 - INFO -   Max: -4.173212
2025-12-17 12:23:09,140 - INFO -   Avg: -6.079592
2025-12-17 12:23:09,140 - INFO -   Std: 0.763949
2025-12-17 12:23:09,184 - INFO - Generation 170
2025-12-17 12:23:09,185 - INFO -   Best: -8.053634
2025-12-17 12:23:09,185 - INFO -   Min: -8.053634
2025-12-17 12:23:09,185 - INFO -   Max: -4.397834
2025-12-17 12:23:09,185 - INFO -   Avg: -6.312843
2025-12-17 12:23:09,185 - INFO -   Std: 0.864950
2025-12-17 12:23:09,232 - INFO - Generation 180
2025-12-17 12:23:09,232 - INFO -   Best: -8.053634
2025-12-17 12:23:09,233 - INFO -   Min: -8.053634
2025-12-17 12:23:09,233 - INFO -   Max: -3.409220
2025-12-17 12:23:09,233 - INFO -   Avg: -6.131931
2025-12-17 12:23:09,233 - INFO -   Std: 0.993984
2025-12-17 12:23:09,281 - INFO - Generation 190
2025-12-17 12:23:09,281 - INFO -   Best: -8.053634
2025-12-17 12:23:09,281 - INFO -   Min: -8.053634
2025-12-17 12:23:09,281 - INFO -   Max: -4.142616
2025-12-17 12:23:09,282 - INFO -   Avg: -5.972530
2025-12-17 12:23:09,282 - INFO -   Std: 0.963984
2025-12-17 12:23:09,329 - INFO - Generation 200
2025-12-17 12:23:09,329 - INFO -   Best: -8.053634
2025-12-17 12:23:09,329 - INFO -   Min: -8.053634
2025-12-17 12:23:09,330 - INFO -   Max: -3.888946
2025-12-17 12:23:09,330 - INFO -   Avg: -5.954057
2025-12-17 12:23:09,330 - INFO -   Std: 0.952275
2025-12-17 12:23:09,334 - INFO - 
Final best fitness: -8.0190746600
2025-12-17 12:23:09,334 - INFO - Execution time: 0.97s
