2025-12-17 12:24:06,153 - INFO - Representation: Real
2025-12-17 12:24:06,154 - INFO - Number of genes: 2
2025-12-17 12:24:06,154 - INFO - Bounds: [0, 3.141592653589793]
2025-12-17 12:24:06,154 - INFO - Function: michalewicz
2025-12-17 12:24:06,154 - INFO - Population size: 100
2025-12-17 12:24:06,154 - INFO - Generations: 200
2025-12-17 12:24:06,155 - INFO - Selection: rws
2025-12-17 12:24:06,155 - INFO - Crossover: two_points
2025-12-17 12:24:06,155 - INFO - Mutation: swap
2025-12-17 12:24:06,155 - INFO - 
2025-12-17 12:24:06,206 - INFO - Generation 10
2025-12-17 12:24:06,206 - INFO -   Best: -1.718304
2025-12-17 12:24:06,206 - INFO -   Min: -1.718304
2025-12-17 12:24:06,207 - INFO -   Max: -0.000263
2025-12-17 12:24:06,207 - INFO -   Avg: -0.954338
2025-12-17 12:24:06,207 - INFO -   Std: 0.224701
2025-12-17 12:24:06,251 - INFO - Generation 20
2025-12-17 12:24:06,252 - INFO -   Best: -1.718304
2025-12-17 12:24:06,252 - INFO -   Min: -1.718304
2025-12-17 12:24:06,252 - INFO -   Max: -0.816718
2025-12-17 12:24:06,252 - INFO -   Avg: -0.998475
2025-12-17 12:24:06,252 - INFO -   Std: 0.111863
2025-12-17 12:24:06,296 - INFO - Generation 30
2025-12-17 12:24:06,296 - INFO -   Best: -1.718304
2025-12-17 12:24:06,296 - INFO -   Min: -1.718304
2025-12-17 12:24:06,296 - INFO -   Max: -0.000263
2025-12-17 12:24:06,297 - INFO -   Avg: -0.958760
2025-12-17 12:24:06,297 - INFO -   Std: 0.223198
2025-12-17 12:24:06,343 - INFO - Generation 40
2025-12-17 12:24:06,343 - INFO -   Best: -1.718304
2025-12-17 12:24:06,344 - INFO -   Min: -1.718304
2025-12-17 12:24:06,344 - INFO -   Max: -0.000263
2025-12-17 12:24:06,344 - INFO -   Avg: -0.934211
2025-12-17 12:24:06,344 - INFO -   Std: 0.242013
2025-12-17 12:24:06,389 - INFO - Generation 50
2025-12-17 12:24:06,390 - INFO -   Best: -1.718304
2025-12-17 12:24:06,390 - INFO -   Min: -1.718304
2025-12-17 12:24:06,390 - INFO -   Max: -0.000263
2025-12-17 12:24:06,390 - INFO -   Avg: -0.936366
2025-12-17 12:24:06,390 - INFO -   Std: 0.222803
2025-12-17 12:24:06,433 - INFO - Generation 60
2025-12-17 12:24:06,434 - INFO -   Best: -1.718304
2025-12-17 12:24:06,434 - INFO -   Min: -1.718304
2025-12-17 12:24:06,434 - INFO -   Max: -0.000263
2025-12-17 12:24:06,434 - INFO -   Avg: -0.939519
2025-12-17 12:24:06,434 - INFO -   Std: 0.277107
2025-12-17 12:24:06,476 - INFO - Generation 70
2025-12-17 12:24:06,476 - INFO -   Best: -1.718304
2025-12-17 12:24:06,476 - INFO -   Min: -1.718304
2025-12-17 12:24:06,477 - INFO -   Max: -0.902756
2025-12-17 12:24:06,477 - INFO -   Avg: -0.999934
2025-12-17 12:24:06,477 - INFO -   Std: 0.106963
2025-12-17 12:24:06,519 - INFO - Generation 80
2025-12-17 12:24:06,520 - INFO -   Best: -1.718304
2025-12-17 12:24:06,520 - INFO -   Min: -1.718304
2025-12-17 12:24:06,520 - INFO -   Max: -0.000263
2025-12-17 12:24:06,520 - INFO -   Avg: -0.958217
2025-12-17 12:24:06,520 - INFO -   Std: 0.223189
2025-12-17 12:24:06,566 - INFO - Generation 90
2025-12-17 12:24:06,566 - INFO -   Best: -1.718304
2025-12-17 12:24:06,566 - INFO -   Min: -1.718304
2025-12-17 12:24:06,567 - INFO -   Max: -0.000942
2025-12-17 12:24:06,567 - INFO -   Avg: -0.988402
2025-12-17 12:24:06,567 - INFO -   Std: 0.146497
2025-12-17 12:24:06,607 - INFO - Generation 100
2025-12-17 12:24:06,607 - INFO -   Best: -1.718304
2025-12-17 12:24:06,607 - INFO -   Min: -1.718304
2025-12-17 12:24:06,607 - INFO -   Max: -0.000942
2025-12-17 12:24:06,607 - INFO -   Avg: -0.947349
2025-12-17 12:24:06,608 - INFO -   Std: 0.242580
2025-12-17 12:24:06,648 - INFO - Generation 110
2025-12-17 12:24:06,648 - INFO -   Best: -1.718304
2025-12-17 12:24:06,649 - INFO -   Min: -1.718304
2025-12-17 12:24:06,649 - INFO -   Max: -0.000339
2025-12-17 12:24:06,649 - INFO -   Avg: -0.946243
2025-12-17 12:24:06,649 - INFO -   Std: 0.242586
2025-12-17 12:24:06,689 - INFO - Generation 120
2025-12-17 12:24:06,689 - INFO -   Best: -1.718304
2025-12-17 12:24:06,689 - INFO -   Min: -1.718304
2025-12-17 12:24:06,690 - INFO -   Max: -0.000339
2025-12-17 12:24:06,690 - INFO -   Avg: -0.964653
2025-12-17 12:24:06,690 - INFO -   Std: 0.242301
2025-12-17 12:24:06,732 - INFO - Generation 130
2025-12-17 12:24:06,733 - INFO -   Best: -1.718304
2025-12-17 12:24:06,733 - INFO -   Min: -1.718304
2025-12-17 12:24:06,733 - INFO -   Max: -0.000339
2025-12-17 12:24:06,733 - INFO -   Avg: -0.943211
2025-12-17 12:24:06,733 - INFO -   Std: 0.260434
2025-12-17 12:24:06,773 - INFO - Generation 140
2025-12-17 12:24:06,773 - INFO -   Best: -1.718304
2025-12-17 12:24:06,774 - INFO -   Min: -1.718304
2025-12-17 12:24:06,774 - INFO -   Max: -0.902831
2025-12-17 12:24:06,774 - INFO -   Avg: -1.007999
2025-12-17 12:24:06,774 - INFO -   Std: 0.103050
2025-12-17 12:24:06,816 - INFO - Generation 150
2025-12-17 12:24:06,816 - INFO -   Best: -1.718304
2025-12-17 12:24:06,817 - INFO -   Min: -1.718304
2025-12-17 12:24:06,817 - INFO -   Max: -0.000339
2025-12-17 12:24:06,817 - INFO -   Avg: -0.985990
2025-12-17 12:24:06,817 - INFO -   Std: 0.147025
2025-12-17 12:24:06,859 - INFO - Generation 160
2025-12-17 12:24:06,859 - INFO -   Best: -1.718304
2025-12-17 12:24:06,860 - INFO -   Min: -1.718304
2025-12-17 12:24:06,860 - INFO -   Max: -0.000339
2025-12-17 12:24:06,860 - INFO -   Avg: -0.968737
2025-12-17 12:24:06,860 - INFO -   Std: 0.222631
2025-12-17 12:24:06,902 - INFO - Generation 170
2025-12-17 12:24:06,902 - INFO -   Best: -1.718304
2025-12-17 12:24:06,902 - INFO -   Min: -1.718304
2025-12-17 12:24:06,902 - INFO -   Max: -0.000942
2025-12-17 12:24:06,903 - INFO -   Avg: -0.981009
2025-12-17 12:24:06,903 - INFO -   Std: 0.199966
2025-12-17 12:24:06,944 - INFO - Generation 180
2025-12-17 12:24:06,945 - INFO -   Best: -1.718304
2025-12-17 12:24:06,945 - INFO -   Min: -1.718304
2025-12-17 12:24:06,945 - INFO -   Max: -0.000942
2025-12-17 12:24:06,945 - INFO -   Avg: -0.988123
2025-12-17 12:24:06,945 - INFO -   Std: 0.174656
2025-12-17 12:24:06,985 - INFO - Generation 190
2025-12-17 12:24:06,986 - INFO -   Best: -1.718304
2025-12-17 12:24:06,986 - INFO -   Min: -1.718304
2025-12-17 12:24:06,986 - INFO -   Max: -0.903435
2025-12-17 12:24:06,986 - INFO -   Avg: -1.013945
2025-12-17 12:24:06,987 - INFO -   Std: 0.099641
2025-12-17 12:24:07,025 - INFO - Generation 200
2025-12-17 12:24:07,025 - INFO -   Best: -1.718304
2025-12-17 12:24:07,026 - INFO -   Min: -1.718304
2025-12-17 12:24:07,026 - INFO -   Max: -1.000206
2025-12-17 12:24:07,026 - INFO -   Avg: -1.014767
2025-12-17 12:24:07,026 - INFO -   Std: 0.099052
2025-12-17 12:24:07,029 - INFO - 
Final best fitness: -1.7183037000
2025-12-17 12:24:07,030 - INFO - Execution time: 0.87s
