2025-12-17 12:07:55,885 - INFO - Representation: Binary
2025-12-17 12:07:55,885 - INFO - Bits per variable: 12
2025-12-17 12:07:55,885 - INFO - Total genes: 24
2025-12-17 12:07:55,885 - INFO - Function: michalewicz
2025-12-17 12:07:55,885 - INFO - Population size: 100
2025-12-17 12:07:55,885 - INFO - Generations: 200
2025-12-17 12:07:55,886 - INFO - Selection: rws
2025-12-17 12:07:55,886 - INFO - Crossover: two_points
2025-12-17 12:07:55,886 - INFO - Mutation: swap
2025-12-17 12:07:55,886 - INFO - 
2025-12-17 12:07:55,990 - INFO - Generation 10
2025-12-17 12:07:55,990 - INFO -   Best: -1.800802
2025-12-17 12:07:55,990 - INFO -   Min: -1.800802
2025-12-17 12:07:55,990 - INFO -   Max: -0.000000
2025-12-17 12:07:55,991 - INFO -   Avg: -1.167682
2025-12-17 12:07:55,992 - INFO -   Std: 0.582487
2025-12-17 12:07:56,054 - INFO - Generation 20
2025-12-17 12:07:56,054 - INFO -   Best: -1.801278
2025-12-17 12:07:56,054 - INFO -   Min: -1.801278
2025-12-17 12:07:56,055 - INFO -   Max: -0.000000
2025-12-17 12:07:56,055 - INFO -   Avg: -1.206632
2025-12-17 12:07:56,055 - INFO -   Std: 0.585938
2025-12-17 12:07:56,116 - INFO - Generation 30
2025-12-17 12:07:56,117 - INFO -   Best: -1.801278
2025-12-17 12:07:56,117 - INFO -   Min: -1.801278
2025-12-17 12:07:56,117 - INFO -   Max: -0.000000
2025-12-17 12:07:56,117 - INFO -   Avg: -1.254124
2025-12-17 12:07:56,117 - INFO -   Std: 0.647105
2025-12-17 12:07:56,179 - INFO - Generation 40
2025-12-17 12:07:56,179 - INFO -   Best: -1.801296
2025-12-17 12:07:56,179 - INFO -   Min: -1.801296
2025-12-17 12:07:56,179 - INFO -   Max: -0.000000
2025-12-17 12:07:56,179 - INFO -   Avg: -1.366216
2025-12-17 12:07:56,180 - INFO -   Std: 0.603020
2025-12-17 12:07:56,239 - INFO - Generation 50
2025-12-17 12:07:56,239 - INFO -   Best: -1.801296
2025-12-17 12:07:56,239 - INFO -   Min: -1.801296
2025-12-17 12:07:56,239 - INFO -   Max: -0.000000
2025-12-17 12:07:56,240 - INFO -   Avg: -1.332053
2025-12-17 12:07:56,240 - INFO -   Std: 0.613705
2025-12-17 12:07:56,299 - INFO - Generation 60
2025-12-17 12:07:56,299 - INFO -   Best: -1.801296
2025-12-17 12:07:56,300 - INFO -   Min: -1.801296
2025-12-17 12:07:56,300 - INFO -   Max: -0.000000
2025-12-17 12:07:56,300 - INFO -   Avg: -1.329336
2025-12-17 12:07:56,300 - INFO -   Std: 0.631553
2025-12-17 12:07:56,361 - INFO - Generation 70
2025-12-17 12:07:56,361 - INFO -   Best: -1.801296
2025-12-17 12:07:56,361 - INFO -   Min: -1.801296
2025-12-17 12:07:56,361 - INFO -   Max: -0.000000
2025-12-17 12:07:56,361 - INFO -   Avg: -1.223527
2025-12-17 12:07:56,362 - INFO -   Std: 0.684149
2025-12-17 12:07:56,420 - INFO - Generation 80
2025-12-17 12:07:56,420 - INFO -   Best: -1.801296
2025-12-17 12:07:56,420 - INFO -   Min: -1.801296
2025-12-17 12:07:56,420 - INFO -   Max: -0.000000
2025-12-17 12:07:56,420 - INFO -   Avg: -1.355935
2025-12-17 12:07:56,421 - INFO -   Std: 0.639117
2025-12-17 12:07:56,479 - INFO - Generation 90
2025-12-17 12:07:56,479 - INFO -   Best: -1.801296
2025-12-17 12:07:56,479 - INFO -   Min: -1.801296
2025-12-17 12:07:56,479 - INFO -   Max: -0.000000
2025-12-17 12:07:56,479 - INFO -   Avg: -1.257523
2025-12-17 12:07:56,480 - INFO -   Std: 0.672009
2025-12-17 12:07:56,535 - INFO - Generation 100
2025-12-17 12:07:56,535 - INFO -   Best: -1.801296
2025-12-17 12:07:56,536 - INFO -   Min: -1.801296
2025-12-17 12:07:56,536 - INFO -   Max: -0.000000
2025-12-17 12:07:56,536 - INFO -   Avg: -1.395475
2025-12-17 12:07:56,536 - INFO -   Std: 0.535843
2025-12-17 12:07:56,593 - INFO - Generation 110
2025-12-17 12:07:56,593 - INFO -   Best: -1.801296
2025-12-17 12:07:56,594 - INFO -   Min: -1.801296
2025-12-17 12:07:56,594 - INFO -   Max: -0.000000
2025-12-17 12:07:56,594 - INFO -   Avg: -1.352386
2025-12-17 12:07:56,594 - INFO -   Std: 0.594970
2025-12-17 12:07:56,652 - INFO - Generation 120
2025-12-17 12:07:56,652 - INFO -   Best: -1.801296
2025-12-17 12:07:56,653 - INFO -   Min: -1.801296
2025-12-17 12:07:56,653 - INFO -   Max: -0.000000
2025-12-17 12:07:56,653 - INFO -   Avg: -1.322852
2025-12-17 12:07:56,653 - INFO -   Std: 0.566428
2025-12-17 12:07:56,708 - INFO - Generation 130
2025-12-17 12:07:56,708 - INFO -   Best: -1.801296
2025-12-17 12:07:56,708 - INFO -   Min: -1.801296
2025-12-17 12:07:56,709 - INFO -   Max: -0.000000
2025-12-17 12:07:56,709 - INFO -   Avg: -1.375930
2025-12-17 12:07:56,709 - INFO -   Std: 0.606425
2025-12-17 12:07:56,766 - INFO - Generation 140
2025-12-17 12:07:56,767 - INFO -   Best: -1.801296
2025-12-17 12:07:56,767 - INFO -   Min: -1.801296
2025-12-17 12:07:56,767 - INFO -   Max: -0.000000
2025-12-17 12:07:56,767 - INFO -   Avg: -1.363638
2025-12-17 12:07:56,767 - INFO -   Std: 0.558651
2025-12-17 12:07:56,826 - INFO - Generation 150
2025-12-17 12:07:56,826 - INFO -   Best: -1.801296
2025-12-17 12:07:56,826 - INFO -   Min: -1.801296
2025-12-17 12:07:56,826 - INFO -   Max: -0.000000
2025-12-17 12:07:56,826 - INFO -   Avg: -1.281185
2025-12-17 12:07:56,826 - INFO -   Std: 0.627544
2025-12-17 12:07:56,885 - INFO - Generation 160
2025-12-17 12:07:56,885 - INFO -   Best: -1.801296
2025-12-17 12:07:56,885 - INFO -   Min: -1.801296
2025-12-17 12:07:56,885 - INFO -   Max: -0.000000
2025-12-17 12:07:56,885 - INFO -   Avg: -1.242885
2025-12-17 12:07:56,885 - INFO -   Std: 0.611451
2025-12-17 12:07:56,943 - INFO - Generation 170
2025-12-17 12:07:56,943 - INFO -   Best: -1.801296
2025-12-17 12:07:56,943 - INFO -   Min: -1.801296
2025-12-17 12:07:56,943 - INFO -   Max: -0.000000
2025-12-17 12:07:56,943 - INFO -   Avg: -1.305701
2025-12-17 12:07:56,944 - INFO -   Std: 0.573339
2025-12-17 12:07:57,001 - INFO - Generation 180
2025-12-17 12:07:57,002 - INFO -   Best: -1.801296
2025-12-17 12:07:57,002 - INFO -   Min: -1.801296
2025-12-17 12:07:57,002 - INFO -   Max: -0.000000
2025-12-17 12:07:57,002 - INFO -   Avg: -1.320953
2025-12-17 12:07:57,002 - INFO -   Std: 0.642961
2025-12-17 12:07:57,059 - INFO - Generation 190
2025-12-17 12:07:57,059 - INFO -   Best: -1.801296
2025-12-17 12:07:57,059 - INFO -   Min: -1.801296
2025-12-17 12:07:57,059 - INFO -   Max: -0.000000
2025-12-17 12:07:57,060 - INFO -   Avg: -1.353810
2025-12-17 12:07:57,060 - INFO -   Std: 0.637417
2025-12-17 12:07:57,120 - INFO - Generation 200
2025-12-17 12:07:57,120 - INFO -   Best: -1.801296
2025-12-17 12:07:57,120 - INFO -   Min: -1.801296
2025-12-17 12:07:57,120 - INFO -   Max: -0.000000
2025-12-17 12:07:57,121 - INFO -   Avg: -1.379263
2025-12-17 12:07:57,121 - INFO -   Std: 0.567759
2025-12-17 12:07:57,125 - INFO - 
Final best fitness: -1.7995878209
2025-12-17 12:07:57,125 - INFO - Execution time: 1.19s
