2025-12-17 12:22:26,843 - INFO - Representation: Real
2025-12-17 12:22:26,843 - INFO - Number of genes: 10
2025-12-17 12:22:26,843 - INFO - Bounds: [-100, 100]
2025-12-17 12:22:26,843 - INFO - Function: f16_2014
2025-12-17 12:22:26,843 - INFO - Population size: 100
2025-12-17 12:22:26,843 - INFO - Generations: 200
2025-12-17 12:22:26,843 - INFO - Selection: rws
2025-12-17 12:22:26,844 - INFO - Crossover: two_points
2025-12-17 12:22:26,844 - INFO - Mutation: swap
2025-12-17 12:22:26,844 - INFO - 
2025-12-17 12:22:27,022 - INFO - Generation 10
2025-12-17 12:22:27,023 - INFO -   Best: 1603.886019
2025-12-17 12:22:27,023 - INFO -   Min: 1603.886019
2025-12-17 12:22:27,023 - INFO -   Max: 1605.563785
2025-12-17 12:22:27,023 - INFO -   Avg: 1604.987721
2025-12-17 12:22:27,023 - INFO -   Std: 0.185202
2025-12-17 12:22:27,179 - INFO - Generation 20
2025-12-17 12:22:27,179 - INFO -   Best: 1603.886019
2025-12-17 12:22:27,179 - INFO -   Min: 1603.886019
2025-12-17 12:22:27,179 - INFO -   Max: 1605.396618
2025-12-17 12:22:27,180 - INFO -   Avg: 1604.973934
2025-12-17 12:22:27,180 - INFO -   Std: 0.171658
2025-12-17 12:22:27,331 - INFO - Generation 30
2025-12-17 12:22:27,331 - INFO -   Best: 1603.886019
2025-12-17 12:22:27,331 - INFO -   Min: 1603.886019
2025-12-17 12:22:27,332 - INFO -   Max: 1605.477211
2025-12-17 12:22:27,332 - INFO -   Avg: 1604.989771
2025-12-17 12:22:27,332 - INFO -   Std: 0.201447
2025-12-17 12:22:27,484 - INFO - Generation 40
2025-12-17 12:22:27,484 - INFO -   Best: 1603.886019
2025-12-17 12:22:27,484 - INFO -   Min: 1603.886019
2025-12-17 12:22:27,484 - INFO -   Max: 1605.406470
2025-12-17 12:22:27,485 - INFO -   Avg: 1604.979120
2025-12-17 12:22:27,485 - INFO -   Std: 0.161803
2025-12-17 12:22:27,640 - INFO - Generation 50
2025-12-17 12:22:27,640 - INFO -   Best: 1603.886019
2025-12-17 12:22:27,640 - INFO -   Min: 1603.886019
2025-12-17 12:22:27,641 - INFO -   Max: 1605.401586
2025-12-17 12:22:27,641 - INFO -   Avg: 1604.975355
2025-12-17 12:22:27,641 - INFO -   Std: 0.196005
2025-12-17 12:22:27,794 - INFO - Generation 60
2025-12-17 12:22:27,794 - INFO -   Best: 1603.886019
2025-12-17 12:22:27,794 - INFO -   Min: 1603.886019
2025-12-17 12:22:27,794 - INFO -   Max: 1605.411139
2025-12-17 12:22:27,795 - INFO -   Avg: 1604.990175
2025-12-17 12:22:27,795 - INFO -   Std: 0.182423
2025-12-17 12:22:27,948 - INFO - Generation 70
2025-12-17 12:22:27,949 - INFO -   Best: 1603.886019
2025-12-17 12:22:27,949 - INFO -   Min: 1603.886019
2025-12-17 12:22:27,949 - INFO -   Max: 1605.367577
2025-12-17 12:22:27,949 - INFO -   Avg: 1604.952942
2025-12-17 12:22:27,949 - INFO -   Std: 0.180258
2025-12-17 12:22:28,102 - INFO - Generation 80
2025-12-17 12:22:28,103 - INFO -   Best: 1603.886019
2025-12-17 12:22:28,103 - INFO -   Min: 1603.886019
2025-12-17 12:22:28,103 - INFO -   Max: 1605.400463
2025-12-17 12:22:28,103 - INFO -   Avg: 1604.982815
2025-12-17 12:22:28,103 - INFO -   Std: 0.203548
2025-12-17 12:22:28,255 - INFO - Generation 90
2025-12-17 12:22:28,255 - INFO -   Best: 1603.886019
2025-12-17 12:22:28,255 - INFO -   Min: 1603.886019
2025-12-17 12:22:28,255 - INFO -   Max: 1605.510269
2025-12-17 12:22:28,255 - INFO -   Avg: 1604.983888
2025-12-17 12:22:28,255 - INFO -   Std: 0.220714
2025-12-17 12:22:28,408 - INFO - Generation 100
2025-12-17 12:22:28,408 - INFO -   Best: 1603.886019
2025-12-17 12:22:28,408 - INFO -   Min: 1603.886019
2025-12-17 12:22:28,409 - INFO -   Max: 1605.492794
2025-12-17 12:22:28,409 - INFO -   Avg: 1604.979191
2025-12-17 12:22:28,409 - INFO -   Std: 0.222115
2025-12-17 12:22:28,558 - INFO - Generation 110
2025-12-17 12:22:28,558 - INFO -   Best: 1603.886019
2025-12-17 12:22:28,559 - INFO -   Min: 1603.886019
2025-12-17 12:22:28,559 - INFO -   Max: 1605.435079
2025-12-17 12:22:28,559 - INFO -   Avg: 1604.976866
2025-12-17 12:22:28,559 - INFO -   Std: 0.240165
2025-12-17 12:22:28,708 - INFO - Generation 120
2025-12-17 12:22:28,708 - INFO -   Best: 1603.886019
2025-12-17 12:22:28,708 - INFO -   Min: 1603.886019
2025-12-17 12:22:28,709 - INFO -   Max: 1605.383876
2025-12-17 12:22:28,709 - INFO -   Avg: 1604.964891
2025-12-17 12:22:28,709 - INFO -   Std: 0.197727
2025-12-17 12:22:28,858 - INFO - Generation 130
2025-12-17 12:22:28,858 - INFO -   Best: 1603.886019
2025-12-17 12:22:28,858 - INFO -   Min: 1603.886019
2025-12-17 12:22:28,858 - INFO -   Max: 1605.463453
2025-12-17 12:22:28,858 - INFO -   Avg: 1604.956699
2025-12-17 12:22:28,858 - INFO -   Std: 0.202333
2025-12-17 12:22:29,008 - INFO - Generation 140
2025-12-17 12:22:29,008 - INFO -   Best: 1603.886019
2025-12-17 12:22:29,008 - INFO -   Min: 1603.886019
2025-12-17 12:22:29,008 - INFO -   Max: 1605.303727
2025-12-17 12:22:29,009 - INFO -   Avg: 1604.960307
2025-12-17 12:22:29,009 - INFO -   Std: 0.192411
2025-12-17 12:22:29,151 - INFO - Generation 150
2025-12-17 12:22:29,152 - INFO -   Best: 1603.886019
2025-12-17 12:22:29,152 - INFO -   Min: 1603.886019
2025-12-17 12:22:29,152 - INFO -   Max: 1605.366874
2025-12-17 12:22:29,152 - INFO -   Avg: 1604.954610
2025-12-17 12:22:29,152 - INFO -   Std: 0.233871
2025-12-17 12:22:29,287 - INFO - Generation 160
2025-12-17 12:22:29,287 - INFO -   Best: 1603.886019
2025-12-17 12:22:29,287 - INFO -   Min: 1603.886019
2025-12-17 12:22:29,288 - INFO -   Max: 1605.251256
2025-12-17 12:22:29,288 - INFO -   Avg: 1604.955107
2025-12-17 12:22:29,288 - INFO -   Std: 0.187782
2025-12-17 12:22:29,430 - INFO - Generation 170
2025-12-17 12:22:29,430 - INFO -   Best: 1603.886019
2025-12-17 12:22:29,430 - INFO -   Min: 1603.886019
2025-12-17 12:22:29,430 - INFO -   Max: 1605.422226
2025-12-17 12:22:29,430 - INFO -   Avg: 1604.958263
2025-12-17 12:22:29,430 - INFO -   Std: 0.205876
2025-12-17 12:22:29,571 - INFO - Generation 180
2025-12-17 12:22:29,571 - INFO -   Best: 1603.886019
2025-12-17 12:22:29,571 - INFO -   Min: 1603.886019
2025-12-17 12:22:29,571 - INFO -   Max: 1605.356243
2025-12-17 12:22:29,572 - INFO -   Avg: 1604.908846
2025-12-17 12:22:29,572 - INFO -   Std: 0.251847
2025-12-17 12:22:29,727 - INFO - Generation 190
2025-12-17 12:22:29,728 - INFO -   Best: 1603.886019
2025-12-17 12:22:29,728 - INFO -   Min: 1603.886019
2025-12-17 12:22:29,728 - INFO -   Max: 1605.312273
2025-12-17 12:22:29,728 - INFO -   Avg: 1604.918022
2025-12-17 12:22:29,728 - INFO -   Std: 0.249043
2025-12-17 12:22:29,867 - INFO - Generation 200
2025-12-17 12:22:29,867 - INFO -   Best: 1603.886019
2025-12-17 12:22:29,867 - INFO -   Min: 1603.886019
2025-12-17 12:22:29,867 - INFO -   Max: 1605.366874
2025-12-17 12:22:29,867 - INFO -   Avg: 1604.891566
2025-12-17 12:22:29,868 - INFO -   Std: 0.256720
2025-12-17 12:22:29,876 - INFO - 
Final best fitness: 1603.8860190050
2025-12-17 12:22:29,876 - INFO - Execution time: 3.01s
