2025-12-17 12:22:56,653 - INFO - Representation: Real
2025-12-17 12:22:56,654 - INFO - Number of genes: 10
2025-12-17 12:22:56,656 - INFO - Bounds: [0, 3.141592653589793]
2025-12-17 12:22:56,656 - INFO - Function: michalewicz
2025-12-17 12:22:56,657 - INFO - Population size: 100
2025-12-17 12:22:56,657 - INFO - Generations: 200
2025-12-17 12:22:56,657 - INFO - Selection: rws
2025-12-17 12:22:56,657 - INFO - Crossover: two_points
2025-12-17 12:22:56,657 - INFO - Mutation: swap
2025-12-17 12:22:56,657 - INFO - 
2025-12-17 12:22:56,743 - INFO - Generation 10
2025-12-17 12:22:56,744 - INFO -   Best: -7.121610
2025-12-17 12:22:56,744 - INFO -   Min: -7.121610
2025-12-17 12:22:56,744 - INFO -   Max: -1.048072
2025-12-17 12:22:56,744 - INFO -   Avg: -3.956979
2025-12-17 12:22:56,745 - INFO -   Std: 1.109714
2025-12-17 12:22:56,809 - INFO - Generation 20
2025-12-17 12:22:56,809 - INFO -   Best: -7.561516
2025-12-17 12:22:56,810 - INFO -   Min: -7.561516
2025-12-17 12:22:56,810 - INFO -   Max: -2.042723
2025-12-17 12:22:56,810 - INFO -   Avg: -4.606147
2025-12-17 12:22:56,810 - INFO -   Std: 1.148375
2025-12-17 12:22:56,867 - INFO - Generation 30
2025-12-17 12:22:56,867 - INFO -   Best: -7.732211
2025-12-17 12:22:56,868 - INFO -   Min: -7.732211
2025-12-17 12:22:56,868 - INFO -   Max: -2.618251
2025-12-17 12:22:56,868 - INFO -   Avg: -5.115831
2025-12-17 12:22:56,868 - INFO -   Std: 1.099785
2025-12-17 12:22:56,928 - INFO - Generation 40
2025-12-17 12:22:56,928 - INFO -   Best: -7.732211
2025-12-17 12:22:56,928 - INFO -   Min: -7.732211
2025-12-17 12:22:56,928 - INFO -   Max: -2.610845
2025-12-17 12:22:56,928 - INFO -   Avg: -5.123156
2025-12-17 12:22:56,929 - INFO -   Std: 0.933330
2025-12-17 12:22:57,002 - INFO - Generation 50
2025-12-17 12:22:57,002 - INFO -   Best: -7.938838
2025-12-17 12:22:57,002 - INFO -   Min: -7.938838
2025-12-17 12:22:57,002 - INFO -   Max: -3.105573
2025-12-17 12:22:57,002 - INFO -   Avg: -5.496708
2025-12-17 12:22:57,003 - INFO -   Std: 1.003796
2025-12-17 12:22:57,059 - INFO - Generation 60
2025-12-17 12:22:57,060 - INFO -   Best: -7.938838
2025-12-17 12:22:57,060 - INFO -   Min: -7.938838
2025-12-17 12:22:57,060 - INFO -   Max: -1.666746
2025-12-17 12:22:57,060 - INFO -   Avg: -5.234925
2025-12-17 12:22:57,060 - INFO -   Std: 1.135709
2025-12-17 12:22:57,117 - INFO - Generation 70
2025-12-17 12:22:57,117 - INFO -   Best: -7.938838
2025-12-17 12:22:57,118 - INFO -   Min: -7.938838
2025-12-17 12:22:57,118 - INFO -   Max: -2.828091
2025-12-17 12:22:57,118 - INFO -   Avg: -5.514653
2025-12-17 12:22:57,118 - INFO -   Std: 1.088142
2025-12-17 12:22:57,171 - INFO - Generation 80
2025-12-17 12:22:57,171 - INFO -   Best: -7.938838
2025-12-17 12:22:57,172 - INFO -   Min: -7.938838
2025-12-17 12:22:57,172 - INFO -   Max: -2.267059
2025-12-17 12:22:57,172 - INFO -   Avg: -5.453685
2025-12-17 12:22:57,172 - INFO -   Std: 1.193464
2025-12-17 12:22:57,225 - INFO - Generation 90
2025-12-17 12:22:57,225 - INFO -   Best: -7.938838
2025-12-17 12:22:57,225 - INFO -   Min: -7.938838
2025-12-17 12:22:57,225 - INFO -   Max: -2.610845
2025-12-17 12:22:57,225 - INFO -   Avg: -5.561556
2025-12-17 12:22:57,226 - INFO -   Std: 1.040940
2025-12-17 12:22:57,279 - INFO - Generation 100
2025-12-17 12:22:57,280 - INFO -   Best: -7.938838
2025-12-17 12:22:57,280 - INFO -   Min: -7.938838
2025-12-17 12:22:57,280 - INFO -   Max: -3.447928
2025-12-17 12:22:57,280 - INFO -   Avg: -5.703995
2025-12-17 12:22:57,280 - INFO -   Std: 0.967717
2025-12-17 12:22:57,329 - INFO - Generation 110
2025-12-17 12:22:57,329 - INFO -   Best: -7.938838
2025-12-17 12:22:57,329 - INFO -   Min: -7.938838
2025-12-17 12:22:57,329 - INFO -   Max: -3.030288
2025-12-17 12:22:57,330 - INFO -   Avg: -5.600581
2025-12-17 12:22:57,330 - INFO -   Std: 0.918864
2025-12-17 12:22:57,379 - INFO - Generation 120
2025-12-17 12:22:57,380 - INFO -   Best: -7.938838
2025-12-17 12:22:57,380 - INFO -   Min: -7.938838
2025-12-17 12:22:57,380 - INFO -   Max: -3.196775
2025-12-17 12:22:57,380 - INFO -   Avg: -5.384164
2025-12-17 12:22:57,380 - INFO -   Std: 0.960430
2025-12-17 12:22:57,431 - INFO - Generation 130
2025-12-17 12:22:57,432 - INFO -   Best: -7.938838
2025-12-17 12:22:57,432 - INFO -   Min: -7.938838
2025-12-17 12:22:57,432 - INFO -   Max: -2.663229
2025-12-17 12:22:57,432 - INFO -   Avg: -5.247765
2025-12-17 12:22:57,432 - INFO -   Std: 1.029334
2025-12-17 12:22:57,483 - INFO - Generation 140
2025-12-17 12:22:57,483 - INFO -   Best: -7.938838
2025-12-17 12:22:57,484 - INFO -   Min: -7.938838
2025-12-17 12:22:57,484 - INFO -   Max: -2.663229
2025-12-17 12:22:57,484 - INFO -   Avg: -5.328746
2025-12-17 12:22:57,484 - INFO -   Std: 1.080459
2025-12-17 12:22:57,532 - INFO - Generation 150
2025-12-17 12:22:57,533 - INFO -   Best: -7.938838
2025-12-17 12:22:57,533 - INFO -   Min: -7.938838
2025-12-17 12:22:57,533 - INFO -   Max: -3.196775
2025-12-17 12:22:57,533 - INFO -   Avg: -5.247257
2025-12-17 12:22:57,533 - INFO -   Std: 0.926313
2025-12-17 12:22:57,584 - INFO - Generation 160
2025-12-17 12:22:57,584 - INFO -   Best: -7.938838
2025-12-17 12:22:57,584 - INFO -   Min: -7.938838
2025-12-17 12:22:57,584 - INFO -   Max: -3.410030
2025-12-17 12:22:57,585 - INFO -   Avg: -5.511422
2025-12-17 12:22:57,585 - INFO -   Std: 0.917496
2025-12-17 12:22:57,637 - INFO - Generation 170
2025-12-17 12:22:57,638 - INFO -   Best: -7.938838
2025-12-17 12:22:57,638 - INFO -   Min: -7.938838
2025-12-17 12:22:57,638 - INFO -   Max: -3.553550
2025-12-17 12:22:57,638 - INFO -   Avg: -5.646143
2025-12-17 12:22:57,638 - INFO -   Std: 0.974139
2025-12-17 12:22:57,688 - INFO - Generation 180
2025-12-17 12:22:57,688 - INFO -   Best: -7.938838
2025-12-17 12:22:57,689 - INFO -   Min: -7.938838
2025-12-17 12:22:57,689 - INFO -   Max: -2.609228
2025-12-17 12:22:57,689 - INFO -   Avg: -5.475397
2025-12-17 12:22:57,689 - INFO -   Std: 1.085359
2025-12-17 12:22:57,741 - INFO - Generation 190
2025-12-17 12:22:57,742 - INFO -   Best: -7.938838
2025-12-17 12:22:57,742 - INFO -   Min: -7.938838
2025-12-17 12:22:57,742 - INFO -   Max: -3.393927
2025-12-17 12:22:57,742 - INFO -   Avg: -5.793754
2025-12-17 12:22:57,742 - INFO -   Std: 0.875481
2025-12-17 12:22:57,795 - INFO - Generation 200
2025-12-17 12:22:57,795 - INFO -   Best: -7.938838
2025-12-17 12:22:57,795 - INFO -   Min: -7.938838
2025-12-17 12:22:57,795 - INFO -   Max: -1.665128
2025-12-17 12:22:57,796 - INFO -   Avg: -5.388569
2025-12-17 12:22:57,796 - INFO -   Std: 1.179868
2025-12-17 12:22:57,800 - INFO - 
Final best fitness: -7.9388376959
2025-12-17 12:22:57,800 - INFO - Execution time: 1.12s
