2025-12-17 11:26:56,202 - INFO - Representation: Real
2025-12-17 11:26:56,202 - INFO - Number of genes: 2
2025-12-17 11:26:56,202 - INFO - Bounds: [0, 3.141592653589793]
2025-12-17 11:26:56,203 - INFO - Function: michalewicz
2025-12-17 11:26:56,203 - INFO - Population size: 100
2025-12-17 11:26:56,203 - INFO - Generations: 200
2025-12-17 11:26:56,203 - INFO - Selection: tournament
2025-12-17 11:26:56,203 - INFO - Crossover: single_point
2025-12-17 11:26:56,203 - INFO - Mutation: random
2025-12-17 11:26:56,203 - INFO - 
2025-12-17 11:26:56,243 - INFO - Generation 10
2025-12-17 11:26:56,244 - INFO -   Best: -1.719137
2025-12-17 11:26:56,244 - INFO -   Min: -1.719137
2025-12-17 11:26:56,244 - INFO -   Max: 0.444717
2025-12-17 11:26:56,245 - INFO -   Avg: -1.512082
2025-12-17 11:26:56,245 - INFO -   Std: 0.404201
2025-12-17 11:26:56,276 - INFO - Generation 20
2025-12-17 11:26:56,277 - INFO -   Best: -1.720116
2025-12-17 11:26:56,277 - INFO -   Min: -1.720116
2025-12-17 11:26:56,277 - INFO -   Max: 0.048352
2025-12-17 11:26:56,277 - INFO -   Avg: -1.587850
2025-12-17 11:26:56,277 - INFO -   Std: 0.343156
2025-12-17 11:26:56,310 - INFO - Generation 30
2025-12-17 11:26:56,310 - INFO -   Best: -1.720116
2025-12-17 11:26:56,311 - INFO -   Min: -1.720116
2025-12-17 11:26:56,311 - INFO -   Max: 0.018066
2025-12-17 11:26:56,311 - INFO -   Avg: -1.542908
2025-12-17 11:26:56,311 - INFO -   Std: 0.366674
2025-12-17 11:26:56,344 - INFO - Generation 40
2025-12-17 11:26:56,345 - INFO -   Best: -1.720116
2025-12-17 11:26:56,345 - INFO -   Min: -1.720116
2025-12-17 11:26:56,345 - INFO -   Max: 0.048587
2025-12-17 11:26:56,345 - INFO -   Avg: -1.491784
2025-12-17 11:26:56,346 - INFO -   Std: 0.402732
2025-12-17 11:26:56,380 - INFO - Generation 50
2025-12-17 11:26:56,380 - INFO -   Best: -1.720116
2025-12-17 11:26:56,380 - INFO -   Min: -1.720116
2025-12-17 11:26:56,380 - INFO -   Max: 0.355004
2025-12-17 11:26:56,381 - INFO -   Avg: -1.583002
2025-12-17 11:26:56,381 - INFO -   Std: 0.367286
2025-12-17 11:26:56,412 - INFO - Generation 60
2025-12-17 11:26:56,413 - INFO -   Best: -1.720116
2025-12-17 11:26:56,413 - INFO -   Min: -1.720116
2025-12-17 11:26:56,413 - INFO -   Max: 0.046787
2025-12-17 11:26:56,413 - INFO -   Avg: -1.562992
2025-12-17 11:26:56,413 - INFO -   Std: 0.359391
2025-12-17 11:26:56,446 - INFO - Generation 70
2025-12-17 11:26:56,446 - INFO -   Best: -1.720116
2025-12-17 11:26:56,446 - INFO -   Min: -1.720116
2025-12-17 11:26:56,447 - INFO -   Max: 0.417422
2025-12-17 11:26:56,447 - INFO -   Avg: -1.499740
2025-12-17 11:26:56,447 - INFO -   Std: 0.412670
2025-12-17 11:26:56,479 - INFO - Generation 80
2025-12-17 11:26:56,480 - INFO -   Best: -1.720116
2025-12-17 11:26:56,480 - INFO -   Min: -1.720116
2025-12-17 11:26:56,480 - INFO -   Max: 0.034186
2025-12-17 11:26:56,480 - INFO -   Avg: -1.601938
2025-12-17 11:26:56,480 - INFO -   Std: 0.334935
2025-12-17 11:26:56,518 - INFO - Generation 90
2025-12-17 11:26:56,518 - INFO -   Best: -1.720116
2025-12-17 11:26:56,518 - INFO -   Min: -1.720116
2025-12-17 11:26:56,519 - INFO -   Max: 0.163780
2025-12-17 11:26:56,519 - INFO -   Avg: -1.598504
2025-12-17 11:26:56,519 - INFO -   Std: 0.327351
2025-12-17 11:26:56,549 - INFO - Generation 100
2025-12-17 11:26:56,550 - INFO -   Best: -1.720116
2025-12-17 11:26:56,550 - INFO -   Min: -1.720116
2025-12-17 11:26:56,550 - INFO -   Max: 0.048856
2025-12-17 11:26:56,550 - INFO -   Avg: -1.555667
2025-12-17 11:26:56,550 - INFO -   Std: 0.411203
2025-12-17 11:26:56,585 - INFO - Generation 110
2025-12-17 11:26:56,585 - INFO -   Best: -1.720116
2025-12-17 11:26:56,585 - INFO -   Min: -1.720116
2025-12-17 11:26:56,585 - INFO -   Max: 0.078653
2025-12-17 11:26:56,586 - INFO -   Avg: -1.560208
2025-12-17 11:26:56,586 - INFO -   Std: 0.378392
2025-12-17 11:26:56,623 - INFO - Generation 120
2025-12-17 11:26:56,624 - INFO -   Best: -1.720116
2025-12-17 11:26:56,624 - INFO -   Min: -1.720116
2025-12-17 11:26:56,624 - INFO -   Max: -0.036567
2025-12-17 11:26:56,624 - INFO -   Avg: -1.560384
2025-12-17 11:26:56,624 - INFO -   Std: 0.356212
2025-12-17 11:26:56,656 - INFO - Generation 130
2025-12-17 11:26:56,657 - INFO -   Best: -1.720116
2025-12-17 11:26:56,657 - INFO -   Min: -1.720116
2025-12-17 11:26:56,657 - INFO -   Max: 0.686241
2025-12-17 11:26:56,657 - INFO -   Avg: -1.514487
2025-12-17 11:26:56,657 - INFO -   Std: 0.436120
2025-12-17 11:26:56,689 - INFO - Generation 140
2025-12-17 11:26:56,689 - INFO -   Best: -1.720116
2025-12-17 11:26:56,689 - INFO -   Min: -1.720116
2025-12-17 11:26:56,689 - INFO -   Max: 0.073116
2025-12-17 11:26:56,689 - INFO -   Avg: -1.527412
2025-12-17 11:26:56,690 - INFO -   Std: 0.441464
2025-12-17 11:26:56,721 - INFO - Generation 150
2025-12-17 11:26:56,721 - INFO -   Best: -1.720116
2025-12-17 11:26:56,721 - INFO -   Min: -1.720116
2025-12-17 11:26:56,722 - INFO -   Max: 0.003785
2025-12-17 11:26:56,722 - INFO -   Avg: -1.481852
2025-12-17 11:26:56,722 - INFO -   Std: 0.448919
2025-12-17 11:26:56,753 - INFO - Generation 160
2025-12-17 11:26:56,754 - INFO -   Best: -1.720116
2025-12-17 11:26:56,754 - INFO -   Min: -1.720116
2025-12-17 11:26:56,754 - INFO -   Max: 0.093858
2025-12-17 11:26:56,754 - INFO -   Avg: -1.463859
2025-12-17 11:26:56,754 - INFO -   Std: 0.449157
2025-12-17 11:26:56,786 - INFO - Generation 170
2025-12-17 11:26:56,787 - INFO -   Best: -1.720116
2025-12-17 11:26:56,787 - INFO -   Min: -1.720116
2025-12-17 11:26:56,787 - INFO -   Max: 0.198213
2025-12-17 11:26:56,787 - INFO -   Avg: -1.524058
2025-12-17 11:26:56,787 - INFO -   Std: 0.447314
2025-12-17 11:26:56,822 - INFO - Generation 180
2025-12-17 11:26:56,823 - INFO -   Best: -1.720116
2025-12-17 11:26:56,823 - INFO -   Min: -1.720116
2025-12-17 11:26:56,823 - INFO -   Max: -0.107826
2025-12-17 11:26:56,823 - INFO -   Avg: -1.510531
2025-12-17 11:26:56,823 - INFO -   Std: 0.397546
2025-12-17 11:26:56,855 - INFO - Generation 190
2025-12-17 11:26:56,856 - INFO -   Best: -1.720116
2025-12-17 11:26:56,856 - INFO -   Min: -1.720116
2025-12-17 11:26:56,856 - INFO -   Max: -0.378688
2025-12-17 11:26:56,856 - INFO -   Avg: -1.560332
2025-12-17 11:26:56,856 - INFO -   Std: 0.341143
2025-12-17 11:26:56,890 - INFO - Generation 200
2025-12-17 11:26:56,890 - INFO -   Best: -1.720116
2025-12-17 11:26:56,890 - INFO -   Min: -1.720116
2025-12-17 11:26:56,891 - INFO -   Max: 0.083988
2025-12-17 11:26:56,891 - INFO -   Avg: -1.536832
2025-12-17 11:26:56,891 - INFO -   Std: 0.379338
2025-12-17 11:26:56,893 - INFO - 
Final best fitness: -1.7201160945
2025-12-17 11:26:56,893 - INFO - Execution time: 0.69s
