2025-12-17 11:45:36,085 - INFO - Representation: Real
2025-12-17 11:45:36,086 - INFO - Number of genes: 30
2025-12-17 11:45:36,086 - INFO - Bounds: [-100, 100]
2025-12-17 11:45:36,086 - INFO - Function: f16_2014
2025-12-17 11:45:36,086 - INFO - Population size: 100
2025-12-17 11:45:36,086 - INFO - Generations: 200
2025-12-17 11:45:36,086 - INFO - Selection: tournament
2025-12-17 11:45:36,086 - INFO - Crossover: single_point
2025-12-17 11:45:36,087 - INFO - Mutation: random
2025-12-17 11:45:36,087 - INFO - 
2025-12-17 11:45:36,552 - INFO - Generation 10
2025-12-17 11:45:36,553 - INFO -   Best: 1613.624483
2025-12-17 11:45:36,553 - INFO -   Min: 1613.624483
2025-12-17 11:45:36,553 - INFO -   Max: 1615.825114
2025-12-17 11:45:36,553 - INFO -   Avg: 1614.864452
2025-12-17 11:45:36,553 - INFO -   Std: 0.413188
2025-12-17 11:45:36,944 - INFO - Generation 20
2025-12-17 11:45:36,945 - INFO -   Best: 1613.356636
2025-12-17 11:45:36,945 - INFO -   Min: 1613.356636
2025-12-17 11:45:36,945 - INFO -   Max: 1615.783478
2025-12-17 11:45:36,945 - INFO -   Avg: 1614.613737
2025-12-17 11:45:36,945 - INFO -   Std: 0.543313
2025-12-17 11:45:37,336 - INFO - Generation 30
2025-12-17 11:45:37,337 - INFO -   Best: 1613.304874
2025-12-17 11:45:37,337 - INFO -   Min: 1613.304874
2025-12-17 11:45:37,337 - INFO -   Max: 1615.838329
2025-12-17 11:45:37,337 - INFO -   Avg: 1614.524894
2025-12-17 11:45:37,337 - INFO -   Std: 0.549973
2025-12-17 11:45:37,729 - INFO - Generation 40
2025-12-17 11:45:37,729 - INFO -   Best: 1613.159537
2025-12-17 11:45:37,730 - INFO -   Min: 1613.159537
2025-12-17 11:45:37,730 - INFO -   Max: 1615.559730
2025-12-17 11:45:37,730 - INFO -   Avg: 1614.609990
2025-12-17 11:45:37,730 - INFO -   Std: 0.552141
2025-12-17 11:45:38,122 - INFO - Generation 50
2025-12-17 11:45:38,123 - INFO -   Best: 1613.159537
2025-12-17 11:45:38,123 - INFO -   Min: 1613.159537
2025-12-17 11:45:38,123 - INFO -   Max: 1615.580849
2025-12-17 11:45:38,123 - INFO -   Avg: 1614.517823
2025-12-17 11:45:38,123 - INFO -   Std: 0.500064
2025-12-17 11:45:38,514 - INFO - Generation 60
2025-12-17 11:45:38,515 - INFO -   Best: 1613.111907
2025-12-17 11:45:38,515 - INFO -   Min: 1613.111907
2025-12-17 11:45:38,515 - INFO -   Max: 1615.952103
2025-12-17 11:45:38,515 - INFO -   Avg: 1614.671301
2025-12-17 11:45:38,515 - INFO -   Std: 0.524902
2025-12-17 11:45:38,906 - INFO - Generation 70
2025-12-17 11:45:38,906 - INFO -   Best: 1612.916938
2025-12-17 11:45:38,906 - INFO -   Min: 1612.916938
2025-12-17 11:45:38,906 - INFO -   Max: 1615.836197
2025-12-17 11:45:38,907 - INFO -   Avg: 1614.429334
2025-12-17 11:45:38,907 - INFO -   Std: 0.582021
2025-12-17 11:45:39,300 - INFO - Generation 80
2025-12-17 11:45:39,301 - INFO -   Best: 1612.916938
2025-12-17 11:45:39,301 - INFO -   Min: 1612.916938
2025-12-17 11:45:39,301 - INFO -   Max: 1615.957934
2025-12-17 11:45:39,301 - INFO -   Avg: 1614.528380
2025-12-17 11:45:39,301 - INFO -   Std: 0.610693
2025-12-17 11:45:39,692 - INFO - Generation 90
2025-12-17 11:45:39,693 - INFO -   Best: 1612.916938
2025-12-17 11:45:39,693 - INFO -   Min: 1612.916938
2025-12-17 11:45:39,693 - INFO -   Max: 1615.772696
2025-12-17 11:45:39,693 - INFO -   Avg: 1614.545133
2025-12-17 11:45:39,693 - INFO -   Std: 0.589941
2025-12-17 11:45:40,086 - INFO - Generation 100
2025-12-17 11:45:40,087 - INFO -   Best: 1612.860616
2025-12-17 11:45:40,087 - INFO -   Min: 1612.860616
2025-12-17 11:45:40,087 - INFO -   Max: 1616.060988
2025-12-17 11:45:40,087 - INFO -   Avg: 1614.628333
2025-12-17 11:45:40,088 - INFO -   Std: 0.579669
2025-12-17 11:45:40,479 - INFO - Generation 110
2025-12-17 11:45:40,479 - INFO -   Best: 1612.860616
2025-12-17 11:45:40,479 - INFO -   Min: 1612.860616
2025-12-17 11:45:40,480 - INFO -   Max: 1615.976570
2025-12-17 11:45:40,480 - INFO -   Avg: 1614.673104
2025-12-17 11:45:40,480 - INFO -   Std: 0.544857
2025-12-17 11:45:40,874 - INFO - Generation 120
2025-12-17 11:45:40,875 - INFO -   Best: 1612.860616
2025-12-17 11:45:40,875 - INFO -   Min: 1612.860616
2025-12-17 11:45:40,875 - INFO -   Max: 1616.388421
2025-12-17 11:45:40,875 - INFO -   Avg: 1614.594842
2025-12-17 11:45:40,875 - INFO -   Std: 0.580135
2025-12-17 11:45:41,269 - INFO - Generation 130
2025-12-17 11:45:41,270 - INFO -   Best: 1612.779104
2025-12-17 11:45:41,270 - INFO -   Min: 1612.779104
2025-12-17 11:45:41,270 - INFO -   Max: 1615.577852
2025-12-17 11:45:41,270 - INFO -   Avg: 1614.536519
2025-12-17 11:45:41,270 - INFO -   Std: 0.525361
2025-12-17 11:45:41,661 - INFO - Generation 140
2025-12-17 11:45:41,662 - INFO -   Best: 1612.779104
2025-12-17 11:45:41,662 - INFO -   Min: 1612.779104
2025-12-17 11:45:41,662 - INFO -   Max: 1615.699613
2025-12-17 11:45:41,662 - INFO -   Avg: 1614.588018
2025-12-17 11:45:41,662 - INFO -   Std: 0.548446
2025-12-17 11:45:42,052 - INFO - Generation 150
2025-12-17 11:45:42,052 - INFO -   Best: 1612.779104
2025-12-17 11:45:42,052 - INFO -   Min: 1612.779104
2025-12-17 11:45:42,052 - INFO -   Max: 1616.187172
2025-12-17 11:45:42,052 - INFO -   Avg: 1614.571446
2025-12-17 11:45:42,053 - INFO -   Std: 0.653774
2025-12-17 11:45:42,442 - INFO - Generation 160
2025-12-17 11:45:42,442 - INFO -   Best: 1612.779104
2025-12-17 11:45:42,442 - INFO -   Min: 1612.779104
2025-12-17 11:45:42,442 - INFO -   Max: 1616.133729
2025-12-17 11:45:42,442 - INFO -   Avg: 1614.667607
2025-12-17 11:45:42,442 - INFO -   Std: 0.666751
2025-12-17 11:45:42,838 - INFO - Generation 170
2025-12-17 11:45:42,839 - INFO -   Best: 1612.725383
2025-12-17 11:45:42,839 - INFO -   Min: 1612.725383
2025-12-17 11:45:42,839 - INFO -   Max: 1615.674035
2025-12-17 11:45:42,839 - INFO -   Avg: 1614.520230
2025-12-17 11:45:42,839 - INFO -   Std: 0.597059
2025-12-17 11:45:43,243 - INFO - Generation 180
2025-12-17 11:45:43,243 - INFO -   Best: 1612.665340
2025-12-17 11:45:43,243 - INFO -   Min: 1612.665340
2025-12-17 11:45:43,243 - INFO -   Max: 1615.874530
2025-12-17 11:45:43,243 - INFO -   Avg: 1614.577450
2025-12-17 11:45:43,244 - INFO -   Std: 0.562408
2025-12-17 11:45:43,636 - INFO - Generation 190
2025-12-17 11:45:43,636 - INFO -   Best: 1612.665340
2025-12-17 11:45:43,636 - INFO -   Min: 1612.665340
2025-12-17 11:45:43,636 - INFO -   Max: 1615.853213
2025-12-17 11:45:43,637 - INFO -   Avg: 1614.566231
2025-12-17 11:45:43,637 - INFO -   Std: 0.599063
2025-12-17 11:45:44,029 - INFO - Generation 200
2025-12-17 11:45:44,029 - INFO -   Best: 1612.665340
2025-12-17 11:45:44,029 - INFO -   Min: 1612.665340
2025-12-17 11:45:44,029 - INFO -   Max: 1615.930227
2025-12-17 11:45:44,030 - INFO -   Avg: 1614.676046
2025-12-17 11:45:44,030 - INFO -   Std: 0.538587
2025-12-17 11:45:44,052 - INFO - 
Final best fitness: 1612.6653397902
2025-12-17 11:45:44,052 - INFO - Execution time: 7.90s
