2025-12-17 11:26:48,571 - INFO - Representation: Real
2025-12-17 11:26:48,571 - INFO - Number of genes: 2
2025-12-17 11:26:48,571 - INFO - Bounds: [0, 3.141592653589793]
2025-12-17 11:26:48,571 - INFO - Function: michalewicz
2025-12-17 11:26:48,571 - INFO - Population size: 100
2025-12-17 11:26:48,572 - INFO - Generations: 200
2025-12-17 11:26:48,572 - INFO - Selection: tournament
2025-12-17 11:26:48,572 - INFO - Crossover: single_point
2025-12-17 11:26:48,572 - INFO - Mutation: random
2025-12-17 11:26:48,572 - INFO - 
2025-12-17 11:26:48,609 - INFO - Generation 10
2025-12-17 11:26:48,610 - INFO -   Best: -1.798432
2025-12-17 11:26:48,610 - INFO -   Min: -1.798432
2025-12-17 11:26:48,610 - INFO -   Max: 0.003703
2025-12-17 11:26:48,610 - INFO -   Avg: -1.634355
2025-12-17 11:26:48,610 - INFO -   Std: 0.354187
2025-12-17 11:26:48,644 - INFO - Generation 20
2025-12-17 11:26:48,645 - INFO -   Best: -1.798432
2025-12-17 11:26:48,645 - INFO -   Min: -1.798432
2025-12-17 11:26:48,645 - INFO -   Max: 0.000010
2025-12-17 11:26:48,645 - INFO -   Avg: -1.534949
2025-12-17 11:26:48,645 - INFO -   Std: 0.511988
2025-12-17 11:26:48,679 - INFO - Generation 30
2025-12-17 11:26:48,679 - INFO -   Best: -1.798432
2025-12-17 11:26:48,679 - INFO -   Min: -1.798432
2025-12-17 11:26:48,680 - INFO -   Max: 0.054094
2025-12-17 11:26:48,680 - INFO -   Avg: -1.585383
2025-12-17 11:26:48,680 - INFO -   Std: 0.443457
2025-12-17 11:26:48,712 - INFO - Generation 40
2025-12-17 11:26:48,712 - INFO -   Best: -1.798432
2025-12-17 11:26:48,712 - INFO -   Min: -1.798432
2025-12-17 11:26:48,712 - INFO -   Max: 0.020297
2025-12-17 11:26:48,712 - INFO -   Avg: -1.639494
2025-12-17 11:26:48,713 - INFO -   Std: 0.395098
2025-12-17 11:26:48,744 - INFO - Generation 50
2025-12-17 11:26:48,744 - INFO -   Best: -1.798432
2025-12-17 11:26:48,744 - INFO -   Min: -1.798432
2025-12-17 11:26:48,744 - INFO -   Max: -0.525642
2025-12-17 11:26:48,745 - INFO -   Avg: -1.650363
2025-12-17 11:26:48,745 - INFO -   Std: 0.354422
2025-12-17 11:26:48,778 - INFO - Generation 60
2025-12-17 11:26:48,778 - INFO -   Best: -1.798432
2025-12-17 11:26:48,779 - INFO -   Min: -1.798432
2025-12-17 11:26:48,779 - INFO -   Max: 0.052358
2025-12-17 11:26:48,779 - INFO -   Avg: -1.628021
2025-12-17 11:26:48,779 - INFO -   Std: 0.388867
2025-12-17 11:26:48,811 - INFO - Generation 70
2025-12-17 11:26:48,811 - INFO -   Best: -1.798432
2025-12-17 11:26:48,811 - INFO -   Min: -1.798432
2025-12-17 11:26:48,812 - INFO -   Max: 0.045352
2025-12-17 11:26:48,812 - INFO -   Avg: -1.548816
2025-12-17 11:26:48,812 - INFO -   Std: 0.473743
2025-12-17 11:26:48,847 - INFO - Generation 80
2025-12-17 11:26:48,848 - INFO -   Best: -1.970939
2025-12-17 11:26:48,848 - INFO -   Min: -1.970939
2025-12-17 11:26:48,848 - INFO -   Max: -0.734138
2025-12-17 11:26:48,848 - INFO -   Avg: -1.650051
2025-12-17 11:26:48,848 - INFO -   Std: 0.342475
2025-12-17 11:26:48,879 - INFO - Generation 90
2025-12-17 11:26:48,880 - INFO -   Best: -1.970939
2025-12-17 11:26:48,880 - INFO -   Min: -1.970939
2025-12-17 11:26:48,880 - INFO -   Max: -0.173088
2025-12-17 11:26:48,880 - INFO -   Avg: -1.829384
2025-12-17 11:26:48,880 - INFO -   Std: 0.371836
2025-12-17 11:26:48,914 - INFO - Generation 100
2025-12-17 11:26:48,915 - INFO -   Best: -1.970939
2025-12-17 11:26:48,915 - INFO -   Min: -1.970939
2025-12-17 11:26:48,915 - INFO -   Max: -0.821437
2025-12-17 11:26:48,915 - INFO -   Avg: -1.803584
2025-12-17 11:26:48,915 - INFO -   Std: 0.370502
2025-12-17 11:26:48,947 - INFO - Generation 110
2025-12-17 11:26:48,947 - INFO -   Best: -1.970939
2025-12-17 11:26:48,947 - INFO -   Min: -1.970939
2025-12-17 11:26:48,947 - INFO -   Max: 0.213090
2025-12-17 11:26:48,947 - INFO -   Avg: -1.802054
2025-12-17 11:26:48,948 - INFO -   Std: 0.423555
2025-12-17 11:26:48,985 - INFO - Generation 120
2025-12-17 11:26:48,985 - INFO -   Best: -1.985347
2025-12-17 11:26:48,986 - INFO -   Min: -1.985347
2025-12-17 11:26:48,986 - INFO -   Max: 0.000020
2025-12-17 11:26:48,986 - INFO -   Avg: -1.782815
2025-12-17 11:26:48,986 - INFO -   Std: 0.422568
2025-12-17 11:26:49,020 - INFO - Generation 130
2025-12-17 11:26:49,021 - INFO -   Best: -1.985347
2025-12-17 11:26:49,021 - INFO -   Min: -1.985347
2025-12-17 11:26:49,021 - INFO -   Max: -0.791505
2025-12-17 11:26:49,021 - INFO -   Avg: -1.827761
2025-12-17 11:26:49,021 - INFO -   Std: 0.360768
2025-12-17 11:26:49,052 - INFO - Generation 140
2025-12-17 11:26:49,053 - INFO -   Best: -1.985347
2025-12-17 11:26:49,053 - INFO -   Min: -1.985347
2025-12-17 11:26:49,053 - INFO -   Max: 0.676757
2025-12-17 11:26:49,053 - INFO -   Avg: -1.808105
2025-12-17 11:26:49,053 - INFO -   Std: 0.454157
2025-12-17 11:26:49,087 - INFO - Generation 150
2025-12-17 11:26:49,087 - INFO -   Best: -1.985347
2025-12-17 11:26:49,087 - INFO -   Min: -1.985347
2025-12-17 11:26:49,087 - INFO -   Max: -0.018638
2025-12-17 11:26:49,087 - INFO -   Avg: -1.792696
2025-12-17 11:26:49,088 - INFO -   Std: 0.442280
2025-12-17 11:26:49,120 - INFO - Generation 160
2025-12-17 11:26:49,121 - INFO -   Best: -1.985347
2025-12-17 11:26:49,121 - INFO -   Min: -1.985347
2025-12-17 11:26:49,121 - INFO -   Max: -0.215945
2025-12-17 11:26:49,121 - INFO -   Avg: -1.776663
2025-12-17 11:26:49,121 - INFO -   Std: 0.429996
2025-12-17 11:26:49,155 - INFO - Generation 170
2025-12-17 11:26:49,156 - INFO -   Best: -1.985347
2025-12-17 11:26:49,156 - INFO -   Min: -1.985347
2025-12-17 11:26:49,156 - INFO -   Max: 0.336711
2025-12-17 11:26:49,156 - INFO -   Avg: -1.741944
2025-12-17 11:26:49,156 - INFO -   Std: 0.532933
2025-12-17 11:26:49,187 - INFO - Generation 180
2025-12-17 11:26:49,187 - INFO -   Best: -1.985347
2025-12-17 11:26:49,188 - INFO -   Min: -1.985347
2025-12-17 11:26:49,188 - INFO -   Max: 0.517529
2025-12-17 11:26:49,188 - INFO -   Avg: -1.693252
2025-12-17 11:26:49,188 - INFO -   Std: 0.488846
2025-12-17 11:26:49,221 - INFO - Generation 190
2025-12-17 11:26:49,221 - INFO -   Best: -1.985347
2025-12-17 11:26:49,221 - INFO -   Min: -1.985347
2025-12-17 11:26:49,221 - INFO -   Max: 0.282714
2025-12-17 11:26:49,221 - INFO -   Avg: -1.790746
2025-12-17 11:26:49,222 - INFO -   Std: 0.466152
2025-12-17 11:26:49,254 - INFO - Generation 200
2025-12-17 11:26:49,254 - INFO -   Best: -1.985347
2025-12-17 11:26:49,254 - INFO -   Min: -1.985347
2025-12-17 11:26:49,255 - INFO -   Max: -0.000013
2025-12-17 11:26:49,255 - INFO -   Avg: -1.800692
2025-12-17 11:26:49,255 - INFO -   Std: 0.414200
2025-12-17 11:26:49,257 - INFO - 
Final best fitness: -1.9853473929
2025-12-17 11:26:49,257 - INFO - Execution time: 0.68s
2025-12-17 12:03:38,214 - INFO - Representation: Binary
2025-12-17 12:03:38,214 - INFO - Bits per variable: 12
2025-12-17 12:03:38,214 - INFO - Total genes: 24
2025-12-17 12:03:38,214 - INFO - Function: michalewicz
2025-12-17 12:03:38,214 - INFO - Population size: 100
2025-12-17 12:03:38,215 - INFO - Generations: 200
2025-12-17 12:03:38,215 - INFO - Selection: tournament
2025-12-17 12:03:38,215 - INFO - Crossover: single_point
2025-12-17 12:03:38,215 - INFO - Mutation: random
2025-12-17 12:03:38,215 - INFO - 
2025-12-17 12:03:38,368 - INFO - Generation 10
2025-12-17 12:03:38,368 - INFO -   Best: -1.798821
2025-12-17 12:03:38,368 - INFO -   Min: -1.798821
2025-12-17 12:03:38,369 - INFO -   Max: -0.013088
2025-12-17 12:03:38,369 - INFO -   Avg: -1.313241
2025-12-17 12:03:38,369 - INFO -   Std: 0.496580
2025-12-17 12:03:38,477 - INFO - Generation 20
2025-12-17 12:03:38,477 - INFO -   Best: -1.800274
2025-12-17 12:03:38,478 - INFO -   Min: -1.800274
2025-12-17 12:03:38,478 - INFO -   Max: 0.578783
2025-12-17 12:03:38,478 - INFO -   Avg: -1.299231
2025-12-17 12:03:38,478 - INFO -   Std: 0.560530
2025-12-17 12:03:38,583 - INFO - Generation 30
2025-12-17 12:03:38,583 - INFO -   Best: -1.800292
2025-12-17 12:03:38,583 - INFO -   Min: -1.800292
2025-12-17 12:03:38,583 - INFO -   Max: 0.238970
2025-12-17 12:03:38,584 - INFO -   Avg: -1.339598
2025-12-17 12:03:38,584 - INFO -   Std: 0.571421
2025-12-17 12:03:38,691 - INFO - Generation 40
2025-12-17 12:03:38,692 - INFO -   Best: -1.800292
2025-12-17 12:03:38,692 - INFO -   Min: -1.800292
2025-12-17 12:03:38,692 - INFO -   Max: 0.214641
2025-12-17 12:03:38,692 - INFO -   Avg: -1.329358
2025-12-17 12:03:38,692 - INFO -   Std: 0.575345
2025-12-17 12:03:38,801 - INFO - Generation 50
2025-12-17 12:03:38,801 - INFO -   Best: -1.800292
2025-12-17 12:03:38,801 - INFO -   Min: -1.800292
2025-12-17 12:03:38,802 - INFO -   Max: 0.612755
2025-12-17 12:03:38,802 - INFO -   Avg: -1.195861
2025-12-17 12:03:38,802 - INFO -   Std: 0.616120
2025-12-17 12:03:38,912 - INFO - Generation 60
2025-12-17 12:03:38,912 - INFO -   Best: -1.800292
2025-12-17 12:03:38,912 - INFO -   Min: -1.800292
2025-12-17 12:03:38,912 - INFO -   Max: 0.299099
2025-12-17 12:03:38,912 - INFO -   Avg: -1.475174
2025-12-17 12:03:38,913 - INFO -   Std: 0.463060
2025-12-17 12:03:39,019 - INFO - Generation 70
2025-12-17 12:03:39,019 - INFO -   Best: -1.800292
2025-12-17 12:03:39,019 - INFO -   Min: -1.800292
2025-12-17 12:03:39,019 - INFO -   Max: -0.000000
2025-12-17 12:03:39,019 - INFO -   Avg: -1.364227
2025-12-17 12:03:39,020 - INFO -   Std: 0.468886
2025-12-17 12:03:39,126 - INFO - Generation 80
2025-12-17 12:03:39,127 - INFO -   Best: -1.800292
2025-12-17 12:03:39,127 - INFO -   Min: -1.800292
2025-12-17 12:03:39,127 - INFO -   Max: 0.495320
2025-12-17 12:03:39,127 - INFO -   Avg: -1.361611
2025-12-17 12:03:39,127 - INFO -   Std: 0.508107
2025-12-17 12:03:39,234 - INFO - Generation 90
2025-12-17 12:03:39,235 - INFO -   Best: -1.800292
2025-12-17 12:03:39,235 - INFO -   Min: -1.800292
2025-12-17 12:03:39,235 - INFO -   Max: 0.280173
2025-12-17 12:03:39,235 - INFO -   Avg: -1.392552
2025-12-17 12:03:39,235 - INFO -   Std: 0.516215
2025-12-17 12:03:39,342 - INFO - Generation 100
2025-12-17 12:03:39,342 - INFO -   Best: -1.800292
2025-12-17 12:03:39,342 - INFO -   Min: -1.800292
2025-12-17 12:03:39,342 - INFO -   Max: 0.453966
2025-12-17 12:03:39,342 - INFO -   Avg: -1.283439
2025-12-17 12:03:39,343 - INFO -   Std: 0.545868
2025-12-17 12:03:39,447 - INFO - Generation 110
2025-12-17 12:03:39,447 - INFO -   Best: -1.800292
2025-12-17 12:03:39,447 - INFO -   Min: -1.800292
2025-12-17 12:03:39,448 - INFO -   Max: 0.341197
2025-12-17 12:03:39,448 - INFO -   Avg: -1.397623
2025-12-17 12:03:39,448 - INFO -   Std: 0.497189
2025-12-17 12:03:39,552 - INFO - Generation 120
2025-12-17 12:03:39,552 - INFO -   Best: -1.800292
2025-12-17 12:03:39,552 - INFO -   Min: -1.800292
2025-12-17 12:03:39,552 - INFO -   Max: 0.434314
2025-12-17 12:03:39,552 - INFO -   Avg: -1.373467
2025-12-17 12:03:39,552 - INFO -   Std: 0.536187
2025-12-17 12:03:39,660 - INFO - Generation 130
2025-12-17 12:03:39,660 - INFO -   Best: -1.800292
2025-12-17 12:03:39,660 - INFO -   Min: -1.800292
2025-12-17 12:03:39,661 - INFO -   Max: 0.462210
2025-12-17 12:03:39,661 - INFO -   Avg: -1.362965
2025-12-17 12:03:39,661 - INFO -   Std: 0.527139
2025-12-17 12:03:39,767 - INFO - Generation 140
2025-12-17 12:03:39,767 - INFO -   Best: -1.800292
2025-12-17 12:03:39,767 - INFO -   Min: -1.800292
2025-12-17 12:03:39,768 - INFO -   Max: 0.476405
2025-12-17 12:03:39,768 - INFO -   Avg: -1.327423
2025-12-17 12:03:39,768 - INFO -   Std: 0.543586
2025-12-17 12:03:39,873 - INFO - Generation 150
2025-12-17 12:03:39,874 - INFO -   Best: -1.800292
2025-12-17 12:03:39,874 - INFO -   Min: -1.800292
2025-12-17 12:03:39,874 - INFO -   Max: -0.161195
2025-12-17 12:03:39,874 - INFO -   Avg: -1.385121
2025-12-17 12:03:39,874 - INFO -   Std: 0.471942
2025-12-17 12:03:39,978 - INFO - Generation 160
2025-12-17 12:03:39,979 - INFO -   Best: -1.800292
2025-12-17 12:03:39,979 - INFO -   Min: -1.800292
2025-12-17 12:03:39,979 - INFO -   Max: 0.542484
2025-12-17 12:03:39,979 - INFO -   Avg: -1.311870
2025-12-17 12:03:39,979 - INFO -   Std: 0.564783
2025-12-17 12:03:40,088 - INFO - Generation 170
2025-12-17 12:03:40,089 - INFO -   Best: -1.800292
2025-12-17 12:03:40,089 - INFO -   Min: -1.800292
2025-12-17 12:03:40,089 - INFO -   Max: -0.015933
2025-12-17 12:03:40,089 - INFO -   Avg: -1.406166
2025-12-17 12:03:40,089 - INFO -   Std: 0.493065
2025-12-17 12:03:40,196 - INFO - Generation 180
2025-12-17 12:03:40,196 - INFO -   Best: -1.800292
2025-12-17 12:03:40,196 - INFO -   Min: -1.800292
2025-12-17 12:03:40,197 - INFO -   Max: -0.000000
2025-12-17 12:03:40,197 - INFO -   Avg: -1.419120
2025-12-17 12:03:40,197 - INFO -   Std: 0.503692
2025-12-17 12:03:40,300 - INFO - Generation 190
2025-12-17 12:03:40,301 - INFO -   Best: -1.800292
2025-12-17 12:03:40,301 - INFO -   Min: -1.800292
2025-12-17 12:03:40,301 - INFO -   Max: 0.453966
2025-12-17 12:03:40,301 - INFO -   Avg: -1.399855
2025-12-17 12:03:40,301 - INFO -   Std: 0.539960
2025-12-17 12:03:40,411 - INFO - Generation 200
2025-12-17 12:03:40,411 - INFO -   Best: -1.800292
2025-12-17 12:03:40,411 - INFO -   Min: -1.800292
2025-12-17 12:03:40,412 - INFO -   Max: 0.461575
2025-12-17 12:03:40,412 - INFO -   Avg: -1.324068
2025-12-17 12:03:40,412 - INFO -   Std: 0.547799
2025-12-17 12:03:40,416 - INFO - 
Final best fitness: -1.7979691696
2025-12-17 12:03:40,417 - INFO - Execution time: 2.15s
