2025-12-17 11:34:40,401 - INFO - Representation: Real
2025-12-17 11:34:40,401 - INFO - Number of genes: 5
2025-12-17 11:34:40,401 - INFO - Bounds: [0, 3.141592653589793]
2025-12-17 11:34:40,401 - INFO - Function: michalewicz
2025-12-17 11:34:40,402 - INFO - Population size: 100
2025-12-17 11:34:40,402 - INFO - Generations: 200
2025-12-17 11:34:40,402 - INFO - Selection: tournament
2025-12-17 11:34:40,402 - INFO - Crossover: single_point
2025-12-17 11:34:40,402 - INFO - Mutation: random
2025-12-17 11:34:40,402 - INFO - 
2025-12-17 11:34:40,458 - INFO - Generation 10
2025-12-17 11:34:40,459 - INFO -   Best: -4.358121
2025-12-17 11:34:40,459 - INFO -   Min: -4.358121
2025-12-17 11:34:40,459 - INFO -   Max: -0.408842
2025-12-17 11:34:40,460 - INFO -   Avg: -3.180442
2025-12-17 11:34:40,460 - INFO -   Std: 0.717629
2025-12-17 11:34:40,509 - INFO - Generation 20
2025-12-17 11:34:40,510 - INFO -   Best: -4.593026
2025-12-17 11:34:40,510 - INFO -   Min: -4.593026
2025-12-17 11:34:40,510 - INFO -   Max: -2.237534
2025-12-17 11:34:40,510 - INFO -   Avg: -3.970830
2025-12-17 11:34:40,510 - INFO -   Std: 0.628246
2025-12-17 11:34:40,555 - INFO - Generation 30
2025-12-17 11:34:40,555 - INFO -   Best: -4.593026
2025-12-17 11:34:40,555 - INFO -   Min: -4.593026
2025-12-17 11:34:40,556 - INFO -   Max: -1.707434
2025-12-17 11:34:40,556 - INFO -   Avg: -4.086611
2025-12-17 11:34:40,556 - INFO -   Std: 0.714597
2025-12-17 11:34:40,596 - INFO - Generation 40
2025-12-17 11:34:40,597 - INFO -   Best: -4.593026
2025-12-17 11:34:40,597 - INFO -   Min: -4.593026
2025-12-17 11:34:40,597 - INFO -   Max: -2.172107
2025-12-17 11:34:40,597 - INFO -   Avg: -4.159778
2025-12-17 11:34:40,597 - INFO -   Std: 0.581558
2025-12-17 11:34:40,639 - INFO - Generation 50
2025-12-17 11:34:40,640 - INFO -   Best: -4.593026
2025-12-17 11:34:40,640 - INFO -   Min: -4.593026
2025-12-17 11:34:40,640 - INFO -   Max: -2.059627
2025-12-17 11:34:40,640 - INFO -   Avg: -4.180445
2025-12-17 11:34:40,640 - INFO -   Std: 0.604967
2025-12-17 11:34:40,683 - INFO - Generation 60
2025-12-17 11:34:40,683 - INFO -   Best: -4.593026
2025-12-17 11:34:40,683 - INFO -   Min: -4.593026
2025-12-17 11:34:40,683 - INFO -   Max: -2.112659
2025-12-17 11:34:40,683 - INFO -   Avg: -4.110854
2025-12-17 11:34:40,684 - INFO -   Std: 0.656487
2025-12-17 11:34:40,726 - INFO - Generation 70
2025-12-17 11:34:40,726 - INFO -   Best: -4.593026
2025-12-17 11:34:40,726 - INFO -   Min: -4.593026
2025-12-17 11:34:40,727 - INFO -   Max: -1.689864
2025-12-17 11:34:40,727 - INFO -   Avg: -4.056656
2025-12-17 11:34:40,727 - INFO -   Std: 0.724427
2025-12-17 11:34:40,768 - INFO - Generation 80
2025-12-17 11:34:40,769 - INFO -   Best: -4.593026
2025-12-17 11:34:40,769 - INFO -   Min: -4.593026
2025-12-17 11:34:40,769 - INFO -   Max: -1.732121
2025-12-17 11:34:40,769 - INFO -   Avg: -4.100960
2025-12-17 11:34:40,769 - INFO -   Std: 0.659341
2025-12-17 11:34:40,813 - INFO - Generation 90
2025-12-17 11:34:40,813 - INFO -   Best: -4.593026
2025-12-17 11:34:40,813 - INFO -   Min: -4.593026
2025-12-17 11:34:40,813 - INFO -   Max: -1.681261
2025-12-17 11:34:40,813 - INFO -   Avg: -3.924419
2025-12-17 11:34:40,814 - INFO -   Std: 0.724138
2025-12-17 11:34:40,854 - INFO - Generation 100
2025-12-17 11:34:40,854 - INFO -   Best: -4.593026
2025-12-17 11:34:40,855 - INFO -   Min: -4.593026
2025-12-17 11:34:40,855 - INFO -   Max: -1.461774
2025-12-17 11:34:40,855 - INFO -   Avg: -3.979126
2025-12-17 11:34:40,855 - INFO -   Std: 0.709292
2025-12-17 11:34:40,897 - INFO - Generation 110
2025-12-17 11:34:40,897 - INFO -   Best: -4.600753
2025-12-17 11:34:40,897 - INFO -   Min: -4.600753
2025-12-17 11:34:40,898 - INFO -   Max: -1.726620
2025-12-17 11:34:40,898 - INFO -   Avg: -4.072182
2025-12-17 11:34:40,898 - INFO -   Std: 0.643855
2025-12-17 11:34:40,941 - INFO - Generation 120
2025-12-17 11:34:40,942 - INFO -   Best: -4.600753
2025-12-17 11:34:40,942 - INFO -   Min: -4.600753
2025-12-17 11:34:40,942 - INFO -   Max: -1.753843
2025-12-17 11:34:40,942 - INFO -   Avg: -4.093209
2025-12-17 11:34:40,942 - INFO -   Std: 0.699620
2025-12-17 11:34:40,984 - INFO - Generation 130
2025-12-17 11:34:40,984 - INFO -   Best: -4.600753
2025-12-17 11:34:40,984 - INFO -   Min: -4.600753
2025-12-17 11:34:40,984 - INFO -   Max: -1.687123
2025-12-17 11:34:40,985 - INFO -   Avg: -4.057214
2025-12-17 11:34:40,985 - INFO -   Std: 0.688247
2025-12-17 11:34:41,027 - INFO - Generation 140
2025-12-17 11:34:41,028 - INFO -   Best: -4.600753
2025-12-17 11:34:41,028 - INFO -   Min: -4.600753
2025-12-17 11:34:41,028 - INFO -   Max: -1.894249
2025-12-17 11:34:41,028 - INFO -   Avg: -3.926904
2025-12-17 11:34:41,028 - INFO -   Std: 0.713880
2025-12-17 11:34:41,072 - INFO - Generation 150
2025-12-17 11:34:41,072 - INFO -   Best: -4.600753
2025-12-17 11:34:41,073 - INFO -   Min: -4.600753
2025-12-17 11:34:41,073 - INFO -   Max: -1.732835
2025-12-17 11:34:41,073 - INFO -   Avg: -3.940243
2025-12-17 11:34:41,073 - INFO -   Std: 0.730376
2025-12-17 11:34:41,113 - INFO - Generation 160
2025-12-17 11:34:41,113 - INFO -   Best: -4.600753
2025-12-17 11:34:41,113 - INFO -   Min: -4.600753
2025-12-17 11:34:41,113 - INFO -   Max: -2.238090
2025-12-17 11:34:41,114 - INFO -   Avg: -4.079886
2025-12-17 11:34:41,114 - INFO -   Std: 0.695910
2025-12-17 11:34:41,158 - INFO - Generation 170
2025-12-17 11:34:41,158 - INFO -   Best: -4.600753
2025-12-17 11:34:41,158 - INFO -   Min: -4.600753
2025-12-17 11:34:41,158 - INFO -   Max: -0.873080
2025-12-17 11:34:41,158 - INFO -   Avg: -4.044700
2025-12-17 11:34:41,158 - INFO -   Std: 0.734346
2025-12-17 11:34:41,201 - INFO - Generation 180
2025-12-17 11:34:41,202 - INFO -   Best: -4.600753
2025-12-17 11:34:41,202 - INFO -   Min: -4.600753
2025-12-17 11:34:41,202 - INFO -   Max: -1.279402
2025-12-17 11:34:41,202 - INFO -   Avg: -4.027404
2025-12-17 11:34:41,203 - INFO -   Std: 0.761866
2025-12-17 11:34:41,242 - INFO - Generation 190
2025-12-17 11:34:41,242 - INFO -   Best: -4.600753
2025-12-17 11:34:41,242 - INFO -   Min: -4.600753
2025-12-17 11:34:41,243 - INFO -   Max: -1.328152
2025-12-17 11:34:41,243 - INFO -   Avg: -4.030584
2025-12-17 11:34:41,243 - INFO -   Std: 0.763093
2025-12-17 11:34:41,285 - INFO - Generation 200
2025-12-17 11:34:41,285 - INFO -   Best: -4.600753
2025-12-17 11:34:41,285 - INFO -   Min: -4.600753
2025-12-17 11:34:41,285 - INFO -   Max: -0.882251
2025-12-17 11:34:41,286 - INFO -   Avg: -3.915427
2025-12-17 11:34:41,286 - INFO -   Std: 0.867459
2025-12-17 11:34:41,289 - INFO - 
Final best fitness: -4.5167814149
2025-12-17 11:34:41,289 - INFO - Execution time: 0.88s
2025-12-17 11:35:04,943 - INFO - Representation: Real
2025-12-17 11:35:04,943 - INFO - Number of genes: 10
2025-12-17 11:35:04,944 - INFO - Bounds: [0, 3.141592653589793]
2025-12-17 11:35:04,944 - INFO - Function: michalewicz
2025-12-17 11:35:04,944 - INFO - Population size: 100
2025-12-17 11:35:04,944 - INFO - Generations: 200
2025-12-17 11:35:04,944 - INFO - Selection: tournament
2025-12-17 11:35:04,944 - INFO - Crossover: single_point
2025-12-17 11:35:04,944 - INFO - Mutation: random
2025-12-17 11:35:04,944 - INFO - 
2025-12-17 11:35:05,021 - INFO - Generation 10
2025-12-17 11:35:05,021 - INFO -   Best: -6.692340
2025-12-17 11:35:05,022 - INFO -   Min: -6.692340
2025-12-17 11:35:05,022 - INFO -   Max: -0.955259
2025-12-17 11:35:05,022 - INFO -   Avg: -4.934050
2025-12-17 11:35:05,022 - INFO -   Std: 1.086284
2025-12-17 11:35:05,079 - INFO - Generation 20
2025-12-17 11:35:05,079 - INFO -   Best: -7.720460
2025-12-17 11:35:05,079 - INFO -   Min: -7.720460
2025-12-17 11:35:05,079 - INFO -   Max: -3.187193
2025-12-17 11:35:05,079 - INFO -   Avg: -6.292281
2025-12-17 11:35:05,080 - INFO -   Std: 0.894124
2025-12-17 11:35:05,138 - INFO - Generation 30
2025-12-17 11:35:05,138 - INFO -   Best: -8.412198
2025-12-17 11:35:05,139 - INFO -   Min: -8.412198
2025-12-17 11:35:05,139 - INFO -   Max: -3.236226
2025-12-17 11:35:05,139 - INFO -   Avg: -6.771140
2025-12-17 11:35:05,139 - INFO -   Std: 0.974874
2025-12-17 11:35:05,197 - INFO - Generation 40
2025-12-17 11:35:05,197 - INFO -   Best: -8.420551
2025-12-17 11:35:05,197 - INFO -   Min: -8.420551
2025-12-17 11:35:05,197 - INFO -   Max: -4.302638
2025-12-17 11:35:05,197 - INFO -   Avg: -7.185582
2025-12-17 11:35:05,198 - INFO -   Std: 1.003456
2025-12-17 11:35:05,253 - INFO - Generation 50
2025-12-17 11:35:05,253 - INFO -   Best: -8.431430
2025-12-17 11:35:05,254 - INFO -   Min: -8.431430
2025-12-17 11:35:05,254 - INFO -   Max: -4.181725
2025-12-17 11:35:05,254 - INFO -   Avg: -6.767595
2025-12-17 11:35:05,254 - INFO -   Std: 0.991358
2025-12-17 11:35:05,309 - INFO - Generation 60
2025-12-17 11:35:05,310 - INFO -   Best: -8.639253
2025-12-17 11:35:05,310 - INFO -   Min: -8.639253
2025-12-17 11:35:05,310 - INFO -   Max: -2.910487
2025-12-17 11:35:05,310 - INFO -   Avg: -7.286159
2025-12-17 11:35:05,310 - INFO -   Std: 1.033739
2025-12-17 11:35:05,366 - INFO - Generation 70
2025-12-17 11:35:05,366 - INFO -   Best: -8.643533
2025-12-17 11:35:05,366 - INFO -   Min: -8.643533
2025-12-17 11:35:05,366 - INFO -   Max: -4.725409
2025-12-17 11:35:05,367 - INFO -   Avg: -7.452261
2025-12-17 11:35:05,367 - INFO -   Std: 0.813926
2025-12-17 11:35:05,421 - INFO - Generation 80
2025-12-17 11:35:05,422 - INFO -   Best: -8.797973
2025-12-17 11:35:05,422 - INFO -   Min: -8.797973
2025-12-17 11:35:05,422 - INFO -   Max: -5.887015
2025-12-17 11:35:05,422 - INFO -   Avg: -7.625961
2025-12-17 11:35:05,422 - INFO -   Std: 0.876728
2025-12-17 11:35:05,476 - INFO - Generation 90
2025-12-17 11:35:05,477 - INFO -   Best: -8.939934
2025-12-17 11:35:05,477 - INFO -   Min: -8.939934
2025-12-17 11:35:05,477 - INFO -   Max: -5.319023
2025-12-17 11:35:05,477 - INFO -   Avg: -7.783547
2025-12-17 11:35:05,477 - INFO -   Std: 0.966696
2025-12-17 11:35:05,534 - INFO - Generation 100
2025-12-17 11:35:05,534 - INFO -   Best: -8.940428
2025-12-17 11:35:05,534 - INFO -   Min: -8.940428
2025-12-17 11:35:05,534 - INFO -   Max: -4.643916
2025-12-17 11:35:05,534 - INFO -   Avg: -7.734272
2025-12-17 11:35:05,534 - INFO -   Std: 1.070038
2025-12-17 11:35:05,591 - INFO - Generation 110
2025-12-17 11:35:05,592 - INFO -   Best: -8.940428
2025-12-17 11:35:05,592 - INFO -   Min: -8.940428
2025-12-17 11:35:05,592 - INFO -   Max: -4.019130
2025-12-17 11:35:05,592 - INFO -   Avg: -7.510444
2025-12-17 11:35:05,592 - INFO -   Std: 1.122274
2025-12-17 11:35:05,649 - INFO - Generation 120
2025-12-17 11:35:05,649 - INFO -   Best: -8.940428
2025-12-17 11:35:05,649 - INFO -   Min: -8.940428
2025-12-17 11:35:05,649 - INFO -   Max: -4.144650
2025-12-17 11:35:05,649 - INFO -   Avg: -7.162378
2025-12-17 11:35:05,650 - INFO -   Std: 1.183625
2025-12-17 11:35:05,707 - INFO - Generation 130
2025-12-17 11:35:05,707 - INFO -   Best: -8.940428
2025-12-17 11:35:05,707 - INFO -   Min: -8.940428
2025-12-17 11:35:05,707 - INFO -   Max: -3.100677
2025-12-17 11:35:05,707 - INFO -   Avg: -7.137403
2025-12-17 11:35:05,707 - INFO -   Std: 1.169295
2025-12-17 11:35:05,767 - INFO - Generation 140
2025-12-17 11:35:05,767 - INFO -   Best: -8.940428
2025-12-17 11:35:05,768 - INFO -   Min: -8.940428
2025-12-17 11:35:05,768 - INFO -   Max: -5.068840
2025-12-17 11:35:05,768 - INFO -   Avg: -7.488727
2025-12-17 11:35:05,768 - INFO -   Std: 0.955270
2025-12-17 11:35:05,825 - INFO - Generation 150
2025-12-17 11:35:05,825 - INFO -   Best: -8.940428
2025-12-17 11:35:05,825 - INFO -   Min: -8.940428
2025-12-17 11:35:05,825 - INFO -   Max: -3.750619
2025-12-17 11:35:05,825 - INFO -   Avg: -7.168579
2025-12-17 11:35:05,825 - INFO -   Std: 1.145375
2025-12-17 11:35:05,883 - INFO - Generation 160
2025-12-17 11:35:05,883 - INFO -   Best: -8.976993
2025-12-17 11:35:05,883 - INFO -   Min: -8.976993
2025-12-17 11:35:05,883 - INFO -   Max: -4.673940
2025-12-17 11:35:05,883 - INFO -   Avg: -7.681918
2025-12-17 11:35:05,884 - INFO -   Std: 0.947127
2025-12-17 11:35:05,940 - INFO - Generation 170
2025-12-17 11:35:05,940 - INFO -   Best: -8.976993
2025-12-17 11:35:05,940 - INFO -   Min: -8.976993
2025-12-17 11:35:05,941 - INFO -   Max: -3.031533
2025-12-17 11:35:05,941 - INFO -   Avg: -7.250988
2025-12-17 11:35:05,941 - INFO -   Std: 1.120805
2025-12-17 11:35:05,998 - INFO - Generation 180
2025-12-17 11:35:05,998 - INFO -   Best: -8.976993
2025-12-17 11:35:05,998 - INFO -   Min: -8.976993
2025-12-17 11:35:05,998 - INFO -   Max: -3.547201
2025-12-17 11:35:05,998 - INFO -   Avg: -7.347654
2025-12-17 11:35:05,998 - INFO -   Std: 1.012733
2025-12-17 11:35:06,055 - INFO - Generation 190
2025-12-17 11:35:06,055 - INFO -   Best: -8.976993
2025-12-17 11:35:06,056 - INFO -   Min: -8.976993
2025-12-17 11:35:06,056 - INFO -   Max: -4.830376
2025-12-17 11:35:06,056 - INFO -   Avg: -7.964359
2025-12-17 11:35:06,056 - INFO -   Std: 0.899011
2025-12-17 11:35:06,118 - INFO - Generation 200
2025-12-17 11:35:06,118 - INFO -   Best: -8.976993
2025-12-17 11:35:06,118 - INFO -   Min: -8.976993
2025-12-17 11:35:06,119 - INFO -   Max: -5.273730
2025-12-17 11:35:06,119 - INFO -   Avg: -7.822741
2025-12-17 11:35:06,119 - INFO -   Std: 0.882428
2025-12-17 11:35:06,122 - INFO - 
Final best fitness: -8.8215491243
2025-12-17 11:35:06,123 - INFO - Execution time: 1.16s
2025-12-17 11:36:36,501 - INFO - Representation: Real
2025-12-17 11:36:36,501 - INFO - Number of genes: 5
2025-12-17 11:36:36,501 - INFO - Bounds: [0, 3.141592653589793]
2025-12-17 11:36:36,501 - INFO - Function: michalewicz
2025-12-17 11:36:36,501 - INFO - Population size: 100
2025-12-17 11:36:36,502 - INFO - Generations: 200
2025-12-17 11:36:36,502 - INFO - Selection: tournament
2025-12-17 11:36:36,502 - INFO - Crossover: single_point
2025-12-17 11:36:36,502 - INFO - Mutation: random
2025-12-17 11:36:36,502 - INFO - 
2025-12-17 11:36:36,560 - INFO - Generation 10
2025-12-17 11:36:36,560 - INFO -   Best: -4.328346
2025-12-17 11:36:36,560 - INFO -   Min: -4.328346
2025-12-17 11:36:36,561 - INFO -   Max: -0.831838
2025-12-17 11:36:36,561 - INFO -   Avg: -3.699908
2025-12-17 11:36:36,561 - INFO -   Std: 0.616278
2025-12-17 11:36:36,603 - INFO - Generation 20
2025-12-17 11:36:36,603 - INFO -   Best: -4.518337
2025-12-17 11:36:36,603 - INFO -   Min: -4.518337
2025-12-17 11:36:36,603 - INFO -   Max: -1.627161
2025-12-17 11:36:36,603 - INFO -   Avg: -3.943504
2025-12-17 11:36:36,604 - INFO -   Std: 0.673802
2025-12-17 11:36:36,643 - INFO - Generation 30
2025-12-17 11:36:36,644 - INFO -   Best: -4.518337
2025-12-17 11:36:36,644 - INFO -   Min: -4.518337
2025-12-17 11:36:36,644 - INFO -   Max: -1.345589
2025-12-17 11:36:36,644 - INFO -   Avg: -3.901627
2025-12-17 11:36:36,644 - INFO -   Std: 0.746760
2025-12-17 11:36:36,685 - INFO - Generation 40
2025-12-17 11:36:36,685 - INFO -   Best: -4.534223
2025-12-17 11:36:36,685 - INFO -   Min: -4.534223
2025-12-17 11:36:36,685 - INFO -   Max: -1.888836
2025-12-17 11:36:36,686 - INFO -   Avg: -3.884395
2025-12-17 11:36:36,686 - INFO -   Std: 0.691511
2025-12-17 11:36:36,726 - INFO - Generation 50
2025-12-17 11:36:36,726 - INFO -   Best: -4.534223
2025-12-17 11:36:36,726 - INFO -   Min: -4.534223
2025-12-17 11:36:36,726 - INFO -   Max: -1.507912
2025-12-17 11:36:36,726 - INFO -   Avg: -3.981634
2025-12-17 11:36:36,726 - INFO -   Std: 0.736577
2025-12-17 11:36:36,767 - INFO - Generation 60
2025-12-17 11:36:36,768 - INFO -   Best: -4.534223
2025-12-17 11:36:36,768 - INFO -   Min: -4.534223
2025-12-17 11:36:36,768 - INFO -   Max: -0.877087
2025-12-17 11:36:36,768 - INFO -   Avg: -3.995996
2025-12-17 11:36:36,768 - INFO -   Std: 0.698035
2025-12-17 11:36:36,808 - INFO - Generation 70
2025-12-17 11:36:36,808 - INFO -   Best: -4.534223
2025-12-17 11:36:36,808 - INFO -   Min: -4.534223
2025-12-17 11:36:36,809 - INFO -   Max: -1.275353
2025-12-17 11:36:36,809 - INFO -   Avg: -4.033784
2025-12-17 11:36:36,809 - INFO -   Std: 0.698066
2025-12-17 11:36:36,850 - INFO - Generation 80
2025-12-17 11:36:36,850 - INFO -   Best: -4.534223
2025-12-17 11:36:36,850 - INFO -   Min: -4.534223
2025-12-17 11:36:36,850 - INFO -   Max: -0.426141
2025-12-17 11:36:36,850 - INFO -   Avg: -4.068541
2025-12-17 11:36:36,851 - INFO -   Std: 0.652349
2025-12-17 11:36:36,890 - INFO - Generation 90
2025-12-17 11:36:36,890 - INFO -   Best: -4.534223
2025-12-17 11:36:36,890 - INFO -   Min: -4.534223
2025-12-17 11:36:36,891 - INFO -   Max: -1.921445
2025-12-17 11:36:36,891 - INFO -   Avg: -4.034746
2025-12-17 11:36:36,891 - INFO -   Std: 0.602150
2025-12-17 11:36:36,931 - INFO - Generation 100
2025-12-17 11:36:36,931 - INFO -   Best: -4.534223
2025-12-17 11:36:36,931 - INFO -   Min: -4.534223
2025-12-17 11:36:36,932 - INFO -   Max: -1.468867
2025-12-17 11:36:36,932 - INFO -   Avg: -3.977448
2025-12-17 11:36:36,932 - INFO -   Std: 0.737779
2025-12-17 11:36:36,973 - INFO - Generation 110
2025-12-17 11:36:36,974 - INFO -   Best: -4.534223
2025-12-17 11:36:36,974 - INFO -   Min: -4.534223
2025-12-17 11:36:36,974 - INFO -   Max: -1.004732
2025-12-17 11:36:36,974 - INFO -   Avg: -3.993992
2025-12-17 11:36:36,974 - INFO -   Std: 0.692009
2025-12-17 11:36:37,015 - INFO - Generation 120
2025-12-17 11:36:37,015 - INFO -   Best: -4.534223
2025-12-17 11:36:37,015 - INFO -   Min: -4.534223
2025-12-17 11:36:37,015 - INFO -   Max: -1.425280
2025-12-17 11:36:37,015 - INFO -   Avg: -4.114713
2025-12-17 11:36:37,016 - INFO -   Std: 0.667752
2025-12-17 11:36:37,055 - INFO - Generation 130
2025-12-17 11:36:37,055 - INFO -   Best: -4.534223
2025-12-17 11:36:37,056 - INFO -   Min: -4.534223
2025-12-17 11:36:37,056 - INFO -   Max: -1.895103
2025-12-17 11:36:37,056 - INFO -   Avg: -4.028608
2025-12-17 11:36:37,056 - INFO -   Std: 0.714311
2025-12-17 11:36:37,098 - INFO - Generation 140
2025-12-17 11:36:37,099 - INFO -   Best: -4.534223
2025-12-17 11:36:37,099 - INFO -   Min: -4.534223
2025-12-17 11:36:37,099 - INFO -   Max: -1.851888
2025-12-17 11:36:37,099 - INFO -   Avg: -3.926116
2025-12-17 11:36:37,099 - INFO -   Std: 0.719450
2025-12-17 11:36:37,143 - INFO - Generation 150
2025-12-17 11:36:37,143 - INFO -   Best: -4.534223
2025-12-17 11:36:37,143 - INFO -   Min: -4.534223
2025-12-17 11:36:37,144 - INFO -   Max: -1.854329
2025-12-17 11:36:37,144 - INFO -   Avg: -4.019966
2025-12-17 11:36:37,144 - INFO -   Std: 0.714677
2025-12-17 11:36:37,188 - INFO - Generation 160
2025-12-17 11:36:37,188 - INFO -   Best: -4.534223
2025-12-17 11:36:37,189 - INFO -   Min: -4.534223
2025-12-17 11:36:37,189 - INFO -   Max: -1.686727
2025-12-17 11:36:37,189 - INFO -   Avg: -4.055393
2025-12-17 11:36:37,189 - INFO -   Std: 0.671352
2025-12-17 11:36:37,228 - INFO - Generation 170
2025-12-17 11:36:37,228 - INFO -   Best: -4.534223
2025-12-17 11:36:37,229 - INFO -   Min: -4.534223
2025-12-17 11:36:37,229 - INFO -   Max: -2.471176
2025-12-17 11:36:37,229 - INFO -   Avg: -4.084279
2025-12-17 11:36:37,229 - INFO -   Std: 0.580161
2025-12-17 11:36:37,270 - INFO - Generation 180
2025-12-17 11:36:37,271 - INFO -   Best: -4.534223
2025-12-17 11:36:37,271 - INFO -   Min: -4.534223
2025-12-17 11:36:37,271 - INFO -   Max: -1.821290
2025-12-17 11:36:37,271 - INFO -   Avg: -4.044104
2025-12-17 11:36:37,271 - INFO -   Std: 0.658643
2025-12-17 11:36:37,311 - INFO - Generation 190
2025-12-17 11:36:37,311 - INFO -   Best: -4.534223
2025-12-17 11:36:37,311 - INFO -   Min: -4.534223
2025-12-17 11:36:37,311 - INFO -   Max: -1.727733
2025-12-17 11:36:37,312 - INFO -   Avg: -3.977959
2025-12-17 11:36:37,312 - INFO -   Std: 0.717271
2025-12-17 11:36:37,352 - INFO - Generation 200
2025-12-17 11:36:37,352 - INFO -   Best: -4.534223
2025-12-17 11:36:37,353 - INFO -   Min: -4.534223
2025-12-17 11:36:37,353 - INFO -   Max: -1.923779
2025-12-17 11:36:37,353 - INFO -   Avg: -3.879759
2025-12-17 11:36:37,353 - INFO -   Std: 0.658090
2025-12-17 11:36:37,356 - INFO - 
Final best fitness: -4.4256043411
2025-12-17 11:36:37,356 - INFO - Execution time: 0.84s
2025-12-17 12:02:32,856 - INFO - Representation: Binary
2025-12-17 12:02:32,856 - INFO - Bits per variable: 12
2025-12-17 12:02:32,856 - INFO - Total genes: 60
2025-12-17 12:02:32,856 - INFO - Function: michalewicz
2025-12-17 12:02:32,856 - INFO - Population size: 100
2025-12-17 12:02:32,857 - INFO - Generations: 200
2025-12-17 12:02:32,857 - INFO - Selection: tournament
2025-12-17 12:02:32,857 - INFO - Crossover: single_point
2025-12-17 12:02:32,857 - INFO - Mutation: random
2025-12-17 12:02:32,857 - INFO - 
2025-12-17 12:02:33,189 - INFO - Generation 10
2025-12-17 12:02:33,189 - INFO -   Best: -4.406019
2025-12-17 12:02:33,189 - INFO -   Min: -4.406019
2025-12-17 12:02:33,189 - INFO -   Max: -0.706739
2025-12-17 12:02:33,190 - INFO -   Avg: -2.432371
2025-12-17 12:02:33,190 - INFO -   Std: 0.843681
2025-12-17 12:02:33,388 - INFO - Generation 20
2025-12-17 12:02:33,388 - INFO -   Best: -4.412939
2025-12-17 12:02:33,388 - INFO -   Min: -4.412939
2025-12-17 12:02:33,389 - INFO -   Max: -0.531272
2025-12-17 12:02:33,389 - INFO -   Avg: -2.605537
2025-12-17 12:02:33,389 - INFO -   Std: 0.898099
2025-12-17 12:02:33,585 - INFO - Generation 30
2025-12-17 12:02:33,585 - INFO -   Best: -4.447907
2025-12-17 12:02:33,585 - INFO -   Min: -4.447907
2025-12-17 12:02:33,586 - INFO -   Max: -0.510592
2025-12-17 12:02:33,586 - INFO -   Avg: -2.528265
2025-12-17 12:02:33,586 - INFO -   Std: 0.815205
2025-12-17 12:02:33,781 - INFO - Generation 40
2025-12-17 12:02:33,781 - INFO -   Best: -4.447907
2025-12-17 12:02:33,781 - INFO -   Min: -4.447907
2025-12-17 12:02:33,781 - INFO -   Max: -0.261708
2025-12-17 12:02:33,781 - INFO -   Avg: -2.204153
2025-12-17 12:02:33,782 - INFO -   Std: 0.974412
2025-12-17 12:02:33,979 - INFO - Generation 50
2025-12-17 12:02:33,979 - INFO -   Best: -4.447907
2025-12-17 12:02:33,979 - INFO -   Min: -4.447907
2025-12-17 12:02:33,980 - INFO -   Max: -0.203915
2025-12-17 12:02:33,980 - INFO -   Avg: -2.376707
2025-12-17 12:02:33,980 - INFO -   Std: 0.833507
2025-12-17 12:02:34,201 - INFO - Generation 60
2025-12-17 12:02:34,201 - INFO -   Best: -4.454112
2025-12-17 12:02:34,201 - INFO -   Min: -4.454112
2025-12-17 12:02:34,201 - INFO -   Max: -0.251885
2025-12-17 12:02:34,202 - INFO -   Avg: -2.575435
2025-12-17 12:02:34,202 - INFO -   Std: 0.883600
2025-12-17 12:02:34,403 - INFO - Generation 70
2025-12-17 12:02:34,403 - INFO -   Best: -4.454112
2025-12-17 12:02:34,403 - INFO -   Min: -4.454112
2025-12-17 12:02:34,403 - INFO -   Max: -0.771104
2025-12-17 12:02:34,403 - INFO -   Avg: -2.513068
2025-12-17 12:02:34,404 - INFO -   Std: 0.870512
2025-12-17 12:02:34,600 - INFO - Generation 80
2025-12-17 12:02:34,600 - INFO -   Best: -4.454112
2025-12-17 12:02:34,600 - INFO -   Min: -4.454112
2025-12-17 12:02:34,600 - INFO -   Max: -0.152763
2025-12-17 12:02:34,600 - INFO -   Avg: -2.614683
2025-12-17 12:02:34,601 - INFO -   Std: 0.880678
2025-12-17 12:02:34,803 - INFO - Generation 90
2025-12-17 12:02:34,803 - INFO -   Best: -4.455558
2025-12-17 12:02:34,803 - INFO -   Min: -4.455558
2025-12-17 12:02:34,804 - INFO -   Max: -0.678555
2025-12-17 12:02:34,804 - INFO -   Avg: -2.518280
2025-12-17 12:02:34,804 - INFO -   Std: 0.910277
2025-12-17 12:02:35,002 - INFO - Generation 100
2025-12-17 12:02:35,002 - INFO -   Best: -4.455558
2025-12-17 12:02:35,003 - INFO -   Min: -4.455558
2025-12-17 12:02:35,003 - INFO -   Max: -0.531332
2025-12-17 12:02:35,003 - INFO -   Avg: -2.451057
2025-12-17 12:02:35,003 - INFO -   Std: 0.961015
2025-12-17 12:02:35,200 - INFO - Generation 110
2025-12-17 12:02:35,200 - INFO -   Best: -4.491794
2025-12-17 12:02:35,200 - INFO -   Min: -4.491794
2025-12-17 12:02:35,200 - INFO -   Max: -0.933057
2025-12-17 12:02:35,200 - INFO -   Avg: -2.679934
2025-12-17 12:02:35,201 - INFO -   Std: 0.815513
2025-12-17 12:02:35,396 - INFO - Generation 120
2025-12-17 12:02:35,397 - INFO -   Best: -4.491794
2025-12-17 12:02:35,397 - INFO -   Min: -4.491794
2025-12-17 12:02:35,397 - INFO -   Max: 0.065436
2025-12-17 12:02:35,397 - INFO -   Avg: -2.544151
2025-12-17 12:02:35,397 - INFO -   Std: 0.963632
2025-12-17 12:02:35,594 - INFO - Generation 130
2025-12-17 12:02:35,594 - INFO -   Best: -4.491794
2025-12-17 12:02:35,594 - INFO -   Min: -4.491794
2025-12-17 12:02:35,594 - INFO -   Max: -0.329216
2025-12-17 12:02:35,594 - INFO -   Avg: -2.385907
2025-12-17 12:02:35,595 - INFO -   Std: 0.881579
2025-12-17 12:02:35,792 - INFO - Generation 140
2025-12-17 12:02:35,793 - INFO -   Best: -4.491794
2025-12-17 12:02:35,793 - INFO -   Min: -4.491794
2025-12-17 12:02:35,793 - INFO -   Max: -0.189580
2025-12-17 12:02:35,793 - INFO -   Avg: -2.221948
2025-12-17 12:02:35,793 - INFO -   Std: 0.903452
2025-12-17 12:02:35,994 - INFO - Generation 150
2025-12-17 12:02:35,994 - INFO -   Best: -4.491794
2025-12-17 12:02:35,994 - INFO -   Min: -4.491794
2025-12-17 12:02:35,994 - INFO -   Max: 0.106207
2025-12-17 12:02:35,994 - INFO -   Avg: -2.365826
2025-12-17 12:02:35,995 - INFO -   Std: 0.968518
2025-12-17 12:02:36,194 - INFO - Generation 160
2025-12-17 12:02:36,195 - INFO -   Best: -4.491794
2025-12-17 12:02:36,195 - INFO -   Min: -4.491794
2025-12-17 12:02:36,195 - INFO -   Max: 0.379683
2025-12-17 12:02:36,195 - INFO -   Avg: -2.449103
2025-12-17 12:02:36,195 - INFO -   Std: 0.855414
2025-12-17 12:02:36,393 - INFO - Generation 170
2025-12-17 12:02:36,393 - INFO -   Best: -4.491794
2025-12-17 12:02:36,393 - INFO -   Min: -4.491794
2025-12-17 12:02:36,394 - INFO -   Max: -0.125008
2025-12-17 12:02:36,394 - INFO -   Avg: -2.616895
2025-12-17 12:02:36,394 - INFO -   Std: 0.957717
2025-12-17 12:02:36,590 - INFO - Generation 180
2025-12-17 12:02:36,590 - INFO -   Best: -4.491794
2025-12-17 12:02:36,591 - INFO -   Min: -4.491794
2025-12-17 12:02:36,591 - INFO -   Max: -0.804516
2025-12-17 12:02:36,591 - INFO -   Avg: -2.741910
2025-12-17 12:02:36,591 - INFO -   Std: 0.914041
2025-12-17 12:02:36,792 - INFO - Generation 190
2025-12-17 12:02:36,792 - INFO -   Best: -4.491794
2025-12-17 12:02:36,792 - INFO -   Min: -4.491794
2025-12-17 12:02:36,792 - INFO -   Max: -0.007443
2025-12-17 12:02:36,793 - INFO -   Avg: -2.784850
2025-12-17 12:02:36,793 - INFO -   Std: 0.959843
2025-12-17 12:02:36,995 - INFO - Generation 200
2025-12-17 12:02:36,996 - INFO -   Best: -4.491794
2025-12-17 12:02:36,996 - INFO -   Min: -4.491794
2025-12-17 12:02:36,996 - INFO -   Max: -0.307583
2025-12-17 12:02:36,996 - INFO -   Avg: -2.600275
2025-12-17 12:02:36,996 - INFO -   Std: 0.963573
2025-12-17 12:02:37,002 - INFO - 
Final best fitness: -4.4749457259
2025-12-17 12:02:37,002 - INFO - Execution time: 4.01s
