2025-12-17 12:09:43,017 - INFO - Representation: Binary
2025-12-17 12:09:43,018 - INFO - Bits per variable: 12
2025-12-17 12:09:43,018 - INFO - Total genes: 120
2025-12-17 12:09:43,018 - INFO - Function: michalewicz
2025-12-17 12:09:43,018 - INFO - Population size: 100
2025-12-17 12:09:43,018 - INFO - Generations: 200
2025-12-17 12:09:43,018 - INFO - Selection: rws
2025-12-17 12:09:43,018 - INFO - Crossover: two_points
2025-12-17 12:09:43,019 - INFO - Mutation: swap
2025-12-17 12:09:43,019 - INFO - 
2025-12-17 12:09:43,334 - INFO - Generation 10
2025-12-17 12:09:43,334 - INFO -   Best: -6.004439
2025-12-17 12:09:43,334 - INFO -   Min: -6.004439
2025-12-17 12:09:43,334 - INFO -   Max: -1.218721
2025-12-17 12:09:43,335 - INFO -   Avg: -3.587743
2025-12-17 12:09:43,336 - INFO -   Std: 1.058298
2025-12-17 12:09:43,443 - INFO - Generation 20
2025-12-17 12:09:43,443 - INFO -   Best: -7.430030
2025-12-17 12:09:43,443 - INFO -   Min: -7.430030
2025-12-17 12:09:43,443 - INFO -   Max: -3.091351
2025-12-17 12:09:43,444 - INFO -   Avg: -5.464544
2025-12-17 12:09:43,444 - INFO -   Std: 0.931732
2025-12-17 12:09:43,555 - INFO - Generation 30
2025-12-17 12:09:43,555 - INFO -   Best: -7.997528
2025-12-17 12:09:43,555 - INFO -   Min: -7.997528
2025-12-17 12:09:43,555 - INFO -   Max: -3.255566
2025-12-17 12:09:43,555 - INFO -   Avg: -5.922545
2025-12-17 12:09:43,555 - INFO -   Std: 0.985865
2025-12-17 12:09:43,665 - INFO - Generation 40
2025-12-17 12:09:43,666 - INFO -   Best: -8.099652
2025-12-17 12:09:43,666 - INFO -   Min: -8.099652
2025-12-17 12:09:43,666 - INFO -   Max: -2.636409
2025-12-17 12:09:43,666 - INFO -   Avg: -5.380066
2025-12-17 12:09:43,666 - INFO -   Std: 1.139032
2025-12-17 12:09:43,778 - INFO - Generation 50
2025-12-17 12:09:43,778 - INFO -   Best: -8.161561
2025-12-17 12:09:43,779 - INFO -   Min: -8.161561
2025-12-17 12:09:43,779 - INFO -   Max: -2.667186
2025-12-17 12:09:43,779 - INFO -   Avg: -5.547649
2025-12-17 12:09:43,779 - INFO -   Std: 1.150843
2025-12-17 12:09:43,892 - INFO - Generation 60
2025-12-17 12:09:43,893 - INFO -   Best: -8.540124
2025-12-17 12:09:43,893 - INFO -   Min: -8.540124
2025-12-17 12:09:43,893 - INFO -   Max: -3.233834
2025-12-17 12:09:43,893 - INFO -   Avg: -6.269250
2025-12-17 12:09:43,893 - INFO -   Std: 1.137730
2025-12-17 12:09:44,008 - INFO - Generation 70
2025-12-17 12:09:44,009 - INFO -   Best: -8.592180
2025-12-17 12:09:44,009 - INFO -   Min: -8.592180
2025-12-17 12:09:44,009 - INFO -   Max: -3.407420
2025-12-17 12:09:44,009 - INFO -   Avg: -6.412694
2025-12-17 12:09:44,009 - INFO -   Std: 1.031505
2025-12-17 12:09:44,121 - INFO - Generation 80
2025-12-17 12:09:44,121 - INFO -   Best: -8.731807
2025-12-17 12:09:44,122 - INFO -   Min: -8.731807
2025-12-17 12:09:44,122 - INFO -   Max: -3.984152
2025-12-17 12:09:44,122 - INFO -   Avg: -6.416456
2025-12-17 12:09:44,122 - INFO -   Std: 1.024240
2025-12-17 12:09:44,235 - INFO - Generation 90
2025-12-17 12:09:44,235 - INFO -   Best: -8.751209
2025-12-17 12:09:44,236 - INFO -   Min: -8.751209
2025-12-17 12:09:44,236 - INFO -   Max: -3.381079
2025-12-17 12:09:44,236 - INFO -   Avg: -6.660672
2025-12-17 12:09:44,236 - INFO -   Std: 1.089095
2025-12-17 12:09:44,354 - INFO - Generation 100
2025-12-17 12:09:44,355 - INFO -   Best: -8.800841
2025-12-17 12:09:44,355 - INFO -   Min: -8.800841
2025-12-17 12:09:44,355 - INFO -   Max: -4.247024
2025-12-17 12:09:44,355 - INFO -   Avg: -7.180456
2025-12-17 12:09:44,355 - INFO -   Std: 0.903200
2025-12-17 12:09:44,469 - INFO - Generation 110
2025-12-17 12:09:44,469 - INFO -   Best: -8.908817
2025-12-17 12:09:44,469 - INFO -   Min: -8.908817
2025-12-17 12:09:44,470 - INFO -   Max: -3.714270
2025-12-17 12:09:44,470 - INFO -   Avg: -6.915078
2025-12-17 12:09:44,470 - INFO -   Std: 1.084063
2025-12-17 12:09:44,583 - INFO - Generation 120
2025-12-17 12:09:44,584 - INFO -   Best: -8.924793
2025-12-17 12:09:44,584 - INFO -   Min: -8.924793
2025-12-17 12:09:44,584 - INFO -   Max: -4.778980
2025-12-17 12:09:44,584 - INFO -   Avg: -7.399262
2025-12-17 12:09:44,585 - INFO -   Std: 0.948422
2025-12-17 12:09:44,705 - INFO - Generation 130
2025-12-17 12:09:44,705 - INFO -   Best: -8.929877
2025-12-17 12:09:44,706 - INFO -   Min: -8.929877
2025-12-17 12:09:44,706 - INFO -   Max: -5.926143
2025-12-17 12:09:44,706 - INFO -   Avg: -7.933728
2025-12-17 12:09:44,706 - INFO -   Std: 0.799247
2025-12-17 12:09:44,828 - INFO - Generation 140
2025-12-17 12:09:44,828 - INFO -   Best: -8.930308
2025-12-17 12:09:44,828 - INFO -   Min: -8.930308
2025-12-17 12:09:44,828 - INFO -   Max: -5.461768
2025-12-17 12:09:44,828 - INFO -   Avg: -7.907518
2025-12-17 12:09:44,829 - INFO -   Std: 0.824666
2025-12-17 12:09:44,949 - INFO - Generation 150
2025-12-17 12:09:44,949 - INFO -   Best: -8.930368
2025-12-17 12:09:44,950 - INFO -   Min: -8.930368
2025-12-17 12:09:44,950 - INFO -   Max: -5.073191
2025-12-17 12:09:44,950 - INFO -   Avg: -7.586690
2025-12-17 12:09:44,950 - INFO -   Std: 0.868305
2025-12-17 12:09:45,079 - INFO - Generation 160
2025-12-17 12:09:45,079 - INFO -   Best: -8.930368
2025-12-17 12:09:45,080 - INFO -   Min: -8.930368
2025-12-17 12:09:45,080 - INFO -   Max: -4.836315
2025-12-17 12:09:45,080 - INFO -   Avg: -7.572473
2025-12-17 12:09:45,080 - INFO -   Std: 0.981429
2025-12-17 12:09:45,213 - INFO - Generation 170
2025-12-17 12:09:45,213 - INFO -   Best: -8.931681
2025-12-17 12:09:45,213 - INFO -   Min: -8.931681
2025-12-17 12:09:45,213 - INFO -   Max: -4.479417
2025-12-17 12:09:45,213 - INFO -   Avg: -7.439380
2025-12-17 12:09:45,214 - INFO -   Std: 0.962382
2025-12-17 12:09:45,331 - INFO - Generation 180
2025-12-17 12:09:45,331 - INFO -   Best: -8.932332
2025-12-17 12:09:45,331 - INFO -   Min: -8.932332
2025-12-17 12:09:45,332 - INFO -   Max: -5.834980
2025-12-17 12:09:45,332 - INFO -   Avg: -7.773020
2025-12-17 12:09:45,332 - INFO -   Std: 0.714548
2025-12-17 12:09:45,446 - INFO - Generation 190
2025-12-17 12:09:45,446 - INFO -   Best: -8.932332
2025-12-17 12:09:45,447 - INFO -   Min: -8.932332
2025-12-17 12:09:45,447 - INFO -   Max: -4.949725
2025-12-17 12:09:45,447 - INFO -   Avg: -7.553656
2025-12-17 12:09:45,447 - INFO -   Std: 0.984077
2025-12-17 12:09:45,560 - INFO - Generation 200
2025-12-17 12:09:45,561 - INFO -   Best: -8.932332
2025-12-17 12:09:45,561 - INFO -   Min: -8.932332
2025-12-17 12:09:45,561 - INFO -   Max: -4.968070
2025-12-17 12:09:45,561 - INFO -   Avg: -7.245412
2025-12-17 12:09:45,562 - INFO -   Std: 0.888914
2025-12-17 12:09:45,570 - INFO - 
Final best fitness: -8.9323319099
2025-12-17 12:09:45,570 - INFO - Execution time: 2.34s
