2025-12-17 11:42:40,975 - INFO - Representation: Real
2025-12-17 11:42:40,975 - INFO - Number of genes: 10
2025-12-17 11:42:40,975 - INFO - Bounds: [-100, 100]
2025-12-17 11:42:40,975 - INFO - Function: f16_2014
2025-12-17 11:42:40,976 - INFO - Population size: 100
2025-12-17 11:42:40,976 - INFO - Generations: 200
2025-12-17 11:42:40,976 - INFO - Selection: tournament
2025-12-17 11:42:40,976 - INFO - Crossover: single_point
2025-12-17 11:42:40,976 - INFO - Mutation: random
2025-12-17 11:42:40,976 - INFO - 
2025-12-17 11:42:41,154 - INFO - Generation 10
2025-12-17 11:42:41,154 - INFO -   Best: 1604.051452
2025-12-17 11:42:41,155 - INFO -   Min: 1604.051452
2025-12-17 11:42:41,155 - INFO -   Max: 1605.811084
2025-12-17 11:42:41,155 - INFO -   Avg: 1604.839296
2025-12-17 11:42:41,155 - INFO -   Std: 0.354974
2025-12-17 11:42:41,299 - INFO - Generation 20
2025-12-17 11:42:41,299 - INFO -   Best: 1603.945400
2025-12-17 11:42:41,300 - INFO -   Min: 1603.945400
2025-12-17 11:42:41,300 - INFO -   Max: 1605.775081
2025-12-17 11:42:41,300 - INFO -   Avg: 1604.755770
2025-12-17 11:42:41,300 - INFO -   Std: 0.372345
2025-12-17 11:42:41,447 - INFO - Generation 30
2025-12-17 11:42:41,447 - INFO -   Best: 1603.847022
2025-12-17 11:42:41,447 - INFO -   Min: 1603.847022
2025-12-17 11:42:41,447 - INFO -   Max: 1605.679530
2025-12-17 11:42:41,448 - INFO -   Avg: 1604.615966
2025-12-17 11:42:41,448 - INFO -   Std: 0.421996
2025-12-17 11:42:41,583 - INFO - Generation 40
2025-12-17 11:42:41,584 - INFO -   Best: 1603.639131
2025-12-17 11:42:41,584 - INFO -   Min: 1603.639131
2025-12-17 11:42:41,584 - INFO -   Max: 1605.679114
2025-12-17 11:42:41,584 - INFO -   Avg: 1604.533095
2025-12-17 11:42:41,584 - INFO -   Std: 0.482358
2025-12-17 11:42:41,721 - INFO - Generation 50
2025-12-17 11:42:41,722 - INFO -   Best: 1603.385432
2025-12-17 11:42:41,722 - INFO -   Min: 1603.385432
2025-12-17 11:42:41,722 - INFO -   Max: 1605.635655
2025-12-17 11:42:41,722 - INFO -   Avg: 1604.433352
2025-12-17 11:42:41,722 - INFO -   Std: 0.515685
2025-12-17 11:42:41,861 - INFO - Generation 60
2025-12-17 11:42:41,861 - INFO -   Best: 1603.385432
2025-12-17 11:42:41,862 - INFO -   Min: 1603.385432
2025-12-17 11:42:41,862 - INFO -   Max: 1605.487843
2025-12-17 11:42:41,862 - INFO -   Avg: 1604.447763
2025-12-17 11:42:41,862 - INFO -   Std: 0.558708
2025-12-17 11:42:41,995 - INFO - Generation 70
2025-12-17 11:42:41,996 - INFO -   Best: 1603.243792
2025-12-17 11:42:41,996 - INFO -   Min: 1603.243792
2025-12-17 11:42:41,996 - INFO -   Max: 1605.703128
2025-12-17 11:42:41,996 - INFO -   Avg: 1604.310151
2025-12-17 11:42:41,996 - INFO -   Std: 0.561366
2025-12-17 11:42:42,135 - INFO - Generation 80
2025-12-17 11:42:42,135 - INFO -   Best: 1603.238517
2025-12-17 11:42:42,135 - INFO -   Min: 1603.238517
2025-12-17 11:42:42,136 - INFO -   Max: 1605.684941
2025-12-17 11:42:42,136 - INFO -   Avg: 1604.388989
2025-12-17 11:42:42,136 - INFO -   Std: 0.536375
2025-12-17 11:42:42,279 - INFO - Generation 90
2025-12-17 11:42:42,279 - INFO -   Best: 1603.164130
2025-12-17 11:42:42,279 - INFO -   Min: 1603.164130
2025-12-17 11:42:42,279 - INFO -   Max: 1605.648221
2025-12-17 11:42:42,279 - INFO -   Avg: 1604.329023
2025-12-17 11:42:42,280 - INFO -   Std: 0.567966
2025-12-17 11:42:42,422 - INFO - Generation 100
2025-12-17 11:42:42,422 - INFO -   Best: 1603.159990
2025-12-17 11:42:42,422 - INFO -   Min: 1603.159990
2025-12-17 11:42:42,422 - INFO -   Max: 1606.079939
2025-12-17 11:42:42,422 - INFO -   Avg: 1604.339820
2025-12-17 11:42:42,422 - INFO -   Std: 0.624340
2025-12-17 11:42:42,570 - INFO - Generation 110
2025-12-17 11:42:42,570 - INFO -   Best: 1603.153549
2025-12-17 11:42:42,570 - INFO -   Min: 1603.153549
2025-12-17 11:42:42,571 - INFO -   Max: 1605.750518
2025-12-17 11:42:42,571 - INFO -   Avg: 1604.492300
2025-12-17 11:42:42,571 - INFO -   Std: 0.552066
2025-12-17 11:42:42,713 - INFO - Generation 120
2025-12-17 11:42:42,714 - INFO -   Best: 1603.153549
2025-12-17 11:42:42,714 - INFO -   Min: 1603.153549
2025-12-17 11:42:42,714 - INFO -   Max: 1605.421200
2025-12-17 11:42:42,714 - INFO -   Avg: 1604.276268
2025-12-17 11:42:42,714 - INFO -   Std: 0.499659
2025-12-17 11:42:42,846 - INFO - Generation 130
2025-12-17 11:42:42,846 - INFO -   Best: 1603.153549
2025-12-17 11:42:42,846 - INFO -   Min: 1603.153549
2025-12-17 11:42:42,846 - INFO -   Max: 1605.416649
2025-12-17 11:42:42,847 - INFO -   Avg: 1604.352409
2025-12-17 11:42:42,847 - INFO -   Std: 0.631921
2025-12-17 11:42:42,988 - INFO - Generation 140
2025-12-17 11:42:42,988 - INFO -   Best: 1603.146356
2025-12-17 11:42:42,989 - INFO -   Min: 1603.146356
2025-12-17 11:42:42,989 - INFO -   Max: 1605.388166
2025-12-17 11:42:42,989 - INFO -   Avg: 1604.410724
2025-12-17 11:42:42,989 - INFO -   Std: 0.608792
2025-12-17 11:42:43,119 - INFO - Generation 150
2025-12-17 11:42:43,120 - INFO -   Best: 1603.146356
2025-12-17 11:42:43,120 - INFO -   Min: 1603.146356
2025-12-17 11:42:43,120 - INFO -   Max: 1605.541635
2025-12-17 11:42:43,120 - INFO -   Avg: 1604.021572
2025-12-17 11:42:43,120 - INFO -   Std: 0.670903
2025-12-17 11:42:43,259 - INFO - Generation 160
2025-12-17 11:42:43,259 - INFO -   Best: 1603.125478
2025-12-17 11:42:43,259 - INFO -   Min: 1603.125478
2025-12-17 11:42:43,259 - INFO -   Max: 1605.396095
2025-12-17 11:42:43,261 - INFO -   Avg: 1604.304994
2025-12-17 11:42:43,261 - INFO -   Std: 0.623722
2025-12-17 11:42:43,396 - INFO - Generation 170
2025-12-17 11:42:43,396 - INFO -   Best: 1603.125478
2025-12-17 11:42:43,396 - INFO -   Min: 1603.125478
2025-12-17 11:42:43,397 - INFO -   Max: 1605.543525
2025-12-17 11:42:43,397 - INFO -   Avg: 1604.242396
2025-12-17 11:42:43,397 - INFO -   Std: 0.636013
2025-12-17 11:42:43,531 - INFO - Generation 180
2025-12-17 11:42:43,531 - INFO -   Best: 1603.116076
2025-12-17 11:42:43,531 - INFO -   Min: 1603.116076
2025-12-17 11:42:43,531 - INFO -   Max: 1605.821047
2025-12-17 11:42:43,531 - INFO -   Avg: 1604.328389
2025-12-17 11:42:43,531 - INFO -   Std: 0.635008
2025-12-17 11:42:43,668 - INFO - Generation 190
2025-12-17 11:42:43,668 - INFO -   Best: 1603.096323
2025-12-17 11:42:43,668 - INFO -   Min: 1603.096323
2025-12-17 11:42:43,669 - INFO -   Max: 1605.801873
2025-12-17 11:42:43,669 - INFO -   Avg: 1604.308985
2025-12-17 11:42:43,669 - INFO -   Std: 0.672028
2025-12-17 11:42:43,806 - INFO - Generation 200
2025-12-17 11:42:43,806 - INFO -   Best: 1603.096323
2025-12-17 11:42:43,807 - INFO -   Min: 1603.096323
2025-12-17 11:42:43,807 - INFO -   Max: 1605.513421
2025-12-17 11:42:43,807 - INFO -   Avg: 1604.288575
2025-12-17 11:42:43,807 - INFO -   Std: 0.636515
2025-12-17 11:42:43,817 - INFO - 
Final best fitness: 1603.1008957208
2025-12-17 11:42:43,817 - INFO - Execution time: 2.82s
2025-12-17 11:59:19,673 - INFO - Representation: Binary
2025-12-17 11:59:19,673 - INFO - Bits per variable: 12
2025-12-17 11:59:19,674 - INFO - Total genes: 120
2025-12-17 11:59:19,674 - INFO - Function: f16_2014
2025-12-17 11:59:19,674 - INFO - Population size: 100
2025-12-17 11:59:19,674 - INFO - Generations: 200
2025-12-17 11:59:19,674 - INFO - Selection: tournament
2025-12-17 11:59:19,674 - INFO - Crossover: single_point
2025-12-17 11:59:19,674 - INFO - Mutation: random
2025-12-17 11:59:19,675 - INFO - 
2025-12-17 11:59:20,355 - INFO - Generation 10
2025-12-17 11:59:20,357 - INFO -   Best: 1604.053719
2025-12-17 11:59:20,357 - INFO -   Min: 1604.053719
2025-12-17 11:59:20,357 - INFO -   Max: 1605.420669
2025-12-17 11:59:20,357 - INFO -   Avg: 1604.982715
2025-12-17 11:59:20,357 - INFO -   Std: 0.175108
2025-12-17 11:59:20,813 - INFO - Generation 20
2025-12-17 11:59:20,813 - INFO -   Best: 1604.053719
2025-12-17 11:59:20,813 - INFO -   Min: 1604.053719
2025-12-17 11:59:20,813 - INFO -   Max: 1605.346877
2025-12-17 11:59:20,814 - INFO -   Avg: 1604.976909
2025-12-17 11:59:20,814 - INFO -   Std: 0.183394
2025-12-17 11:59:21,287 - INFO - Generation 30
2025-12-17 11:59:21,287 - INFO -   Best: 1604.053719
2025-12-17 11:59:21,287 - INFO -   Min: 1604.053719
2025-12-17 11:59:21,287 - INFO -   Max: 1605.365885
2025-12-17 11:59:21,287 - INFO -   Avg: 1604.948769
2025-12-17 11:59:21,288 - INFO -   Std: 0.164764
2025-12-17 11:59:21,746 - INFO - Generation 40
2025-12-17 11:59:21,746 - INFO -   Best: 1604.053719
2025-12-17 11:59:21,747 - INFO -   Min: 1604.053719
2025-12-17 11:59:21,747 - INFO -   Max: 1605.588500
2025-12-17 11:59:21,747 - INFO -   Avg: 1604.984088
2025-12-17 11:59:21,747 - INFO -   Std: 0.166711
2025-12-17 11:59:22,208 - INFO - Generation 50
2025-12-17 11:59:22,208 - INFO -   Best: 1604.053719
2025-12-17 11:59:22,209 - INFO -   Min: 1604.053719
2025-12-17 11:59:22,209 - INFO -   Max: 1605.431576
2025-12-17 11:59:22,209 - INFO -   Avg: 1604.965263
2025-12-17 11:59:22,209 - INFO -   Std: 0.195554
2025-12-17 11:59:22,661 - INFO - Generation 60
2025-12-17 11:59:22,662 - INFO -   Best: 1604.053719
2025-12-17 11:59:22,662 - INFO -   Min: 1604.053719
2025-12-17 11:59:22,662 - INFO -   Max: 1605.808967
2025-12-17 11:59:22,662 - INFO -   Avg: 1604.981346
2025-12-17 11:59:22,663 - INFO -   Std: 0.206781
2025-12-17 11:59:23,117 - INFO - Generation 70
2025-12-17 11:59:23,118 - INFO -   Best: 1604.053719
2025-12-17 11:59:23,118 - INFO -   Min: 1604.053719
2025-12-17 11:59:23,118 - INFO -   Max: 1605.660620
2025-12-17 11:59:23,118 - INFO -   Avg: 1604.975275
2025-12-17 11:59:23,118 - INFO -   Std: 0.195275
2025-12-17 11:59:23,571 - INFO - Generation 80
2025-12-17 11:59:23,572 - INFO -   Best: 1604.053719
2025-12-17 11:59:23,572 - INFO -   Min: 1604.053719
2025-12-17 11:59:23,572 - INFO -   Max: 1605.781979
2025-12-17 11:59:23,573 - INFO -   Avg: 1605.002394
2025-12-17 11:59:23,573 - INFO -   Std: 0.172887
2025-12-17 11:59:24,030 - INFO - Generation 90
2025-12-17 11:59:24,031 - INFO -   Best: 1604.053719
2025-12-17 11:59:24,031 - INFO -   Min: 1604.053719
2025-12-17 11:59:24,031 - INFO -   Max: 1605.390907
2025-12-17 11:59:24,031 - INFO -   Avg: 1604.967455
2025-12-17 11:59:24,032 - INFO -   Std: 0.180213
2025-12-17 11:59:24,481 - INFO - Generation 100
2025-12-17 11:59:24,482 - INFO -   Best: 1604.053719
2025-12-17 11:59:24,482 - INFO -   Min: 1604.053719
2025-12-17 11:59:24,482 - INFO -   Max: 1605.270026
2025-12-17 11:59:24,482 - INFO -   Avg: 1604.971830
2025-12-17 11:59:24,482 - INFO -   Std: 0.185260
2025-12-17 11:59:24,935 - INFO - Generation 110
2025-12-17 11:59:24,935 - INFO -   Best: 1604.053719
2025-12-17 11:59:24,935 - INFO -   Min: 1604.053719
2025-12-17 11:59:24,936 - INFO -   Max: 1605.495168
2025-12-17 11:59:24,936 - INFO -   Avg: 1605.003132
2025-12-17 11:59:24,936 - INFO -   Std: 0.161660
2025-12-17 11:59:25,391 - INFO - Generation 120
2025-12-17 11:59:25,392 - INFO -   Best: 1603.802363
2025-12-17 11:59:25,392 - INFO -   Min: 1603.802363
2025-12-17 11:59:25,392 - INFO -   Max: 1605.771862
2025-12-17 11:59:25,392 - INFO -   Avg: 1604.949887
2025-12-17 11:59:25,392 - INFO -   Std: 0.264179
2025-12-17 11:59:25,842 - INFO - Generation 130
2025-12-17 11:59:25,843 - INFO -   Best: 1603.802363
2025-12-17 11:59:25,843 - INFO -   Min: 1603.802363
2025-12-17 11:59:25,843 - INFO -   Max: 1605.719096
2025-12-17 11:59:25,843 - INFO -   Avg: 1604.992478
2025-12-17 11:59:25,843 - INFO -   Std: 0.261454
2025-12-17 11:59:26,304 - INFO - Generation 140
2025-12-17 11:59:26,304 - INFO -   Best: 1603.777876
2025-12-17 11:59:26,305 - INFO -   Min: 1603.777876
2025-12-17 11:59:26,305 - INFO -   Max: 1605.551877
2025-12-17 11:59:26,305 - INFO -   Avg: 1604.944491
2025-12-17 11:59:26,305 - INFO -   Std: 0.217423
2025-12-17 11:59:26,758 - INFO - Generation 150
2025-12-17 11:59:26,758 - INFO -   Best: 1603.777876
2025-12-17 11:59:26,758 - INFO -   Min: 1603.777876
2025-12-17 11:59:26,758 - INFO -   Max: 1605.360731
2025-12-17 11:59:26,758 - INFO -   Avg: 1604.969914
2025-12-17 11:59:26,758 - INFO -   Std: 0.202203
2025-12-17 11:59:27,215 - INFO - Generation 160
2025-12-17 11:59:27,215 - INFO -   Best: 1603.777876
2025-12-17 11:59:27,215 - INFO -   Min: 1603.777876
2025-12-17 11:59:27,215 - INFO -   Max: 1605.449569
2025-12-17 11:59:27,215 - INFO -   Avg: 1604.939012
2025-12-17 11:59:27,216 - INFO -   Std: 0.204029
2025-12-17 11:59:27,673 - INFO - Generation 170
2025-12-17 11:59:27,673 - INFO -   Best: 1603.766429
2025-12-17 11:59:27,673 - INFO -   Min: 1603.766429
2025-12-17 11:59:27,674 - INFO -   Max: 1605.652906
2025-12-17 11:59:27,674 - INFO -   Avg: 1604.937855
2025-12-17 11:59:27,674 - INFO -   Std: 0.238057
2025-12-17 11:59:28,136 - INFO - Generation 180
2025-12-17 11:59:28,136 - INFO -   Best: 1603.766429
2025-12-17 11:59:28,136 - INFO -   Min: 1603.766429
2025-12-17 11:59:28,136 - INFO -   Max: 1605.478967
2025-12-17 11:59:28,136 - INFO -   Avg: 1604.947301
2025-12-17 11:59:28,136 - INFO -   Std: 0.245111
2025-12-17 11:59:28,592 - INFO - Generation 190
2025-12-17 11:59:28,592 - INFO -   Best: 1603.762617
2025-12-17 11:59:28,592 - INFO -   Min: 1603.762617
2025-12-17 11:59:28,592 - INFO -   Max: 1605.635505
2025-12-17 11:59:28,592 - INFO -   Avg: 1604.947159
2025-12-17 11:59:28,593 - INFO -   Std: 0.255882
2025-12-17 11:59:29,047 - INFO - Generation 200
2025-12-17 11:59:29,048 - INFO -   Best: 1603.762617
2025-12-17 11:59:29,048 - INFO -   Min: 1603.762617
2025-12-17 11:59:29,048 - INFO -   Max: 1605.976668
2025-12-17 11:59:29,048 - INFO -   Avg: 1604.969355
2025-12-17 11:59:29,048 - INFO -   Std: 0.274105
2025-12-17 11:59:29,062 - INFO - 
Final best fitness: 1603.7626171811
2025-12-17 11:59:29,062 - INFO - Execution time: 9.16s
