2025-12-17 12:22:11,294 - INFO - Representation: Real
2025-12-17 12:22:11,294 - INFO - Number of genes: 10
2025-12-17 12:22:11,294 - INFO - Bounds: [-100, 100]
2025-12-17 12:22:11,294 - INFO - Function: f16_2014
2025-12-17 12:22:11,294 - INFO - Population size: 100
2025-12-17 12:22:11,294 - INFO - Generations: 200
2025-12-17 12:22:11,295 - INFO - Selection: rws
2025-12-17 12:22:11,295 - INFO - Crossover: two_points
2025-12-17 12:22:11,295 - INFO - Mutation: swap
2025-12-17 12:22:11,295 - INFO - 
2025-12-17 12:22:11,470 - INFO - Generation 10
2025-12-17 12:22:11,471 - INFO -   Best: 1604.092415
2025-12-17 12:22:11,471 - INFO -   Min: 1604.092415
2025-12-17 12:22:11,471 - INFO -   Max: 1605.685398
2025-12-17 12:22:11,471 - INFO -   Avg: 1604.972192
2025-12-17 12:22:11,472 - INFO -   Std: 0.233577
2025-12-17 12:22:11,626 - INFO - Generation 20
2025-12-17 12:22:11,626 - INFO -   Best: 1603.543548
2025-12-17 12:22:11,626 - INFO -   Min: 1603.543548
2025-12-17 12:22:11,626 - INFO -   Max: 1605.894695
2025-12-17 12:22:11,626 - INFO -   Avg: 1604.970447
2025-12-17 12:22:11,627 - INFO -   Std: 0.271712
2025-12-17 12:22:11,780 - INFO - Generation 30
2025-12-17 12:22:11,780 - INFO -   Best: 1603.543548
2025-12-17 12:22:11,780 - INFO -   Min: 1603.543548
2025-12-17 12:22:11,780 - INFO -   Max: 1605.942940
2025-12-17 12:22:11,780 - INFO -   Avg: 1605.005189
2025-12-17 12:22:11,781 - INFO -   Std: 0.304167
2025-12-17 12:22:11,933 - INFO - Generation 40
2025-12-17 12:22:11,933 - INFO -   Best: 1603.543548
2025-12-17 12:22:11,933 - INFO -   Min: 1603.543548
2025-12-17 12:22:11,933 - INFO -   Max: 1605.669746
2025-12-17 12:22:11,933 - INFO -   Avg: 1604.970466
2025-12-17 12:22:11,933 - INFO -   Std: 0.298723
2025-12-17 12:22:12,090 - INFO - Generation 50
2025-12-17 12:22:12,091 - INFO -   Best: 1603.543548
2025-12-17 12:22:12,091 - INFO -   Min: 1603.543548
2025-12-17 12:22:12,091 - INFO -   Max: 1605.652958
2025-12-17 12:22:12,091 - INFO -   Avg: 1604.975673
2025-12-17 12:22:12,091 - INFO -   Std: 0.263281
2025-12-17 12:22:12,243 - INFO - Generation 60
2025-12-17 12:22:12,244 - INFO -   Best: 1603.543548
2025-12-17 12:22:12,244 - INFO -   Min: 1603.543548
2025-12-17 12:22:12,244 - INFO -   Max: 1605.450198
2025-12-17 12:22:12,244 - INFO -   Avg: 1604.946663
2025-12-17 12:22:12,244 - INFO -   Std: 0.251729
2025-12-17 12:22:12,395 - INFO - Generation 70
2025-12-17 12:22:12,395 - INFO -   Best: 1603.543548
2025-12-17 12:22:12,395 - INFO -   Min: 1603.543548
2025-12-17 12:22:12,396 - INFO -   Max: 1605.387050
2025-12-17 12:22:12,396 - INFO -   Avg: 1604.936018
2025-12-17 12:22:12,396 - INFO -   Std: 0.274545
2025-12-17 12:22:12,546 - INFO - Generation 80
2025-12-17 12:22:12,546 - INFO -   Best: 1603.543548
2025-12-17 12:22:12,547 - INFO -   Min: 1603.543548
2025-12-17 12:22:12,547 - INFO -   Max: 1605.898883
2025-12-17 12:22:12,547 - INFO -   Avg: 1604.947824
2025-12-17 12:22:12,547 - INFO -   Std: 0.299483
2025-12-17 12:22:12,698 - INFO - Generation 90
2025-12-17 12:22:12,698 - INFO -   Best: 1603.543548
2025-12-17 12:22:12,699 - INFO -   Min: 1603.543548
2025-12-17 12:22:12,699 - INFO -   Max: 1605.450346
2025-12-17 12:22:12,699 - INFO -   Avg: 1604.952203
2025-12-17 12:22:12,699 - INFO -   Std: 0.232957
2025-12-17 12:22:12,846 - INFO - Generation 100
2025-12-17 12:22:12,846 - INFO -   Best: 1603.543548
2025-12-17 12:22:12,846 - INFO -   Min: 1603.543548
2025-12-17 12:22:12,846 - INFO -   Max: 1606.039901
2025-12-17 12:22:12,847 - INFO -   Avg: 1604.927256
2025-12-17 12:22:12,847 - INFO -   Std: 0.282396
2025-12-17 12:22:12,993 - INFO - Generation 110
2025-12-17 12:22:12,993 - INFO -   Best: 1603.543548
2025-12-17 12:22:12,993 - INFO -   Min: 1603.543548
2025-12-17 12:22:12,994 - INFO -   Max: 1605.587320
2025-12-17 12:22:12,994 - INFO -   Avg: 1604.910004
2025-12-17 12:22:12,994 - INFO -   Std: 0.301200
2025-12-17 12:22:13,140 - INFO - Generation 120
2025-12-17 12:22:13,141 - INFO -   Best: 1603.543548
2025-12-17 12:22:13,141 - INFO -   Min: 1603.543548
2025-12-17 12:22:13,141 - INFO -   Max: 1605.742569
2025-12-17 12:22:13,141 - INFO -   Avg: 1604.927911
2025-12-17 12:22:13,141 - INFO -   Std: 0.286871
2025-12-17 12:22:13,278 - INFO - Generation 130
2025-12-17 12:22:13,278 - INFO -   Best: 1603.543548
2025-12-17 12:22:13,278 - INFO -   Min: 1603.543548
2025-12-17 12:22:13,279 - INFO -   Max: 1605.266745
2025-12-17 12:22:13,279 - INFO -   Avg: 1604.948743
2025-12-17 12:22:13,279 - INFO -   Std: 0.226690
2025-12-17 12:22:13,414 - INFO - Generation 140
2025-12-17 12:22:13,414 - INFO -   Best: 1602.757911
2025-12-17 12:22:13,415 - INFO -   Min: 1602.757911
2025-12-17 12:22:13,415 - INFO -   Max: 1605.804820
2025-12-17 12:22:13,415 - INFO -   Avg: 1604.977432
2025-12-17 12:22:13,415 - INFO -   Std: 0.301533
2025-12-17 12:22:13,543 - INFO - Generation 150
2025-12-17 12:22:13,543 - INFO -   Best: 1602.757911
2025-12-17 12:22:13,543 - INFO -   Min: 1602.757911
2025-12-17 12:22:13,544 - INFO -   Max: 1605.659876
2025-12-17 12:22:13,544 - INFO -   Avg: 1604.922172
2025-12-17 12:22:13,544 - INFO -   Std: 0.355122
2025-12-17 12:22:13,688 - INFO - Generation 160
2025-12-17 12:22:13,688 - INFO -   Best: 1602.757911
2025-12-17 12:22:13,688 - INFO -   Min: 1602.757911
2025-12-17 12:22:13,688 - INFO -   Max: 1605.542003
2025-12-17 12:22:13,688 - INFO -   Avg: 1604.873846
2025-12-17 12:22:13,688 - INFO -   Std: 0.406984
2025-12-17 12:22:13,834 - INFO - Generation 170
2025-12-17 12:22:13,835 - INFO -   Best: 1602.757911
2025-12-17 12:22:13,835 - INFO -   Min: 1602.757911
2025-12-17 12:22:13,835 - INFO -   Max: 1605.982592
2025-12-17 12:22:13,835 - INFO -   Avg: 1604.873809
2025-12-17 12:22:13,835 - INFO -   Std: 0.487689
2025-12-17 12:22:13,977 - INFO - Generation 180
2025-12-17 12:22:13,977 - INFO -   Best: 1602.757911
2025-12-17 12:22:13,977 - INFO -   Min: 1602.757911
2025-12-17 12:22:13,977 - INFO -   Max: 1605.389649
2025-12-17 12:22:13,977 - INFO -   Avg: 1604.850131
2025-12-17 12:22:13,978 - INFO -   Std: 0.381231
2025-12-17 12:22:14,120 - INFO - Generation 190
2025-12-17 12:22:14,121 - INFO -   Best: 1602.757911
2025-12-17 12:22:14,121 - INFO -   Min: 1602.757911
2025-12-17 12:22:14,121 - INFO -   Max: 1605.942585
2025-12-17 12:22:14,121 - INFO -   Avg: 1604.880362
2025-12-17 12:22:14,121 - INFO -   Std: 0.412754
2025-12-17 12:22:14,256 - INFO - Generation 200
2025-12-17 12:22:14,256 - INFO -   Best: 1602.757911
2025-12-17 12:22:14,256 - INFO -   Min: 1602.757911
2025-12-17 12:22:14,256 - INFO -   Max: 1605.872421
2025-12-17 12:22:14,256 - INFO -   Avg: 1604.852599
2025-12-17 12:22:14,256 - INFO -   Std: 0.435465
2025-12-17 12:22:14,265 - INFO - 
Final best fitness: 1602.7579108344
2025-12-17 12:22:14,265 - INFO - Execution time: 2.95s
