2025-12-17 11:42:47,542 - INFO - Representation: Real
2025-12-17 11:42:47,543 - INFO - Number of genes: 10
2025-12-17 11:42:47,543 - INFO - Bounds: [-100, 100]
2025-12-17 11:42:47,543 - INFO - Function: f16_2014
2025-12-17 11:42:47,543 - INFO - Population size: 100
2025-12-17 11:42:47,543 - INFO - Generations: 200
2025-12-17 11:42:47,543 - INFO - Selection: tournament
2025-12-17 11:42:47,543 - INFO - Crossover: single_point
2025-12-17 11:42:47,544 - INFO - Mutation: random
2025-12-17 11:42:47,544 - INFO - 
2025-12-17 11:42:47,720 - INFO - Generation 10
2025-12-17 11:42:47,720 - INFO -   Best: 1603.721994
2025-12-17 11:42:47,721 - INFO -   Min: 1603.721994
2025-12-17 11:42:47,721 - INFO -   Max: 1605.690715
2025-12-17 11:42:47,722 - INFO -   Avg: 1604.572472
2025-12-17 11:42:47,722 - INFO -   Std: 0.413996
2025-12-17 11:42:47,870 - INFO - Generation 20
2025-12-17 11:42:47,870 - INFO -   Best: 1603.716022
2025-12-17 11:42:47,871 - INFO -   Min: 1603.716022
2025-12-17 11:42:47,871 - INFO -   Max: 1605.563076
2025-12-17 11:42:47,871 - INFO -   Avg: 1604.533123
2025-12-17 11:42:47,871 - INFO -   Std: 0.465850
2025-12-17 11:42:48,018 - INFO - Generation 30
2025-12-17 11:42:48,018 - INFO -   Best: 1603.027908
2025-12-17 11:42:48,018 - INFO -   Min: 1603.027908
2025-12-17 11:42:48,018 - INFO -   Max: 1605.613723
2025-12-17 11:42:48,019 - INFO -   Avg: 1604.405191
2025-12-17 11:42:48,019 - INFO -   Std: 0.653257
2025-12-17 11:42:48,164 - INFO - Generation 40
2025-12-17 11:42:48,164 - INFO -   Best: 1603.027908
2025-12-17 11:42:48,165 - INFO -   Min: 1603.027908
2025-12-17 11:42:48,165 - INFO -   Max: 1605.703543
2025-12-17 11:42:48,165 - INFO -   Avg: 1604.090247
2025-12-17 11:42:48,165 - INFO -   Std: 0.624493
2025-12-17 11:42:48,306 - INFO - Generation 50
2025-12-17 11:42:48,306 - INFO -   Best: 1602.796355
2025-12-17 11:42:48,306 - INFO -   Min: 1602.796355
2025-12-17 11:42:48,307 - INFO -   Max: 1605.387271
2025-12-17 11:42:48,307 - INFO -   Avg: 1604.085703
2025-12-17 11:42:48,307 - INFO -   Std: 0.798947
2025-12-17 11:42:48,442 - INFO - Generation 60
2025-12-17 11:42:48,442 - INFO -   Best: 1602.750917
2025-12-17 11:42:48,442 - INFO -   Min: 1602.750917
2025-12-17 11:42:48,442 - INFO -   Max: 1605.474416
2025-12-17 11:42:48,443 - INFO -   Avg: 1604.068099
2025-12-17 11:42:48,443 - INFO -   Std: 0.696753
2025-12-17 11:42:48,579 - INFO - Generation 70
2025-12-17 11:42:48,579 - INFO -   Best: 1602.750917
2025-12-17 11:42:48,579 - INFO -   Min: 1602.750917
2025-12-17 11:42:48,580 - INFO -   Max: 1605.603659
2025-12-17 11:42:48,580 - INFO -   Avg: 1604.128273
2025-12-17 11:42:48,580 - INFO -   Std: 0.728144
2025-12-17 11:42:48,702 - INFO - Generation 80
2025-12-17 11:42:48,702 - INFO -   Best: 1602.750917
2025-12-17 11:42:48,703 - INFO -   Min: 1602.750917
2025-12-17 11:42:48,703 - INFO -   Max: 1605.600552
2025-12-17 11:42:48,703 - INFO -   Avg: 1604.026349
2025-12-17 11:42:48,703 - INFO -   Std: 0.744226
2025-12-17 11:42:48,834 - INFO - Generation 90
2025-12-17 11:42:48,835 - INFO -   Best: 1602.750917
2025-12-17 11:42:48,835 - INFO -   Min: 1602.750917
2025-12-17 11:42:48,835 - INFO -   Max: 1605.240140
2025-12-17 11:42:48,835 - INFO -   Avg: 1603.696681
2025-12-17 11:42:48,835 - INFO -   Std: 0.705104
2025-12-17 11:42:48,964 - INFO - Generation 100
2025-12-17 11:42:48,964 - INFO -   Best: 1602.736065
2025-12-17 11:42:48,964 - INFO -   Min: 1602.736065
2025-12-17 11:42:48,964 - INFO -   Max: 1605.373944
2025-12-17 11:42:48,964 - INFO -   Avg: 1603.846100
2025-12-17 11:42:48,964 - INFO -   Std: 0.758116
2025-12-17 11:42:49,099 - INFO - Generation 110
2025-12-17 11:42:49,099 - INFO -   Best: 1602.736065
2025-12-17 11:42:49,099 - INFO -   Min: 1602.736065
2025-12-17 11:42:49,099 - INFO -   Max: 1605.360902
2025-12-17 11:42:49,099 - INFO -   Avg: 1604.055244
2025-12-17 11:42:49,100 - INFO -   Std: 0.699893
2025-12-17 11:42:49,233 - INFO - Generation 120
2025-12-17 11:42:49,233 - INFO -   Best: 1602.736065
2025-12-17 11:42:49,233 - INFO -   Min: 1602.736065
2025-12-17 11:42:49,233 - INFO -   Max: 1605.915946
2025-12-17 11:42:49,233 - INFO -   Avg: 1603.946222
2025-12-17 11:42:49,233 - INFO -   Std: 0.754286
2025-12-17 11:42:49,362 - INFO - Generation 130
2025-12-17 11:42:49,362 - INFO -   Best: 1602.736065
2025-12-17 11:42:49,362 - INFO -   Min: 1602.736065
2025-12-17 11:42:49,362 - INFO -   Max: 1605.072379
2025-12-17 11:42:49,363 - INFO -   Avg: 1603.885558
2025-12-17 11:42:49,363 - INFO -   Std: 0.693473
2025-12-17 11:42:49,500 - INFO - Generation 140
2025-12-17 11:42:49,500 - INFO -   Best: 1602.736065
2025-12-17 11:42:49,501 - INFO -   Min: 1602.736065
2025-12-17 11:42:49,501 - INFO -   Max: 1605.186713
2025-12-17 11:42:49,501 - INFO -   Avg: 1604.120930
2025-12-17 11:42:49,501 - INFO -   Std: 0.599198
2025-12-17 11:42:49,639 - INFO - Generation 150
2025-12-17 11:42:49,639 - INFO -   Best: 1602.736065
2025-12-17 11:42:49,640 - INFO -   Min: 1602.736065
2025-12-17 11:42:49,640 - INFO -   Max: 1605.638822
2025-12-17 11:42:49,640 - INFO -   Avg: 1604.009744
2025-12-17 11:42:49,640 - INFO -   Std: 0.732041
2025-12-17 11:42:49,777 - INFO - Generation 160
2025-12-17 11:42:49,777 - INFO -   Best: 1602.736065
2025-12-17 11:42:49,777 - INFO -   Min: 1602.736065
2025-12-17 11:42:49,778 - INFO -   Max: 1606.110329
2025-12-17 11:42:49,778 - INFO -   Avg: 1604.109560
2025-12-17 11:42:49,778 - INFO -   Std: 0.779989
2025-12-17 11:42:49,910 - INFO - Generation 170
2025-12-17 11:42:49,911 - INFO -   Best: 1602.736065
2025-12-17 11:42:49,911 - INFO -   Min: 1602.736065
2025-12-17 11:42:49,911 - INFO -   Max: 1605.804851
2025-12-17 11:42:49,911 - INFO -   Avg: 1604.013824
2025-12-17 11:42:49,911 - INFO -   Std: 0.705252
2025-12-17 11:42:50,041 - INFO - Generation 180
2025-12-17 11:42:50,041 - INFO -   Best: 1602.652063
2025-12-17 11:42:50,041 - INFO -   Min: 1602.652063
2025-12-17 11:42:50,041 - INFO -   Max: 1606.421104
2025-12-17 11:42:50,041 - INFO -   Avg: 1603.876654
2025-12-17 11:42:50,042 - INFO -   Std: 0.839839
2025-12-17 11:42:50,174 - INFO - Generation 190
2025-12-17 11:42:50,174 - INFO -   Best: 1602.401158
2025-12-17 11:42:50,174 - INFO -   Min: 1602.401158
2025-12-17 11:42:50,175 - INFO -   Max: 1605.827619
2025-12-17 11:42:50,175 - INFO -   Avg: 1603.918859
2025-12-17 11:42:50,175 - INFO -   Std: 0.777952
2025-12-17 11:42:50,312 - INFO - Generation 200
2025-12-17 11:42:50,312 - INFO -   Best: 1602.401158
2025-12-17 11:42:50,312 - INFO -   Min: 1602.401158
2025-12-17 11:42:50,312 - INFO -   Max: 1606.065621
2025-12-17 11:42:50,312 - INFO -   Avg: 1604.189583
2025-12-17 11:42:50,312 - INFO -   Std: 0.833374
2025-12-17 11:42:50,322 - INFO - 
Final best fitness: 1602.6520632008
2025-12-17 11:42:50,323 - INFO - Execution time: 2.76s
