2025-12-17 11:26:59,541 - INFO - Representation: Real
2025-12-17 11:26:59,541 - INFO - Number of genes: 2
2025-12-17 11:26:59,541 - INFO - Bounds: [0, 3.141592653589793]
2025-12-17 11:26:59,541 - INFO - Function: michalewicz
2025-12-17 11:26:59,542 - INFO - Population size: 100
2025-12-17 11:26:59,542 - INFO - Generations: 200
2025-12-17 11:26:59,542 - INFO - Selection: tournament
2025-12-17 11:26:59,542 - INFO - Crossover: single_point
2025-12-17 11:26:59,542 - INFO - Mutation: random
2025-12-17 11:26:59,542 - INFO - 
2025-12-17 11:26:59,580 - INFO - Generation 10
2025-12-17 11:26:59,581 - INFO -   Best: -1.729483
2025-12-17 11:26:59,581 - INFO -   Min: -1.729483
2025-12-17 11:26:59,581 - INFO -   Max: 0.037970
2025-12-17 11:26:59,581 - INFO -   Avg: -1.504917
2025-12-17 11:26:59,581 - INFO -   Std: 0.450977
2025-12-17 11:26:59,612 - INFO - Generation 20
2025-12-17 11:26:59,612 - INFO -   Best: -1.729483
2025-12-17 11:26:59,612 - INFO -   Min: -1.729483
2025-12-17 11:26:59,612 - INFO -   Max: -0.054514
2025-12-17 11:26:59,613 - INFO -   Avg: -1.565974
2025-12-17 11:26:59,613 - INFO -   Std: 0.360753
2025-12-17 11:26:59,645 - INFO - Generation 30
2025-12-17 11:26:59,645 - INFO -   Best: -1.729483
2025-12-17 11:26:59,645 - INFO -   Min: -1.729483
2025-12-17 11:26:59,645 - INFO -   Max: 0.000000
2025-12-17 11:26:59,646 - INFO -   Avg: -1.505559
2025-12-17 11:26:59,646 - INFO -   Std: 0.437814
2025-12-17 11:26:59,676 - INFO - Generation 40
2025-12-17 11:26:59,676 - INFO -   Best: -1.729483
2025-12-17 11:26:59,677 - INFO -   Min: -1.729483
2025-12-17 11:26:59,677 - INFO -   Max: -0.519478
2025-12-17 11:26:59,677 - INFO -   Avg: -1.587917
2025-12-17 11:26:59,677 - INFO -   Std: 0.321694
2025-12-17 11:26:59,708 - INFO - Generation 50
2025-12-17 11:26:59,708 - INFO -   Best: -1.729483
2025-12-17 11:26:59,708 - INFO -   Min: -1.729483
2025-12-17 11:26:59,708 - INFO -   Max: 0.157776
2025-12-17 11:26:59,708 - INFO -   Avg: -1.573218
2025-12-17 11:26:59,709 - INFO -   Std: 0.408750
2025-12-17 11:26:59,740 - INFO - Generation 60
2025-12-17 11:26:59,740 - INFO -   Best: -1.729483
2025-12-17 11:26:59,740 - INFO -   Min: -1.729483
2025-12-17 11:26:59,740 - INFO -   Max: -0.713146
2025-12-17 11:26:59,740 - INFO -   Avg: -1.575857
2025-12-17 11:26:59,741 - INFO -   Std: 0.329627
2025-12-17 11:26:59,772 - INFO - Generation 70
2025-12-17 11:26:59,772 - INFO -   Best: -1.729483
2025-12-17 11:26:59,772 - INFO -   Min: -1.729483
2025-12-17 11:26:59,772 - INFO -   Max: -0.280489
2025-12-17 11:26:59,772 - INFO -   Avg: -1.548203
2025-12-17 11:26:59,773 - INFO -   Std: 0.377450
2025-12-17 11:26:59,803 - INFO - Generation 80
2025-12-17 11:26:59,803 - INFO -   Best: -1.729483
2025-12-17 11:26:59,803 - INFO -   Min: -1.729483
2025-12-17 11:26:59,804 - INFO -   Max: -0.498244
2025-12-17 11:26:59,804 - INFO -   Avg: -1.609373
2025-12-17 11:26:59,804 - INFO -   Std: 0.312232
2025-12-17 11:26:59,835 - INFO - Generation 90
2025-12-17 11:26:59,835 - INFO -   Best: -1.729483
2025-12-17 11:26:59,835 - INFO -   Min: -1.729483
2025-12-17 11:26:59,835 - INFO -   Max: 0.038838
2025-12-17 11:26:59,836 - INFO -   Avg: -1.457057
2025-12-17 11:26:59,836 - INFO -   Std: 0.469856
2025-12-17 11:26:59,867 - INFO - Generation 100
2025-12-17 11:26:59,867 - INFO -   Best: -1.729483
2025-12-17 11:26:59,867 - INFO -   Min: -1.729483
2025-12-17 11:26:59,867 - INFO -   Max: -0.126155
2025-12-17 11:26:59,868 - INFO -   Avg: -1.606380
2025-12-17 11:26:59,868 - INFO -   Std: 0.328572
2025-12-17 11:26:59,898 - INFO - Generation 110
2025-12-17 11:26:59,898 - INFO -   Best: -1.729483
2025-12-17 11:26:59,899 - INFO -   Min: -1.729483
2025-12-17 11:26:59,899 - INFO -   Max: 0.013312
2025-12-17 11:26:59,899 - INFO -   Avg: -1.600911
2025-12-17 11:26:59,899 - INFO -   Std: 0.333756
2025-12-17 11:26:59,930 - INFO - Generation 120
2025-12-17 11:26:59,931 - INFO -   Best: -1.729483
2025-12-17 11:26:59,931 - INFO -   Min: -1.729483
2025-12-17 11:26:59,931 - INFO -   Max: -0.000000
2025-12-17 11:26:59,931 - INFO -   Avg: -1.470572
2025-12-17 11:26:59,931 - INFO -   Std: 0.437582
2025-12-17 11:26:59,964 - INFO - Generation 130
2025-12-17 11:26:59,964 - INFO -   Best: -1.729483
2025-12-17 11:26:59,964 - INFO -   Min: -1.729483
2025-12-17 11:26:59,964 - INFO -   Max: 0.017219
2025-12-17 11:26:59,965 - INFO -   Avg: -1.612129
2025-12-17 11:26:59,965 - INFO -   Std: 0.326972
2025-12-17 11:26:59,996 - INFO - Generation 140
2025-12-17 11:26:59,996 - INFO -   Best: -1.729483
2025-12-17 11:26:59,996 - INFO -   Min: -1.729483
2025-12-17 11:26:59,996 - INFO -   Max: 0.038903
2025-12-17 11:26:59,996 - INFO -   Avg: -1.505297
2025-12-17 11:26:59,997 - INFO -   Std: 0.419476
2025-12-17 11:27:00,029 - INFO - Generation 150
2025-12-17 11:27:00,030 - INFO -   Best: -1.729483
2025-12-17 11:27:00,030 - INFO -   Min: -1.729483
2025-12-17 11:27:00,030 - INFO -   Max: 1.098134
2025-12-17 11:27:00,030 - INFO -   Avg: -1.549814
2025-12-17 11:27:00,031 - INFO -   Std: 0.461905
2025-12-17 11:27:00,062 - INFO - Generation 160
2025-12-17 11:27:00,062 - INFO -   Best: -1.729483
2025-12-17 11:27:00,062 - INFO -   Min: -1.729483
2025-12-17 11:27:00,062 - INFO -   Max: 0.323366
2025-12-17 11:27:00,062 - INFO -   Avg: -1.494569
2025-12-17 11:27:00,063 - INFO -   Std: 0.465466
2025-12-17 11:27:00,094 - INFO - Generation 170
2025-12-17 11:27:00,094 - INFO -   Best: -1.729483
2025-12-17 11:27:00,094 - INFO -   Min: -1.729483
2025-12-17 11:27:00,095 - INFO -   Max: 1.520828
2025-12-17 11:27:00,095 - INFO -   Avg: -1.538177
2025-12-17 11:27:00,095 - INFO -   Std: 0.509926
2025-12-17 11:27:00,125 - INFO - Generation 180
2025-12-17 11:27:00,125 - INFO -   Best: -1.729483
2025-12-17 11:27:00,125 - INFO -   Min: -1.729483
2025-12-17 11:27:00,126 - INFO -   Max: -0.621001
2025-12-17 11:27:00,126 - INFO -   Avg: -1.635351
2025-12-17 11:27:00,126 - INFO -   Std: 0.269261
2025-12-17 11:27:00,157 - INFO - Generation 190
2025-12-17 11:27:00,157 - INFO -   Best: -1.729483
2025-12-17 11:27:00,157 - INFO -   Min: -1.729483
2025-12-17 11:27:00,157 - INFO -   Max: -0.395562
2025-12-17 11:27:00,157 - INFO -   Avg: -1.570495
2025-12-17 11:27:00,158 - INFO -   Std: 0.344085
2025-12-17 11:27:00,187 - INFO - Generation 200
2025-12-17 11:27:00,188 - INFO -   Best: -1.729483
2025-12-17 11:27:00,188 - INFO -   Min: -1.729483
2025-12-17 11:27:00,188 - INFO -   Max: 0.068537
2025-12-17 11:27:00,188 - INFO -   Avg: -1.526714
2025-12-17 11:27:00,189 - INFO -   Std: 0.389905
2025-12-17 11:27:00,191 - INFO - 
Final best fitness: -1.7294827456
2025-12-17 11:27:00,191 - INFO - Execution time: 0.65s
2025-12-17 12:04:01,574 - INFO - Representation: Binary
2025-12-17 12:04:01,575 - INFO - Bits per variable: 12
2025-12-17 12:04:01,575 - INFO - Total genes: 24
2025-12-17 12:04:01,575 - INFO - Function: michalewicz
2025-12-17 12:04:01,575 - INFO - Population size: 100
2025-12-17 12:04:01,575 - INFO - Generations: 200
2025-12-17 12:04:01,575 - INFO - Selection: tournament
2025-12-17 12:04:01,575 - INFO - Crossover: single_point
2025-12-17 12:04:01,576 - INFO - Mutation: random
2025-12-17 12:04:01,576 - INFO - 
2025-12-17 12:04:01,719 - INFO - Generation 10
2025-12-17 12:04:01,720 - INFO -   Best: -1.801152
2025-12-17 12:04:01,720 - INFO -   Min: -1.801152
2025-12-17 12:04:01,720 - INFO -   Max: 0.447444
2025-12-17 12:04:01,720 - INFO -   Avg: -1.336242
2025-12-17 12:04:01,720 - INFO -   Std: 0.517189
2025-12-17 12:04:01,828 - INFO - Generation 20
2025-12-17 12:04:01,828 - INFO -   Best: -1.801296
2025-12-17 12:04:01,828 - INFO -   Min: -1.801296
2025-12-17 12:04:01,828 - INFO -   Max: 0.382161
2025-12-17 12:04:01,828 - INFO -   Avg: -1.403036
2025-12-17 12:04:01,828 - INFO -   Std: 0.514877
2025-12-17 12:04:01,934 - INFO - Generation 30
2025-12-17 12:04:01,934 - INFO -   Best: -1.801296
2025-12-17 12:04:01,934 - INFO -   Min: -1.801296
2025-12-17 12:04:01,935 - INFO -   Max: 0.649119
2025-12-17 12:04:01,935 - INFO -   Avg: -1.319892
2025-12-17 12:04:01,935 - INFO -   Std: 0.528336
2025-12-17 12:04:02,041 - INFO - Generation 40
2025-12-17 12:04:02,041 - INFO -   Best: -1.801296
2025-12-17 12:04:02,041 - INFO -   Min: -1.801296
2025-12-17 12:04:02,042 - INFO -   Max: 0.614573
2025-12-17 12:04:02,042 - INFO -   Avg: -1.290956
2025-12-17 12:04:02,042 - INFO -   Std: 0.628458
2025-12-17 12:04:02,147 - INFO - Generation 50
2025-12-17 12:04:02,147 - INFO -   Best: -1.801296
2025-12-17 12:04:02,147 - INFO -   Min: -1.801296
2025-12-17 12:04:02,148 - INFO -   Max: 0.453966
2025-12-17 12:04:02,148 - INFO -   Avg: -1.446968
2025-12-17 12:04:02,148 - INFO -   Std: 0.503393
2025-12-17 12:04:02,253 - INFO - Generation 60
2025-12-17 12:04:02,254 - INFO -   Best: -1.801296
2025-12-17 12:04:02,254 - INFO -   Min: -1.801296
2025-12-17 12:04:02,254 - INFO -   Max: -0.000000
2025-12-17 12:04:02,254 - INFO -   Avg: -1.286419
2025-12-17 12:04:02,254 - INFO -   Std: 0.528093
2025-12-17 12:04:02,361 - INFO - Generation 70
2025-12-17 12:04:02,361 - INFO -   Best: -1.801296
2025-12-17 12:04:02,361 - INFO -   Min: -1.801296
2025-12-17 12:04:02,361 - INFO -   Max: 0.000427
2025-12-17 12:04:02,361 - INFO -   Avg: -1.372677
2025-12-17 12:04:02,361 - INFO -   Std: 0.504863
2025-12-17 12:04:02,465 - INFO - Generation 80
2025-12-17 12:04:02,465 - INFO -   Best: -1.801296
2025-12-17 12:04:02,466 - INFO -   Min: -1.801296
2025-12-17 12:04:02,466 - INFO -   Max: 0.000000
2025-12-17 12:04:02,466 - INFO -   Avg: -1.353998
2025-12-17 12:04:02,466 - INFO -   Std: 0.478547
2025-12-17 12:04:02,572 - INFO - Generation 90
2025-12-17 12:04:02,572 - INFO -   Best: -1.801296
2025-12-17 12:04:02,572 - INFO -   Min: -1.801296
2025-12-17 12:04:02,572 - INFO -   Max: 0.520100
2025-12-17 12:04:02,572 - INFO -   Avg: -1.420852
2025-12-17 12:04:02,572 - INFO -   Std: 0.563845
2025-12-17 12:04:02,682 - INFO - Generation 100
2025-12-17 12:04:02,682 - INFO -   Best: -1.801296
2025-12-17 12:04:02,683 - INFO -   Min: -1.801296
2025-12-17 12:04:02,683 - INFO -   Max: 0.470108
2025-12-17 12:04:02,683 - INFO -   Avg: -1.376762
2025-12-17 12:04:02,683 - INFO -   Std: 0.551943
2025-12-17 12:04:02,802 - INFO - Generation 110
2025-12-17 12:04:02,802 - INFO -   Best: -1.801296
2025-12-17 12:04:02,802 - INFO -   Min: -1.801296
2025-12-17 12:04:02,803 - INFO -   Max: 0.476489
2025-12-17 12:04:02,803 - INFO -   Avg: -1.411690
2025-12-17 12:04:02,803 - INFO -   Std: 0.524156
2025-12-17 12:04:02,909 - INFO - Generation 120
2025-12-17 12:04:02,910 - INFO -   Best: -1.801296
2025-12-17 12:04:02,910 - INFO -   Min: -1.801296
2025-12-17 12:04:02,910 - INFO -   Max: 0.592530
2025-12-17 12:04:02,910 - INFO -   Avg: -1.226324
2025-12-17 12:04:02,910 - INFO -   Std: 0.635506
2025-12-17 12:04:03,030 - INFO - Generation 130
2025-12-17 12:04:03,030 - INFO -   Best: -1.801296
2025-12-17 12:04:03,030 - INFO -   Min: -1.801296
2025-12-17 12:04:03,030 - INFO -   Max: 0.633281
2025-12-17 12:04:03,031 - INFO -   Avg: -1.299104
2025-12-17 12:04:03,031 - INFO -   Std: 0.548926
2025-12-17 12:04:03,139 - INFO - Generation 140
2025-12-17 12:04:03,139 - INFO -   Best: -1.801296
2025-12-17 12:04:03,139 - INFO -   Min: -1.801296
2025-12-17 12:04:03,139 - INFO -   Max: 0.539619
2025-12-17 12:04:03,139 - INFO -   Avg: -1.401893
2025-12-17 12:04:03,139 - INFO -   Std: 0.495797
2025-12-17 12:04:03,245 - INFO - Generation 150
2025-12-17 12:04:03,245 - INFO -   Best: -1.801296
2025-12-17 12:04:03,245 - INFO -   Min: -1.801296
2025-12-17 12:04:03,245 - INFO -   Max: 0.453875
2025-12-17 12:04:03,245 - INFO -   Avg: -1.386417
2025-12-17 12:04:03,245 - INFO -   Std: 0.516408
2025-12-17 12:04:03,353 - INFO - Generation 160
2025-12-17 12:04:03,353 - INFO -   Best: -1.801296
2025-12-17 12:04:03,353 - INFO -   Min: -1.801296
2025-12-17 12:04:03,353 - INFO -   Max: 0.485217
2025-12-17 12:04:03,353 - INFO -   Avg: -1.409852
2025-12-17 12:04:03,354 - INFO -   Std: 0.495454
2025-12-17 12:04:03,458 - INFO - Generation 170
2025-12-17 12:04:03,458 - INFO -   Best: -1.801296
2025-12-17 12:04:03,458 - INFO -   Min: -1.801296
2025-12-17 12:04:03,458 - INFO -   Max: -0.000079
2025-12-17 12:04:03,459 - INFO -   Avg: -1.492863
2025-12-17 12:04:03,459 - INFO -   Std: 0.437954
2025-12-17 12:04:03,567 - INFO - Generation 180
2025-12-17 12:04:03,567 - INFO -   Best: -1.801296
2025-12-17 12:04:03,567 - INFO -   Min: -1.801296
2025-12-17 12:04:03,567 - INFO -   Max: 0.470108
2025-12-17 12:04:03,567 - INFO -   Avg: -1.281989
2025-12-17 12:04:03,568 - INFO -   Std: 0.559558
2025-12-17 12:04:03,675 - INFO - Generation 190
2025-12-17 12:04:03,676 - INFO -   Best: -1.801296
2025-12-17 12:04:03,676 - INFO -   Min: -1.801296
2025-12-17 12:04:03,676 - INFO -   Max: -0.000000
2025-12-17 12:04:03,676 - INFO -   Avg: -1.442902
2025-12-17 12:04:03,676 - INFO -   Std: 0.477937
2025-12-17 12:04:03,783 - INFO - Generation 200
2025-12-17 12:04:03,784 - INFO -   Best: -1.801296
2025-12-17 12:04:03,784 - INFO -   Min: -1.801296
2025-12-17 12:04:03,784 - INFO -   Max: 0.250231
2025-12-17 12:04:03,784 - INFO -   Avg: -1.361615
2025-12-17 12:04:03,784 - INFO -   Std: 0.536043
2025-12-17 12:04:03,789 - INFO - 
Final best fitness: -1.8012741897
2025-12-17 12:04:03,789 - INFO - Execution time: 2.17s
