2025-12-17 12:09:19,574 - INFO - Representation: Binary
2025-12-17 12:09:19,575 - INFO - Bits per variable: 12
2025-12-17 12:09:19,575 - INFO - Total genes: 120
2025-12-17 12:09:19,575 - INFO - Function: michalewicz
2025-12-17 12:09:19,575 - INFO - Population size: 100
2025-12-17 12:09:19,575 - INFO - Generations: 200
2025-12-17 12:09:19,575 - INFO - Selection: rws
2025-12-17 12:09:19,576 - INFO - Crossover: two_points
2025-12-17 12:09:19,576 - INFO - Mutation: swap
2025-12-17 12:09:19,576 - INFO - 
2025-12-17 12:09:19,906 - INFO - Generation 10
2025-12-17 12:09:19,906 - INFO -   Best: -7.727886
2025-12-17 12:09:19,906 - INFO -   Min: -7.727886
2025-12-17 12:09:19,906 - INFO -   Max: -0.818722
2025-12-17 12:09:19,906 - INFO -   Avg: -3.869207
2025-12-17 12:09:19,907 - INFO -   Std: 1.231859
2025-12-17 12:09:20,012 - INFO - Generation 20
2025-12-17 12:09:20,012 - INFO -   Best: -8.520666
2025-12-17 12:09:20,012 - INFO -   Min: -8.520666
2025-12-17 12:09:20,012 - INFO -   Max: -3.144134
2025-12-17 12:09:20,013 - INFO -   Avg: -6.326497
2025-12-17 12:09:20,013 - INFO -   Std: 1.117700
2025-12-17 12:09:20,118 - INFO - Generation 30
2025-12-17 12:09:20,118 - INFO -   Best: -8.696118
2025-12-17 12:09:20,118 - INFO -   Min: -8.696118
2025-12-17 12:09:20,118 - INFO -   Max: -4.289536
2025-12-17 12:09:20,119 - INFO -   Avg: -6.702949
2025-12-17 12:09:20,119 - INFO -   Std: 0.944427
2025-12-17 12:09:20,223 - INFO - Generation 40
2025-12-17 12:09:20,224 - INFO -   Best: -8.866147
2025-12-17 12:09:20,224 - INFO -   Min: -8.866147
2025-12-17 12:09:20,224 - INFO -   Max: -2.729239
2025-12-17 12:09:20,224 - INFO -   Avg: -6.418612
2025-12-17 12:09:20,224 - INFO -   Std: 1.126005
2025-12-17 12:09:20,330 - INFO - Generation 50
2025-12-17 12:09:20,330 - INFO -   Best: -8.903728
2025-12-17 12:09:20,330 - INFO -   Min: -8.903728
2025-12-17 12:09:20,330 - INFO -   Max: -3.425200
2025-12-17 12:09:20,330 - INFO -   Avg: -6.419173
2025-12-17 12:09:20,331 - INFO -   Std: 1.144559
2025-12-17 12:09:20,437 - INFO - Generation 60
2025-12-17 12:09:20,437 - INFO -   Best: -8.911648
2025-12-17 12:09:20,437 - INFO -   Min: -8.911648
2025-12-17 12:09:20,437 - INFO -   Max: -3.051269
2025-12-17 12:09:20,437 - INFO -   Avg: -6.118130
2025-12-17 12:09:20,437 - INFO -   Std: 1.075174
2025-12-17 12:09:20,542 - INFO - Generation 70
2025-12-17 12:09:20,543 - INFO -   Best: -8.919482
2025-12-17 12:09:20,543 - INFO -   Min: -8.919482
2025-12-17 12:09:20,543 - INFO -   Max: -3.966889
2025-12-17 12:09:20,543 - INFO -   Avg: -6.605427
2025-12-17 12:09:20,543 - INFO -   Std: 1.010132
2025-12-17 12:09:20,650 - INFO - Generation 80
2025-12-17 12:09:20,650 - INFO -   Best: -8.931359
2025-12-17 12:09:20,650 - INFO -   Min: -8.931359
2025-12-17 12:09:20,650 - INFO -   Max: -4.689705
2025-12-17 12:09:20,650 - INFO -   Avg: -7.269861
2025-12-17 12:09:20,650 - INFO -   Std: 1.002593
2025-12-17 12:09:20,764 - INFO - Generation 90
2025-12-17 12:09:20,764 - INFO -   Best: -8.931359
2025-12-17 12:09:20,764 - INFO -   Min: -8.931359
2025-12-17 12:09:20,764 - INFO -   Max: -4.063226
2025-12-17 12:09:20,764 - INFO -   Avg: -6.956001
2025-12-17 12:09:20,765 - INFO -   Std: 1.068920
2025-12-17 12:09:20,875 - INFO - Generation 100
2025-12-17 12:09:20,875 - INFO -   Best: -8.931359
2025-12-17 12:09:20,876 - INFO -   Min: -8.931359
2025-12-17 12:09:20,876 - INFO -   Max: -4.045573
2025-12-17 12:09:20,876 - INFO -   Avg: -7.159056
2025-12-17 12:09:20,876 - INFO -   Std: 1.117280
2025-12-17 12:09:20,987 - INFO - Generation 110
2025-12-17 12:09:20,987 - INFO -   Best: -8.931359
2025-12-17 12:09:20,987 - INFO -   Min: -8.931359
2025-12-17 12:09:20,988 - INFO -   Max: -3.708432
2025-12-17 12:09:20,988 - INFO -   Avg: -6.765166
2025-12-17 12:09:20,988 - INFO -   Std: 1.121173
2025-12-17 12:09:21,098 - INFO - Generation 120
2025-12-17 12:09:21,098 - INFO -   Best: -8.931664
2025-12-17 12:09:21,099 - INFO -   Min: -8.931664
2025-12-17 12:09:21,099 - INFO -   Max: -4.776306
2025-12-17 12:09:21,099 - INFO -   Avg: -7.426138
2025-12-17 12:09:21,099 - INFO -   Std: 1.040762
2025-12-17 12:09:21,209 - INFO - Generation 130
2025-12-17 12:09:21,209 - INFO -   Best: -8.931664
2025-12-17 12:09:21,210 - INFO -   Min: -8.931664
2025-12-17 12:09:21,210 - INFO -   Max: -3.868848
2025-12-17 12:09:21,210 - INFO -   Avg: -7.521509
2025-12-17 12:09:21,210 - INFO -   Std: 1.101816
2025-12-17 12:09:21,319 - INFO - Generation 140
2025-12-17 12:09:21,319 - INFO -   Best: -8.931664
2025-12-17 12:09:21,320 - INFO -   Min: -8.931664
2025-12-17 12:09:21,320 - INFO -   Max: -4.713231
2025-12-17 12:09:21,320 - INFO -   Avg: -7.525187
2025-12-17 12:09:21,320 - INFO -   Std: 0.911106
2025-12-17 12:09:21,429 - INFO - Generation 150
2025-12-17 12:09:21,429 - INFO -   Best: -8.931664
2025-12-17 12:09:21,429 - INFO -   Min: -8.931664
2025-12-17 12:09:21,429 - INFO -   Max: -5.863714
2025-12-17 12:09:21,430 - INFO -   Avg: -7.956405
2025-12-17 12:09:21,430 - INFO -   Std: 0.850060
2025-12-17 12:09:21,542 - INFO - Generation 160
2025-12-17 12:09:21,542 - INFO -   Best: -8.931664
2025-12-17 12:09:21,542 - INFO -   Min: -8.931664
2025-12-17 12:09:21,543 - INFO -   Max: -4.857429
2025-12-17 12:09:21,543 - INFO -   Avg: -7.521771
2025-12-17 12:09:21,543 - INFO -   Std: 0.914054
2025-12-17 12:09:21,651 - INFO - Generation 170
2025-12-17 12:09:21,651 - INFO -   Best: -8.931664
2025-12-17 12:09:21,652 - INFO -   Min: -8.931664
2025-12-17 12:09:21,652 - INFO -   Max: -3.329012
2025-12-17 12:09:21,652 - INFO -   Avg: -7.281077
2025-12-17 12:09:21,652 - INFO -   Std: 1.050798
2025-12-17 12:09:21,765 - INFO - Generation 180
2025-12-17 12:09:21,766 - INFO -   Best: -8.931664
2025-12-17 12:09:21,766 - INFO -   Min: -8.931664
2025-12-17 12:09:21,766 - INFO -   Max: -4.818744
2025-12-17 12:09:21,766 - INFO -   Avg: -7.627761
2025-12-17 12:09:21,766 - INFO -   Std: 0.963872
2025-12-17 12:09:21,880 - INFO - Generation 190
2025-12-17 12:09:21,880 - INFO -   Best: -8.931664
2025-12-17 12:09:21,880 - INFO -   Min: -8.931664
2025-12-17 12:09:21,881 - INFO -   Max: -4.689954
2025-12-17 12:09:21,881 - INFO -   Avg: -7.282902
2025-12-17 12:09:21,881 - INFO -   Std: 0.982549
2025-12-17 12:09:21,999 - INFO - Generation 200
2025-12-17 12:09:22,000 - INFO -   Best: -8.931664
2025-12-17 12:09:22,000 - INFO -   Min: -8.931664
2025-12-17 12:09:22,000 - INFO -   Max: -3.645776
2025-12-17 12:09:22,000 - INFO -   Avg: -7.147063
2025-12-17 12:09:22,000 - INFO -   Std: 1.115607
2025-12-17 12:09:22,009 - INFO - 
Final best fitness: -8.9177022047
2025-12-17 12:09:22,009 - INFO - Execution time: 2.21s
