2025-12-17 11:43:09,972 - INFO - Representation: Real
2025-12-17 11:43:09,972 - INFO - Number of genes: 20
2025-12-17 11:43:09,972 - INFO - Bounds: [-100, 100]
2025-12-17 11:43:09,972 - INFO - Function: f16_2014
2025-12-17 11:43:09,973 - INFO - Population size: 100
2025-12-17 11:43:09,973 - INFO - Generations: 200
2025-12-17 11:43:09,973 - INFO - Selection: tournament
2025-12-17 11:43:09,973 - INFO - Crossover: single_point
2025-12-17 11:43:09,973 - INFO - Mutation: random
2025-12-17 11:43:09,973 - INFO - 
2025-12-17 11:43:10,300 - INFO - Generation 10
2025-12-17 11:43:10,300 - INFO -   Best: 1608.311825
2025-12-17 11:43:10,301 - INFO -   Min: 1608.311825
2025-12-17 11:43:10,301 - INFO -   Max: 1610.425119
2025-12-17 11:43:10,301 - INFO -   Avg: 1609.581395
2025-12-17 11:43:10,301 - INFO -   Std: 0.487678
2025-12-17 11:43:10,573 - INFO - Generation 20
2025-12-17 11:43:10,573 - INFO -   Best: 1607.623179
2025-12-17 11:43:10,574 - INFO -   Min: 1607.623179
2025-12-17 11:43:10,574 - INFO -   Max: 1610.738269
2025-12-17 11:43:10,574 - INFO -   Avg: 1609.016612
2025-12-17 11:43:10,574 - INFO -   Std: 0.649951
2025-12-17 11:43:10,844 - INFO - Generation 30
2025-12-17 11:43:10,844 - INFO -   Best: 1607.229077
2025-12-17 11:43:10,844 - INFO -   Min: 1607.229077
2025-12-17 11:43:10,845 - INFO -   Max: 1610.645900
2025-12-17 11:43:10,845 - INFO -   Avg: 1608.838428
2025-12-17 11:43:10,845 - INFO -   Std: 0.787128
2025-12-17 11:43:11,125 - INFO - Generation 40
2025-12-17 11:43:11,126 - INFO -   Best: 1606.958812
2025-12-17 11:43:11,126 - INFO -   Min: 1606.958812
2025-12-17 11:43:11,126 - INFO -   Max: 1611.010504
2025-12-17 11:43:11,126 - INFO -   Avg: 1608.989347
2025-12-17 11:43:11,126 - INFO -   Std: 0.865085
2025-12-17 11:43:11,398 - INFO - Generation 50
2025-12-17 11:43:11,399 - INFO -   Best: 1606.946516
2025-12-17 11:43:11,399 - INFO -   Min: 1606.946516
2025-12-17 11:43:11,399 - INFO -   Max: 1610.603631
2025-12-17 11:43:11,399 - INFO -   Avg: 1608.968546
2025-12-17 11:43:11,399 - INFO -   Std: 0.834358
2025-12-17 11:43:11,672 - INFO - Generation 60
2025-12-17 11:43:11,672 - INFO -   Best: 1606.946516
2025-12-17 11:43:11,672 - INFO -   Min: 1606.946516
2025-12-17 11:43:11,672 - INFO -   Max: 1610.808034
2025-12-17 11:43:11,673 - INFO -   Avg: 1608.718889
2025-12-17 11:43:11,673 - INFO -   Std: 0.914785
2025-12-17 11:43:11,943 - INFO - Generation 70
2025-12-17 11:43:11,943 - INFO -   Best: 1606.897473
2025-12-17 11:43:11,944 - INFO -   Min: 1606.897473
2025-12-17 11:43:11,944 - INFO -   Max: 1610.448150
2025-12-17 11:43:11,944 - INFO -   Avg: 1608.861875
2025-12-17 11:43:11,944 - INFO -   Std: 0.852066
2025-12-17 11:43:12,223 - INFO - Generation 80
2025-12-17 11:43:12,223 - INFO -   Best: 1606.261876
2025-12-17 11:43:12,223 - INFO -   Min: 1606.261876
2025-12-17 11:43:12,224 - INFO -   Max: 1610.649770
2025-12-17 11:43:12,224 - INFO -   Avg: 1608.358882
2025-12-17 11:43:12,224 - INFO -   Std: 1.042754
2025-12-17 11:43:12,522 - INFO - Generation 90
2025-12-17 11:43:12,522 - INFO -   Best: 1606.257754
2025-12-17 11:43:12,523 - INFO -   Min: 1606.257754
2025-12-17 11:43:12,523 - INFO -   Max: 1610.699782
2025-12-17 11:43:12,523 - INFO -   Avg: 1608.803933
2025-12-17 11:43:12,523 - INFO -   Std: 0.974865
2025-12-17 11:43:12,830 - INFO - Generation 100
2025-12-17 11:43:12,830 - INFO -   Best: 1606.149922
2025-12-17 11:43:12,830 - INFO -   Min: 1606.149922
2025-12-17 11:43:12,830 - INFO -   Max: 1611.903482
2025-12-17 11:43:12,830 - INFO -   Avg: 1608.073222
2025-12-17 11:43:12,830 - INFO -   Std: 1.253152
2025-12-17 11:43:13,149 - INFO - Generation 110
2025-12-17 11:43:13,149 - INFO -   Best: 1605.715491
2025-12-17 11:43:13,149 - INFO -   Min: 1605.715491
2025-12-17 11:43:13,149 - INFO -   Max: 1610.713184
2025-12-17 11:43:13,150 - INFO -   Avg: 1608.399049
2025-12-17 11:43:13,150 - INFO -   Std: 1.137815
2025-12-17 11:43:13,434 - INFO - Generation 120
2025-12-17 11:43:13,435 - INFO -   Best: 1605.432821
2025-12-17 11:43:13,435 - INFO -   Min: 1605.432821
2025-12-17 11:43:13,435 - INFO -   Max: 1610.960383
2025-12-17 11:43:13,435 - INFO -   Avg: 1608.348684
2025-12-17 11:43:13,435 - INFO -   Std: 1.148763
2025-12-17 11:43:13,715 - INFO - Generation 130
2025-12-17 11:43:13,715 - INFO -   Best: 1605.431971
2025-12-17 11:43:13,715 - INFO -   Min: 1605.431971
2025-12-17 11:43:13,715 - INFO -   Max: 1610.701926
2025-12-17 11:43:13,716 - INFO -   Avg: 1608.137289
2025-12-17 11:43:13,716 - INFO -   Std: 1.128113
2025-12-17 11:43:14,001 - INFO - Generation 140
2025-12-17 11:43:14,002 - INFO -   Best: 1605.431971
2025-12-17 11:43:14,002 - INFO -   Min: 1605.431971
2025-12-17 11:43:14,002 - INFO -   Max: 1610.499091
2025-12-17 11:43:14,002 - INFO -   Avg: 1608.125767
2025-12-17 11:43:14,002 - INFO -   Std: 1.153604
2025-12-17 11:43:14,331 - INFO - Generation 150
2025-12-17 11:43:14,331 - INFO -   Best: 1605.420050
2025-12-17 11:43:14,331 - INFO -   Min: 1605.420050
2025-12-17 11:43:14,331 - INFO -   Max: 1610.162501
2025-12-17 11:43:14,332 - INFO -   Avg: 1607.777650
2025-12-17 11:43:14,332 - INFO -   Std: 1.227147
2025-12-17 11:43:14,618 - INFO - Generation 160
2025-12-17 11:43:14,619 - INFO -   Best: 1605.420050
2025-12-17 11:43:14,619 - INFO -   Min: 1605.420050
2025-12-17 11:43:14,619 - INFO -   Max: 1610.450901
2025-12-17 11:43:14,619 - INFO -   Avg: 1607.899672
2025-12-17 11:43:14,619 - INFO -   Std: 1.274776
2025-12-17 11:43:14,896 - INFO - Generation 170
2025-12-17 11:43:14,896 - INFO -   Best: 1605.420050
2025-12-17 11:43:14,897 - INFO -   Min: 1605.420050
2025-12-17 11:43:14,897 - INFO -   Max: 1610.598658
2025-12-17 11:43:14,897 - INFO -   Avg: 1608.365981
2025-12-17 11:43:14,897 - INFO -   Std: 1.213587
2025-12-17 11:43:15,172 - INFO - Generation 180
2025-12-17 11:43:15,172 - INFO -   Best: 1605.416555
2025-12-17 11:43:15,173 - INFO -   Min: 1605.416555
2025-12-17 11:43:15,173 - INFO -   Max: 1610.825673
2025-12-17 11:43:15,173 - INFO -   Avg: 1608.090065
2025-12-17 11:43:15,173 - INFO -   Std: 1.233690
2025-12-17 11:43:15,444 - INFO - Generation 190
2025-12-17 11:43:15,444 - INFO -   Best: 1605.011608
2025-12-17 11:43:15,444 - INFO -   Min: 1605.011608
2025-12-17 11:43:15,445 - INFO -   Max: 1611.488986
2025-12-17 11:43:15,445 - INFO -   Avg: 1607.866852
2025-12-17 11:43:15,445 - INFO -   Std: 1.385530
2025-12-17 11:43:15,724 - INFO - Generation 200
2025-12-17 11:43:15,725 - INFO -   Best: 1605.011608
2025-12-17 11:43:15,725 - INFO -   Min: 1605.011608
2025-12-17 11:43:15,725 - INFO -   Max: 1610.909289
2025-12-17 11:43:15,726 - INFO -   Avg: 1608.242049
2025-12-17 11:43:15,726 - INFO -   Std: 1.232544
2025-12-17 11:43:15,746 - INFO - 
Final best fitness: 1605.0116080928
2025-12-17 11:43:15,747 - INFO - Execution time: 5.73s
2025-12-17 11:55:26,427 - INFO - Representation: Binary
2025-12-17 11:55:26,427 - INFO - Bits per variable: 12
2025-12-17 11:55:26,428 - INFO - Total genes: 240
2025-12-17 11:55:26,428 - INFO - Function: f16_2014
2025-12-17 11:55:26,428 - INFO - Population size: 100
2025-12-17 11:55:26,428 - INFO - Generations: 200
2025-12-17 11:55:26,428 - INFO - Selection: tournament
2025-12-17 11:55:26,428 - INFO - Crossover: single_point
2025-12-17 11:55:26,428 - INFO - Mutation: random
2025-12-17 11:55:26,429 - INFO - 
2025-12-17 11:55:27,776 - INFO - Generation 10
2025-12-17 11:55:27,777 - INFO -   Best: 1609.086791
2025-12-17 11:55:27,777 - INFO -   Min: 1609.086791
2025-12-17 11:55:27,777 - INFO -   Max: 1610.888718
2025-12-17 11:55:27,777 - INFO -   Avg: 1610.006158
2025-12-17 11:55:27,777 - INFO -   Std: 0.221560
2025-12-17 11:55:28,637 - INFO - Generation 20
2025-12-17 11:55:28,638 - INFO -   Best: 1608.998322
2025-12-17 11:55:28,638 - INFO -   Min: 1608.998322
2025-12-17 11:55:28,638 - INFO -   Max: 1610.410311
2025-12-17 11:55:28,638 - INFO -   Avg: 1609.951741
2025-12-17 11:55:28,638 - INFO -   Std: 0.217037
2025-12-17 11:55:29,498 - INFO - Generation 30
2025-12-17 11:55:29,499 - INFO -   Best: 1608.896919
2025-12-17 11:55:29,499 - INFO -   Min: 1608.896919
2025-12-17 11:55:29,499 - INFO -   Max: 1610.763117
2025-12-17 11:55:29,499 - INFO -   Avg: 1609.950197
2025-12-17 11:55:29,499 - INFO -   Std: 0.252169
2025-12-17 11:55:30,357 - INFO - Generation 40
2025-12-17 11:55:30,358 - INFO -   Best: 1608.896919
2025-12-17 11:55:30,358 - INFO -   Min: 1608.896919
2025-12-17 11:55:30,358 - INFO -   Max: 1610.449210
2025-12-17 11:55:30,358 - INFO -   Avg: 1609.993289
2025-12-17 11:55:30,358 - INFO -   Std: 0.209331
2025-12-17 11:55:31,217 - INFO - Generation 50
2025-12-17 11:55:31,217 - INFO -   Best: 1608.896919
2025-12-17 11:55:31,217 - INFO -   Min: 1608.896919
2025-12-17 11:55:31,217 - INFO -   Max: 1610.907110
2025-12-17 11:55:31,218 - INFO -   Avg: 1609.961907
2025-12-17 11:55:31,218 - INFO -   Std: 0.237711
2025-12-17 11:55:32,078 - INFO - Generation 60
2025-12-17 11:55:32,078 - INFO -   Best: 1608.834500
2025-12-17 11:55:32,079 - INFO -   Min: 1608.834500
2025-12-17 11:55:32,079 - INFO -   Max: 1610.605788
2025-12-17 11:55:32,079 - INFO -   Avg: 1609.985225
2025-12-17 11:55:32,079 - INFO -   Std: 0.236174
2025-12-17 11:55:32,936 - INFO - Generation 70
2025-12-17 11:55:32,936 - INFO -   Best: 1608.834500
2025-12-17 11:55:32,937 - INFO -   Min: 1608.834500
2025-12-17 11:55:32,937 - INFO -   Max: 1610.564030
2025-12-17 11:55:32,937 - INFO -   Avg: 1609.973079
2025-12-17 11:55:32,937 - INFO -   Std: 0.209984
2025-12-17 11:55:33,803 - INFO - Generation 80
2025-12-17 11:55:33,804 - INFO -   Best: 1608.834500
2025-12-17 11:55:33,804 - INFO -   Min: 1608.834500
2025-12-17 11:55:33,804 - INFO -   Max: 1610.723751
2025-12-17 11:55:33,804 - INFO -   Avg: 1609.997969
2025-12-17 11:55:33,804 - INFO -   Std: 0.226213
2025-12-17 11:55:34,668 - INFO - Generation 90
2025-12-17 11:55:34,669 - INFO -   Best: 1608.834500
2025-12-17 11:55:34,669 - INFO -   Min: 1608.834500
2025-12-17 11:55:34,669 - INFO -   Max: 1610.488128
2025-12-17 11:55:34,669 - INFO -   Avg: 1609.945790
2025-12-17 11:55:34,669 - INFO -   Std: 0.247724
2025-12-17 11:55:35,530 - INFO - Generation 100
2025-12-17 11:55:35,530 - INFO -   Best: 1608.834500
2025-12-17 11:55:35,530 - INFO -   Min: 1608.834500
2025-12-17 11:55:35,531 - INFO -   Max: 1610.529569
2025-12-17 11:55:35,531 - INFO -   Avg: 1609.940525
2025-12-17 11:55:35,531 - INFO -   Std: 0.243532
2025-12-17 11:55:36,394 - INFO - Generation 110
2025-12-17 11:55:36,394 - INFO -   Best: 1608.830385
2025-12-17 11:55:36,395 - INFO -   Min: 1608.830385
2025-12-17 11:55:36,395 - INFO -   Max: 1611.030000
2025-12-17 11:55:36,395 - INFO -   Avg: 1609.968477
2025-12-17 11:55:36,396 - INFO -   Std: 0.280009
2025-12-17 11:55:37,255 - INFO - Generation 120
2025-12-17 11:55:37,255 - INFO -   Best: 1608.829237
2025-12-17 11:55:37,256 - INFO -   Min: 1608.829237
2025-12-17 11:55:37,256 - INFO -   Max: 1610.793402
2025-12-17 11:55:37,256 - INFO -   Avg: 1609.968189
2025-12-17 11:55:37,256 - INFO -   Std: 0.271406
2025-12-17 11:55:38,119 - INFO - Generation 130
2025-12-17 11:55:38,119 - INFO -   Best: 1608.829237
2025-12-17 11:55:38,120 - INFO -   Min: 1608.829237
2025-12-17 11:55:38,120 - INFO -   Max: 1610.836414
2025-12-17 11:55:38,120 - INFO -   Avg: 1609.964421
2025-12-17 11:55:38,120 - INFO -   Std: 0.270616
2025-12-17 11:55:38,975 - INFO - Generation 140
2025-12-17 11:55:38,976 - INFO -   Best: 1608.829237
2025-12-17 11:55:38,976 - INFO -   Min: 1608.829237
2025-12-17 11:55:38,976 - INFO -   Max: 1610.384357
2025-12-17 11:55:38,976 - INFO -   Avg: 1609.971978
2025-12-17 11:55:38,976 - INFO -   Std: 0.189960
2025-12-17 11:55:39,834 - INFO - Generation 150
2025-12-17 11:55:39,835 - INFO -   Best: 1608.829237
2025-12-17 11:55:39,835 - INFO -   Min: 1608.829237
2025-12-17 11:55:39,835 - INFO -   Max: 1610.496096
2025-12-17 11:55:39,835 - INFO -   Avg: 1609.973185
2025-12-17 11:55:39,835 - INFO -   Std: 0.190004
2025-12-17 11:55:40,705 - INFO - Generation 160
2025-12-17 11:55:40,706 - INFO -   Best: 1608.825101
2025-12-17 11:55:40,706 - INFO -   Min: 1608.825101
2025-12-17 11:55:40,706 - INFO -   Max: 1610.586388
2025-12-17 11:55:40,706 - INFO -   Avg: 1609.981760
2025-12-17 11:55:40,706 - INFO -   Std: 0.223853
2025-12-17 11:55:41,561 - INFO - Generation 170
2025-12-17 11:55:41,561 - INFO -   Best: 1608.825101
2025-12-17 11:55:41,561 - INFO -   Min: 1608.825101
2025-12-17 11:55:41,561 - INFO -   Max: 1610.791180
2025-12-17 11:55:41,561 - INFO -   Avg: 1609.983850
2025-12-17 11:55:41,562 - INFO -   Std: 0.235261
2025-12-17 11:55:42,417 - INFO - Generation 180
2025-12-17 11:55:42,417 - INFO -   Best: 1608.825101
2025-12-17 11:55:42,418 - INFO -   Min: 1608.825101
2025-12-17 11:55:42,418 - INFO -   Max: 1610.650537
2025-12-17 11:55:42,418 - INFO -   Avg: 1609.954031
2025-12-17 11:55:42,418 - INFO -   Std: 0.263058
2025-12-17 11:55:43,268 - INFO - Generation 190
2025-12-17 11:55:43,268 - INFO -   Best: 1608.825101
2025-12-17 11:55:43,268 - INFO -   Min: 1608.825101
2025-12-17 11:55:43,268 - INFO -   Max: 1610.868650
2025-12-17 11:55:43,269 - INFO -   Avg: 1609.975198
2025-12-17 11:55:43,269 - INFO -   Std: 0.285747
2025-12-17 11:55:44,125 - INFO - Generation 200
2025-12-17 11:55:44,125 - INFO -   Best: 1608.825101
2025-12-17 11:55:44,126 - INFO -   Min: 1608.825101
2025-12-17 11:55:44,126 - INFO -   Max: 1610.443108
2025-12-17 11:55:44,126 - INFO -   Avg: 1609.987878
2025-12-17 11:55:44,126 - INFO -   Std: 0.203595
2025-12-17 11:55:44,153 - INFO - 
Final best fitness: 1608.8251006311
2025-12-17 11:55:44,153 - INFO - Execution time: 17.26s
