2025-12-17 12:19:30,344 - INFO - Representation: Real
2025-12-17 12:19:30,344 - INFO - Number of genes: 30
2025-12-17 12:19:30,344 - INFO - Bounds: [-100, 100]
2025-12-17 12:19:30,344 - INFO - Function: f16_2014
2025-12-17 12:19:30,345 - INFO - Population size: 100
2025-12-17 12:19:30,345 - INFO - Generations: 200
2025-12-17 12:19:30,345 - INFO - Selection: rws
2025-12-17 12:19:30,345 - INFO - Crossover: two_points
2025-12-17 12:19:30,345 - INFO - Mutation: swap
2025-12-17 12:19:30,345 - INFO - 
2025-12-17 12:19:30,769 - INFO - Generation 10
2025-12-17 12:19:30,769 - INFO -   Best: 1613.945147
2025-12-17 12:19:30,769 - INFO -   Min: 1613.945147
2025-12-17 12:19:30,769 - INFO -   Max: 1615.955582
2025-12-17 12:19:30,770 - INFO -   Avg: 1615.021321
2025-12-17 12:19:30,770 - INFO -   Std: 0.281557
2025-12-17 12:19:31,129 - INFO - Generation 20
2025-12-17 12:19:31,129 - INFO -   Best: 1613.945147
2025-12-17 12:19:31,130 - INFO -   Min: 1613.945147
2025-12-17 12:19:31,130 - INFO -   Max: 1616.008986
2025-12-17 12:19:31,130 - INFO -   Avg: 1614.998912
2025-12-17 12:19:31,130 - INFO -   Std: 0.301808
2025-12-17 12:19:31,488 - INFO - Generation 30
2025-12-17 12:19:31,488 - INFO -   Best: 1613.826898
2025-12-17 12:19:31,488 - INFO -   Min: 1613.826898
2025-12-17 12:19:31,489 - INFO -   Max: 1615.788453
2025-12-17 12:19:31,489 - INFO -   Avg: 1614.977276
2025-12-17 12:19:31,489 - INFO -   Std: 0.312259
2025-12-17 12:19:31,845 - INFO - Generation 40
2025-12-17 12:19:31,845 - INFO -   Best: 1613.826898
2025-12-17 12:19:31,845 - INFO -   Min: 1613.826898
2025-12-17 12:19:31,846 - INFO -   Max: 1615.703690
2025-12-17 12:19:31,846 - INFO -   Avg: 1614.965706
2025-12-17 12:19:31,846 - INFO -   Std: 0.285803
2025-12-17 12:19:32,202 - INFO - Generation 50
2025-12-17 12:19:32,202 - INFO -   Best: 1613.815382
2025-12-17 12:19:32,203 - INFO -   Min: 1613.815382
2025-12-17 12:19:32,203 - INFO -   Max: 1616.433456
2025-12-17 12:19:32,203 - INFO -   Avg: 1614.975358
2025-12-17 12:19:32,203 - INFO -   Std: 0.350274
2025-12-17 12:19:32,559 - INFO - Generation 60
2025-12-17 12:19:32,559 - INFO -   Best: 1612.936969
2025-12-17 12:19:32,559 - INFO -   Min: 1612.936969
2025-12-17 12:19:32,559 - INFO -   Max: 1615.863093
2025-12-17 12:19:32,560 - INFO -   Avg: 1614.805994
2025-12-17 12:19:32,560 - INFO -   Std: 0.450736
2025-12-17 12:19:32,913 - INFO - Generation 70
2025-12-17 12:19:32,913 - INFO -   Best: 1612.936969
2025-12-17 12:19:32,915 - INFO -   Min: 1612.936969
2025-12-17 12:19:32,915 - INFO -   Max: 1616.262826
2025-12-17 12:19:32,915 - INFO -   Avg: 1614.908006
2025-12-17 12:19:32,915 - INFO -   Std: 0.458009
2025-12-17 12:19:33,271 - INFO - Generation 80
2025-12-17 12:19:33,271 - INFO -   Best: 1612.936969
2025-12-17 12:19:33,271 - INFO -   Min: 1612.936969
2025-12-17 12:19:33,272 - INFO -   Max: 1615.827809
2025-12-17 12:19:33,272 - INFO -   Avg: 1614.819631
2025-12-17 12:19:33,272 - INFO -   Std: 0.447558
2025-12-17 12:19:33,629 - INFO - Generation 90
2025-12-17 12:19:33,629 - INFO -   Best: 1612.936969
2025-12-17 12:19:33,629 - INFO -   Min: 1612.936969
2025-12-17 12:19:33,630 - INFO -   Max: 1615.985065
2025-12-17 12:19:33,630 - INFO -   Avg: 1614.821193
2025-12-17 12:19:33,630 - INFO -   Std: 0.433628
2025-12-17 12:19:33,972 - INFO - Generation 100
2025-12-17 12:19:33,972 - INFO -   Best: 1612.936969
2025-12-17 12:19:33,972 - INFO -   Min: 1612.936969
2025-12-17 12:19:33,973 - INFO -   Max: 1615.594531
2025-12-17 12:19:33,973 - INFO -   Avg: 1614.714747
2025-12-17 12:19:33,973 - INFO -   Std: 0.394643
2025-12-17 12:19:34,314 - INFO - Generation 110
2025-12-17 12:19:34,314 - INFO -   Best: 1612.914413
2025-12-17 12:19:34,314 - INFO -   Min: 1612.914413
2025-12-17 12:19:34,314 - INFO -   Max: 1615.448341
2025-12-17 12:19:34,314 - INFO -   Avg: 1614.682819
2025-12-17 12:19:34,315 - INFO -   Std: 0.465461
2025-12-17 12:19:34,662 - INFO - Generation 120
2025-12-17 12:19:34,662 - INFO -   Best: 1612.914413
2025-12-17 12:19:34,663 - INFO -   Min: 1612.914413
2025-12-17 12:19:34,663 - INFO -   Max: 1615.847709
2025-12-17 12:19:34,663 - INFO -   Avg: 1614.714959
2025-12-17 12:19:34,663 - INFO -   Std: 0.565806
2025-12-17 12:19:35,013 - INFO - Generation 130
2025-12-17 12:19:35,013 - INFO -   Best: 1612.914413
2025-12-17 12:19:35,013 - INFO -   Min: 1612.914413
2025-12-17 12:19:35,013 - INFO -   Max: 1615.901557
2025-12-17 12:19:35,014 - INFO -   Avg: 1614.742869
2025-12-17 12:19:35,014 - INFO -   Std: 0.540945
2025-12-17 12:19:35,361 - INFO - Generation 140
2025-12-17 12:19:35,361 - INFO -   Best: 1612.720394
2025-12-17 12:19:35,361 - INFO -   Min: 1612.720394
2025-12-17 12:19:35,362 - INFO -   Max: 1616.420067
2025-12-17 12:19:35,362 - INFO -   Avg: 1614.826186
2025-12-17 12:19:35,362 - INFO -   Std: 0.756353
2025-12-17 12:19:35,704 - INFO - Generation 150
2025-12-17 12:19:35,705 - INFO -   Best: 1612.720394
2025-12-17 12:19:35,705 - INFO -   Min: 1612.720394
2025-12-17 12:19:35,705 - INFO -   Max: 1615.718107
2025-12-17 12:19:35,705 - INFO -   Avg: 1614.641418
2025-12-17 12:19:35,705 - INFO -   Std: 0.594053
2025-12-17 12:19:36,034 - INFO - Generation 160
2025-12-17 12:19:36,034 - INFO -   Best: 1612.720394
2025-12-17 12:19:36,035 - INFO -   Min: 1612.720394
2025-12-17 12:19:36,035 - INFO -   Max: 1615.651381
2025-12-17 12:19:36,035 - INFO -   Avg: 1614.728330
2025-12-17 12:19:36,035 - INFO -   Std: 0.582012
2025-12-17 12:19:36,362 - INFO - Generation 170
2025-12-17 12:19:36,362 - INFO -   Best: 1612.720394
2025-12-17 12:19:36,362 - INFO -   Min: 1612.720394
2025-12-17 12:19:36,362 - INFO -   Max: 1615.648019
2025-12-17 12:19:36,363 - INFO -   Avg: 1614.839327
2025-12-17 12:19:36,363 - INFO -   Std: 0.553945
2025-12-17 12:19:36,679 - INFO - Generation 180
2025-12-17 12:19:36,680 - INFO -   Best: 1612.720394
2025-12-17 12:19:36,680 - INFO -   Min: 1612.720394
2025-12-17 12:19:36,680 - INFO -   Max: 1616.059847
2025-12-17 12:19:36,680 - INFO -   Avg: 1615.042108
2025-12-17 12:19:36,680 - INFO -   Std: 0.496265
2025-12-17 12:19:36,999 - INFO - Generation 190
2025-12-17 12:19:36,999 - INFO -   Best: 1612.720394
2025-12-17 12:19:36,999 - INFO -   Min: 1612.720394
2025-12-17 12:19:36,999 - INFO -   Max: 1616.114480
2025-12-17 12:19:36,999 - INFO -   Avg: 1614.861005
2025-12-17 12:19:36,999 - INFO -   Std: 0.516394
2025-12-17 12:19:37,327 - INFO - Generation 200
2025-12-17 12:19:37,327 - INFO -   Best: 1612.720394
2025-12-17 12:19:37,328 - INFO -   Min: 1612.720394
2025-12-17 12:19:37,328 - INFO -   Max: 1615.733738
2025-12-17 12:19:37,328 - INFO -   Avg: 1615.012516
2025-12-17 12:19:37,328 - INFO -   Std: 0.462079
2025-12-17 12:19:37,349 - INFO - 
Final best fitness: 1612.7203937864
2025-12-17 12:19:37,349 - INFO - Execution time: 6.95s
