2025-12-17 12:09:31,471 - INFO - Representation: Binary
2025-12-17 12:09:31,471 - INFO - Bits per variable: 12
2025-12-17 12:09:31,471 - INFO - Total genes: 120
2025-12-17 12:09:31,471 - INFO - Function: michalewicz
2025-12-17 12:09:31,471 - INFO - Population size: 100
2025-12-17 12:09:31,471 - INFO - Generations: 200
2025-12-17 12:09:31,472 - INFO - Selection: rws
2025-12-17 12:09:31,472 - INFO - Crossover: two_points
2025-12-17 12:09:31,472 - INFO - Mutation: swap
2025-12-17 12:09:31,472 - INFO - 
2025-12-17 12:09:31,791 - INFO - Generation 10
2025-12-17 12:09:31,791 - INFO -   Best: -6.777207
2025-12-17 12:09:31,791 - INFO -   Min: -6.777207
2025-12-17 12:09:31,791 - INFO -   Max: -1.204244
2025-12-17 12:09:31,792 - INFO -   Avg: -4.054787
2025-12-17 12:09:31,792 - INFO -   Std: 1.063279
2025-12-17 12:09:31,897 - INFO - Generation 20
2025-12-17 12:09:31,897 - INFO -   Best: -7.419281
2025-12-17 12:09:31,897 - INFO -   Min: -7.419281
2025-12-17 12:09:31,898 - INFO -   Max: -2.798825
2025-12-17 12:09:31,898 - INFO -   Avg: -4.796352
2025-12-17 12:09:31,898 - INFO -   Std: 1.014575
2025-12-17 12:09:32,009 - INFO - Generation 30
2025-12-17 12:09:32,009 - INFO -   Best: -8.474345
2025-12-17 12:09:32,009 - INFO -   Min: -8.474345
2025-12-17 12:09:32,009 - INFO -   Max: -2.289889
2025-12-17 12:09:32,009 - INFO -   Avg: -4.768510
2025-12-17 12:09:32,010 - INFO -   Std: 1.337761
2025-12-17 12:09:32,120 - INFO - Generation 40
2025-12-17 12:09:32,120 - INFO -   Best: -8.775466
2025-12-17 12:09:32,121 - INFO -   Min: -8.775466
2025-12-17 12:09:32,121 - INFO -   Max: -2.995422
2025-12-17 12:09:32,121 - INFO -   Avg: -6.018969
2025-12-17 12:09:32,121 - INFO -   Std: 1.148101
2025-12-17 12:09:32,233 - INFO - Generation 50
2025-12-17 12:09:32,234 - INFO -   Best: -8.775466
2025-12-17 12:09:32,234 - INFO -   Min: -8.775466
2025-12-17 12:09:32,234 - INFO -   Max: -4.204123
2025-12-17 12:09:32,234 - INFO -   Avg: -6.562257
2025-12-17 12:09:32,234 - INFO -   Std: 0.980801
2025-12-17 12:09:32,345 - INFO - Generation 60
2025-12-17 12:09:32,345 - INFO -   Best: -8.837911
2025-12-17 12:09:32,345 - INFO -   Min: -8.837911
2025-12-17 12:09:32,345 - INFO -   Max: -4.013586
2025-12-17 12:09:32,346 - INFO -   Avg: -6.516751
2025-12-17 12:09:32,346 - INFO -   Std: 1.060704
2025-12-17 12:09:32,456 - INFO - Generation 70
2025-12-17 12:09:32,456 - INFO -   Best: -8.883333
2025-12-17 12:09:32,456 - INFO -   Min: -8.883333
2025-12-17 12:09:32,457 - INFO -   Max: -3.876500
2025-12-17 12:09:32,457 - INFO -   Avg: -6.572559
2025-12-17 12:09:32,457 - INFO -   Std: 1.044533
2025-12-17 12:09:32,573 - INFO - Generation 80
2025-12-17 12:09:32,573 - INFO -   Best: -8.933785
2025-12-17 12:09:32,574 - INFO -   Min: -8.933785
2025-12-17 12:09:32,574 - INFO -   Max: -3.775248
2025-12-17 12:09:32,574 - INFO -   Avg: -6.641709
2025-12-17 12:09:32,574 - INFO -   Std: 1.074036
2025-12-17 12:09:32,699 - INFO - Generation 90
2025-12-17 12:09:32,699 - INFO -   Best: -9.053187
2025-12-17 12:09:32,699 - INFO -   Min: -9.053187
2025-12-17 12:09:32,699 - INFO -   Max: -5.048548
2025-12-17 12:09:32,699 - INFO -   Avg: -7.052192
2025-12-17 12:09:32,700 - INFO -   Std: 0.900042
2025-12-17 12:09:32,817 - INFO - Generation 100
2025-12-17 12:09:32,818 - INFO -   Best: -9.116830
2025-12-17 12:09:32,818 - INFO -   Min: -9.116830
2025-12-17 12:09:32,818 - INFO -   Max: -4.384356
2025-12-17 12:09:32,818 - INFO -   Avg: -6.790871
2025-12-17 12:09:32,818 - INFO -   Std: 1.061273
2025-12-17 12:09:32,940 - INFO - Generation 110
2025-12-17 12:09:32,941 - INFO -   Best: -9.116830
2025-12-17 12:09:32,941 - INFO -   Min: -9.116830
2025-12-17 12:09:32,941 - INFO -   Max: -4.414994
2025-12-17 12:09:32,941 - INFO -   Avg: -6.684922
2025-12-17 12:09:32,941 - INFO -   Std: 1.004684
2025-12-17 12:09:33,056 - INFO - Generation 120
2025-12-17 12:09:33,057 - INFO -   Best: -9.218966
2025-12-17 12:09:33,057 - INFO -   Min: -9.218966
2025-12-17 12:09:33,057 - INFO -   Max: -5.026157
2025-12-17 12:09:33,057 - INFO -   Avg: -7.089229
2025-12-17 12:09:33,057 - INFO -   Std: 0.935762
2025-12-17 12:09:33,174 - INFO - Generation 130
2025-12-17 12:09:33,174 - INFO -   Best: -9.237828
2025-12-17 12:09:33,174 - INFO -   Min: -9.237828
2025-12-17 12:09:33,175 - INFO -   Max: -5.748985
2025-12-17 12:09:33,175 - INFO -   Avg: -7.700247
2025-12-17 12:09:33,175 - INFO -   Std: 0.767118
2025-12-17 12:09:33,290 - INFO - Generation 140
2025-12-17 12:09:33,291 - INFO -   Best: -9.249486
2025-12-17 12:09:33,291 - INFO -   Min: -9.249486
2025-12-17 12:09:33,291 - INFO -   Max: -4.506273
2025-12-17 12:09:33,291 - INFO -   Avg: -7.698660
2025-12-17 12:09:33,291 - INFO -   Std: 0.953970
2025-12-17 12:09:33,407 - INFO - Generation 150
2025-12-17 12:09:33,407 - INFO -   Best: -9.268185
2025-12-17 12:09:33,408 - INFO -   Min: -9.268185
2025-12-17 12:09:33,408 - INFO -   Max: -4.951754
2025-12-17 12:09:33,408 - INFO -   Avg: -7.627952
2025-12-17 12:09:33,408 - INFO -   Std: 0.979231
2025-12-17 12:09:33,525 - INFO - Generation 160
2025-12-17 12:09:33,525 - INFO -   Best: -9.268185
2025-12-17 12:09:33,525 - INFO -   Min: -9.268185
2025-12-17 12:09:33,525 - INFO -   Max: -4.682991
2025-12-17 12:09:33,525 - INFO -   Avg: -7.362472
2025-12-17 12:09:33,525 - INFO -   Std: 0.890610
2025-12-17 12:09:33,651 - INFO - Generation 170
2025-12-17 12:09:33,651 - INFO -   Best: -9.271442
2025-12-17 12:09:33,651 - INFO -   Min: -9.271442
2025-12-17 12:09:33,652 - INFO -   Max: -5.307316
2025-12-17 12:09:33,652 - INFO -   Avg: -7.389848
2025-12-17 12:09:33,652 - INFO -   Std: 0.993274
2025-12-17 12:09:33,773 - INFO - Generation 180
2025-12-17 12:09:33,774 - INFO -   Best: -9.274191
2025-12-17 12:09:33,774 - INFO -   Min: -9.274191
2025-12-17 12:09:33,774 - INFO -   Max: -5.096915
2025-12-17 12:09:33,774 - INFO -   Avg: -7.066093
2025-12-17 12:09:33,774 - INFO -   Std: 0.914526
2025-12-17 12:09:33,901 - INFO - Generation 190
2025-12-17 12:09:33,901 - INFO -   Best: -9.274191
2025-12-17 12:09:33,901 - INFO -   Min: -9.274191
2025-12-17 12:09:33,902 - INFO -   Max: -4.038292
2025-12-17 12:09:33,902 - INFO -   Avg: -7.400265
2025-12-17 12:09:33,902 - INFO -   Std: 0.977664
2025-12-17 12:09:34,026 - INFO - Generation 200
2025-12-17 12:09:34,026 - INFO -   Best: -9.274191
2025-12-17 12:09:34,026 - INFO -   Min: -9.274191
2025-12-17 12:09:34,026 - INFO -   Max: -5.375308
2025-12-17 12:09:34,026 - INFO -   Avg: -6.959033
2025-12-17 12:09:34,028 - INFO -   Std: 0.856840
2025-12-17 12:09:34,037 - INFO - 
Final best fitness: -9.2741914186
2025-12-17 12:09:34,037 - INFO - Execution time: 2.34s
