2025-12-17 12:16:51,845 - INFO - Representation: Binary
2025-12-17 12:16:51,846 - INFO - Bits per variable: 12
2025-12-17 12:16:51,846 - INFO - Total genes: 360
2025-12-17 12:16:51,846 - INFO - Function: f16_2014
2025-12-17 12:16:51,846 - INFO - Population size: 100
2025-12-17 12:16:51,847 - INFO - Generations: 200
2025-12-17 12:16:51,847 - INFO - Selection: rws
2025-12-17 12:16:51,847 - INFO - Crossover: two_points
2025-12-17 12:16:51,847 - INFO - Mutation: swap
2025-12-17 12:16:51,847 - INFO - 
2025-12-17 12:16:53,018 - INFO - Generation 10
2025-12-17 12:16:53,018 - INFO -   Best: 1613.974347
2025-12-17 12:16:53,019 - INFO -   Min: 1613.974347
2025-12-17 12:16:53,019 - INFO -   Max: 1616.080527
2025-12-17 12:16:53,019 - INFO -   Avg: 1614.973873
2025-12-17 12:16:53,019 - INFO -   Std: 0.338300
2025-12-17 12:16:53,547 - INFO - Generation 20
2025-12-17 12:16:53,547 - INFO -   Best: 1613.751401
2025-12-17 12:16:53,547 - INFO -   Min: 1613.751401
2025-12-17 12:16:53,548 - INFO -   Max: 1615.905169
2025-12-17 12:16:53,548 - INFO -   Avg: 1614.960390
2025-12-17 12:16:53,548 - INFO -   Std: 0.361124
2025-12-17 12:16:54,078 - INFO - Generation 30
2025-12-17 12:16:54,078 - INFO -   Best: 1613.751401
2025-12-17 12:16:54,079 - INFO -   Min: 1613.751401
2025-12-17 12:16:54,079 - INFO -   Max: 1615.731283
2025-12-17 12:16:54,079 - INFO -   Avg: 1614.931752
2025-12-17 12:16:54,079 - INFO -   Std: 0.322673
2025-12-17 12:16:54,594 - INFO - Generation 40
2025-12-17 12:16:54,595 - INFO -   Best: 1613.751401
2025-12-17 12:16:54,595 - INFO -   Min: 1613.751401
2025-12-17 12:16:54,595 - INFO -   Max: 1616.118834
2025-12-17 12:16:54,595 - INFO -   Avg: 1614.952116
2025-12-17 12:16:54,595 - INFO -   Std: 0.389043
2025-12-17 12:16:55,108 - INFO - Generation 50
2025-12-17 12:16:55,109 - INFO -   Best: 1613.329724
2025-12-17 12:16:55,109 - INFO -   Min: 1613.329724
2025-12-17 12:16:55,109 - INFO -   Max: 1615.975087
2025-12-17 12:16:55,109 - INFO -   Avg: 1614.942157
2025-12-17 12:16:55,109 - INFO -   Std: 0.390505
2025-12-17 12:16:55,624 - INFO - Generation 60
2025-12-17 12:16:55,624 - INFO -   Best: 1613.329724
2025-12-17 12:16:55,625 - INFO -   Min: 1613.329724
2025-12-17 12:16:55,625 - INFO -   Max: 1615.934332
2025-12-17 12:16:55,625 - INFO -   Avg: 1614.998627
2025-12-17 12:16:55,625 - INFO -   Std: 0.342686
2025-12-17 12:16:56,143 - INFO - Generation 70
2025-12-17 12:16:56,143 - INFO -   Best: 1613.329724
2025-12-17 12:16:56,143 - INFO -   Min: 1613.329724
2025-12-17 12:16:56,143 - INFO -   Max: 1616.054630
2025-12-17 12:16:56,143 - INFO -   Avg: 1614.986968
2025-12-17 12:16:56,143 - INFO -   Std: 0.422040
2025-12-17 12:16:56,659 - INFO - Generation 80
2025-12-17 12:16:56,659 - INFO -   Best: 1613.329724
2025-12-17 12:16:56,659 - INFO -   Min: 1613.329724
2025-12-17 12:16:56,659 - INFO -   Max: 1615.799250
2025-12-17 12:16:56,659 - INFO -   Avg: 1614.991332
2025-12-17 12:16:56,660 - INFO -   Std: 0.418873
2025-12-17 12:16:57,173 - INFO - Generation 90
2025-12-17 12:16:57,173 - INFO -   Best: 1613.329724
2025-12-17 12:16:57,173 - INFO -   Min: 1613.329724
2025-12-17 12:16:57,173 - INFO -   Max: 1615.893709
2025-12-17 12:16:57,173 - INFO -   Avg: 1614.951547
2025-12-17 12:16:57,174 - INFO -   Std: 0.416836
2025-12-17 12:16:57,699 - INFO - Generation 100
2025-12-17 12:16:57,699 - INFO -   Best: 1613.329724
2025-12-17 12:16:57,699 - INFO -   Min: 1613.329724
2025-12-17 12:16:57,700 - INFO -   Max: 1616.023964
2025-12-17 12:16:57,700 - INFO -   Avg: 1614.961507
2025-12-17 12:16:57,700 - INFO -   Std: 0.470471
2025-12-17 12:16:58,234 - INFO - Generation 110
2025-12-17 12:16:58,234 - INFO -   Best: 1613.329724
2025-12-17 12:16:58,234 - INFO -   Min: 1613.329724
2025-12-17 12:16:58,234 - INFO -   Max: 1616.149252
2025-12-17 12:16:58,234 - INFO -   Avg: 1615.024281
2025-12-17 12:16:58,235 - INFO -   Std: 0.449270
2025-12-17 12:16:58,766 - INFO - Generation 120
2025-12-17 12:16:58,767 - INFO -   Best: 1613.329724
2025-12-17 12:16:58,767 - INFO -   Min: 1613.329724
2025-12-17 12:16:58,767 - INFO -   Max: 1615.868354
2025-12-17 12:16:58,767 - INFO -   Avg: 1615.036750
2025-12-17 12:16:58,767 - INFO -   Std: 0.398535
2025-12-17 12:16:59,283 - INFO - Generation 130
2025-12-17 12:16:59,283 - INFO -   Best: 1613.187831
2025-12-17 12:16:59,284 - INFO -   Min: 1613.187831
2025-12-17 12:16:59,284 - INFO -   Max: 1616.117942
2025-12-17 12:16:59,284 - INFO -   Avg: 1614.938493
2025-12-17 12:16:59,284 - INFO -   Std: 0.437131
2025-12-17 12:16:59,799 - INFO - Generation 140
2025-12-17 12:16:59,799 - INFO -   Best: 1613.037564
2025-12-17 12:16:59,799 - INFO -   Min: 1613.037564
2025-12-17 12:16:59,799 - INFO -   Max: 1615.661015
2025-12-17 12:16:59,799 - INFO -   Avg: 1614.967122
2025-12-17 12:16:59,800 - INFO -   Std: 0.411886
2025-12-17 12:17:00,321 - INFO - Generation 150
2025-12-17 12:17:00,322 - INFO -   Best: 1613.037564
2025-12-17 12:17:00,322 - INFO -   Min: 1613.037564
2025-12-17 12:17:00,322 - INFO -   Max: 1615.639503
2025-12-17 12:17:00,322 - INFO -   Avg: 1614.903853
2025-12-17 12:17:00,322 - INFO -   Std: 0.417635
2025-12-17 12:17:00,842 - INFO - Generation 160
2025-12-17 12:17:00,842 - INFO -   Best: 1613.037564
2025-12-17 12:17:00,842 - INFO -   Min: 1613.037564
2025-12-17 12:17:00,842 - INFO -   Max: 1615.744862
2025-12-17 12:17:00,843 - INFO -   Avg: 1614.938682
2025-12-17 12:17:00,843 - INFO -   Std: 0.441000
2025-12-17 12:17:01,364 - INFO - Generation 170
2025-12-17 12:17:01,364 - INFO -   Best: 1613.037564
2025-12-17 12:17:01,364 - INFO -   Min: 1613.037564
2025-12-17 12:17:01,364 - INFO -   Max: 1616.150204
2025-12-17 12:17:01,365 - INFO -   Avg: 1614.973103
2025-12-17 12:17:01,365 - INFO -   Std: 0.499277
2025-12-17 12:17:01,881 - INFO - Generation 180
2025-12-17 12:17:01,881 - INFO -   Best: 1613.037564
2025-12-17 12:17:01,881 - INFO -   Min: 1613.037564
2025-12-17 12:17:01,881 - INFO -   Max: 1616.293461
2025-12-17 12:17:01,882 - INFO -   Avg: 1614.990304
2025-12-17 12:17:01,882 - INFO -   Std: 0.482103
2025-12-17 12:17:02,404 - INFO - Generation 190
2025-12-17 12:17:02,404 - INFO -   Best: 1612.912598
2025-12-17 12:17:02,404 - INFO -   Min: 1612.912598
2025-12-17 12:17:02,404 - INFO -   Max: 1616.784228
2025-12-17 12:17:02,405 - INFO -   Avg: 1614.959680
2025-12-17 12:17:02,405 - INFO -   Std: 0.568516
2025-12-17 12:17:02,931 - INFO - Generation 200
2025-12-17 12:17:02,931 - INFO -   Best: 1612.912598
2025-12-17 12:17:02,932 - INFO -   Min: 1612.912598
2025-12-17 12:17:02,932 - INFO -   Max: 1616.191955
2025-12-17 12:17:02,932 - INFO -   Avg: 1614.833142
2025-12-17 12:17:02,932 - INFO -   Std: 0.561756
2025-12-17 12:17:02,966 - INFO - 
Final best fitness: 1612.9125982969
2025-12-17 12:17:02,966 - INFO - Execution time: 10.46s
