2025-12-17 11:45:27,661 - INFO - Representation: Real
2025-12-17 11:45:27,661 - INFO - Number of genes: 30
2025-12-17 11:45:27,661 - INFO - Bounds: [-100, 100]
2025-12-17 11:45:27,661 - INFO - Function: f16_2014
2025-12-17 11:45:27,662 - INFO - Population size: 100
2025-12-17 11:45:27,662 - INFO - Generations: 200
2025-12-17 11:45:27,662 - INFO - Selection: tournament
2025-12-17 11:45:27,662 - INFO - Crossover: single_point
2025-12-17 11:45:27,662 - INFO - Mutation: random
2025-12-17 11:45:27,662 - INFO - 
2025-12-17 11:45:28,133 - INFO - Generation 10
2025-12-17 11:45:28,133 - INFO -   Best: 1613.283930
2025-12-17 11:45:28,134 - INFO -   Min: 1613.283930
2025-12-17 11:45:28,134 - INFO -   Max: 1616.373754
2025-12-17 11:45:28,135 - INFO -   Avg: 1614.720497
2025-12-17 11:45:28,135 - INFO -   Std: 0.501583
2025-12-17 11:45:28,525 - INFO - Generation 20
2025-12-17 11:45:28,525 - INFO -   Best: 1612.986289
2025-12-17 11:45:28,526 - INFO -   Min: 1612.986289
2025-12-17 11:45:28,526 - INFO -   Max: 1615.594366
2025-12-17 11:45:28,526 - INFO -   Avg: 1614.688986
2025-12-17 11:45:28,526 - INFO -   Std: 0.480762
2025-12-17 11:45:28,918 - INFO - Generation 30
2025-12-17 11:45:28,918 - INFO -   Best: 1612.986289
2025-12-17 11:45:28,918 - INFO -   Min: 1612.986289
2025-12-17 11:45:28,918 - INFO -   Max: 1615.736224
2025-12-17 11:45:28,918 - INFO -   Avg: 1614.717810
2025-12-17 11:45:28,918 - INFO -   Std: 0.440217
2025-12-17 11:45:29,310 - INFO - Generation 40
2025-12-17 11:45:29,310 - INFO -   Best: 1612.986289
2025-12-17 11:45:29,311 - INFO -   Min: 1612.986289
2025-12-17 11:45:29,311 - INFO -   Max: 1615.668544
2025-12-17 11:45:29,311 - INFO -   Avg: 1614.684246
2025-12-17 11:45:29,311 - INFO -   Std: 0.440175
2025-12-17 11:45:29,704 - INFO - Generation 50
2025-12-17 11:45:29,704 - INFO -   Best: 1612.986289
2025-12-17 11:45:29,704 - INFO -   Min: 1612.986289
2025-12-17 11:45:29,704 - INFO -   Max: 1615.933358
2025-12-17 11:45:29,704 - INFO -   Avg: 1614.701556
2025-12-17 11:45:29,704 - INFO -   Std: 0.591578
2025-12-17 11:45:30,099 - INFO - Generation 60
2025-12-17 11:45:30,099 - INFO -   Best: 1612.703956
2025-12-17 11:45:30,099 - INFO -   Min: 1612.703956
2025-12-17 11:45:30,100 - INFO -   Max: 1615.902083
2025-12-17 11:45:30,100 - INFO -   Avg: 1614.690050
2025-12-17 11:45:30,100 - INFO -   Std: 0.553007
2025-12-17 11:45:30,493 - INFO - Generation 70
2025-12-17 11:45:30,493 - INFO -   Best: 1612.703956
2025-12-17 11:45:30,493 - INFO -   Min: 1612.703956
2025-12-17 11:45:30,493 - INFO -   Max: 1617.109287
2025-12-17 11:45:30,493 - INFO -   Avg: 1614.560695
2025-12-17 11:45:30,494 - INFO -   Std: 0.589615
2025-12-17 11:45:30,885 - INFO - Generation 80
2025-12-17 11:45:30,886 - INFO -   Best: 1612.323529
2025-12-17 11:45:30,886 - INFO -   Min: 1612.323529
2025-12-17 11:45:30,886 - INFO -   Max: 1615.937636
2025-12-17 11:45:30,887 - INFO -   Avg: 1614.657231
2025-12-17 11:45:30,887 - INFO -   Std: 0.571499
2025-12-17 11:45:31,278 - INFO - Generation 90
2025-12-17 11:45:31,278 - INFO -   Best: 1612.323529
2025-12-17 11:45:31,278 - INFO -   Min: 1612.323529
2025-12-17 11:45:31,279 - INFO -   Max: 1615.678986
2025-12-17 11:45:31,279 - INFO -   Avg: 1614.492889
2025-12-17 11:45:31,279 - INFO -   Std: 0.665975
2025-12-17 11:45:31,670 - INFO - Generation 100
2025-12-17 11:45:31,671 - INFO -   Best: 1612.323529
2025-12-17 11:45:31,671 - INFO -   Min: 1612.323529
2025-12-17 11:45:31,671 - INFO -   Max: 1615.701245
2025-12-17 11:45:31,671 - INFO -   Avg: 1614.449950
2025-12-17 11:45:31,671 - INFO -   Std: 0.595801
2025-12-17 11:45:32,061 - INFO - Generation 110
2025-12-17 11:45:32,062 - INFO -   Best: 1612.217443
2025-12-17 11:45:32,062 - INFO -   Min: 1612.217443
2025-12-17 11:45:32,062 - INFO -   Max: 1616.186218
2025-12-17 11:45:32,062 - INFO -   Avg: 1614.624838
2025-12-17 11:45:32,062 - INFO -   Std: 0.617142
2025-12-17 11:45:32,454 - INFO - Generation 120
2025-12-17 11:45:32,454 - INFO -   Best: 1612.217443
2025-12-17 11:45:32,454 - INFO -   Min: 1612.217443
2025-12-17 11:45:32,455 - INFO -   Max: 1615.733047
2025-12-17 11:45:32,455 - INFO -   Avg: 1614.658031
2025-12-17 11:45:32,455 - INFO -   Std: 0.579912
2025-12-17 11:45:32,850 - INFO - Generation 130
2025-12-17 11:45:32,850 - INFO -   Best: 1611.898267
2025-12-17 11:45:32,850 - INFO -   Min: 1611.898267
2025-12-17 11:45:32,851 - INFO -   Max: 1616.357391
2025-12-17 11:45:32,851 - INFO -   Avg: 1614.495767
2025-12-17 11:45:32,851 - INFO -   Std: 0.783670
2025-12-17 11:45:33,240 - INFO - Generation 140
2025-12-17 11:45:33,240 - INFO -   Best: 1611.898267
2025-12-17 11:45:33,240 - INFO -   Min: 1611.898267
2025-12-17 11:45:33,240 - INFO -   Max: 1615.854008
2025-12-17 11:45:33,240 - INFO -   Avg: 1614.398539
2025-12-17 11:45:33,240 - INFO -   Std: 0.653021
2025-12-17 11:45:33,630 - INFO - Generation 150
2025-12-17 11:45:33,630 - INFO -   Best: 1611.898267
2025-12-17 11:45:33,630 - INFO -   Min: 1611.898267
2025-12-17 11:45:33,630 - INFO -   Max: 1616.315398
2025-12-17 11:45:33,630 - INFO -   Avg: 1614.580667
2025-12-17 11:45:33,630 - INFO -   Std: 0.686046
2025-12-17 11:45:34,020 - INFO - Generation 160
2025-12-17 11:45:34,020 - INFO -   Best: 1611.898267
2025-12-17 11:45:34,021 - INFO -   Min: 1611.898267
2025-12-17 11:45:34,021 - INFO -   Max: 1615.738745
2025-12-17 11:45:34,021 - INFO -   Avg: 1614.639449
2025-12-17 11:45:34,021 - INFO -   Std: 0.677481
2025-12-17 11:45:34,415 - INFO - Generation 170
2025-12-17 11:45:34,415 - INFO -   Best: 1611.898267
2025-12-17 11:45:34,416 - INFO -   Min: 1611.898267
2025-12-17 11:45:34,416 - INFO -   Max: 1615.910457
2025-12-17 11:45:34,416 - INFO -   Avg: 1614.595783
2025-12-17 11:45:34,416 - INFO -   Std: 0.689761
2025-12-17 11:45:34,823 - INFO - Generation 180
2025-12-17 11:45:34,823 - INFO -   Best: 1611.898267
2025-12-17 11:45:34,823 - INFO -   Min: 1611.898267
2025-12-17 11:45:34,824 - INFO -   Max: 1616.004617
2025-12-17 11:45:34,824 - INFO -   Avg: 1614.619822
2025-12-17 11:45:34,824 - INFO -   Std: 0.612378
2025-12-17 11:45:35,217 - INFO - Generation 190
2025-12-17 11:45:35,218 - INFO -   Best: 1611.898267
2025-12-17 11:45:35,218 - INFO -   Min: 1611.898267
2025-12-17 11:45:35,218 - INFO -   Max: 1615.767372
2025-12-17 11:45:35,218 - INFO -   Avg: 1614.653454
2025-12-17 11:45:35,218 - INFO -   Std: 0.631325
2025-12-17 11:45:35,610 - INFO - Generation 200
2025-12-17 11:45:35,610 - INFO -   Best: 1611.898267
2025-12-17 11:45:35,610 - INFO -   Min: 1611.898267
2025-12-17 11:45:35,611 - INFO -   Max: 1616.050176
2025-12-17 11:45:35,611 - INFO -   Avg: 1614.554916
2025-12-17 11:45:35,611 - INFO -   Std: 0.700207
2025-12-17 11:45:35,632 - INFO - 
Final best fitness: 1611.8982670194
2025-12-17 11:45:35,633 - INFO - Execution time: 7.91s
2025-12-17 11:52:09,114 - INFO - Representation: Binary
2025-12-17 11:52:09,114 - INFO - Bits per variable: 12
2025-12-17 11:52:09,114 - INFO - Total genes: 360
2025-12-17 11:52:09,114 - INFO - Function: f16_2014
2025-12-17 11:52:09,114 - INFO - Population size: 100
2025-12-17 11:52:09,115 - INFO - Generations: 200
2025-12-17 11:52:09,115 - INFO - Selection: tournament
2025-12-17 11:52:09,115 - INFO - Crossover: single_point
2025-12-17 11:52:09,115 - INFO - Mutation: random
2025-12-17 11:52:09,115 - INFO - 
2025-12-17 11:52:11,069 - INFO - Generation 10
2025-12-17 11:52:11,069 - INFO -   Best: 1613.733525
2025-12-17 11:52:11,069 - INFO -   Min: 1613.733525
2025-12-17 11:52:11,069 - INFO -   Max: 1615.808073
2025-12-17 11:52:11,070 - INFO -   Avg: 1614.997364
2025-12-17 11:52:11,070 - INFO -   Std: 0.221938
2025-12-17 11:52:12,340 - INFO - Generation 20
2025-12-17 11:52:12,340 - INFO -   Best: 1613.733525
2025-12-17 11:52:12,340 - INFO -   Min: 1613.733525
2025-12-17 11:52:12,340 - INFO -   Max: 1615.467723
2025-12-17 11:52:12,341 - INFO -   Avg: 1614.971842
2025-12-17 11:52:12,341 - INFO -   Std: 0.227143
2025-12-17 11:52:13,625 - INFO - Generation 30
2025-12-17 11:52:13,625 - INFO -   Best: 1613.733525
2025-12-17 11:52:13,625 - INFO -   Min: 1613.733525
2025-12-17 11:52:13,625 - INFO -   Max: 1615.554438
2025-12-17 11:52:13,626 - INFO -   Avg: 1614.972537
2025-12-17 11:52:13,626 - INFO -   Std: 0.225189
2025-12-17 11:52:14,884 - INFO - Generation 40
2025-12-17 11:52:14,884 - INFO -   Best: 1613.733525
2025-12-17 11:52:14,884 - INFO -   Min: 1613.733525
2025-12-17 11:52:14,885 - INFO -   Max: 1615.385044
2025-12-17 11:52:14,885 - INFO -   Avg: 1614.969636
2025-12-17 11:52:14,885 - INFO -   Std: 0.198530
2025-12-17 11:52:16,135 - INFO - Generation 50
2025-12-17 11:52:16,135 - INFO -   Best: 1613.733525
2025-12-17 11:52:16,136 - INFO -   Min: 1613.733525
2025-12-17 11:52:16,136 - INFO -   Max: 1615.534082
2025-12-17 11:52:16,136 - INFO -   Avg: 1614.963784
2025-12-17 11:52:16,136 - INFO -   Std: 0.233146
2025-12-17 11:52:17,388 - INFO - Generation 60
2025-12-17 11:52:17,388 - INFO -   Best: 1613.733525
2025-12-17 11:52:17,388 - INFO -   Min: 1613.733525
2025-12-17 11:52:17,389 - INFO -   Max: 1615.502484
2025-12-17 11:52:17,389 - INFO -   Avg: 1614.982725
2025-12-17 11:52:17,389 - INFO -   Std: 0.228320
2025-12-17 11:52:18,840 - INFO - Generation 70
2025-12-17 11:52:18,840 - INFO -   Best: 1613.666659
2025-12-17 11:52:18,840 - INFO -   Min: 1613.666659
2025-12-17 11:52:18,840 - INFO -   Max: 1615.569481
2025-12-17 11:52:18,840 - INFO -   Avg: 1614.960242
2025-12-17 11:52:18,841 - INFO -   Std: 0.230908
2025-12-17 11:52:20,126 - INFO - Generation 80
2025-12-17 11:52:20,126 - INFO -   Best: 1613.666659
2025-12-17 11:52:20,127 - INFO -   Min: 1613.666659
2025-12-17 11:52:20,127 - INFO -   Max: 1615.685635
2025-12-17 11:52:20,127 - INFO -   Avg: 1614.974870
2025-12-17 11:52:20,127 - INFO -   Std: 0.211606
2025-12-17 11:52:21,414 - INFO - Generation 90
2025-12-17 11:52:21,414 - INFO -   Best: 1613.666659
2025-12-17 11:52:21,414 - INFO -   Min: 1613.666659
2025-12-17 11:52:21,415 - INFO -   Max: 1615.337849
2025-12-17 11:52:21,415 - INFO -   Avg: 1614.961283
2025-12-17 11:52:21,415 - INFO -   Std: 0.200674
2025-12-17 11:52:22,705 - INFO - Generation 100
2025-12-17 11:52:22,706 - INFO -   Best: 1613.666659
2025-12-17 11:52:22,706 - INFO -   Min: 1613.666659
2025-12-17 11:52:22,706 - INFO -   Max: 1615.456868
2025-12-17 11:52:22,706 - INFO -   Avg: 1614.974734
2025-12-17 11:52:22,706 - INFO -   Std: 0.221423
2025-12-17 11:52:23,973 - INFO - Generation 110
2025-12-17 11:52:23,974 - INFO -   Best: 1613.666659
2025-12-17 11:52:23,974 - INFO -   Min: 1613.666659
2025-12-17 11:52:23,974 - INFO -   Max: 1615.486120
2025-12-17 11:52:23,974 - INFO -   Avg: 1614.988013
2025-12-17 11:52:23,974 - INFO -   Std: 0.207826
2025-12-17 11:52:25,225 - INFO - Generation 120
2025-12-17 11:52:25,225 - INFO -   Best: 1613.666659
2025-12-17 11:52:25,226 - INFO -   Min: 1613.666659
2025-12-17 11:52:25,226 - INFO -   Max: 1615.290409
2025-12-17 11:52:25,226 - INFO -   Avg: 1614.979646
2025-12-17 11:52:25,226 - INFO -   Std: 0.198577
2025-12-17 11:52:26,486 - INFO - Generation 130
2025-12-17 11:52:26,486 - INFO -   Best: 1613.666659
2025-12-17 11:52:26,487 - INFO -   Min: 1613.666659
2025-12-17 11:52:26,487 - INFO -   Max: 1615.355808
2025-12-17 11:52:26,487 - INFO -   Avg: 1614.968971
2025-12-17 11:52:26,487 - INFO -   Std: 0.200817
2025-12-17 11:52:27,746 - INFO - Generation 140
2025-12-17 11:52:27,747 - INFO -   Best: 1613.666659
2025-12-17 11:52:27,747 - INFO -   Min: 1613.666659
2025-12-17 11:52:27,747 - INFO -   Max: 1615.537762
2025-12-17 11:52:27,747 - INFO -   Avg: 1614.954353
2025-12-17 11:52:27,747 - INFO -   Std: 0.204151
2025-12-17 11:52:29,013 - INFO - Generation 150
2025-12-17 11:52:29,013 - INFO -   Best: 1613.666659
2025-12-17 11:52:29,013 - INFO -   Min: 1613.666659
2025-12-17 11:52:29,014 - INFO -   Max: 1615.486789
2025-12-17 11:52:29,014 - INFO -   Avg: 1615.004206
2025-12-17 11:52:29,014 - INFO -   Std: 0.242295
2025-12-17 11:52:30,267 - INFO - Generation 160
2025-12-17 11:52:30,267 - INFO -   Best: 1613.666659
2025-12-17 11:52:30,268 - INFO -   Min: 1613.666659
2025-12-17 11:52:30,268 - INFO -   Max: 1615.406477
2025-12-17 11:52:30,268 - INFO -   Avg: 1614.961232
2025-12-17 11:52:30,268 - INFO -   Std: 0.241092
2025-12-17 11:52:31,531 - INFO - Generation 170
2025-12-17 11:52:31,531 - INFO -   Best: 1613.666659
2025-12-17 11:52:31,531 - INFO -   Min: 1613.666659
2025-12-17 11:52:31,531 - INFO -   Max: 1615.327442
2025-12-17 11:52:31,531 - INFO -   Avg: 1614.967008
2025-12-17 11:52:31,532 - INFO -   Std: 0.218261
2025-12-17 11:52:32,800 - INFO - Generation 180
2025-12-17 11:52:32,800 - INFO -   Best: 1613.666659
2025-12-17 11:52:32,800 - INFO -   Min: 1613.666659
2025-12-17 11:52:32,800 - INFO -   Max: 1615.798241
2025-12-17 11:52:32,801 - INFO -   Avg: 1615.005642
2025-12-17 11:52:32,801 - INFO -   Std: 0.259719
2025-12-17 11:52:34,065 - INFO - Generation 190
2025-12-17 11:52:34,065 - INFO -   Best: 1613.666659
2025-12-17 11:52:34,065 - INFO -   Min: 1613.666659
2025-12-17 11:52:34,065 - INFO -   Max: 1615.399309
2025-12-17 11:52:34,065 - INFO -   Avg: 1614.955781
2025-12-17 11:52:34,066 - INFO -   Std: 0.229768
2025-12-17 11:52:35,336 - INFO - Generation 200
2025-12-17 11:52:35,336 - INFO -   Best: 1613.666659
2025-12-17 11:52:35,336 - INFO -   Min: 1613.666659
2025-12-17 11:52:35,336 - INFO -   Max: 1615.334215
2025-12-17 11:52:35,336 - INFO -   Avg: 1614.969033
2025-12-17 11:52:35,337 - INFO -   Std: 0.220560
2025-12-17 11:52:35,372 - INFO - 
Final best fitness: 1613.6666586628
2025-12-17 11:52:35,372 - INFO - Execution time: 25.59s
