2025-12-17 12:11:41,655 - INFO - Representation: Binary
2025-12-17 12:11:41,656 - INFO - Bits per variable: 12
2025-12-17 12:11:41,656 - INFO - Total genes: 120
2025-12-17 12:11:41,656 - INFO - Function: f16_2014
2025-12-17 12:11:41,656 - INFO - Population size: 100
2025-12-17 12:11:41,656 - INFO - Generations: 200
2025-12-17 12:11:41,656 - INFO - Selection: rws
2025-12-17 12:11:41,656 - INFO - Crossover: two_points
2025-12-17 12:11:41,656 - INFO - Mutation: swap
2025-12-17 12:11:41,657 - INFO - 
2025-12-17 12:11:42,088 - INFO - Generation 10
2025-12-17 12:11:42,088 - INFO -   Best: 1604.331383
2025-12-17 12:11:42,088 - INFO -   Min: 1604.331383
2025-12-17 12:11:42,088 - INFO -   Max: 1605.478742
2025-12-17 12:11:42,089 - INFO -   Avg: 1604.990694
2025-12-17 12:11:42,089 - INFO -   Std: 0.173338
2025-12-17 12:11:42,299 - INFO - Generation 20
2025-12-17 12:11:42,299 - INFO -   Best: 1604.270826
2025-12-17 12:11:42,299 - INFO -   Min: 1604.270826
2025-12-17 12:11:42,299 - INFO -   Max: 1605.557997
2025-12-17 12:11:42,300 - INFO -   Avg: 1604.978713
2025-12-17 12:11:42,300 - INFO -   Std: 0.165384
2025-12-17 12:11:42,510 - INFO - Generation 30
2025-12-17 12:11:42,510 - INFO -   Best: 1604.041514
2025-12-17 12:11:42,510 - INFO -   Min: 1604.041514
2025-12-17 12:11:42,510 - INFO -   Max: 1605.507810
2025-12-17 12:11:42,511 - INFO -   Avg: 1604.969143
2025-12-17 12:11:42,511 - INFO -   Std: 0.200435
2025-12-17 12:11:42,720 - INFO - Generation 40
2025-12-17 12:11:42,720 - INFO -   Best: 1604.041514
2025-12-17 12:11:42,720 - INFO -   Min: 1604.041514
2025-12-17 12:11:42,720 - INFO -   Max: 1605.704730
2025-12-17 12:11:42,720 - INFO -   Avg: 1604.962262
2025-12-17 12:11:42,721 - INFO -   Std: 0.227822
2025-12-17 12:11:42,930 - INFO - Generation 50
2025-12-17 12:11:42,931 - INFO -   Best: 1604.041514
2025-12-17 12:11:42,931 - INFO -   Min: 1604.041514
2025-12-17 12:11:42,931 - INFO -   Max: 1606.088766
2025-12-17 12:11:42,931 - INFO -   Avg: 1604.986680
2025-12-17 12:11:42,931 - INFO -   Std: 0.245704
2025-12-17 12:11:43,143 - INFO - Generation 60
2025-12-17 12:11:43,143 - INFO -   Best: 1603.941283
2025-12-17 12:11:43,143 - INFO -   Min: 1603.941283
2025-12-17 12:11:43,143 - INFO -   Max: 1605.556148
2025-12-17 12:11:43,143 - INFO -   Avg: 1604.984187
2025-12-17 12:11:43,144 - INFO -   Std: 0.202433
2025-12-17 12:11:43,355 - INFO - Generation 70
2025-12-17 12:11:43,355 - INFO -   Best: 1603.696279
2025-12-17 12:11:43,355 - INFO -   Min: 1603.696279
2025-12-17 12:11:43,355 - INFO -   Max: 1605.920707
2025-12-17 12:11:43,356 - INFO -   Avg: 1604.958570
2025-12-17 12:11:43,356 - INFO -   Std: 0.315392
2025-12-17 12:11:43,566 - INFO - Generation 80
2025-12-17 12:11:43,567 - INFO -   Best: 1603.696279
2025-12-17 12:11:43,567 - INFO -   Min: 1603.696279
2025-12-17 12:11:43,567 - INFO -   Max: 1606.077275
2025-12-17 12:11:43,567 - INFO -   Avg: 1604.958564
2025-12-17 12:11:43,567 - INFO -   Std: 0.385950
2025-12-17 12:11:43,778 - INFO - Generation 90
2025-12-17 12:11:43,778 - INFO -   Best: 1603.696279
2025-12-17 12:11:43,779 - INFO -   Min: 1603.696279
2025-12-17 12:11:43,779 - INFO -   Max: 1605.472430
2025-12-17 12:11:43,779 - INFO -   Avg: 1604.982290
2025-12-17 12:11:43,779 - INFO -   Std: 0.260488
2025-12-17 12:11:43,991 - INFO - Generation 100
2025-12-17 12:11:43,991 - INFO -   Best: 1603.561815
2025-12-17 12:11:43,991 - INFO -   Min: 1603.561815
2025-12-17 12:11:43,992 - INFO -   Max: 1605.552971
2025-12-17 12:11:43,992 - INFO -   Avg: 1604.986175
2025-12-17 12:11:43,992 - INFO -   Std: 0.274690
2025-12-17 12:11:44,203 - INFO - Generation 110
2025-12-17 12:11:44,204 - INFO -   Best: 1603.561815
2025-12-17 12:11:44,204 - INFO -   Min: 1603.561815
2025-12-17 12:11:44,204 - INFO -   Max: 1605.959638
2025-12-17 12:11:44,204 - INFO -   Avg: 1605.025687
2025-12-17 12:11:44,204 - INFO -   Std: 0.359615
2025-12-17 12:11:44,415 - INFO - Generation 120
2025-12-17 12:11:44,416 - INFO -   Best: 1603.561815
2025-12-17 12:11:44,416 - INFO -   Min: 1603.561815
2025-12-17 12:11:44,416 - INFO -   Max: 1605.535200
2025-12-17 12:11:44,416 - INFO -   Avg: 1604.945490
2025-12-17 12:11:44,416 - INFO -   Std: 0.299275
2025-12-17 12:11:44,629 - INFO - Generation 130
2025-12-17 12:11:44,630 - INFO -   Best: 1603.561815
2025-12-17 12:11:44,630 - INFO -   Min: 1603.561815
2025-12-17 12:11:44,630 - INFO -   Max: 1605.402840
2025-12-17 12:11:44,630 - INFO -   Avg: 1604.962422
2025-12-17 12:11:44,630 - INFO -   Std: 0.268874
2025-12-17 12:11:44,843 - INFO - Generation 140
2025-12-17 12:11:44,843 - INFO -   Best: 1603.442093
2025-12-17 12:11:44,843 - INFO -   Min: 1603.442093
2025-12-17 12:11:44,843 - INFO -   Max: 1605.467383
2025-12-17 12:11:44,843 - INFO -   Avg: 1604.941363
2025-12-17 12:11:44,843 - INFO -   Std: 0.263749
2025-12-17 12:11:45,056 - INFO - Generation 150
2025-12-17 12:11:45,056 - INFO -   Best: 1603.442093
2025-12-17 12:11:45,056 - INFO -   Min: 1603.442093
2025-12-17 12:11:45,057 - INFO -   Max: 1605.309062
2025-12-17 12:11:45,057 - INFO -   Avg: 1604.987336
2025-12-17 12:11:45,057 - INFO -   Std: 0.234710
2025-12-17 12:11:45,272 - INFO - Generation 160
2025-12-17 12:11:45,272 - INFO -   Best: 1603.442093
2025-12-17 12:11:45,272 - INFO -   Min: 1603.442093
2025-12-17 12:11:45,272 - INFO -   Max: 1605.516655
2025-12-17 12:11:45,273 - INFO -   Avg: 1604.979435
2025-12-17 12:11:45,273 - INFO -   Std: 0.235010
2025-12-17 12:11:45,486 - INFO - Generation 170
2025-12-17 12:11:45,486 - INFO -   Best: 1603.442093
2025-12-17 12:11:45,486 - INFO -   Min: 1603.442093
2025-12-17 12:11:45,487 - INFO -   Max: 1605.615729
2025-12-17 12:11:45,487 - INFO -   Avg: 1604.958050
2025-12-17 12:11:45,487 - INFO -   Std: 0.276725
2025-12-17 12:11:45,701 - INFO - Generation 180
2025-12-17 12:11:45,701 - INFO -   Best: 1603.436953
2025-12-17 12:11:45,701 - INFO -   Min: 1603.436953
2025-12-17 12:11:45,701 - INFO -   Max: 1605.516872
2025-12-17 12:11:45,702 - INFO -   Avg: 1604.982348
2025-12-17 12:11:45,702 - INFO -   Std: 0.310882
2025-12-17 12:11:45,915 - INFO - Generation 190
2025-12-17 12:11:45,915 - INFO -   Best: 1603.436953
2025-12-17 12:11:45,915 - INFO -   Min: 1603.436953
2025-12-17 12:11:45,916 - INFO -   Max: 1605.894511
2025-12-17 12:11:45,916 - INFO -   Avg: 1604.947817
2025-12-17 12:11:45,916 - INFO -   Std: 0.357803
2025-12-17 12:11:46,130 - INFO - Generation 200
2025-12-17 12:11:46,130 - INFO -   Best: 1603.436953
2025-12-17 12:11:46,130 - INFO -   Min: 1603.436953
2025-12-17 12:11:46,130 - INFO -   Max: 1605.953878
2025-12-17 12:11:46,130 - INFO -   Avg: 1605.017402
2025-12-17 12:11:46,131 - INFO -   Std: 0.323944
2025-12-17 12:11:46,144 - INFO - 
Final best fitness: 1603.4369529341
2025-12-17 12:11:46,144 - INFO - Execution time: 4.26s
