2025-12-17 12:24:17,715 - INFO - Representation: Real
2025-12-17 12:24:17,715 - INFO - Number of genes: 2
2025-12-17 12:24:17,715 - INFO - Bounds: [0, 3.141592653589793]
2025-12-17 12:24:17,715 - INFO - Function: michalewicz
2025-12-17 12:24:17,715 - INFO - Population size: 100
2025-12-17 12:24:17,715 - INFO - Generations: 200
2025-12-17 12:24:17,716 - INFO - Selection: rws
2025-12-17 12:24:17,716 - INFO - Crossover: two_points
2025-12-17 12:24:17,716 - INFO - Mutation: swap
2025-12-17 12:24:17,716 - INFO - 
2025-12-17 12:24:17,762 - INFO - Generation 10
2025-12-17 12:24:17,762 - INFO -   Best: -1.474909
2025-12-17 12:24:17,762 - INFO -   Min: -1.474909
2025-12-17 12:24:17,762 - INFO -   Max: -0.389678
2025-12-17 12:24:17,763 - INFO -   Avg: -0.913412
2025-12-17 12:24:17,763 - INFO -   Std: 0.142344
2025-12-17 12:24:17,806 - INFO - Generation 20
2025-12-17 12:24:17,806 - INFO -   Best: -1.474909
2025-12-17 12:24:17,806 - INFO -   Min: -1.474909
2025-12-17 12:24:17,807 - INFO -   Max: -0.000836
2025-12-17 12:24:17,807 - INFO -   Avg: -0.945800
2025-12-17 12:24:17,807 - INFO -   Std: 0.123949
2025-12-17 12:24:17,848 - INFO - Generation 30
2025-12-17 12:24:17,848 - INFO -   Best: -1.474909
2025-12-17 12:24:17,849 - INFO -   Min: -1.474909
2025-12-17 12:24:17,849 - INFO -   Max: -0.000836
2025-12-17 12:24:17,849 - INFO -   Avg: -0.894950
2025-12-17 12:24:17,849 - INFO -   Std: 0.219094
2025-12-17 12:24:17,894 - INFO - Generation 40
2025-12-17 12:24:17,894 - INFO -   Best: -1.474909
2025-12-17 12:24:17,894 - INFO -   Min: -1.474909
2025-12-17 12:24:17,894 - INFO -   Max: -0.000890
2025-12-17 12:24:17,894 - INFO -   Avg: -0.940847
2025-12-17 12:24:17,895 - INFO -   Std: 0.183503
2025-12-17 12:24:17,935 - INFO - Generation 50
2025-12-17 12:24:17,935 - INFO -   Best: -1.474909
2025-12-17 12:24:17,935 - INFO -   Min: -1.474909
2025-12-17 12:24:17,936 - INFO -   Max: -0.000836
2025-12-17 12:24:17,936 - INFO -   Avg: -0.957637
2025-12-17 12:24:17,936 - INFO -   Std: 0.229495
2025-12-17 12:24:17,977 - INFO - Generation 60
2025-12-17 12:24:17,977 - INFO -   Best: -1.474909
2025-12-17 12:24:17,977 - INFO -   Min: -1.474909
2025-12-17 12:24:17,977 - INFO -   Max: -0.000890
2025-12-17 12:24:17,977 - INFO -   Avg: -0.968328
2025-12-17 12:24:17,978 - INFO -   Std: 0.208384
2025-12-17 12:24:18,018 - INFO - Generation 70
2025-12-17 12:24:18,018 - INFO -   Best: -1.474909
2025-12-17 12:24:18,019 - INFO -   Min: -1.474909
2025-12-17 12:24:18,019 - INFO -   Max: -0.000890
2025-12-17 12:24:18,019 - INFO -   Avg: -0.998811
2025-12-17 12:24:18,019 - INFO -   Std: 0.120325
2025-12-17 12:24:18,061 - INFO - Generation 80
2025-12-17 12:24:18,062 - INFO -   Best: -1.474909
2025-12-17 12:24:18,062 - INFO -   Min: -1.474909
2025-12-17 12:24:18,062 - INFO -   Max: -0.000890
2025-12-17 12:24:18,062 - INFO -   Avg: -0.929237
2025-12-17 12:24:18,062 - INFO -   Std: 0.281686
2025-12-17 12:24:18,103 - INFO - Generation 90
2025-12-17 12:24:18,103 - INFO -   Best: -1.474909
2025-12-17 12:24:18,104 - INFO -   Min: -1.474909
2025-12-17 12:24:18,104 - INFO -   Max: -0.000836
2025-12-17 12:24:18,104 - INFO -   Avg: -0.989362
2025-12-17 12:24:18,104 - INFO -   Std: 0.156041
2025-12-17 12:24:18,146 - INFO - Generation 100
2025-12-17 12:24:18,147 - INFO -   Best: -1.474909
2025-12-17 12:24:18,147 - INFO -   Min: -1.474909
2025-12-17 12:24:18,147 - INFO -   Max: -0.000836
2025-12-17 12:24:18,147 - INFO -   Avg: -0.989368
2025-12-17 12:24:18,147 - INFO -   Std: 0.156041
2025-12-17 12:24:18,187 - INFO - Generation 110
2025-12-17 12:24:18,188 - INFO -   Best: -1.474909
2025-12-17 12:24:18,188 - INFO -   Min: -1.474909
2025-12-17 12:24:18,188 - INFO -   Max: -0.000836
2025-12-17 12:24:18,188 - INFO -   Avg: -0.979195
2025-12-17 12:24:18,188 - INFO -   Std: 0.184428
2025-12-17 12:24:18,231 - INFO - Generation 120
2025-12-17 12:24:18,231 - INFO -   Best: -1.474909
2025-12-17 12:24:18,231 - INFO -   Min: -1.474909
2025-12-17 12:24:18,231 - INFO -   Max: -0.000836
2025-12-17 12:24:18,231 - INFO -   Avg: -0.958817
2025-12-17 12:24:18,232 - INFO -   Std: 0.229603
2025-12-17 12:24:18,272 - INFO - Generation 130
2025-12-17 12:24:18,272 - INFO -   Best: -1.474909
2025-12-17 12:24:18,273 - INFO -   Min: -1.474909
2025-12-17 12:24:18,273 - INFO -   Max: -0.998440
2025-12-17 12:24:18,273 - INFO -   Avg: -1.008429
2025-12-17 12:24:18,273 - INFO -   Std: 0.066534
2025-12-17 12:24:18,314 - INFO - Generation 140
2025-12-17 12:24:18,314 - INFO -   Best: -1.474909
2025-12-17 12:24:18,314 - INFO -   Min: -1.474909
2025-12-17 12:24:18,314 - INFO -   Max: -0.000890
2025-12-17 12:24:18,315 - INFO -   Avg: -0.998542
2025-12-17 12:24:18,315 - INFO -   Std: 0.120324
2025-12-17 12:24:18,357 - INFO - Generation 150
2025-12-17 12:24:18,358 - INFO -   Best: -1.474909
2025-12-17 12:24:18,358 - INFO -   Min: -1.474909
2025-12-17 12:24:18,358 - INFO -   Max: -0.000836
2025-12-17 12:24:18,358 - INFO -   Avg: -0.988654
2025-12-17 12:24:18,358 - INFO -   Std: 0.155995
2025-12-17 12:24:18,397 - INFO - Generation 160
2025-12-17 12:24:18,398 - INFO -   Best: -1.474909
2025-12-17 12:24:18,398 - INFO -   Min: -1.474909
2025-12-17 12:24:18,398 - INFO -   Max: -0.000890
2025-12-17 12:24:18,398 - INFO -   Avg: -0.968536
2025-12-17 12:24:18,398 - INFO -   Std: 0.208415
2025-12-17 12:24:18,437 - INFO - Generation 170
2025-12-17 12:24:18,438 - INFO -   Best: -1.474909
2025-12-17 12:24:18,438 - INFO -   Min: -1.474909
2025-12-17 12:24:18,438 - INFO -   Max: -0.000836
2025-12-17 12:24:18,438 - INFO -   Avg: -0.858492
2025-12-17 12:24:18,438 - INFO -   Std: 0.366349
2025-12-17 12:24:18,480 - INFO - Generation 180
2025-12-17 12:24:18,480 - INFO -   Best: -1.474909
2025-12-17 12:24:18,480 - INFO -   Min: -1.474909
2025-12-17 12:24:18,480 - INFO -   Max: -0.000836
2025-12-17 12:24:18,480 - INFO -   Avg: -0.998688
2025-12-17 12:24:18,481 - INFO -   Std: 0.120329
2025-12-17 12:24:18,526 - INFO - Generation 190
2025-12-17 12:24:18,526 - INFO -   Best: -1.474909
2025-12-17 12:24:18,526 - INFO -   Min: -1.474909
2025-12-17 12:24:18,526 - INFO -   Max: -0.000836
2025-12-17 12:24:18,527 - INFO -   Avg: -0.958484
2025-12-17 12:24:18,527 - INFO -   Std: 0.229540
2025-12-17 12:24:18,571 - INFO - Generation 200
2025-12-17 12:24:18,572 - INFO -   Best: -1.474909
2025-12-17 12:24:18,572 - INFO -   Min: -1.474909
2025-12-17 12:24:18,572 - INFO -   Max: -0.000836
2025-12-17 12:24:18,572 - INFO -   Avg: -0.968477
2025-12-17 12:24:18,572 - INFO -   Std: 0.208448
2025-12-17 12:24:18,574 - INFO - 
Final best fitness: -1.4749087452
2025-12-17 12:24:18,574 - INFO - Execution time: 0.85s
