2025-12-17 12:09:34,426 - INFO - Representation: Binary
2025-12-17 12:09:34,426 - INFO - Bits per variable: 12
2025-12-17 12:09:34,426 - INFO - Total genes: 120
2025-12-17 12:09:34,426 - INFO - Function: michalewicz
2025-12-17 12:09:34,426 - INFO - Population size: 100
2025-12-17 12:09:34,427 - INFO - Generations: 200
2025-12-17 12:09:34,427 - INFO - Selection: rws
2025-12-17 12:09:34,427 - INFO - Crossover: two_points
2025-12-17 12:09:34,427 - INFO - Mutation: swap
2025-12-17 12:09:34,427 - INFO - 
2025-12-17 12:09:34,742 - INFO - Generation 10
2025-12-17 12:09:34,742 - INFO -   Best: -6.856861
2025-12-17 12:09:34,742 - INFO -   Min: -6.856861
2025-12-17 12:09:34,742 - INFO -   Max: -1.312697
2025-12-17 12:09:34,742 - INFO -   Avg: -3.903576
2025-12-17 12:09:34,744 - INFO -   Std: 1.118809
2025-12-17 12:09:34,850 - INFO - Generation 20
2025-12-17 12:09:34,851 - INFO -   Best: -7.377673
2025-12-17 12:09:34,851 - INFO -   Min: -7.377673
2025-12-17 12:09:34,851 - INFO -   Max: -2.974553
2025-12-17 12:09:34,851 - INFO -   Avg: -5.380928
2025-12-17 12:09:34,851 - INFO -   Std: 1.045056
2025-12-17 12:09:34,955 - INFO - Generation 30
2025-12-17 12:09:34,955 - INFO -   Best: -7.422289
2025-12-17 12:09:34,955 - INFO -   Min: -7.422289
2025-12-17 12:09:34,955 - INFO -   Max: -2.377310
2025-12-17 12:09:34,955 - INFO -   Avg: -5.458403
2025-12-17 12:09:34,955 - INFO -   Std: 0.956071
2025-12-17 12:09:35,061 - INFO - Generation 40
2025-12-17 12:09:35,061 - INFO -   Best: -7.920773
2025-12-17 12:09:35,061 - INFO -   Min: -7.920773
2025-12-17 12:09:35,062 - INFO -   Max: -3.979159
2025-12-17 12:09:35,062 - INFO -   Avg: -6.397326
2025-12-17 12:09:35,062 - INFO -   Std: 0.945327
2025-12-17 12:09:35,168 - INFO - Generation 50
2025-12-17 12:09:35,168 - INFO -   Best: -7.979031
2025-12-17 12:09:35,168 - INFO -   Min: -7.979031
2025-12-17 12:09:35,168 - INFO -   Max: -3.357438
2025-12-17 12:09:35,168 - INFO -   Avg: -5.943802
2025-12-17 12:09:35,169 - INFO -   Std: 1.098148
2025-12-17 12:09:35,276 - INFO - Generation 60
2025-12-17 12:09:35,276 - INFO -   Best: -8.037876
2025-12-17 12:09:35,277 - INFO -   Min: -8.037876
2025-12-17 12:09:35,277 - INFO -   Max: -2.705606
2025-12-17 12:09:35,277 - INFO -   Avg: -6.104858
2025-12-17 12:09:35,277 - INFO -   Std: 1.096330
2025-12-17 12:09:35,385 - INFO - Generation 70
2025-12-17 12:09:35,385 - INFO -   Best: -8.181891
2025-12-17 12:09:35,385 - INFO -   Min: -8.181891
2025-12-17 12:09:35,385 - INFO -   Max: -2.706842
2025-12-17 12:09:35,385 - INFO -   Avg: -5.764681
2025-12-17 12:09:35,386 - INFO -   Std: 1.108273
2025-12-17 12:09:35,499 - INFO - Generation 80
2025-12-17 12:09:35,499 - INFO -   Best: -8.215563
2025-12-17 12:09:35,499 - INFO -   Min: -8.215563
2025-12-17 12:09:35,499 - INFO -   Max: -4.299784
2025-12-17 12:09:35,500 - INFO -   Avg: -6.862396
2025-12-17 12:09:35,500 - INFO -   Std: 0.887760
2025-12-17 12:09:35,611 - INFO - Generation 90
2025-12-17 12:09:35,611 - INFO -   Best: -8.357422
2025-12-17 12:09:35,611 - INFO -   Min: -8.357422
2025-12-17 12:09:35,611 - INFO -   Max: -3.572324
2025-12-17 12:09:35,611 - INFO -   Avg: -6.631851
2025-12-17 12:09:35,612 - INFO -   Std: 1.057455
2025-12-17 12:09:35,720 - INFO - Generation 100
2025-12-17 12:09:35,720 - INFO -   Best: -8.371464
2025-12-17 12:09:35,720 - INFO -   Min: -8.371464
2025-12-17 12:09:35,720 - INFO -   Max: -3.080109
2025-12-17 12:09:35,720 - INFO -   Avg: -6.191597
2025-12-17 12:09:35,721 - INFO -   Std: 1.088681
2025-12-17 12:09:35,832 - INFO - Generation 110
2025-12-17 12:09:35,833 - INFO -   Best: -8.407972
2025-12-17 12:09:35,833 - INFO -   Min: -8.407972
2025-12-17 12:09:35,833 - INFO -   Max: -3.196547
2025-12-17 12:09:35,833 - INFO -   Avg: -6.266157
2025-12-17 12:09:35,833 - INFO -   Std: 1.139194
2025-12-17 12:09:35,951 - INFO - Generation 120
2025-12-17 12:09:35,952 - INFO -   Best: -8.432783
2025-12-17 12:09:35,952 - INFO -   Min: -8.432783
2025-12-17 12:09:35,952 - INFO -   Max: -4.427267
2025-12-17 12:09:35,952 - INFO -   Avg: -6.768039
2025-12-17 12:09:35,952 - INFO -   Std: 1.008087
2025-12-17 12:09:36,074 - INFO - Generation 130
2025-12-17 12:09:36,074 - INFO -   Best: -8.444404
2025-12-17 12:09:36,075 - INFO -   Min: -8.444404
2025-12-17 12:09:36,075 - INFO -   Max: -3.838495
2025-12-17 12:09:36,075 - INFO -   Avg: -6.230989
2025-12-17 12:09:36,075 - INFO -   Std: 1.013577
2025-12-17 12:09:36,188 - INFO - Generation 140
2025-12-17 12:09:36,188 - INFO -   Best: -8.453408
2025-12-17 12:09:36,189 - INFO -   Min: -8.453408
2025-12-17 12:09:36,189 - INFO -   Max: -2.526198
2025-12-17 12:09:36,189 - INFO -   Avg: -6.079300
2025-12-17 12:09:36,189 - INFO -   Std: 1.138854
2025-12-17 12:09:36,301 - INFO - Generation 150
2025-12-17 12:09:36,302 - INFO -   Best: -8.464330
2025-12-17 12:09:36,302 - INFO -   Min: -8.464330
2025-12-17 12:09:36,302 - INFO -   Max: -3.453053
2025-12-17 12:09:36,302 - INFO -   Avg: -6.314277
2025-12-17 12:09:36,302 - INFO -   Std: 0.912558
2025-12-17 12:09:36,416 - INFO - Generation 160
2025-12-17 12:09:36,416 - INFO -   Best: -8.464330
2025-12-17 12:09:36,416 - INFO -   Min: -8.464330
2025-12-17 12:09:36,417 - INFO -   Max: -3.402951
2025-12-17 12:09:36,417 - INFO -   Avg: -6.377652
2025-12-17 12:09:36,417 - INFO -   Std: 1.129320
2025-12-17 12:09:36,533 - INFO - Generation 170
2025-12-17 12:09:36,533 - INFO -   Best: -8.470400
2025-12-17 12:09:36,533 - INFO -   Min: -8.470400
2025-12-17 12:09:36,533 - INFO -   Max: -3.528991
2025-12-17 12:09:36,534 - INFO -   Avg: -6.796390
2025-12-17 12:09:36,534 - INFO -   Std: 1.094912
2025-12-17 12:09:36,646 - INFO - Generation 180
2025-12-17 12:09:36,647 - INFO -   Best: -8.470400
2025-12-17 12:09:36,647 - INFO -   Min: -8.470400
2025-12-17 12:09:36,647 - INFO -   Max: -3.878233
2025-12-17 12:09:36,647 - INFO -   Avg: -6.201947
2025-12-17 12:09:36,647 - INFO -   Std: 1.105228
2025-12-17 12:09:36,775 - INFO - Generation 190
2025-12-17 12:09:36,775 - INFO -   Best: -8.470400
2025-12-17 12:09:36,776 - INFO -   Min: -8.470400
2025-12-17 12:09:36,776 - INFO -   Max: -4.038176
2025-12-17 12:09:36,776 - INFO -   Avg: -7.045844
2025-12-17 12:09:36,776 - INFO -   Std: 1.074400
2025-12-17 12:09:36,905 - INFO - Generation 200
2025-12-17 12:09:36,905 - INFO -   Best: -8.470400
2025-12-17 12:09:36,905 - INFO -   Min: -8.470400
2025-12-17 12:09:36,905 - INFO -   Max: -4.835369
2025-12-17 12:09:36,906 - INFO -   Avg: -7.139966
2025-12-17 12:09:36,906 - INFO -   Std: 0.979207
2025-12-17 12:09:36,915 - INFO - 
Final best fitness: -8.4704003834
2025-12-17 12:09:36,915 - INFO - Execution time: 2.27s
