2025-12-17 11:34:50,404 - INFO - Representation: Real
2025-12-17 11:34:50,404 - INFO - Number of genes: 5
2025-12-17 11:34:50,404 - INFO - Bounds: [0, 3.141592653589793]
2025-12-17 11:34:50,404 - INFO - Function: michalewicz
2025-12-17 11:34:50,404 - INFO - Population size: 100
2025-12-17 11:34:50,405 - INFO - Generations: 200
2025-12-17 11:34:50,405 - INFO - Selection: tournament
2025-12-17 11:34:50,405 - INFO - Crossover: single_point
2025-12-17 11:34:50,405 - INFO - Mutation: random
2025-12-17 11:34:50,405 - INFO - 
2025-12-17 11:34:50,455 - INFO - Generation 10
2025-12-17 11:34:50,455 - INFO -   Best: -4.147791
2025-12-17 11:34:50,456 - INFO -   Min: -4.147791
2025-12-17 11:34:50,456 - INFO -   Max: 0.572686
2025-12-17 11:34:50,456 - INFO -   Avg: -3.078836
2025-12-17 11:34:50,456 - INFO -   Std: 0.717487
2025-12-17 11:34:50,497 - INFO - Generation 20
2025-12-17 11:34:50,497 - INFO -   Best: -4.583045
2025-12-17 11:34:50,498 - INFO -   Min: -4.583045
2025-12-17 11:34:50,498 - INFO -   Max: -1.822342
2025-12-17 11:34:50,498 - INFO -   Avg: -3.851247
2025-12-17 11:34:50,498 - INFO -   Std: 0.649228
2025-12-17 11:34:50,540 - INFO - Generation 30
2025-12-17 11:34:50,540 - INFO -   Best: -4.583045
2025-12-17 11:34:50,541 - INFO -   Min: -4.583045
2025-12-17 11:34:50,541 - INFO -   Max: -2.267893
2025-12-17 11:34:50,541 - INFO -   Avg: -4.000503
2025-12-17 11:34:50,541 - INFO -   Std: 0.655762
2025-12-17 11:34:50,582 - INFO - Generation 40
2025-12-17 11:34:50,582 - INFO -   Best: -4.616044
2025-12-17 11:34:50,582 - INFO -   Min: -4.616044
2025-12-17 11:34:50,583 - INFO -   Max: -2.675571
2025-12-17 11:34:50,583 - INFO -   Avg: -4.142333
2025-12-17 11:34:50,583 - INFO -   Std: 0.617351
2025-12-17 11:34:50,623 - INFO - Generation 50
2025-12-17 11:34:50,623 - INFO -   Best: -4.642470
2025-12-17 11:34:50,623 - INFO -   Min: -4.642470
2025-12-17 11:34:50,624 - INFO -   Max: -1.697840
2025-12-17 11:34:50,624 - INFO -   Avg: -4.050846
2025-12-17 11:34:50,624 - INFO -   Std: 0.717472
2025-12-17 11:34:50,666 - INFO - Generation 60
2025-12-17 11:34:50,666 - INFO -   Best: -4.651572
2025-12-17 11:34:50,666 - INFO -   Min: -4.651572
2025-12-17 11:34:50,667 - INFO -   Max: -1.944087
2025-12-17 11:34:50,667 - INFO -   Avg: -4.211190
2025-12-17 11:34:50,667 - INFO -   Std: 0.645003
2025-12-17 11:34:50,707 - INFO - Generation 70
2025-12-17 11:34:50,707 - INFO -   Best: -4.651572
2025-12-17 11:34:50,707 - INFO -   Min: -4.651572
2025-12-17 11:34:50,707 - INFO -   Max: -2.342949
2025-12-17 11:34:50,707 - INFO -   Avg: -4.252915
2025-12-17 11:34:50,707 - INFO -   Std: 0.623476
2025-12-17 11:34:50,747 - INFO - Generation 80
2025-12-17 11:34:50,747 - INFO -   Best: -4.651572
2025-12-17 11:34:50,747 - INFO -   Min: -4.651572
2025-12-17 11:34:50,747 - INFO -   Max: -1.792545
2025-12-17 11:34:50,748 - INFO -   Avg: -4.200406
2025-12-17 11:34:50,748 - INFO -   Std: 0.654972
2025-12-17 11:34:50,788 - INFO - Generation 90
2025-12-17 11:34:50,789 - INFO -   Best: -4.651780
2025-12-17 11:34:50,789 - INFO -   Min: -4.651780
2025-12-17 11:34:50,789 - INFO -   Max: -2.681143
2025-12-17 11:34:50,789 - INFO -   Avg: -4.274540
2025-12-17 11:34:50,789 - INFO -   Std: 0.589549
2025-12-17 11:34:50,829 - INFO - Generation 100
2025-12-17 11:34:50,830 - INFO -   Best: -4.655735
2025-12-17 11:34:50,830 - INFO -   Min: -4.655735
2025-12-17 11:34:50,830 - INFO -   Max: -1.576237
2025-12-17 11:34:50,830 - INFO -   Avg: -4.133600
2025-12-17 11:34:50,830 - INFO -   Std: 0.767233
2025-12-17 11:34:50,873 - INFO - Generation 110
2025-12-17 11:34:50,873 - INFO -   Best: -4.659707
2025-12-17 11:34:50,873 - INFO -   Min: -4.659707
2025-12-17 11:34:50,873 - INFO -   Max: -1.017283
2025-12-17 11:34:50,873 - INFO -   Avg: -4.129447
2025-12-17 11:34:50,874 - INFO -   Std: 0.760538
2025-12-17 11:34:50,913 - INFO - Generation 120
2025-12-17 11:34:50,914 - INFO -   Best: -4.659707
2025-12-17 11:34:50,914 - INFO -   Min: -4.659707
2025-12-17 11:34:50,914 - INFO -   Max: -1.974994
2025-12-17 11:34:50,914 - INFO -   Avg: -4.103494
2025-12-17 11:34:50,914 - INFO -   Std: 0.662988
2025-12-17 11:34:50,956 - INFO - Generation 130
2025-12-17 11:34:50,956 - INFO -   Best: -4.659707
2025-12-17 11:34:50,956 - INFO -   Min: -4.659707
2025-12-17 11:34:50,956 - INFO -   Max: -1.595932
2025-12-17 11:34:50,956 - INFO -   Avg: -4.211509
2025-12-17 11:34:50,957 - INFO -   Std: 0.615224
2025-12-17 11:34:50,997 - INFO - Generation 140
2025-12-17 11:34:50,997 - INFO -   Best: -4.659707
2025-12-17 11:34:50,997 - INFO -   Min: -4.659707
2025-12-17 11:34:50,997 - INFO -   Max: -1.744027
2025-12-17 11:34:50,997 - INFO -   Avg: -4.127688
2025-12-17 11:34:50,998 - INFO -   Std: 0.677251
2025-12-17 11:34:51,038 - INFO - Generation 150
2025-12-17 11:34:51,038 - INFO -   Best: -4.659707
2025-12-17 11:34:51,038 - INFO -   Min: -4.659707
2025-12-17 11:34:51,038 - INFO -   Max: -1.685083
2025-12-17 11:34:51,038 - INFO -   Avg: -4.184078
2025-12-17 11:34:51,039 - INFO -   Std: 0.688032
2025-12-17 11:34:51,080 - INFO - Generation 160
2025-12-17 11:34:51,080 - INFO -   Best: -4.659707
2025-12-17 11:34:51,080 - INFO -   Min: -4.659707
2025-12-17 11:34:51,080 - INFO -   Max: -0.870116
2025-12-17 11:34:51,081 - INFO -   Avg: -4.122813
2025-12-17 11:34:51,081 - INFO -   Std: 0.801194
2025-12-17 11:34:51,121 - INFO - Generation 170
2025-12-17 11:34:51,122 - INFO -   Best: -4.659707
2025-12-17 11:34:51,122 - INFO -   Min: -4.659707
2025-12-17 11:34:51,122 - INFO -   Max: -0.770003
2025-12-17 11:34:51,122 - INFO -   Avg: -4.139297
2025-12-17 11:34:51,122 - INFO -   Std: 0.830271
2025-12-17 11:34:51,161 - INFO - Generation 180
2025-12-17 11:34:51,162 - INFO -   Best: -4.659707
2025-12-17 11:34:51,162 - INFO -   Min: -4.659707
2025-12-17 11:34:51,162 - INFO -   Max: -2.096001
2025-12-17 11:34:51,162 - INFO -   Avg: -4.090820
2025-12-17 11:34:51,162 - INFO -   Std: 0.685605
2025-12-17 11:34:51,202 - INFO - Generation 190
2025-12-17 11:34:51,203 - INFO -   Best: -4.659707
2025-12-17 11:34:51,203 - INFO -   Min: -4.659707
2025-12-17 11:34:51,203 - INFO -   Max: -1.735212
2025-12-17 11:34:51,203 - INFO -   Avg: -4.117181
2025-12-17 11:34:51,203 - INFO -   Std: 0.721481
2025-12-17 11:34:51,244 - INFO - Generation 200
2025-12-17 11:34:51,244 - INFO -   Best: -4.659707
2025-12-17 11:34:51,244 - INFO -   Min: -4.659707
2025-12-17 11:34:51,245 - INFO -   Max: -1.896768
2025-12-17 11:34:51,245 - INFO -   Avg: -4.187124
2025-12-17 11:34:51,245 - INFO -   Std: 0.688265
2025-12-17 11:34:51,248 - INFO - 
Final best fitness: -4.6597068172
2025-12-17 11:34:51,248 - INFO - Execution time: 0.83s
2025-12-17 11:35:17,792 - INFO - Representation: Real
2025-12-17 11:35:17,792 - INFO - Number of genes: 10
2025-12-17 11:35:17,792 - INFO - Bounds: [0, 3.141592653589793]
2025-12-17 11:35:17,792 - INFO - Function: michalewicz
2025-12-17 11:35:17,792 - INFO - Population size: 100
2025-12-17 11:35:17,792 - INFO - Generations: 200
2025-12-17 11:35:17,792 - INFO - Selection: tournament
2025-12-17 11:35:17,793 - INFO - Crossover: single_point
2025-12-17 11:35:17,793 - INFO - Mutation: random
2025-12-17 11:35:17,793 - INFO - 
2025-12-17 11:35:17,867 - INFO - Generation 10
2025-12-17 11:35:17,868 - INFO -   Best: -6.447440
2025-12-17 11:35:17,868 - INFO -   Min: -6.447440
2025-12-17 11:35:17,868 - INFO -   Max: -1.824081
2025-12-17 11:35:17,868 - INFO -   Avg: -4.914804
2025-12-17 11:35:17,869 - INFO -   Std: 0.850723
2025-12-17 11:35:17,933 - INFO - Generation 20
2025-12-17 11:35:17,934 - INFO -   Best: -7.217183
2025-12-17 11:35:17,934 - INFO -   Min: -7.217183
2025-12-17 11:35:17,934 - INFO -   Max: -3.116782
2025-12-17 11:35:17,934 - INFO -   Avg: -5.848805
2025-12-17 11:35:17,934 - INFO -   Std: 0.871080
2025-12-17 11:35:17,997 - INFO - Generation 30
2025-12-17 11:35:17,997 - INFO -   Best: -7.620886
2025-12-17 11:35:17,997 - INFO -   Min: -7.620886
2025-12-17 11:35:17,998 - INFO -   Max: -3.788991
2025-12-17 11:35:17,998 - INFO -   Avg: -6.257776
2025-12-17 11:35:17,998 - INFO -   Std: 0.911301
2025-12-17 11:35:18,060 - INFO - Generation 40
2025-12-17 11:35:18,060 - INFO -   Best: -7.880385
2025-12-17 11:35:18,061 - INFO -   Min: -7.880385
2025-12-17 11:35:18,061 - INFO -   Max: -3.508837
2025-12-17 11:35:18,061 - INFO -   Avg: -6.711727
2025-12-17 11:35:18,061 - INFO -   Std: 1.018583
2025-12-17 11:35:18,125 - INFO - Generation 50
2025-12-17 11:35:18,126 - INFO -   Best: -8.298710
2025-12-17 11:35:18,126 - INFO -   Min: -8.298710
2025-12-17 11:35:18,126 - INFO -   Max: -2.764909
2025-12-17 11:35:18,126 - INFO -   Avg: -6.946800
2025-12-17 11:35:18,126 - INFO -   Std: 1.109724
2025-12-17 11:35:18,188 - INFO - Generation 60
2025-12-17 11:35:18,188 - INFO -   Best: -8.591635
2025-12-17 11:35:18,188 - INFO -   Min: -8.591635
2025-12-17 11:35:18,189 - INFO -   Max: -4.684442
2025-12-17 11:35:18,189 - INFO -   Avg: -7.176512
2025-12-17 11:35:18,189 - INFO -   Std: 0.958748
2025-12-17 11:35:18,247 - INFO - Generation 70
2025-12-17 11:35:18,247 - INFO -   Best: -8.617688
2025-12-17 11:35:18,247 - INFO -   Min: -8.617688
2025-12-17 11:35:18,248 - INFO -   Max: -4.954005
2025-12-17 11:35:18,248 - INFO -   Avg: -7.229440
2025-12-17 11:35:18,248 - INFO -   Std: 0.920042
2025-12-17 11:35:18,307 - INFO - Generation 80
2025-12-17 11:35:18,307 - INFO -   Best: -8.731877
2025-12-17 11:35:18,307 - INFO -   Min: -8.731877
2025-12-17 11:35:18,307 - INFO -   Max: -4.685754
2025-12-17 11:35:18,307 - INFO -   Avg: -7.246670
2025-12-17 11:35:18,308 - INFO -   Std: 1.006124
2025-12-17 11:35:18,371 - INFO - Generation 90
2025-12-17 11:35:18,371 - INFO -   Best: -8.974527
2025-12-17 11:35:18,371 - INFO -   Min: -8.974527
2025-12-17 11:35:18,372 - INFO -   Max: -5.237901
2025-12-17 11:35:18,372 - INFO -   Avg: -7.728457
2025-12-17 11:35:18,372 - INFO -   Std: 0.943792
2025-12-17 11:35:18,438 - INFO - Generation 100
2025-12-17 11:35:18,439 - INFO -   Best: -9.169781
2025-12-17 11:35:18,439 - INFO -   Min: -9.169781
2025-12-17 11:35:18,439 - INFO -   Max: -3.741728
2025-12-17 11:35:18,439 - INFO -   Avg: -7.625144
2025-12-17 11:35:18,440 - INFO -   Std: 1.074655
2025-12-17 11:35:18,504 - INFO - Generation 110
2025-12-17 11:35:18,504 - INFO -   Best: -9.174137
2025-12-17 11:35:18,504 - INFO -   Min: -9.174137
2025-12-17 11:35:18,505 - INFO -   Max: -4.341594
2025-12-17 11:35:18,505 - INFO -   Avg: -7.709356
2025-12-17 11:35:18,505 - INFO -   Std: 1.097581
2025-12-17 11:35:18,569 - INFO - Generation 120
2025-12-17 11:35:18,570 - INFO -   Best: -9.233858
2025-12-17 11:35:18,570 - INFO -   Min: -9.233858
2025-12-17 11:35:18,570 - INFO -   Max: -4.358691
2025-12-17 11:35:18,570 - INFO -   Avg: -7.674717
2025-12-17 11:35:18,571 - INFO -   Std: 1.112189
2025-12-17 11:35:18,632 - INFO - Generation 130
2025-12-17 11:35:18,632 - INFO -   Best: -9.233858
2025-12-17 11:35:18,633 - INFO -   Min: -9.233858
2025-12-17 11:35:18,633 - INFO -   Max: -4.283419
2025-12-17 11:35:18,633 - INFO -   Avg: -7.974713
2025-12-17 11:35:18,633 - INFO -   Std: 0.992983
2025-12-17 11:35:18,692 - INFO - Generation 140
2025-12-17 11:35:18,693 - INFO -   Best: -9.233858
2025-12-17 11:35:18,693 - INFO -   Min: -9.233858
2025-12-17 11:35:18,693 - INFO -   Max: -4.514813
2025-12-17 11:35:18,693 - INFO -   Avg: -7.843484
2025-12-17 11:35:18,693 - INFO -   Std: 1.120471
2025-12-17 11:35:18,752 - INFO - Generation 150
2025-12-17 11:35:18,752 - INFO -   Best: -9.233858
2025-12-17 11:35:18,752 - INFO -   Min: -9.233858
2025-12-17 11:35:18,753 - INFO -   Max: -4.870983
2025-12-17 11:35:18,753 - INFO -   Avg: -8.124813
2025-12-17 11:35:18,753 - INFO -   Std: 1.077234
2025-12-17 11:35:18,815 - INFO - Generation 160
2025-12-17 11:35:18,815 - INFO -   Best: -9.233858
2025-12-17 11:35:18,815 - INFO -   Min: -9.233858
2025-12-17 11:35:18,815 - INFO -   Max: -5.389638
2025-12-17 11:35:18,815 - INFO -   Avg: -7.860539
2025-12-17 11:35:18,816 - INFO -   Std: 0.916606
2025-12-17 11:35:18,877 - INFO - Generation 170
2025-12-17 11:35:18,878 - INFO -   Best: -9.233858
2025-12-17 11:35:18,878 - INFO -   Min: -9.233858
2025-12-17 11:35:18,878 - INFO -   Max: -3.892339
2025-12-17 11:35:18,879 - INFO -   Avg: -7.659976
2025-12-17 11:35:18,879 - INFO -   Std: 1.013744
2025-12-17 11:35:18,939 - INFO - Generation 180
2025-12-17 11:35:18,940 - INFO -   Best: -9.233858
2025-12-17 11:35:18,940 - INFO -   Min: -9.233858
2025-12-17 11:35:18,940 - INFO -   Max: -4.748270
2025-12-17 11:35:18,940 - INFO -   Avg: -8.009861
2025-12-17 11:35:18,940 - INFO -   Std: 1.002159
2025-12-17 11:35:19,000 - INFO - Generation 190
2025-12-17 11:35:19,001 - INFO -   Best: -9.233858
2025-12-17 11:35:19,001 - INFO -   Min: -9.233858
2025-12-17 11:35:19,001 - INFO -   Max: -4.532204
2025-12-17 11:35:19,001 - INFO -   Avg: -7.692849
2025-12-17 11:35:19,001 - INFO -   Std: 0.955084
2025-12-17 11:35:19,061 - INFO - Generation 200
2025-12-17 11:35:19,061 - INFO -   Best: -9.332888
2025-12-17 11:35:19,061 - INFO -   Min: -9.332888
2025-12-17 11:35:19,061 - INFO -   Max: -3.816787
2025-12-17 11:35:19,062 - INFO -   Avg: -7.874487
2025-12-17 11:35:19,062 - INFO -   Std: 1.027484
2025-12-17 11:35:19,065 - INFO - 
Final best fitness: -9.3328880053
2025-12-17 11:35:19,065 - INFO - Execution time: 1.26s
2025-12-17 11:36:46,616 - INFO - Representation: Real
2025-12-17 11:36:46,616 - INFO - Number of genes: 5
2025-12-17 11:36:46,616 - INFO - Bounds: [0, 3.141592653589793]
2025-12-17 11:36:46,617 - INFO - Function: michalewicz
2025-12-17 11:36:46,617 - INFO - Population size: 100
2025-12-17 11:36:46,617 - INFO - Generations: 200
2025-12-17 11:36:46,617 - INFO - Selection: tournament
2025-12-17 11:36:46,617 - INFO - Crossover: single_point
2025-12-17 11:36:46,617 - INFO - Mutation: random
2025-12-17 11:36:46,617 - INFO - 
2025-12-17 11:36:46,671 - INFO - Generation 10
2025-12-17 11:36:46,671 - INFO -   Best: -4.494921
2025-12-17 11:36:46,671 - INFO -   Min: -4.494921
2025-12-17 11:36:46,671 - INFO -   Max: -2.101956
2025-12-17 11:36:46,671 - INFO -   Avg: -3.469235
2025-12-17 11:36:46,672 - INFO -   Std: 0.551729
2025-12-17 11:36:46,713 - INFO - Generation 20
2025-12-17 11:36:46,713 - INFO -   Best: -4.641657
2025-12-17 11:36:46,713 - INFO -   Min: -4.641657
2025-12-17 11:36:46,714 - INFO -   Max: -1.612414
2025-12-17 11:36:46,714 - INFO -   Avg: -4.043874
2025-12-17 11:36:46,714 - INFO -   Std: 0.651472
2025-12-17 11:36:46,755 - INFO - Generation 30
2025-12-17 11:36:46,755 - INFO -   Best: -4.683424
2025-12-17 11:36:46,755 - INFO -   Min: -4.683424
2025-12-17 11:36:46,756 - INFO -   Max: -1.876903
2025-12-17 11:36:46,756 - INFO -   Avg: -4.146280
2025-12-17 11:36:46,756 - INFO -   Std: 0.613145
2025-12-17 11:36:46,797 - INFO - Generation 40
2025-12-17 11:36:46,797 - INFO -   Best: -4.720240
2025-12-17 11:36:46,797 - INFO -   Min: -4.720240
2025-12-17 11:36:46,798 - INFO -   Max: -2.196740
2025-12-17 11:36:46,798 - INFO -   Avg: -4.235826
2025-12-17 11:36:46,798 - INFO -   Std: 0.679362
2025-12-17 11:36:46,840 - INFO - Generation 50
2025-12-17 11:36:46,840 - INFO -   Best: -4.732043
2025-12-17 11:36:46,840 - INFO -   Min: -4.732043
2025-12-17 11:36:46,840 - INFO -   Max: -2.027740
2025-12-17 11:36:46,840 - INFO -   Avg: -4.193760
2025-12-17 11:36:46,841 - INFO -   Std: 0.668215
2025-12-17 11:36:46,882 - INFO - Generation 60
2025-12-17 11:36:46,882 - INFO -   Best: -4.732043
2025-12-17 11:36:46,883 - INFO -   Min: -4.732043
2025-12-17 11:36:46,883 - INFO -   Max: -1.825494
2025-12-17 11:36:46,883 - INFO -   Avg: -4.062511
2025-12-17 11:36:46,883 - INFO -   Std: 0.758663
2025-12-17 11:36:46,926 - INFO - Generation 70
2025-12-17 11:36:46,926 - INFO -   Best: -4.732043
2025-12-17 11:36:46,926 - INFO -   Min: -4.732043
2025-12-17 11:36:46,926 - INFO -   Max: -2.022637
2025-12-17 11:36:46,926 - INFO -   Avg: -4.310720
2025-12-17 11:36:46,926 - INFO -   Std: 0.577185
2025-12-17 11:36:46,966 - INFO - Generation 80
2025-12-17 11:36:46,968 - INFO -   Best: -4.732043
2025-12-17 11:36:46,968 - INFO -   Min: -4.732043
2025-12-17 11:36:46,968 - INFO -   Max: -1.713989
2025-12-17 11:36:46,968 - INFO -   Avg: -4.252233
2025-12-17 11:36:46,968 - INFO -   Std: 0.698740
2025-12-17 11:36:47,009 - INFO - Generation 90
2025-12-17 11:36:47,009 - INFO -   Best: -4.732043
2025-12-17 11:36:47,009 - INFO -   Min: -4.732043
2025-12-17 11:36:47,010 - INFO -   Max: -1.698830
2025-12-17 11:36:47,010 - INFO -   Avg: -4.230740
2025-12-17 11:36:47,010 - INFO -   Std: 0.644889
2025-12-17 11:36:47,051 - INFO - Generation 100
2025-12-17 11:36:47,051 - INFO -   Best: -4.732043
2025-12-17 11:36:47,051 - INFO -   Min: -4.732043
2025-12-17 11:36:47,052 - INFO -   Max: -1.965969
2025-12-17 11:36:47,052 - INFO -   Avg: -4.171454
2025-12-17 11:36:47,052 - INFO -   Std: 0.654107
2025-12-17 11:36:47,092 - INFO - Generation 110
2025-12-17 11:36:47,093 - INFO -   Best: -4.732043
2025-12-17 11:36:47,093 - INFO -   Min: -4.732043
2025-12-17 11:36:47,093 - INFO -   Max: -1.051923
2025-12-17 11:36:47,093 - INFO -   Avg: -4.167671
2025-12-17 11:36:47,093 - INFO -   Std: 0.740396
2025-12-17 11:36:47,133 - INFO - Generation 120
2025-12-17 11:36:47,133 - INFO -   Best: -4.732043
2025-12-17 11:36:47,134 - INFO -   Min: -4.732043
2025-12-17 11:36:47,134 - INFO -   Max: -1.871430
2025-12-17 11:36:47,134 - INFO -   Avg: -4.180319
2025-12-17 11:36:47,134 - INFO -   Std: 0.704183
2025-12-17 11:36:47,176 - INFO - Generation 130
2025-12-17 11:36:47,177 - INFO -   Best: -4.732043
2025-12-17 11:36:47,177 - INFO -   Min: -4.732043
2025-12-17 11:36:47,177 - INFO -   Max: -1.894425
2025-12-17 11:36:47,177 - INFO -   Avg: -4.170140
2025-12-17 11:36:47,177 - INFO -   Std: 0.670885
2025-12-17 11:36:47,219 - INFO - Generation 140
2025-12-17 11:36:47,220 - INFO -   Best: -4.732043
2025-12-17 11:36:47,220 - INFO -   Min: -4.732043
2025-12-17 11:36:47,220 - INFO -   Max: -1.905792
2025-12-17 11:36:47,220 - INFO -   Avg: -4.127003
2025-12-17 11:36:47,220 - INFO -   Std: 0.720774
2025-12-17 11:36:47,262 - INFO - Generation 150
2025-12-17 11:36:47,262 - INFO -   Best: -4.732043
2025-12-17 11:36:47,263 - INFO -   Min: -4.732043
2025-12-17 11:36:47,263 - INFO -   Max: -0.804228
2025-12-17 11:36:47,263 - INFO -   Avg: -4.232395
2025-12-17 11:36:47,263 - INFO -   Std: 0.661130
2025-12-17 11:36:47,302 - INFO - Generation 160
2025-12-17 11:36:47,303 - INFO -   Best: -4.732043
2025-12-17 11:36:47,303 - INFO -   Min: -4.732043
2025-12-17 11:36:47,303 - INFO -   Max: -2.538251
2025-12-17 11:36:47,303 - INFO -   Avg: -4.225738
2025-12-17 11:36:47,303 - INFO -   Std: 0.624981
2025-12-17 11:36:47,343 - INFO - Generation 170
2025-12-17 11:36:47,343 - INFO -   Best: -4.732043
2025-12-17 11:36:47,343 - INFO -   Min: -4.732043
2025-12-17 11:36:47,344 - INFO -   Max: -1.782935
2025-12-17 11:36:47,344 - INFO -   Avg: -4.119825
2025-12-17 11:36:47,344 - INFO -   Std: 0.779702
2025-12-17 11:36:47,385 - INFO - Generation 180
2025-12-17 11:36:47,385 - INFO -   Best: -4.732043
2025-12-17 11:36:47,385 - INFO -   Min: -4.732043
2025-12-17 11:36:47,385 - INFO -   Max: -0.492370
2025-12-17 11:36:47,385 - INFO -   Avg: -4.289824
2025-12-17 11:36:47,386 - INFO -   Std: 0.738117
2025-12-17 11:36:47,428 - INFO - Generation 190
2025-12-17 11:36:47,428 - INFO -   Best: -4.732043
2025-12-17 11:36:47,428 - INFO -   Min: -4.732043
2025-12-17 11:36:47,428 - INFO -   Max: -0.931853
2025-12-17 11:36:47,429 - INFO -   Avg: -4.256389
2025-12-17 11:36:47,429 - INFO -   Std: 0.739908
2025-12-17 11:36:47,470 - INFO - Generation 200
2025-12-17 11:36:47,470 - INFO -   Best: -4.732043
2025-12-17 11:36:47,470 - INFO -   Min: -4.732043
2025-12-17 11:36:47,470 - INFO -   Max: -1.947498
2025-12-17 11:36:47,471 - INFO -   Avg: -4.164615
2025-12-17 11:36:47,471 - INFO -   Std: 0.640862
2025-12-17 11:36:47,473 - INFO - 
Final best fitness: -4.7320434565
2025-12-17 11:36:47,473 - INFO - Execution time: 0.85s
2025-12-17 12:03:09,254 - INFO - Representation: Binary
2025-12-17 12:03:09,254 - INFO - Bits per variable: 12
2025-12-17 12:03:09,254 - INFO - Total genes: 60
2025-12-17 12:03:09,254 - INFO - Function: michalewicz
2025-12-17 12:03:09,254 - INFO - Population size: 100
2025-12-17 12:03:09,254 - INFO - Generations: 200
2025-12-17 12:03:09,255 - INFO - Selection: tournament
2025-12-17 12:03:09,255 - INFO - Crossover: single_point
2025-12-17 12:03:09,255 - INFO - Mutation: random
2025-12-17 12:03:09,255 - INFO - 
2025-12-17 12:03:09,554 - INFO - Generation 10
2025-12-17 12:03:09,554 - INFO -   Best: -4.124332
2025-12-17 12:03:09,555 - INFO -   Min: -4.124332
2025-12-17 12:03:09,555 - INFO -   Max: -0.318191
2025-12-17 12:03:09,555 - INFO -   Avg: -2.136634
2025-12-17 12:03:09,555 - INFO -   Std: 0.868120
2025-12-17 12:03:09,755 - INFO - Generation 20
2025-12-17 12:03:09,756 - INFO -   Best: -4.373026
2025-12-17 12:03:09,756 - INFO -   Min: -4.373026
2025-12-17 12:03:09,756 - INFO -   Max: 0.629015
2025-12-17 12:03:09,756 - INFO -   Avg: -2.285473
2025-12-17 12:03:09,756 - INFO -   Std: 0.897369
2025-12-17 12:03:09,954 - INFO - Generation 30
2025-12-17 12:03:09,954 - INFO -   Best: -4.436492
2025-12-17 12:03:09,954 - INFO -   Min: -4.436492
2025-12-17 12:03:09,955 - INFO -   Max: -0.659872
2025-12-17 12:03:09,955 - INFO -   Avg: -2.568664
2025-12-17 12:03:09,955 - INFO -   Std: 0.922160
2025-12-17 12:03:10,165 - INFO - Generation 40
2025-12-17 12:03:10,166 - INFO -   Best: -4.458017
2025-12-17 12:03:10,166 - INFO -   Min: -4.458017
2025-12-17 12:03:10,166 - INFO -   Max: -0.641807
2025-12-17 12:03:10,166 - INFO -   Avg: -2.270147
2025-12-17 12:03:10,166 - INFO -   Std: 0.752685
2025-12-17 12:03:10,380 - INFO - Generation 50
2025-12-17 12:03:10,380 - INFO -   Best: -4.458017
2025-12-17 12:03:10,380 - INFO -   Min: -4.458017
2025-12-17 12:03:10,381 - INFO -   Max: 0.142729
2025-12-17 12:03:10,381 - INFO -   Avg: -2.663209
2025-12-17 12:03:10,381 - INFO -   Std: 0.956258
2025-12-17 12:03:10,579 - INFO - Generation 60
2025-12-17 12:03:10,579 - INFO -   Best: -4.458017
2025-12-17 12:03:10,579 - INFO -   Min: -4.458017
2025-12-17 12:03:10,579 - INFO -   Max: -0.230077
2025-12-17 12:03:10,580 - INFO -   Avg: -2.221315
2025-12-17 12:03:10,580 - INFO -   Std: 0.980683
2025-12-17 12:03:10,780 - INFO - Generation 70
2025-12-17 12:03:10,780 - INFO -   Best: -4.458017
2025-12-17 12:03:10,780 - INFO -   Min: -4.458017
2025-12-17 12:03:10,781 - INFO -   Max: 0.030199
2025-12-17 12:03:10,781 - INFO -   Avg: -2.315831
2025-12-17 12:03:10,781 - INFO -   Std: 0.845596
2025-12-17 12:03:10,976 - INFO - Generation 80
2025-12-17 12:03:10,977 - INFO -   Best: -4.458017
2025-12-17 12:03:10,977 - INFO -   Min: -4.458017
2025-12-17 12:03:10,977 - INFO -   Max: 0.602662
2025-12-17 12:03:10,977 - INFO -   Avg: -2.028404
2025-12-17 12:03:10,977 - INFO -   Std: 0.988039
2025-12-17 12:03:11,174 - INFO - Generation 90
2025-12-17 12:03:11,174 - INFO -   Best: -4.458017
2025-12-17 12:03:11,175 - INFO -   Min: -4.458017
2025-12-17 12:03:11,175 - INFO -   Max: 0.712506
2025-12-17 12:03:11,175 - INFO -   Avg: -2.367170
2025-12-17 12:03:11,175 - INFO -   Std: 1.013123
2025-12-17 12:03:11,372 - INFO - Generation 100
2025-12-17 12:03:11,372 - INFO -   Best: -4.458017
2025-12-17 12:03:11,372 - INFO -   Min: -4.458017
2025-12-17 12:03:11,372 - INFO -   Max: 0.310661
2025-12-17 12:03:11,372 - INFO -   Avg: -2.517927
2025-12-17 12:03:11,373 - INFO -   Std: 1.049021
2025-12-17 12:03:11,569 - INFO - Generation 110
2025-12-17 12:03:11,569 - INFO -   Best: -4.458017
2025-12-17 12:03:11,569 - INFO -   Min: -4.458017
2025-12-17 12:03:11,569 - INFO -   Max: -0.000404
2025-12-17 12:03:11,570 - INFO -   Avg: -2.265911
2025-12-17 12:03:11,570 - INFO -   Std: 0.955218
2025-12-17 12:03:11,770 - INFO - Generation 120
2025-12-17 12:03:11,770 - INFO -   Best: -4.458017
2025-12-17 12:03:11,770 - INFO -   Min: -4.458017
2025-12-17 12:03:11,770 - INFO -   Max: 0.315914
2025-12-17 12:03:11,770 - INFO -   Avg: -2.331177
2025-12-17 12:03:11,771 - INFO -   Std: 0.898903
2025-12-17 12:03:11,969 - INFO - Generation 130
2025-12-17 12:03:11,969 - INFO -   Best: -4.458017
2025-12-17 12:03:11,969 - INFO -   Min: -4.458017
2025-12-17 12:03:11,970 - INFO -   Max: -0.542752
2025-12-17 12:03:11,970 - INFO -   Avg: -2.623060
2025-12-17 12:03:11,970 - INFO -   Std: 0.807350
2025-12-17 12:03:12,169 - INFO - Generation 140
2025-12-17 12:03:12,169 - INFO -   Best: -4.458017
2025-12-17 12:03:12,169 - INFO -   Min: -4.458017
2025-12-17 12:03:12,169 - INFO -   Max: -0.169701
2025-12-17 12:03:12,169 - INFO -   Avg: -2.259358
2025-12-17 12:03:12,169 - INFO -   Std: 0.872804
2025-12-17 12:03:12,371 - INFO - Generation 150
2025-12-17 12:03:12,372 - INFO -   Best: -4.458017
2025-12-17 12:03:12,372 - INFO -   Min: -4.458017
2025-12-17 12:03:12,372 - INFO -   Max: 0.067769
2025-12-17 12:03:12,372 - INFO -   Avg: -2.521661
2025-12-17 12:03:12,372 - INFO -   Std: 0.943345
2025-12-17 12:03:12,574 - INFO - Generation 160
2025-12-17 12:03:12,575 - INFO -   Best: -4.458017
2025-12-17 12:03:12,575 - INFO -   Min: -4.458017
2025-12-17 12:03:12,575 - INFO -   Max: 0.528263
2025-12-17 12:03:12,575 - INFO -   Avg: -2.096586
2025-12-17 12:03:12,575 - INFO -   Std: 0.928668
2025-12-17 12:03:12,774 - INFO - Generation 170
2025-12-17 12:03:12,774 - INFO -   Best: -4.458017
2025-12-17 12:03:12,775 - INFO -   Min: -4.458017
2025-12-17 12:03:12,775 - INFO -   Max: -0.425660
2025-12-17 12:03:12,775 - INFO -   Avg: -2.347940
2025-12-17 12:03:12,775 - INFO -   Std: 1.005023
2025-12-17 12:03:12,973 - INFO - Generation 180
2025-12-17 12:03:12,974 - INFO -   Best: -4.458017
2025-12-17 12:03:12,974 - INFO -   Min: -4.458017
2025-12-17 12:03:12,974 - INFO -   Max: -0.490151
2025-12-17 12:03:12,974 - INFO -   Avg: -2.673465
2025-12-17 12:03:12,974 - INFO -   Std: 0.925764
2025-12-17 12:03:13,176 - INFO - Generation 190
2025-12-17 12:03:13,176 - INFO -   Best: -4.458017
2025-12-17 12:03:13,176 - INFO -   Min: -4.458017
2025-12-17 12:03:13,177 - INFO -   Max: 0.429507
2025-12-17 12:03:13,177 - INFO -   Avg: -2.121193
2025-12-17 12:03:13,177 - INFO -   Std: 0.900084
2025-12-17 12:03:13,373 - INFO - Generation 200
2025-12-17 12:03:13,374 - INFO -   Best: -4.458017
2025-12-17 12:03:13,374 - INFO -   Min: -4.458017
2025-12-17 12:03:13,374 - INFO -   Max: 0.387162
2025-12-17 12:03:13,374 - INFO -   Avg: -2.259521
2025-12-17 12:03:13,374 - INFO -   Std: 0.928048
2025-12-17 12:03:13,380 - INFO - 
Final best fitness: -4.4580174203
2025-12-17 12:03:13,380 - INFO - Execution time: 4.02s
