2025-12-17 12:19:22,665 - INFO - Representation: Real
2025-12-17 12:19:22,665 - INFO - Number of genes: 30
2025-12-17 12:19:22,665 - INFO - Bounds: [-100, 100]
2025-12-17 12:19:22,666 - INFO - Function: f16_2014
2025-12-17 12:19:22,666 - INFO - Population size: 100
2025-12-17 12:19:22,666 - INFO - Generations: 200
2025-12-17 12:19:22,666 - INFO - Selection: rws
2025-12-17 12:19:22,667 - INFO - Crossover: two_points
2025-12-17 12:19:22,667 - INFO - Mutation: swap
2025-12-17 12:19:22,667 - INFO - 
2025-12-17 12:19:23,103 - INFO - Generation 10
2025-12-17 12:19:23,103 - INFO -   Best: 1613.805772
2025-12-17 12:19:23,103 - INFO -   Min: 1613.805772
2025-12-17 12:19:23,104 - INFO -   Max: 1615.695728
2025-12-17 12:19:23,104 - INFO -   Avg: 1614.926361
2025-12-17 12:19:23,105 - INFO -   Std: 0.313552
2025-12-17 12:19:23,480 - INFO - Generation 20
2025-12-17 12:19:23,481 - INFO -   Best: 1613.744868
2025-12-17 12:19:23,481 - INFO -   Min: 1613.744868
2025-12-17 12:19:23,481 - INFO -   Max: 1615.716458
2025-12-17 12:19:23,481 - INFO -   Avg: 1614.937096
2025-12-17 12:19:23,481 - INFO -   Std: 0.307824
2025-12-17 12:19:23,842 - INFO - Generation 30
2025-12-17 12:19:23,842 - INFO -   Best: 1613.744868
2025-12-17 12:19:23,842 - INFO -   Min: 1613.744868
2025-12-17 12:19:23,842 - INFO -   Max: 1615.744719
2025-12-17 12:19:23,842 - INFO -   Avg: 1614.970674
2025-12-17 12:19:23,843 - INFO -   Std: 0.321748
2025-12-17 12:19:24,201 - INFO - Generation 40
2025-12-17 12:19:24,202 - INFO -   Best: 1613.744868
2025-12-17 12:19:24,202 - INFO -   Min: 1613.744868
2025-12-17 12:19:24,202 - INFO -   Max: 1615.585678
2025-12-17 12:19:24,202 - INFO -   Avg: 1615.008142
2025-12-17 12:19:24,202 - INFO -   Std: 0.274680
2025-12-17 12:19:24,559 - INFO - Generation 50
2025-12-17 12:19:24,560 - INFO -   Best: 1613.744868
2025-12-17 12:19:24,560 - INFO -   Min: 1613.744868
2025-12-17 12:19:24,560 - INFO -   Max: 1616.356912
2025-12-17 12:19:24,560 - INFO -   Avg: 1615.012893
2025-12-17 12:19:24,560 - INFO -   Std: 0.357081
2025-12-17 12:19:24,917 - INFO - Generation 60
2025-12-17 12:19:24,917 - INFO -   Best: 1613.744868
2025-12-17 12:19:24,917 - INFO -   Min: 1613.744868
2025-12-17 12:19:24,918 - INFO -   Max: 1615.774061
2025-12-17 12:19:24,918 - INFO -   Avg: 1614.955916
2025-12-17 12:19:24,918 - INFO -   Std: 0.372366
2025-12-17 12:19:25,273 - INFO - Generation 70
2025-12-17 12:19:25,274 - INFO -   Best: 1613.466750
2025-12-17 12:19:25,274 - INFO -   Min: 1613.466750
2025-12-17 12:19:25,274 - INFO -   Max: 1616.186901
2025-12-17 12:19:25,274 - INFO -   Avg: 1614.959839
2025-12-17 12:19:25,275 - INFO -   Std: 0.430412
2025-12-17 12:19:25,632 - INFO - Generation 80
2025-12-17 12:19:25,633 - INFO -   Best: 1613.466750
2025-12-17 12:19:25,633 - INFO -   Min: 1613.466750
2025-12-17 12:19:25,633 - INFO -   Max: 1616.173937
2025-12-17 12:19:25,633 - INFO -   Avg: 1614.978370
2025-12-17 12:19:25,633 - INFO -   Std: 0.455452
2025-12-17 12:19:25,991 - INFO - Generation 90
2025-12-17 12:19:25,991 - INFO -   Best: 1613.466750
2025-12-17 12:19:25,991 - INFO -   Min: 1613.466750
2025-12-17 12:19:25,991 - INFO -   Max: 1616.034335
2025-12-17 12:19:25,992 - INFO -   Avg: 1614.986828
2025-12-17 12:19:25,992 - INFO -   Std: 0.443182
2025-12-17 12:19:26,346 - INFO - Generation 100
2025-12-17 12:19:26,346 - INFO -   Best: 1613.466750
2025-12-17 12:19:26,346 - INFO -   Min: 1613.466750
2025-12-17 12:19:26,346 - INFO -   Max: 1615.893394
2025-12-17 12:19:26,346 - INFO -   Avg: 1615.014964
2025-12-17 12:19:26,347 - INFO -   Std: 0.439820
2025-12-17 12:19:26,704 - INFO - Generation 110
2025-12-17 12:19:26,704 - INFO -   Best: 1613.466750
2025-12-17 12:19:26,705 - INFO -   Min: 1613.466750
2025-12-17 12:19:26,705 - INFO -   Max: 1615.749583
2025-12-17 12:19:26,705 - INFO -   Avg: 1614.913562
2025-12-17 12:19:26,705 - INFO -   Std: 0.389309
2025-12-17 12:19:27,064 - INFO - Generation 120
2025-12-17 12:19:27,065 - INFO -   Best: 1613.466750
2025-12-17 12:19:27,065 - INFO -   Min: 1613.466750
2025-12-17 12:19:27,065 - INFO -   Max: 1615.863596
2025-12-17 12:19:27,065 - INFO -   Avg: 1614.948165
2025-12-17 12:19:27,065 - INFO -   Std: 0.458925
2025-12-17 12:19:27,423 - INFO - Generation 130
2025-12-17 12:19:27,424 - INFO -   Best: 1613.466750
2025-12-17 12:19:27,424 - INFO -   Min: 1613.466750
2025-12-17 12:19:27,424 - INFO -   Max: 1615.959279
2025-12-17 12:19:27,424 - INFO -   Avg: 1614.957283
2025-12-17 12:19:27,424 - INFO -   Std: 0.450038
2025-12-17 12:19:27,783 - INFO - Generation 140
2025-12-17 12:19:27,783 - INFO -   Best: 1613.389006
2025-12-17 12:19:27,783 - INFO -   Min: 1613.389006
2025-12-17 12:19:27,784 - INFO -   Max: 1615.858845
2025-12-17 12:19:27,784 - INFO -   Avg: 1614.880286
2025-12-17 12:19:27,784 - INFO -   Std: 0.487808
2025-12-17 12:19:28,143 - INFO - Generation 150
2025-12-17 12:19:28,143 - INFO -   Best: 1613.077194
2025-12-17 12:19:28,143 - INFO -   Min: 1613.077194
2025-12-17 12:19:28,143 - INFO -   Max: 1616.227150
2025-12-17 12:19:28,143 - INFO -   Avg: 1614.820127
2025-12-17 12:19:28,143 - INFO -   Std: 0.480715
2025-12-17 12:19:28,500 - INFO - Generation 160
2025-12-17 12:19:28,500 - INFO -   Best: 1613.077194
2025-12-17 12:19:28,501 - INFO -   Min: 1613.077194
2025-12-17 12:19:28,501 - INFO -   Max: 1616.057618
2025-12-17 12:19:28,501 - INFO -   Avg: 1614.704827
2025-12-17 12:19:28,501 - INFO -   Std: 0.550440
2025-12-17 12:19:28,856 - INFO - Generation 170
2025-12-17 12:19:28,856 - INFO -   Best: 1613.077194
2025-12-17 12:19:28,857 - INFO -   Min: 1613.077194
2025-12-17 12:19:28,857 - INFO -   Max: 1615.937615
2025-12-17 12:19:28,857 - INFO -   Avg: 1614.616177
2025-12-17 12:19:28,857 - INFO -   Std: 0.542473
2025-12-17 12:19:29,218 - INFO - Generation 180
2025-12-17 12:19:29,218 - INFO -   Best: 1613.077194
2025-12-17 12:19:29,218 - INFO -   Min: 1613.077194
2025-12-17 12:19:29,218 - INFO -   Max: 1616.078135
2025-12-17 12:19:29,218 - INFO -   Avg: 1614.643959
2025-12-17 12:19:29,219 - INFO -   Std: 0.556650
2025-12-17 12:19:29,572 - INFO - Generation 190
2025-12-17 12:19:29,572 - INFO -   Best: 1612.960081
2025-12-17 12:19:29,573 - INFO -   Min: 1612.960081
2025-12-17 12:19:29,573 - INFO -   Max: 1615.936223
2025-12-17 12:19:29,573 - INFO -   Avg: 1614.500552
2025-12-17 12:19:29,573 - INFO -   Std: 0.547451
2025-12-17 12:19:29,919 - INFO - Generation 200
2025-12-17 12:19:29,919 - INFO -   Best: 1612.960081
2025-12-17 12:19:29,919 - INFO -   Min: 1612.960081
2025-12-17 12:19:29,919 - INFO -   Max: 1615.587718
2025-12-17 12:19:29,920 - INFO -   Avg: 1614.486342
2025-12-17 12:19:29,920 - INFO -   Std: 0.502341
2025-12-17 12:19:29,938 - INFO - 
Final best fitness: 1612.9600810718
2025-12-17 12:19:29,938 - INFO - Execution time: 7.21s
