2025-12-17 12:14:40,555 - INFO - Representation: Binary
2025-12-17 12:14:40,555 - INFO - Bits per variable: 12
2025-12-17 12:14:40,555 - INFO - Total genes: 240
2025-12-17 12:14:40,556 - INFO - Function: f16_2014
2025-12-17 12:14:40,556 - INFO - Population size: 100
2025-12-17 12:14:40,556 - INFO - Generations: 200
2025-12-17 12:14:40,556 - INFO - Selection: rws
2025-12-17 12:14:40,556 - INFO - Crossover: two_points
2025-12-17 12:14:40,556 - INFO - Mutation: swap
2025-12-17 12:14:40,556 - INFO - 
2025-12-17 12:14:41,375 - INFO - Generation 10
2025-12-17 12:14:41,375 - INFO -   Best: 1609.157796
2025-12-17 12:14:41,375 - INFO -   Min: 1609.157796
2025-12-17 12:14:41,375 - INFO -   Max: 1610.866510
2025-12-17 12:14:41,376 - INFO -   Avg: 1609.998218
2025-12-17 12:14:41,376 - INFO -   Std: 0.272201
2025-12-17 12:14:41,741 - INFO - Generation 20
2025-12-17 12:14:41,741 - INFO -   Best: 1608.780874
2025-12-17 12:14:41,742 - INFO -   Min: 1608.780874
2025-12-17 12:14:41,742 - INFO -   Max: 1611.045866
2025-12-17 12:14:41,742 - INFO -   Avg: 1610.018723
2025-12-17 12:14:41,742 - INFO -   Std: 0.345865
2025-12-17 12:14:42,101 - INFO - Generation 30
2025-12-17 12:14:42,101 - INFO -   Best: 1608.126859
2025-12-17 12:14:42,101 - INFO -   Min: 1608.126859
2025-12-17 12:14:42,102 - INFO -   Max: 1610.697168
2025-12-17 12:14:42,102 - INFO -   Avg: 1609.752932
2025-12-17 12:14:42,102 - INFO -   Std: 0.445344
2025-12-17 12:14:42,485 - INFO - Generation 40
2025-12-17 12:14:42,485 - INFO -   Best: 1608.126859
2025-12-17 12:14:42,485 - INFO -   Min: 1608.126859
2025-12-17 12:14:42,485 - INFO -   Max: 1610.841082
2025-12-17 12:14:42,485 - INFO -   Avg: 1610.026538
2025-12-17 12:14:42,486 - INFO -   Std: 0.445087
2025-12-17 12:14:42,849 - INFO - Generation 50
2025-12-17 12:14:42,849 - INFO -   Best: 1608.126859
2025-12-17 12:14:42,849 - INFO -   Min: 1608.126859
2025-12-17 12:14:42,849 - INFO -   Max: 1610.993682
2025-12-17 12:14:42,850 - INFO -   Avg: 1609.938911
2025-12-17 12:14:42,850 - INFO -   Std: 0.523116
2025-12-17 12:14:43,216 - INFO - Generation 60
2025-12-17 12:14:43,216 - INFO -   Best: 1608.126859
2025-12-17 12:14:43,217 - INFO -   Min: 1608.126859
2025-12-17 12:14:43,217 - INFO -   Max: 1610.624599
2025-12-17 12:14:43,217 - INFO -   Avg: 1609.803579
2025-12-17 12:14:43,217 - INFO -   Std: 0.454765
2025-12-17 12:14:43,586 - INFO - Generation 70
2025-12-17 12:14:43,587 - INFO -   Best: 1608.113929
2025-12-17 12:14:43,587 - INFO -   Min: 1608.113929
2025-12-17 12:14:43,587 - INFO -   Max: 1611.439982
2025-12-17 12:14:43,587 - INFO -   Avg: 1609.918228
2025-12-17 12:14:43,587 - INFO -   Std: 0.552665
2025-12-17 12:14:43,962 - INFO - Generation 80
2025-12-17 12:14:43,962 - INFO -   Best: 1608.113929
2025-12-17 12:14:43,962 - INFO -   Min: 1608.113929
2025-12-17 12:14:43,962 - INFO -   Max: 1611.126330
2025-12-17 12:14:43,963 - INFO -   Avg: 1609.650803
2025-12-17 12:14:43,963 - INFO -   Std: 0.592538
2025-12-17 12:14:44,333 - INFO - Generation 90
2025-12-17 12:14:44,333 - INFO -   Best: 1607.871785
2025-12-17 12:14:44,333 - INFO -   Min: 1607.871785
2025-12-17 12:14:44,333 - INFO -   Max: 1611.543989
2025-12-17 12:14:44,333 - INFO -   Avg: 1609.687940
2025-12-17 12:14:44,334 - INFO -   Std: 0.690423
2025-12-17 12:14:44,702 - INFO - Generation 100
2025-12-17 12:14:44,702 - INFO -   Best: 1607.831885
2025-12-17 12:14:44,702 - INFO -   Min: 1607.831885
2025-12-17 12:14:44,702 - INFO -   Max: 1610.799479
2025-12-17 12:14:44,703 - INFO -   Avg: 1609.781022
2025-12-17 12:14:44,703 - INFO -   Std: 0.558561
2025-12-17 12:14:45,087 - INFO - Generation 110
2025-12-17 12:14:45,087 - INFO -   Best: 1607.664476
2025-12-17 12:14:45,087 - INFO -   Min: 1607.664476
2025-12-17 12:14:45,087 - INFO -   Max: 1611.029299
2025-12-17 12:14:45,088 - INFO -   Avg: 1609.602771
2025-12-17 12:14:45,088 - INFO -   Std: 0.605798
2025-12-17 12:14:45,460 - INFO - Generation 120
2025-12-17 12:14:45,460 - INFO -   Best: 1607.632579
2025-12-17 12:14:45,461 - INFO -   Min: 1607.632579
2025-12-17 12:14:45,461 - INFO -   Max: 1611.319085
2025-12-17 12:14:45,461 - INFO -   Avg: 1609.849654
2025-12-17 12:14:45,461 - INFO -   Std: 0.567286
2025-12-17 12:14:45,831 - INFO - Generation 130
2025-12-17 12:14:45,831 - INFO -   Best: 1607.607057
2025-12-17 12:14:45,832 - INFO -   Min: 1607.607057
2025-12-17 12:14:45,832 - INFO -   Max: 1610.928046
2025-12-17 12:14:45,832 - INFO -   Avg: 1609.865179
2025-12-17 12:14:45,832 - INFO -   Std: 0.579187
2025-12-17 12:14:46,207 - INFO - Generation 140
2025-12-17 12:14:46,207 - INFO -   Best: 1607.607057
2025-12-17 12:14:46,208 - INFO -   Min: 1607.607057
2025-12-17 12:14:46,208 - INFO -   Max: 1611.171420
2025-12-17 12:14:46,208 - INFO -   Avg: 1609.858391
2025-12-17 12:14:46,208 - INFO -   Std: 0.629176
2025-12-17 12:14:46,595 - INFO - Generation 150
2025-12-17 12:14:46,595 - INFO -   Best: 1607.595491
2025-12-17 12:14:46,595 - INFO -   Min: 1607.595491
2025-12-17 12:14:46,595 - INFO -   Max: 1611.008635
2025-12-17 12:14:46,596 - INFO -   Avg: 1609.632031
2025-12-17 12:14:46,596 - INFO -   Std: 0.599845
2025-12-17 12:14:46,980 - INFO - Generation 160
2025-12-17 12:14:46,980 - INFO -   Best: 1607.590766
2025-12-17 12:14:46,980 - INFO -   Min: 1607.590766
2025-12-17 12:14:46,980 - INFO -   Max: 1611.567279
2025-12-17 12:14:46,981 - INFO -   Avg: 1609.535546
2025-12-17 12:14:46,981 - INFO -   Std: 0.639257
2025-12-17 12:14:47,350 - INFO - Generation 170
2025-12-17 12:14:47,350 - INFO -   Best: 1607.590766
2025-12-17 12:14:47,350 - INFO -   Min: 1607.590766
2025-12-17 12:14:47,350 - INFO -   Max: 1611.462107
2025-12-17 12:14:47,351 - INFO -   Avg: 1609.808671
2025-12-17 12:14:47,351 - INFO -   Std: 0.575627
2025-12-17 12:14:47,725 - INFO - Generation 180
2025-12-17 12:14:47,725 - INFO -   Best: 1607.590766
2025-12-17 12:14:47,726 - INFO -   Min: 1607.590766
2025-12-17 12:14:47,726 - INFO -   Max: 1611.158568
2025-12-17 12:14:47,726 - INFO -   Avg: 1609.838422
2025-12-17 12:14:47,726 - INFO -   Std: 0.697248
2025-12-17 12:14:48,118 - INFO - Generation 190
2025-12-17 12:14:48,118 - INFO -   Best: 1607.585275
2025-12-17 12:14:48,118 - INFO -   Min: 1607.585275
2025-12-17 12:14:48,118 - INFO -   Max: 1610.690160
2025-12-17 12:14:48,119 - INFO -   Avg: 1609.492542
2025-12-17 12:14:48,119 - INFO -   Std: 0.634512
2025-12-17 12:14:48,498 - INFO - Generation 200
2025-12-17 12:14:48,498 - INFO -   Best: 1607.585275
2025-12-17 12:14:48,499 - INFO -   Min: 1607.585275
2025-12-17 12:14:48,499 - INFO -   Max: 1610.584382
2025-12-17 12:14:48,499 - INFO -   Avg: 1609.572451
2025-12-17 12:14:48,499 - INFO -   Std: 0.679809
2025-12-17 12:14:48,524 - INFO - 
Final best fitness: 1607.5852749188
2025-12-17 12:14:48,524 - INFO - Execution time: 7.51s
