2025-12-17 12:09:37,298 - INFO - Representation: Binary
2025-12-17 12:09:37,299 - INFO - Bits per variable: 12
2025-12-17 12:09:37,299 - INFO - Total genes: 120
2025-12-17 12:09:37,299 - INFO - Function: michalewicz
2025-12-17 12:09:37,299 - INFO - Population size: 100
2025-12-17 12:09:37,299 - INFO - Generations: 200
2025-12-17 12:09:37,299 - INFO - Selection: rws
2025-12-17 12:09:37,299 - INFO - Crossover: two_points
2025-12-17 12:09:37,300 - INFO - Mutation: swap
2025-12-17 12:09:37,300 - INFO - 
2025-12-17 12:09:37,624 - INFO - Generation 10
2025-12-17 12:09:37,624 - INFO -   Best: -6.967135
2025-12-17 12:09:37,624 - INFO -   Min: -6.967135
2025-12-17 12:09:37,625 - INFO -   Max: -0.771406
2025-12-17 12:09:37,625 - INFO -   Avg: -3.958209
2025-12-17 12:09:37,625 - INFO -   Std: 1.182985
2025-12-17 12:09:37,732 - INFO - Generation 20
2025-12-17 12:09:37,732 - INFO -   Best: -8.450153
2025-12-17 12:09:37,732 - INFO -   Min: -8.450153
2025-12-17 12:09:37,733 - INFO -   Max: -3.024792
2025-12-17 12:09:37,733 - INFO -   Avg: -5.591839
2025-12-17 12:09:37,733 - INFO -   Std: 1.073871
2025-12-17 12:09:37,841 - INFO - Generation 30
2025-12-17 12:09:37,841 - INFO -   Best: -8.762749
2025-12-17 12:09:37,841 - INFO -   Min: -8.762749
2025-12-17 12:09:37,841 - INFO -   Max: -3.480439
2025-12-17 12:09:37,841 - INFO -   Avg: -6.733434
2025-12-17 12:09:37,842 - INFO -   Std: 1.146246
2025-12-17 12:09:37,949 - INFO - Generation 40
2025-12-17 12:09:37,949 - INFO -   Best: -8.972324
2025-12-17 12:09:37,950 - INFO -   Min: -8.972324
2025-12-17 12:09:37,950 - INFO -   Max: -2.996039
2025-12-17 12:09:37,950 - INFO -   Avg: -7.142951
2025-12-17 12:09:37,950 - INFO -   Std: 1.124745
2025-12-17 12:09:38,057 - INFO - Generation 50
2025-12-17 12:09:38,057 - INFO -   Best: -8.972324
2025-12-17 12:09:38,057 - INFO -   Min: -8.972324
2025-12-17 12:09:38,058 - INFO -   Max: -3.377017
2025-12-17 12:09:38,058 - INFO -   Avg: -7.065784
2025-12-17 12:09:38,058 - INFO -   Std: 1.082614
2025-12-17 12:09:38,163 - INFO - Generation 60
2025-12-17 12:09:38,163 - INFO -   Best: -8.972324
2025-12-17 12:09:38,163 - INFO -   Min: -8.972324
2025-12-17 12:09:38,163 - INFO -   Max: -4.407938
2025-12-17 12:09:38,163 - INFO -   Avg: -7.223332
2025-12-17 12:09:38,164 - INFO -   Std: 0.996695
2025-12-17 12:09:38,270 - INFO - Generation 70
2025-12-17 12:09:38,270 - INFO -   Best: -8.984119
2025-12-17 12:09:38,270 - INFO -   Min: -8.984119
2025-12-17 12:09:38,270 - INFO -   Max: -4.600211
2025-12-17 12:09:38,270 - INFO -   Avg: -7.362783
2025-12-17 12:09:38,271 - INFO -   Std: 0.942192
2025-12-17 12:09:38,386 - INFO - Generation 80
2025-12-17 12:09:38,386 - INFO -   Best: -8.989768
2025-12-17 12:09:38,387 - INFO -   Min: -8.989768
2025-12-17 12:09:38,387 - INFO -   Max: -4.921818
2025-12-17 12:09:38,387 - INFO -   Avg: -7.170468
2025-12-17 12:09:38,387 - INFO -   Std: 0.971453
2025-12-17 12:09:38,494 - INFO - Generation 90
2025-12-17 12:09:38,495 - INFO -   Best: -9.023862
2025-12-17 12:09:38,495 - INFO -   Min: -9.023862
2025-12-17 12:09:38,495 - INFO -   Max: -4.213138
2025-12-17 12:09:38,495 - INFO -   Avg: -6.556456
2025-12-17 12:09:38,495 - INFO -   Std: 1.025428
2025-12-17 12:09:38,603 - INFO - Generation 100
2025-12-17 12:09:38,603 - INFO -   Best: -9.038717
2025-12-17 12:09:38,603 - INFO -   Min: -9.038717
2025-12-17 12:09:38,603 - INFO -   Max: -3.818250
2025-12-17 12:09:38,603 - INFO -   Avg: -6.878448
2025-12-17 12:09:38,604 - INFO -   Std: 1.154039
2025-12-17 12:09:38,710 - INFO - Generation 110
2025-12-17 12:09:38,710 - INFO -   Best: -9.040256
2025-12-17 12:09:38,710 - INFO -   Min: -9.040256
2025-12-17 12:09:38,711 - INFO -   Max: -3.842910
2025-12-17 12:09:38,711 - INFO -   Avg: -6.583938
2025-12-17 12:09:38,711 - INFO -   Std: 1.116067
2025-12-17 12:09:38,817 - INFO - Generation 120
2025-12-17 12:09:38,818 - INFO -   Best: -9.041306
2025-12-17 12:09:38,818 - INFO -   Min: -9.041306
2025-12-17 12:09:38,818 - INFO -   Max: -3.297467
2025-12-17 12:09:38,818 - INFO -   Avg: -6.642504
2025-12-17 12:09:38,818 - INFO -   Std: 1.041749
2025-12-17 12:09:38,926 - INFO - Generation 130
2025-12-17 12:09:38,927 - INFO -   Best: -9.053862
2025-12-17 12:09:38,927 - INFO -   Min: -9.053862
2025-12-17 12:09:38,927 - INFO -   Max: -3.175778
2025-12-17 12:09:38,927 - INFO -   Avg: -7.061311
2025-12-17 12:09:38,927 - INFO -   Std: 1.082609
2025-12-17 12:09:39,038 - INFO - Generation 140
2025-12-17 12:09:39,039 - INFO -   Best: -9.062839
2025-12-17 12:09:39,039 - INFO -   Min: -9.062839
2025-12-17 12:09:39,039 - INFO -   Max: -4.869189
2025-12-17 12:09:39,039 - INFO -   Avg: -7.276630
2025-12-17 12:09:39,039 - INFO -   Std: 0.815852
2025-12-17 12:09:39,155 - INFO - Generation 150
2025-12-17 12:09:39,156 - INFO -   Best: -9.062839
2025-12-17 12:09:39,156 - INFO -   Min: -9.062839
2025-12-17 12:09:39,156 - INFO -   Max: -4.565561
2025-12-17 12:09:39,156 - INFO -   Avg: -7.299401
2025-12-17 12:09:39,156 - INFO -   Std: 1.087494
2025-12-17 12:09:39,273 - INFO - Generation 160
2025-12-17 12:09:39,273 - INFO -   Best: -9.062839
2025-12-17 12:09:39,273 - INFO -   Min: -9.062839
2025-12-17 12:09:39,274 - INFO -   Max: -3.947878
2025-12-17 12:09:39,274 - INFO -   Avg: -7.030679
2025-12-17 12:09:39,274 - INFO -   Std: 1.066259
2025-12-17 12:09:39,386 - INFO - Generation 170
2025-12-17 12:09:39,386 - INFO -   Best: -9.062839
2025-12-17 12:09:39,386 - INFO -   Min: -9.062839
2025-12-17 12:09:39,386 - INFO -   Max: -3.596663
2025-12-17 12:09:39,386 - INFO -   Avg: -7.034210
2025-12-17 12:09:39,387 - INFO -   Std: 1.029029
2025-12-17 12:09:39,497 - INFO - Generation 180
2025-12-17 12:09:39,497 - INFO -   Best: -9.062839
2025-12-17 12:09:39,497 - INFO -   Min: -9.062839
2025-12-17 12:09:39,497 - INFO -   Max: -4.349290
2025-12-17 12:09:39,498 - INFO -   Avg: -7.009986
2025-12-17 12:09:39,498 - INFO -   Std: 1.130009
2025-12-17 12:09:39,605 - INFO - Generation 190
2025-12-17 12:09:39,606 - INFO -   Best: -9.062839
2025-12-17 12:09:39,606 - INFO -   Min: -9.062839
2025-12-17 12:09:39,606 - INFO -   Max: -4.491520
2025-12-17 12:09:39,606 - INFO -   Avg: -7.017636
2025-12-17 12:09:39,606 - INFO -   Std: 0.927258
2025-12-17 12:09:39,713 - INFO - Generation 200
2025-12-17 12:09:39,714 - INFO -   Best: -9.062839
2025-12-17 12:09:39,714 - INFO -   Min: -9.062839
2025-12-17 12:09:39,714 - INFO -   Max: -4.582314
2025-12-17 12:09:39,714 - INFO -   Avg: -6.975242
2025-12-17 12:09:39,714 - INFO -   Std: 0.997257
2025-12-17 12:09:39,722 - INFO - 
Final best fitness: -9.0490368485
2025-12-17 12:09:39,722 - INFO - Execution time: 2.20s
