2025-12-17 12:07:57,529 - INFO - Representation: Binary
2025-12-17 12:07:57,529 - INFO - Bits per variable: 12
2025-12-17 12:07:57,529 - INFO - Total genes: 24
2025-12-17 12:07:57,529 - INFO - Function: michalewicz
2025-12-17 12:07:57,529 - INFO - Population size: 100
2025-12-17 12:07:57,529 - INFO - Generations: 200
2025-12-17 12:07:57,530 - INFO - Selection: rws
2025-12-17 12:07:57,530 - INFO - Crossover: two_points
2025-12-17 12:07:57,530 - INFO - Mutation: swap
2025-12-17 12:07:57,530 - INFO - 
2025-12-17 12:07:57,635 - INFO - Generation 10
2025-12-17 12:07:57,636 - INFO -   Best: -1.800056
2025-12-17 12:07:57,636 - INFO -   Min: -1.800056
2025-12-17 12:07:57,636 - INFO -   Max: -0.000000
2025-12-17 12:07:57,636 - INFO -   Avg: -1.116423
2025-12-17 12:07:57,636 - INFO -   Std: 0.568760
2025-12-17 12:07:57,698 - INFO - Generation 20
2025-12-17 12:07:57,698 - INFO -   Best: -1.801092
2025-12-17 12:07:57,698 - INFO -   Min: -1.801092
2025-12-17 12:07:57,698 - INFO -   Max: -0.000000
2025-12-17 12:07:57,699 - INFO -   Avg: -1.006470
2025-12-17 12:07:57,699 - INFO -   Std: 0.586191
2025-12-17 12:07:57,761 - INFO - Generation 30
2025-12-17 12:07:57,761 - INFO -   Best: -1.801294
2025-12-17 12:07:57,761 - INFO -   Min: -1.801294
2025-12-17 12:07:57,761 - INFO -   Max: -0.000000
2025-12-17 12:07:57,761 - INFO -   Avg: -1.349513
2025-12-17 12:07:57,761 - INFO -   Std: 0.552709
2025-12-17 12:07:57,824 - INFO - Generation 40
2025-12-17 12:07:57,824 - INFO -   Best: -1.801294
2025-12-17 12:07:57,824 - INFO -   Min: -1.801294
2025-12-17 12:07:57,825 - INFO -   Max: -0.000000
2025-12-17 12:07:57,825 - INFO -   Avg: -1.336140
2025-12-17 12:07:57,825 - INFO -   Std: 0.585931
2025-12-17 12:07:57,886 - INFO - Generation 50
2025-12-17 12:07:57,886 - INFO -   Best: -1.801294
2025-12-17 12:07:57,886 - INFO -   Min: -1.801294
2025-12-17 12:07:57,887 - INFO -   Max: -0.000000
2025-12-17 12:07:57,887 - INFO -   Avg: -1.370259
2025-12-17 12:07:57,887 - INFO -   Std: 0.600035
2025-12-17 12:07:57,946 - INFO - Generation 60
2025-12-17 12:07:57,947 - INFO -   Best: -1.801294
2025-12-17 12:07:57,947 - INFO -   Min: -1.801294
2025-12-17 12:07:57,947 - INFO -   Max: -0.000000
2025-12-17 12:07:57,947 - INFO -   Avg: -1.302370
2025-12-17 12:07:57,947 - INFO -   Std: 0.635738
2025-12-17 12:07:58,009 - INFO - Generation 70
2025-12-17 12:07:58,009 - INFO -   Best: -1.801294
2025-12-17 12:07:58,009 - INFO -   Min: -1.801294
2025-12-17 12:07:58,010 - INFO -   Max: -0.000000
2025-12-17 12:07:58,010 - INFO -   Avg: -1.368154
2025-12-17 12:07:58,010 - INFO -   Std: 0.562693
2025-12-17 12:07:58,071 - INFO - Generation 80
2025-12-17 12:07:58,072 - INFO -   Best: -1.801294
2025-12-17 12:07:58,072 - INFO -   Min: -1.801294
2025-12-17 12:07:58,072 - INFO -   Max: -0.000000
2025-12-17 12:07:58,072 - INFO -   Avg: -1.340831
2025-12-17 12:07:58,072 - INFO -   Std: 0.591153
2025-12-17 12:07:58,134 - INFO - Generation 90
2025-12-17 12:07:58,135 - INFO -   Best: -1.801294
2025-12-17 12:07:58,135 - INFO -   Min: -1.801294
2025-12-17 12:07:58,135 - INFO -   Max: -0.000000
2025-12-17 12:07:58,135 - INFO -   Avg: -1.333079
2025-12-17 12:07:58,135 - INFO -   Std: 0.585216
2025-12-17 12:07:58,197 - INFO - Generation 100
2025-12-17 12:07:58,197 - INFO -   Best: -1.801294
2025-12-17 12:07:58,197 - INFO -   Min: -1.801294
2025-12-17 12:07:58,198 - INFO -   Max: -0.000000
2025-12-17 12:07:58,198 - INFO -   Avg: -1.383495
2025-12-17 12:07:58,198 - INFO -   Std: 0.572119
2025-12-17 12:07:58,258 - INFO - Generation 110
2025-12-17 12:07:58,258 - INFO -   Best: -1.801294
2025-12-17 12:07:58,258 - INFO -   Min: -1.801294
2025-12-17 12:07:58,259 - INFO -   Max: -0.000000
2025-12-17 12:07:58,259 - INFO -   Avg: -1.253087
2025-12-17 12:07:58,259 - INFO -   Std: 0.638614
2025-12-17 12:07:58,318 - INFO - Generation 120
2025-12-17 12:07:58,318 - INFO -   Best: -1.801294
2025-12-17 12:07:58,318 - INFO -   Min: -1.801294
2025-12-17 12:07:58,319 - INFO -   Max: -0.000000
2025-12-17 12:07:58,319 - INFO -   Avg: -1.323903
2025-12-17 12:07:58,319 - INFO -   Std: 0.664285
2025-12-17 12:07:58,380 - INFO - Generation 130
2025-12-17 12:07:58,381 - INFO -   Best: -1.801294
2025-12-17 12:07:58,381 - INFO -   Min: -1.801294
2025-12-17 12:07:58,381 - INFO -   Max: -0.000000
2025-12-17 12:07:58,381 - INFO -   Avg: -1.294652
2025-12-17 12:07:58,381 - INFO -   Std: 0.646270
2025-12-17 12:07:58,443 - INFO - Generation 140
2025-12-17 12:07:58,444 - INFO -   Best: -1.801294
2025-12-17 12:07:58,444 - INFO -   Min: -1.801294
2025-12-17 12:07:58,444 - INFO -   Max: -0.000000
2025-12-17 12:07:58,444 - INFO -   Avg: -1.313435
2025-12-17 12:07:58,444 - INFO -   Std: 0.560299
2025-12-17 12:07:58,505 - INFO - Generation 150
2025-12-17 12:07:58,505 - INFO -   Best: -1.801294
2025-12-17 12:07:58,505 - INFO -   Min: -1.801294
2025-12-17 12:07:58,505 - INFO -   Max: -0.000000
2025-12-17 12:07:58,505 - INFO -   Avg: -1.269945
2025-12-17 12:07:58,506 - INFO -   Std: 0.634763
2025-12-17 12:07:58,566 - INFO - Generation 160
2025-12-17 12:07:58,566 - INFO -   Best: -1.801294
2025-12-17 12:07:58,566 - INFO -   Min: -1.801294
2025-12-17 12:07:58,566 - INFO -   Max: -0.000000
2025-12-17 12:07:58,566 - INFO -   Avg: -1.392881
2025-12-17 12:07:58,567 - INFO -   Std: 0.489621
2025-12-17 12:07:58,629 - INFO - Generation 170
2025-12-17 12:07:58,629 - INFO -   Best: -1.801294
2025-12-17 12:07:58,629 - INFO -   Min: -1.801294
2025-12-17 12:07:58,629 - INFO -   Max: -0.000000
2025-12-17 12:07:58,629 - INFO -   Avg: -1.294130
2025-12-17 12:07:58,630 - INFO -   Std: 0.636904
2025-12-17 12:07:58,693 - INFO - Generation 180
2025-12-17 12:07:58,693 - INFO -   Best: -1.801294
2025-12-17 12:07:58,693 - INFO -   Min: -1.801294
2025-12-17 12:07:58,693 - INFO -   Max: -0.000000
2025-12-17 12:07:58,694 - INFO -   Avg: -1.423793
2025-12-17 12:07:58,694 - INFO -   Std: 0.530715
2025-12-17 12:07:58,756 - INFO - Generation 190
2025-12-17 12:07:58,756 - INFO -   Best: -1.801294
2025-12-17 12:07:58,756 - INFO -   Min: -1.801294
2025-12-17 12:07:58,756 - INFO -   Max: -0.000000
2025-12-17 12:07:58,756 - INFO -   Avg: -1.374176
2025-12-17 12:07:58,757 - INFO -   Std: 0.569643
2025-12-17 12:07:58,817 - INFO - Generation 200
2025-12-17 12:07:58,818 - INFO -   Best: -1.801294
2025-12-17 12:07:58,818 - INFO -   Min: -1.801294
2025-12-17 12:07:58,818 - INFO -   Max: -0.000000
2025-12-17 12:07:58,818 - INFO -   Avg: -1.376300
2025-12-17 12:07:58,818 - INFO -   Std: 0.510855
2025-12-17 12:07:58,823 - INFO - 
Final best fitness: -1.8008851347
2025-12-17 12:07:58,823 - INFO - Execution time: 1.25s
