2025-12-17 11:37:01,124 - INFO - Representation: Real
2025-12-17 11:37:01,125 - INFO - Number of genes: 10
2025-12-17 11:37:01,125 - INFO - Bounds: [0, 3.141592653589793]
2025-12-17 11:37:01,125 - INFO - Function: michalewicz
2025-12-17 11:37:01,125 - INFO - Population size: 100
2025-12-17 11:37:01,125 - INFO - Generations: 200
2025-12-17 11:37:01,125 - INFO - Selection: tournament
2025-12-17 11:37:01,126 - INFO - Crossover: single_point
2025-12-17 11:37:01,126 - INFO - Mutation: random
2025-12-17 11:37:01,126 - INFO - 
2025-12-17 11:37:01,206 - INFO - Generation 10
2025-12-17 11:37:01,207 - INFO -   Best: -7.213818
2025-12-17 11:37:01,207 - INFO -   Min: -7.213818
2025-12-17 11:37:01,207 - INFO -   Max: -1.098126
2025-12-17 11:37:01,208 - INFO -   Avg: -4.749218
2025-12-17 11:37:01,208 - INFO -   Std: 1.163374
2025-12-17 11:37:01,271 - INFO - Generation 20
2025-12-17 11:37:01,271 - INFO -   Best: -8.213409
2025-12-17 11:37:01,271 - INFO -   Min: -8.213409
2025-12-17 11:37:01,272 - INFO -   Max: -4.206619
2025-12-17 11:37:01,272 - INFO -   Avg: -6.432890
2025-12-17 11:37:01,272 - INFO -   Std: 0.986410
2025-12-17 11:37:01,330 - INFO - Generation 30
2025-12-17 11:37:01,331 - INFO -   Best: -8.577220
2025-12-17 11:37:01,331 - INFO -   Min: -8.577220
2025-12-17 11:37:01,331 - INFO -   Max: -4.398638
2025-12-17 11:37:01,331 - INFO -   Avg: -7.061348
2025-12-17 11:37:01,331 - INFO -   Std: 1.037422
2025-12-17 11:37:01,389 - INFO - Generation 40
2025-12-17 11:37:01,390 - INFO -   Best: -8.577220
2025-12-17 11:37:01,390 - INFO -   Min: -8.577220
2025-12-17 11:37:01,390 - INFO -   Max: -3.702582
2025-12-17 11:37:01,390 - INFO -   Avg: -7.151967
2025-12-17 11:37:01,390 - INFO -   Std: 1.095688
2025-12-17 11:37:01,448 - INFO - Generation 50
2025-12-17 11:37:01,448 - INFO -   Best: -8.577220
2025-12-17 11:37:01,448 - INFO -   Min: -8.577220
2025-12-17 11:37:01,448 - INFO -   Max: -3.500706
2025-12-17 11:37:01,448 - INFO -   Avg: -7.284745
2025-12-17 11:37:01,448 - INFO -   Std: 1.102359
2025-12-17 11:37:01,509 - INFO - Generation 60
2025-12-17 11:37:01,509 - INFO -   Best: -8.577220
2025-12-17 11:37:01,509 - INFO -   Min: -8.577220
2025-12-17 11:37:01,509 - INFO -   Max: -5.208247
2025-12-17 11:37:01,510 - INFO -   Avg: -7.215594
2025-12-17 11:37:01,510 - INFO -   Std: 0.864974
2025-12-17 11:37:01,572 - INFO - Generation 70
2025-12-17 11:37:01,572 - INFO -   Best: -8.577220
2025-12-17 11:37:01,572 - INFO -   Min: -8.577220
2025-12-17 11:37:01,572 - INFO -   Max: -4.469046
2025-12-17 11:37:01,572 - INFO -   Avg: -7.229439
2025-12-17 11:37:01,572 - INFO -   Std: 0.981296
2025-12-17 11:37:01,645 - INFO - Generation 80
2025-12-17 11:37:01,645 - INFO -   Best: -8.577220
2025-12-17 11:37:01,645 - INFO -   Min: -8.577220
2025-12-17 11:37:01,645 - INFO -   Max: -5.512690
2025-12-17 11:37:01,646 - INFO -   Avg: -7.374816
2025-12-17 11:37:01,646 - INFO -   Std: 0.756586
2025-12-17 11:37:01,704 - INFO - Generation 90
2025-12-17 11:37:01,704 - INFO -   Best: -8.679707
2025-12-17 11:37:01,704 - INFO -   Min: -8.679707
2025-12-17 11:37:01,704 - INFO -   Max: -3.875467
2025-12-17 11:37:01,705 - INFO -   Avg: -7.319031
2025-12-17 11:37:01,705 - INFO -   Std: 0.985133
2025-12-17 11:37:01,762 - INFO - Generation 100
2025-12-17 11:37:01,762 - INFO -   Best: -8.728979
2025-12-17 11:37:01,762 - INFO -   Min: -8.728979
2025-12-17 11:37:01,762 - INFO -   Max: -4.748587
2025-12-17 11:37:01,763 - INFO -   Avg: -7.203287
2025-12-17 11:37:01,763 - INFO -   Std: 0.986192
2025-12-17 11:37:01,825 - INFO - Generation 110
2025-12-17 11:37:01,826 - INFO -   Best: -8.728979
2025-12-17 11:37:01,826 - INFO -   Min: -8.728979
2025-12-17 11:37:01,826 - INFO -   Max: -4.273318
2025-12-17 11:37:01,826 - INFO -   Avg: -7.113914
2025-12-17 11:37:01,826 - INFO -   Std: 1.103900
2025-12-17 11:37:01,886 - INFO - Generation 120
2025-12-17 11:37:01,886 - INFO -   Best: -8.889079
2025-12-17 11:37:01,886 - INFO -   Min: -8.889079
2025-12-17 11:37:01,886 - INFO -   Max: -3.649508
2025-12-17 11:37:01,886 - INFO -   Avg: -7.118080
2025-12-17 11:37:01,887 - INFO -   Std: 1.128556
2025-12-17 11:37:01,944 - INFO - Generation 130
2025-12-17 11:37:01,945 - INFO -   Best: -8.889079
2025-12-17 11:37:01,945 - INFO -   Min: -8.889079
2025-12-17 11:37:01,945 - INFO -   Max: -4.469467
2025-12-17 11:37:01,945 - INFO -   Avg: -7.494178
2025-12-17 11:37:01,945 - INFO -   Std: 1.061733
2025-12-17 11:37:02,003 - INFO - Generation 140
2025-12-17 11:37:02,003 - INFO -   Best: -8.889079
2025-12-17 11:37:02,004 - INFO -   Min: -8.889079
2025-12-17 11:37:02,004 - INFO -   Max: -4.402408
2025-12-17 11:37:02,004 - INFO -   Avg: -7.503734
2025-12-17 11:37:02,004 - INFO -   Std: 1.074055
2025-12-17 11:37:02,060 - INFO - Generation 150
2025-12-17 11:37:02,060 - INFO -   Best: -8.904895
2025-12-17 11:37:02,060 - INFO -   Min: -8.904895
2025-12-17 11:37:02,060 - INFO -   Max: -3.962259
2025-12-17 11:37:02,060 - INFO -   Avg: -7.493582
2025-12-17 11:37:02,060 - INFO -   Std: 1.185528
2025-12-17 11:37:02,126 - INFO - Generation 160
2025-12-17 11:37:02,126 - INFO -   Best: -8.976803
2025-12-17 11:37:02,126 - INFO -   Min: -8.976803
2025-12-17 11:37:02,126 - INFO -   Max: -4.709298
2025-12-17 11:37:02,126 - INFO -   Avg: -7.474217
2025-12-17 11:37:02,127 - INFO -   Std: 1.018910
2025-12-17 11:37:02,197 - INFO - Generation 170
2025-12-17 11:37:02,197 - INFO -   Best: -9.053582
2025-12-17 11:37:02,197 - INFO -   Min: -9.053582
2025-12-17 11:37:02,198 - INFO -   Max: -4.029084
2025-12-17 11:37:02,198 - INFO -   Avg: -7.712755
2025-12-17 11:37:02,198 - INFO -   Std: 1.170035
2025-12-17 11:37:02,260 - INFO - Generation 180
2025-12-17 11:37:02,260 - INFO -   Best: -9.053582
2025-12-17 11:37:02,260 - INFO -   Min: -9.053582
2025-12-17 11:37:02,260 - INFO -   Max: -4.716239
2025-12-17 11:37:02,260 - INFO -   Avg: -7.785782
2025-12-17 11:37:02,261 - INFO -   Std: 0.946222
2025-12-17 11:37:02,322 - INFO - Generation 190
2025-12-17 11:37:02,323 - INFO -   Best: -9.053582
2025-12-17 11:37:02,323 - INFO -   Min: -9.053582
2025-12-17 11:37:02,323 - INFO -   Max: -4.549288
2025-12-17 11:37:02,323 - INFO -   Avg: -7.851081
2025-12-17 11:37:02,323 - INFO -   Std: 1.048449
2025-12-17 11:37:02,378 - INFO - Generation 200
2025-12-17 11:37:02,378 - INFO -   Best: -9.297193
2025-12-17 11:37:02,378 - INFO -   Min: -9.297193
2025-12-17 11:37:02,379 - INFO -   Max: -3.723026
2025-12-17 11:37:02,379 - INFO -   Avg: -7.905980
2025-12-17 11:37:02,379 - INFO -   Std: 1.135359
2025-12-17 11:37:02,382 - INFO - 
Final best fitness: -9.0535818437
2025-12-17 11:37:02,383 - INFO - Execution time: 1.24s
