2025-12-17 12:09:22,414 - INFO - Representation: Binary
2025-12-17 12:09:22,415 - INFO - Bits per variable: 12
2025-12-17 12:09:22,415 - INFO - Total genes: 120
2025-12-17 12:09:22,415 - INFO - Function: michalewicz
2025-12-17 12:09:22,415 - INFO - Population size: 100
2025-12-17 12:09:22,415 - INFO - Generations: 200
2025-12-17 12:09:22,415 - INFO - Selection: rws
2025-12-17 12:09:22,415 - INFO - Crossover: two_points
2025-12-17 12:09:22,415 - INFO - Mutation: swap
2025-12-17 12:09:22,416 - INFO - 
2025-12-17 12:09:22,734 - INFO - Generation 10
2025-12-17 12:09:22,735 - INFO -   Best: -6.733242
2025-12-17 12:09:22,735 - INFO -   Min: -6.733242
2025-12-17 12:09:22,735 - INFO -   Max: -1.416660
2025-12-17 12:09:22,735 - INFO -   Avg: -3.827059
2025-12-17 12:09:22,736 - INFO -   Std: 1.041988
2025-12-17 12:09:22,845 - INFO - Generation 20
2025-12-17 12:09:22,845 - INFO -   Best: -7.465022
2025-12-17 12:09:22,846 - INFO -   Min: -7.465022
2025-12-17 12:09:22,846 - INFO -   Max: -3.095833
2025-12-17 12:09:22,846 - INFO -   Avg: -5.132089
2025-12-17 12:09:22,846 - INFO -   Std: 0.957618
2025-12-17 12:09:22,957 - INFO - Generation 30
2025-12-17 12:09:22,957 - INFO -   Best: -7.842395
2025-12-17 12:09:22,958 - INFO -   Min: -7.842395
2025-12-17 12:09:22,958 - INFO -   Max: -3.482202
2025-12-17 12:09:22,958 - INFO -   Avg: -5.461635
2025-12-17 12:09:22,958 - INFO -   Std: 1.047525
2025-12-17 12:09:23,071 - INFO - Generation 40
2025-12-17 12:09:23,072 - INFO -   Best: -8.266961
2025-12-17 12:09:23,072 - INFO -   Min: -8.266961
2025-12-17 12:09:23,072 - INFO -   Max: -3.411647
2025-12-17 12:09:23,073 - INFO -   Avg: -5.791638
2025-12-17 12:09:23,073 - INFO -   Std: 1.011586
2025-12-17 12:09:23,190 - INFO - Generation 50
2025-12-17 12:09:23,190 - INFO -   Best: -8.649000
2025-12-17 12:09:23,190 - INFO -   Min: -8.649000
2025-12-17 12:09:23,190 - INFO -   Max: -3.846757
2025-12-17 12:09:23,190 - INFO -   Avg: -6.173542
2025-12-17 12:09:23,190 - INFO -   Std: 0.979609
2025-12-17 12:09:23,311 - INFO - Generation 60
2025-12-17 12:09:23,311 - INFO -   Best: -8.649000
2025-12-17 12:09:23,311 - INFO -   Min: -8.649000
2025-12-17 12:09:23,312 - INFO -   Max: -3.318592
2025-12-17 12:09:23,312 - INFO -   Avg: -6.096172
2025-12-17 12:09:23,312 - INFO -   Std: 1.113298
2025-12-17 12:09:23,427 - INFO - Generation 70
2025-12-17 12:09:23,427 - INFO -   Best: -8.692351
2025-12-17 12:09:23,427 - INFO -   Min: -8.692351
2025-12-17 12:09:23,428 - INFO -   Max: -3.857725
2025-12-17 12:09:23,428 - INFO -   Avg: -6.406773
2025-12-17 12:09:23,428 - INFO -   Std: 1.110311
2025-12-17 12:09:23,547 - INFO - Generation 80
2025-12-17 12:09:23,548 - INFO -   Best: -8.692351
2025-12-17 12:09:23,548 - INFO -   Min: -8.692351
2025-12-17 12:09:23,548 - INFO -   Max: -3.693224
2025-12-17 12:09:23,548 - INFO -   Avg: -6.344403
2025-12-17 12:09:23,548 - INFO -   Std: 1.150560
2025-12-17 12:09:23,668 - INFO - Generation 90
2025-12-17 12:09:23,668 - INFO -   Best: -8.743735
2025-12-17 12:09:23,668 - INFO -   Min: -8.743735
2025-12-17 12:09:23,668 - INFO -   Max: -4.300317
2025-12-17 12:09:23,668 - INFO -   Avg: -6.657076
2025-12-17 12:09:23,669 - INFO -   Std: 1.002686
2025-12-17 12:09:23,792 - INFO - Generation 100
2025-12-17 12:09:23,792 - INFO -   Best: -8.746470
2025-12-17 12:09:23,792 - INFO -   Min: -8.746470
2025-12-17 12:09:23,792 - INFO -   Max: -3.923177
2025-12-17 12:09:23,793 - INFO -   Avg: -6.513803
2025-12-17 12:09:23,793 - INFO -   Std: 1.018958
2025-12-17 12:09:23,913 - INFO - Generation 110
2025-12-17 12:09:23,913 - INFO -   Best: -8.746470
2025-12-17 12:09:23,913 - INFO -   Min: -8.746470
2025-12-17 12:09:23,913 - INFO -   Max: -3.898324
2025-12-17 12:09:23,914 - INFO -   Avg: -6.518705
2025-12-17 12:09:23,914 - INFO -   Std: 1.005457
2025-12-17 12:09:24,044 - INFO - Generation 120
2025-12-17 12:09:24,044 - INFO -   Best: -8.746470
2025-12-17 12:09:24,045 - INFO -   Min: -8.746470
2025-12-17 12:09:24,045 - INFO -   Max: -4.055234
2025-12-17 12:09:24,045 - INFO -   Avg: -6.594263
2025-12-17 12:09:24,045 - INFO -   Std: 0.944284
2025-12-17 12:09:24,165 - INFO - Generation 130
2025-12-17 12:09:24,166 - INFO -   Best: -8.746470
2025-12-17 12:09:24,166 - INFO -   Min: -8.746470
2025-12-17 12:09:24,166 - INFO -   Max: -3.994328
2025-12-17 12:09:24,166 - INFO -   Avg: -6.538769
2025-12-17 12:09:24,166 - INFO -   Std: 1.086767
2025-12-17 12:09:24,288 - INFO - Generation 140
2025-12-17 12:09:24,288 - INFO -   Best: -8.784597
2025-12-17 12:09:24,288 - INFO -   Min: -8.784597
2025-12-17 12:09:24,288 - INFO -   Max: -4.376177
2025-12-17 12:09:24,289 - INFO -   Avg: -6.429683
2025-12-17 12:09:24,289 - INFO -   Std: 0.995698
2025-12-17 12:09:24,410 - INFO - Generation 150
2025-12-17 12:09:24,410 - INFO -   Best: -8.793937
2025-12-17 12:09:24,410 - INFO -   Min: -8.793937
2025-12-17 12:09:24,411 - INFO -   Max: -4.578183
2025-12-17 12:09:24,411 - INFO -   Avg: -6.607209
2025-12-17 12:09:24,411 - INFO -   Std: 0.966608
2025-12-17 12:09:24,532 - INFO - Generation 160
2025-12-17 12:09:24,532 - INFO -   Best: -8.793937
2025-12-17 12:09:24,533 - INFO -   Min: -8.793937
2025-12-17 12:09:24,533 - INFO -   Max: -4.084314
2025-12-17 12:09:24,533 - INFO -   Avg: -6.583516
2025-12-17 12:09:24,533 - INFO -   Std: 0.972912
2025-12-17 12:09:24,659 - INFO - Generation 170
2025-12-17 12:09:24,660 - INFO -   Best: -8.794463
2025-12-17 12:09:24,660 - INFO -   Min: -8.794463
2025-12-17 12:09:24,660 - INFO -   Max: -3.734715
2025-12-17 12:09:24,660 - INFO -   Avg: -6.559834
2025-12-17 12:09:24,660 - INFO -   Std: 1.113271
2025-12-17 12:09:24,779 - INFO - Generation 180
2025-12-17 12:09:24,779 - INFO -   Best: -8.794463
2025-12-17 12:09:24,779 - INFO -   Min: -8.794463
2025-12-17 12:09:24,779 - INFO -   Max: -4.238587
2025-12-17 12:09:24,779 - INFO -   Avg: -6.260466
2025-12-17 12:09:24,779 - INFO -   Std: 1.030507
2025-12-17 12:09:24,895 - INFO - Generation 190
2025-12-17 12:09:24,895 - INFO -   Best: -8.794463
2025-12-17 12:09:24,895 - INFO -   Min: -8.794463
2025-12-17 12:09:24,896 - INFO -   Max: -4.677427
2025-12-17 12:09:24,896 - INFO -   Avg: -6.763816
2025-12-17 12:09:24,896 - INFO -   Std: 0.898511
2025-12-17 12:09:25,012 - INFO - Generation 200
2025-12-17 12:09:25,012 - INFO -   Best: -8.795333
2025-12-17 12:09:25,013 - INFO -   Min: -8.795333
2025-12-17 12:09:25,013 - INFO -   Max: -3.987407
2025-12-17 12:09:25,013 - INFO -   Avg: -6.573196
2025-12-17 12:09:25,013 - INFO -   Std: 1.032613
2025-12-17 12:09:25,022 - INFO - 
Final best fitness: -8.7953327167
2025-12-17 12:09:25,022 - INFO - Execution time: 2.39s
