2025-12-17 11:42:37,775 - INFO - Representation: Real
2025-12-17 11:42:37,776 - INFO - Number of genes: 10
2025-12-17 11:42:37,776 - INFO - Bounds: [-100, 100]
2025-12-17 11:42:37,776 - INFO - Function: f16_2014
2025-12-17 11:42:37,776 - INFO - Population size: 100
2025-12-17 11:42:37,776 - INFO - Generations: 200
2025-12-17 11:42:37,776 - INFO - Selection: tournament
2025-12-17 11:42:37,776 - INFO - Crossover: single_point
2025-12-17 11:42:37,777 - INFO - Mutation: random
2025-12-17 11:42:37,777 - INFO - 
2025-12-17 11:42:37,956 - INFO - Generation 10
2025-12-17 11:42:37,956 - INFO -   Best: 1603.887262
2025-12-17 11:42:37,956 - INFO -   Min: 1603.887262
2025-12-17 11:42:37,957 - INFO -   Max: 1605.692621
2025-12-17 11:42:37,957 - INFO -   Avg: 1604.843072
2025-12-17 11:42:37,957 - INFO -   Std: 0.317823
2025-12-17 11:42:38,112 - INFO - Generation 20
2025-12-17 11:42:38,112 - INFO -   Best: 1603.697795
2025-12-17 11:42:38,112 - INFO -   Min: 1603.697795
2025-12-17 11:42:38,112 - INFO -   Max: 1606.055337
2025-12-17 11:42:38,113 - INFO -   Avg: 1604.765081
2025-12-17 11:42:38,113 - INFO -   Std: 0.472416
2025-12-17 11:42:38,256 - INFO - Generation 30
2025-12-17 11:42:38,256 - INFO -   Best: 1602.895404
2025-12-17 11:42:38,256 - INFO -   Min: 1602.895404
2025-12-17 11:42:38,256 - INFO -   Max: 1605.981851
2025-12-17 11:42:38,257 - INFO -   Avg: 1604.363898
2025-12-17 11:42:38,257 - INFO -   Std: 0.685861
2025-12-17 11:42:38,400 - INFO - Generation 40
2025-12-17 11:42:38,400 - INFO -   Best: 1602.545111
2025-12-17 11:42:38,401 - INFO -   Min: 1602.545111
2025-12-17 11:42:38,401 - INFO -   Max: 1605.467103
2025-12-17 11:42:38,401 - INFO -   Avg: 1603.974177
2025-12-17 11:42:38,401 - INFO -   Std: 0.756276
2025-12-17 11:42:38,538 - INFO - Generation 50
2025-12-17 11:42:38,538 - INFO -   Best: 1602.424002
2025-12-17 11:42:38,538 - INFO -   Min: 1602.424002
2025-12-17 11:42:38,539 - INFO -   Max: 1605.844852
2025-12-17 11:42:38,539 - INFO -   Avg: 1603.947583
2025-12-17 11:42:38,539 - INFO -   Std: 0.871869
2025-12-17 11:42:38,676 - INFO - Generation 60
2025-12-17 11:42:38,676 - INFO -   Best: 1602.424002
2025-12-17 11:42:38,676 - INFO -   Min: 1602.424002
2025-12-17 11:42:38,677 - INFO -   Max: 1605.666207
2025-12-17 11:42:38,677 - INFO -   Avg: 1603.901785
2025-12-17 11:42:38,677 - INFO -   Std: 0.695301
2025-12-17 11:42:38,808 - INFO - Generation 70
2025-12-17 11:42:38,809 - INFO -   Best: 1602.071619
2025-12-17 11:42:38,809 - INFO -   Min: 1602.071619
2025-12-17 11:42:38,809 - INFO -   Max: 1605.808418
2025-12-17 11:42:38,809 - INFO -   Avg: 1603.780068
2025-12-17 11:42:38,809 - INFO -   Std: 0.886744
2025-12-17 11:42:38,944 - INFO - Generation 80
2025-12-17 11:42:38,945 - INFO -   Best: 1602.071619
2025-12-17 11:42:38,945 - INFO -   Min: 1602.071619
2025-12-17 11:42:38,945 - INFO -   Max: 1605.641343
2025-12-17 11:42:38,945 - INFO -   Avg: 1604.092145
2025-12-17 11:42:38,945 - INFO -   Std: 0.804409
2025-12-17 11:42:39,079 - INFO - Generation 90
2025-12-17 11:42:39,080 - INFO -   Best: 1602.036287
2025-12-17 11:42:39,080 - INFO -   Min: 1602.036287
2025-12-17 11:42:39,080 - INFO -   Max: 1605.758382
2025-12-17 11:42:39,080 - INFO -   Avg: 1603.685939
2025-12-17 11:42:39,080 - INFO -   Std: 0.987205
2025-12-17 11:42:39,208 - INFO - Generation 100
2025-12-17 11:42:39,208 - INFO -   Best: 1602.036287
2025-12-17 11:42:39,208 - INFO -   Min: 1602.036287
2025-12-17 11:42:39,209 - INFO -   Max: 1605.507017
2025-12-17 11:42:39,209 - INFO -   Avg: 1603.797619
2025-12-17 11:42:39,209 - INFO -   Std: 0.992614
2025-12-17 11:42:39,341 - INFO - Generation 110
2025-12-17 11:42:39,342 - INFO -   Best: 1602.036287
2025-12-17 11:42:39,342 - INFO -   Min: 1602.036287
2025-12-17 11:42:39,342 - INFO -   Max: 1605.480113
2025-12-17 11:42:39,342 - INFO -   Avg: 1603.754476
2025-12-17 11:42:39,342 - INFO -   Std: 0.987144
2025-12-17 11:42:39,471 - INFO - Generation 120
2025-12-17 11:42:39,471 - INFO -   Best: 1602.021369
2025-12-17 11:42:39,471 - INFO -   Min: 1602.021369
2025-12-17 11:42:39,472 - INFO -   Max: 1606.055444
2025-12-17 11:42:39,472 - INFO -   Avg: 1603.921286
2025-12-17 11:42:39,472 - INFO -   Std: 1.054762
2025-12-17 11:42:39,602 - INFO - Generation 130
2025-12-17 11:42:39,602 - INFO -   Best: 1601.995416
2025-12-17 11:42:39,602 - INFO -   Min: 1601.995416
2025-12-17 11:42:39,602 - INFO -   Max: 1606.483559
2025-12-17 11:42:39,602 - INFO -   Avg: 1603.775432
2025-12-17 11:42:39,603 - INFO -   Std: 1.015812
2025-12-17 11:42:39,733 - INFO - Generation 140
2025-12-17 11:42:39,733 - INFO -   Best: 1601.995416
2025-12-17 11:42:39,733 - INFO -   Min: 1601.995416
2025-12-17 11:42:39,733 - INFO -   Max: 1606.350760
2025-12-17 11:42:39,733 - INFO -   Avg: 1603.480331
2025-12-17 11:42:39,734 - INFO -   Std: 1.106623
2025-12-17 11:42:39,863 - INFO - Generation 150
2025-12-17 11:42:39,863 - INFO -   Best: 1601.983449
2025-12-17 11:42:39,863 - INFO -   Min: 1601.983449
2025-12-17 11:42:39,864 - INFO -   Max: 1605.857550
2025-12-17 11:42:39,864 - INFO -   Avg: 1603.688615
2025-12-17 11:42:39,864 - INFO -   Std: 0.954669
2025-12-17 11:42:39,999 - INFO - Generation 160
2025-12-17 11:42:40,000 - INFO -   Best: 1601.760998
2025-12-17 11:42:40,000 - INFO -   Min: 1601.760998
2025-12-17 11:42:40,000 - INFO -   Max: 1606.349969
2025-12-17 11:42:40,000 - INFO -   Avg: 1603.854001
2025-12-17 11:42:40,000 - INFO -   Std: 1.014291
2025-12-17 11:42:40,132 - INFO - Generation 170
2025-12-17 11:42:40,132 - INFO -   Best: 1601.753888
2025-12-17 11:42:40,132 - INFO -   Min: 1601.753888
2025-12-17 11:42:40,132 - INFO -   Max: 1605.932929
2025-12-17 11:42:40,132 - INFO -   Avg: 1603.708246
2025-12-17 11:42:40,132 - INFO -   Std: 1.011905
2025-12-17 11:42:40,264 - INFO - Generation 180
2025-12-17 11:42:40,265 - INFO -   Best: 1601.743070
2025-12-17 11:42:40,265 - INFO -   Min: 1601.743070
2025-12-17 11:42:40,265 - INFO -   Max: 1605.692001
2025-12-17 11:42:40,265 - INFO -   Avg: 1603.683911
2025-12-17 11:42:40,265 - INFO -   Std: 1.067184
2025-12-17 11:42:40,398 - INFO - Generation 190
2025-12-17 11:42:40,398 - INFO -   Best: 1601.446974
2025-12-17 11:42:40,398 - INFO -   Min: 1601.446974
2025-12-17 11:42:40,399 - INFO -   Max: 1605.623150
2025-12-17 11:42:40,399 - INFO -   Avg: 1603.421642
2025-12-17 11:42:40,399 - INFO -   Std: 1.197995
2025-12-17 11:42:40,530 - INFO - Generation 200
2025-12-17 11:42:40,530 - INFO -   Best: 1601.446974
2025-12-17 11:42:40,530 - INFO -   Min: 1601.446974
2025-12-17 11:42:40,530 - INFO -   Max: 1605.910638
2025-12-17 11:42:40,530 - INFO -   Avg: 1603.595032
2025-12-17 11:42:40,531 - INFO -   Std: 1.106445
2025-12-17 11:42:40,539 - INFO - 
Final best fitness: 1601.5311836731
2025-12-17 11:42:40,539 - INFO - Execution time: 2.74s
