2025-12-17 12:08:23,114 - INFO - Representation: Binary
2025-12-17 12:08:23,115 - INFO - Bits per variable: 12
2025-12-17 12:08:23,115 - INFO - Total genes: 60
2025-12-17 12:08:23,115 - INFO - Function: michalewicz
2025-12-17 12:08:23,115 - INFO - Population size: 100
2025-12-17 12:08:23,116 - INFO - Generations: 200
2025-12-17 12:08:23,116 - INFO - Selection: rws
2025-12-17 12:08:23,116 - INFO - Crossover: two_points
2025-12-17 12:08:23,116 - INFO - Mutation: swap
2025-12-17 12:08:23,116 - INFO - 
2025-12-17 12:08:23,317 - INFO - Generation 10
2025-12-17 12:08:23,318 - INFO -   Best: -4.432759
2025-12-17 12:08:23,318 - INFO -   Min: -4.432759
2025-12-17 12:08:23,318 - INFO -   Max: -0.548389
2025-12-17 12:08:23,318 - INFO -   Avg: -2.416027
2025-12-17 12:08:23,319 - INFO -   Std: 0.819233
2025-12-17 12:08:23,399 - INFO - Generation 20
2025-12-17 12:08:23,399 - INFO -   Best: -4.527620
2025-12-17 12:08:23,399 - INFO -   Min: -4.527620
2025-12-17 12:08:23,400 - INFO -   Max: -1.095867
2025-12-17 12:08:23,400 - INFO -   Avg: -2.958405
2025-12-17 12:08:23,400 - INFO -   Std: 0.745784
2025-12-17 12:08:23,478 - INFO - Generation 30
2025-12-17 12:08:23,478 - INFO -   Best: -4.634783
2025-12-17 12:08:23,478 - INFO -   Min: -4.634783
2025-12-17 12:08:23,478 - INFO -   Max: -1.535340
2025-12-17 12:08:23,478 - INFO -   Avg: -3.544638
2025-12-17 12:08:23,479 - INFO -   Std: 0.688738
2025-12-17 12:08:23,557 - INFO - Generation 40
2025-12-17 12:08:23,557 - INFO -   Best: -4.640892
2025-12-17 12:08:23,557 - INFO -   Min: -4.640892
2025-12-17 12:08:23,557 - INFO -   Max: -1.398409
2025-12-17 12:08:23,557 - INFO -   Avg: -3.578646
2025-12-17 12:08:23,557 - INFO -   Std: 0.712811
2025-12-17 12:08:23,636 - INFO - Generation 50
2025-12-17 12:08:23,637 - INFO -   Best: -4.657456
2025-12-17 12:08:23,637 - INFO -   Min: -4.657456
2025-12-17 12:08:23,637 - INFO -   Max: -1.070570
2025-12-17 12:08:23,637 - INFO -   Avg: -3.520415
2025-12-17 12:08:23,637 - INFO -   Std: 0.717048
2025-12-17 12:08:23,719 - INFO - Generation 60
2025-12-17 12:08:23,719 - INFO -   Best: -4.662822
2025-12-17 12:08:23,719 - INFO -   Min: -4.662822
2025-12-17 12:08:23,719 - INFO -   Max: -1.811958
2025-12-17 12:08:23,720 - INFO -   Avg: -3.898863
2025-12-17 12:08:23,720 - INFO -   Std: 0.629759
2025-12-17 12:08:23,803 - INFO - Generation 70
2025-12-17 12:08:23,803 - INFO -   Best: -4.662822
2025-12-17 12:08:23,803 - INFO -   Min: -4.662822
2025-12-17 12:08:23,803 - INFO -   Max: -1.907070
2025-12-17 12:08:23,803 - INFO -   Avg: -3.923178
2025-12-17 12:08:23,803 - INFO -   Std: 0.600760
2025-12-17 12:08:23,891 - INFO - Generation 80
2025-12-17 12:08:23,891 - INFO -   Best: -4.662928
2025-12-17 12:08:23,891 - INFO -   Min: -4.662928
2025-12-17 12:08:23,892 - INFO -   Max: -2.490294
2025-12-17 12:08:23,892 - INFO -   Avg: -4.136236
2025-12-17 12:08:23,892 - INFO -   Std: 0.514811
2025-12-17 12:08:23,975 - INFO - Generation 90
2025-12-17 12:08:23,975 - INFO -   Best: -4.662928
2025-12-17 12:08:23,975 - INFO -   Min: -4.662928
2025-12-17 12:08:23,976 - INFO -   Max: -2.443775
2025-12-17 12:08:23,976 - INFO -   Avg: -3.845894
2025-12-17 12:08:23,976 - INFO -   Std: 0.611551
2025-12-17 12:08:24,060 - INFO - Generation 100
2025-12-17 12:08:24,060 - INFO -   Best: -4.662928
2025-12-17 12:08:24,060 - INFO -   Min: -4.662928
2025-12-17 12:08:24,060 - INFO -   Max: -2.087056
2025-12-17 12:08:24,060 - INFO -   Avg: -3.890159
2025-12-17 12:08:24,061 - INFO -   Std: 0.630546
2025-12-17 12:08:24,148 - INFO - Generation 110
2025-12-17 12:08:24,148 - INFO -   Best: -4.662928
2025-12-17 12:08:24,149 - INFO -   Min: -4.662928
2025-12-17 12:08:24,149 - INFO -   Max: -2.576942
2025-12-17 12:08:24,149 - INFO -   Avg: -4.205849
2025-12-17 12:08:24,149 - INFO -   Std: 0.511660
2025-12-17 12:08:24,240 - INFO - Generation 120
2025-12-17 12:08:24,240 - INFO -   Best: -4.662928
2025-12-17 12:08:24,241 - INFO -   Min: -4.662928
2025-12-17 12:08:24,241 - INFO -   Max: -2.597291
2025-12-17 12:08:24,241 - INFO -   Avg: -4.107463
2025-12-17 12:08:24,241 - INFO -   Std: 0.480473
2025-12-17 12:08:24,328 - INFO - Generation 130
2025-12-17 12:08:24,328 - INFO -   Best: -4.662928
2025-12-17 12:08:24,328 - INFO -   Min: -4.662928
2025-12-17 12:08:24,329 - INFO -   Max: -1.698902
2025-12-17 12:08:24,329 - INFO -   Avg: -3.977692
2025-12-17 12:08:24,329 - INFO -   Std: 0.674826
2025-12-17 12:08:24,416 - INFO - Generation 140
2025-12-17 12:08:24,417 - INFO -   Best: -4.662928
2025-12-17 12:08:24,417 - INFO -   Min: -4.662928
2025-12-17 12:08:24,417 - INFO -   Max: -2.607058
2025-12-17 12:08:24,417 - INFO -   Avg: -4.270270
2025-12-17 12:08:24,417 - INFO -   Std: 0.454280
2025-12-17 12:08:24,494 - INFO - Generation 150
2025-12-17 12:08:24,494 - INFO -   Best: -4.662928
2025-12-17 12:08:24,494 - INFO -   Min: -4.662928
2025-12-17 12:08:24,495 - INFO -   Max: -2.706715
2025-12-17 12:08:24,495 - INFO -   Avg: -4.279351
2025-12-17 12:08:24,495 - INFO -   Std: 0.437461
2025-12-17 12:08:24,577 - INFO - Generation 160
2025-12-17 12:08:24,577 - INFO -   Best: -4.662928
2025-12-17 12:08:24,577 - INFO -   Min: -4.662928
2025-12-17 12:08:24,578 - INFO -   Max: -2.367011
2025-12-17 12:08:24,578 - INFO -   Avg: -3.981813
2025-12-17 12:08:24,578 - INFO -   Std: 0.557439
2025-12-17 12:08:24,662 - INFO - Generation 170
2025-12-17 12:08:24,662 - INFO -   Best: -4.662928
2025-12-17 12:08:24,662 - INFO -   Min: -4.662928
2025-12-17 12:08:24,663 - INFO -   Max: -2.584341
2025-12-17 12:08:24,663 - INFO -   Avg: -4.126817
2025-12-17 12:08:24,663 - INFO -   Std: 0.558355
2025-12-17 12:08:24,747 - INFO - Generation 180
2025-12-17 12:08:24,748 - INFO -   Best: -4.662928
2025-12-17 12:08:24,748 - INFO -   Min: -4.662928
2025-12-17 12:08:24,748 - INFO -   Max: -2.717362
2025-12-17 12:08:24,748 - INFO -   Avg: -4.219488
2025-12-17 12:08:24,748 - INFO -   Std: 0.458286
2025-12-17 12:08:24,837 - INFO - Generation 190
2025-12-17 12:08:24,837 - INFO -   Best: -4.662928
2025-12-17 12:08:24,838 - INFO -   Min: -4.662928
2025-12-17 12:08:24,838 - INFO -   Max: -1.699641
2025-12-17 12:08:24,838 - INFO -   Avg: -3.908023
2025-12-17 12:08:24,838 - INFO -   Std: 0.655748
2025-12-17 12:08:24,925 - INFO - Generation 200
2025-12-17 12:08:24,926 - INFO -   Best: -4.662928
2025-12-17 12:08:24,926 - INFO -   Min: -4.662928
2025-12-17 12:08:24,926 - INFO -   Max: -2.834039
2025-12-17 12:08:24,926 - INFO -   Avg: -4.142398
2025-12-17 12:08:24,926 - INFO -   Std: 0.487046
2025-12-17 12:08:24,933 - INFO - 
Final best fitness: -4.6629277392
2025-12-17 12:08:24,933 - INFO - Execution time: 1.69s
