2025-12-17 12:20:23,218 - INFO - Representation: Real
2025-12-17 12:20:23,218 - INFO - Number of genes: 30
2025-12-17 12:20:23,218 - INFO - Bounds: [-100, 100]
2025-12-17 12:20:23,218 - INFO - Function: f16_2014
2025-12-17 12:20:23,219 - INFO - Population size: 100
2025-12-17 12:20:23,219 - INFO - Generations: 200
2025-12-17 12:20:23,219 - INFO - Selection: rws
2025-12-17 12:20:23,219 - INFO - Crossover: two_points
2025-12-17 12:20:23,219 - INFO - Mutation: swap
2025-12-17 12:20:23,219 - INFO - 
2025-12-17 12:20:23,648 - INFO - Generation 10
2025-12-17 12:20:23,648 - INFO -   Best: 1613.934475
2025-12-17 12:20:23,648 - INFO -   Min: 1613.934475
2025-12-17 12:20:23,648 - INFO -   Max: 1615.833439
2025-12-17 12:20:23,649 - INFO -   Avg: 1614.979922
2025-12-17 12:20:23,649 - INFO -   Std: 0.306891
2025-12-17 12:20:24,001 - INFO - Generation 20
2025-12-17 12:20:24,001 - INFO -   Best: 1613.807161
2025-12-17 12:20:24,001 - INFO -   Min: 1613.807161
2025-12-17 12:20:24,002 - INFO -   Max: 1615.933005
2025-12-17 12:20:24,002 - INFO -   Avg: 1614.984328
2025-12-17 12:20:24,002 - INFO -   Std: 0.344135
2025-12-17 12:20:24,357 - INFO - Generation 30
2025-12-17 12:20:24,357 - INFO -   Best: 1613.580099
2025-12-17 12:20:24,357 - INFO -   Min: 1613.580099
2025-12-17 12:20:24,357 - INFO -   Max: 1615.960231
2025-12-17 12:20:24,357 - INFO -   Avg: 1614.969142
2025-12-17 12:20:24,357 - INFO -   Std: 0.363023
2025-12-17 12:20:24,710 - INFO - Generation 40
2025-12-17 12:20:24,711 - INFO -   Best: 1613.580099
2025-12-17 12:20:24,711 - INFO -   Min: 1613.580099
2025-12-17 12:20:24,711 - INFO -   Max: 1615.845938
2025-12-17 12:20:24,711 - INFO -   Avg: 1615.010195
2025-12-17 12:20:24,711 - INFO -   Std: 0.343147
2025-12-17 12:20:25,065 - INFO - Generation 50
2025-12-17 12:20:25,065 - INFO -   Best: 1613.580099
2025-12-17 12:20:25,065 - INFO -   Min: 1613.580099
2025-12-17 12:20:25,066 - INFO -   Max: 1615.969237
2025-12-17 12:20:25,066 - INFO -   Avg: 1615.006004
2025-12-17 12:20:25,066 - INFO -   Std: 0.345028
2025-12-17 12:20:25,419 - INFO - Generation 60
2025-12-17 12:20:25,419 - INFO -   Best: 1613.168151
2025-12-17 12:20:25,419 - INFO -   Min: 1613.168151
2025-12-17 12:20:25,419 - INFO -   Max: 1616.412932
2025-12-17 12:20:25,420 - INFO -   Avg: 1615.035408
2025-12-17 12:20:25,420 - INFO -   Std: 0.430220
2025-12-17 12:20:25,772 - INFO - Generation 70
2025-12-17 12:20:25,772 - INFO -   Best: 1613.168151
2025-12-17 12:20:25,772 - INFO -   Min: 1613.168151
2025-12-17 12:20:25,773 - INFO -   Max: 1616.077459
2025-12-17 12:20:25,773 - INFO -   Avg: 1614.937310
2025-12-17 12:20:25,773 - INFO -   Std: 0.454581
2025-12-17 12:20:26,127 - INFO - Generation 80
2025-12-17 12:20:26,127 - INFO -   Best: 1613.168151
2025-12-17 12:20:26,127 - INFO -   Min: 1613.168151
2025-12-17 12:20:26,127 - INFO -   Max: 1616.100441
2025-12-17 12:20:26,127 - INFO -   Avg: 1614.951229
2025-12-17 12:20:26,128 - INFO -   Std: 0.453337
2025-12-17 12:20:26,482 - INFO - Generation 90
2025-12-17 12:20:26,483 - INFO -   Best: 1613.168151
2025-12-17 12:20:26,483 - INFO -   Min: 1613.168151
2025-12-17 12:20:26,483 - INFO -   Max: 1616.845772
2025-12-17 12:20:26,483 - INFO -   Avg: 1615.009401
2025-12-17 12:20:26,483 - INFO -   Std: 0.547456
2025-12-17 12:20:26,838 - INFO - Generation 100
2025-12-17 12:20:26,839 - INFO -   Best: 1613.168151
2025-12-17 12:20:26,839 - INFO -   Min: 1613.168151
2025-12-17 12:20:26,839 - INFO -   Max: 1615.681991
2025-12-17 12:20:26,839 - INFO -   Avg: 1614.843639
2025-12-17 12:20:26,839 - INFO -   Std: 0.412153
2025-12-17 12:20:27,195 - INFO - Generation 110
2025-12-17 12:20:27,196 - INFO -   Best: 1613.168151
2025-12-17 12:20:27,196 - INFO -   Min: 1613.168151
2025-12-17 12:20:27,196 - INFO -   Max: 1615.890851
2025-12-17 12:20:27,196 - INFO -   Avg: 1614.923846
2025-12-17 12:20:27,196 - INFO -   Std: 0.429626
2025-12-17 12:20:27,554 - INFO - Generation 120
2025-12-17 12:20:27,554 - INFO -   Best: 1613.168151
2025-12-17 12:20:27,554 - INFO -   Min: 1613.168151
2025-12-17 12:20:27,554 - INFO -   Max: 1615.819062
2025-12-17 12:20:27,555 - INFO -   Avg: 1614.980217
2025-12-17 12:20:27,555 - INFO -   Std: 0.425001
2025-12-17 12:20:27,923 - INFO - Generation 130
2025-12-17 12:20:27,923 - INFO -   Best: 1613.005184
2025-12-17 12:20:27,923 - INFO -   Min: 1613.005184
2025-12-17 12:20:27,923 - INFO -   Max: 1616.375373
2025-12-17 12:20:27,924 - INFO -   Avg: 1614.972336
2025-12-17 12:20:27,924 - INFO -   Std: 0.427852
2025-12-17 12:20:28,276 - INFO - Generation 140
2025-12-17 12:20:28,277 - INFO -   Best: 1613.005184
2025-12-17 12:20:28,277 - INFO -   Min: 1613.005184
2025-12-17 12:20:28,277 - INFO -   Max: 1616.199786
2025-12-17 12:20:28,277 - INFO -   Avg: 1615.006301
2025-12-17 12:20:28,277 - INFO -   Std: 0.350034
2025-12-17 12:20:28,628 - INFO - Generation 150
2025-12-17 12:20:28,628 - INFO -   Best: 1613.005184
2025-12-17 12:20:28,628 - INFO -   Min: 1613.005184
2025-12-17 12:20:28,629 - INFO -   Max: 1615.498417
2025-12-17 12:20:28,629 - INFO -   Avg: 1614.886297
2025-12-17 12:20:28,629 - INFO -   Std: 0.370379
2025-12-17 12:20:28,977 - INFO - Generation 160
2025-12-17 12:20:28,977 - INFO -   Best: 1613.005184
2025-12-17 12:20:28,978 - INFO -   Min: 1613.005184
2025-12-17 12:20:28,978 - INFO -   Max: 1615.554425
2025-12-17 12:20:28,978 - INFO -   Avg: 1614.830405
2025-12-17 12:20:28,978 - INFO -   Std: 0.449859
2025-12-17 12:20:29,327 - INFO - Generation 170
2025-12-17 12:20:29,327 - INFO -   Best: 1613.005184
2025-12-17 12:20:29,328 - INFO -   Min: 1613.005184
2025-12-17 12:20:29,328 - INFO -   Max: 1615.556484
2025-12-17 12:20:29,328 - INFO -   Avg: 1614.907471
2025-12-17 12:20:29,328 - INFO -   Std: 0.415852
2025-12-17 12:20:29,680 - INFO - Generation 180
2025-12-17 12:20:29,680 - INFO -   Best: 1613.005184
2025-12-17 12:20:29,680 - INFO -   Min: 1613.005184
2025-12-17 12:20:29,680 - INFO -   Max: 1615.616983
2025-12-17 12:20:29,681 - INFO -   Avg: 1614.888512
2025-12-17 12:20:29,681 - INFO -   Std: 0.411798
2025-12-17 12:20:30,029 - INFO - Generation 190
2025-12-17 12:20:30,029 - INFO -   Best: 1613.005184
2025-12-17 12:20:30,030 - INFO -   Min: 1613.005184
2025-12-17 12:20:30,030 - INFO -   Max: 1615.644004
2025-12-17 12:20:30,030 - INFO -   Avg: 1614.898655
2025-12-17 12:20:30,030 - INFO -   Std: 0.406620
2025-12-17 12:20:30,379 - INFO - Generation 200
2025-12-17 12:20:30,379 - INFO -   Best: 1613.005184
2025-12-17 12:20:30,379 - INFO -   Min: 1613.005184
2025-12-17 12:20:30,379 - INFO -   Max: 1615.501013
2025-12-17 12:20:30,380 - INFO -   Avg: 1614.771501
2025-12-17 12:20:30,380 - INFO -   Std: 0.398049
2025-12-17 12:20:30,401 - INFO - 
Final best fitness: 1613.0051836892
2025-12-17 12:20:30,402 - INFO - Execution time: 7.12s
