2025-12-17 12:13:50,559 - INFO - Representation: Binary
2025-12-17 12:13:50,559 - INFO - Bits per variable: 12
2025-12-17 12:13:50,559 - INFO - Total genes: 240
2025-12-17 12:13:50,559 - INFO - Function: f16_2014
2025-12-17 12:13:50,560 - INFO - Population size: 100
2025-12-17 12:13:50,560 - INFO - Generations: 200
2025-12-17 12:13:50,560 - INFO - Selection: rws
2025-12-17 12:13:50,560 - INFO - Crossover: two_points
2025-12-17 12:13:50,560 - INFO - Mutation: swap
2025-12-17 12:13:50,560 - INFO - 
2025-12-17 12:13:51,401 - INFO - Generation 10
2025-12-17 12:13:51,401 - INFO -   Best: 1608.618171
2025-12-17 12:13:51,402 - INFO -   Min: 1608.618171
2025-12-17 12:13:51,402 - INFO -   Max: 1610.447679
2025-12-17 12:13:51,402 - INFO -   Avg: 1609.849876
2025-12-17 12:13:51,402 - INFO -   Std: 0.333834
2025-12-17 12:13:51,770 - INFO - Generation 20
2025-12-17 12:13:51,770 - INFO -   Best: 1608.433534
2025-12-17 12:13:51,770 - INFO -   Min: 1608.433534
2025-12-17 12:13:51,770 - INFO -   Max: 1610.768241
2025-12-17 12:13:51,771 - INFO -   Avg: 1609.895071
2025-12-17 12:13:51,771 - INFO -   Std: 0.378275
2025-12-17 12:13:52,136 - INFO - Generation 30
2025-12-17 12:13:52,136 - INFO -   Best: 1608.433534
2025-12-17 12:13:52,136 - INFO -   Min: 1608.433534
2025-12-17 12:13:52,136 - INFO -   Max: 1611.367368
2025-12-17 12:13:52,136 - INFO -   Avg: 1609.997408
2025-12-17 12:13:52,137 - INFO -   Std: 0.451006
2025-12-17 12:13:52,505 - INFO - Generation 40
2025-12-17 12:13:52,506 - INFO -   Best: 1608.433534
2025-12-17 12:13:52,506 - INFO -   Min: 1608.433534
2025-12-17 12:13:52,506 - INFO -   Max: 1610.881328
2025-12-17 12:13:52,506 - INFO -   Avg: 1609.940352
2025-12-17 12:13:52,506 - INFO -   Std: 0.423676
2025-12-17 12:13:52,874 - INFO - Generation 50
2025-12-17 12:13:52,875 - INFO -   Best: 1608.345526
2025-12-17 12:13:52,875 - INFO -   Min: 1608.345526
2025-12-17 12:13:52,875 - INFO -   Max: 1611.491058
2025-12-17 12:13:52,875 - INFO -   Avg: 1610.091161
2025-12-17 12:13:52,875 - INFO -   Std: 0.490395
2025-12-17 12:13:53,252 - INFO - Generation 60
2025-12-17 12:13:53,252 - INFO -   Best: 1608.345526
2025-12-17 12:13:53,252 - INFO -   Min: 1608.345526
2025-12-17 12:13:53,252 - INFO -   Max: 1611.043060
2025-12-17 12:13:53,252 - INFO -   Avg: 1609.897030
2025-12-17 12:13:53,253 - INFO -   Std: 0.418251
2025-12-17 12:13:53,631 - INFO - Generation 70
2025-12-17 12:13:53,631 - INFO -   Best: 1608.345526
2025-12-17 12:13:53,632 - INFO -   Min: 1608.345526
2025-12-17 12:13:53,632 - INFO -   Max: 1611.194612
2025-12-17 12:13:53,632 - INFO -   Avg: 1609.957008
2025-12-17 12:13:53,632 - INFO -   Std: 0.471371
2025-12-17 12:13:54,004 - INFO - Generation 80
2025-12-17 12:13:54,004 - INFO -   Best: 1608.345526
2025-12-17 12:13:54,005 - INFO -   Min: 1608.345526
2025-12-17 12:13:54,005 - INFO -   Max: 1610.828894
2025-12-17 12:13:54,005 - INFO -   Avg: 1609.957157
2025-12-17 12:13:54,005 - INFO -   Std: 0.429021
2025-12-17 12:13:54,378 - INFO - Generation 90
2025-12-17 12:13:54,378 - INFO -   Best: 1608.261016
2025-12-17 12:13:54,378 - INFO -   Min: 1608.261016
2025-12-17 12:13:54,379 - INFO -   Max: 1611.225831
2025-12-17 12:13:54,379 - INFO -   Avg: 1609.915980
2025-12-17 12:13:54,379 - INFO -   Std: 0.490825
2025-12-17 12:13:54,756 - INFO - Generation 100
2025-12-17 12:13:54,756 - INFO -   Best: 1608.260490
2025-12-17 12:13:54,756 - INFO -   Min: 1608.260490
2025-12-17 12:13:54,756 - INFO -   Max: 1611.189447
2025-12-17 12:13:54,756 - INFO -   Avg: 1609.985051
2025-12-17 12:13:54,756 - INFO -   Std: 0.452444
2025-12-17 12:13:55,129 - INFO - Generation 110
2025-12-17 12:13:55,130 - INFO -   Best: 1608.192232
2025-12-17 12:13:55,130 - INFO -   Min: 1608.192232
2025-12-17 12:13:55,130 - INFO -   Max: 1610.979066
2025-12-17 12:13:55,130 - INFO -   Avg: 1609.903114
2025-12-17 12:13:55,130 - INFO -   Std: 0.451555
2025-12-17 12:13:55,514 - INFO - Generation 120
2025-12-17 12:13:55,515 - INFO -   Best: 1608.192232
2025-12-17 12:13:55,515 - INFO -   Min: 1608.192232
2025-12-17 12:13:55,515 - INFO -   Max: 1611.057049
2025-12-17 12:13:55,515 - INFO -   Avg: 1609.828226
2025-12-17 12:13:55,515 - INFO -   Std: 0.529721
2025-12-17 12:13:55,901 - INFO - Generation 130
2025-12-17 12:13:55,902 - INFO -   Best: 1608.192232
2025-12-17 12:13:55,902 - INFO -   Min: 1608.192232
2025-12-17 12:13:55,902 - INFO -   Max: 1610.543471
2025-12-17 12:13:55,902 - INFO -   Avg: 1609.968285
2025-12-17 12:13:55,902 - INFO -   Std: 0.305424
2025-12-17 12:13:56,289 - INFO - Generation 140
2025-12-17 12:13:56,289 - INFO -   Best: 1608.146751
2025-12-17 12:13:56,290 - INFO -   Min: 1608.146751
2025-12-17 12:13:56,290 - INFO -   Max: 1610.977610
2025-12-17 12:13:56,290 - INFO -   Avg: 1609.614081
2025-12-17 12:13:56,290 - INFO -   Std: 0.617609
2025-12-17 12:13:56,685 - INFO - Generation 150
2025-12-17 12:13:56,686 - INFO -   Best: 1607.976475
2025-12-17 12:13:56,686 - INFO -   Min: 1607.976475
2025-12-17 12:13:56,686 - INFO -   Max: 1610.747553
2025-12-17 12:13:56,686 - INFO -   Avg: 1609.766785
2025-12-17 12:13:56,686 - INFO -   Std: 0.528814
2025-12-17 12:13:57,076 - INFO - Generation 160
2025-12-17 12:13:57,076 - INFO -   Best: 1607.967901
2025-12-17 12:13:57,077 - INFO -   Min: 1607.967901
2025-12-17 12:13:57,077 - INFO -   Max: 1610.803014
2025-12-17 12:13:57,077 - INFO -   Avg: 1609.817120
2025-12-17 12:13:57,077 - INFO -   Std: 0.502509
2025-12-17 12:13:57,470 - INFO - Generation 170
2025-12-17 12:13:57,470 - INFO -   Best: 1607.869109
2025-12-17 12:13:57,470 - INFO -   Min: 1607.869109
2025-12-17 12:13:57,471 - INFO -   Max: 1610.894248
2025-12-17 12:13:57,471 - INFO -   Avg: 1609.724567
2025-12-17 12:13:57,471 - INFO -   Std: 0.565942
2025-12-17 12:13:57,858 - INFO - Generation 180
2025-12-17 12:13:57,859 - INFO -   Best: 1607.869109
2025-12-17 12:13:57,859 - INFO -   Min: 1607.869109
2025-12-17 12:13:57,859 - INFO -   Max: 1610.780745
2025-12-17 12:13:57,859 - INFO -   Avg: 1609.868007
2025-12-17 12:13:57,859 - INFO -   Std: 0.537278
2025-12-17 12:13:58,245 - INFO - Generation 190
2025-12-17 12:13:58,246 - INFO -   Best: 1607.869109
2025-12-17 12:13:58,246 - INFO -   Min: 1607.869109
2025-12-17 12:13:58,246 - INFO -   Max: 1610.794446
2025-12-17 12:13:58,246 - INFO -   Avg: 1609.838612
2025-12-17 12:13:58,246 - INFO -   Std: 0.504251
2025-12-17 12:13:58,621 - INFO - Generation 200
2025-12-17 12:13:58,622 - INFO -   Best: 1607.734513
2025-12-17 12:13:58,622 - INFO -   Min: 1607.734513
2025-12-17 12:13:58,622 - INFO -   Max: 1610.862889
2025-12-17 12:13:58,623 - INFO -   Avg: 1609.858443
2025-12-17 12:13:58,623 - INFO -   Std: 0.557982
2025-12-17 12:13:58,648 - INFO - 
Final best fitness: 1607.7345129095
2025-12-17 12:13:58,648 - INFO - Execution time: 7.63s
