2025-12-17 12:11:26,932 - INFO - Representation: Binary
2025-12-17 12:11:26,933 - INFO - Bits per variable: 12
2025-12-17 12:11:26,933 - INFO - Total genes: 120
2025-12-17 12:11:26,933 - INFO - Function: f16_2014
2025-12-17 12:11:26,933 - INFO - Population size: 100
2025-12-17 12:11:26,933 - INFO - Generations: 200
2025-12-17 12:11:26,933 - INFO - Selection: rws
2025-12-17 12:11:26,934 - INFO - Crossover: two_points
2025-12-17 12:11:26,934 - INFO - Mutation: swap
2025-12-17 12:11:26,934 - INFO - 
2025-12-17 12:11:27,376 - INFO - Generation 10
2025-12-17 12:11:27,376 - INFO -   Best: 1604.205145
2025-12-17 12:11:27,377 - INFO -   Min: 1604.205145
2025-12-17 12:11:27,377 - INFO -   Max: 1605.582379
2025-12-17 12:11:27,377 - INFO -   Avg: 1604.945584
2025-12-17 12:11:27,377 - INFO -   Std: 0.211078
2025-12-17 12:11:27,584 - INFO - Generation 20
2025-12-17 12:11:27,584 - INFO -   Best: 1604.072982
2025-12-17 12:11:27,584 - INFO -   Min: 1604.072982
2025-12-17 12:11:27,585 - INFO -   Max: 1605.603338
2025-12-17 12:11:27,585 - INFO -   Avg: 1604.980458
2025-12-17 12:11:27,585 - INFO -   Std: 0.219541
2025-12-17 12:11:27,792 - INFO - Generation 30
2025-12-17 12:11:27,792 - INFO -   Best: 1604.072982
2025-12-17 12:11:27,792 - INFO -   Min: 1604.072982
2025-12-17 12:11:27,792 - INFO -   Max: 1605.920836
2025-12-17 12:11:27,792 - INFO -   Avg: 1605.002590
2025-12-17 12:11:27,792 - INFO -   Std: 0.269853
2025-12-17 12:11:28,003 - INFO - Generation 40
2025-12-17 12:11:28,003 - INFO -   Best: 1604.072982
2025-12-17 12:11:28,003 - INFO -   Min: 1604.072982
2025-12-17 12:11:28,003 - INFO -   Max: 1605.774367
2025-12-17 12:11:28,003 - INFO -   Avg: 1604.969579
2025-12-17 12:11:28,003 - INFO -   Std: 0.292309
2025-12-17 12:11:28,218 - INFO - Generation 50
2025-12-17 12:11:28,218 - INFO -   Best: 1603.565702
2025-12-17 12:11:28,218 - INFO -   Min: 1603.565702
2025-12-17 12:11:28,219 - INFO -   Max: 1605.487334
2025-12-17 12:11:28,219 - INFO -   Avg: 1604.979479
2025-12-17 12:11:28,219 - INFO -   Std: 0.299422
2025-12-17 12:11:28,434 - INFO - Generation 60
2025-12-17 12:11:28,434 - INFO -   Best: 1603.290476
2025-12-17 12:11:28,434 - INFO -   Min: 1603.290476
2025-12-17 12:11:28,434 - INFO -   Max: 1605.727864
2025-12-17 12:11:28,434 - INFO -   Avg: 1604.910053
2025-12-17 12:11:28,434 - INFO -   Std: 0.376765
2025-12-17 12:11:28,646 - INFO - Generation 70
2025-12-17 12:11:28,646 - INFO -   Best: 1603.290476
2025-12-17 12:11:28,646 - INFO -   Min: 1603.290476
2025-12-17 12:11:28,646 - INFO -   Max: 1605.630191
2025-12-17 12:11:28,646 - INFO -   Avg: 1604.962264
2025-12-17 12:11:28,647 - INFO -   Std: 0.343670
2025-12-17 12:11:28,859 - INFO - Generation 80
2025-12-17 12:11:28,859 - INFO -   Best: 1603.290476
2025-12-17 12:11:28,860 - INFO -   Min: 1603.290476
2025-12-17 12:11:28,860 - INFO -   Max: 1605.769735
2025-12-17 12:11:28,860 - INFO -   Avg: 1605.004254
2025-12-17 12:11:28,860 - INFO -   Std: 0.363705
2025-12-17 12:11:29,071 - INFO - Generation 90
2025-12-17 12:11:29,072 - INFO -   Best: 1603.290476
2025-12-17 12:11:29,072 - INFO -   Min: 1603.290476
2025-12-17 12:11:29,072 - INFO -   Max: 1606.080204
2025-12-17 12:11:29,072 - INFO -   Avg: 1604.977940
2025-12-17 12:11:29,072 - INFO -   Std: 0.395127
2025-12-17 12:11:29,284 - INFO - Generation 100
2025-12-17 12:11:29,285 - INFO -   Best: 1603.290476
2025-12-17 12:11:29,285 - INFO -   Min: 1603.290476
2025-12-17 12:11:29,285 - INFO -   Max: 1605.844379
2025-12-17 12:11:29,285 - INFO -   Avg: 1604.964259
2025-12-17 12:11:29,285 - INFO -   Std: 0.436092
2025-12-17 12:11:29,495 - INFO - Generation 110
2025-12-17 12:11:29,495 - INFO -   Best: 1603.290476
2025-12-17 12:11:29,495 - INFO -   Min: 1603.290476
2025-12-17 12:11:29,496 - INFO -   Max: 1605.781710
2025-12-17 12:11:29,496 - INFO -   Avg: 1604.864709
2025-12-17 12:11:29,496 - INFO -   Std: 0.427155
2025-12-17 12:11:29,706 - INFO - Generation 120
2025-12-17 12:11:29,706 - INFO -   Best: 1603.290476
2025-12-17 12:11:29,707 - INFO -   Min: 1603.290476
2025-12-17 12:11:29,707 - INFO -   Max: 1605.777897
2025-12-17 12:11:29,707 - INFO -   Avg: 1605.009131
2025-12-17 12:11:29,707 - INFO -   Std: 0.377558
2025-12-17 12:11:29,930 - INFO - Generation 130
2025-12-17 12:11:29,930 - INFO -   Best: 1603.290476
2025-12-17 12:11:29,930 - INFO -   Min: 1603.290476
2025-12-17 12:11:29,930 - INFO -   Max: 1605.952235
2025-12-17 12:11:29,930 - INFO -   Avg: 1604.805465
2025-12-17 12:11:29,931 - INFO -   Std: 0.496758
2025-12-17 12:11:30,147 - INFO - Generation 140
2025-12-17 12:11:30,147 - INFO -   Best: 1603.048440
2025-12-17 12:11:30,148 - INFO -   Min: 1603.048440
2025-12-17 12:11:30,148 - INFO -   Max: 1606.561952
2025-12-17 12:11:30,148 - INFO -   Avg: 1604.800854
2025-12-17 12:11:30,148 - INFO -   Std: 0.533919
2025-12-17 12:11:30,368 - INFO - Generation 150
2025-12-17 12:11:30,368 - INFO -   Best: 1603.048440
2025-12-17 12:11:30,368 - INFO -   Min: 1603.048440
2025-12-17 12:11:30,368 - INFO -   Max: 1605.970783
2025-12-17 12:11:30,369 - INFO -   Avg: 1604.915798
2025-12-17 12:11:30,369 - INFO -   Std: 0.416586
2025-12-17 12:11:30,582 - INFO - Generation 160
2025-12-17 12:11:30,582 - INFO -   Best: 1603.048440
2025-12-17 12:11:30,583 - INFO -   Min: 1603.048440
2025-12-17 12:11:30,583 - INFO -   Max: 1605.613051
2025-12-17 12:11:30,583 - INFO -   Avg: 1604.875249
2025-12-17 12:11:30,583 - INFO -   Std: 0.420578
2025-12-17 12:11:30,798 - INFO - Generation 170
2025-12-17 12:11:30,799 - INFO -   Best: 1603.007177
2025-12-17 12:11:30,799 - INFO -   Min: 1603.007177
2025-12-17 12:11:30,799 - INFO -   Max: 1605.884105
2025-12-17 12:11:30,799 - INFO -   Avg: 1604.878639
2025-12-17 12:11:30,799 - INFO -   Std: 0.536879
2025-12-17 12:11:31,017 - INFO - Generation 180
2025-12-17 12:11:31,017 - INFO -   Best: 1602.985796
2025-12-17 12:11:31,017 - INFO -   Min: 1602.985796
2025-12-17 12:11:31,017 - INFO -   Max: 1605.914731
2025-12-17 12:11:31,017 - INFO -   Avg: 1604.874849
2025-12-17 12:11:31,017 - INFO -   Std: 0.570003
2025-12-17 12:11:31,238 - INFO - Generation 190
2025-12-17 12:11:31,238 - INFO -   Best: 1602.985796
2025-12-17 12:11:31,238 - INFO -   Min: 1602.985796
2025-12-17 12:11:31,238 - INFO -   Max: 1606.487766
2025-12-17 12:11:31,238 - INFO -   Avg: 1604.936744
2025-12-17 12:11:31,238 - INFO -   Std: 0.590015
2025-12-17 12:11:31,455 - INFO - Generation 200
2025-12-17 12:11:31,455 - INFO -   Best: 1602.985796
2025-12-17 12:11:31,455 - INFO -   Min: 1602.985796
2025-12-17 12:11:31,455 - INFO -   Max: 1606.005405
2025-12-17 12:11:31,455 - INFO -   Avg: 1604.972289
2025-12-17 12:11:31,455 - INFO -   Std: 0.508922
2025-12-17 12:11:31,469 - INFO - 
Final best fitness: 1602.9857957773
2025-12-17 12:11:31,469 - INFO - Execution time: 4.30s
