2025-12-17 12:23:30,770 - INFO - Representation: Real
2025-12-17 12:23:30,771 - INFO - Number of genes: 5
2025-12-17 12:23:30,771 - INFO - Bounds: [0, 3.141592653589793]
2025-12-17 12:23:30,771 - INFO - Function: michalewicz
2025-12-17 12:23:30,771 - INFO - Population size: 100
2025-12-17 12:23:30,771 - INFO - Generations: 200
2025-12-17 12:23:30,771 - INFO - Selection: rws
2025-12-17 12:23:30,771 - INFO - Crossover: two_points
2025-12-17 12:23:30,772 - INFO - Mutation: swap
2025-12-17 12:23:30,772 - INFO - 
2025-12-17 12:23:30,825 - INFO - Generation 10
2025-12-17 12:23:30,825 - INFO -   Best: -4.143648
2025-12-17 12:23:30,826 - INFO -   Min: -4.143648
2025-12-17 12:23:30,826 - INFO -   Max: -0.800826
2025-12-17 12:23:30,826 - INFO -   Avg: -2.344295
2025-12-17 12:23:30,826 - INFO -   Std: 0.715304
2025-12-17 12:23:30,873 - INFO - Generation 20
2025-12-17 12:23:30,873 - INFO -   Best: -4.220706
2025-12-17 12:23:30,873 - INFO -   Min: -4.220706
2025-12-17 12:23:30,874 - INFO -   Max: -0.983503
2025-12-17 12:23:30,874 - INFO -   Avg: -2.986659
2025-12-17 12:23:30,874 - INFO -   Std: 0.638550
2025-12-17 12:23:30,917 - INFO - Generation 30
2025-12-17 12:23:30,917 - INFO -   Best: -4.297218
2025-12-17 12:23:30,917 - INFO -   Min: -4.297218
2025-12-17 12:23:30,918 - INFO -   Max: -0.983503
2025-12-17 12:23:30,918 - INFO -   Avg: -3.103541
2025-12-17 12:23:30,918 - INFO -   Std: 0.651135
2025-12-17 12:23:30,959 - INFO - Generation 40
2025-12-17 12:23:30,959 - INFO -   Best: -4.297218
2025-12-17 12:23:30,959 - INFO -   Min: -4.297218
2025-12-17 12:23:30,960 - INFO -   Max: -1.686779
2025-12-17 12:23:30,960 - INFO -   Avg: -3.338339
2025-12-17 12:23:30,960 - INFO -   Std: 0.699703
2025-12-17 12:23:31,001 - INFO - Generation 50
2025-12-17 12:23:31,001 - INFO -   Best: -4.297218
2025-12-17 12:23:31,001 - INFO -   Min: -4.297218
2025-12-17 12:23:31,002 - INFO -   Max: -1.634660
2025-12-17 12:23:31,002 - INFO -   Avg: -3.235555
2025-12-17 12:23:31,002 - INFO -   Std: 0.603794
2025-12-17 12:23:31,044 - INFO - Generation 60
2025-12-17 12:23:31,044 - INFO -   Best: -4.297218
2025-12-17 12:23:31,044 - INFO -   Min: -4.297218
2025-12-17 12:23:31,045 - INFO -   Max: -2.413912
2025-12-17 12:23:31,045 - INFO -   Avg: -3.313855
2025-12-17 12:23:31,045 - INFO -   Std: 0.560488
2025-12-17 12:23:31,095 - INFO - Generation 70
2025-12-17 12:23:31,095 - INFO -   Best: -4.297218
2025-12-17 12:23:31,096 - INFO -   Min: -4.297218
2025-12-17 12:23:31,096 - INFO -   Max: -1.634660
2025-12-17 12:23:31,096 - INFO -   Avg: -3.170515
2025-12-17 12:23:31,096 - INFO -   Std: 0.686762
2025-12-17 12:23:31,139 - INFO - Generation 80
2025-12-17 12:23:31,139 - INFO -   Best: -4.297218
2025-12-17 12:23:31,139 - INFO -   Min: -4.297218
2025-12-17 12:23:31,139 - INFO -   Max: -1.686779
2025-12-17 12:23:31,139 - INFO -   Avg: -3.252102
2025-12-17 12:23:31,139 - INFO -   Std: 0.625442
2025-12-17 12:23:31,181 - INFO - Generation 90
2025-12-17 12:23:31,181 - INFO -   Best: -4.297218
2025-12-17 12:23:31,181 - INFO -   Min: -4.297218
2025-12-17 12:23:31,182 - INFO -   Max: -1.634660
2025-12-17 12:23:31,182 - INFO -   Avg: -3.227871
2025-12-17 12:23:31,182 - INFO -   Std: 0.617572
2025-12-17 12:23:31,223 - INFO - Generation 100
2025-12-17 12:23:31,223 - INFO -   Best: -4.297218
2025-12-17 12:23:31,223 - INFO -   Min: -4.297218
2025-12-17 12:23:31,223 - INFO -   Max: -1.686779
2025-12-17 12:23:31,223 - INFO -   Avg: -3.360219
2025-12-17 12:23:31,223 - INFO -   Std: 0.462481
2025-12-17 12:23:31,264 - INFO - Generation 110
2025-12-17 12:23:31,265 - INFO -   Best: -4.297218
2025-12-17 12:23:31,265 - INFO -   Min: -4.297218
2025-12-17 12:23:31,265 - INFO -   Max: -1.686779
2025-12-17 12:23:31,265 - INFO -   Avg: -3.230840
2025-12-17 12:23:31,265 - INFO -   Std: 0.613911
2025-12-17 12:23:31,305 - INFO - Generation 120
2025-12-17 12:23:31,305 - INFO -   Best: -4.297218
2025-12-17 12:23:31,306 - INFO -   Min: -4.297218
2025-12-17 12:23:31,306 - INFO -   Max: -1.686779
2025-12-17 12:23:31,306 - INFO -   Avg: -3.270473
2025-12-17 12:23:31,306 - INFO -   Std: 0.639197
2025-12-17 12:23:31,347 - INFO - Generation 130
2025-12-17 12:23:31,347 - INFO -   Best: -4.297218
2025-12-17 12:23:31,347 - INFO -   Min: -4.297218
2025-12-17 12:23:31,347 - INFO -   Max: -1.686779
2025-12-17 12:23:31,347 - INFO -   Avg: -3.257756
2025-12-17 12:23:31,348 - INFO -   Std: 0.663618
2025-12-17 12:23:31,388 - INFO - Generation 140
2025-12-17 12:23:31,388 - INFO -   Best: -4.297218
2025-12-17 12:23:31,388 - INFO -   Min: -4.297218
2025-12-17 12:23:31,388 - INFO -   Max: -1.686779
2025-12-17 12:23:31,388 - INFO -   Avg: -3.226099
2025-12-17 12:23:31,388 - INFO -   Std: 0.608216
2025-12-17 12:23:31,428 - INFO - Generation 150
2025-12-17 12:23:31,429 - INFO -   Best: -4.297218
2025-12-17 12:23:31,429 - INFO -   Min: -4.297218
2025-12-17 12:23:31,429 - INFO -   Max: -2.479613
2025-12-17 12:23:31,429 - INFO -   Avg: -3.309750
2025-12-17 12:23:31,429 - INFO -   Std: 0.560023
2025-12-17 12:23:31,470 - INFO - Generation 160
2025-12-17 12:23:31,470 - INFO -   Best: -4.297218
2025-12-17 12:23:31,471 - INFO -   Min: -4.297218
2025-12-17 12:23:31,471 - INFO -   Max: -1.686779
2025-12-17 12:23:31,471 - INFO -   Avg: -3.188190
2025-12-17 12:23:31,471 - INFO -   Std: 0.613810
2025-12-17 12:23:31,511 - INFO - Generation 170
2025-12-17 12:23:31,511 - INFO -   Best: -4.297218
2025-12-17 12:23:31,511 - INFO -   Min: -4.297218
2025-12-17 12:23:31,511 - INFO -   Max: -1.686779
2025-12-17 12:23:31,512 - INFO -   Avg: -3.270666
2025-12-17 12:23:31,512 - INFO -   Std: 0.577602
2025-12-17 12:23:31,551 - INFO - Generation 180
2025-12-17 12:23:31,551 - INFO -   Best: -4.297218
2025-12-17 12:23:31,552 - INFO -   Min: -4.297218
2025-12-17 12:23:31,552 - INFO -   Max: -1.686779
2025-12-17 12:23:31,552 - INFO -   Avg: -3.128024
2025-12-17 12:23:31,552 - INFO -   Std: 0.579613
2025-12-17 12:23:31,592 - INFO - Generation 190
2025-12-17 12:23:31,593 - INFO -   Best: -4.297218
2025-12-17 12:23:31,593 - INFO -   Min: -4.297218
2025-12-17 12:23:31,593 - INFO -   Max: -1.686779
2025-12-17 12:23:31,593 - INFO -   Avg: -3.155477
2025-12-17 12:23:31,593 - INFO -   Std: 0.643244
2025-12-17 12:23:31,634 - INFO - Generation 200
2025-12-17 12:23:31,634 - INFO -   Best: -4.297218
2025-12-17 12:23:31,635 - INFO -   Min: -4.297218
2025-12-17 12:23:31,635 - INFO -   Max: -2.479613
2025-12-17 12:23:31,635 - INFO -   Avg: -3.389569
2025-12-17 12:23:31,635 - INFO -   Std: 0.650968
2025-12-17 12:23:31,638 - INFO - 
Final best fitness: -4.2972179074
2025-12-17 12:23:31,638 - INFO - Execution time: 0.86s
