2025-12-17 11:26:52,888 - INFO - Representation: Real
2025-12-17 11:26:52,888 - INFO - Number of genes: 2
2025-12-17 11:26:52,888 - INFO - Bounds: [0, 3.141592653589793]
2025-12-17 11:26:52,889 - INFO - Function: michalewicz
2025-12-17 11:26:52,889 - INFO - Population size: 100
2025-12-17 11:26:52,889 - INFO - Generations: 200
2025-12-17 11:26:52,889 - INFO - Selection: tournament
2025-12-17 11:26:52,889 - INFO - Crossover: single_point
2025-12-17 11:26:52,889 - INFO - Mutation: random
2025-12-17 11:26:52,890 - INFO - 
2025-12-17 11:26:52,927 - INFO - Generation 10
2025-12-17 11:26:52,927 - INFO -   Best: -1.799937
2025-12-17 11:26:52,927 - INFO -   Min: -1.799937
2025-12-17 11:26:52,927 - INFO -   Max: 0.000000
2025-12-17 11:26:52,929 - INFO -   Avg: -1.605768
2025-12-17 11:26:52,929 - INFO -   Std: 0.371384
2025-12-17 11:26:52,962 - INFO - Generation 20
2025-12-17 11:26:52,963 - INFO -   Best: -1.799937
2025-12-17 11:26:52,963 - INFO -   Min: -1.799937
2025-12-17 11:26:52,963 - INFO -   Max: 0.783520
2025-12-17 11:26:52,963 - INFO -   Avg: -1.589854
2025-12-17 11:26:52,963 - INFO -   Std: 0.442024
2025-12-17 11:26:52,994 - INFO - Generation 30
2025-12-17 11:26:52,995 - INFO -   Best: -1.799937
2025-12-17 11:26:52,995 - INFO -   Min: -1.799937
2025-12-17 11:26:52,995 - INFO -   Max: -0.036719
2025-12-17 11:26:52,995 - INFO -   Avg: -1.591568
2025-12-17 11:26:52,995 - INFO -   Std: 0.405657
2025-12-17 11:26:53,027 - INFO - Generation 40
2025-12-17 11:26:53,028 - INFO -   Best: -1.799937
2025-12-17 11:26:53,028 - INFO -   Min: -1.799937
2025-12-17 11:26:53,028 - INFO -   Max: 0.008685
2025-12-17 11:26:53,028 - INFO -   Avg: -1.637135
2025-12-17 11:26:53,028 - INFO -   Std: 0.389105
2025-12-17 11:26:53,059 - INFO - Generation 50
2025-12-17 11:26:53,060 - INFO -   Best: -1.800514
2025-12-17 11:26:53,060 - INFO -   Min: -1.800514
2025-12-17 11:26:53,060 - INFO -   Max: 0.171274
2025-12-17 11:26:53,060 - INFO -   Avg: -1.567209
2025-12-17 11:26:53,060 - INFO -   Std: 0.431999
2025-12-17 11:26:53,092 - INFO - Generation 60
2025-12-17 11:26:53,092 - INFO -   Best: -1.800514
2025-12-17 11:26:53,092 - INFO -   Min: -1.800514
2025-12-17 11:26:53,092 - INFO -   Max: -0.384221
2025-12-17 11:26:53,092 - INFO -   Avg: -1.621169
2025-12-17 11:26:53,093 - INFO -   Std: 0.374733
2025-12-17 11:26:53,123 - INFO - Generation 70
2025-12-17 11:26:53,123 - INFO -   Best: -1.800514
2025-12-17 11:26:53,123 - INFO -   Min: -1.800514
2025-12-17 11:26:53,123 - INFO -   Max: -0.526079
2025-12-17 11:26:53,123 - INFO -   Avg: -1.693055
2025-12-17 11:26:53,123 - INFO -   Std: 0.308405
2025-12-17 11:26:53,156 - INFO - Generation 80
2025-12-17 11:26:53,157 - INFO -   Best: -1.800514
2025-12-17 11:26:53,157 - INFO -   Min: -1.800514
2025-12-17 11:26:53,157 - INFO -   Max: 0.012566
2025-12-17 11:26:53,157 - INFO -   Avg: -1.581621
2025-12-17 11:26:53,157 - INFO -   Std: 0.452247
2025-12-17 11:26:53,189 - INFO - Generation 90
2025-12-17 11:26:53,189 - INFO -   Best: -1.800514
2025-12-17 11:26:53,189 - INFO -   Min: -1.800514
2025-12-17 11:26:53,189 - INFO -   Max: 0.020022
2025-12-17 11:26:53,190 - INFO -   Avg: -1.640272
2025-12-17 11:26:53,190 - INFO -   Std: 0.381186
2025-12-17 11:26:53,224 - INFO - Generation 100
2025-12-17 11:26:53,224 - INFO -   Best: -1.800514
2025-12-17 11:26:53,224 - INFO -   Min: -1.800514
2025-12-17 11:26:53,225 - INFO -   Max: -0.006322
2025-12-17 11:26:53,225 - INFO -   Avg: -1.648818
2025-12-17 11:26:53,225 - INFO -   Std: 0.374572
2025-12-17 11:26:53,259 - INFO - Generation 110
2025-12-17 11:26:53,259 - INFO -   Best: -1.800514
2025-12-17 11:26:53,260 - INFO -   Min: -1.800514
2025-12-17 11:26:53,260 - INFO -   Max: -0.060620
2025-12-17 11:26:53,260 - INFO -   Avg: -1.570696
2025-12-17 11:26:53,260 - INFO -   Std: 0.430283
2025-12-17 11:26:53,290 - INFO - Generation 120
2025-12-17 11:26:53,291 - INFO -   Best: -1.800514
2025-12-17 11:26:53,291 - INFO -   Min: -1.800514
2025-12-17 11:26:53,291 - INFO -   Max: -0.373191
2025-12-17 11:26:53,291 - INFO -   Avg: -1.658055
2025-12-17 11:26:53,291 - INFO -   Std: 0.336962
2025-12-17 11:26:53,323 - INFO - Generation 130
2025-12-17 11:26:53,323 - INFO -   Best: -1.800514
2025-12-17 11:26:53,323 - INFO -   Min: -1.800514
2025-12-17 11:26:53,323 - INFO -   Max: 0.018966
2025-12-17 11:26:53,323 - INFO -   Avg: -1.600567
2025-12-17 11:26:53,323 - INFO -   Std: 0.448962
2025-12-17 11:26:53,356 - INFO - Generation 140
2025-12-17 11:26:53,356 - INFO -   Best: -1.800514
2025-12-17 11:26:53,356 - INFO -   Min: -1.800514
2025-12-17 11:26:53,356 - INFO -   Max: 0.318637
2025-12-17 11:26:53,357 - INFO -   Avg: -1.581666
2025-12-17 11:26:53,357 - INFO -   Std: 0.457584
2025-12-17 11:26:53,389 - INFO - Generation 150
2025-12-17 11:26:53,389 - INFO -   Best: -1.800514
2025-12-17 11:26:53,390 - INFO -   Min: -1.800514
2025-12-17 11:26:53,390 - INFO -   Max: 0.056526
2025-12-17 11:26:53,390 - INFO -   Avg: -1.552245
2025-12-17 11:26:53,390 - INFO -   Std: 0.432682
2025-12-17 11:26:53,422 - INFO - Generation 160
2025-12-17 11:26:53,422 - INFO -   Best: -1.800514
2025-12-17 11:26:53,422 - INFO -   Min: -1.800514
2025-12-17 11:26:53,423 - INFO -   Max: -0.176193
2025-12-17 11:26:53,423 - INFO -   Avg: -1.648136
2025-12-17 11:26:53,423 - INFO -   Std: 0.365326
2025-12-17 11:26:53,455 - INFO - Generation 170
2025-12-17 11:26:53,455 - INFO -   Best: -1.800514
2025-12-17 11:26:53,455 - INFO -   Min: -1.800514
2025-12-17 11:26:53,455 - INFO -   Max: -0.246116
2025-12-17 11:26:53,456 - INFO -   Avg: -1.651989
2025-12-17 11:26:53,456 - INFO -   Std: 0.351935
2025-12-17 11:26:53,487 - INFO - Generation 180
2025-12-17 11:26:53,487 - INFO -   Best: -1.800514
2025-12-17 11:26:53,488 - INFO -   Min: -1.800514
2025-12-17 11:26:53,488 - INFO -   Max: -0.045420
2025-12-17 11:26:53,488 - INFO -   Avg: -1.630203
2025-12-17 11:26:53,488 - INFO -   Std: 0.394189
2025-12-17 11:26:53,521 - INFO - Generation 190
2025-12-17 11:26:53,522 - INFO -   Best: -1.800514
2025-12-17 11:26:53,522 - INFO -   Min: -1.800514
2025-12-17 11:26:53,522 - INFO -   Max: 0.018302
2025-12-17 11:26:53,522 - INFO -   Avg: -1.674066
2025-12-17 11:26:53,522 - INFO -   Std: 0.364520
2025-12-17 11:26:53,570 - INFO - Generation 200
2025-12-17 11:26:53,571 - INFO -   Best: -1.800514
2025-12-17 11:26:53,571 - INFO -   Min: -1.800514
2025-12-17 11:26:53,571 - INFO -   Max: -0.257507
2025-12-17 11:26:53,572 - INFO -   Avg: -1.617892
2025-12-17 11:26:53,572 - INFO -   Std: 0.402523
2025-12-17 11:26:53,576 - INFO - 
Final best fitness: -1.8005137398
2025-12-17 11:26:53,577 - INFO - Execution time: 0.68s
