2025-12-17 12:21:24,597 - INFO - Representation: Real
2025-12-17 12:21:24,598 - INFO - Number of genes: 20
2025-12-17 12:21:24,598 - INFO - Bounds: [-100, 100]
2025-12-17 12:21:24,598 - INFO - Function: f16_2014
2025-12-17 12:21:24,598 - INFO - Population size: 100
2025-12-17 12:21:24,598 - INFO - Generations: 200
2025-12-17 12:21:24,598 - INFO - Selection: rws
2025-12-17 12:21:24,599 - INFO - Crossover: two_points
2025-12-17 12:21:24,599 - INFO - Mutation: swap
2025-12-17 12:21:24,599 - INFO - 
2025-12-17 12:21:24,920 - INFO - Generation 10
2025-12-17 12:21:24,921 - INFO -   Best: 1609.008895
2025-12-17 12:21:24,921 - INFO -   Min: 1609.008895
2025-12-17 12:21:24,921 - INFO -   Max: 1610.649728
2025-12-17 12:21:24,921 - INFO -   Avg: 1609.919104
2025-12-17 12:21:24,922 - INFO -   Std: 0.307054
2025-12-17 12:21:25,204 - INFO - Generation 20
2025-12-17 12:21:25,204 - INFO -   Best: 1608.841204
2025-12-17 12:21:25,205 - INFO -   Min: 1608.841204
2025-12-17 12:21:25,205 - INFO -   Max: 1610.656064
2025-12-17 12:21:25,205 - INFO -   Avg: 1610.010965
2025-12-17 12:21:25,205 - INFO -   Std: 0.288044
2025-12-17 12:21:25,475 - INFO - Generation 30
2025-12-17 12:21:25,475 - INFO -   Best: 1608.841204
2025-12-17 12:21:25,475 - INFO -   Min: 1608.841204
2025-12-17 12:21:25,475 - INFO -   Max: 1610.583923
2025-12-17 12:21:25,476 - INFO -   Avg: 1609.996156
2025-12-17 12:21:25,476 - INFO -   Std: 0.256728
2025-12-17 12:21:25,738 - INFO - Generation 40
2025-12-17 12:21:25,738 - INFO -   Best: 1608.841204
2025-12-17 12:21:25,738 - INFO -   Min: 1608.841204
2025-12-17 12:21:25,738 - INFO -   Max: 1610.629610
2025-12-17 12:21:25,739 - INFO -   Avg: 1609.977073
2025-12-17 12:21:25,739 - INFO -   Std: 0.270779
2025-12-17 12:21:26,010 - INFO - Generation 50
2025-12-17 12:21:26,011 - INFO -   Best: 1608.709668
2025-12-17 12:21:26,011 - INFO -   Min: 1608.709668
2025-12-17 12:21:26,011 - INFO -   Max: 1610.722282
2025-12-17 12:21:26,011 - INFO -   Avg: 1609.956856
2025-12-17 12:21:26,011 - INFO -   Std: 0.312603
2025-12-17 12:21:26,274 - INFO - Generation 60
2025-12-17 12:21:26,274 - INFO -   Best: 1608.709668
2025-12-17 12:21:26,274 - INFO -   Min: 1608.709668
2025-12-17 12:21:26,274 - INFO -   Max: 1610.377815
2025-12-17 12:21:26,275 - INFO -   Avg: 1609.946492
2025-12-17 12:21:26,275 - INFO -   Std: 0.229380
2025-12-17 12:21:26,536 - INFO - Generation 70
2025-12-17 12:21:26,536 - INFO -   Best: 1608.709668
2025-12-17 12:21:26,537 - INFO -   Min: 1608.709668
2025-12-17 12:21:26,537 - INFO -   Max: 1610.572543
2025-12-17 12:21:26,537 - INFO -   Avg: 1610.001807
2025-12-17 12:21:26,537 - INFO -   Std: 0.264231
2025-12-17 12:21:26,796 - INFO - Generation 80
2025-12-17 12:21:26,796 - INFO -   Best: 1608.709668
2025-12-17 12:21:26,797 - INFO -   Min: 1608.709668
2025-12-17 12:21:26,797 - INFO -   Max: 1610.429668
2025-12-17 12:21:26,797 - INFO -   Avg: 1609.899025
2025-12-17 12:21:26,797 - INFO -   Std: 0.279885
2025-12-17 12:21:27,063 - INFO - Generation 90
2025-12-17 12:21:27,064 - INFO -   Best: 1608.709668
2025-12-17 12:21:27,064 - INFO -   Min: 1608.709668
2025-12-17 12:21:27,064 - INFO -   Max: 1610.723728
2025-12-17 12:21:27,064 - INFO -   Avg: 1609.975751
2025-12-17 12:21:27,064 - INFO -   Std: 0.241686
2025-12-17 12:21:27,332 - INFO - Generation 100
2025-12-17 12:21:27,332 - INFO -   Best: 1608.619480
2025-12-17 12:21:27,333 - INFO -   Min: 1608.619480
2025-12-17 12:21:27,333 - INFO -   Max: 1610.689541
2025-12-17 12:21:27,333 - INFO -   Avg: 1609.990688
2025-12-17 12:21:27,333 - INFO -   Std: 0.288307
2025-12-17 12:21:27,600 - INFO - Generation 110
2025-12-17 12:21:27,600 - INFO -   Best: 1608.619480
2025-12-17 12:21:27,600 - INFO -   Min: 1608.619480
2025-12-17 12:21:27,600 - INFO -   Max: 1610.724549
2025-12-17 12:21:27,601 - INFO -   Avg: 1609.905808
2025-12-17 12:21:27,601 - INFO -   Std: 0.316680
2025-12-17 12:21:27,867 - INFO - Generation 120
2025-12-17 12:21:27,867 - INFO -   Best: 1608.619480
2025-12-17 12:21:27,868 - INFO -   Min: 1608.619480
2025-12-17 12:21:27,868 - INFO -   Max: 1610.455535
2025-12-17 12:21:27,868 - INFO -   Avg: 1609.929006
2025-12-17 12:21:27,868 - INFO -   Std: 0.277047
2025-12-17 12:21:28,148 - INFO - Generation 130
2025-12-17 12:21:28,148 - INFO -   Best: 1608.611454
2025-12-17 12:21:28,149 - INFO -   Min: 1608.611454
2025-12-17 12:21:28,149 - INFO -   Max: 1610.533035
2025-12-17 12:21:28,149 - INFO -   Avg: 1609.838213
2025-12-17 12:21:28,149 - INFO -   Std: 0.327751
2025-12-17 12:21:28,420 - INFO - Generation 140
2025-12-17 12:21:28,421 - INFO -   Best: 1608.611454
2025-12-17 12:21:28,421 - INFO -   Min: 1608.611454
2025-12-17 12:21:28,421 - INFO -   Max: 1610.517277
2025-12-17 12:21:28,421 - INFO -   Avg: 1609.878496
2025-12-17 12:21:28,421 - INFO -   Std: 0.316540
2025-12-17 12:21:28,698 - INFO - Generation 150
2025-12-17 12:21:28,698 - INFO -   Best: 1608.594149
2025-12-17 12:21:28,698 - INFO -   Min: 1608.594149
2025-12-17 12:21:28,699 - INFO -   Max: 1610.256084
2025-12-17 12:21:28,699 - INFO -   Avg: 1609.722534
2025-12-17 12:21:28,699 - INFO -   Std: 0.381815
2025-12-17 12:21:28,959 - INFO - Generation 160
2025-12-17 12:21:28,960 - INFO -   Best: 1608.594149
2025-12-17 12:21:28,960 - INFO -   Min: 1608.594149
2025-12-17 12:21:28,960 - INFO -   Max: 1610.305196
2025-12-17 12:21:28,960 - INFO -   Avg: 1609.757318
2025-12-17 12:21:28,960 - INFO -   Std: 0.393410
2025-12-17 12:21:29,207 - INFO - Generation 170
2025-12-17 12:21:29,207 - INFO -   Best: 1608.594149
2025-12-17 12:21:29,207 - INFO -   Min: 1608.594149
2025-12-17 12:21:29,207 - INFO -   Max: 1610.258627
2025-12-17 12:21:29,207 - INFO -   Avg: 1609.660500
2025-12-17 12:21:29,208 - INFO -   Std: 0.407905
2025-12-17 12:21:29,463 - INFO - Generation 180
2025-12-17 12:21:29,463 - INFO -   Best: 1608.594149
2025-12-17 12:21:29,463 - INFO -   Min: 1608.594149
2025-12-17 12:21:29,463 - INFO -   Max: 1610.209812
2025-12-17 12:21:29,464 - INFO -   Avg: 1609.681851
2025-12-17 12:21:29,464 - INFO -   Std: 0.371816
2025-12-17 12:21:29,713 - INFO - Generation 190
2025-12-17 12:21:29,713 - INFO -   Best: 1608.485653
2025-12-17 12:21:29,713 - INFO -   Min: 1608.485653
2025-12-17 12:21:29,713 - INFO -   Max: 1610.206058
2025-12-17 12:21:29,713 - INFO -   Avg: 1609.447612
2025-12-17 12:21:29,713 - INFO -   Std: 0.440182
2025-12-17 12:21:29,963 - INFO - Generation 200
2025-12-17 12:21:29,963 - INFO -   Best: 1608.374497
2025-12-17 12:21:29,964 - INFO -   Min: 1608.374497
2025-12-17 12:21:29,964 - INFO -   Max: 1610.221456
2025-12-17 12:21:29,964 - INFO -   Avg: 1609.611765
2025-12-17 12:21:29,964 - INFO -   Std: 0.485557
2025-12-17 12:21:29,980 - INFO - 
Final best fitness: 1608.3775810821
2025-12-17 12:21:29,980 - INFO - Execution time: 5.34s
