2025-12-17 11:45:44,470 - INFO - Representation: Real
2025-12-17 11:45:44,470 - INFO - Number of genes: 30
2025-12-17 11:45:44,471 - INFO - Bounds: [-100, 100]
2025-12-17 11:45:44,471 - INFO - Function: f16_2014
2025-12-17 11:45:44,471 - INFO - Population size: 100
2025-12-17 11:45:44,471 - INFO - Generations: 200
2025-12-17 11:45:44,471 - INFO - Selection: tournament
2025-12-17 11:45:44,471 - INFO - Crossover: single_point
2025-12-17 11:45:44,471 - INFO - Mutation: random
2025-12-17 11:45:44,472 - INFO - 
2025-12-17 11:45:44,942 - INFO - Generation 10
2025-12-17 11:45:44,942 - INFO -   Best: 1613.474469
2025-12-17 11:45:44,942 - INFO -   Min: 1613.474469
2025-12-17 11:45:44,942 - INFO -   Max: 1615.521729
2025-12-17 11:45:44,943 - INFO -   Avg: 1614.878777
2025-12-17 11:45:44,943 - INFO -   Std: 0.356693
2025-12-17 11:45:45,338 - INFO - Generation 20
2025-12-17 11:45:45,338 - INFO -   Best: 1613.297168
2025-12-17 11:45:45,338 - INFO -   Min: 1613.297168
2025-12-17 11:45:45,338 - INFO -   Max: 1615.779002
2025-12-17 11:45:45,339 - INFO -   Avg: 1614.760555
2025-12-17 11:45:45,339 - INFO -   Std: 0.397379
2025-12-17 11:45:45,735 - INFO - Generation 30
2025-12-17 11:45:45,735 - INFO -   Best: 1613.297168
2025-12-17 11:45:45,736 - INFO -   Min: 1613.297168
2025-12-17 11:45:45,736 - INFO -   Max: 1615.795727
2025-12-17 11:45:45,736 - INFO -   Avg: 1614.827425
2025-12-17 11:45:45,736 - INFO -   Std: 0.405663
2025-12-17 11:45:46,130 - INFO - Generation 40
2025-12-17 11:45:46,130 - INFO -   Best: 1613.297168
2025-12-17 11:45:46,130 - INFO -   Min: 1613.297168
2025-12-17 11:45:46,130 - INFO -   Max: 1615.673395
2025-12-17 11:45:46,131 - INFO -   Avg: 1614.762875
2025-12-17 11:45:46,131 - INFO -   Std: 0.429639
2025-12-17 11:45:46,524 - INFO - Generation 50
2025-12-17 11:45:46,525 - INFO -   Best: 1613.053070
2025-12-17 11:45:46,525 - INFO -   Min: 1613.053070
2025-12-17 11:45:46,525 - INFO -   Max: 1615.593554
2025-12-17 11:45:46,525 - INFO -   Avg: 1614.682464
2025-12-17 11:45:46,525 - INFO -   Std: 0.511624
2025-12-17 11:45:46,921 - INFO - Generation 60
2025-12-17 11:45:46,922 - INFO -   Best: 1612.757157
2025-12-17 11:45:46,922 - INFO -   Min: 1612.757157
2025-12-17 11:45:46,922 - INFO -   Max: 1615.799157
2025-12-17 11:45:46,922 - INFO -   Avg: 1614.653198
2025-12-17 11:45:46,922 - INFO -   Std: 0.532168
2025-12-17 11:45:47,318 - INFO - Generation 70
2025-12-17 11:45:47,319 - INFO -   Best: 1612.757157
2025-12-17 11:45:47,319 - INFO -   Min: 1612.757157
2025-12-17 11:45:47,319 - INFO -   Max: 1615.859493
2025-12-17 11:45:47,319 - INFO -   Avg: 1614.631770
2025-12-17 11:45:47,319 - INFO -   Std: 0.531486
2025-12-17 11:45:47,713 - INFO - Generation 80
2025-12-17 11:45:47,713 - INFO -   Best: 1612.757157
2025-12-17 11:45:47,714 - INFO -   Min: 1612.757157
2025-12-17 11:45:47,714 - INFO -   Max: 1615.959532
2025-12-17 11:45:47,714 - INFO -   Avg: 1614.535198
2025-12-17 11:45:47,714 - INFO -   Std: 0.578804
2025-12-17 11:45:48,109 - INFO - Generation 90
2025-12-17 11:45:48,110 - INFO -   Best: 1612.757157
2025-12-17 11:45:48,110 - INFO -   Min: 1612.757157
2025-12-17 11:45:48,110 - INFO -   Max: 1615.801485
2025-12-17 11:45:48,110 - INFO -   Avg: 1614.585662
2025-12-17 11:45:48,110 - INFO -   Std: 0.589298
2025-12-17 11:45:48,501 - INFO - Generation 100
2025-12-17 11:45:48,501 - INFO -   Best: 1612.757157
2025-12-17 11:45:48,501 - INFO -   Min: 1612.757157
2025-12-17 11:45:48,501 - INFO -   Max: 1615.645491
2025-12-17 11:45:48,501 - INFO -   Avg: 1614.626807
2025-12-17 11:45:48,501 - INFO -   Std: 0.527324
2025-12-17 11:45:48,891 - INFO - Generation 110
2025-12-17 11:45:48,892 - INFO -   Best: 1612.757157
2025-12-17 11:45:48,892 - INFO -   Min: 1612.757157
2025-12-17 11:45:48,892 - INFO -   Max: 1615.921283
2025-12-17 11:45:48,892 - INFO -   Avg: 1614.610656
2025-12-17 11:45:48,892 - INFO -   Std: 0.591816
2025-12-17 11:45:49,285 - INFO - Generation 120
2025-12-17 11:45:49,285 - INFO -   Best: 1612.601247
2025-12-17 11:45:49,286 - INFO -   Min: 1612.601247
2025-12-17 11:45:49,286 - INFO -   Max: 1615.527982
2025-12-17 11:45:49,286 - INFO -   Avg: 1614.498661
2025-12-17 11:45:49,286 - INFO -   Std: 0.518230
2025-12-17 11:45:49,679 - INFO - Generation 130
2025-12-17 11:45:49,679 - INFO -   Best: 1612.601247
2025-12-17 11:45:49,679 - INFO -   Min: 1612.601247
2025-12-17 11:45:49,679 - INFO -   Max: 1615.684281
2025-12-17 11:45:49,679 - INFO -   Avg: 1614.489246
2025-12-17 11:45:49,679 - INFO -   Std: 0.579901
2025-12-17 11:45:50,071 - INFO - Generation 140
2025-12-17 11:45:50,071 - INFO -   Best: 1612.601247
2025-12-17 11:45:50,071 - INFO -   Min: 1612.601247
2025-12-17 11:45:50,071 - INFO -   Max: 1615.870277
2025-12-17 11:45:50,071 - INFO -   Avg: 1614.622526
2025-12-17 11:45:50,071 - INFO -   Std: 0.548629
2025-12-17 11:45:50,466 - INFO - Generation 150
2025-12-17 11:45:50,466 - INFO -   Best: 1612.462862
2025-12-17 11:45:50,467 - INFO -   Min: 1612.462862
2025-12-17 11:45:50,467 - INFO -   Max: 1616.464429
2025-12-17 11:45:50,467 - INFO -   Avg: 1614.583917
2025-12-17 11:45:50,467 - INFO -   Std: 0.662209
2025-12-17 11:45:50,860 - INFO - Generation 160
2025-12-17 11:45:50,860 - INFO -   Best: 1612.462862
2025-12-17 11:45:50,860 - INFO -   Min: 1612.462862
2025-12-17 11:45:50,860 - INFO -   Max: 1615.590311
2025-12-17 11:45:50,861 - INFO -   Avg: 1614.643845
2025-12-17 11:45:50,861 - INFO -   Std: 0.560480
2025-12-17 11:45:51,253 - INFO - Generation 170
2025-12-17 11:45:51,253 - INFO -   Best: 1612.299963
2025-12-17 11:45:51,253 - INFO -   Min: 1612.299963
2025-12-17 11:45:51,253 - INFO -   Max: 1615.932675
2025-12-17 11:45:51,253 - INFO -   Avg: 1614.691907
2025-12-17 11:45:51,254 - INFO -   Std: 0.593180
2025-12-17 11:45:51,647 - INFO - Generation 180
2025-12-17 11:45:51,647 - INFO -   Best: 1612.299963
2025-12-17 11:45:51,647 - INFO -   Min: 1612.299963
2025-12-17 11:45:51,648 - INFO -   Max: 1615.835176
2025-12-17 11:45:51,648 - INFO -   Avg: 1614.468740
2025-12-17 11:45:51,648 - INFO -   Std: 0.571662
2025-12-17 11:45:52,039 - INFO - Generation 190
2025-12-17 11:45:52,040 - INFO -   Best: 1612.140005
2025-12-17 11:45:52,040 - INFO -   Min: 1612.140005
2025-12-17 11:45:52,040 - INFO -   Max: 1616.215248
2025-12-17 11:45:52,040 - INFO -   Avg: 1614.589325
2025-12-17 11:45:52,040 - INFO -   Std: 0.629351
2025-12-17 11:45:52,433 - INFO - Generation 200
2025-12-17 11:45:52,433 - INFO -   Best: 1612.140005
2025-12-17 11:45:52,434 - INFO -   Min: 1612.140005
2025-12-17 11:45:52,434 - INFO -   Max: 1615.924025
2025-12-17 11:45:52,434 - INFO -   Avg: 1614.607124
2025-12-17 11:45:52,434 - INFO -   Std: 0.647264
2025-12-17 11:45:52,456 - INFO - 
Final best fitness: 1612.1400052261
2025-12-17 11:45:52,457 - INFO - Execution time: 7.93s
2025-12-17 11:53:03,394 - INFO - Representation: Binary
2025-12-17 11:53:03,394 - INFO - Bits per variable: 12
2025-12-17 11:53:03,394 - INFO - Total genes: 360
2025-12-17 11:53:03,394 - INFO - Function: f16_2014
2025-12-17 11:53:03,394 - INFO - Population size: 100
2025-12-17 11:53:03,394 - INFO - Generations: 200
2025-12-17 11:53:03,395 - INFO - Selection: tournament
2025-12-17 11:53:03,395 - INFO - Crossover: single_point
2025-12-17 11:53:03,395 - INFO - Mutation: random
2025-12-17 11:53:03,395 - INFO - 
2025-12-17 11:53:05,412 - INFO - Generation 10
2025-12-17 11:53:05,413 - INFO -   Best: 1614.076468
2025-12-17 11:53:05,413 - INFO -   Min: 1614.076468
2025-12-17 11:53:05,413 - INFO -   Max: 1615.713451
2025-12-17 11:53:05,413 - INFO -   Avg: 1614.985420
2025-12-17 11:53:05,413 - INFO -   Std: 0.221602
2025-12-17 11:53:06,697 - INFO - Generation 20
2025-12-17 11:53:06,697 - INFO -   Best: 1613.683033
2025-12-17 11:53:06,697 - INFO -   Min: 1613.683033
2025-12-17 11:53:06,697 - INFO -   Max: 1615.535602
2025-12-17 11:53:06,697 - INFO -   Avg: 1614.951417
2025-12-17 11:53:06,697 - INFO -   Std: 0.279892
2025-12-17 11:53:07,971 - INFO - Generation 30
2025-12-17 11:53:07,971 - INFO -   Best: 1613.683033
2025-12-17 11:53:07,971 - INFO -   Min: 1613.683033
2025-12-17 11:53:07,972 - INFO -   Max: 1615.621425
2025-12-17 11:53:07,972 - INFO -   Avg: 1614.976565
2025-12-17 11:53:07,972 - INFO -   Std: 0.268394
2025-12-17 11:53:09,272 - INFO - Generation 40
2025-12-17 11:53:09,272 - INFO -   Best: 1613.683033
2025-12-17 11:53:09,272 - INFO -   Min: 1613.683033
2025-12-17 11:53:09,273 - INFO -   Max: 1615.418448
2025-12-17 11:53:09,273 - INFO -   Avg: 1614.979918
2025-12-17 11:53:09,273 - INFO -   Std: 0.226823
2025-12-17 11:53:10,714 - INFO - Generation 50
2025-12-17 11:53:10,714 - INFO -   Best: 1613.683033
2025-12-17 11:53:10,714 - INFO -   Min: 1613.683033
2025-12-17 11:53:10,714 - INFO -   Max: 1615.399944
2025-12-17 11:53:10,715 - INFO -   Avg: 1614.984012
2025-12-17 11:53:10,715 - INFO -   Std: 0.213787
2025-12-17 11:53:11,984 - INFO - Generation 60
2025-12-17 11:53:11,984 - INFO -   Best: 1613.548405
2025-12-17 11:53:11,984 - INFO -   Min: 1613.548405
2025-12-17 11:53:11,985 - INFO -   Max: 1615.724735
2025-12-17 11:53:11,985 - INFO -   Avg: 1614.970972
2025-12-17 11:53:11,985 - INFO -   Std: 0.263555
2025-12-17 11:53:13,248 - INFO - Generation 70
2025-12-17 11:53:13,249 - INFO -   Best: 1613.548405
2025-12-17 11:53:13,249 - INFO -   Min: 1613.548405
2025-12-17 11:53:13,249 - INFO -   Max: 1615.740338
2025-12-17 11:53:13,249 - INFO -   Avg: 1614.979232
2025-12-17 11:53:13,249 - INFO -   Std: 0.285986
2025-12-17 11:53:14,515 - INFO - Generation 80
2025-12-17 11:53:14,516 - INFO -   Best: 1613.548405
2025-12-17 11:53:14,516 - INFO -   Min: 1613.548405
2025-12-17 11:53:14,516 - INFO -   Max: 1615.432808
2025-12-17 11:53:14,516 - INFO -   Avg: 1614.987436
2025-12-17 11:53:14,516 - INFO -   Std: 0.231946
2025-12-17 11:53:15,786 - INFO - Generation 90
2025-12-17 11:53:15,788 - INFO -   Best: 1613.548405
2025-12-17 11:53:15,788 - INFO -   Min: 1613.548405
2025-12-17 11:53:15,788 - INFO -   Max: 1615.504344
2025-12-17 11:53:15,788 - INFO -   Avg: 1614.958041
2025-12-17 11:53:15,788 - INFO -   Std: 0.258633
2025-12-17 11:53:17,060 - INFO - Generation 100
2025-12-17 11:53:17,060 - INFO -   Best: 1613.548405
2025-12-17 11:53:17,061 - INFO -   Min: 1613.548405
2025-12-17 11:53:17,061 - INFO -   Max: 1615.390377
2025-12-17 11:53:17,061 - INFO -   Avg: 1614.965604
2025-12-17 11:53:17,061 - INFO -   Std: 0.269721
2025-12-17 11:53:18,332 - INFO - Generation 110
2025-12-17 11:53:18,332 - INFO -   Best: 1613.548405
2025-12-17 11:53:18,333 - INFO -   Min: 1613.548405
2025-12-17 11:53:18,333 - INFO -   Max: 1615.475730
2025-12-17 11:53:18,333 - INFO -   Avg: 1614.970952
2025-12-17 11:53:18,333 - INFO -   Std: 0.237668
2025-12-17 11:53:19,618 - INFO - Generation 120
2025-12-17 11:53:19,618 - INFO -   Best: 1613.548405
2025-12-17 11:53:19,618 - INFO -   Min: 1613.548405
2025-12-17 11:53:19,618 - INFO -   Max: 1615.534693
2025-12-17 11:53:19,618 - INFO -   Avg: 1614.965083
2025-12-17 11:53:19,619 - INFO -   Std: 0.260216
2025-12-17 11:53:20,889 - INFO - Generation 130
2025-12-17 11:53:20,889 - INFO -   Best: 1613.548405
2025-12-17 11:53:20,890 - INFO -   Min: 1613.548405
2025-12-17 11:53:20,890 - INFO -   Max: 1615.621120
2025-12-17 11:53:20,890 - INFO -   Avg: 1614.968647
2025-12-17 11:53:20,890 - INFO -   Std: 0.230891
2025-12-17 11:53:22,147 - INFO - Generation 140
2025-12-17 11:53:22,147 - INFO -   Best: 1613.548405
2025-12-17 11:53:22,148 - INFO -   Min: 1613.548405
2025-12-17 11:53:22,148 - INFO -   Max: 1615.427065
2025-12-17 11:53:22,148 - INFO -   Avg: 1614.977439
2025-12-17 11:53:22,148 - INFO -   Std: 0.242518
2025-12-17 11:53:23,411 - INFO - Generation 150
2025-12-17 11:53:23,411 - INFO -   Best: 1613.398454
2025-12-17 11:53:23,411 - INFO -   Min: 1613.398454
2025-12-17 11:53:23,411 - INFO -   Max: 1615.740700
2025-12-17 11:53:23,412 - INFO -   Avg: 1614.943353
2025-12-17 11:53:23,412 - INFO -   Std: 0.287619
2025-12-17 11:53:24,673 - INFO - Generation 160
2025-12-17 11:53:24,674 - INFO -   Best: 1613.398454
2025-12-17 11:53:24,674 - INFO -   Min: 1613.398454
2025-12-17 11:53:24,674 - INFO -   Max: 1615.580207
2025-12-17 11:53:24,674 - INFO -   Avg: 1614.945353
2025-12-17 11:53:24,675 - INFO -   Std: 0.303534
2025-12-17 11:53:25,941 - INFO - Generation 170
2025-12-17 11:53:25,941 - INFO -   Best: 1613.398454
2025-12-17 11:53:25,942 - INFO -   Min: 1613.398454
2025-12-17 11:53:25,942 - INFO -   Max: 1615.292148
2025-12-17 11:53:25,942 - INFO -   Avg: 1614.944295
2025-12-17 11:53:25,942 - INFO -   Std: 0.237932
2025-12-17 11:53:27,206 - INFO - Generation 180
2025-12-17 11:53:27,206 - INFO -   Best: 1613.398454
2025-12-17 11:53:27,206 - INFO -   Min: 1613.398454
2025-12-17 11:53:27,207 - INFO -   Max: 1615.427370
2025-12-17 11:53:27,207 - INFO -   Avg: 1614.968373
2025-12-17 11:53:27,207 - INFO -   Std: 0.257016
2025-12-17 11:53:28,473 - INFO - Generation 190
2025-12-17 11:53:28,473 - INFO -   Best: 1613.398454
2025-12-17 11:53:28,473 - INFO -   Min: 1613.398454
2025-12-17 11:53:28,474 - INFO -   Max: 1615.348905
2025-12-17 11:53:28,474 - INFO -   Avg: 1614.974842
2025-12-17 11:53:28,474 - INFO -   Std: 0.260750
2025-12-17 11:53:29,737 - INFO - Generation 200
2025-12-17 11:53:29,737 - INFO -   Best: 1613.398454
2025-12-17 11:53:29,737 - INFO -   Min: 1613.398454
2025-12-17 11:53:29,737 - INFO -   Max: 1615.288916
2025-12-17 11:53:29,738 - INFO -   Avg: 1614.965004
2025-12-17 11:53:29,738 - INFO -   Std: 0.233949
2025-12-17 11:53:29,776 - INFO - 
Final best fitness: 1613.3984542418
2025-12-17 11:53:29,776 - INFO - Execution time: 25.71s
