2025-12-17 11:45:52,881 - INFO - Representation: Real
2025-12-17 11:45:52,882 - INFO - Number of genes: 30
2025-12-17 11:45:52,882 - INFO - Bounds: [-100, 100]
2025-12-17 11:45:52,882 - INFO - Function: f16_2014
2025-12-17 11:45:52,882 - INFO - Population size: 100
2025-12-17 11:45:52,882 - INFO - Generations: 200
2025-12-17 11:45:52,882 - INFO - Selection: tournament
2025-12-17 11:45:52,882 - INFO - Crossover: single_point
2025-12-17 11:45:52,882 - INFO - Mutation: random
2025-12-17 11:45:52,883 - INFO - 
2025-12-17 11:45:53,344 - INFO - Generation 10
2025-12-17 11:45:53,345 - INFO -   Best: 1613.749781
2025-12-17 11:45:53,345 - INFO -   Min: 1613.749781
2025-12-17 11:45:53,345 - INFO -   Max: 1615.824485
2025-12-17 11:45:53,345 - INFO -   Avg: 1614.938278
2025-12-17 11:45:53,346 - INFO -   Std: 0.323368
2025-12-17 11:45:53,739 - INFO - Generation 20
2025-12-17 11:45:53,739 - INFO -   Best: 1613.494893
2025-12-17 11:45:53,739 - INFO -   Min: 1613.494893
2025-12-17 11:45:53,739 - INFO -   Max: 1615.764597
2025-12-17 11:45:53,740 - INFO -   Avg: 1614.945963
2025-12-17 11:45:53,740 - INFO -   Std: 0.344083
2025-12-17 11:45:54,135 - INFO - Generation 30
2025-12-17 11:45:54,136 - INFO -   Best: 1613.494893
2025-12-17 11:45:54,136 - INFO -   Min: 1613.494893
2025-12-17 11:45:54,136 - INFO -   Max: 1615.822381
2025-12-17 11:45:54,136 - INFO -   Avg: 1614.957353
2025-12-17 11:45:54,136 - INFO -   Std: 0.344773
2025-12-17 11:45:54,530 - INFO - Generation 40
2025-12-17 11:45:54,530 - INFO -   Best: 1613.450191
2025-12-17 11:45:54,530 - INFO -   Min: 1613.450191
2025-12-17 11:45:54,530 - INFO -   Max: 1615.564102
2025-12-17 11:45:54,530 - INFO -   Avg: 1614.942144
2025-12-17 11:45:54,531 - INFO -   Std: 0.391277
2025-12-17 11:45:54,925 - INFO - Generation 50
2025-12-17 11:45:54,925 - INFO -   Best: 1613.450191
2025-12-17 11:45:54,925 - INFO -   Min: 1613.450191
2025-12-17 11:45:54,925 - INFO -   Max: 1615.769602
2025-12-17 11:45:54,925 - INFO -   Avg: 1614.913114
2025-12-17 11:45:54,925 - INFO -   Std: 0.395752
2025-12-17 11:45:55,319 - INFO - Generation 60
2025-12-17 11:45:55,319 - INFO -   Best: 1613.450191
2025-12-17 11:45:55,320 - INFO -   Min: 1613.450191
2025-12-17 11:45:55,320 - INFO -   Max: 1615.685866
2025-12-17 11:45:55,320 - INFO -   Avg: 1614.887884
2025-12-17 11:45:55,320 - INFO -   Std: 0.379833
2025-12-17 11:45:55,713 - INFO - Generation 70
2025-12-17 11:45:55,713 - INFO -   Best: 1613.450191
2025-12-17 11:45:55,713 - INFO -   Min: 1613.450191
2025-12-17 11:45:55,714 - INFO -   Max: 1616.150194
2025-12-17 11:45:55,714 - INFO -   Avg: 1614.777135
2025-12-17 11:45:55,714 - INFO -   Std: 0.418627
2025-12-17 11:45:56,106 - INFO - Generation 80
2025-12-17 11:45:56,106 - INFO -   Best: 1613.450191
2025-12-17 11:45:56,106 - INFO -   Min: 1613.450191
2025-12-17 11:45:56,106 - INFO -   Max: 1615.752040
2025-12-17 11:45:56,106 - INFO -   Avg: 1614.707532
2025-12-17 11:45:56,106 - INFO -   Std: 0.439063
2025-12-17 11:45:56,502 - INFO - Generation 90
2025-12-17 11:45:56,502 - INFO -   Best: 1613.414202
2025-12-17 11:45:56,502 - INFO -   Min: 1613.414202
2025-12-17 11:45:56,502 - INFO -   Max: 1615.528358
2025-12-17 11:45:56,502 - INFO -   Avg: 1614.831888
2025-12-17 11:45:56,503 - INFO -   Std: 0.420976
2025-12-17 11:45:56,896 - INFO - Generation 100
2025-12-17 11:45:56,896 - INFO -   Best: 1613.414202
2025-12-17 11:45:56,896 - INFO -   Min: 1613.414202
2025-12-17 11:45:56,897 - INFO -   Max: 1615.554326
2025-12-17 11:45:56,897 - INFO -   Avg: 1614.659107
2025-12-17 11:45:56,897 - INFO -   Std: 0.427392
2025-12-17 11:45:57,294 - INFO - Generation 110
2025-12-17 11:45:57,294 - INFO -   Best: 1613.414202
2025-12-17 11:45:57,294 - INFO -   Min: 1613.414202
2025-12-17 11:45:57,295 - INFO -   Max: 1615.845830
2025-12-17 11:45:57,295 - INFO -   Avg: 1614.678434
2025-12-17 11:45:57,295 - INFO -   Std: 0.433558
2025-12-17 11:45:57,689 - INFO - Generation 120
2025-12-17 11:45:57,690 - INFO -   Best: 1613.200938
2025-12-17 11:45:57,690 - INFO -   Min: 1613.200938
2025-12-17 11:45:57,690 - INFO -   Max: 1615.989418
2025-12-17 11:45:57,690 - INFO -   Avg: 1614.733509
2025-12-17 11:45:57,690 - INFO -   Std: 0.421422
2025-12-17 11:45:58,083 - INFO - Generation 130
2025-12-17 11:45:58,083 - INFO -   Best: 1613.200938
2025-12-17 11:45:58,083 - INFO -   Min: 1613.200938
2025-12-17 11:45:58,084 - INFO -   Max: 1615.595713
2025-12-17 11:45:58,084 - INFO -   Avg: 1614.750401
2025-12-17 11:45:58,084 - INFO -   Std: 0.455905
2025-12-17 11:45:58,479 - INFO - Generation 140
2025-12-17 11:45:58,479 - INFO -   Best: 1613.200938
2025-12-17 11:45:58,479 - INFO -   Min: 1613.200938
2025-12-17 11:45:58,479 - INFO -   Max: 1615.783871
2025-12-17 11:45:58,479 - INFO -   Avg: 1614.725306
2025-12-17 11:45:58,480 - INFO -   Std: 0.452712
2025-12-17 11:45:58,869 - INFO - Generation 150
2025-12-17 11:45:58,870 - INFO -   Best: 1613.190959
2025-12-17 11:45:58,870 - INFO -   Min: 1613.190959
2025-12-17 11:45:58,870 - INFO -   Max: 1616.192582
2025-12-17 11:45:58,871 - INFO -   Avg: 1614.676950
2025-12-17 11:45:58,871 - INFO -   Std: 0.498143
2025-12-17 11:45:59,264 - INFO - Generation 160
2025-12-17 11:45:59,264 - INFO -   Best: 1613.190959
2025-12-17 11:45:59,265 - INFO -   Min: 1613.190959
2025-12-17 11:45:59,265 - INFO -   Max: 1615.882027
2025-12-17 11:45:59,265 - INFO -   Avg: 1614.712471
2025-12-17 11:45:59,265 - INFO -   Std: 0.493323
2025-12-17 11:45:59,675 - INFO - Generation 170
2025-12-17 11:45:59,675 - INFO -   Best: 1613.190959
2025-12-17 11:45:59,675 - INFO -   Min: 1613.190959
2025-12-17 11:45:59,676 - INFO -   Max: 1615.499033
2025-12-17 11:45:59,676 - INFO -   Avg: 1614.675550
2025-12-17 11:45:59,676 - INFO -   Std: 0.477929
2025-12-17 11:46:00,069 - INFO - Generation 180
2025-12-17 11:46:00,069 - INFO -   Best: 1612.996106
2025-12-17 11:46:00,069 - INFO -   Min: 1612.996106
2025-12-17 11:46:00,070 - INFO -   Max: 1615.834556
2025-12-17 11:46:00,070 - INFO -   Avg: 1614.424583
2025-12-17 11:46:00,070 - INFO -   Std: 0.606809
2025-12-17 11:46:00,463 - INFO - Generation 190
2025-12-17 11:46:00,463 - INFO -   Best: 1612.783882
2025-12-17 11:46:00,463 - INFO -   Min: 1612.783882
2025-12-17 11:46:00,464 - INFO -   Max: 1615.444062
2025-12-17 11:46:00,464 - INFO -   Avg: 1614.515561
2025-12-17 11:46:00,464 - INFO -   Std: 0.494959
2025-12-17 11:46:00,858 - INFO - Generation 200
2025-12-17 11:46:00,858 - INFO -   Best: 1612.503086
2025-12-17 11:46:00,859 - INFO -   Min: 1612.503086
2025-12-17 11:46:00,859 - INFO -   Max: 1615.546133
2025-12-17 11:46:00,859 - INFO -   Avg: 1614.560450
2025-12-17 11:46:00,859 - INFO -   Std: 0.558370
2025-12-17 11:46:00,882 - INFO - 
Final best fitness: 1612.5030855561
2025-12-17 11:46:00,882 - INFO - Execution time: 7.94s
