2025-12-17 12:08:32,066 - INFO - Representation: Binary
2025-12-17 12:08:32,066 - INFO - Bits per variable: 12
2025-12-17 12:08:32,066 - INFO - Total genes: 60
2025-12-17 12:08:32,066 - INFO - Function: michalewicz
2025-12-17 12:08:32,067 - INFO - Population size: 100
2025-12-17 12:08:32,067 - INFO - Generations: 200
2025-12-17 12:08:32,067 - INFO - Selection: rws
2025-12-17 12:08:32,067 - INFO - Crossover: two_points
2025-12-17 12:08:32,067 - INFO - Mutation: swap
2025-12-17 12:08:32,067 - INFO - 
2025-12-17 12:08:32,252 - INFO - Generation 10
2025-12-17 12:08:32,253 - INFO -   Best: -4.377270
2025-12-17 12:08:32,253 - INFO -   Min: -4.377270
2025-12-17 12:08:32,253 - INFO -   Max: -0.636900
2025-12-17 12:08:32,253 - INFO -   Avg: -2.423930
2025-12-17 12:08:32,254 - INFO -   Std: 0.780354
2025-12-17 12:08:32,329 - INFO - Generation 20
2025-12-17 12:08:32,330 - INFO -   Best: -4.505469
2025-12-17 12:08:32,330 - INFO -   Min: -4.505469
2025-12-17 12:08:32,330 - INFO -   Max: -1.012334
2025-12-17 12:08:32,330 - INFO -   Avg: -3.081133
2025-12-17 12:08:32,330 - INFO -   Std: 0.783352
2025-12-17 12:08:32,411 - INFO - Generation 30
2025-12-17 12:08:32,412 - INFO -   Best: -4.659234
2025-12-17 12:08:32,412 - INFO -   Min: -4.659234
2025-12-17 12:08:32,412 - INFO -   Max: -1.653015
2025-12-17 12:08:32,412 - INFO -   Avg: -3.316014
2025-12-17 12:08:32,412 - INFO -   Std: 0.754096
2025-12-17 12:08:32,493 - INFO - Generation 40
2025-12-17 12:08:32,493 - INFO -   Best: -4.659234
2025-12-17 12:08:32,494 - INFO -   Min: -4.659234
2025-12-17 12:08:32,494 - INFO -   Max: -1.858332
2025-12-17 12:08:32,494 - INFO -   Avg: -3.235950
2025-12-17 12:08:32,494 - INFO -   Std: 0.628321
2025-12-17 12:08:32,575 - INFO - Generation 50
2025-12-17 12:08:32,575 - INFO -   Best: -4.659858
2025-12-17 12:08:32,575 - INFO -   Min: -4.659858
2025-12-17 12:08:32,575 - INFO -   Max: -1.447869
2025-12-17 12:08:32,575 - INFO -   Avg: -3.862856
2025-12-17 12:08:32,576 - INFO -   Std: 0.694577
2025-12-17 12:08:32,658 - INFO - Generation 60
2025-12-17 12:08:32,658 - INFO -   Best: -4.679010
2025-12-17 12:08:32,658 - INFO -   Min: -4.679010
2025-12-17 12:08:32,659 - INFO -   Max: -1.924292
2025-12-17 12:08:32,659 - INFO -   Avg: -3.777835
2025-12-17 12:08:32,659 - INFO -   Std: 0.658203
2025-12-17 12:08:32,747 - INFO - Generation 70
2025-12-17 12:08:32,747 - INFO -   Best: -4.681111
2025-12-17 12:08:32,748 - INFO -   Min: -4.681111
2025-12-17 12:08:32,748 - INFO -   Max: -1.678164
2025-12-17 12:08:32,748 - INFO -   Avg: -3.493165
2025-12-17 12:08:32,748 - INFO -   Std: 0.725054
2025-12-17 12:08:32,838 - INFO - Generation 80
2025-12-17 12:08:32,838 - INFO -   Best: -4.681111
2025-12-17 12:08:32,839 - INFO -   Min: -4.681111
2025-12-17 12:08:32,839 - INFO -   Max: -2.273117
2025-12-17 12:08:32,839 - INFO -   Avg: -3.946746
2025-12-17 12:08:32,839 - INFO -   Std: 0.615622
2025-12-17 12:08:32,925 - INFO - Generation 90
2025-12-17 12:08:32,925 - INFO -   Best: -4.681111
2025-12-17 12:08:32,926 - INFO -   Min: -4.681111
2025-12-17 12:08:32,926 - INFO -   Max: -2.025954
2025-12-17 12:08:32,926 - INFO -   Avg: -3.832721
2025-12-17 12:08:32,926 - INFO -   Std: 0.694590
2025-12-17 12:08:33,017 - INFO - Generation 100
2025-12-17 12:08:33,018 - INFO -   Best: -4.681111
2025-12-17 12:08:33,018 - INFO -   Min: -4.681111
2025-12-17 12:08:33,018 - INFO -   Max: -2.444627
2025-12-17 12:08:33,018 - INFO -   Avg: -4.126358
2025-12-17 12:08:33,018 - INFO -   Std: 0.497840
2025-12-17 12:08:33,113 - INFO - Generation 110
2025-12-17 12:08:33,113 - INFO -   Best: -4.682164
2025-12-17 12:08:33,113 - INFO -   Min: -4.682164
2025-12-17 12:08:33,113 - INFO -   Max: -2.383987
2025-12-17 12:08:33,114 - INFO -   Avg: -4.011696
2025-12-17 12:08:33,114 - INFO -   Std: 0.521837
2025-12-17 12:08:33,208 - INFO - Generation 120
2025-12-17 12:08:33,209 - INFO -   Best: -4.682164
2025-12-17 12:08:33,209 - INFO -   Min: -4.682164
2025-12-17 12:08:33,209 - INFO -   Max: -2.334112
2025-12-17 12:08:33,209 - INFO -   Avg: -4.047541
2025-12-17 12:08:33,209 - INFO -   Std: 0.537319
2025-12-17 12:08:33,302 - INFO - Generation 130
2025-12-17 12:08:33,302 - INFO -   Best: -4.682164
2025-12-17 12:08:33,302 - INFO -   Min: -4.682164
2025-12-17 12:08:33,303 - INFO -   Max: -2.594246
2025-12-17 12:08:33,303 - INFO -   Avg: -4.142709
2025-12-17 12:08:33,303 - INFO -   Std: 0.531098
2025-12-17 12:08:33,395 - INFO - Generation 140
2025-12-17 12:08:33,395 - INFO -   Best: -4.682164
2025-12-17 12:08:33,395 - INFO -   Min: -4.682164
2025-12-17 12:08:33,395 - INFO -   Max: -2.210774
2025-12-17 12:08:33,396 - INFO -   Avg: -4.224906
2025-12-17 12:08:33,396 - INFO -   Std: 0.467286
2025-12-17 12:08:33,492 - INFO - Generation 150
2025-12-17 12:08:33,492 - INFO -   Best: -4.682164
2025-12-17 12:08:33,492 - INFO -   Min: -4.682164
2025-12-17 12:08:33,492 - INFO -   Max: -1.720308
2025-12-17 12:08:33,492 - INFO -   Avg: -4.199110
2025-12-17 12:08:33,492 - INFO -   Std: 0.555432
2025-12-17 12:08:33,584 - INFO - Generation 160
2025-12-17 12:08:33,584 - INFO -   Best: -4.682164
2025-12-17 12:08:33,584 - INFO -   Min: -4.682164
2025-12-17 12:08:33,584 - INFO -   Max: -2.589927
2025-12-17 12:08:33,584 - INFO -   Avg: -4.098229
2025-12-17 12:08:33,585 - INFO -   Std: 0.534336
2025-12-17 12:08:33,673 - INFO - Generation 170
2025-12-17 12:08:33,673 - INFO -   Best: -4.682164
2025-12-17 12:08:33,673 - INFO -   Min: -4.682164
2025-12-17 12:08:33,673 - INFO -   Max: -2.535451
2025-12-17 12:08:33,673 - INFO -   Avg: -4.235947
2025-12-17 12:08:33,674 - INFO -   Std: 0.504772
2025-12-17 12:08:33,762 - INFO - Generation 180
2025-12-17 12:08:33,762 - INFO -   Best: -4.682164
2025-12-17 12:08:33,762 - INFO -   Min: -4.682164
2025-12-17 12:08:33,763 - INFO -   Max: -2.665123
2025-12-17 12:08:33,763 - INFO -   Avg: -4.151249
2025-12-17 12:08:33,763 - INFO -   Std: 0.477184
2025-12-17 12:08:33,848 - INFO - Generation 190
2025-12-17 12:08:33,848 - INFO -   Best: -4.682164
2025-12-17 12:08:33,849 - INFO -   Min: -4.682164
2025-12-17 12:08:33,849 - INFO -   Max: -2.208208
2025-12-17 12:08:33,849 - INFO -   Avg: -4.032944
2025-12-17 12:08:33,849 - INFO -   Std: 0.631382
2025-12-17 12:08:33,940 - INFO - Generation 200
2025-12-17 12:08:33,941 - INFO -   Best: -4.682164
2025-12-17 12:08:33,941 - INFO -   Min: -4.682164
2025-12-17 12:08:33,941 - INFO -   Max: -1.849319
2025-12-17 12:08:33,941 - INFO -   Avg: -4.114389
2025-12-17 12:08:33,941 - INFO -   Std: 0.554203
2025-12-17 12:08:33,948 - INFO - 
Final best fitness: -4.6821635956
2025-12-17 12:08:33,948 - INFO - Execution time: 1.77s
