2025-12-17 12:23:29,510 - INFO - Representation: Real
2025-12-17 12:23:29,511 - INFO - Number of genes: 5
2025-12-17 12:23:29,511 - INFO - Bounds: [0, 3.141592653589793]
2025-12-17 12:23:29,511 - INFO - Function: michalewicz
2025-12-17 12:23:29,511 - INFO - Population size: 100
2025-12-17 12:23:29,511 - INFO - Generations: 200
2025-12-17 12:23:29,512 - INFO - Selection: rws
2025-12-17 12:23:29,512 - INFO - Crossover: two_points
2025-12-17 12:23:29,512 - INFO - Mutation: swap
2025-12-17 12:23:29,512 - INFO - 
2025-12-17 12:23:29,565 - INFO - Generation 10
2025-12-17 12:23:29,566 - INFO -   Best: -3.954692
2025-12-17 12:23:29,566 - INFO -   Min: -3.954692
2025-12-17 12:23:29,566 - INFO -   Max: -0.696411
2025-12-17 12:23:29,566 - INFO -   Avg: -2.318419
2025-12-17 12:23:29,566 - INFO -   Std: 0.725686
2025-12-17 12:23:29,612 - INFO - Generation 20
2025-12-17 12:23:29,612 - INFO -   Best: -4.084132
2025-12-17 12:23:29,612 - INFO -   Min: -4.084132
2025-12-17 12:23:29,612 - INFO -   Max: -1.245354
2025-12-17 12:23:29,612 - INFO -   Avg: -2.560892
2025-12-17 12:23:29,613 - INFO -   Std: 0.641961
2025-12-17 12:23:29,657 - INFO - Generation 30
2025-12-17 12:23:29,657 - INFO -   Best: -4.084132
2025-12-17 12:23:29,657 - INFO -   Min: -4.084132
2025-12-17 12:23:29,657 - INFO -   Max: -1.111430
2025-12-17 12:23:29,658 - INFO -   Avg: -2.797300
2025-12-17 12:23:29,658 - INFO -   Std: 0.674673
2025-12-17 12:23:29,702 - INFO - Generation 40
2025-12-17 12:23:29,702 - INFO -   Best: -4.084132
2025-12-17 12:23:29,702 - INFO -   Min: -4.084132
2025-12-17 12:23:29,702 - INFO -   Max: -1.256207
2025-12-17 12:23:29,702 - INFO -   Avg: -2.649768
2025-12-17 12:23:29,703 - INFO -   Std: 0.599224
2025-12-17 12:23:29,744 - INFO - Generation 50
2025-12-17 12:23:29,744 - INFO -   Best: -4.084132
2025-12-17 12:23:29,744 - INFO -   Min: -4.084132
2025-12-17 12:23:29,744 - INFO -   Max: -1.390132
2025-12-17 12:23:29,744 - INFO -   Avg: -2.871187
2025-12-17 12:23:29,745 - INFO -   Std: 0.537361
2025-12-17 12:23:29,785 - INFO - Generation 60
2025-12-17 12:23:29,786 - INFO -   Best: -4.084132
2025-12-17 12:23:29,786 - INFO -   Min: -4.084132
2025-12-17 12:23:29,786 - INFO -   Max: -1.390132
2025-12-17 12:23:29,786 - INFO -   Avg: -2.789879
2025-12-17 12:23:29,786 - INFO -   Std: 0.564677
2025-12-17 12:23:29,827 - INFO - Generation 70
2025-12-17 12:23:29,827 - INFO -   Best: -4.084132
2025-12-17 12:23:29,827 - INFO -   Min: -4.084132
2025-12-17 12:23:29,828 - INFO -   Max: -1.387631
2025-12-17 12:23:29,828 - INFO -   Avg: -2.858755
2025-12-17 12:23:29,828 - INFO -   Std: 0.603225
2025-12-17 12:23:29,870 - INFO - Generation 80
2025-12-17 12:23:29,870 - INFO -   Best: -4.084132
2025-12-17 12:23:29,870 - INFO -   Min: -4.084132
2025-12-17 12:23:29,870 - INFO -   Max: -1.387631
2025-12-17 12:23:29,870 - INFO -   Avg: -2.782513
2025-12-17 12:23:29,871 - INFO -   Std: 0.677356
2025-12-17 12:23:29,911 - INFO - Generation 90
2025-12-17 12:23:29,911 - INFO -   Best: -4.084132
2025-12-17 12:23:29,911 - INFO -   Min: -4.084132
2025-12-17 12:23:29,911 - INFO -   Max: -1.390132
2025-12-17 12:23:29,912 - INFO -   Avg: -2.756655
2025-12-17 12:23:29,912 - INFO -   Std: 0.690346
2025-12-17 12:23:29,953 - INFO - Generation 100
2025-12-17 12:23:29,953 - INFO -   Best: -4.084132
2025-12-17 12:23:29,953 - INFO -   Min: -4.084132
2025-12-17 12:23:29,953 - INFO -   Max: -1.390132
2025-12-17 12:23:29,953 - INFO -   Avg: -2.893961
2025-12-17 12:23:29,954 - INFO -   Std: 0.668545
2025-12-17 12:23:29,994 - INFO - Generation 110
2025-12-17 12:23:29,994 - INFO -   Best: -4.084132
2025-12-17 12:23:29,995 - INFO -   Min: -4.084132
2025-12-17 12:23:29,995 - INFO -   Max: -1.390132
2025-12-17 12:23:29,995 - INFO -   Avg: -2.819316
2025-12-17 12:23:29,995 - INFO -   Std: 0.603013
2025-12-17 12:23:30,036 - INFO - Generation 120
2025-12-17 12:23:30,036 - INFO -   Best: -4.084132
2025-12-17 12:23:30,036 - INFO -   Min: -4.084132
2025-12-17 12:23:30,036 - INFO -   Max: -1.390132
2025-12-17 12:23:30,036 - INFO -   Avg: -3.010343
2025-12-17 12:23:30,037 - INFO -   Std: 0.493552
2025-12-17 12:23:30,076 - INFO - Generation 130
2025-12-17 12:23:30,076 - INFO -   Best: -4.084132
2025-12-17 12:23:30,076 - INFO -   Min: -4.084132
2025-12-17 12:23:30,077 - INFO -   Max: -1.390132
2025-12-17 12:23:30,077 - INFO -   Avg: -2.983445
2025-12-17 12:23:30,077 - INFO -   Std: 0.577027
2025-12-17 12:23:30,118 - INFO - Generation 140
2025-12-17 12:23:30,118 - INFO -   Best: -4.084132
2025-12-17 12:23:30,118 - INFO -   Min: -4.084132
2025-12-17 12:23:30,118 - INFO -   Max: -1.390132
2025-12-17 12:23:30,118 - INFO -   Avg: -2.941064
2025-12-17 12:23:30,118 - INFO -   Std: 0.351490
2025-12-17 12:23:30,159 - INFO - Generation 150
2025-12-17 12:23:30,159 - INFO -   Best: -4.084132
2025-12-17 12:23:30,159 - INFO -   Min: -4.084132
2025-12-17 12:23:30,159 - INFO -   Max: -1.390132
2025-12-17 12:23:30,160 - INFO -   Avg: -2.908683
2025-12-17 12:23:30,160 - INFO -   Std: 0.476052
2025-12-17 12:23:30,200 - INFO - Generation 160
2025-12-17 12:23:30,200 - INFO -   Best: -4.084132
2025-12-17 12:23:30,200 - INFO -   Min: -4.084132
2025-12-17 12:23:30,200 - INFO -   Max: -1.390132
2025-12-17 12:23:30,200 - INFO -   Avg: -2.825938
2025-12-17 12:23:30,201 - INFO -   Std: 0.585013
2025-12-17 12:23:30,241 - INFO - Generation 170
2025-12-17 12:23:30,242 - INFO -   Best: -4.084132
2025-12-17 12:23:30,242 - INFO -   Min: -4.084132
2025-12-17 12:23:30,242 - INFO -   Max: -1.390132
2025-12-17 12:23:30,242 - INFO -   Avg: -2.684893
2025-12-17 12:23:30,242 - INFO -   Std: 0.726398
2025-12-17 12:23:30,282 - INFO - Generation 180
2025-12-17 12:23:30,283 - INFO -   Best: -4.084132
2025-12-17 12:23:30,283 - INFO -   Min: -4.084132
2025-12-17 12:23:30,283 - INFO -   Max: -1.390132
2025-12-17 12:23:30,283 - INFO -   Avg: -2.684298
2025-12-17 12:23:30,283 - INFO -   Std: 0.541854
2025-12-17 12:23:30,324 - INFO - Generation 190
2025-12-17 12:23:30,324 - INFO -   Best: -4.084132
2025-12-17 12:23:30,324 - INFO -   Min: -4.084132
2025-12-17 12:23:30,324 - INFO -   Max: -1.390132
2025-12-17 12:23:30,324 - INFO -   Avg: -2.868475
2025-12-17 12:23:30,324 - INFO -   Std: 0.602821
2025-12-17 12:23:30,366 - INFO - Generation 200
2025-12-17 12:23:30,366 - INFO -   Best: -4.084132
2025-12-17 12:23:30,367 - INFO -   Min: -4.084132
2025-12-17 12:23:30,367 - INFO -   Max: -1.390132
2025-12-17 12:23:30,367 - INFO -   Avg: -2.752537
2025-12-17 12:23:30,367 - INFO -   Std: 0.776330
2025-12-17 12:23:30,370 - INFO - 
Final best fitness: -4.0841321834
2025-12-17 12:23:30,370 - INFO - Execution time: 0.85s
