2025-12-17 11:45:02,461 - INFO - Representation: Real
2025-12-17 11:45:02,461 - INFO - Number of genes: 30
2025-12-17 11:45:02,461 - INFO - Bounds: [-100, 100]
2025-12-17 11:45:02,461 - INFO - Function: f16_2014
2025-12-17 11:45:02,461 - INFO - Population size: 100
2025-12-17 11:45:02,462 - INFO - Generations: 200
2025-12-17 11:45:02,462 - INFO - Selection: tournament
2025-12-17 11:45:02,462 - INFO - Crossover: single_point
2025-12-17 11:45:02,462 - INFO - Mutation: random
2025-12-17 11:45:02,462 - INFO - 
2025-12-17 11:45:02,927 - INFO - Generation 10
2025-12-17 11:45:02,927 - INFO -   Best: 1613.743747
2025-12-17 11:45:02,928 - INFO -   Min: 1613.743747
2025-12-17 11:45:02,928 - INFO -   Max: 1615.888852
2025-12-17 11:45:02,928 - INFO -   Avg: 1614.753909
2025-12-17 11:45:02,928 - INFO -   Std: 0.436559
2025-12-17 11:45:03,319 - INFO - Generation 20
2025-12-17 11:45:03,320 - INFO -   Best: 1613.174220
2025-12-17 11:45:03,320 - INFO -   Min: 1613.174220
2025-12-17 11:45:03,320 - INFO -   Max: 1615.706078
2025-12-17 11:45:03,320 - INFO -   Avg: 1614.673638
2025-12-17 11:45:03,320 - INFO -   Std: 0.507911
2025-12-17 11:45:03,712 - INFO - Generation 30
2025-12-17 11:45:03,712 - INFO -   Best: 1613.016149
2025-12-17 11:45:03,712 - INFO -   Min: 1613.016149
2025-12-17 11:45:03,713 - INFO -   Max: 1615.942178
2025-12-17 11:45:03,713 - INFO -   Avg: 1614.648840
2025-12-17 11:45:03,713 - INFO -   Std: 0.483012
2025-12-17 11:45:04,104 - INFO - Generation 40
2025-12-17 11:45:04,104 - INFO -   Best: 1612.961037
2025-12-17 11:45:04,105 - INFO -   Min: 1612.961037
2025-12-17 11:45:04,105 - INFO -   Max: 1615.503392
2025-12-17 11:45:04,105 - INFO -   Avg: 1614.616602
2025-12-17 11:45:04,105 - INFO -   Std: 0.440466
2025-12-17 11:45:04,498 - INFO - Generation 50
2025-12-17 11:45:04,498 - INFO -   Best: 1612.961037
2025-12-17 11:45:04,498 - INFO -   Min: 1612.961037
2025-12-17 11:45:04,498 - INFO -   Max: 1616.072962
2025-12-17 11:45:04,498 - INFO -   Avg: 1614.692035
2025-12-17 11:45:04,498 - INFO -   Std: 0.484013
2025-12-17 11:45:04,894 - INFO - Generation 60
2025-12-17 11:45:04,894 - INFO -   Best: 1612.961037
2025-12-17 11:45:04,894 - INFO -   Min: 1612.961037
2025-12-17 11:45:04,894 - INFO -   Max: 1615.811392
2025-12-17 11:45:04,895 - INFO -   Avg: 1614.665251
2025-12-17 11:45:04,895 - INFO -   Std: 0.496090
2025-12-17 11:45:05,289 - INFO - Generation 70
2025-12-17 11:45:05,289 - INFO -   Best: 1612.961037
2025-12-17 11:45:05,290 - INFO -   Min: 1612.961037
2025-12-17 11:45:05,290 - INFO -   Max: 1616.222460
2025-12-17 11:45:05,290 - INFO -   Avg: 1614.602432
2025-12-17 11:45:05,290 - INFO -   Std: 0.520477
2025-12-17 11:45:05,684 - INFO - Generation 80
2025-12-17 11:45:05,684 - INFO -   Best: 1612.958724
2025-12-17 11:45:05,684 - INFO -   Min: 1612.958724
2025-12-17 11:45:05,684 - INFO -   Max: 1615.894994
2025-12-17 11:45:05,685 - INFO -   Avg: 1614.629888
2025-12-17 11:45:05,685 - INFO -   Std: 0.435152
2025-12-17 11:45:06,078 - INFO - Generation 90
2025-12-17 11:45:06,079 - INFO -   Best: 1612.958724
2025-12-17 11:45:06,079 - INFO -   Min: 1612.958724
2025-12-17 11:45:06,079 - INFO -   Max: 1615.516046
2025-12-17 11:45:06,079 - INFO -   Avg: 1614.585178
2025-12-17 11:45:06,079 - INFO -   Std: 0.448062
2025-12-17 11:45:06,474 - INFO - Generation 100
2025-12-17 11:45:06,474 - INFO -   Best: 1612.958724
2025-12-17 11:45:06,474 - INFO -   Min: 1612.958724
2025-12-17 11:45:06,475 - INFO -   Max: 1615.731893
2025-12-17 11:45:06,475 - INFO -   Avg: 1614.743531
2025-12-17 11:45:06,475 - INFO -   Std: 0.488635
2025-12-17 11:45:06,870 - INFO - Generation 110
2025-12-17 11:45:06,870 - INFO -   Best: 1612.958724
2025-12-17 11:45:06,871 - INFO -   Min: 1612.958724
2025-12-17 11:45:06,871 - INFO -   Max: 1615.760483
2025-12-17 11:45:06,871 - INFO -   Avg: 1614.631293
2025-12-17 11:45:06,871 - INFO -   Std: 0.481584
2025-12-17 11:45:07,265 - INFO - Generation 120
2025-12-17 11:45:07,265 - INFO -   Best: 1612.791474
2025-12-17 11:45:07,265 - INFO -   Min: 1612.791474
2025-12-17 11:45:07,265 - INFO -   Max: 1615.697918
2025-12-17 11:45:07,266 - INFO -   Avg: 1614.637343
2025-12-17 11:45:07,266 - INFO -   Std: 0.508796
2025-12-17 11:45:07,662 - INFO - Generation 130
2025-12-17 11:45:07,663 - INFO -   Best: 1612.715892
2025-12-17 11:45:07,663 - INFO -   Min: 1612.715892
2025-12-17 11:45:07,663 - INFO -   Max: 1615.768701
2025-12-17 11:45:07,663 - INFO -   Avg: 1614.603611
2025-12-17 11:45:07,663 - INFO -   Std: 0.568866
2025-12-17 11:45:08,055 - INFO - Generation 140
2025-12-17 11:45:08,055 - INFO -   Best: 1612.592350
2025-12-17 11:45:08,056 - INFO -   Min: 1612.592350
2025-12-17 11:45:08,056 - INFO -   Max: 1615.743466
2025-12-17 11:45:08,056 - INFO -   Avg: 1614.537454
2025-12-17 11:45:08,056 - INFO -   Std: 0.554603
2025-12-17 11:45:08,448 - INFO - Generation 150
2025-12-17 11:45:08,448 - INFO -   Best: 1612.263106
2025-12-17 11:45:08,448 - INFO -   Min: 1612.263106
2025-12-17 11:45:08,448 - INFO -   Max: 1615.701710
2025-12-17 11:45:08,448 - INFO -   Avg: 1614.385253
2025-12-17 11:45:08,449 - INFO -   Std: 0.625694
2025-12-17 11:45:08,840 - INFO - Generation 160
2025-12-17 11:45:08,841 - INFO -   Best: 1612.263106
2025-12-17 11:45:08,841 - INFO -   Min: 1612.263106
2025-12-17 11:45:08,841 - INFO -   Max: 1615.835039
2025-12-17 11:45:08,842 - INFO -   Avg: 1614.655363
2025-12-17 11:45:08,842 - INFO -   Std: 0.667056
2025-12-17 11:45:09,233 - INFO - Generation 170
2025-12-17 11:45:09,233 - INFO -   Best: 1612.241902
2025-12-17 11:45:09,234 - INFO -   Min: 1612.241902
2025-12-17 11:45:09,234 - INFO -   Max: 1615.859085
2025-12-17 11:45:09,234 - INFO -   Avg: 1614.394650
2025-12-17 11:45:09,234 - INFO -   Std: 0.605792
2025-12-17 11:45:09,622 - INFO - Generation 180
2025-12-17 11:45:09,623 - INFO -   Best: 1612.241902
2025-12-17 11:45:09,623 - INFO -   Min: 1612.241902
2025-12-17 11:45:09,624 - INFO -   Max: 1615.885520
2025-12-17 11:45:09,624 - INFO -   Avg: 1614.508206
2025-12-17 11:45:09,624 - INFO -   Std: 0.614867
2025-12-17 11:45:10,016 - INFO - Generation 190
2025-12-17 11:45:10,017 - INFO -   Best: 1612.241902
2025-12-17 11:45:10,018 - INFO -   Min: 1612.241902
2025-12-17 11:45:10,018 - INFO -   Max: 1615.728759
2025-12-17 11:45:10,018 - INFO -   Avg: 1614.438240
2025-12-17 11:45:10,018 - INFO -   Std: 0.632687
2025-12-17 11:45:10,411 - INFO - Generation 200
2025-12-17 11:45:10,412 - INFO -   Best: 1612.241902
2025-12-17 11:45:10,412 - INFO -   Min: 1612.241902
2025-12-17 11:45:10,412 - INFO -   Max: 1616.107807
2025-12-17 11:45:10,412 - INFO -   Avg: 1614.393787
2025-12-17 11:45:10,413 - INFO -   Std: 0.632411
2025-12-17 11:45:10,438 - INFO - 
Final best fitness: 1612.2419023089
2025-12-17 11:45:10,438 - INFO - Execution time: 7.92s
2025-12-17 11:50:49,479 - INFO - Representation: Binary
2025-12-17 11:50:49,479 - INFO - Bits per variable: 12
2025-12-17 11:50:49,479 - INFO - Total genes: 360
2025-12-17 11:50:49,479 - INFO - Function: f16_2014
2025-12-17 11:50:49,479 - INFO - Population size: 100
2025-12-17 11:50:49,480 - INFO - Generations: 200
2025-12-17 11:50:49,480 - INFO - Selection: tournament
2025-12-17 11:50:49,480 - INFO - Crossover: single_point
2025-12-17 11:50:49,480 - INFO - Mutation: random
2025-12-17 11:50:49,480 - INFO - 
2025-12-17 11:50:51,469 - INFO - Generation 10
2025-12-17 11:50:51,469 - INFO -   Best: 1614.330742
2025-12-17 11:50:51,469 - INFO -   Min: 1614.330742
2025-12-17 11:50:51,470 - INFO -   Max: 1615.442038
2025-12-17 11:50:51,470 - INFO -   Avg: 1615.000637
2025-12-17 11:50:51,470 - INFO -   Std: 0.175212
2025-12-17 11:50:52,737 - INFO - Generation 20
2025-12-17 11:50:52,737 - INFO -   Best: 1614.330742
2025-12-17 11:50:52,738 - INFO -   Min: 1614.330742
2025-12-17 11:50:52,738 - INFO -   Max: 1615.343862
2025-12-17 11:50:52,738 - INFO -   Avg: 1614.974631
2025-12-17 11:50:52,738 - INFO -   Std: 0.150359
2025-12-17 11:50:53,999 - INFO - Generation 30
2025-12-17 11:50:53,999 - INFO -   Best: 1614.108955
2025-12-17 11:50:54,000 - INFO -   Min: 1614.108955
2025-12-17 11:50:54,000 - INFO -   Max: 1615.271900
2025-12-17 11:50:54,000 - INFO -   Avg: 1614.962551
2025-12-17 11:50:54,000 - INFO -   Std: 0.166507
2025-12-17 11:50:55,264 - INFO - Generation 40
2025-12-17 11:50:55,264 - INFO -   Best: 1614.108955
2025-12-17 11:50:55,265 - INFO -   Min: 1614.108955
2025-12-17 11:50:55,265 - INFO -   Max: 1615.394043
2025-12-17 11:50:55,265 - INFO -   Avg: 1614.973823
2025-12-17 11:50:55,265 - INFO -   Std: 0.148927
2025-12-17 11:50:56,529 - INFO - Generation 50
2025-12-17 11:50:56,530 - INFO -   Best: 1614.108955
2025-12-17 11:50:56,530 - INFO -   Min: 1614.108955
2025-12-17 11:50:56,530 - INFO -   Max: 1615.422092
2025-12-17 11:50:56,530 - INFO -   Avg: 1614.986796
2025-12-17 11:50:56,531 - INFO -   Std: 0.157272
2025-12-17 11:50:57,790 - INFO - Generation 60
2025-12-17 11:50:57,791 - INFO -   Best: 1614.108955
2025-12-17 11:50:57,791 - INFO -   Min: 1614.108955
2025-12-17 11:50:57,791 - INFO -   Max: 1615.315230
2025-12-17 11:50:57,791 - INFO -   Avg: 1614.968029
2025-12-17 11:50:57,791 - INFO -   Std: 0.165735
2025-12-17 11:50:59,054 - INFO - Generation 70
2025-12-17 11:50:59,054 - INFO -   Best: 1614.108955
2025-12-17 11:50:59,054 - INFO -   Min: 1614.108955
2025-12-17 11:50:59,054 - INFO -   Max: 1615.350130
2025-12-17 11:50:59,055 - INFO -   Avg: 1614.970473
2025-12-17 11:50:59,055 - INFO -   Std: 0.154243
2025-12-17 11:51:00,319 - INFO - Generation 80
2025-12-17 11:51:00,320 - INFO -   Best: 1614.108955
2025-12-17 11:51:00,320 - INFO -   Min: 1614.108955
2025-12-17 11:51:00,320 - INFO -   Max: 1615.465672
2025-12-17 11:51:00,320 - INFO -   Avg: 1614.980946
2025-12-17 11:51:00,320 - INFO -   Std: 0.190606
2025-12-17 11:51:01,576 - INFO - Generation 90
2025-12-17 11:51:01,576 - INFO -   Best: 1614.108955
2025-12-17 11:51:01,576 - INFO -   Min: 1614.108955
2025-12-17 11:51:01,577 - INFO -   Max: 1615.551721
2025-12-17 11:51:01,577 - INFO -   Avg: 1614.984899
2025-12-17 11:51:01,577 - INFO -   Std: 0.165684
2025-12-17 11:51:02,835 - INFO - Generation 100
2025-12-17 11:51:02,835 - INFO -   Best: 1614.108955
2025-12-17 11:51:02,836 - INFO -   Min: 1614.108955
2025-12-17 11:51:02,836 - INFO -   Max: 1615.646032
2025-12-17 11:51:02,836 - INFO -   Avg: 1614.993473
2025-12-17 11:51:02,836 - INFO -   Std: 0.163057
2025-12-17 11:51:04,102 - INFO - Generation 110
2025-12-17 11:51:04,103 - INFO -   Best: 1614.108955
2025-12-17 11:51:04,103 - INFO -   Min: 1614.108955
2025-12-17 11:51:04,103 - INFO -   Max: 1615.308199
2025-12-17 11:51:04,103 - INFO -   Avg: 1614.977811
2025-12-17 11:51:04,103 - INFO -   Std: 0.151000
2025-12-17 11:51:05,376 - INFO - Generation 120
2025-12-17 11:51:05,376 - INFO -   Best: 1614.108955
2025-12-17 11:51:05,376 - INFO -   Min: 1614.108955
2025-12-17 11:51:05,376 - INFO -   Max: 1615.770360
2025-12-17 11:51:05,376 - INFO -   Avg: 1614.977398
2025-12-17 11:51:05,377 - INFO -   Std: 0.181442
2025-12-17 11:51:06,657 - INFO - Generation 130
2025-12-17 11:51:06,657 - INFO -   Best: 1614.108955
2025-12-17 11:51:06,657 - INFO -   Min: 1614.108955
2025-12-17 11:51:06,657 - INFO -   Max: 1615.199693
2025-12-17 11:51:06,657 - INFO -   Avg: 1614.972951
2025-12-17 11:51:06,658 - INFO -   Std: 0.144515
2025-12-17 11:51:07,917 - INFO - Generation 140
2025-12-17 11:51:07,918 - INFO -   Best: 1614.108955
2025-12-17 11:51:07,918 - INFO -   Min: 1614.108955
2025-12-17 11:51:07,918 - INFO -   Max: 1615.187002
2025-12-17 11:51:07,918 - INFO -   Avg: 1614.973721
2025-12-17 11:51:07,919 - INFO -   Std: 0.139516
2025-12-17 11:51:09,178 - INFO - Generation 150
2025-12-17 11:51:09,178 - INFO -   Best: 1614.108955
2025-12-17 11:51:09,178 - INFO -   Min: 1614.108955
2025-12-17 11:51:09,178 - INFO -   Max: 1615.395864
2025-12-17 11:51:09,179 - INFO -   Avg: 1614.984775
2025-12-17 11:51:09,179 - INFO -   Std: 0.162622
2025-12-17 11:51:10,438 - INFO - Generation 160
2025-12-17 11:51:10,438 - INFO -   Best: 1614.108955
2025-12-17 11:51:10,438 - INFO -   Min: 1614.108955
2025-12-17 11:51:10,439 - INFO -   Max: 1615.554818
2025-12-17 11:51:10,439 - INFO -   Avg: 1614.995153
2025-12-17 11:51:10,439 - INFO -   Std: 0.169103
2025-12-17 11:51:11,703 - INFO - Generation 170
2025-12-17 11:51:11,704 - INFO -   Best: 1614.108955
2025-12-17 11:51:11,704 - INFO -   Min: 1614.108955
2025-12-17 11:51:11,704 - INFO -   Max: 1615.458063
2025-12-17 11:51:11,704 - INFO -   Avg: 1614.998662
2025-12-17 11:51:11,704 - INFO -   Std: 0.161887
2025-12-17 11:51:12,963 - INFO - Generation 180
2025-12-17 11:51:12,963 - INFO -   Best: 1613.893798
2025-12-17 11:51:12,964 - INFO -   Min: 1613.893798
2025-12-17 11:51:12,964 - INFO -   Max: 1615.434239
2025-12-17 11:51:12,964 - INFO -   Avg: 1614.970270
2025-12-17 11:51:12,964 - INFO -   Std: 0.200280
2025-12-17 11:51:14,228 - INFO - Generation 190
2025-12-17 11:51:14,229 - INFO -   Best: 1613.893798
2025-12-17 11:51:14,229 - INFO -   Min: 1613.893798
2025-12-17 11:51:14,229 - INFO -   Max: 1615.439485
2025-12-17 11:51:14,229 - INFO -   Avg: 1614.981485
2025-12-17 11:51:14,229 - INFO -   Std: 0.185671
2025-12-17 11:51:15,499 - INFO - Generation 200
2025-12-17 11:51:15,499 - INFO -   Best: 1613.893798
2025-12-17 11:51:15,499 - INFO -   Min: 1613.893798
2025-12-17 11:51:15,499 - INFO -   Max: 1615.442191
2025-12-17 11:51:15,499 - INFO -   Avg: 1614.969169
2025-12-17 11:51:15,499 - INFO -   Std: 0.185018
2025-12-17 11:51:15,536 - INFO - 
Final best fitness: 1613.8937982721
2025-12-17 11:51:15,536 - INFO - Execution time: 25.39s
