2025-12-17 11:44:53,973 - INFO - Representation: Real
2025-12-17 11:44:53,974 - INFO - Number of genes: 30
2025-12-17 11:44:53,974 - INFO - Bounds: [-100, 100]
2025-12-17 11:44:53,974 - INFO - Function: f16_2014
2025-12-17 11:44:53,974 - INFO - Population size: 100
2025-12-17 11:44:53,974 - INFO - Generations: 200
2025-12-17 11:44:53,974 - INFO - Selection: tournament
2025-12-17 11:44:53,975 - INFO - Crossover: single_point
2025-12-17 11:44:53,975 - INFO - Mutation: random
2025-12-17 11:44:53,975 - INFO - 
2025-12-17 11:44:54,451 - INFO - Generation 10
2025-12-17 11:44:54,451 - INFO -   Best: 1613.743701
2025-12-17 11:44:54,452 - INFO -   Min: 1613.743701
2025-12-17 11:44:54,452 - INFO -   Max: 1615.994992
2025-12-17 11:44:54,452 - INFO -   Avg: 1614.955968
2025-12-17 11:44:54,452 - INFO -   Std: 0.380416
2025-12-17 11:44:54,851 - INFO - Generation 20
2025-12-17 11:44:54,851 - INFO -   Best: 1613.743701
2025-12-17 11:44:54,851 - INFO -   Min: 1613.743701
2025-12-17 11:44:54,852 - INFO -   Max: 1616.029219
2025-12-17 11:44:54,852 - INFO -   Avg: 1614.821854
2025-12-17 11:44:54,852 - INFO -   Std: 0.360466
2025-12-17 11:44:55,260 - INFO - Generation 30
2025-12-17 11:44:55,260 - INFO -   Best: 1613.696391
2025-12-17 11:44:55,260 - INFO -   Min: 1613.696391
2025-12-17 11:44:55,260 - INFO -   Max: 1615.602352
2025-12-17 11:44:55,260 - INFO -   Avg: 1614.901001
2025-12-17 11:44:55,260 - INFO -   Std: 0.309485
2025-12-17 11:44:55,656 - INFO - Generation 40
2025-12-17 11:44:55,656 - INFO -   Best: 1613.696391
2025-12-17 11:44:55,656 - INFO -   Min: 1613.696391
2025-12-17 11:44:55,657 - INFO -   Max: 1615.733789
2025-12-17 11:44:55,657 - INFO -   Avg: 1614.827254
2025-12-17 11:44:55,657 - INFO -   Std: 0.365091
2025-12-17 11:44:56,057 - INFO - Generation 50
2025-12-17 11:44:56,057 - INFO -   Best: 1613.600862
2025-12-17 11:44:56,057 - INFO -   Min: 1613.600862
2025-12-17 11:44:56,057 - INFO -   Max: 1615.749208
2025-12-17 11:44:56,058 - INFO -   Avg: 1614.836465
2025-12-17 11:44:56,058 - INFO -   Std: 0.333508
2025-12-17 11:44:56,454 - INFO - Generation 60
2025-12-17 11:44:56,455 - INFO -   Best: 1613.427488
2025-12-17 11:44:56,455 - INFO -   Min: 1613.427488
2025-12-17 11:44:56,455 - INFO -   Max: 1615.975080
2025-12-17 11:44:56,455 - INFO -   Avg: 1614.755917
2025-12-17 11:44:56,455 - INFO -   Std: 0.480774
2025-12-17 11:44:56,851 - INFO - Generation 70
2025-12-17 11:44:56,851 - INFO -   Best: 1613.409315
2025-12-17 11:44:56,852 - INFO -   Min: 1613.409315
2025-12-17 11:44:56,852 - INFO -   Max: 1615.857728
2025-12-17 11:44:56,852 - INFO -   Avg: 1614.671934
2025-12-17 11:44:56,852 - INFO -   Std: 0.417737
2025-12-17 11:44:57,245 - INFO - Generation 80
2025-12-17 11:44:57,245 - INFO -   Best: 1613.409315
2025-12-17 11:44:57,245 - INFO -   Min: 1613.409315
2025-12-17 11:44:57,246 - INFO -   Max: 1615.442580
2025-12-17 11:44:57,246 - INFO -   Avg: 1614.641816
2025-12-17 11:44:57,246 - INFO -   Std: 0.411057
2025-12-17 11:44:57,638 - INFO - Generation 90
2025-12-17 11:44:57,638 - INFO -   Best: 1613.409315
2025-12-17 11:44:57,638 - INFO -   Min: 1613.409315
2025-12-17 11:44:57,639 - INFO -   Max: 1616.488103
2025-12-17 11:44:57,639 - INFO -   Avg: 1614.705774
2025-12-17 11:44:57,639 - INFO -   Std: 0.528718
2025-12-17 11:44:58,038 - INFO - Generation 100
2025-12-17 11:44:58,039 - INFO -   Best: 1613.073406
2025-12-17 11:44:58,039 - INFO -   Min: 1613.073406
2025-12-17 11:44:58,039 - INFO -   Max: 1615.518025
2025-12-17 11:44:58,039 - INFO -   Avg: 1614.541709
2025-12-17 11:44:58,039 - INFO -   Std: 0.475925
2025-12-17 11:44:58,441 - INFO - Generation 110
2025-12-17 11:44:58,441 - INFO -   Best: 1613.073406
2025-12-17 11:44:58,441 - INFO -   Min: 1613.073406
2025-12-17 11:44:58,441 - INFO -   Max: 1615.696291
2025-12-17 11:44:58,442 - INFO -   Avg: 1614.609013
2025-12-17 11:44:58,442 - INFO -   Std: 0.472325
2025-12-17 11:44:58,840 - INFO - Generation 120
2025-12-17 11:44:58,840 - INFO -   Best: 1613.029431
2025-12-17 11:44:58,840 - INFO -   Min: 1613.029431
2025-12-17 11:44:58,840 - INFO -   Max: 1615.702311
2025-12-17 11:44:58,840 - INFO -   Avg: 1614.606688
2025-12-17 11:44:58,840 - INFO -   Std: 0.491832
2025-12-17 11:44:59,235 - INFO - Generation 130
2025-12-17 11:44:59,235 - INFO -   Best: 1612.986594
2025-12-17 11:44:59,235 - INFO -   Min: 1612.986594
2025-12-17 11:44:59,236 - INFO -   Max: 1615.923251
2025-12-17 11:44:59,236 - INFO -   Avg: 1614.663680
2025-12-17 11:44:59,236 - INFO -   Std: 0.513133
2025-12-17 11:44:59,630 - INFO - Generation 140
2025-12-17 11:44:59,630 - INFO -   Best: 1612.986594
2025-12-17 11:44:59,630 - INFO -   Min: 1612.986594
2025-12-17 11:44:59,630 - INFO -   Max: 1615.680022
2025-12-17 11:44:59,630 - INFO -   Avg: 1614.611407
2025-12-17 11:44:59,630 - INFO -   Std: 0.504364
2025-12-17 11:45:00,026 - INFO - Generation 150
2025-12-17 11:45:00,027 - INFO -   Best: 1612.630038
2025-12-17 11:45:00,027 - INFO -   Min: 1612.630038
2025-12-17 11:45:00,027 - INFO -   Max: 1615.993524
2025-12-17 11:45:00,027 - INFO -   Avg: 1614.703923
2025-12-17 11:45:00,027 - INFO -   Std: 0.496417
2025-12-17 11:45:00,422 - INFO - Generation 160
2025-12-17 11:45:00,422 - INFO -   Best: 1612.630038
2025-12-17 11:45:00,422 - INFO -   Min: 1612.630038
2025-12-17 11:45:00,422 - INFO -   Max: 1616.210597
2025-12-17 11:45:00,422 - INFO -   Avg: 1614.702676
2025-12-17 11:45:00,422 - INFO -   Std: 0.574603
2025-12-17 11:45:00,814 - INFO - Generation 170
2025-12-17 11:45:00,814 - INFO -   Best: 1612.630038
2025-12-17 11:45:00,815 - INFO -   Min: 1612.630038
2025-12-17 11:45:00,815 - INFO -   Max: 1615.450119
2025-12-17 11:45:00,815 - INFO -   Avg: 1614.633506
2025-12-17 11:45:00,815 - INFO -   Std: 0.514561
2025-12-17 11:45:01,215 - INFO - Generation 180
2025-12-17 11:45:01,215 - INFO -   Best: 1612.630038
2025-12-17 11:45:01,216 - INFO -   Min: 1612.630038
2025-12-17 11:45:01,216 - INFO -   Max: 1615.679661
2025-12-17 11:45:01,216 - INFO -   Avg: 1614.504492
2025-12-17 11:45:01,216 - INFO -   Std: 0.611891
2025-12-17 11:45:01,612 - INFO - Generation 190
2025-12-17 11:45:01,613 - INFO -   Best: 1612.630038
2025-12-17 11:45:01,613 - INFO -   Min: 1612.630038
2025-12-17 11:45:01,613 - INFO -   Max: 1615.892927
2025-12-17 11:45:01,613 - INFO -   Avg: 1614.482954
2025-12-17 11:45:01,613 - INFO -   Std: 0.579459
2025-12-17 11:45:02,017 - INFO - Generation 200
2025-12-17 11:45:02,017 - INFO -   Best: 1612.532252
2025-12-17 11:45:02,017 - INFO -   Min: 1612.532252
2025-12-17 11:45:02,017 - INFO -   Max: 1615.764400
2025-12-17 11:45:02,018 - INFO -   Avg: 1614.519491
2025-12-17 11:45:02,018 - INFO -   Std: 0.599445
2025-12-17 11:45:02,041 - INFO - 
Final best fitness: 1612.5322522691
2025-12-17 11:45:02,041 - INFO - Execution time: 8.00s
2025-12-17 11:50:22,558 - INFO - Representation: Binary
2025-12-17 11:50:22,558 - INFO - Bits per variable: 12
2025-12-17 11:50:22,558 - INFO - Total genes: 360
2025-12-17 11:50:22,558 - INFO - Function: f16_2014
2025-12-17 11:50:22,559 - INFO - Population size: 100
2025-12-17 11:50:22,559 - INFO - Generations: 200
2025-12-17 11:50:22,559 - INFO - Selection: tournament
2025-12-17 11:50:22,560 - INFO - Crossover: single_point
2025-12-17 11:50:22,560 - INFO - Mutation: random
2025-12-17 11:50:22,560 - INFO - 
2025-12-17 11:50:24,657 - INFO - Generation 10
2025-12-17 11:50:24,658 - INFO -   Best: 1614.094925
2025-12-17 11:50:24,658 - INFO -   Min: 1614.094925
2025-12-17 11:50:24,658 - INFO -   Max: 1615.558680
2025-12-17 11:50:24,658 - INFO -   Avg: 1614.995025
2025-12-17 11:50:24,658 - INFO -   Std: 0.196254
2025-12-17 11:50:25,976 - INFO - Generation 20
2025-12-17 11:50:25,976 - INFO -   Best: 1614.094925
2025-12-17 11:50:25,976 - INFO -   Min: 1614.094925
2025-12-17 11:50:25,976 - INFO -   Max: 1615.556527
2025-12-17 11:50:25,977 - INFO -   Avg: 1614.957436
2025-12-17 11:50:25,977 - INFO -   Std: 0.211858
2025-12-17 11:50:27,272 - INFO - Generation 30
2025-12-17 11:50:27,273 - INFO -   Best: 1614.094925
2025-12-17 11:50:27,273 - INFO -   Min: 1614.094925
2025-12-17 11:50:27,273 - INFO -   Max: 1615.476947
2025-12-17 11:50:27,273 - INFO -   Avg: 1614.989156
2025-12-17 11:50:27,274 - INFO -   Std: 0.160918
2025-12-17 11:50:28,549 - INFO - Generation 40
2025-12-17 11:50:28,549 - INFO -   Best: 1614.094925
2025-12-17 11:50:28,550 - INFO -   Min: 1614.094925
2025-12-17 11:50:28,550 - INFO -   Max: 1615.477428
2025-12-17 11:50:28,550 - INFO -   Avg: 1614.985581
2025-12-17 11:50:28,550 - INFO -   Std: 0.176013
2025-12-17 11:50:29,824 - INFO - Generation 50
2025-12-17 11:50:29,825 - INFO -   Best: 1614.094925
2025-12-17 11:50:29,825 - INFO -   Min: 1614.094925
2025-12-17 11:50:29,825 - INFO -   Max: 1615.404123
2025-12-17 11:50:29,825 - INFO -   Avg: 1614.985479
2025-12-17 11:50:29,826 - INFO -   Std: 0.162195
2025-12-17 11:50:31,100 - INFO - Generation 60
2025-12-17 11:50:31,101 - INFO -   Best: 1614.094925
2025-12-17 11:50:31,101 - INFO -   Min: 1614.094925
2025-12-17 11:50:31,101 - INFO -   Max: 1615.565021
2025-12-17 11:50:31,101 - INFO -   Avg: 1614.982071
2025-12-17 11:50:31,101 - INFO -   Std: 0.212174
2025-12-17 11:50:32,378 - INFO - Generation 70
2025-12-17 11:50:32,378 - INFO -   Best: 1614.094925
2025-12-17 11:50:32,378 - INFO -   Min: 1614.094925
2025-12-17 11:50:32,379 - INFO -   Max: 1615.692673
2025-12-17 11:50:32,379 - INFO -   Avg: 1615.014608
2025-12-17 11:50:32,379 - INFO -   Std: 0.182288
2025-12-17 11:50:33,650 - INFO - Generation 80
2025-12-17 11:50:33,651 - INFO -   Best: 1614.094925
2025-12-17 11:50:33,651 - INFO -   Min: 1614.094925
2025-12-17 11:50:33,651 - INFO -   Max: 1615.804385
2025-12-17 11:50:33,651 - INFO -   Avg: 1614.999356
2025-12-17 11:50:33,651 - INFO -   Std: 0.176070
2025-12-17 11:50:34,921 - INFO - Generation 90
2025-12-17 11:50:34,921 - INFO -   Best: 1614.094925
2025-12-17 11:50:34,922 - INFO -   Min: 1614.094925
2025-12-17 11:50:34,922 - INFO -   Max: 1615.414432
2025-12-17 11:50:34,922 - INFO -   Avg: 1614.983174
2025-12-17 11:50:34,922 - INFO -   Std: 0.148495
2025-12-17 11:50:36,201 - INFO - Generation 100
2025-12-17 11:50:36,201 - INFO -   Best: 1614.094925
2025-12-17 11:50:36,201 - INFO -   Min: 1614.094925
2025-12-17 11:50:36,202 - INFO -   Max: 1615.832748
2025-12-17 11:50:36,202 - INFO -   Avg: 1614.953928
2025-12-17 11:50:36,202 - INFO -   Std: 0.249523
2025-12-17 11:50:37,556 - INFO - Generation 110
2025-12-17 11:50:37,556 - INFO -   Best: 1613.733472
2025-12-17 11:50:37,557 - INFO -   Min: 1613.733472
2025-12-17 11:50:37,557 - INFO -   Max: 1615.422431
2025-12-17 11:50:37,557 - INFO -   Avg: 1614.972318
2025-12-17 11:50:37,557 - INFO -   Std: 0.184791
2025-12-17 11:50:38,846 - INFO - Generation 120
2025-12-17 11:50:38,846 - INFO -   Best: 1613.733472
2025-12-17 11:50:38,847 - INFO -   Min: 1613.733472
2025-12-17 11:50:38,847 - INFO -   Max: 1615.399210
2025-12-17 11:50:38,847 - INFO -   Avg: 1614.993857
2025-12-17 11:50:38,847 - INFO -   Std: 0.182285
2025-12-17 11:50:40,118 - INFO - Generation 130
2025-12-17 11:50:40,118 - INFO -   Best: 1613.733472
2025-12-17 11:50:40,118 - INFO -   Min: 1613.733472
2025-12-17 11:50:40,118 - INFO -   Max: 1615.798598
2025-12-17 11:50:40,119 - INFO -   Avg: 1614.981407
2025-12-17 11:50:40,119 - INFO -   Std: 0.221613
2025-12-17 11:50:41,419 - INFO - Generation 140
2025-12-17 11:50:41,419 - INFO -   Best: 1613.733472
2025-12-17 11:50:41,419 - INFO -   Min: 1613.733472
2025-12-17 11:50:41,419 - INFO -   Max: 1615.249645
2025-12-17 11:50:41,420 - INFO -   Avg: 1614.973248
2025-12-17 11:50:41,420 - INFO -   Std: 0.173503
2025-12-17 11:50:42,694 - INFO - Generation 150
2025-12-17 11:50:42,695 - INFO -   Best: 1613.733472
2025-12-17 11:50:42,695 - INFO -   Min: 1613.733472
2025-12-17 11:50:42,695 - INFO -   Max: 1615.398818
2025-12-17 11:50:42,695 - INFO -   Avg: 1614.983410
2025-12-17 11:50:42,696 - INFO -   Std: 0.176610
2025-12-17 11:50:43,983 - INFO - Generation 160
2025-12-17 11:50:43,983 - INFO -   Best: 1613.733472
2025-12-17 11:50:43,985 - INFO -   Min: 1613.733472
2025-12-17 11:50:43,985 - INFO -   Max: 1615.373102
2025-12-17 11:50:43,985 - INFO -   Avg: 1614.990473
2025-12-17 11:50:43,985 - INFO -   Std: 0.176147
2025-12-17 11:50:45,252 - INFO - Generation 170
2025-12-17 11:50:45,252 - INFO -   Best: 1613.733472
2025-12-17 11:50:45,252 - INFO -   Min: 1613.733472
2025-12-17 11:50:45,252 - INFO -   Max: 1615.204198
2025-12-17 11:50:45,253 - INFO -   Avg: 1614.973218
2025-12-17 11:50:45,253 - INFO -   Std: 0.169496
2025-12-17 11:50:46,506 - INFO - Generation 180
2025-12-17 11:50:46,506 - INFO -   Best: 1613.733472
2025-12-17 11:50:46,506 - INFO -   Min: 1613.733472
2025-12-17 11:50:46,508 - INFO -   Max: 1615.798866
2025-12-17 11:50:46,508 - INFO -   Avg: 1614.981737
2025-12-17 11:50:46,508 - INFO -   Std: 0.205789
2025-12-17 11:50:47,769 - INFO - Generation 190
2025-12-17 11:50:47,770 - INFO -   Best: 1613.733472
2025-12-17 11:50:47,770 - INFO -   Min: 1613.733472
2025-12-17 11:50:47,770 - INFO -   Max: 1615.185569
2025-12-17 11:50:47,770 - INFO -   Avg: 1614.970591
2025-12-17 11:50:47,770 - INFO -   Std: 0.166811
2025-12-17 11:50:49,027 - INFO - Generation 200
2025-12-17 11:50:49,027 - INFO -   Best: 1613.733472
2025-12-17 11:50:49,027 - INFO -   Min: 1613.733472
2025-12-17 11:50:49,027 - INFO -   Max: 1615.373628
2025-12-17 11:50:49,027 - INFO -   Avg: 1614.980480
2025-12-17 11:50:49,028 - INFO -   Std: 0.182084
2025-12-17 11:50:49,062 - INFO - 
Final best fitness: 1613.7334716748
2025-12-17 11:50:49,063 - INFO - Execution time: 25.80s
