2025-12-17 12:20:07,977 - INFO - Representation: Real
2025-12-17 12:20:07,978 - INFO - Number of genes: 30
2025-12-17 12:20:07,978 - INFO - Bounds: [-100, 100]
2025-12-17 12:20:07,978 - INFO - Function: f16_2014
2025-12-17 12:20:07,978 - INFO - Population size: 100
2025-12-17 12:20:07,978 - INFO - Generations: 200
2025-12-17 12:20:07,978 - INFO - Selection: rws
2025-12-17 12:20:07,979 - INFO - Crossover: two_points
2025-12-17 12:20:07,979 - INFO - Mutation: swap
2025-12-17 12:20:07,979 - INFO - 
2025-12-17 12:20:08,402 - INFO - Generation 10
2025-12-17 12:20:08,403 - INFO -   Best: 1613.676726
2025-12-17 12:20:08,403 - INFO -   Min: 1613.676726
2025-12-17 12:20:08,403 - INFO -   Max: 1616.073638
2025-12-17 12:20:08,403 - INFO -   Avg: 1614.990361
2025-12-17 12:20:08,404 - INFO -   Std: 0.312224
2025-12-17 12:20:08,761 - INFO - Generation 20
2025-12-17 12:20:08,762 - INFO -   Best: 1613.676726
2025-12-17 12:20:08,762 - INFO -   Min: 1613.676726
2025-12-17 12:20:08,762 - INFO -   Max: 1615.684065
2025-12-17 12:20:08,762 - INFO -   Avg: 1615.012880
2025-12-17 12:20:08,762 - INFO -   Std: 0.307009
2025-12-17 12:20:09,121 - INFO - Generation 30
2025-12-17 12:20:09,121 - INFO -   Best: 1613.676726
2025-12-17 12:20:09,121 - INFO -   Min: 1613.676726
2025-12-17 12:20:09,122 - INFO -   Max: 1615.848036
2025-12-17 12:20:09,122 - INFO -   Avg: 1614.976442
2025-12-17 12:20:09,122 - INFO -   Std: 0.329479
2025-12-17 12:20:09,476 - INFO - Generation 40
2025-12-17 12:20:09,477 - INFO -   Best: 1613.676726
2025-12-17 12:20:09,477 - INFO -   Min: 1613.676726
2025-12-17 12:20:09,477 - INFO -   Max: 1615.501246
2025-12-17 12:20:09,477 - INFO -   Avg: 1614.981897
2025-12-17 12:20:09,477 - INFO -   Std: 0.306740
2025-12-17 12:20:09,833 - INFO - Generation 50
2025-12-17 12:20:09,834 - INFO -   Best: 1613.676726
2025-12-17 12:20:09,834 - INFO -   Min: 1613.676726
2025-12-17 12:20:09,834 - INFO -   Max: 1615.812882
2025-12-17 12:20:09,834 - INFO -   Avg: 1614.993514
2025-12-17 12:20:09,834 - INFO -   Std: 0.336586
2025-12-17 12:20:10,189 - INFO - Generation 60
2025-12-17 12:20:10,190 - INFO -   Best: 1613.676726
2025-12-17 12:20:10,190 - INFO -   Min: 1613.676726
2025-12-17 12:20:10,190 - INFO -   Max: 1616.597348
2025-12-17 12:20:10,190 - INFO -   Avg: 1614.984040
2025-12-17 12:20:10,191 - INFO -   Std: 0.416541
2025-12-17 12:20:10,547 - INFO - Generation 70
2025-12-17 12:20:10,547 - INFO -   Best: 1613.676726
2025-12-17 12:20:10,548 - INFO -   Min: 1613.676726
2025-12-17 12:20:10,548 - INFO -   Max: 1615.687541
2025-12-17 12:20:10,548 - INFO -   Avg: 1614.912176
2025-12-17 12:20:10,548 - INFO -   Std: 0.390715
2025-12-17 12:20:10,917 - INFO - Generation 80
2025-12-17 12:20:10,917 - INFO -   Best: 1613.602735
2025-12-17 12:20:10,917 - INFO -   Min: 1613.602735
2025-12-17 12:20:10,918 - INFO -   Max: 1616.023782
2025-12-17 12:20:10,918 - INFO -   Avg: 1614.976498
2025-12-17 12:20:10,918 - INFO -   Std: 0.389622
2025-12-17 12:20:11,273 - INFO - Generation 90
2025-12-17 12:20:11,273 - INFO -   Best: 1613.602735
2025-12-17 12:20:11,273 - INFO -   Min: 1613.602735
2025-12-17 12:20:11,273 - INFO -   Max: 1616.027131
2025-12-17 12:20:11,274 - INFO -   Avg: 1615.005365
2025-12-17 12:20:11,274 - INFO -   Std: 0.352335
2025-12-17 12:20:11,629 - INFO - Generation 100
2025-12-17 12:20:11,630 - INFO -   Best: 1613.602735
2025-12-17 12:20:11,630 - INFO -   Min: 1613.602735
2025-12-17 12:20:11,630 - INFO -   Max: 1615.833863
2025-12-17 12:20:11,630 - INFO -   Avg: 1614.971875
2025-12-17 12:20:11,630 - INFO -   Std: 0.349440
2025-12-17 12:20:11,988 - INFO - Generation 110
2025-12-17 12:20:11,988 - INFO -   Best: 1613.602735
2025-12-17 12:20:11,988 - INFO -   Min: 1613.602735
2025-12-17 12:20:11,989 - INFO -   Max: 1615.942721
2025-12-17 12:20:11,989 - INFO -   Avg: 1614.921903
2025-12-17 12:20:11,989 - INFO -   Std: 0.376721
2025-12-17 12:20:12,347 - INFO - Generation 120
2025-12-17 12:20:12,348 - INFO -   Best: 1613.498828
2025-12-17 12:20:12,348 - INFO -   Min: 1613.498828
2025-12-17 12:20:12,348 - INFO -   Max: 1616.228004
2025-12-17 12:20:12,348 - INFO -   Avg: 1614.972000
2025-12-17 12:20:12,348 - INFO -   Std: 0.420217
2025-12-17 12:20:12,710 - INFO - Generation 130
2025-12-17 12:20:12,711 - INFO -   Best: 1613.498828
2025-12-17 12:20:12,711 - INFO -   Min: 1613.498828
2025-12-17 12:20:12,711 - INFO -   Max: 1616.123399
2025-12-17 12:20:12,711 - INFO -   Avg: 1615.063451
2025-12-17 12:20:12,711 - INFO -   Std: 0.396020
2025-12-17 12:20:13,070 - INFO - Generation 140
2025-12-17 12:20:13,070 - INFO -   Best: 1613.498828
2025-12-17 12:20:13,071 - INFO -   Min: 1613.498828
2025-12-17 12:20:13,071 - INFO -   Max: 1615.748677
2025-12-17 12:20:13,071 - INFO -   Avg: 1614.974593
2025-12-17 12:20:13,071 - INFO -   Std: 0.424721
2025-12-17 12:20:13,422 - INFO - Generation 150
2025-12-17 12:20:13,422 - INFO -   Best: 1613.193830
2025-12-17 12:20:13,423 - INFO -   Min: 1613.193830
2025-12-17 12:20:13,423 - INFO -   Max: 1615.782075
2025-12-17 12:20:13,423 - INFO -   Avg: 1614.904238
2025-12-17 12:20:13,423 - INFO -   Std: 0.398874
2025-12-17 12:20:13,774 - INFO - Generation 160
2025-12-17 12:20:13,774 - INFO -   Best: 1613.193830
2025-12-17 12:20:13,775 - INFO -   Min: 1613.193830
2025-12-17 12:20:13,775 - INFO -   Max: 1616.184065
2025-12-17 12:20:13,775 - INFO -   Avg: 1614.908730
2025-12-17 12:20:13,775 - INFO -   Std: 0.394292
2025-12-17 12:20:14,126 - INFO - Generation 170
2025-12-17 12:20:14,127 - INFO -   Best: 1613.193830
2025-12-17 12:20:14,127 - INFO -   Min: 1613.193830
2025-12-17 12:20:14,127 - INFO -   Max: 1615.688829
2025-12-17 12:20:14,127 - INFO -   Avg: 1614.830275
2025-12-17 12:20:14,127 - INFO -   Std: 0.455804
2025-12-17 12:20:14,482 - INFO - Generation 180
2025-12-17 12:20:14,482 - INFO -   Best: 1613.193830
2025-12-17 12:20:14,483 - INFO -   Min: 1613.193830
2025-12-17 12:20:14,483 - INFO -   Max: 1615.939278
2025-12-17 12:20:14,483 - INFO -   Avg: 1615.028245
2025-12-17 12:20:14,483 - INFO -   Std: 0.478636
2025-12-17 12:20:14,832 - INFO - Generation 190
2025-12-17 12:20:14,832 - INFO -   Best: 1613.164972
2025-12-17 12:20:14,833 - INFO -   Min: 1613.164972
2025-12-17 12:20:14,833 - INFO -   Max: 1615.809808
2025-12-17 12:20:14,833 - INFO -   Avg: 1614.879782
2025-12-17 12:20:14,833 - INFO -   Std: 0.425883
2025-12-17 12:20:15,185 - INFO - Generation 200
2025-12-17 12:20:15,186 - INFO -   Best: 1613.164972
2025-12-17 12:20:15,187 - INFO -   Min: 1613.164972
2025-12-17 12:20:15,187 - INFO -   Max: 1616.069470
2025-12-17 12:20:15,187 - INFO -   Avg: 1614.846504
2025-12-17 12:20:15,187 - INFO -   Std: 0.562659
2025-12-17 12:20:15,208 - INFO - 
Final best fitness: 1613.1649716959
2025-12-17 12:20:15,208 - INFO - Execution time: 7.17s
