2025-12-17 12:09:25,410 - INFO - Representation: Binary
2025-12-17 12:09:25,410 - INFO - Bits per variable: 12
2025-12-17 12:09:25,410 - INFO - Total genes: 120
2025-12-17 12:09:25,410 - INFO - Function: michalewicz
2025-12-17 12:09:25,410 - INFO - Population size: 100
2025-12-17 12:09:25,411 - INFO - Generations: 200
2025-12-17 12:09:25,411 - INFO - Selection: rws
2025-12-17 12:09:25,411 - INFO - Crossover: two_points
2025-12-17 12:09:25,411 - INFO - Mutation: swap
2025-12-17 12:09:25,411 - INFO - 
2025-12-17 12:09:25,728 - INFO - Generation 10
2025-12-17 12:09:25,729 - INFO -   Best: -6.799035
2025-12-17 12:09:25,729 - INFO -   Min: -6.799035
2025-12-17 12:09:25,729 - INFO -   Max: -0.620813
2025-12-17 12:09:25,729 - INFO -   Avg: -3.653226
2025-12-17 12:09:25,730 - INFO -   Std: 1.240765
2025-12-17 12:09:25,841 - INFO - Generation 20
2025-12-17 12:09:25,842 - INFO -   Best: -7.210684
2025-12-17 12:09:25,842 - INFO -   Min: -7.210684
2025-12-17 12:09:25,842 - INFO -   Max: -1.599974
2025-12-17 12:09:25,842 - INFO -   Avg: -4.651944
2025-12-17 12:09:25,842 - INFO -   Std: 1.218016
2025-12-17 12:09:25,956 - INFO - Generation 30
2025-12-17 12:09:25,956 - INFO -   Best: -7.751249
2025-12-17 12:09:25,956 - INFO -   Min: -7.751249
2025-12-17 12:09:25,956 - INFO -   Max: -3.296573
2025-12-17 12:09:25,957 - INFO -   Avg: -5.576878
2025-12-17 12:09:25,957 - INFO -   Std: 1.021358
2025-12-17 12:09:26,067 - INFO - Generation 40
2025-12-17 12:09:26,067 - INFO -   Best: -7.998860
2025-12-17 12:09:26,067 - INFO -   Min: -7.998860
2025-12-17 12:09:26,067 - INFO -   Max: -3.635905
2025-12-17 12:09:26,068 - INFO -   Avg: -6.394239
2025-12-17 12:09:26,068 - INFO -   Std: 0.842916
2025-12-17 12:09:26,182 - INFO - Generation 50
2025-12-17 12:09:26,182 - INFO -   Best: -8.303247
2025-12-17 12:09:26,182 - INFO -   Min: -8.303247
2025-12-17 12:09:26,182 - INFO -   Max: -3.353296
2025-12-17 12:09:26,183 - INFO -   Avg: -6.194669
2025-12-17 12:09:26,183 - INFO -   Std: 0.964060
2025-12-17 12:09:26,304 - INFO - Generation 60
2025-12-17 12:09:26,304 - INFO -   Best: -8.310260
2025-12-17 12:09:26,304 - INFO -   Min: -8.310260
2025-12-17 12:09:26,305 - INFO -   Max: -3.775711
2025-12-17 12:09:26,305 - INFO -   Avg: -6.220304
2025-12-17 12:09:26,305 - INFO -   Std: 0.996737
2025-12-17 12:09:26,427 - INFO - Generation 70
2025-12-17 12:09:26,427 - INFO -   Best: -8.330359
2025-12-17 12:09:26,427 - INFO -   Min: -8.330359
2025-12-17 12:09:26,427 - INFO -   Max: -4.352215
2025-12-17 12:09:26,427 - INFO -   Avg: -6.966855
2025-12-17 12:09:26,427 - INFO -   Std: 0.882414
2025-12-17 12:09:26,543 - INFO - Generation 80
2025-12-17 12:09:26,543 - INFO -   Best: -8.333247
2025-12-17 12:09:26,543 - INFO -   Min: -8.333247
2025-12-17 12:09:26,543 - INFO -   Max: -5.243014
2025-12-17 12:09:26,543 - INFO -   Avg: -6.910462
2025-12-17 12:09:26,543 - INFO -   Std: 0.727100
2025-12-17 12:09:26,663 - INFO - Generation 90
2025-12-17 12:09:26,663 - INFO -   Best: -8.334060
2025-12-17 12:09:26,663 - INFO -   Min: -8.334060
2025-12-17 12:09:26,664 - INFO -   Max: -5.011213
2025-12-17 12:09:26,664 - INFO -   Avg: -6.995010
2025-12-17 12:09:26,664 - INFO -   Std: 0.843303
2025-12-17 12:09:26,806 - INFO - Generation 100
2025-12-17 12:09:26,806 - INFO -   Best: -8.334060
2025-12-17 12:09:26,806 - INFO -   Min: -8.334060
2025-12-17 12:09:26,807 - INFO -   Max: -4.346451
2025-12-17 12:09:26,807 - INFO -   Avg: -7.511715
2025-12-17 12:09:26,807 - INFO -   Std: 0.836085
2025-12-17 12:09:26,948 - INFO - Generation 110
2025-12-17 12:09:26,949 - INFO -   Best: -8.338175
2025-12-17 12:09:26,949 - INFO -   Min: -8.338175
2025-12-17 12:09:26,949 - INFO -   Max: -4.930316
2025-12-17 12:09:26,949 - INFO -   Avg: -7.315578
2025-12-17 12:09:26,949 - INFO -   Std: 0.708440
2025-12-17 12:09:27,097 - INFO - Generation 120
2025-12-17 12:09:27,097 - INFO -   Best: -8.338175
2025-12-17 12:09:27,098 - INFO -   Min: -8.338175
2025-12-17 12:09:27,098 - INFO -   Max: -4.980303
2025-12-17 12:09:27,098 - INFO -   Avg: -7.317603
2025-12-17 12:09:27,098 - INFO -   Std: 0.747177
2025-12-17 12:09:27,227 - INFO - Generation 130
2025-12-17 12:09:27,228 - INFO -   Best: -8.338175
2025-12-17 12:09:27,228 - INFO -   Min: -8.338175
2025-12-17 12:09:27,228 - INFO -   Max: -4.186213
2025-12-17 12:09:27,228 - INFO -   Avg: -7.356242
2025-12-17 12:09:27,228 - INFO -   Std: 0.860543
2025-12-17 12:09:27,368 - INFO - Generation 140
2025-12-17 12:09:27,369 - INFO -   Best: -8.338175
2025-12-17 12:09:27,369 - INFO -   Min: -8.338175
2025-12-17 12:09:27,369 - INFO -   Max: -4.737869
2025-12-17 12:09:27,369 - INFO -   Avg: -6.995126
2025-12-17 12:09:27,369 - INFO -   Std: 0.659960
2025-12-17 12:09:27,497 - INFO - Generation 150
2025-12-17 12:09:27,497 - INFO -   Best: -8.338988
2025-12-17 12:09:27,498 - INFO -   Min: -8.338988
2025-12-17 12:09:27,498 - INFO -   Max: -4.872622
2025-12-17 12:09:27,498 - INFO -   Avg: -7.064076
2025-12-17 12:09:27,498 - INFO -   Std: 0.857856
2025-12-17 12:09:27,629 - INFO - Generation 160
2025-12-17 12:09:27,629 - INFO -   Best: -8.338988
2025-12-17 12:09:27,629 - INFO -   Min: -8.338988
2025-12-17 12:09:27,629 - INFO -   Max: -5.204868
2025-12-17 12:09:27,630 - INFO -   Avg: -7.505862
2025-12-17 12:09:27,630 - INFO -   Std: 0.819622
2025-12-17 12:09:27,748 - INFO - Generation 170
2025-12-17 12:09:27,749 - INFO -   Best: -8.338988
2025-12-17 12:09:27,749 - INFO -   Min: -8.338988
2025-12-17 12:09:27,749 - INFO -   Max: -4.971188
2025-12-17 12:09:27,749 - INFO -   Avg: -7.561420
2025-12-17 12:09:27,749 - INFO -   Std: 0.642879
2025-12-17 12:09:27,859 - INFO - Generation 180
2025-12-17 12:09:27,859 - INFO -   Best: -8.338988
2025-12-17 12:09:27,859 - INFO -   Min: -8.338988
2025-12-17 12:09:27,860 - INFO -   Max: -5.986514
2025-12-17 12:09:27,860 - INFO -   Avg: -7.612188
2025-12-17 12:09:27,860 - INFO -   Std: 0.587775
2025-12-17 12:09:27,975 - INFO - Generation 190
2025-12-17 12:09:27,976 - INFO -   Best: -8.338988
2025-12-17 12:09:27,976 - INFO -   Min: -8.338988
2025-12-17 12:09:27,976 - INFO -   Max: -6.025040
2025-12-17 12:09:27,976 - INFO -   Avg: -7.624483
2025-12-17 12:09:27,976 - INFO -   Std: 0.601278
2025-12-17 12:09:28,096 - INFO - Generation 200
2025-12-17 12:09:28,097 - INFO -   Best: -8.338988
2025-12-17 12:09:28,097 - INFO -   Min: -8.338988
2025-12-17 12:09:28,097 - INFO -   Max: -5.362382
2025-12-17 12:09:28,097 - INFO -   Avg: -7.278840
2025-12-17 12:09:28,097 - INFO -   Std: 0.701428
2025-12-17 12:09:28,108 - INFO - 
Final best fitness: -8.3381746727
2025-12-17 12:09:28,108 - INFO - Execution time: 2.48s
