2025-12-17 12:07:47,306 - INFO - Representation: Binary
2025-12-17 12:07:47,307 - INFO - Bits per variable: 12
2025-12-17 12:07:47,307 - INFO - Total genes: 24
2025-12-17 12:07:47,307 - INFO - Function: michalewicz
2025-12-17 12:07:47,307 - INFO - Population size: 100
2025-12-17 12:07:47,308 - INFO - Generations: 200
2025-12-17 12:07:47,308 - INFO - Selection: rws
2025-12-17 12:07:47,308 - INFO - Crossover: two_points
2025-12-17 12:07:47,308 - INFO - Mutation: swap
2025-12-17 12:07:47,308 - INFO - 
2025-12-17 12:07:47,428 - INFO - Generation 10
2025-12-17 12:07:47,428 - INFO -   Best: -1.799538
2025-12-17 12:07:47,428 - INFO -   Min: -1.799538
2025-12-17 12:07:47,429 - INFO -   Max: -0.000000
2025-12-17 12:07:47,429 - INFO -   Avg: -1.074197
2025-12-17 12:07:47,429 - INFO -   Std: 0.542307
2025-12-17 12:07:47,493 - INFO - Generation 20
2025-12-17 12:07:47,493 - INFO -   Best: -1.800180
2025-12-17 12:07:47,494 - INFO -   Min: -1.800180
2025-12-17 12:07:47,494 - INFO -   Max: -0.031308
2025-12-17 12:07:47,494 - INFO -   Avg: -1.340634
2025-12-17 12:07:47,494 - INFO -   Std: 0.475106
2025-12-17 12:07:47,556 - INFO - Generation 30
2025-12-17 12:07:47,558 - INFO -   Best: -1.800475
2025-12-17 12:07:47,558 - INFO -   Min: -1.800475
2025-12-17 12:07:47,558 - INFO -   Max: -0.034103
2025-12-17 12:07:47,558 - INFO -   Avg: -1.531607
2025-12-17 12:07:47,558 - INFO -   Std: 0.509916
2025-12-17 12:07:47,624 - INFO - Generation 40
2025-12-17 12:07:47,625 - INFO -   Best: -1.800475
2025-12-17 12:07:47,625 - INFO -   Min: -1.800475
2025-12-17 12:07:47,625 - INFO -   Max: -0.031259
2025-12-17 12:07:47,625 - INFO -   Avg: -1.447298
2025-12-17 12:07:47,626 - INFO -   Std: 0.563699
2025-12-17 12:07:47,686 - INFO - Generation 50
2025-12-17 12:07:47,686 - INFO -   Best: -1.800475
2025-12-17 12:07:47,687 - INFO -   Min: -1.800475
2025-12-17 12:07:47,687 - INFO -   Max: -0.001182
2025-12-17 12:07:47,687 - INFO -   Avg: -1.394484
2025-12-17 12:07:47,687 - INFO -   Std: 0.600746
2025-12-17 12:07:47,747 - INFO - Generation 60
2025-12-17 12:07:47,747 - INFO -   Best: -1.800475
2025-12-17 12:07:47,748 - INFO -   Min: -1.800475
2025-12-17 12:07:47,748 - INFO -   Max: -0.029320
2025-12-17 12:07:47,748 - INFO -   Avg: -1.466309
2025-12-17 12:07:47,748 - INFO -   Std: 0.547934
2025-12-17 12:07:47,809 - INFO - Generation 70
2025-12-17 12:07:47,809 - INFO -   Best: -1.800475
2025-12-17 12:07:47,809 - INFO -   Min: -1.800475
2025-12-17 12:07:47,809 - INFO -   Max: -0.001041
2025-12-17 12:07:47,809 - INFO -   Avg: -1.521338
2025-12-17 12:07:47,810 - INFO -   Std: 0.580697
2025-12-17 12:07:47,872 - INFO - Generation 80
2025-12-17 12:07:47,872 - INFO -   Best: -1.800475
2025-12-17 12:07:47,873 - INFO -   Min: -1.800475
2025-12-17 12:07:47,873 - INFO -   Max: -0.001078
2025-12-17 12:07:47,873 - INFO -   Avg: -1.430635
2025-12-17 12:07:47,873 - INFO -   Std: 0.607037
2025-12-17 12:07:47,938 - INFO - Generation 90
2025-12-17 12:07:47,939 - INFO -   Best: -1.800475
2025-12-17 12:07:47,939 - INFO -   Min: -1.800475
2025-12-17 12:07:47,939 - INFO -   Max: -0.033742
2025-12-17 12:07:47,939 - INFO -   Avg: -1.480519
2025-12-17 12:07:47,939 - INFO -   Std: 0.517709
2025-12-17 12:07:48,002 - INFO - Generation 100
2025-12-17 12:07:48,002 - INFO -   Best: -1.800475
2025-12-17 12:07:48,002 - INFO -   Min: -1.800475
2025-12-17 12:07:48,003 - INFO -   Max: -0.033781
2025-12-17 12:07:48,003 - INFO -   Avg: -1.530405
2025-12-17 12:07:48,003 - INFO -   Std: 0.556822
2025-12-17 12:07:48,064 - INFO - Generation 110
2025-12-17 12:07:48,064 - INFO -   Best: -1.800475
2025-12-17 12:07:48,064 - INFO -   Min: -1.800475
2025-12-17 12:07:48,064 - INFO -   Max: -0.033748
2025-12-17 12:07:48,064 - INFO -   Avg: -1.400644
2025-12-17 12:07:48,065 - INFO -   Std: 0.593190
2025-12-17 12:07:48,129 - INFO - Generation 120
2025-12-17 12:07:48,129 - INFO -   Best: -1.800475
2025-12-17 12:07:48,129 - INFO -   Min: -1.800475
2025-12-17 12:07:48,129 - INFO -   Max: -0.029925
2025-12-17 12:07:48,130 - INFO -   Avg: -1.427971
2025-12-17 12:07:48,130 - INFO -   Std: 0.593496
2025-12-17 12:07:48,196 - INFO - Generation 130
2025-12-17 12:07:48,197 - INFO -   Best: -1.800475
2025-12-17 12:07:48,197 - INFO -   Min: -1.800475
2025-12-17 12:07:48,197 - INFO -   Max: -0.043580
2025-12-17 12:07:48,197 - INFO -   Avg: -1.458292
2025-12-17 12:07:48,197 - INFO -   Std: 0.554444
2025-12-17 12:07:48,260 - INFO - Generation 140
2025-12-17 12:07:48,260 - INFO -   Best: -1.800475
2025-12-17 12:07:48,260 - INFO -   Min: -1.800475
2025-12-17 12:07:48,260 - INFO -   Max: -0.001858
2025-12-17 12:07:48,261 - INFO -   Avg: -1.536001
2025-12-17 12:07:48,261 - INFO -   Std: 0.548159
2025-12-17 12:07:48,325 - INFO - Generation 150
2025-12-17 12:07:48,326 - INFO -   Best: -1.800475
2025-12-17 12:07:48,326 - INFO -   Min: -1.800475
2025-12-17 12:07:48,326 - INFO -   Max: -0.001659
2025-12-17 12:07:48,326 - INFO -   Avg: -1.436029
2025-12-17 12:07:48,326 - INFO -   Std: 0.605181
2025-12-17 12:07:48,391 - INFO - Generation 160
2025-12-17 12:07:48,391 - INFO -   Best: -1.800475
2025-12-17 12:07:48,391 - INFO -   Min: -1.800475
2025-12-17 12:07:48,391 - INFO -   Max: -0.031306
2025-12-17 12:07:48,391 - INFO -   Avg: -1.561609
2025-12-17 12:07:48,392 - INFO -   Std: 0.497099
2025-12-17 12:07:48,456 - INFO - Generation 170
2025-12-17 12:07:48,456 - INFO -   Best: -1.800475
2025-12-17 12:07:48,457 - INFO -   Min: -1.800475
2025-12-17 12:07:48,457 - INFO -   Max: -0.001738
2025-12-17 12:07:48,457 - INFO -   Avg: -1.397515
2025-12-17 12:07:48,457 - INFO -   Std: 0.645820
2025-12-17 12:07:48,520 - INFO - Generation 180
2025-12-17 12:07:48,521 - INFO -   Best: -1.800475
2025-12-17 12:07:48,521 - INFO -   Min: -1.800475
2025-12-17 12:07:48,521 - INFO -   Max: -0.034148
2025-12-17 12:07:48,521 - INFO -   Avg: -1.475081
2025-12-17 12:07:48,521 - INFO -   Std: 0.545278
2025-12-17 12:07:48,581 - INFO - Generation 190
2025-12-17 12:07:48,582 - INFO -   Best: -1.800475
2025-12-17 12:07:48,582 - INFO -   Min: -1.800475
2025-12-17 12:07:48,582 - INFO -   Max: -0.001039
2025-12-17 12:07:48,582 - INFO -   Avg: -1.405280
2025-12-17 12:07:48,582 - INFO -   Std: 0.476621
2025-12-17 12:07:48,642 - INFO - Generation 200
2025-12-17 12:07:48,642 - INFO -   Best: -1.800475
2025-12-17 12:07:48,643 - INFO -   Min: -1.800475
2025-12-17 12:07:48,643 - INFO -   Max: -0.001236
2025-12-17 12:07:48,643 - INFO -   Avg: -1.373603
2025-12-17 12:07:48,643 - INFO -   Std: 0.593459
2025-12-17 12:07:48,647 - INFO - 
Final best fitness: -1.8004748855
2025-12-17 12:07:48,648 - INFO - Execution time: 1.28s
