2025-12-17 12:21:36,147 - INFO - Representation: Real
2025-12-17 12:21:36,147 - INFO - Number of genes: 20
2025-12-17 12:21:36,147 - INFO - Bounds: [-100, 100]
2025-12-17 12:21:36,147 - INFO - Function: f16_2014
2025-12-17 12:21:36,148 - INFO - Population size: 100
2025-12-17 12:21:36,148 - INFO - Generations: 200
2025-12-17 12:21:36,148 - INFO - Selection: rws
2025-12-17 12:21:36,148 - INFO - Crossover: two_points
2025-12-17 12:21:36,148 - INFO - Mutation: swap
2025-12-17 12:21:36,148 - INFO - 
2025-12-17 12:21:36,455 - INFO - Generation 10
2025-12-17 12:21:36,456 - INFO -   Best: 1608.906039
2025-12-17 12:21:36,456 - INFO -   Min: 1608.906039
2025-12-17 12:21:36,456 - INFO -   Max: 1610.642970
2025-12-17 12:21:36,456 - INFO -   Avg: 1609.916088
2025-12-17 12:21:36,458 - INFO -   Std: 0.289488
2025-12-17 12:21:36,729 - INFO - Generation 20
2025-12-17 12:21:36,729 - INFO -   Best: 1608.701244
2025-12-17 12:21:36,730 - INFO -   Min: 1608.701244
2025-12-17 12:21:36,730 - INFO -   Max: 1610.465504
2025-12-17 12:21:36,730 - INFO -   Avg: 1609.980168
2025-12-17 12:21:36,730 - INFO -   Std: 0.265525
2025-12-17 12:21:36,997 - INFO - Generation 30
2025-12-17 12:21:36,998 - INFO -   Best: 1608.701244
2025-12-17 12:21:36,998 - INFO -   Min: 1608.701244
2025-12-17 12:21:36,998 - INFO -   Max: 1610.620336
2025-12-17 12:21:36,998 - INFO -   Avg: 1609.890351
2025-12-17 12:21:36,998 - INFO -   Std: 0.333368
2025-12-17 12:21:37,268 - INFO - Generation 40
2025-12-17 12:21:37,268 - INFO -   Best: 1608.509720
2025-12-17 12:21:37,268 - INFO -   Min: 1608.509720
2025-12-17 12:21:37,268 - INFO -   Max: 1610.690931
2025-12-17 12:21:37,269 - INFO -   Avg: 1609.884389
2025-12-17 12:21:37,269 - INFO -   Std: 0.328823
2025-12-17 12:21:37,544 - INFO - Generation 50
2025-12-17 12:21:37,544 - INFO -   Best: 1607.901707
2025-12-17 12:21:37,544 - INFO -   Min: 1607.901707
2025-12-17 12:21:37,544 - INFO -   Max: 1610.427086
2025-12-17 12:21:37,545 - INFO -   Avg: 1609.841324
2025-12-17 12:21:37,545 - INFO -   Std: 0.406574
2025-12-17 12:21:37,811 - INFO - Generation 60
2025-12-17 12:21:37,811 - INFO -   Best: 1607.901707
2025-12-17 12:21:37,811 - INFO -   Min: 1607.901707
2025-12-17 12:21:37,811 - INFO -   Max: 1610.941342
2025-12-17 12:21:37,812 - INFO -   Avg: 1609.922667
2025-12-17 12:21:37,812 - INFO -   Std: 0.429840
2025-12-17 12:21:38,081 - INFO - Generation 70
2025-12-17 12:21:38,081 - INFO -   Best: 1607.901707
2025-12-17 12:21:38,082 - INFO -   Min: 1607.901707
2025-12-17 12:21:38,082 - INFO -   Max: 1610.818116
2025-12-17 12:21:38,082 - INFO -   Avg: 1609.808113
2025-12-17 12:21:38,082 - INFO -   Std: 0.538689
2025-12-17 12:21:38,345 - INFO - Generation 80
2025-12-17 12:21:38,346 - INFO -   Best: 1607.901707
2025-12-17 12:21:38,346 - INFO -   Min: 1607.901707
2025-12-17 12:21:38,346 - INFO -   Max: 1610.631392
2025-12-17 12:21:38,346 - INFO -   Avg: 1609.724283
2025-12-17 12:21:38,346 - INFO -   Std: 0.428098
2025-12-17 12:21:38,609 - INFO - Generation 90
2025-12-17 12:21:38,609 - INFO -   Best: 1607.901707
2025-12-17 12:21:38,610 - INFO -   Min: 1607.901707
2025-12-17 12:21:38,610 - INFO -   Max: 1610.851011
2025-12-17 12:21:38,610 - INFO -   Avg: 1609.575488
2025-12-17 12:21:38,610 - INFO -   Std: 0.615908
2025-12-17 12:21:38,865 - INFO - Generation 100
2025-12-17 12:21:38,865 - INFO -   Best: 1607.901707
2025-12-17 12:21:38,865 - INFO -   Min: 1607.901707
2025-12-17 12:21:38,866 - INFO -   Max: 1610.982457
2025-12-17 12:21:38,866 - INFO -   Avg: 1609.605545
2025-12-17 12:21:38,866 - INFO -   Std: 0.787920
2025-12-17 12:21:39,123 - INFO - Generation 110
2025-12-17 12:21:39,123 - INFO -   Best: 1607.901707
2025-12-17 12:21:39,124 - INFO -   Min: 1607.901707
2025-12-17 12:21:39,124 - INFO -   Max: 1611.277834
2025-12-17 12:21:39,124 - INFO -   Avg: 1609.973760
2025-12-17 12:21:39,124 - INFO -   Std: 0.724038
2025-12-17 12:21:39,380 - INFO - Generation 120
2025-12-17 12:21:39,381 - INFO -   Best: 1607.901707
2025-12-17 12:21:39,381 - INFO -   Min: 1607.901707
2025-12-17 12:21:39,381 - INFO -   Max: 1610.977719
2025-12-17 12:21:39,381 - INFO -   Avg: 1609.596112
2025-12-17 12:21:39,381 - INFO -   Std: 0.802627
2025-12-17 12:21:39,640 - INFO - Generation 130
2025-12-17 12:21:39,641 - INFO -   Best: 1607.888785
2025-12-17 12:21:39,641 - INFO -   Min: 1607.888785
2025-12-17 12:21:39,641 - INFO -   Max: 1611.028603
2025-12-17 12:21:39,641 - INFO -   Avg: 1609.744906
2025-12-17 12:21:39,641 - INFO -   Std: 0.799872
2025-12-17 12:21:39,899 - INFO - Generation 140
2025-12-17 12:21:39,900 - INFO -   Best: 1607.888785
2025-12-17 12:21:39,901 - INFO -   Min: 1607.888785
2025-12-17 12:21:39,901 - INFO -   Max: 1610.958554
2025-12-17 12:21:39,901 - INFO -   Avg: 1609.783950
2025-12-17 12:21:39,902 - INFO -   Std: 0.763413
2025-12-17 12:21:40,163 - INFO - Generation 150
2025-12-17 12:21:40,163 - INFO -   Best: 1607.888785
2025-12-17 12:21:40,163 - INFO -   Min: 1607.888785
2025-12-17 12:21:40,164 - INFO -   Max: 1610.729577
2025-12-17 12:21:40,164 - INFO -   Avg: 1609.749094
2025-12-17 12:21:40,164 - INFO -   Std: 0.691277
2025-12-17 12:21:40,412 - INFO - Generation 160
2025-12-17 12:21:40,413 - INFO -   Best: 1607.888785
2025-12-17 12:21:40,413 - INFO -   Min: 1607.888785
2025-12-17 12:21:40,413 - INFO -   Max: 1610.868501
2025-12-17 12:21:40,413 - INFO -   Avg: 1609.611119
2025-12-17 12:21:40,414 - INFO -   Std: 0.802127
2025-12-17 12:21:40,653 - INFO - Generation 170
2025-12-17 12:21:40,654 - INFO -   Best: 1607.888785
2025-12-17 12:21:40,654 - INFO -   Min: 1607.888785
2025-12-17 12:21:40,654 - INFO -   Max: 1610.734960
2025-12-17 12:21:40,654 - INFO -   Avg: 1609.643689
2025-12-17 12:21:40,654 - INFO -   Std: 0.692504
2025-12-17 12:21:40,856 - INFO - Generation 180
2025-12-17 12:21:40,857 - INFO -   Best: 1607.888785
2025-12-17 12:21:40,857 - INFO -   Min: 1607.888785
2025-12-17 12:21:40,857 - INFO -   Max: 1610.732385
2025-12-17 12:21:40,857 - INFO -   Avg: 1609.562132
2025-12-17 12:21:40,857 - INFO -   Std: 0.745962
2025-12-17 12:21:41,074 - INFO - Generation 190
2025-12-17 12:21:41,074 - INFO -   Best: 1607.888785
2025-12-17 12:21:41,074 - INFO -   Min: 1607.888785
2025-12-17 12:21:41,074 - INFO -   Max: 1610.862179
2025-12-17 12:21:41,074 - INFO -   Avg: 1609.559200
2025-12-17 12:21:41,075 - INFO -   Std: 0.600371
2025-12-17 12:21:41,300 - INFO - Generation 200
2025-12-17 12:21:41,300 - INFO -   Best: 1607.888785
2025-12-17 12:21:41,300 - INFO -   Min: 1607.888785
2025-12-17 12:21:41,301 - INFO -   Max: 1610.749808
2025-12-17 12:21:41,301 - INFO -   Avg: 1609.857216
2025-12-17 12:21:41,301 - INFO -   Std: 0.498144
2025-12-17 12:21:41,314 - INFO - 
Final best fitness: 1607.8887848454
2025-12-17 12:21:41,314 - INFO - Execution time: 5.13s
