2025-12-17 12:13:59,057 - INFO - Representation: Binary
2025-12-17 12:13:59,057 - INFO - Bits per variable: 12
2025-12-17 12:13:59,057 - INFO - Total genes: 240
2025-12-17 12:13:59,057 - INFO - Function: f16_2014
2025-12-17 12:13:59,057 - INFO - Population size: 100
2025-12-17 12:13:59,057 - INFO - Generations: 200
2025-12-17 12:13:59,058 - INFO - Selection: rws
2025-12-17 12:13:59,058 - INFO - Crossover: two_points
2025-12-17 12:13:59,058 - INFO - Mutation: swap
2025-12-17 12:13:59,058 - INFO - 
2025-12-17 12:13:59,896 - INFO - Generation 10
2025-12-17 12:13:59,896 - INFO -   Best: 1608.708466
2025-12-17 12:13:59,896 - INFO -   Min: 1608.708466
2025-12-17 12:13:59,896 - INFO -   Max: 1610.497340
2025-12-17 12:13:59,896 - INFO -   Avg: 1609.914474
2025-12-17 12:13:59,897 - INFO -   Std: 0.328273
2025-12-17 12:14:00,259 - INFO - Generation 20
2025-12-17 12:14:00,260 - INFO -   Best: 1608.708466
2025-12-17 12:14:00,260 - INFO -   Min: 1608.708466
2025-12-17 12:14:00,260 - INFO -   Max: 1610.788683
2025-12-17 12:14:00,260 - INFO -   Avg: 1610.025583
2025-12-17 12:14:00,260 - INFO -   Std: 0.345591
2025-12-17 12:14:00,627 - INFO - Generation 30
2025-12-17 12:14:00,628 - INFO -   Best: 1608.708466
2025-12-17 12:14:00,628 - INFO -   Min: 1608.708466
2025-12-17 12:14:00,628 - INFO -   Max: 1610.951890
2025-12-17 12:14:00,628 - INFO -   Avg: 1609.939204
2025-12-17 12:14:00,629 - INFO -   Std: 0.349125
2025-12-17 12:14:01,007 - INFO - Generation 40
2025-12-17 12:14:01,007 - INFO -   Best: 1608.433348
2025-12-17 12:14:01,007 - INFO -   Min: 1608.433348
2025-12-17 12:14:01,007 - INFO -   Max: 1610.453057
2025-12-17 12:14:01,007 - INFO -   Avg: 1609.790258
2025-12-17 12:14:01,008 - INFO -   Std: 0.369179
2025-12-17 12:14:01,371 - INFO - Generation 50
2025-12-17 12:14:01,371 - INFO -   Best: 1608.433348
2025-12-17 12:14:01,371 - INFO -   Min: 1608.433348
2025-12-17 12:14:01,371 - INFO -   Max: 1611.391534
2025-12-17 12:14:01,371 - INFO -   Avg: 1610.027473
2025-12-17 12:14:01,371 - INFO -   Std: 0.460766
2025-12-17 12:14:01,733 - INFO - Generation 60
2025-12-17 12:14:01,733 - INFO -   Best: 1607.750069
2025-12-17 12:14:01,734 - INFO -   Min: 1607.750069
2025-12-17 12:14:01,734 - INFO -   Max: 1610.729896
2025-12-17 12:14:01,734 - INFO -   Avg: 1609.929268
2025-12-17 12:14:01,734 - INFO -   Std: 0.445900
2025-12-17 12:14:02,101 - INFO - Generation 70
2025-12-17 12:14:02,101 - INFO -   Best: 1607.750069
2025-12-17 12:14:02,101 - INFO -   Min: 1607.750069
2025-12-17 12:14:02,101 - INFO -   Max: 1610.978666
2025-12-17 12:14:02,102 - INFO -   Avg: 1609.969875
2025-12-17 12:14:02,102 - INFO -   Std: 0.437741
2025-12-17 12:14:02,464 - INFO - Generation 80
2025-12-17 12:14:02,465 - INFO -   Best: 1607.750069
2025-12-17 12:14:02,465 - INFO -   Min: 1607.750069
2025-12-17 12:14:02,465 - INFO -   Max: 1611.092590
2025-12-17 12:14:02,465 - INFO -   Avg: 1610.010273
2025-12-17 12:14:02,465 - INFO -   Std: 0.471901
2025-12-17 12:14:02,832 - INFO - Generation 90
2025-12-17 12:14:02,832 - INFO -   Best: 1607.750069
2025-12-17 12:14:02,832 - INFO -   Min: 1607.750069
2025-12-17 12:14:02,833 - INFO -   Max: 1611.154178
2025-12-17 12:14:02,833 - INFO -   Avg: 1610.003066
2025-12-17 12:14:02,833 - INFO -   Std: 0.508046
2025-12-17 12:14:03,207 - INFO - Generation 100
2025-12-17 12:14:03,207 - INFO -   Best: 1607.750069
2025-12-17 12:14:03,208 - INFO -   Min: 1607.750069
2025-12-17 12:14:03,208 - INFO -   Max: 1610.898212
2025-12-17 12:14:03,208 - INFO -   Avg: 1609.732323
2025-12-17 12:14:03,208 - INFO -   Std: 0.586494
2025-12-17 12:14:03,586 - INFO - Generation 110
2025-12-17 12:14:03,587 - INFO -   Best: 1607.750069
2025-12-17 12:14:03,587 - INFO -   Min: 1607.750069
2025-12-17 12:14:03,587 - INFO -   Max: 1610.635749
2025-12-17 12:14:03,587 - INFO -   Avg: 1609.872632
2025-12-17 12:14:03,587 - INFO -   Std: 0.505578
2025-12-17 12:14:03,963 - INFO - Generation 120
2025-12-17 12:14:03,963 - INFO -   Best: 1607.750069
2025-12-17 12:14:03,963 - INFO -   Min: 1607.750069
2025-12-17 12:14:03,964 - INFO -   Max: 1610.947354
2025-12-17 12:14:03,964 - INFO -   Avg: 1609.609074
2025-12-17 12:14:03,964 - INFO -   Std: 0.633774
2025-12-17 12:14:04,342 - INFO - Generation 130
2025-12-17 12:14:04,342 - INFO -   Best: 1607.749455
2025-12-17 12:14:04,342 - INFO -   Min: 1607.749455
2025-12-17 12:14:04,342 - INFO -   Max: 1610.820845
2025-12-17 12:14:04,342 - INFO -   Avg: 1609.819850
2025-12-17 12:14:04,342 - INFO -   Std: 0.456502
2025-12-17 12:14:04,724 - INFO - Generation 140
2025-12-17 12:14:04,724 - INFO -   Best: 1607.749455
2025-12-17 12:14:04,724 - INFO -   Min: 1607.749455
2025-12-17 12:14:04,724 - INFO -   Max: 1610.668466
2025-12-17 12:14:04,725 - INFO -   Avg: 1609.742478
2025-12-17 12:14:04,725 - INFO -   Std: 0.469759
2025-12-17 12:14:05,110 - INFO - Generation 150
2025-12-17 12:14:05,110 - INFO -   Best: 1607.749455
2025-12-17 12:14:05,110 - INFO -   Min: 1607.749455
2025-12-17 12:14:05,111 - INFO -   Max: 1611.400085
2025-12-17 12:14:05,111 - INFO -   Avg: 1609.782030
2025-12-17 12:14:05,111 - INFO -   Std: 0.575191
2025-12-17 12:14:05,484 - INFO - Generation 160
2025-12-17 12:14:05,484 - INFO -   Best: 1607.714434
2025-12-17 12:14:05,485 - INFO -   Min: 1607.714434
2025-12-17 12:14:05,485 - INFO -   Max: 1610.940285
2025-12-17 12:14:05,485 - INFO -   Avg: 1609.839419
2025-12-17 12:14:05,485 - INFO -   Std: 0.531090
2025-12-17 12:14:05,860 - INFO - Generation 170
2025-12-17 12:14:05,860 - INFO -   Best: 1607.714434
2025-12-17 12:14:05,861 - INFO -   Min: 1607.714434
2025-12-17 12:14:05,861 - INFO -   Max: 1611.062175
2025-12-17 12:14:05,861 - INFO -   Avg: 1609.915454
2025-12-17 12:14:05,861 - INFO -   Std: 0.572603
2025-12-17 12:14:06,232 - INFO - Generation 180
2025-12-17 12:14:06,233 - INFO -   Best: 1607.714434
2025-12-17 12:14:06,233 - INFO -   Min: 1607.714434
2025-12-17 12:14:06,233 - INFO -   Max: 1611.166507
2025-12-17 12:14:06,233 - INFO -   Avg: 1609.915952
2025-12-17 12:14:06,233 - INFO -   Std: 0.666862
2025-12-17 12:14:06,599 - INFO - Generation 190
2025-12-17 12:14:06,599 - INFO -   Best: 1607.714434
2025-12-17 12:14:06,599 - INFO -   Min: 1607.714434
2025-12-17 12:14:06,600 - INFO -   Max: 1611.643767
2025-12-17 12:14:06,600 - INFO -   Avg: 1609.991456
2025-12-17 12:14:06,600 - INFO -   Std: 0.626656
2025-12-17 12:14:06,973 - INFO - Generation 200
2025-12-17 12:14:06,973 - INFO -   Best: 1607.714434
2025-12-17 12:14:06,973 - INFO -   Min: 1607.714434
2025-12-17 12:14:06,973 - INFO -   Max: 1611.167452
2025-12-17 12:14:06,974 - INFO -   Avg: 1609.697908
2025-12-17 12:14:06,974 - INFO -   Std: 0.661948
2025-12-17 12:14:06,998 - INFO - 
Final best fitness: 1607.7144344853
2025-12-17 12:14:06,998 - INFO - Execution time: 7.47s
