2025-12-17 12:16:28,702 - INFO - Representation: Binary
2025-12-17 12:16:28,703 - INFO - Bits per variable: 12
2025-12-17 12:16:28,703 - INFO - Total genes: 360
2025-12-17 12:16:28,703 - INFO - Function: f16_2014
2025-12-17 12:16:28,703 - INFO - Population size: 100
2025-12-17 12:16:28,703 - INFO - Generations: 200
2025-12-17 12:16:28,703 - INFO - Selection: rws
2025-12-17 12:16:28,704 - INFO - Crossover: two_points
2025-12-17 12:16:28,704 - INFO - Mutation: swap
2025-12-17 12:16:28,704 - INFO - 
2025-12-17 12:16:29,881 - INFO - Generation 10
2025-12-17 12:16:29,881 - INFO -   Best: 1613.508677
2025-12-17 12:16:29,881 - INFO -   Min: 1613.508677
2025-12-17 12:16:29,881 - INFO -   Max: 1615.790900
2025-12-17 12:16:29,881 - INFO -   Avg: 1614.937346
2025-12-17 12:16:29,882 - INFO -   Std: 0.359155
2025-12-17 12:16:30,404 - INFO - Generation 20
2025-12-17 12:16:30,405 - INFO -   Best: 1613.508677
2025-12-17 12:16:30,405 - INFO -   Min: 1613.508677
2025-12-17 12:16:30,405 - INFO -   Max: 1615.938361
2025-12-17 12:16:30,405 - INFO -   Avg: 1614.969834
2025-12-17 12:16:30,405 - INFO -   Std: 0.382688
2025-12-17 12:16:30,919 - INFO - Generation 30
2025-12-17 12:16:30,919 - INFO -   Best: 1613.508677
2025-12-17 12:16:30,920 - INFO -   Min: 1613.508677
2025-12-17 12:16:30,920 - INFO -   Max: 1615.505448
2025-12-17 12:16:30,920 - INFO -   Avg: 1614.971058
2025-12-17 12:16:30,920 - INFO -   Std: 0.293239
2025-12-17 12:16:31,434 - INFO - Generation 40
2025-12-17 12:16:31,434 - INFO -   Best: 1613.508677
2025-12-17 12:16:31,435 - INFO -   Min: 1613.508677
2025-12-17 12:16:31,435 - INFO -   Max: 1615.617945
2025-12-17 12:16:31,435 - INFO -   Avg: 1614.972062
2025-12-17 12:16:31,435 - INFO -   Std: 0.337972
2025-12-17 12:16:31,955 - INFO - Generation 50
2025-12-17 12:16:31,955 - INFO -   Best: 1613.508677
2025-12-17 12:16:31,955 - INFO -   Min: 1613.508677
2025-12-17 12:16:31,956 - INFO -   Max: 1615.681163
2025-12-17 12:16:31,956 - INFO -   Avg: 1614.983230
2025-12-17 12:16:31,956 - INFO -   Std: 0.285622
2025-12-17 12:16:32,476 - INFO - Generation 60
2025-12-17 12:16:32,476 - INFO -   Best: 1613.508677
2025-12-17 12:16:32,476 - INFO -   Min: 1613.508677
2025-12-17 12:16:32,477 - INFO -   Max: 1615.718392
2025-12-17 12:16:32,477 - INFO -   Avg: 1614.975797
2025-12-17 12:16:32,477 - INFO -   Std: 0.321104
2025-12-17 12:16:32,994 - INFO - Generation 70
2025-12-17 12:16:32,994 - INFO -   Best: 1613.508677
2025-12-17 12:16:32,995 - INFO -   Min: 1613.508677
2025-12-17 12:16:32,995 - INFO -   Max: 1615.662647
2025-12-17 12:16:32,995 - INFO -   Avg: 1614.923085
2025-12-17 12:16:32,995 - INFO -   Std: 0.308201
2025-12-17 12:16:33,504 - INFO - Generation 80
2025-12-17 12:16:33,504 - INFO -   Best: 1613.508677
2025-12-17 12:16:33,504 - INFO -   Min: 1613.508677
2025-12-17 12:16:33,504 - INFO -   Max: 1615.851590
2025-12-17 12:16:33,504 - INFO -   Avg: 1614.943675
2025-12-17 12:16:33,505 - INFO -   Std: 0.352897
2025-12-17 12:16:34,016 - INFO - Generation 90
2025-12-17 12:16:34,016 - INFO -   Best: 1613.484652
2025-12-17 12:16:34,016 - INFO -   Min: 1613.484652
2025-12-17 12:16:34,016 - INFO -   Max: 1615.556499
2025-12-17 12:16:34,017 - INFO -   Avg: 1614.939124
2025-12-17 12:16:34,017 - INFO -   Std: 0.327343
2025-12-17 12:16:34,529 - INFO - Generation 100
2025-12-17 12:16:34,530 - INFO -   Best: 1613.484652
2025-12-17 12:16:34,530 - INFO -   Min: 1613.484652
2025-12-17 12:16:34,530 - INFO -   Max: 1615.635397
2025-12-17 12:16:34,530 - INFO -   Avg: 1614.966492
2025-12-17 12:16:34,530 - INFO -   Std: 0.361982
2025-12-17 12:16:35,044 - INFO - Generation 110
2025-12-17 12:16:35,044 - INFO -   Best: 1613.484652
2025-12-17 12:16:35,045 - INFO -   Min: 1613.484652
2025-12-17 12:16:35,045 - INFO -   Max: 1615.884506
2025-12-17 12:16:35,045 - INFO -   Avg: 1614.904271
2025-12-17 12:16:35,045 - INFO -   Std: 0.438261
2025-12-17 12:16:35,565 - INFO - Generation 120
2025-12-17 12:16:35,565 - INFO -   Best: 1612.981622
2025-12-17 12:16:35,565 - INFO -   Min: 1612.981622
2025-12-17 12:16:35,565 - INFO -   Max: 1616.225907
2025-12-17 12:16:35,566 - INFO -   Avg: 1615.063075
2025-12-17 12:16:35,566 - INFO -   Std: 0.449140
2025-12-17 12:16:36,097 - INFO - Generation 130
2025-12-17 12:16:36,097 - INFO -   Best: 1612.981622
2025-12-17 12:16:36,098 - INFO -   Min: 1612.981622
2025-12-17 12:16:36,098 - INFO -   Max: 1616.647068
2025-12-17 12:16:36,098 - INFO -   Avg: 1614.988071
2025-12-17 12:16:36,098 - INFO -   Std: 0.519709
2025-12-17 12:16:36,621 - INFO - Generation 140
2025-12-17 12:16:36,621 - INFO -   Best: 1612.981622
2025-12-17 12:16:36,621 - INFO -   Min: 1612.981622
2025-12-17 12:16:36,622 - INFO -   Max: 1616.166725
2025-12-17 12:16:36,622 - INFO -   Avg: 1614.988996
2025-12-17 12:16:36,622 - INFO -   Std: 0.517173
2025-12-17 12:16:37,145 - INFO - Generation 150
2025-12-17 12:16:37,147 - INFO -   Best: 1612.981622
2025-12-17 12:16:37,147 - INFO -   Min: 1612.981622
2025-12-17 12:16:37,147 - INFO -   Max: 1616.078939
2025-12-17 12:16:37,147 - INFO -   Avg: 1614.963551
2025-12-17 12:16:37,147 - INFO -   Std: 0.508113
2025-12-17 12:16:37,677 - INFO - Generation 160
2025-12-17 12:16:37,678 - INFO -   Best: 1612.981622
2025-12-17 12:16:37,678 - INFO -   Min: 1612.981622
2025-12-17 12:16:37,678 - INFO -   Max: 1616.258314
2025-12-17 12:16:37,678 - INFO -   Avg: 1614.821449
2025-12-17 12:16:37,678 - INFO -   Std: 0.641601
2025-12-17 12:16:38,206 - INFO - Generation 170
2025-12-17 12:16:38,206 - INFO -   Best: 1612.572138
2025-12-17 12:16:38,206 - INFO -   Min: 1612.572138
2025-12-17 12:16:38,207 - INFO -   Max: 1616.090530
2025-12-17 12:16:38,207 - INFO -   Avg: 1614.896971
2025-12-17 12:16:38,207 - INFO -   Std: 0.593012
2025-12-17 12:16:38,734 - INFO - Generation 180
2025-12-17 12:16:38,734 - INFO -   Best: 1612.572138
2025-12-17 12:16:38,735 - INFO -   Min: 1612.572138
2025-12-17 12:16:38,735 - INFO -   Max: 1616.281376
2025-12-17 12:16:38,735 - INFO -   Avg: 1614.888448
2025-12-17 12:16:38,735 - INFO -   Std: 0.528837
2025-12-17 12:16:39,261 - INFO - Generation 190
2025-12-17 12:16:39,261 - INFO -   Best: 1612.432084
2025-12-17 12:16:39,262 - INFO -   Min: 1612.432084
2025-12-17 12:16:39,263 - INFO -   Max: 1616.291381
2025-12-17 12:16:39,263 - INFO -   Avg: 1614.907301
2025-12-17 12:16:39,263 - INFO -   Std: 0.658537
2025-12-17 12:16:39,790 - INFO - Generation 200
2025-12-17 12:16:39,790 - INFO -   Best: 1612.432084
2025-12-17 12:16:39,791 - INFO -   Min: 1612.432084
2025-12-17 12:16:39,791 - INFO -   Max: 1616.613826
2025-12-17 12:16:39,791 - INFO -   Avg: 1614.926270
2025-12-17 12:16:39,791 - INFO -   Std: 0.623395
2025-12-17 12:16:39,826 - INFO - 
Final best fitness: 1612.4320836663
2025-12-17 12:16:39,826 - INFO - Execution time: 10.46s
