2025-12-17 12:13:42,036 - INFO - Representation: Binary
2025-12-17 12:13:42,036 - INFO - Bits per variable: 12
2025-12-17 12:13:42,037 - INFO - Total genes: 240
2025-12-17 12:13:42,037 - INFO - Function: f16_2014
2025-12-17 12:13:42,037 - INFO - Population size: 100
2025-12-17 12:13:42,037 - INFO - Generations: 200
2025-12-17 12:13:42,037 - INFO - Selection: rws
2025-12-17 12:13:42,037 - INFO - Crossover: two_points
2025-12-17 12:13:42,037 - INFO - Mutation: swap
2025-12-17 12:13:42,038 - INFO - 
2025-12-17 12:13:42,894 - INFO - Generation 10
2025-12-17 12:13:42,895 - INFO -   Best: 1608.794510
2025-12-17 12:13:42,895 - INFO -   Min: 1608.794510
2025-12-17 12:13:42,895 - INFO -   Max: 1610.765845
2025-12-17 12:13:42,895 - INFO -   Avg: 1609.912379
2025-12-17 12:13:42,896 - INFO -   Std: 0.321120
2025-12-17 12:13:43,264 - INFO - Generation 20
2025-12-17 12:13:43,265 - INFO -   Best: 1608.477384
2025-12-17 12:13:43,265 - INFO -   Min: 1608.477384
2025-12-17 12:13:43,265 - INFO -   Max: 1610.709775
2025-12-17 12:13:43,265 - INFO -   Avg: 1609.943853
2025-12-17 12:13:43,265 - INFO -   Std: 0.366551
2025-12-17 12:13:43,627 - INFO - Generation 30
2025-12-17 12:13:43,628 - INFO -   Best: 1608.477384
2025-12-17 12:13:43,628 - INFO -   Min: 1608.477384
2025-12-17 12:13:43,628 - INFO -   Max: 1611.054778
2025-12-17 12:13:43,628 - INFO -   Avg: 1609.865249
2025-12-17 12:13:43,628 - INFO -   Std: 0.420849
2025-12-17 12:13:43,986 - INFO - Generation 40
2025-12-17 12:13:43,986 - INFO -   Best: 1608.270595
2025-12-17 12:13:43,986 - INFO -   Min: 1608.270595
2025-12-17 12:13:43,987 - INFO -   Max: 1610.761190
2025-12-17 12:13:43,987 - INFO -   Avg: 1609.872220
2025-12-17 12:13:43,987 - INFO -   Std: 0.404006
2025-12-17 12:13:44,358 - INFO - Generation 50
2025-12-17 12:13:44,359 - INFO -   Best: 1608.270595
2025-12-17 12:13:44,359 - INFO -   Min: 1608.270595
2025-12-17 12:13:44,359 - INFO -   Max: 1610.812486
2025-12-17 12:13:44,359 - INFO -   Avg: 1609.918645
2025-12-17 12:13:44,359 - INFO -   Std: 0.420619
2025-12-17 12:13:44,717 - INFO - Generation 60
2025-12-17 12:13:44,717 - INFO -   Best: 1608.270595
2025-12-17 12:13:44,718 - INFO -   Min: 1608.270595
2025-12-17 12:13:44,718 - INFO -   Max: 1610.806395
2025-12-17 12:13:44,718 - INFO -   Avg: 1609.871424
2025-12-17 12:13:44,718 - INFO -   Std: 0.481282
2025-12-17 12:13:45,079 - INFO - Generation 70
2025-12-17 12:13:45,080 - INFO -   Best: 1608.059755
2025-12-17 12:13:45,080 - INFO -   Min: 1608.059755
2025-12-17 12:13:45,080 - INFO -   Max: 1611.126503
2025-12-17 12:13:45,080 - INFO -   Avg: 1610.003483
2025-12-17 12:13:45,080 - INFO -   Std: 0.527173
2025-12-17 12:13:45,445 - INFO - Generation 80
2025-12-17 12:13:45,446 - INFO -   Best: 1608.059755
2025-12-17 12:13:45,446 - INFO -   Min: 1608.059755
2025-12-17 12:13:45,446 - INFO -   Max: 1611.005737
2025-12-17 12:13:45,446 - INFO -   Avg: 1609.794844
2025-12-17 12:13:45,447 - INFO -   Std: 0.492300
2025-12-17 12:13:45,814 - INFO - Generation 90
2025-12-17 12:13:45,815 - INFO -   Best: 1608.045134
2025-12-17 12:13:45,815 - INFO -   Min: 1608.045134
2025-12-17 12:13:45,815 - INFO -   Max: 1610.780544
2025-12-17 12:13:45,815 - INFO -   Avg: 1609.872331
2025-12-17 12:13:45,815 - INFO -   Std: 0.563625
2025-12-17 12:13:46,189 - INFO - Generation 100
2025-12-17 12:13:46,189 - INFO -   Best: 1608.045134
2025-12-17 12:13:46,189 - INFO -   Min: 1608.045134
2025-12-17 12:13:46,190 - INFO -   Max: 1611.288547
2025-12-17 12:13:46,190 - INFO -   Avg: 1609.965140
2025-12-17 12:13:46,190 - INFO -   Std: 0.549297
2025-12-17 12:13:46,564 - INFO - Generation 110
2025-12-17 12:13:46,564 - INFO -   Best: 1608.045134
2025-12-17 12:13:46,564 - INFO -   Min: 1608.045134
2025-12-17 12:13:46,564 - INFO -   Max: 1610.574040
2025-12-17 12:13:46,565 - INFO -   Avg: 1609.958980
2025-12-17 12:13:46,565 - INFO -   Std: 0.402602
2025-12-17 12:13:46,935 - INFO - Generation 120
2025-12-17 12:13:46,936 - INFO -   Best: 1608.045134
2025-12-17 12:13:46,936 - INFO -   Min: 1608.045134
2025-12-17 12:13:46,937 - INFO -   Max: 1610.637292
2025-12-17 12:13:46,937 - INFO -   Avg: 1609.855692
2025-12-17 12:13:46,937 - INFO -   Std: 0.448188
2025-12-17 12:13:47,307 - INFO - Generation 130
2025-12-17 12:13:47,307 - INFO -   Best: 1608.045134
2025-12-17 12:13:47,307 - INFO -   Min: 1608.045134
2025-12-17 12:13:47,307 - INFO -   Max: 1610.695392
2025-12-17 12:13:47,307 - INFO -   Avg: 1609.914245
2025-12-17 12:13:47,307 - INFO -   Std: 0.451637
2025-12-17 12:13:47,679 - INFO - Generation 140
2025-12-17 12:13:47,680 - INFO -   Best: 1608.045134
2025-12-17 12:13:47,680 - INFO -   Min: 1608.045134
2025-12-17 12:13:47,680 - INFO -   Max: 1611.347030
2025-12-17 12:13:47,680 - INFO -   Avg: 1610.011793
2025-12-17 12:13:47,680 - INFO -   Std: 0.475422
2025-12-17 12:13:48,068 - INFO - Generation 150
2025-12-17 12:13:48,069 - INFO -   Best: 1608.045134
2025-12-17 12:13:48,069 - INFO -   Min: 1608.045134
2025-12-17 12:13:48,069 - INFO -   Max: 1610.879937
2025-12-17 12:13:48,069 - INFO -   Avg: 1609.903008
2025-12-17 12:13:48,069 - INFO -   Std: 0.462147
2025-12-17 12:13:48,460 - INFO - Generation 160
2025-12-17 12:13:48,460 - INFO -   Best: 1608.016564
2025-12-17 12:13:48,460 - INFO -   Min: 1608.016564
2025-12-17 12:13:48,460 - INFO -   Max: 1611.062789
2025-12-17 12:13:48,461 - INFO -   Avg: 1609.913937
2025-12-17 12:13:48,461 - INFO -   Std: 0.509332
2025-12-17 12:13:48,851 - INFO - Generation 170
2025-12-17 12:13:48,852 - INFO -   Best: 1608.016564
2025-12-17 12:13:48,852 - INFO -   Min: 1608.016564
2025-12-17 12:13:48,852 - INFO -   Max: 1610.608306
2025-12-17 12:13:48,852 - INFO -   Avg: 1609.598132
2025-12-17 12:13:48,852 - INFO -   Std: 0.487355
2025-12-17 12:13:49,230 - INFO - Generation 180
2025-12-17 12:13:49,231 - INFO -   Best: 1607.843603
2025-12-17 12:13:49,231 - INFO -   Min: 1607.843603
2025-12-17 12:13:49,231 - INFO -   Max: 1610.632018
2025-12-17 12:13:49,231 - INFO -   Avg: 1609.721288
2025-12-17 12:13:49,231 - INFO -   Std: 0.491253
2025-12-17 12:13:49,605 - INFO - Generation 190
2025-12-17 12:13:49,605 - INFO -   Best: 1607.810932
2025-12-17 12:13:49,605 - INFO -   Min: 1607.810932
2025-12-17 12:13:49,605 - INFO -   Max: 1610.773245
2025-12-17 12:13:49,605 - INFO -   Avg: 1609.646367
2025-12-17 12:13:49,605 - INFO -   Std: 0.582988
2025-12-17 12:13:49,979 - INFO - Generation 200
2025-12-17 12:13:49,979 - INFO -   Best: 1607.810932
2025-12-17 12:13:49,979 - INFO -   Min: 1607.810932
2025-12-17 12:13:49,980 - INFO -   Max: 1611.688178
2025-12-17 12:13:49,980 - INFO -   Avg: 1609.894232
2025-12-17 12:13:49,980 - INFO -   Std: 0.514064
2025-12-17 12:13:50,005 - INFO - 
Final best fitness: 1607.8109324624
2025-12-17 12:13:50,006 - INFO - Execution time: 7.49s
