2025-12-17 12:23:37,044 - INFO - Representation: Real
2025-12-17 12:23:37,044 - INFO - Number of genes: 5
2025-12-17 12:23:37,044 - INFO - Bounds: [0, 3.141592653589793]
2025-12-17 12:23:37,044 - INFO - Function: michalewicz
2025-12-17 12:23:37,044 - INFO - Population size: 100
2025-12-17 12:23:37,045 - INFO - Generations: 200
2025-12-17 12:23:37,045 - INFO - Selection: rws
2025-12-17 12:23:37,045 - INFO - Crossover: two_points
2025-12-17 12:23:37,045 - INFO - Mutation: swap
2025-12-17 12:23:37,045 - INFO - 
2025-12-17 12:23:37,097 - INFO - Generation 10
2025-12-17 12:23:37,098 - INFO -   Best: -4.192223
2025-12-17 12:23:37,098 - INFO -   Min: -4.192223
2025-12-17 12:23:37,098 - INFO -   Max: -1.238432
2025-12-17 12:23:37,098 - INFO -   Avg: -2.639161
2025-12-17 12:23:37,099 - INFO -   Std: 0.661428
2025-12-17 12:23:37,143 - INFO - Generation 20
2025-12-17 12:23:37,144 - INFO -   Best: -4.353557
2025-12-17 12:23:37,144 - INFO -   Min: -4.353557
2025-12-17 12:23:37,144 - INFO -   Max: -1.561372
2025-12-17 12:23:37,144 - INFO -   Avg: -3.016511
2025-12-17 12:23:37,144 - INFO -   Std: 0.599281
2025-12-17 12:23:37,186 - INFO - Generation 30
2025-12-17 12:23:37,187 - INFO -   Best: -4.360312
2025-12-17 12:23:37,187 - INFO -   Min: -4.360312
2025-12-17 12:23:37,187 - INFO -   Max: -2.249791
2025-12-17 12:23:37,187 - INFO -   Avg: -3.338661
2025-12-17 12:23:37,187 - INFO -   Std: 0.670397
2025-12-17 12:23:37,229 - INFO - Generation 40
2025-12-17 12:23:37,229 - INFO -   Best: -4.364941
2025-12-17 12:23:37,230 - INFO -   Min: -4.364941
2025-12-17 12:23:37,230 - INFO -   Max: -1.561372
2025-12-17 12:23:37,230 - INFO -   Avg: -3.146100
2025-12-17 12:23:37,230 - INFO -   Std: 0.671920
2025-12-17 12:23:37,272 - INFO - Generation 50
2025-12-17 12:23:37,272 - INFO -   Best: -4.364941
2025-12-17 12:23:37,272 - INFO -   Min: -4.364941
2025-12-17 12:23:37,272 - INFO -   Max: -1.561372
2025-12-17 12:23:37,272 - INFO -   Avg: -3.265387
2025-12-17 12:23:37,273 - INFO -   Std: 0.672862
2025-12-17 12:23:37,315 - INFO - Generation 60
2025-12-17 12:23:37,315 - INFO -   Best: -4.364941
2025-12-17 12:23:37,316 - INFO -   Min: -4.364941
2025-12-17 12:23:37,316 - INFO -   Max: -2.249420
2025-12-17 12:23:37,316 - INFO -   Avg: -3.209643
2025-12-17 12:23:37,316 - INFO -   Std: 0.708037
2025-12-17 12:23:37,361 - INFO - Generation 70
2025-12-17 12:23:37,361 - INFO -   Best: -4.364941
2025-12-17 12:23:37,361 - INFO -   Min: -4.364941
2025-12-17 12:23:37,361 - INFO -   Max: -2.249420
2025-12-17 12:23:37,361 - INFO -   Avg: -3.260694
2025-12-17 12:23:37,362 - INFO -   Std: 0.595573
2025-12-17 12:23:37,404 - INFO - Generation 80
2025-12-17 12:23:37,404 - INFO -   Best: -4.364941
2025-12-17 12:23:37,404 - INFO -   Min: -4.364941
2025-12-17 12:23:37,404 - INFO -   Max: -2.249420
2025-12-17 12:23:37,405 - INFO -   Avg: -3.278353
2025-12-17 12:23:37,405 - INFO -   Std: 0.612149
2025-12-17 12:23:37,446 - INFO - Generation 90
2025-12-17 12:23:37,446 - INFO -   Best: -4.364941
2025-12-17 12:23:37,447 - INFO -   Min: -4.364941
2025-12-17 12:23:37,447 - INFO -   Max: -1.455550
2025-12-17 12:23:37,447 - INFO -   Avg: -3.149136
2025-12-17 12:23:37,447 - INFO -   Std: 0.719307
2025-12-17 12:23:37,489 - INFO - Generation 100
2025-12-17 12:23:37,489 - INFO -   Best: -4.364941
2025-12-17 12:23:37,489 - INFO -   Min: -4.364941
2025-12-17 12:23:37,490 - INFO -   Max: -1.455179
2025-12-17 12:23:37,490 - INFO -   Avg: -3.109331
2025-12-17 12:23:37,490 - INFO -   Std: 0.792369
2025-12-17 12:23:37,532 - INFO - Generation 110
2025-12-17 12:23:37,532 - INFO -   Best: -4.364941
2025-12-17 12:23:37,532 - INFO -   Min: -4.364941
2025-12-17 12:23:37,532 - INFO -   Max: -1.561743
2025-12-17 12:23:37,533 - INFO -   Avg: -3.121406
2025-12-17 12:23:37,533 - INFO -   Std: 0.620292
2025-12-17 12:23:37,574 - INFO - Generation 120
2025-12-17 12:23:37,574 - INFO -   Best: -4.364941
2025-12-17 12:23:37,574 - INFO -   Min: -4.364941
2025-12-17 12:23:37,575 - INFO -   Max: -2.249791
2025-12-17 12:23:37,575 - INFO -   Avg: -3.213765
2025-12-17 12:23:37,575 - INFO -   Std: 0.569022
2025-12-17 12:23:37,616 - INFO - Generation 130
2025-12-17 12:23:37,616 - INFO -   Best: -4.364941
2025-12-17 12:23:37,617 - INFO -   Min: -4.364941
2025-12-17 12:23:37,617 - INFO -   Max: -2.249791
2025-12-17 12:23:37,617 - INFO -   Avg: -3.191834
2025-12-17 12:23:37,617 - INFO -   Std: 0.595003
2025-12-17 12:23:37,674 - INFO - Generation 140
2025-12-17 12:23:37,674 - INFO -   Best: -4.364941
2025-12-17 12:23:37,674 - INFO -   Min: -4.364941
2025-12-17 12:23:37,674 - INFO -   Max: -2.249791
2025-12-17 12:23:37,674 - INFO -   Avg: -3.275554
2025-12-17 12:23:37,675 - INFO -   Std: 0.671807
2025-12-17 12:23:37,715 - INFO - Generation 150
2025-12-17 12:23:37,715 - INFO -   Best: -4.364941
2025-12-17 12:23:37,716 - INFO -   Min: -4.364941
2025-12-17 12:23:37,716 - INFO -   Max: -2.249791
2025-12-17 12:23:37,716 - INFO -   Avg: -3.204228
2025-12-17 12:23:37,716 - INFO -   Std: 0.486904
2025-12-17 12:23:37,759 - INFO - Generation 160
2025-12-17 12:23:37,760 - INFO -   Best: -4.364941
2025-12-17 12:23:37,760 - INFO -   Min: -4.364941
2025-12-17 12:23:37,760 - INFO -   Max: -1.561743
2025-12-17 12:23:37,760 - INFO -   Avg: -3.212614
2025-12-17 12:23:37,760 - INFO -   Std: 0.732021
2025-12-17 12:23:37,801 - INFO - Generation 170
2025-12-17 12:23:37,801 - INFO -   Best: -4.364941
2025-12-17 12:23:37,801 - INFO -   Min: -4.364941
2025-12-17 12:23:37,801 - INFO -   Max: -1.455550
2025-12-17 12:23:37,802 - INFO -   Avg: -3.168823
2025-12-17 12:23:37,802 - INFO -   Std: 0.679844
2025-12-17 12:23:37,842 - INFO - Generation 180
2025-12-17 12:23:37,842 - INFO -   Best: -4.364941
2025-12-17 12:23:37,842 - INFO -   Min: -4.364941
2025-12-17 12:23:37,842 - INFO -   Max: -1.455550
2025-12-17 12:23:37,842 - INFO -   Avg: -3.188950
2025-12-17 12:23:37,842 - INFO -   Std: 0.653324
2025-12-17 12:23:37,884 - INFO - Generation 190
2025-12-17 12:23:37,885 - INFO -   Best: -4.364941
2025-12-17 12:23:37,885 - INFO -   Min: -4.364941
2025-12-17 12:23:37,885 - INFO -   Max: -1.455550
2025-12-17 12:23:37,885 - INFO -   Avg: -3.193646
2025-12-17 12:23:37,885 - INFO -   Std: 0.655917
2025-12-17 12:23:37,926 - INFO - Generation 200
2025-12-17 12:23:37,926 - INFO -   Best: -4.364941
2025-12-17 12:23:37,927 - INFO -   Min: -4.364941
2025-12-17 12:23:37,927 - INFO -   Max: -1.455550
2025-12-17 12:23:37,927 - INFO -   Avg: -3.043813
2025-12-17 12:23:37,927 - INFO -   Std: 0.692980
2025-12-17 12:23:37,930 - INFO - 
Final best fitness: -4.3649407558
2025-12-17 12:23:37,930 - INFO - Execution time: 0.88s
