2025-12-17 12:23:01,191 - INFO - Representation: Real
2025-12-17 12:23:01,191 - INFO - Number of genes: 10
2025-12-17 12:23:01,191 - INFO - Bounds: [0, 3.141592653589793]
2025-12-17 12:23:01,191 - INFO - Function: michalewicz
2025-12-17 12:23:01,191 - INFO - Population size: 100
2025-12-17 12:23:01,191 - INFO - Generations: 200
2025-12-17 12:23:01,191 - INFO - Selection: rws
2025-12-17 12:23:01,192 - INFO - Crossover: two_points
2025-12-17 12:23:01,192 - INFO - Mutation: swap
2025-12-17 12:23:01,192 - INFO - 
2025-12-17 12:23:01,257 - INFO - Generation 10
2025-12-17 12:23:01,257 - INFO -   Best: -6.803721
2025-12-17 12:23:01,258 - INFO -   Min: -6.803721
2025-12-17 12:23:01,258 - INFO -   Max: -1.081673
2025-12-17 12:23:01,258 - INFO -   Avg: -3.807833
2025-12-17 12:23:01,258 - INFO -   Std: 1.246299
2025-12-17 12:23:01,312 - INFO - Generation 20
2025-12-17 12:23:01,312 - INFO -   Best: -7.406931
2025-12-17 12:23:01,312 - INFO -   Min: -7.406931
2025-12-17 12:23:01,312 - INFO -   Max: -2.774000
2025-12-17 12:23:01,312 - INFO -   Avg: -4.929310
2025-12-17 12:23:01,313 - INFO -   Std: 1.097900
2025-12-17 12:23:01,365 - INFO - Generation 30
2025-12-17 12:23:01,366 - INFO -   Best: -7.783417
2025-12-17 12:23:01,366 - INFO -   Min: -7.783417
2025-12-17 12:23:01,366 - INFO -   Max: -2.933227
2025-12-17 12:23:01,366 - INFO -   Avg: -5.143371
2025-12-17 12:23:01,366 - INFO -   Std: 1.058678
2025-12-17 12:23:01,419 - INFO - Generation 40
2025-12-17 12:23:01,419 - INFO -   Best: -7.783417
2025-12-17 12:23:01,420 - INFO -   Min: -7.783417
2025-12-17 12:23:01,420 - INFO -   Max: -2.843225
2025-12-17 12:23:01,420 - INFO -   Avg: -5.294132
2025-12-17 12:23:01,420 - INFO -   Std: 1.087063
2025-12-17 12:23:01,471 - INFO - Generation 50
2025-12-17 12:23:01,471 - INFO -   Best: -7.783417
2025-12-17 12:23:01,472 - INFO -   Min: -7.783417
2025-12-17 12:23:01,472 - INFO -   Max: -3.027914
2025-12-17 12:23:01,472 - INFO -   Avg: -5.302336
2025-12-17 12:23:01,472 - INFO -   Std: 0.963098
2025-12-17 12:23:01,524 - INFO - Generation 60
2025-12-17 12:23:01,524 - INFO -   Best: -7.933697
2025-12-17 12:23:01,524 - INFO -   Min: -7.933697
2025-12-17 12:23:01,524 - INFO -   Max: -3.020231
2025-12-17 12:23:01,524 - INFO -   Avg: -5.452502
2025-12-17 12:23:01,525 - INFO -   Std: 1.057754
2025-12-17 12:23:01,577 - INFO - Generation 70
2025-12-17 12:23:01,577 - INFO -   Best: -7.933697
2025-12-17 12:23:01,578 - INFO -   Min: -7.933697
2025-12-17 12:23:01,578 - INFO -   Max: -2.764123
2025-12-17 12:23:01,578 - INFO -   Avg: -5.053414
2025-12-17 12:23:01,578 - INFO -   Std: 1.103070
2025-12-17 12:23:01,630 - INFO - Generation 80
2025-12-17 12:23:01,630 - INFO -   Best: -7.933697
2025-12-17 12:23:01,630 - INFO -   Min: -7.933697
2025-12-17 12:23:01,630 - INFO -   Max: -2.237357
2025-12-17 12:23:01,630 - INFO -   Avg: -5.167828
2025-12-17 12:23:01,631 - INFO -   Std: 1.029721
2025-12-17 12:23:01,683 - INFO - Generation 90
2025-12-17 12:23:01,683 - INFO -   Best: -7.933697
2025-12-17 12:23:01,683 - INFO -   Min: -7.933697
2025-12-17 12:23:01,684 - INFO -   Max: -2.418226
2025-12-17 12:23:01,684 - INFO -   Avg: -5.331915
2025-12-17 12:23:01,684 - INFO -   Std: 1.040260
2025-12-17 12:23:01,735 - INFO - Generation 100
2025-12-17 12:23:01,735 - INFO -   Best: -7.933697
2025-12-17 12:23:01,735 - INFO -   Min: -7.933697
2025-12-17 12:23:01,735 - INFO -   Max: -2.697572
2025-12-17 12:23:01,735 - INFO -   Avg: -5.349655
2025-12-17 12:23:01,735 - INFO -   Std: 1.173301
2025-12-17 12:23:01,786 - INFO - Generation 110
2025-12-17 12:23:01,787 - INFO -   Best: -7.933697
2025-12-17 12:23:01,787 - INFO -   Min: -7.933697
2025-12-17 12:23:01,787 - INFO -   Max: -1.941424
2025-12-17 12:23:01,787 - INFO -   Avg: -4.772870
2025-12-17 12:23:01,787 - INFO -   Std: 1.268975
2025-12-17 12:23:01,841 - INFO - Generation 120
2025-12-17 12:23:01,842 - INFO -   Best: -7.933697
2025-12-17 12:23:01,842 - INFO -   Min: -7.933697
2025-12-17 12:23:01,842 - INFO -   Max: -3.304385
2025-12-17 12:23:01,842 - INFO -   Avg: -5.241247
2025-12-17 12:23:01,842 - INFO -   Std: 0.935873
2025-12-17 12:23:01,902 - INFO - Generation 130
2025-12-17 12:23:01,902 - INFO -   Best: -7.933697
2025-12-17 12:23:01,902 - INFO -   Min: -7.933697
2025-12-17 12:23:01,902 - INFO -   Max: -2.029119
2025-12-17 12:23:01,902 - INFO -   Avg: -5.070799
2025-12-17 12:23:01,903 - INFO -   Std: 1.088029
2025-12-17 12:23:01,962 - INFO - Generation 140
2025-12-17 12:23:01,963 - INFO -   Best: -7.933697
2025-12-17 12:23:01,963 - INFO -   Min: -7.933697
2025-12-17 12:23:01,963 - INFO -   Max: -1.799737
2025-12-17 12:23:01,963 - INFO -   Avg: -4.959949
2025-12-17 12:23:01,963 - INFO -   Std: 1.177030
2025-12-17 12:23:02,018 - INFO - Generation 150
2025-12-17 12:23:02,018 - INFO -   Best: -7.933697
2025-12-17 12:23:02,019 - INFO -   Min: -7.933697
2025-12-17 12:23:02,019 - INFO -   Max: -2.555885
2025-12-17 12:23:02,019 - INFO -   Avg: -5.008523
2025-12-17 12:23:02,019 - INFO -   Std: 1.074364
2025-12-17 12:23:02,071 - INFO - Generation 160
2025-12-17 12:23:02,071 - INFO -   Best: -7.933697
2025-12-17 12:23:02,071 - INFO -   Min: -7.933697
2025-12-17 12:23:02,071 - INFO -   Max: -1.941424
2025-12-17 12:23:02,072 - INFO -   Avg: -4.890593
2025-12-17 12:23:02,072 - INFO -   Std: 0.994400
2025-12-17 12:23:02,127 - INFO - Generation 170
2025-12-17 12:23:02,128 - INFO -   Best: -7.933697
2025-12-17 12:23:02,128 - INFO -   Min: -7.933697
2025-12-17 12:23:02,128 - INFO -   Max: -1.799737
2025-12-17 12:23:02,129 - INFO -   Avg: -5.369774
2025-12-17 12:23:02,129 - INFO -   Std: 1.108519
2025-12-17 12:23:02,181 - INFO - Generation 180
2025-12-17 12:23:02,181 - INFO -   Best: -7.933697
2025-12-17 12:23:02,182 - INFO -   Min: -7.933697
2025-12-17 12:23:02,182 - INFO -   Max: -2.383818
2025-12-17 12:23:02,182 - INFO -   Avg: -5.129573
2025-12-17 12:23:02,182 - INFO -   Std: 1.078624
2025-12-17 12:23:02,232 - INFO - Generation 190
2025-12-17 12:23:02,232 - INFO -   Best: -7.933697
2025-12-17 12:23:02,233 - INFO -   Min: -7.933697
2025-12-17 12:23:02,233 - INFO -   Max: -3.052271
2025-12-17 12:23:02,233 - INFO -   Avg: -5.092897
2025-12-17 12:23:02,233 - INFO -   Std: 0.905965
2025-12-17 12:23:02,285 - INFO - Generation 200
2025-12-17 12:23:02,285 - INFO -   Best: -7.933697
2025-12-17 12:23:02,285 - INFO -   Min: -7.933697
2025-12-17 12:23:02,285 - INFO -   Max: -2.522630
2025-12-17 12:23:02,285 - INFO -   Avg: -5.186626
2025-12-17 12:23:02,286 - INFO -   Std: 0.955360
2025-12-17 12:23:02,289 - INFO - 
Final best fitness: -7.9336973687
2025-12-17 12:23:02,289 - INFO - Execution time: 1.08s
