2025-12-17 12:17:03,379 - INFO - Representation: Binary
2025-12-17 12:17:03,379 - INFO - Bits per variable: 12
2025-12-17 12:17:03,379 - INFO - Total genes: 360
2025-12-17 12:17:03,379 - INFO - Function: f16_2014
2025-12-17 12:17:03,379 - INFO - Population size: 100
2025-12-17 12:17:03,379 - INFO - Generations: 200
2025-12-17 12:17:03,380 - INFO - Selection: rws
2025-12-17 12:17:03,380 - INFO - Crossover: two_points
2025-12-17 12:17:03,380 - INFO - Mutation: swap
2025-12-17 12:17:03,380 - INFO - 
2025-12-17 12:17:04,569 - INFO - Generation 10
2025-12-17 12:17:04,570 - INFO -   Best: 1613.986816
2025-12-17 12:17:04,570 - INFO -   Min: 1613.986816
2025-12-17 12:17:04,570 - INFO -   Max: 1615.715060
2025-12-17 12:17:04,570 - INFO -   Avg: 1614.960308
2025-12-17 12:17:04,570 - INFO -   Std: 0.253602
2025-12-17 12:17:05,091 - INFO - Generation 20
2025-12-17 12:17:05,092 - INFO -   Best: 1613.986816
2025-12-17 12:17:05,092 - INFO -   Min: 1613.986816
2025-12-17 12:17:05,092 - INFO -   Max: 1616.643463
2025-12-17 12:17:05,092 - INFO -   Avg: 1614.982860
2025-12-17 12:17:05,092 - INFO -   Std: 0.284727
2025-12-17 12:17:05,618 - INFO - Generation 30
2025-12-17 12:17:05,618 - INFO -   Best: 1613.986816
2025-12-17 12:17:05,618 - INFO -   Min: 1613.986816
2025-12-17 12:17:05,618 - INFO -   Max: 1615.712716
2025-12-17 12:17:05,619 - INFO -   Avg: 1614.995837
2025-12-17 12:17:05,619 - INFO -   Std: 0.243690
2025-12-17 12:17:06,148 - INFO - Generation 40
2025-12-17 12:17:06,148 - INFO -   Best: 1613.986816
2025-12-17 12:17:06,148 - INFO -   Min: 1613.986816
2025-12-17 12:17:06,149 - INFO -   Max: 1615.620815
2025-12-17 12:17:06,149 - INFO -   Avg: 1614.977604
2025-12-17 12:17:06,149 - INFO -   Std: 0.312137
2025-12-17 12:17:06,682 - INFO - Generation 50
2025-12-17 12:17:06,683 - INFO -   Best: 1613.986816
2025-12-17 12:17:06,683 - INFO -   Min: 1613.986816
2025-12-17 12:17:06,683 - INFO -   Max: 1615.710866
2025-12-17 12:17:06,683 - INFO -   Avg: 1614.976120
2025-12-17 12:17:06,683 - INFO -   Std: 0.236842
2025-12-17 12:17:07,221 - INFO - Generation 60
2025-12-17 12:17:07,222 - INFO -   Best: 1613.960668
2025-12-17 12:17:07,222 - INFO -   Min: 1613.960668
2025-12-17 12:17:07,222 - INFO -   Max: 1615.480419
2025-12-17 12:17:07,222 - INFO -   Avg: 1614.936250
2025-12-17 12:17:07,222 - INFO -   Std: 0.271838
2025-12-17 12:17:07,748 - INFO - Generation 70
2025-12-17 12:17:07,749 - INFO -   Best: 1613.377138
2025-12-17 12:17:07,749 - INFO -   Min: 1613.377138
2025-12-17 12:17:07,749 - INFO -   Max: 1615.808151
2025-12-17 12:17:07,749 - INFO -   Avg: 1614.977894
2025-12-17 12:17:07,749 - INFO -   Std: 0.365434
2025-12-17 12:17:08,266 - INFO - Generation 80
2025-12-17 12:17:08,267 - INFO -   Best: 1613.377138
2025-12-17 12:17:08,267 - INFO -   Min: 1613.377138
2025-12-17 12:17:08,267 - INFO -   Max: 1615.741922
2025-12-17 12:17:08,267 - INFO -   Avg: 1614.969051
2025-12-17 12:17:08,267 - INFO -   Std: 0.346185
2025-12-17 12:17:08,804 - INFO - Generation 90
2025-12-17 12:17:08,805 - INFO -   Best: 1613.377138
2025-12-17 12:17:08,805 - INFO -   Min: 1613.377138
2025-12-17 12:17:08,805 - INFO -   Max: 1616.188795
2025-12-17 12:17:08,805 - INFO -   Avg: 1614.945031
2025-12-17 12:17:08,805 - INFO -   Std: 0.420404
2025-12-17 12:17:09,336 - INFO - Generation 100
2025-12-17 12:17:09,337 - INFO -   Best: 1613.377138
2025-12-17 12:17:09,337 - INFO -   Min: 1613.377138
2025-12-17 12:17:09,337 - INFO -   Max: 1616.387150
2025-12-17 12:17:09,337 - INFO -   Avg: 1614.987221
2025-12-17 12:17:09,337 - INFO -   Std: 0.387378
2025-12-17 12:17:09,847 - INFO - Generation 110
2025-12-17 12:17:09,847 - INFO -   Best: 1613.377138
2025-12-17 12:17:09,847 - INFO -   Min: 1613.377138
2025-12-17 12:17:09,848 - INFO -   Max: 1615.770903
2025-12-17 12:17:09,848 - INFO -   Avg: 1614.970366
2025-12-17 12:17:09,848 - INFO -   Std: 0.378019
2025-12-17 12:17:10,357 - INFO - Generation 120
2025-12-17 12:17:10,357 - INFO -   Best: 1613.377138
2025-12-17 12:17:10,357 - INFO -   Min: 1613.377138
2025-12-17 12:17:10,357 - INFO -   Max: 1615.998707
2025-12-17 12:17:10,358 - INFO -   Avg: 1614.961933
2025-12-17 12:17:10,358 - INFO -   Std: 0.383701
2025-12-17 12:17:10,894 - INFO - Generation 130
2025-12-17 12:17:10,894 - INFO -   Best: 1613.377138
2025-12-17 12:17:10,894 - INFO -   Min: 1613.377138
2025-12-17 12:17:10,894 - INFO -   Max: 1615.630353
2025-12-17 12:17:10,895 - INFO -   Avg: 1614.978455
2025-12-17 12:17:10,895 - INFO -   Std: 0.347791
2025-12-17 12:17:11,419 - INFO - Generation 140
2025-12-17 12:17:11,420 - INFO -   Best: 1613.377138
2025-12-17 12:17:11,420 - INFO -   Min: 1613.377138
2025-12-17 12:17:11,420 - INFO -   Max: 1615.864399
2025-12-17 12:17:11,420 - INFO -   Avg: 1614.960447
2025-12-17 12:17:11,420 - INFO -   Std: 0.378757
2025-12-17 12:17:11,940 - INFO - Generation 150
2025-12-17 12:17:11,941 - INFO -   Best: 1613.377138
2025-12-17 12:17:11,941 - INFO -   Min: 1613.377138
2025-12-17 12:17:11,941 - INFO -   Max: 1615.718654
2025-12-17 12:17:11,941 - INFO -   Avg: 1614.962812
2025-12-17 12:17:11,941 - INFO -   Std: 0.342643
2025-12-17 12:17:12,463 - INFO - Generation 160
2025-12-17 12:17:12,463 - INFO -   Best: 1613.222708
2025-12-17 12:17:12,464 - INFO -   Min: 1613.222708
2025-12-17 12:17:12,464 - INFO -   Max: 1616.178548
2025-12-17 12:17:12,464 - INFO -   Avg: 1614.957587
2025-12-17 12:17:12,464 - INFO -   Std: 0.485709
2025-12-17 12:17:12,977 - INFO - Generation 170
2025-12-17 12:17:12,978 - INFO -   Best: 1613.222708
2025-12-17 12:17:12,978 - INFO -   Min: 1613.222708
2025-12-17 12:17:12,978 - INFO -   Max: 1616.548680
2025-12-17 12:17:12,979 - INFO -   Avg: 1614.950193
2025-12-17 12:17:12,979 - INFO -   Std: 0.440691
2025-12-17 12:17:13,499 - INFO - Generation 180
2025-12-17 12:17:13,499 - INFO -   Best: 1613.222708
2025-12-17 12:17:13,499 - INFO -   Min: 1613.222708
2025-12-17 12:17:13,499 - INFO -   Max: 1616.202532
2025-12-17 12:17:13,499 - INFO -   Avg: 1614.977007
2025-12-17 12:17:13,499 - INFO -   Std: 0.420100
2025-12-17 12:17:14,016 - INFO - Generation 190
2025-12-17 12:17:14,016 - INFO -   Best: 1613.222708
2025-12-17 12:17:14,016 - INFO -   Min: 1613.222708
2025-12-17 12:17:14,017 - INFO -   Max: 1615.654030
2025-12-17 12:17:14,017 - INFO -   Avg: 1614.999426
2025-12-17 12:17:14,017 - INFO -   Std: 0.372386
2025-12-17 12:17:14,531 - INFO - Generation 200
2025-12-17 12:17:14,532 - INFO -   Best: 1613.222708
2025-12-17 12:17:14,532 - INFO -   Min: 1613.222708
2025-12-17 12:17:14,532 - INFO -   Max: 1616.052174
2025-12-17 12:17:14,532 - INFO -   Avg: 1615.006995
2025-12-17 12:17:14,532 - INFO -   Std: 0.361654
2025-12-17 12:17:14,566 - INFO - 
Final best fitness: 1613.2227081865
2025-12-17 12:17:14,566 - INFO - Execution time: 10.51s
