2025-12-17 12:20:00,449 - INFO - Representation: Real
2025-12-17 12:20:00,449 - INFO - Number of genes: 30
2025-12-17 12:20:00,449 - INFO - Bounds: [-100, 100]
2025-12-17 12:20:00,450 - INFO - Function: f16_2014
2025-12-17 12:20:00,450 - INFO - Population size: 100
2025-12-17 12:20:00,450 - INFO - Generations: 200
2025-12-17 12:20:00,450 - INFO - Selection: rws
2025-12-17 12:20:00,450 - INFO - Crossover: two_points
2025-12-17 12:20:00,450 - INFO - Mutation: swap
2025-12-17 12:20:00,451 - INFO - 
2025-12-17 12:20:00,871 - INFO - Generation 10
2025-12-17 12:20:00,872 - INFO -   Best: 1613.822421
2025-12-17 12:20:00,872 - INFO -   Min: 1613.822421
2025-12-17 12:20:00,872 - INFO -   Max: 1615.970200
2025-12-17 12:20:00,872 - INFO -   Avg: 1615.009447
2025-12-17 12:20:00,873 - INFO -   Std: 0.307287
2025-12-17 12:20:01,227 - INFO - Generation 20
2025-12-17 12:20:01,228 - INFO -   Best: 1613.392999
2025-12-17 12:20:01,228 - INFO -   Min: 1613.392999
2025-12-17 12:20:01,228 - INFO -   Max: 1615.929989
2025-12-17 12:20:01,228 - INFO -   Avg: 1615.006393
2025-12-17 12:20:01,229 - INFO -   Std: 0.364023
2025-12-17 12:20:01,584 - INFO - Generation 30
2025-12-17 12:20:01,584 - INFO -   Best: 1613.392999
2025-12-17 12:20:01,584 - INFO -   Min: 1613.392999
2025-12-17 12:20:01,584 - INFO -   Max: 1616.558828
2025-12-17 12:20:01,584 - INFO -   Avg: 1614.968626
2025-12-17 12:20:01,584 - INFO -   Std: 0.480578
2025-12-17 12:20:01,936 - INFO - Generation 40
2025-12-17 12:20:01,936 - INFO -   Best: 1613.392999
2025-12-17 12:20:01,937 - INFO -   Min: 1613.392999
2025-12-17 12:20:01,937 - INFO -   Max: 1615.899181
2025-12-17 12:20:01,937 - INFO -   Avg: 1614.972410
2025-12-17 12:20:01,937 - INFO -   Std: 0.410838
2025-12-17 12:20:02,289 - INFO - Generation 50
2025-12-17 12:20:02,290 - INFO -   Best: 1613.370188
2025-12-17 12:20:02,290 - INFO -   Min: 1613.370188
2025-12-17 12:20:02,290 - INFO -   Max: 1615.642712
2025-12-17 12:20:02,290 - INFO -   Avg: 1614.933147
2025-12-17 12:20:02,290 - INFO -   Std: 0.361481
2025-12-17 12:20:02,646 - INFO - Generation 60
2025-12-17 12:20:02,646 - INFO -   Best: 1613.370188
2025-12-17 12:20:02,647 - INFO -   Min: 1613.370188
2025-12-17 12:20:02,647 - INFO -   Max: 1615.565559
2025-12-17 12:20:02,647 - INFO -   Avg: 1614.899193
2025-12-17 12:20:02,647 - INFO -   Std: 0.426660
2025-12-17 12:20:03,004 - INFO - Generation 70
2025-12-17 12:20:03,004 - INFO -   Best: 1613.370188
2025-12-17 12:20:03,004 - INFO -   Min: 1613.370188
2025-12-17 12:20:03,004 - INFO -   Max: 1615.891628
2025-12-17 12:20:03,004 - INFO -   Avg: 1614.966104
2025-12-17 12:20:03,005 - INFO -   Std: 0.405988
2025-12-17 12:20:03,359 - INFO - Generation 80
2025-12-17 12:20:03,360 - INFO -   Best: 1613.370188
2025-12-17 12:20:03,360 - INFO -   Min: 1613.370188
2025-12-17 12:20:03,360 - INFO -   Max: 1615.867543
2025-12-17 12:20:03,361 - INFO -   Avg: 1614.929316
2025-12-17 12:20:03,361 - INFO -   Std: 0.347213
2025-12-17 12:20:03,717 - INFO - Generation 90
2025-12-17 12:20:03,717 - INFO -   Best: 1613.370188
2025-12-17 12:20:03,717 - INFO -   Min: 1613.370188
2025-12-17 12:20:03,717 - INFO -   Max: 1615.538203
2025-12-17 12:20:03,717 - INFO -   Avg: 1614.944276
2025-12-17 12:20:03,718 - INFO -   Std: 0.389207
2025-12-17 12:20:04,074 - INFO - Generation 100
2025-12-17 12:20:04,074 - INFO -   Best: 1613.370188
2025-12-17 12:20:04,074 - INFO -   Min: 1613.370188
2025-12-17 12:20:04,075 - INFO -   Max: 1615.766315
2025-12-17 12:20:04,075 - INFO -   Avg: 1615.018338
2025-12-17 12:20:04,075 - INFO -   Std: 0.353813
2025-12-17 12:20:04,427 - INFO - Generation 110
2025-12-17 12:20:04,428 - INFO -   Best: 1613.370188
2025-12-17 12:20:04,428 - INFO -   Min: 1613.370188
2025-12-17 12:20:04,428 - INFO -   Max: 1615.576378
2025-12-17 12:20:04,428 - INFO -   Avg: 1614.897045
2025-12-17 12:20:04,428 - INFO -   Std: 0.433269
2025-12-17 12:20:04,784 - INFO - Generation 120
2025-12-17 12:20:04,785 - INFO -   Best: 1613.322431
2025-12-17 12:20:04,785 - INFO -   Min: 1613.322431
2025-12-17 12:20:04,785 - INFO -   Max: 1615.950582
2025-12-17 12:20:04,785 - INFO -   Avg: 1614.857247
2025-12-17 12:20:04,786 - INFO -   Std: 0.457969
2025-12-17 12:20:05,139 - INFO - Generation 130
2025-12-17 12:20:05,139 - INFO -   Best: 1613.322431
2025-12-17 12:20:05,141 - INFO -   Min: 1613.322431
2025-12-17 12:20:05,141 - INFO -   Max: 1616.031318
2025-12-17 12:20:05,141 - INFO -   Avg: 1614.893327
2025-12-17 12:20:05,141 - INFO -   Std: 0.428293
2025-12-17 12:20:05,492 - INFO - Generation 140
2025-12-17 12:20:05,492 - INFO -   Best: 1613.322431
2025-12-17 12:20:05,492 - INFO -   Min: 1613.322431
2025-12-17 12:20:05,492 - INFO -   Max: 1615.602213
2025-12-17 12:20:05,492 - INFO -   Avg: 1614.884534
2025-12-17 12:20:05,492 - INFO -   Std: 0.428468
2025-12-17 12:20:05,842 - INFO - Generation 150
2025-12-17 12:20:05,842 - INFO -   Best: 1613.322431
2025-12-17 12:20:05,843 - INFO -   Min: 1613.322431
2025-12-17 12:20:05,843 - INFO -   Max: 1615.818685
2025-12-17 12:20:05,843 - INFO -   Avg: 1614.753658
2025-12-17 12:20:05,843 - INFO -   Std: 0.449508
2025-12-17 12:20:06,195 - INFO - Generation 160
2025-12-17 12:20:06,195 - INFO -   Best: 1613.132244
2025-12-17 12:20:06,196 - INFO -   Min: 1613.132244
2025-12-17 12:20:06,196 - INFO -   Max: 1615.884721
2025-12-17 12:20:06,196 - INFO -   Avg: 1614.792291
2025-12-17 12:20:06,196 - INFO -   Std: 0.509218
2025-12-17 12:20:06,548 - INFO - Generation 170
2025-12-17 12:20:06,548 - INFO -   Best: 1613.132244
2025-12-17 12:20:06,548 - INFO -   Min: 1613.132244
2025-12-17 12:20:06,548 - INFO -   Max: 1615.797162
2025-12-17 12:20:06,549 - INFO -   Avg: 1614.801156
2025-12-17 12:20:06,549 - INFO -   Std: 0.479231
2025-12-17 12:20:06,896 - INFO - Generation 180
2025-12-17 12:20:06,896 - INFO -   Best: 1613.024495
2025-12-17 12:20:06,897 - INFO -   Min: 1613.024495
2025-12-17 12:20:06,897 - INFO -   Max: 1615.798752
2025-12-17 12:20:06,897 - INFO -   Avg: 1614.616581
2025-12-17 12:20:06,897 - INFO -   Std: 0.535066
2025-12-17 12:20:07,236 - INFO - Generation 190
2025-12-17 12:20:07,236 - INFO -   Best: 1613.006994
2025-12-17 12:20:07,236 - INFO -   Min: 1613.006994
2025-12-17 12:20:07,236 - INFO -   Max: 1615.933344
2025-12-17 12:20:07,237 - INFO -   Avg: 1614.471943
2025-12-17 12:20:07,237 - INFO -   Std: 0.572170
2025-12-17 12:20:07,540 - INFO - Generation 200
2025-12-17 12:20:07,541 - INFO -   Best: 1613.006994
2025-12-17 12:20:07,541 - INFO -   Min: 1613.006994
2025-12-17 12:20:07,541 - INFO -   Max: 1615.555719
2025-12-17 12:20:07,541 - INFO -   Avg: 1614.292119
2025-12-17 12:20:07,541 - INFO -   Std: 0.561840
2025-12-17 12:20:07,558 - INFO - 
Final best fitness: 1613.0069942336
2025-12-17 12:20:07,558 - INFO - Execution time: 7.05s
