2025-12-17 11:43:03,817 - INFO - Representation: Real
2025-12-17 11:43:03,818 - INFO - Number of genes: 20
2025-12-17 11:43:03,818 - INFO - Bounds: [-100, 100]
2025-12-17 11:43:03,818 - INFO - Function: f16_2014
2025-12-17 11:43:03,818 - INFO - Population size: 100
2025-12-17 11:43:03,818 - INFO - Generations: 200
2025-12-17 11:43:03,818 - INFO - Selection: tournament
2025-12-17 11:43:03,819 - INFO - Crossover: single_point
2025-12-17 11:43:03,819 - INFO - Mutation: random
2025-12-17 11:43:03,819 - INFO - 
2025-12-17 11:43:04,156 - INFO - Generation 10
2025-12-17 11:43:04,157 - INFO -   Best: 1608.524670
2025-12-17 11:43:04,157 - INFO -   Min: 1608.524670
2025-12-17 11:43:04,157 - INFO -   Max: 1610.664246
2025-12-17 11:43:04,157 - INFO -   Avg: 1609.674069
2025-12-17 11:43:04,158 - INFO -   Std: 0.466035
2025-12-17 11:43:04,438 - INFO - Generation 20
2025-12-17 11:43:04,438 - INFO -   Best: 1608.328179
2025-12-17 11:43:04,439 - INFO -   Min: 1608.328179
2025-12-17 11:43:04,439 - INFO -   Max: 1611.290135
2025-12-17 11:43:04,439 - INFO -   Avg: 1609.529206
2025-12-17 11:43:04,439 - INFO -   Std: 0.551425
2025-12-17 11:43:04,715 - INFO - Generation 30
2025-12-17 11:43:04,715 - INFO -   Best: 1608.084197
2025-12-17 11:43:04,715 - INFO -   Min: 1608.084197
2025-12-17 11:43:04,715 - INFO -   Max: 1610.741510
2025-12-17 11:43:04,715 - INFO -   Avg: 1609.082562
2025-12-17 11:43:04,716 - INFO -   Std: 0.563280
2025-12-17 11:43:04,991 - INFO - Generation 40
2025-12-17 11:43:04,992 - INFO -   Best: 1607.414280
2025-12-17 11:43:04,992 - INFO -   Min: 1607.414280
2025-12-17 11:43:04,992 - INFO -   Max: 1611.032271
2025-12-17 11:43:04,992 - INFO -   Avg: 1608.796544
2025-12-17 11:43:04,992 - INFO -   Std: 0.703497
2025-12-17 11:43:05,272 - INFO - Generation 50
2025-12-17 11:43:05,273 - INFO -   Best: 1606.992504
2025-12-17 11:43:05,273 - INFO -   Min: 1606.992504
2025-12-17 11:43:05,273 - INFO -   Max: 1610.814644
2025-12-17 11:43:05,273 - INFO -   Avg: 1608.722303
2025-12-17 11:43:05,273 - INFO -   Std: 0.808814
2025-12-17 11:43:05,551 - INFO - Generation 60
2025-12-17 11:43:05,552 - INFO -   Best: 1606.992504
2025-12-17 11:43:05,552 - INFO -   Min: 1606.992504
2025-12-17 11:43:05,552 - INFO -   Max: 1611.026945
2025-12-17 11:43:05,552 - INFO -   Avg: 1608.840248
2025-12-17 11:43:05,552 - INFO -   Std: 0.755408
2025-12-17 11:43:05,839 - INFO - Generation 70
2025-12-17 11:43:05,839 - INFO -   Best: 1606.941097
2025-12-17 11:43:05,840 - INFO -   Min: 1606.941097
2025-12-17 11:43:05,840 - INFO -   Max: 1611.056952
2025-12-17 11:43:05,840 - INFO -   Avg: 1608.775440
2025-12-17 11:43:05,840 - INFO -   Std: 0.842813
2025-12-17 11:43:06,117 - INFO - Generation 80
2025-12-17 11:43:06,118 - INFO -   Best: 1606.811954
2025-12-17 11:43:06,118 - INFO -   Min: 1606.811954
2025-12-17 11:43:06,118 - INFO -   Max: 1610.930561
2025-12-17 11:43:06,118 - INFO -   Avg: 1608.823906
2025-12-17 11:43:06,118 - INFO -   Std: 0.789392
2025-12-17 11:43:06,395 - INFO - Generation 90
2025-12-17 11:43:06,395 - INFO -   Best: 1606.809547
2025-12-17 11:43:06,395 - INFO -   Min: 1606.809547
2025-12-17 11:43:06,395 - INFO -   Max: 1610.636574
2025-12-17 11:43:06,395 - INFO -   Avg: 1608.629680
2025-12-17 11:43:06,396 - INFO -   Std: 0.759549
2025-12-17 11:43:06,670 - INFO - Generation 100
2025-12-17 11:43:06,671 - INFO -   Best: 1606.783557
2025-12-17 11:43:06,671 - INFO -   Min: 1606.783557
2025-12-17 11:43:06,671 - INFO -   Max: 1610.579763
2025-12-17 11:43:06,671 - INFO -   Avg: 1608.602114
2025-12-17 11:43:06,671 - INFO -   Std: 0.782194
2025-12-17 11:43:06,946 - INFO - Generation 110
2025-12-17 11:43:06,947 - INFO -   Best: 1606.509979
2025-12-17 11:43:06,947 - INFO -   Min: 1606.509979
2025-12-17 11:43:06,947 - INFO -   Max: 1610.763884
2025-12-17 11:43:06,947 - INFO -   Avg: 1608.970421
2025-12-17 11:43:06,947 - INFO -   Std: 0.862399
2025-12-17 11:43:07,222 - INFO - Generation 120
2025-12-17 11:43:07,222 - INFO -   Best: 1606.509979
2025-12-17 11:43:07,222 - INFO -   Min: 1606.509979
2025-12-17 11:43:07,222 - INFO -   Max: 1610.213032
2025-12-17 11:43:07,222 - INFO -   Avg: 1608.520016
2025-12-17 11:43:07,222 - INFO -   Std: 0.942497
2025-12-17 11:43:07,497 - INFO - Generation 130
2025-12-17 11:43:07,497 - INFO -   Best: 1606.202123
2025-12-17 11:43:07,497 - INFO -   Min: 1606.202123
2025-12-17 11:43:07,497 - INFO -   Max: 1610.420619
2025-12-17 11:43:07,497 - INFO -   Avg: 1608.374966
2025-12-17 11:43:07,498 - INFO -   Std: 0.890371
2025-12-17 11:43:07,772 - INFO - Generation 140
2025-12-17 11:43:07,773 - INFO -   Best: 1606.202123
2025-12-17 11:43:07,773 - INFO -   Min: 1606.202123
2025-12-17 11:43:07,773 - INFO -   Max: 1611.526398
2025-12-17 11:43:07,773 - INFO -   Avg: 1608.708482
2025-12-17 11:43:07,773 - INFO -   Std: 0.911089
2025-12-17 11:43:08,046 - INFO - Generation 150
2025-12-17 11:43:08,046 - INFO -   Best: 1606.201981
2025-12-17 11:43:08,046 - INFO -   Min: 1606.201981
2025-12-17 11:43:08,046 - INFO -   Max: 1610.937782
2025-12-17 11:43:08,046 - INFO -   Avg: 1608.750354
2025-12-17 11:43:08,046 - INFO -   Std: 0.887591
2025-12-17 11:43:08,318 - INFO - Generation 160
2025-12-17 11:43:08,319 - INFO -   Best: 1606.201981
2025-12-17 11:43:08,319 - INFO -   Min: 1606.201981
2025-12-17 11:43:08,319 - INFO -   Max: 1610.918851
2025-12-17 11:43:08,319 - INFO -   Avg: 1608.144482
2025-12-17 11:43:08,319 - INFO -   Std: 0.938342
2025-12-17 11:43:08,591 - INFO - Generation 170
2025-12-17 11:43:08,591 - INFO -   Best: 1606.060860
2025-12-17 11:43:08,591 - INFO -   Min: 1606.060860
2025-12-17 11:43:08,591 - INFO -   Max: 1610.829374
2025-12-17 11:43:08,592 - INFO -   Avg: 1608.223170
2025-12-17 11:43:08,592 - INFO -   Std: 0.896100
2025-12-17 11:43:08,865 - INFO - Generation 180
2025-12-17 11:43:08,865 - INFO -   Best: 1606.059937
2025-12-17 11:43:08,865 - INFO -   Min: 1606.059937
2025-12-17 11:43:08,866 - INFO -   Max: 1610.255364
2025-12-17 11:43:08,866 - INFO -   Avg: 1608.161241
2025-12-17 11:43:08,866 - INFO -   Std: 0.893720
2025-12-17 11:43:09,136 - INFO - Generation 190
2025-12-17 11:43:09,136 - INFO -   Best: 1606.055094
2025-12-17 11:43:09,136 - INFO -   Min: 1606.055094
2025-12-17 11:43:09,137 - INFO -   Max: 1610.194215
2025-12-17 11:43:09,137 - INFO -   Avg: 1608.488581
2025-12-17 11:43:09,137 - INFO -   Std: 0.862308
2025-12-17 11:43:09,407 - INFO - Generation 200
2025-12-17 11:43:09,407 - INFO -   Best: 1606.053575
2025-12-17 11:43:09,407 - INFO -   Min: 1606.053575
2025-12-17 11:43:09,408 - INFO -   Max: 1610.995367
2025-12-17 11:43:09,408 - INFO -   Avg: 1608.248815
2025-12-17 11:43:09,408 - INFO -   Std: 0.982366
2025-12-17 11:43:09,425 - INFO - 
Final best fitness: 1606.0535747315
2025-12-17 11:43:09,425 - INFO - Execution time: 5.55s
2025-12-17 11:55:08,282 - INFO - Representation: Binary
2025-12-17 11:55:08,283 - INFO - Bits per variable: 12
2025-12-17 11:55:08,283 - INFO - Total genes: 240
2025-12-17 11:55:08,283 - INFO - Function: f16_2014
2025-12-17 11:55:08,283 - INFO - Population size: 100
2025-12-17 11:55:08,283 - INFO - Generations: 200
2025-12-17 11:55:08,283 - INFO - Selection: tournament
2025-12-17 11:55:08,283 - INFO - Crossover: single_point
2025-12-17 11:55:08,284 - INFO - Mutation: random
2025-12-17 11:55:08,284 - INFO - 
2025-12-17 11:55:09,625 - INFO - Generation 10
2025-12-17 11:55:09,625 - INFO -   Best: 1608.751888
2025-12-17 11:55:09,625 - INFO -   Min: 1608.751888
2025-12-17 11:55:09,625 - INFO -   Max: 1610.665986
2025-12-17 11:55:09,626 - INFO -   Avg: 1609.897442
2025-12-17 11:55:09,626 - INFO -   Std: 0.301711
2025-12-17 11:55:10,489 - INFO - Generation 20
2025-12-17 11:55:10,489 - INFO -   Best: 1608.668454
2025-12-17 11:55:10,490 - INFO -   Min: 1608.668454
2025-12-17 11:55:10,490 - INFO -   Max: 1610.833887
2025-12-17 11:55:10,490 - INFO -   Avg: 1609.923661
2025-12-17 11:55:10,490 - INFO -   Std: 0.355247
2025-12-17 11:55:11,344 - INFO - Generation 30
2025-12-17 11:55:11,345 - INFO -   Best: 1608.542280
2025-12-17 11:55:11,345 - INFO -   Min: 1608.542280
2025-12-17 11:55:11,345 - INFO -   Max: 1610.749753
2025-12-17 11:55:11,345 - INFO -   Avg: 1609.936934
2025-12-17 11:55:11,345 - INFO -   Std: 0.333279
2025-12-17 11:55:12,190 - INFO - Generation 40
2025-12-17 11:55:12,190 - INFO -   Best: 1608.463132
2025-12-17 11:55:12,190 - INFO -   Min: 1608.463132
2025-12-17 11:55:12,191 - INFO -   Max: 1610.411891
2025-12-17 11:55:12,191 - INFO -   Avg: 1609.901315
2025-12-17 11:55:12,191 - INFO -   Std: 0.315493
2025-12-17 11:55:13,046 - INFO - Generation 50
2025-12-17 11:55:13,047 - INFO -   Best: 1608.463132
2025-12-17 11:55:13,047 - INFO -   Min: 1608.463132
2025-12-17 11:55:13,047 - INFO -   Max: 1610.606867
2025-12-17 11:55:13,047 - INFO -   Avg: 1609.962170
2025-12-17 11:55:13,047 - INFO -   Std: 0.291807
2025-12-17 11:55:13,898 - INFO - Generation 60
2025-12-17 11:55:13,898 - INFO -   Best: 1608.463132
2025-12-17 11:55:13,898 - INFO -   Min: 1608.463132
2025-12-17 11:55:13,899 - INFO -   Max: 1610.585017
2025-12-17 11:55:13,899 - INFO -   Avg: 1609.927928
2025-12-17 11:55:13,899 - INFO -   Std: 0.291192
2025-12-17 11:55:14,744 - INFO - Generation 70
2025-12-17 11:55:14,744 - INFO -   Best: 1608.463132
2025-12-17 11:55:14,744 - INFO -   Min: 1608.463132
2025-12-17 11:55:14,745 - INFO -   Max: 1610.412554
2025-12-17 11:55:14,745 - INFO -   Avg: 1609.936527
2025-12-17 11:55:14,745 - INFO -   Std: 0.288189
2025-12-17 11:55:15,596 - INFO - Generation 80
2025-12-17 11:55:15,596 - INFO -   Best: 1608.309914
2025-12-17 11:55:15,597 - INFO -   Min: 1608.309914
2025-12-17 11:55:15,597 - INFO -   Max: 1610.443654
2025-12-17 11:55:15,597 - INFO -   Avg: 1609.946183
2025-12-17 11:55:15,597 - INFO -   Std: 0.304018
2025-12-17 11:55:16,443 - INFO - Generation 90
2025-12-17 11:55:16,443 - INFO -   Best: 1608.309914
2025-12-17 11:55:16,443 - INFO -   Min: 1608.309914
2025-12-17 11:55:16,443 - INFO -   Max: 1610.528594
2025-12-17 11:55:16,444 - INFO -   Avg: 1609.898274
2025-12-17 11:55:16,444 - INFO -   Std: 0.345258
2025-12-17 11:55:17,292 - INFO - Generation 100
2025-12-17 11:55:17,293 - INFO -   Best: 1608.309914
2025-12-17 11:55:17,293 - INFO -   Min: 1608.309914
2025-12-17 11:55:17,293 - INFO -   Max: 1610.293742
2025-12-17 11:55:17,293 - INFO -   Avg: 1609.943382
2025-12-17 11:55:17,294 - INFO -   Std: 0.271338
2025-12-17 11:55:18,146 - INFO - Generation 110
2025-12-17 11:55:18,147 - INFO -   Best: 1608.309914
2025-12-17 11:55:18,147 - INFO -   Min: 1608.309914
2025-12-17 11:55:18,147 - INFO -   Max: 1610.661527
2025-12-17 11:55:18,147 - INFO -   Avg: 1609.944311
2025-12-17 11:55:18,148 - INFO -   Std: 0.337645
2025-12-17 11:55:19,008 - INFO - Generation 120
2025-12-17 11:55:19,008 - INFO -   Best: 1608.309914
2025-12-17 11:55:19,008 - INFO -   Min: 1608.309914
2025-12-17 11:55:19,009 - INFO -   Max: 1610.723820
2025-12-17 11:55:19,009 - INFO -   Avg: 1609.972487
2025-12-17 11:55:19,009 - INFO -   Std: 0.316618
2025-12-17 11:55:19,872 - INFO - Generation 130
2025-12-17 11:55:19,872 - INFO -   Best: 1608.226760
2025-12-17 11:55:19,872 - INFO -   Min: 1608.226760
2025-12-17 11:55:19,873 - INFO -   Max: 1610.645337
2025-12-17 11:55:19,873 - INFO -   Avg: 1609.960654
2025-12-17 11:55:19,873 - INFO -   Std: 0.358371
2025-12-17 11:55:20,728 - INFO - Generation 140
2025-12-17 11:55:20,728 - INFO -   Best: 1608.226760
2025-12-17 11:55:20,728 - INFO -   Min: 1608.226760
2025-12-17 11:55:20,729 - INFO -   Max: 1610.676944
2025-12-17 11:55:20,729 - INFO -   Avg: 1609.965223
2025-12-17 11:55:20,729 - INFO -   Std: 0.319154
2025-12-17 11:55:21,580 - INFO - Generation 150
2025-12-17 11:55:21,580 - INFO -   Best: 1608.226760
2025-12-17 11:55:21,581 - INFO -   Min: 1608.226760
2025-12-17 11:55:21,581 - INFO -   Max: 1610.512893
2025-12-17 11:55:21,581 - INFO -   Avg: 1609.899032
2025-12-17 11:55:21,581 - INFO -   Std: 0.368155
2025-12-17 11:55:22,434 - INFO - Generation 160
2025-12-17 11:55:22,434 - INFO -   Best: 1608.226760
2025-12-17 11:55:22,434 - INFO -   Min: 1608.226760
2025-12-17 11:55:22,434 - INFO -   Max: 1610.960263
2025-12-17 11:55:22,434 - INFO -   Avg: 1609.966921
2025-12-17 11:55:22,434 - INFO -   Std: 0.366675
2025-12-17 11:55:23,285 - INFO - Generation 170
2025-12-17 11:55:23,285 - INFO -   Best: 1608.226760
2025-12-17 11:55:23,285 - INFO -   Min: 1608.226760
2025-12-17 11:55:23,285 - INFO -   Max: 1610.651359
2025-12-17 11:55:23,286 - INFO -   Avg: 1609.909216
2025-12-17 11:55:23,286 - INFO -   Std: 0.333600
2025-12-17 11:55:24,146 - INFO - Generation 180
2025-12-17 11:55:24,146 - INFO -   Best: 1608.226760
2025-12-17 11:55:24,147 - INFO -   Min: 1608.226760
2025-12-17 11:55:24,147 - INFO -   Max: 1610.436743
2025-12-17 11:55:24,147 - INFO -   Avg: 1609.947589
2025-12-17 11:55:24,147 - INFO -   Std: 0.300486
2025-12-17 11:55:24,998 - INFO - Generation 190
2025-12-17 11:55:24,998 - INFO -   Best: 1608.226760
2025-12-17 11:55:24,999 - INFO -   Min: 1608.226760
2025-12-17 11:55:24,999 - INFO -   Max: 1610.822742
2025-12-17 11:55:24,999 - INFO -   Avg: 1609.945728
2025-12-17 11:55:24,999 - INFO -   Std: 0.331751
2025-12-17 11:55:25,847 - INFO - Generation 200
2025-12-17 11:55:25,848 - INFO -   Best: 1607.910397
2025-12-17 11:55:25,848 - INFO -   Min: 1607.910397
2025-12-17 11:55:25,848 - INFO -   Max: 1611.186526
2025-12-17 11:55:25,848 - INFO -   Avg: 1609.878101
2025-12-17 11:55:25,848 - INFO -   Std: 0.442299
2025-12-17 11:55:25,872 - INFO - 
Final best fitness: 1607.9103970210
2025-12-17 11:55:25,872 - INFO - Execution time: 17.12s
