2025-12-17 12:16:05,629 - INFO - Representation: Binary
2025-12-17 12:16:05,630 - INFO - Bits per variable: 12
2025-12-17 12:16:05,630 - INFO - Total genes: 360
2025-12-17 12:16:05,630 - INFO - Function: f16_2014
2025-12-17 12:16:05,630 - INFO - Population size: 100
2025-12-17 12:16:05,630 - INFO - Generations: 200
2025-12-17 12:16:05,630 - INFO - Selection: rws
2025-12-17 12:16:05,630 - INFO - Crossover: two_points
2025-12-17 12:16:05,630 - INFO - Mutation: swap
2025-12-17 12:16:05,631 - INFO - 
2025-12-17 12:16:06,814 - INFO - Generation 10
2025-12-17 12:16:06,814 - INFO -   Best: 1613.883786
2025-12-17 12:16:06,814 - INFO -   Min: 1613.883786
2025-12-17 12:16:06,814 - INFO -   Max: 1615.920172
2025-12-17 12:16:06,815 - INFO -   Avg: 1614.954630
2025-12-17 12:16:06,815 - INFO -   Std: 0.287570
2025-12-17 12:16:07,342 - INFO - Generation 20
2025-12-17 12:16:07,342 - INFO -   Best: 1613.883786
2025-12-17 12:16:07,342 - INFO -   Min: 1613.883786
2025-12-17 12:16:07,342 - INFO -   Max: 1615.729567
2025-12-17 12:16:07,342 - INFO -   Avg: 1614.949740
2025-12-17 12:16:07,343 - INFO -   Std: 0.294358
2025-12-17 12:16:07,868 - INFO - Generation 30
2025-12-17 12:16:07,868 - INFO -   Best: 1613.883786
2025-12-17 12:16:07,868 - INFO -   Min: 1613.883786
2025-12-17 12:16:07,868 - INFO -   Max: 1615.835066
2025-12-17 12:16:07,868 - INFO -   Avg: 1615.026577
2025-12-17 12:16:07,869 - INFO -   Std: 0.339134
2025-12-17 12:16:08,383 - INFO - Generation 40
2025-12-17 12:16:08,383 - INFO -   Best: 1613.807032
2025-12-17 12:16:08,383 - INFO -   Min: 1613.807032
2025-12-17 12:16:08,384 - INFO -   Max: 1615.747144
2025-12-17 12:16:08,384 - INFO -   Avg: 1614.953379
2025-12-17 12:16:08,384 - INFO -   Std: 0.307364
2025-12-17 12:16:08,900 - INFO - Generation 50
2025-12-17 12:16:08,901 - INFO -   Best: 1613.807032
2025-12-17 12:16:08,901 - INFO -   Min: 1613.807032
2025-12-17 12:16:08,901 - INFO -   Max: 1615.965964
2025-12-17 12:16:08,901 - INFO -   Avg: 1614.984229
2025-12-17 12:16:08,901 - INFO -   Std: 0.369543
2025-12-17 12:16:09,419 - INFO - Generation 60
2025-12-17 12:16:09,419 - INFO -   Best: 1613.513801
2025-12-17 12:16:09,419 - INFO -   Min: 1613.513801
2025-12-17 12:16:09,420 - INFO -   Max: 1615.871237
2025-12-17 12:16:09,420 - INFO -   Avg: 1614.964573
2025-12-17 12:16:09,420 - INFO -   Std: 0.329961
2025-12-17 12:16:09,936 - INFO - Generation 70
2025-12-17 12:16:09,936 - INFO -   Best: 1613.421033
2025-12-17 12:16:09,936 - INFO -   Min: 1613.421033
2025-12-17 12:16:09,937 - INFO -   Max: 1615.818750
2025-12-17 12:16:09,937 - INFO -   Avg: 1614.945030
2025-12-17 12:16:09,937 - INFO -   Std: 0.368490
2025-12-17 12:16:10,452 - INFO - Generation 80
2025-12-17 12:16:10,452 - INFO -   Best: 1613.421033
2025-12-17 12:16:10,452 - INFO -   Min: 1613.421033
2025-12-17 12:16:10,452 - INFO -   Max: 1615.999721
2025-12-17 12:16:10,453 - INFO -   Avg: 1614.986128
2025-12-17 12:16:10,453 - INFO -   Std: 0.435017
2025-12-17 12:16:10,968 - INFO - Generation 90
2025-12-17 12:16:10,968 - INFO -   Best: 1613.421033
2025-12-17 12:16:10,968 - INFO -   Min: 1613.421033
2025-12-17 12:16:10,968 - INFO -   Max: 1615.967975
2025-12-17 12:16:10,969 - INFO -   Avg: 1615.010121
2025-12-17 12:16:10,969 - INFO -   Std: 0.374876
2025-12-17 12:16:11,482 - INFO - Generation 100
2025-12-17 12:16:11,482 - INFO -   Best: 1613.421033
2025-12-17 12:16:11,482 - INFO -   Min: 1613.421033
2025-12-17 12:16:11,482 - INFO -   Max: 1615.883609
2025-12-17 12:16:11,483 - INFO -   Avg: 1614.877332
2025-12-17 12:16:11,483 - INFO -   Std: 0.414833
2025-12-17 12:16:11,998 - INFO - Generation 110
2025-12-17 12:16:11,998 - INFO -   Best: 1613.421033
2025-12-17 12:16:11,998 - INFO -   Min: 1613.421033
2025-12-17 12:16:11,999 - INFO -   Max: 1615.956127
2025-12-17 12:16:11,999 - INFO -   Avg: 1614.979982
2025-12-17 12:16:11,999 - INFO -   Std: 0.406802
2025-12-17 12:16:12,511 - INFO - Generation 120
2025-12-17 12:16:12,511 - INFO -   Best: 1613.421033
2025-12-17 12:16:12,512 - INFO -   Min: 1613.421033
2025-12-17 12:16:12,512 - INFO -   Max: 1615.840617
2025-12-17 12:16:12,513 - INFO -   Avg: 1614.912907
2025-12-17 12:16:12,513 - INFO -   Std: 0.385334
2025-12-17 12:16:13,027 - INFO - Generation 130
2025-12-17 12:16:13,028 - INFO -   Best: 1613.343608
2025-12-17 12:16:13,028 - INFO -   Min: 1613.343608
2025-12-17 12:16:13,028 - INFO -   Max: 1615.804001
2025-12-17 12:16:13,028 - INFO -   Avg: 1614.890227
2025-12-17 12:16:13,028 - INFO -   Std: 0.414748
2025-12-17 12:16:13,546 - INFO - Generation 140
2025-12-17 12:16:13,547 - INFO -   Best: 1613.343608
2025-12-17 12:16:13,547 - INFO -   Min: 1613.343608
2025-12-17 12:16:13,547 - INFO -   Max: 1615.969382
2025-12-17 12:16:13,548 - INFO -   Avg: 1614.956664
2025-12-17 12:16:13,548 - INFO -   Std: 0.368274
2025-12-17 12:16:14,073 - INFO - Generation 150
2025-12-17 12:16:14,074 - INFO -   Best: 1613.343608
2025-12-17 12:16:14,074 - INFO -   Min: 1613.343608
2025-12-17 12:16:14,074 - INFO -   Max: 1615.899216
2025-12-17 12:16:14,074 - INFO -   Avg: 1615.023452
2025-12-17 12:16:14,074 - INFO -   Std: 0.380073
2025-12-17 12:16:14,598 - INFO - Generation 160
2025-12-17 12:16:14,599 - INFO -   Best: 1613.343608
2025-12-17 12:16:14,599 - INFO -   Min: 1613.343608
2025-12-17 12:16:14,599 - INFO -   Max: 1616.016603
2025-12-17 12:16:14,599 - INFO -   Avg: 1614.972388
2025-12-17 12:16:14,599 - INFO -   Std: 0.347277
2025-12-17 12:16:15,128 - INFO - Generation 170
2025-12-17 12:16:15,128 - INFO -   Best: 1613.343608
2025-12-17 12:16:15,129 - INFO -   Min: 1613.343608
2025-12-17 12:16:15,129 - INFO -   Max: 1615.980748
2025-12-17 12:16:15,129 - INFO -   Avg: 1614.901351
2025-12-17 12:16:15,129 - INFO -   Std: 0.410441
2025-12-17 12:16:15,673 - INFO - Generation 180
2025-12-17 12:16:15,674 - INFO -   Best: 1613.343608
2025-12-17 12:16:15,674 - INFO -   Min: 1613.343608
2025-12-17 12:16:15,674 - INFO -   Max: 1615.813043
2025-12-17 12:16:15,674 - INFO -   Avg: 1614.976555
2025-12-17 12:16:15,675 - INFO -   Std: 0.351327
2025-12-17 12:16:16,211 - INFO - Generation 190
2025-12-17 12:16:16,211 - INFO -   Best: 1613.343608
2025-12-17 12:16:16,211 - INFO -   Min: 1613.343608
2025-12-17 12:16:16,211 - INFO -   Max: 1615.808103
2025-12-17 12:16:16,212 - INFO -   Avg: 1614.884236
2025-12-17 12:16:16,212 - INFO -   Std: 0.404134
2025-12-17 12:16:16,748 - INFO - Generation 200
2025-12-17 12:16:16,748 - INFO -   Best: 1613.343608
2025-12-17 12:16:16,749 - INFO -   Min: 1613.343608
2025-12-17 12:16:16,749 - INFO -   Max: 1615.903695
2025-12-17 12:16:16,749 - INFO -   Avg: 1614.979467
2025-12-17 12:16:16,749 - INFO -   Std: 0.394251
2025-12-17 12:16:16,785 - INFO - 
Final best fitness: 1613.3436084184
2025-12-17 12:16:16,785 - INFO - Execution time: 10.50s
