2025-12-17 12:19:14,862 - INFO - Representation: Real
2025-12-17 12:19:14,862 - INFO - Number of genes: 30
2025-12-17 12:19:14,862 - INFO - Bounds: [-100, 100]
2025-12-17 12:19:14,862 - INFO - Function: f16_2014
2025-12-17 12:19:14,863 - INFO - Population size: 100
2025-12-17 12:19:14,863 - INFO - Generations: 200
2025-12-17 12:19:14,863 - INFO - Selection: rws
2025-12-17 12:19:14,863 - INFO - Crossover: two_points
2025-12-17 12:19:14,863 - INFO - Mutation: swap
2025-12-17 12:19:14,863 - INFO - 
2025-12-17 12:19:15,330 - INFO - Generation 10
2025-12-17 12:19:15,330 - INFO -   Best: 1613.414087
2025-12-17 12:19:15,331 - INFO -   Min: 1613.414087
2025-12-17 12:19:15,331 - INFO -   Max: 1615.932783
2025-12-17 12:19:15,331 - INFO -   Avg: 1614.976185
2025-12-17 12:19:15,331 - INFO -   Std: 0.332824
2025-12-17 12:19:15,687 - INFO - Generation 20
2025-12-17 12:19:15,687 - INFO -   Best: 1613.414087
2025-12-17 12:19:15,688 - INFO -   Min: 1613.414087
2025-12-17 12:19:15,688 - INFO -   Max: 1615.623436
2025-12-17 12:19:15,688 - INFO -   Avg: 1614.964677
2025-12-17 12:19:15,688 - INFO -   Std: 0.301726
2025-12-17 12:19:16,047 - INFO - Generation 30
2025-12-17 12:19:16,047 - INFO -   Best: 1613.414087
2025-12-17 12:19:16,047 - INFO -   Min: 1613.414087
2025-12-17 12:19:16,048 - INFO -   Max: 1615.978954
2025-12-17 12:19:16,048 - INFO -   Avg: 1614.967763
2025-12-17 12:19:16,048 - INFO -   Std: 0.386897
2025-12-17 12:19:16,405 - INFO - Generation 40
2025-12-17 12:19:16,405 - INFO -   Best: 1613.414087
2025-12-17 12:19:16,405 - INFO -   Min: 1613.414087
2025-12-17 12:19:16,405 - INFO -   Max: 1615.977587
2025-12-17 12:19:16,405 - INFO -   Avg: 1614.954999
2025-12-17 12:19:16,406 - INFO -   Std: 0.375714
2025-12-17 12:19:16,763 - INFO - Generation 50
2025-12-17 12:19:16,763 - INFO -   Best: 1613.414087
2025-12-17 12:19:16,763 - INFO -   Min: 1613.414087
2025-12-17 12:19:16,763 - INFO -   Max: 1615.865937
2025-12-17 12:19:16,764 - INFO -   Avg: 1614.898864
2025-12-17 12:19:16,764 - INFO -   Std: 0.438925
2025-12-17 12:19:17,120 - INFO - Generation 60
2025-12-17 12:19:17,120 - INFO -   Best: 1613.126093
2025-12-17 12:19:17,120 - INFO -   Min: 1613.126093
2025-12-17 12:19:17,120 - INFO -   Max: 1616.450226
2025-12-17 12:19:17,120 - INFO -   Avg: 1614.884073
2025-12-17 12:19:17,121 - INFO -   Std: 0.514009
2025-12-17 12:19:17,473 - INFO - Generation 70
2025-12-17 12:19:17,473 - INFO -   Best: 1613.126093
2025-12-17 12:19:17,474 - INFO -   Min: 1613.126093
2025-12-17 12:19:17,474 - INFO -   Max: 1615.760928
2025-12-17 12:19:17,474 - INFO -   Avg: 1614.926657
2025-12-17 12:19:17,474 - INFO -   Std: 0.374304
2025-12-17 12:19:17,830 - INFO - Generation 80
2025-12-17 12:19:17,831 - INFO -   Best: 1613.126093
2025-12-17 12:19:17,831 - INFO -   Min: 1613.126093
2025-12-17 12:19:17,831 - INFO -   Max: 1615.778830
2025-12-17 12:19:17,831 - INFO -   Avg: 1614.922045
2025-12-17 12:19:17,831 - INFO -   Std: 0.412490
2025-12-17 12:19:18,181 - INFO - Generation 90
2025-12-17 12:19:18,181 - INFO -   Best: 1613.126093
2025-12-17 12:19:18,181 - INFO -   Min: 1613.126093
2025-12-17 12:19:18,181 - INFO -   Max: 1615.808130
2025-12-17 12:19:18,181 - INFO -   Avg: 1614.984934
2025-12-17 12:19:18,182 - INFO -   Std: 0.396207
2025-12-17 12:19:18,538 - INFO - Generation 100
2025-12-17 12:19:18,538 - INFO -   Best: 1613.126093
2025-12-17 12:19:18,538 - INFO -   Min: 1613.126093
2025-12-17 12:19:18,538 - INFO -   Max: 1616.518490
2025-12-17 12:19:18,538 - INFO -   Avg: 1614.933455
2025-12-17 12:19:18,539 - INFO -   Std: 0.439690
2025-12-17 12:19:18,895 - INFO - Generation 110
2025-12-17 12:19:18,895 - INFO -   Best: 1613.126093
2025-12-17 12:19:18,895 - INFO -   Min: 1613.126093
2025-12-17 12:19:18,895 - INFO -   Max: 1615.933511
2025-12-17 12:19:18,896 - INFO -   Avg: 1614.951791
2025-12-17 12:19:18,896 - INFO -   Std: 0.455179
2025-12-17 12:19:19,248 - INFO - Generation 120
2025-12-17 12:19:19,248 - INFO -   Best: 1613.126093
2025-12-17 12:19:19,249 - INFO -   Min: 1613.126093
2025-12-17 12:19:19,249 - INFO -   Max: 1616.111443
2025-12-17 12:19:19,249 - INFO -   Avg: 1614.933799
2025-12-17 12:19:19,249 - INFO -   Std: 0.485297
2025-12-17 12:19:19,602 - INFO - Generation 130
2025-12-17 12:19:19,602 - INFO -   Best: 1613.126093
2025-12-17 12:19:19,603 - INFO -   Min: 1613.126093
2025-12-17 12:19:19,603 - INFO -   Max: 1616.123355
2025-12-17 12:19:19,603 - INFO -   Avg: 1614.984386
2025-12-17 12:19:19,603 - INFO -   Std: 0.421887
2025-12-17 12:19:19,963 - INFO - Generation 140
2025-12-17 12:19:19,963 - INFO -   Best: 1613.126093
2025-12-17 12:19:19,963 - INFO -   Min: 1613.126093
2025-12-17 12:19:19,963 - INFO -   Max: 1616.361985
2025-12-17 12:19:19,964 - INFO -   Avg: 1615.009716
2025-12-17 12:19:19,964 - INFO -   Std: 0.432160
2025-12-17 12:19:20,316 - INFO - Generation 150
2025-12-17 12:19:20,317 - INFO -   Best: 1613.126093
2025-12-17 12:19:20,317 - INFO -   Min: 1613.126093
2025-12-17 12:19:20,317 - INFO -   Max: 1615.851894
2025-12-17 12:19:20,317 - INFO -   Avg: 1614.867539
2025-12-17 12:19:20,317 - INFO -   Std: 0.476597
2025-12-17 12:19:20,667 - INFO - Generation 160
2025-12-17 12:19:20,668 - INFO -   Best: 1613.126093
2025-12-17 12:19:20,668 - INFO -   Min: 1613.126093
2025-12-17 12:19:20,668 - INFO -   Max: 1616.276578
2025-12-17 12:19:20,668 - INFO -   Avg: 1614.958517
2025-12-17 12:19:20,668 - INFO -   Std: 0.490045
2025-12-17 12:19:21,021 - INFO - Generation 170
2025-12-17 12:19:21,022 - INFO -   Best: 1613.126093
2025-12-17 12:19:21,022 - INFO -   Min: 1613.126093
2025-12-17 12:19:21,022 - INFO -   Max: 1615.965404
2025-12-17 12:19:21,022 - INFO -   Avg: 1614.958002
2025-12-17 12:19:21,022 - INFO -   Std: 0.472893
2025-12-17 12:19:21,377 - INFO - Generation 180
2025-12-17 12:19:21,377 - INFO -   Best: 1613.126093
2025-12-17 12:19:21,378 - INFO -   Min: 1613.126093
2025-12-17 12:19:21,378 - INFO -   Max: 1616.146588
2025-12-17 12:19:21,378 - INFO -   Avg: 1614.816653
2025-12-17 12:19:21,378 - INFO -   Std: 0.540259
2025-12-17 12:19:21,732 - INFO - Generation 190
2025-12-17 12:19:21,732 - INFO -   Best: 1613.126093
2025-12-17 12:19:21,732 - INFO -   Min: 1613.126093
2025-12-17 12:19:21,733 - INFO -   Max: 1615.857416
2025-12-17 12:19:21,733 - INFO -   Avg: 1614.745431
2025-12-17 12:19:21,733 - INFO -   Std: 0.487296
2025-12-17 12:19:22,086 - INFO - Generation 200
2025-12-17 12:19:22,087 - INFO -   Best: 1613.126093
2025-12-17 12:19:22,087 - INFO -   Min: 1613.126093
2025-12-17 12:19:22,087 - INFO -   Max: 1615.809265
2025-12-17 12:19:22,087 - INFO -   Avg: 1614.775939
2025-12-17 12:19:22,087 - INFO -   Std: 0.522953
2025-12-17 12:19:22,110 - INFO - 
Final best fitness: 1613.1260929647
2025-12-17 12:19:22,110 - INFO - Execution time: 7.17s
