2025-12-17 12:12:01,310 - INFO - Representation: Binary
2025-12-17 12:12:01,310 - INFO - Bits per variable: 12
2025-12-17 12:12:01,310 - INFO - Total genes: 120
2025-12-17 12:12:01,310 - INFO - Function: f16_2014
2025-12-17 12:12:01,310 - INFO - Population size: 100
2025-12-17 12:12:01,311 - INFO - Generations: 200
2025-12-17 12:12:01,311 - INFO - Selection: rws
2025-12-17 12:12:01,311 - INFO - Crossover: two_points
2025-12-17 12:12:01,311 - INFO - Mutation: swap
2025-12-17 12:12:01,311 - INFO - 
2025-12-17 12:12:01,737 - INFO - Generation 10
2025-12-17 12:12:01,737 - INFO -   Best: 1604.263724
2025-12-17 12:12:01,737 - INFO -   Min: 1604.263724
2025-12-17 12:12:01,737 - INFO -   Max: 1605.781275
2025-12-17 12:12:01,737 - INFO -   Avg: 1605.012101
2025-12-17 12:12:01,739 - INFO -   Std: 0.209081
2025-12-17 12:12:01,948 - INFO - Generation 20
2025-12-17 12:12:01,948 - INFO -   Best: 1603.990461
2025-12-17 12:12:01,948 - INFO -   Min: 1603.990461
2025-12-17 12:12:01,948 - INFO -   Max: 1605.464741
2025-12-17 12:12:01,948 - INFO -   Avg: 1604.944142
2025-12-17 12:12:01,949 - INFO -   Std: 0.203069
2025-12-17 12:12:02,157 - INFO - Generation 30
2025-12-17 12:12:02,158 - INFO -   Best: 1603.990461
2025-12-17 12:12:02,158 - INFO -   Min: 1603.990461
2025-12-17 12:12:02,158 - INFO -   Max: 1605.760055
2025-12-17 12:12:02,158 - INFO -   Avg: 1604.984858
2025-12-17 12:12:02,158 - INFO -   Std: 0.266263
2025-12-17 12:12:02,367 - INFO - Generation 40
2025-12-17 12:12:02,368 - INFO -   Best: 1603.978209
2025-12-17 12:12:02,368 - INFO -   Min: 1603.978209
2025-12-17 12:12:02,368 - INFO -   Max: 1605.724496
2025-12-17 12:12:02,368 - INFO -   Avg: 1605.007020
2025-12-17 12:12:02,368 - INFO -   Std: 0.272909
2025-12-17 12:12:02,580 - INFO - Generation 50
2025-12-17 12:12:02,580 - INFO -   Best: 1603.916612
2025-12-17 12:12:02,580 - INFO -   Min: 1603.916612
2025-12-17 12:12:02,581 - INFO -   Max: 1605.822501
2025-12-17 12:12:02,581 - INFO -   Avg: 1604.986739
2025-12-17 12:12:02,581 - INFO -   Std: 0.249166
2025-12-17 12:12:02,794 - INFO - Generation 60
2025-12-17 12:12:02,794 - INFO -   Best: 1603.916612
2025-12-17 12:12:02,795 - INFO -   Min: 1603.916612
2025-12-17 12:12:02,795 - INFO -   Max: 1605.801363
2025-12-17 12:12:02,795 - INFO -   Avg: 1604.998048
2025-12-17 12:12:02,795 - INFO -   Std: 0.270015
2025-12-17 12:12:03,009 - INFO - Generation 70
2025-12-17 12:12:03,009 - INFO -   Best: 1603.916612
2025-12-17 12:12:03,010 - INFO -   Min: 1603.916612
2025-12-17 12:12:03,010 - INFO -   Max: 1605.487435
2025-12-17 12:12:03,010 - INFO -   Avg: 1604.965508
2025-12-17 12:12:03,010 - INFO -   Std: 0.256785
2025-12-17 12:12:03,223 - INFO - Generation 80
2025-12-17 12:12:03,223 - INFO -   Best: 1603.916612
2025-12-17 12:12:03,223 - INFO -   Min: 1603.916612
2025-12-17 12:12:03,223 - INFO -   Max: 1605.641356
2025-12-17 12:12:03,224 - INFO -   Avg: 1604.920276
2025-12-17 12:12:03,224 - INFO -   Std: 0.279734
2025-12-17 12:12:03,438 - INFO - Generation 90
2025-12-17 12:12:03,438 - INFO -   Best: 1603.835221
2025-12-17 12:12:03,439 - INFO -   Min: 1603.835221
2025-12-17 12:12:03,439 - INFO -   Max: 1605.667541
2025-12-17 12:12:03,439 - INFO -   Avg: 1604.932805
2025-12-17 12:12:03,439 - INFO -   Std: 0.269562
2025-12-17 12:12:03,651 - INFO - Generation 100
2025-12-17 12:12:03,651 - INFO -   Best: 1603.785499
2025-12-17 12:12:03,651 - INFO -   Min: 1603.785499
2025-12-17 12:12:03,651 - INFO -   Max: 1605.371688
2025-12-17 12:12:03,652 - INFO -   Avg: 1604.960259
2025-12-17 12:12:03,652 - INFO -   Std: 0.217738
2025-12-17 12:12:03,866 - INFO - Generation 110
2025-12-17 12:12:03,866 - INFO -   Best: 1603.785499
2025-12-17 12:12:03,867 - INFO -   Min: 1603.785499
2025-12-17 12:12:03,867 - INFO -   Max: 1605.527728
2025-12-17 12:12:03,867 - INFO -   Avg: 1604.938048
2025-12-17 12:12:03,867 - INFO -   Std: 0.306918
2025-12-17 12:12:04,081 - INFO - Generation 120
2025-12-17 12:12:04,082 - INFO -   Best: 1603.785499
2025-12-17 12:12:04,082 - INFO -   Min: 1603.785499
2025-12-17 12:12:04,082 - INFO -   Max: 1606.106599
2025-12-17 12:12:04,082 - INFO -   Avg: 1604.957088
2025-12-17 12:12:04,082 - INFO -   Std: 0.325933
2025-12-17 12:12:04,300 - INFO - Generation 130
2025-12-17 12:12:04,300 - INFO -   Best: 1603.785499
2025-12-17 12:12:04,300 - INFO -   Min: 1603.785499
2025-12-17 12:12:04,300 - INFO -   Max: 1605.758497
2025-12-17 12:12:04,301 - INFO -   Avg: 1604.902441
2025-12-17 12:12:04,301 - INFO -   Std: 0.336757
2025-12-17 12:12:04,527 - INFO - Generation 140
2025-12-17 12:12:04,527 - INFO -   Best: 1603.727417
2025-12-17 12:12:04,527 - INFO -   Min: 1603.727417
2025-12-17 12:12:04,527 - INFO -   Max: 1605.763920
2025-12-17 12:12:04,527 - INFO -   Avg: 1604.957247
2025-12-17 12:12:04,528 - INFO -   Std: 0.327840
2025-12-17 12:12:04,762 - INFO - Generation 150
2025-12-17 12:12:04,762 - INFO -   Best: 1603.691311
2025-12-17 12:12:04,762 - INFO -   Min: 1603.691311
2025-12-17 12:12:04,762 - INFO -   Max: 1605.976416
2025-12-17 12:12:04,762 - INFO -   Avg: 1604.951623
2025-12-17 12:12:04,763 - INFO -   Std: 0.375264
2025-12-17 12:12:04,982 - INFO - Generation 160
2025-12-17 12:12:04,982 - INFO -   Best: 1603.691311
2025-12-17 12:12:04,982 - INFO -   Min: 1603.691311
2025-12-17 12:12:04,982 - INFO -   Max: 1605.749424
2025-12-17 12:12:04,983 - INFO -   Avg: 1605.036690
2025-12-17 12:12:04,983 - INFO -   Std: 0.338134
2025-12-17 12:12:05,204 - INFO - Generation 170
2025-12-17 12:12:05,205 - INFO -   Best: 1603.292382
2025-12-17 12:12:05,205 - INFO -   Min: 1603.292382
2025-12-17 12:12:05,205 - INFO -   Max: 1605.682275
2025-12-17 12:12:05,205 - INFO -   Avg: 1604.824601
2025-12-17 12:12:05,205 - INFO -   Std: 0.453076
2025-12-17 12:12:05,429 - INFO - Generation 180
2025-12-17 12:12:05,429 - INFO -   Best: 1603.292382
2025-12-17 12:12:05,429 - INFO -   Min: 1603.292382
2025-12-17 12:12:05,430 - INFO -   Max: 1605.939949
2025-12-17 12:12:05,430 - INFO -   Avg: 1604.911856
2025-12-17 12:12:05,430 - INFO -   Std: 0.394060
2025-12-17 12:12:05,657 - INFO - Generation 190
2025-12-17 12:12:05,658 - INFO -   Best: 1603.268626
2025-12-17 12:12:05,658 - INFO -   Min: 1603.268626
2025-12-17 12:12:05,658 - INFO -   Max: 1605.667962
2025-12-17 12:12:05,658 - INFO -   Avg: 1604.878200
2025-12-17 12:12:05,658 - INFO -   Std: 0.445815
2025-12-17 12:12:05,883 - INFO - Generation 200
2025-12-17 12:12:05,884 - INFO -   Best: 1603.268626
2025-12-17 12:12:05,884 - INFO -   Min: 1603.268626
2025-12-17 12:12:05,884 - INFO -   Max: 1605.580840
2025-12-17 12:12:05,884 - INFO -   Avg: 1604.868816
2025-12-17 12:12:05,884 - INFO -   Std: 0.420290
2025-12-17 12:12:05,900 - INFO - 
Final best fitness: 1603.2686256509
2025-12-17 12:12:05,900 - INFO - Execution time: 4.37s
