2025-12-17 11:26:50,417 - INFO - Representation: Real
2025-12-17 11:26:50,417 - INFO - Number of genes: 2
2025-12-17 11:26:50,417 - INFO - Bounds: [0, 3.141592653589793]
2025-12-17 11:26:50,418 - INFO - Function: michalewicz
2025-12-17 11:26:50,418 - INFO - Population size: 100
2025-12-17 11:26:50,420 - INFO - Generations: 200
2025-12-17 11:26:50,420 - INFO - Selection: tournament
2025-12-17 11:26:50,421 - INFO - Crossover: single_point
2025-12-17 11:26:50,421 - INFO - Mutation: random
2025-12-17 11:26:50,421 - INFO - 
2025-12-17 11:26:50,490 - INFO - Generation 10
2025-12-17 11:26:50,490 - INFO -   Best: -1.796046
2025-12-17 11:26:50,491 - INFO -   Min: -1.796046
2025-12-17 11:26:50,491 - INFO -   Max: 0.141266
2025-12-17 11:26:50,491 - INFO -   Avg: -1.578614
2025-12-17 11:26:50,492 - INFO -   Std: 0.431618
2025-12-17 11:26:50,539 - INFO - Generation 20
2025-12-17 11:26:50,539 - INFO -   Best: -1.799381
2025-12-17 11:26:50,539 - INFO -   Min: -1.799381
2025-12-17 11:26:50,540 - INFO -   Max: -0.533227
2025-12-17 11:26:50,540 - INFO -   Avg: -1.647884
2025-12-17 11:26:50,540 - INFO -   Std: 0.349328
2025-12-17 11:26:50,586 - INFO - Generation 30
2025-12-17 11:26:50,586 - INFO -   Best: -1.799664
2025-12-17 11:26:50,586 - INFO -   Min: -1.799664
2025-12-17 11:26:50,586 - INFO -   Max: 0.106498
2025-12-17 11:26:50,587 - INFO -   Avg: -1.606077
2025-12-17 11:26:50,587 - INFO -   Std: 0.471087
2025-12-17 11:26:50,625 - INFO - Generation 40
2025-12-17 11:26:50,625 - INFO -   Best: -1.800875
2025-12-17 11:26:50,626 - INFO -   Min: -1.800875
2025-12-17 11:26:50,626 - INFO -   Max: 0.000023
2025-12-17 11:26:50,626 - INFO -   Avg: -1.599789
2025-12-17 11:26:50,626 - INFO -   Std: 0.400079
2025-12-17 11:26:50,660 - INFO - Generation 50
2025-12-17 11:26:50,660 - INFO -   Best: -1.800875
2025-12-17 11:26:50,660 - INFO -   Min: -1.800875
2025-12-17 11:26:50,660 - INFO -   Max: 0.000000
2025-12-17 11:26:50,660 - INFO -   Avg: -1.676827
2025-12-17 11:26:50,661 - INFO -   Std: 0.348227
2025-12-17 11:26:50,696 - INFO - Generation 60
2025-12-17 11:26:50,697 - INFO -   Best: -1.800875
2025-12-17 11:26:50,697 - INFO -   Min: -1.800875
2025-12-17 11:26:50,697 - INFO -   Max: 0.057725
2025-12-17 11:26:50,697 - INFO -   Avg: -1.584440
2025-12-17 11:26:50,697 - INFO -   Std: 0.425276
2025-12-17 11:26:50,736 - INFO - Generation 70
2025-12-17 11:26:50,737 - INFO -   Best: -1.800875
2025-12-17 11:26:50,737 - INFO -   Min: -1.800875
2025-12-17 11:26:50,737 - INFO -   Max: 0.048212
2025-12-17 11:26:50,737 - INFO -   Avg: -1.599882
2025-12-17 11:26:50,737 - INFO -   Std: 0.402854
2025-12-17 11:26:50,772 - INFO - Generation 80
2025-12-17 11:26:50,772 - INFO -   Best: -1.800875
2025-12-17 11:26:50,773 - INFO -   Min: -1.800875
2025-12-17 11:26:50,773 - INFO -   Max: -0.170619
2025-12-17 11:26:50,773 - INFO -   Avg: -1.623457
2025-12-17 11:26:50,773 - INFO -   Std: 0.394746
2025-12-17 11:26:50,808 - INFO - Generation 90
2025-12-17 11:26:50,808 - INFO -   Best: -1.800875
2025-12-17 11:26:50,808 - INFO -   Min: -1.800875
2025-12-17 11:26:50,809 - INFO -   Max: 0.018015
2025-12-17 11:26:50,809 - INFO -   Avg: -1.631556
2025-12-17 11:26:50,809 - INFO -   Std: 0.378481
2025-12-17 11:26:50,842 - INFO - Generation 100
2025-12-17 11:26:50,842 - INFO -   Best: -1.800875
2025-12-17 11:26:50,842 - INFO -   Min: -1.800875
2025-12-17 11:26:50,843 - INFO -   Max: 0.004315
2025-12-17 11:26:50,843 - INFO -   Avg: -1.617921
2025-12-17 11:26:50,843 - INFO -   Std: 0.411868
2025-12-17 11:26:50,878 - INFO - Generation 110
2025-12-17 11:26:50,878 - INFO -   Best: -1.800885
2025-12-17 11:26:50,878 - INFO -   Min: -1.800885
2025-12-17 11:26:50,879 - INFO -   Max: 0.967472
2025-12-17 11:26:50,879 - INFO -   Avg: -1.585314
2025-12-17 11:26:50,879 - INFO -   Std: 0.460697
2025-12-17 11:26:50,915 - INFO - Generation 120
2025-12-17 11:26:50,915 - INFO -   Best: -1.800885
2025-12-17 11:26:50,915 - INFO -   Min: -1.800885
2025-12-17 11:26:50,916 - INFO -   Max: 0.008269
2025-12-17 11:26:50,916 - INFO -   Avg: -1.681441
2025-12-17 11:26:50,916 - INFO -   Std: 0.328526
2025-12-17 11:26:50,956 - INFO - Generation 130
2025-12-17 11:26:50,956 - INFO -   Best: -1.800885
2025-12-17 11:26:50,956 - INFO -   Min: -1.800885
2025-12-17 11:26:50,956 - INFO -   Max: -0.371691
2025-12-17 11:26:50,956 - INFO -   Avg: -1.625295
2025-12-17 11:26:50,957 - INFO -   Std: 0.376236
2025-12-17 11:26:50,991 - INFO - Generation 140
2025-12-17 11:26:50,991 - INFO -   Best: -1.800885
2025-12-17 11:26:50,991 - INFO -   Min: -1.800885
2025-12-17 11:26:50,992 - INFO -   Max: -0.052157
2025-12-17 11:26:50,992 - INFO -   Avg: -1.681325
2025-12-17 11:26:50,992 - INFO -   Std: 0.327264
2025-12-17 11:26:51,031 - INFO - Generation 150
2025-12-17 11:26:51,031 - INFO -   Best: -1.800885
2025-12-17 11:26:51,031 - INFO -   Min: -1.800885
2025-12-17 11:26:51,032 - INFO -   Max: 0.119734
2025-12-17 11:26:51,032 - INFO -   Avg: -1.589545
2025-12-17 11:26:51,032 - INFO -   Std: 0.415480
2025-12-17 11:26:51,068 - INFO - Generation 160
2025-12-17 11:26:51,069 - INFO -   Best: -1.800885
2025-12-17 11:26:51,069 - INFO -   Min: -1.800885
2025-12-17 11:26:51,069 - INFO -   Max: -0.454019
2025-12-17 11:26:51,069 - INFO -   Avg: -1.651009
2025-12-17 11:26:51,069 - INFO -   Std: 0.343422
2025-12-17 11:26:51,107 - INFO - Generation 170
2025-12-17 11:26:51,107 - INFO -   Best: -1.800885
2025-12-17 11:26:51,107 - INFO -   Min: -1.800885
2025-12-17 11:26:51,107 - INFO -   Max: 0.003597
2025-12-17 11:26:51,107 - INFO -   Avg: -1.672858
2025-12-17 11:26:51,108 - INFO -   Std: 0.364256
2025-12-17 11:26:51,142 - INFO - Generation 180
2025-12-17 11:26:51,143 - INFO -   Best: -1.800885
2025-12-17 11:26:51,143 - INFO -   Min: -1.800885
2025-12-17 11:26:51,143 - INFO -   Max: 0.000065
2025-12-17 11:26:51,143 - INFO -   Avg: -1.604706
2025-12-17 11:26:51,144 - INFO -   Std: 0.391648
2025-12-17 11:26:51,186 - INFO - Generation 190
2025-12-17 11:26:51,186 - INFO -   Best: -1.800885
2025-12-17 11:26:51,186 - INFO -   Min: -1.800885
2025-12-17 11:26:51,186 - INFO -   Max: 0.124702
2025-12-17 11:26:51,187 - INFO -   Avg: -1.626762
2025-12-17 11:26:51,187 - INFO -   Std: 0.390762
2025-12-17 11:26:51,223 - INFO - Generation 200
2025-12-17 11:26:51,223 - INFO -   Best: -1.800885
2025-12-17 11:26:51,223 - INFO -   Min: -1.800885
2025-12-17 11:26:51,224 - INFO -   Max: 0.797988
2025-12-17 11:26:51,224 - INFO -   Avg: -1.601010
2025-12-17 11:26:51,224 - INFO -   Std: 0.492840
2025-12-17 11:26:51,227 - INFO - 
Final best fitness: -1.8008852407
2025-12-17 11:26:51,227 - INFO - Execution time: 0.80s
2025-12-17 12:03:40,910 - INFO - Representation: Binary
2025-12-17 12:03:40,910 - INFO - Bits per variable: 12
2025-12-17 12:03:40,911 - INFO - Total genes: 24
2025-12-17 12:03:40,911 - INFO - Function: michalewicz
2025-12-17 12:03:40,911 - INFO - Population size: 100
2025-12-17 12:03:40,911 - INFO - Generations: 200
2025-12-17 12:03:40,911 - INFO - Selection: tournament
2025-12-17 12:03:40,911 - INFO - Crossover: single_point
2025-12-17 12:03:40,911 - INFO - Mutation: random
2025-12-17 12:03:40,912 - INFO - 
2025-12-17 12:03:41,070 - INFO - Generation 10
2025-12-17 12:03:41,070 - INFO -   Best: -1.801278
2025-12-17 12:03:41,070 - INFO -   Min: -1.801278
2025-12-17 12:03:41,071 - INFO -   Max: 0.401165
2025-12-17 12:03:41,071 - INFO -   Avg: -1.404127
2025-12-17 12:03:41,071 - INFO -   Std: 0.506873
2025-12-17 12:03:41,174 - INFO - Generation 20
2025-12-17 12:03:41,175 - INFO -   Best: -1.801296
2025-12-17 12:03:41,175 - INFO -   Min: -1.801296
2025-12-17 12:03:41,175 - INFO -   Max: 0.434314
2025-12-17 12:03:41,175 - INFO -   Avg: -1.432249
2025-12-17 12:03:41,175 - INFO -   Std: 0.478736
2025-12-17 12:03:41,281 - INFO - Generation 30
2025-12-17 12:03:41,281 - INFO -   Best: -1.801296
2025-12-17 12:03:41,281 - INFO -   Min: -1.801296
2025-12-17 12:03:41,281 - INFO -   Max: 0.508632
2025-12-17 12:03:41,282 - INFO -   Avg: -1.439011
2025-12-17 12:03:41,282 - INFO -   Std: 0.493395
2025-12-17 12:03:41,389 - INFO - Generation 40
2025-12-17 12:03:41,389 - INFO -   Best: -1.801296
2025-12-17 12:03:41,389 - INFO -   Min: -1.801296
2025-12-17 12:03:41,389 - INFO -   Max: 0.427713
2025-12-17 12:03:41,389 - INFO -   Avg: -1.436090
2025-12-17 12:03:41,390 - INFO -   Std: 0.493808
2025-12-17 12:03:41,495 - INFO - Generation 50
2025-12-17 12:03:41,495 - INFO -   Best: -1.801296
2025-12-17 12:03:41,496 - INFO -   Min: -1.801296
2025-12-17 12:03:41,496 - INFO -   Max: -0.000000
2025-12-17 12:03:41,496 - INFO -   Avg: -1.315602
2025-12-17 12:03:41,496 - INFO -   Std: 0.553366
2025-12-17 12:03:41,602 - INFO - Generation 60
2025-12-17 12:03:41,602 - INFO -   Best: -1.801296
2025-12-17 12:03:41,603 - INFO -   Min: -1.801296
2025-12-17 12:03:41,603 - INFO -   Max: 0.000394
2025-12-17 12:03:41,603 - INFO -   Avg: -1.316518
2025-12-17 12:03:41,603 - INFO -   Std: 0.565563
2025-12-17 12:03:41,707 - INFO - Generation 70
2025-12-17 12:03:41,708 - INFO -   Best: -1.801296
2025-12-17 12:03:41,708 - INFO -   Min: -1.801296
2025-12-17 12:03:41,708 - INFO -   Max: 0.427713
2025-12-17 12:03:41,708 - INFO -   Avg: -1.440055
2025-12-17 12:03:41,708 - INFO -   Std: 0.497706
2025-12-17 12:03:41,818 - INFO - Generation 80
2025-12-17 12:03:41,818 - INFO -   Best: -1.801296
2025-12-17 12:03:41,818 - INFO -   Min: -1.801296
2025-12-17 12:03:41,818 - INFO -   Max: -0.000000
2025-12-17 12:03:41,819 - INFO -   Avg: -1.453741
2025-12-17 12:03:41,819 - INFO -   Std: 0.483548
2025-12-17 12:03:41,926 - INFO - Generation 90
2025-12-17 12:03:41,927 - INFO -   Best: -1.801296
2025-12-17 12:03:41,927 - INFO -   Min: -1.801296
2025-12-17 12:03:41,927 - INFO -   Max: 0.440892
2025-12-17 12:03:41,927 - INFO -   Avg: -1.259079
2025-12-17 12:03:41,927 - INFO -   Std: 0.571730
2025-12-17 12:03:42,033 - INFO - Generation 100
2025-12-17 12:03:42,033 - INFO -   Best: -1.801296
2025-12-17 12:03:42,033 - INFO -   Min: -1.801296
2025-12-17 12:03:42,033 - INFO -   Max: 0.097428
2025-12-17 12:03:42,034 - INFO -   Avg: -1.360903
2025-12-17 12:03:42,034 - INFO -   Std: 0.466605
2025-12-17 12:03:42,155 - INFO - Generation 110
2025-12-17 12:03:42,155 - INFO -   Best: -1.801296
2025-12-17 12:03:42,155 - INFO -   Min: -1.801296
2025-12-17 12:03:42,155 - INFO -   Max: -0.000000
2025-12-17 12:03:42,155 - INFO -   Avg: -1.419239
2025-12-17 12:03:42,156 - INFO -   Std: 0.504192
2025-12-17 12:03:42,266 - INFO - Generation 120
2025-12-17 12:03:42,267 - INFO -   Best: -1.801296
2025-12-17 12:03:42,267 - INFO -   Min: -1.801296
2025-12-17 12:03:42,267 - INFO -   Max: -0.308566
2025-12-17 12:03:42,267 - INFO -   Avg: -1.424746
2025-12-17 12:03:42,267 - INFO -   Std: 0.432279
2025-12-17 12:03:42,373 - INFO - Generation 130
2025-12-17 12:03:42,374 - INFO -   Best: -1.801296
2025-12-17 12:03:42,374 - INFO -   Min: -1.801296
2025-12-17 12:03:42,374 - INFO -   Max: 0.406322
2025-12-17 12:03:42,374 - INFO -   Avg: -1.341499
2025-12-17 12:03:42,374 - INFO -   Std: 0.538118
2025-12-17 12:03:42,481 - INFO - Generation 140
2025-12-17 12:03:42,481 - INFO -   Best: -1.801296
2025-12-17 12:03:42,481 - INFO -   Min: -1.801296
2025-12-17 12:03:42,482 - INFO -   Max: -0.000056
2025-12-17 12:03:42,482 - INFO -   Avg: -1.287908
2025-12-17 12:03:42,482 - INFO -   Std: 0.552151
2025-12-17 12:03:42,587 - INFO - Generation 150
2025-12-17 12:03:42,587 - INFO -   Best: -1.801296
2025-12-17 12:03:42,588 - INFO -   Min: -1.801296
2025-12-17 12:03:42,588 - INFO -   Max: -0.366137
2025-12-17 12:03:42,588 - INFO -   Avg: -1.431532
2025-12-17 12:03:42,588 - INFO -   Std: 0.451243
2025-12-17 12:03:42,691 - INFO - Generation 160
2025-12-17 12:03:42,691 - INFO -   Best: -1.801296
2025-12-17 12:03:42,692 - INFO -   Min: -1.801296
2025-12-17 12:03:42,692 - INFO -   Max: 0.530482
2025-12-17 12:03:42,692 - INFO -   Avg: -1.280764
2025-12-17 12:03:42,692 - INFO -   Std: 0.581646
2025-12-17 12:03:42,800 - INFO - Generation 170
2025-12-17 12:03:42,800 - INFO -   Best: -1.801296
2025-12-17 12:03:42,801 - INFO -   Min: -1.801296
2025-12-17 12:03:42,801 - INFO -   Max: -0.010728
2025-12-17 12:03:42,801 - INFO -   Avg: -1.500836
2025-12-17 12:03:42,801 - INFO -   Std: 0.431850
2025-12-17 12:03:42,907 - INFO - Generation 180
2025-12-17 12:03:42,908 - INFO -   Best: -1.801296
2025-12-17 12:03:42,908 - INFO -   Min: -1.801296
2025-12-17 12:03:42,908 - INFO -   Max: 0.642833
2025-12-17 12:03:42,908 - INFO -   Avg: -1.408733
2025-12-17 12:03:42,908 - INFO -   Std: 0.583178
2025-12-17 12:03:43,015 - INFO - Generation 190
2025-12-17 12:03:43,016 - INFO -   Best: -1.801296
2025-12-17 12:03:43,016 - INFO -   Min: -1.801296
2025-12-17 12:03:43,016 - INFO -   Max: 0.607076
2025-12-17 12:03:43,016 - INFO -   Avg: -1.416373
2025-12-17 12:03:43,016 - INFO -   Std: 0.515238
2025-12-17 12:03:43,121 - INFO - Generation 200
2025-12-17 12:03:43,121 - INFO -   Best: -1.801296
2025-12-17 12:03:43,121 - INFO -   Min: -1.801296
2025-12-17 12:03:43,121 - INFO -   Max: 0.440890
2025-12-17 12:03:43,121 - INFO -   Avg: -1.365768
2025-12-17 12:03:43,121 - INFO -   Std: 0.553440
2025-12-17 12:03:43,126 - INFO - 
Final best fitness: -1.8012955890
2025-12-17 12:03:43,126 - INFO - Execution time: 2.16s
