2025-12-17 12:14:23,942 - INFO - Representation: Binary
2025-12-17 12:14:23,942 - INFO - Bits per variable: 12
2025-12-17 12:14:23,942 - INFO - Total genes: 240
2025-12-17 12:14:23,942 - INFO - Function: f16_2014
2025-12-17 12:14:23,943 - INFO - Population size: 100
2025-12-17 12:14:23,943 - INFO - Generations: 200
2025-12-17 12:14:23,943 - INFO - Selection: rws
2025-12-17 12:14:23,943 - INFO - Crossover: two_points
2025-12-17 12:14:23,943 - INFO - Mutation: swap
2025-12-17 12:14:23,943 - INFO - 
2025-12-17 12:14:24,759 - INFO - Generation 10
2025-12-17 12:14:24,759 - INFO -   Best: 1609.113652
2025-12-17 12:14:24,760 - INFO -   Min: 1609.113652
2025-12-17 12:14:24,760 - INFO -   Max: 1610.763213
2025-12-17 12:14:24,760 - INFO -   Avg: 1609.941485
2025-12-17 12:14:24,761 - INFO -   Std: 0.261853
2025-12-17 12:14:25,122 - INFO - Generation 20
2025-12-17 12:14:25,122 - INFO -   Best: 1608.681578
2025-12-17 12:14:25,123 - INFO -   Min: 1608.681578
2025-12-17 12:14:25,123 - INFO -   Max: 1610.739082
2025-12-17 12:14:25,123 - INFO -   Avg: 1609.912099
2025-12-17 12:14:25,123 - INFO -   Std: 0.392894
2025-12-17 12:14:25,502 - INFO - Generation 30
2025-12-17 12:14:25,502 - INFO -   Best: 1608.155819
2025-12-17 12:14:25,502 - INFO -   Min: 1608.155819
2025-12-17 12:14:25,502 - INFO -   Max: 1610.805520
2025-12-17 12:14:25,503 - INFO -   Avg: 1609.837130
2025-12-17 12:14:25,503 - INFO -   Std: 0.422079
2025-12-17 12:14:25,885 - INFO - Generation 40
2025-12-17 12:14:25,885 - INFO -   Best: 1608.155819
2025-12-17 12:14:25,886 - INFO -   Min: 1608.155819
2025-12-17 12:14:25,886 - INFO -   Max: 1610.826939
2025-12-17 12:14:25,886 - INFO -   Avg: 1610.001542
2025-12-17 12:14:25,886 - INFO -   Std: 0.354575
2025-12-17 12:14:26,255 - INFO - Generation 50
2025-12-17 12:14:26,255 - INFO -   Best: 1607.749546
2025-12-17 12:14:26,255 - INFO -   Min: 1607.749546
2025-12-17 12:14:26,255 - INFO -   Max: 1610.531145
2025-12-17 12:14:26,256 - INFO -   Avg: 1609.905185
2025-12-17 12:14:26,256 - INFO -   Std: 0.440923
2025-12-17 12:14:26,628 - INFO - Generation 60
2025-12-17 12:14:26,629 - INFO -   Best: 1607.646473
2025-12-17 12:14:26,629 - INFO -   Min: 1607.646473
2025-12-17 12:14:26,629 - INFO -   Max: 1610.640276
2025-12-17 12:14:26,629 - INFO -   Avg: 1609.882311
2025-12-17 12:14:26,629 - INFO -   Std: 0.484418
2025-12-17 12:14:26,998 - INFO - Generation 70
2025-12-17 12:14:26,998 - INFO -   Best: 1607.646473
2025-12-17 12:14:26,998 - INFO -   Min: 1607.646473
2025-12-17 12:14:26,998 - INFO -   Max: 1610.537000
2025-12-17 12:14:26,998 - INFO -   Avg: 1609.773675
2025-12-17 12:14:26,998 - INFO -   Std: 0.510411
2025-12-17 12:14:27,369 - INFO - Generation 80
2025-12-17 12:14:27,369 - INFO -   Best: 1607.646473
2025-12-17 12:14:27,369 - INFO -   Min: 1607.646473
2025-12-17 12:14:27,369 - INFO -   Max: 1610.711536
2025-12-17 12:14:27,370 - INFO -   Avg: 1609.842743
2025-12-17 12:14:27,370 - INFO -   Std: 0.493650
2025-12-17 12:14:27,740 - INFO - Generation 90
2025-12-17 12:14:27,741 - INFO -   Best: 1607.605455
2025-12-17 12:14:27,741 - INFO -   Min: 1607.605455
2025-12-17 12:14:27,741 - INFO -   Max: 1610.836335
2025-12-17 12:14:27,741 - INFO -   Avg: 1609.836273
2025-12-17 12:14:27,741 - INFO -   Std: 0.516563
2025-12-17 12:14:28,111 - INFO - Generation 100
2025-12-17 12:14:28,111 - INFO -   Best: 1607.353983
2025-12-17 12:14:28,111 - INFO -   Min: 1607.353983
2025-12-17 12:14:28,111 - INFO -   Max: 1610.961623
2025-12-17 12:14:28,112 - INFO -   Avg: 1610.012105
2025-12-17 12:14:28,112 - INFO -   Std: 0.522151
2025-12-17 12:14:28,478 - INFO - Generation 110
2025-12-17 12:14:28,478 - INFO -   Best: 1607.353983
2025-12-17 12:14:28,478 - INFO -   Min: 1607.353983
2025-12-17 12:14:28,478 - INFO -   Max: 1610.721832
2025-12-17 12:14:28,478 - INFO -   Avg: 1609.953953
2025-12-17 12:14:28,479 - INFO -   Std: 0.459985
2025-12-17 12:14:28,843 - INFO - Generation 120
2025-12-17 12:14:28,843 - INFO -   Best: 1607.353983
2025-12-17 12:14:28,843 - INFO -   Min: 1607.353983
2025-12-17 12:14:28,843 - INFO -   Max: 1610.849245
2025-12-17 12:14:28,844 - INFO -   Avg: 1609.928827
2025-12-17 12:14:28,844 - INFO -   Std: 0.468108
2025-12-17 12:14:29,211 - INFO - Generation 130
2025-12-17 12:14:29,211 - INFO -   Best: 1607.353983
2025-12-17 12:14:29,211 - INFO -   Min: 1607.353983
2025-12-17 12:14:29,211 - INFO -   Max: 1610.609522
2025-12-17 12:14:29,211 - INFO -   Avg: 1609.876061
2025-12-17 12:14:29,212 - INFO -   Std: 0.548056
2025-12-17 12:14:29,581 - INFO - Generation 140
2025-12-17 12:14:29,581 - INFO -   Best: 1607.263879
2025-12-17 12:14:29,582 - INFO -   Min: 1607.263879
2025-12-17 12:14:29,582 - INFO -   Max: 1610.574541
2025-12-17 12:14:29,582 - INFO -   Avg: 1609.709086
2025-12-17 12:14:29,582 - INFO -   Std: 0.723133
2025-12-17 12:14:29,949 - INFO - Generation 150
2025-12-17 12:14:29,950 - INFO -   Best: 1607.263879
2025-12-17 12:14:29,950 - INFO -   Min: 1607.263879
2025-12-17 12:14:29,950 - INFO -   Max: 1610.762130
2025-12-17 12:14:29,950 - INFO -   Avg: 1609.467869
2025-12-17 12:14:29,950 - INFO -   Std: 0.827771
2025-12-17 12:14:30,312 - INFO - Generation 160
2025-12-17 12:14:30,313 - INFO -   Best: 1607.175736
2025-12-17 12:14:30,313 - INFO -   Min: 1607.175736
2025-12-17 12:14:30,313 - INFO -   Max: 1611.174744
2025-12-17 12:14:30,313 - INFO -   Avg: 1609.740253
2025-12-17 12:14:30,313 - INFO -   Std: 0.760182
2025-12-17 12:14:30,686 - INFO - Generation 170
2025-12-17 12:14:30,686 - INFO -   Best: 1607.146207
2025-12-17 12:14:30,687 - INFO -   Min: 1607.146207
2025-12-17 12:14:30,687 - INFO -   Max: 1610.668889
2025-12-17 12:14:30,687 - INFO -   Avg: 1609.591618
2025-12-17 12:14:30,687 - INFO -   Std: 0.570647
2025-12-17 12:14:31,059 - INFO - Generation 180
2025-12-17 12:14:31,059 - INFO -   Best: 1607.146207
2025-12-17 12:14:31,059 - INFO -   Min: 1607.146207
2025-12-17 12:14:31,060 - INFO -   Max: 1610.665881
2025-12-17 12:14:31,060 - INFO -   Avg: 1609.466417
2025-12-17 12:14:31,060 - INFO -   Std: 0.716482
2025-12-17 12:14:31,435 - INFO - Generation 190
2025-12-17 12:14:31,435 - INFO -   Best: 1607.146207
2025-12-17 12:14:31,436 - INFO -   Min: 1607.146207
2025-12-17 12:14:31,436 - INFO -   Max: 1610.835347
2025-12-17 12:14:31,436 - INFO -   Avg: 1609.460448
2025-12-17 12:14:31,436 - INFO -   Std: 0.799768
2025-12-17 12:14:31,813 - INFO - Generation 200
2025-12-17 12:14:31,814 - INFO -   Best: 1607.092500
2025-12-17 12:14:31,814 - INFO -   Min: 1607.092500
2025-12-17 12:14:31,814 - INFO -   Max: 1610.936987
2025-12-17 12:14:31,814 - INFO -   Avg: 1609.450168
2025-12-17 12:14:31,814 - INFO -   Std: 0.790696
2025-12-17 12:14:31,840 - INFO - 
Final best fitness: 1607.0924995358
2025-12-17 12:14:31,840 - INFO - Execution time: 7.44s
