2025-12-17 11:45:10,853 - INFO - Representation: Real
2025-12-17 11:45:10,853 - INFO - Number of genes: 30
2025-12-17 11:45:10,853 - INFO - Bounds: [-100, 100]
2025-12-17 11:45:10,853 - INFO - Function: f16_2014
2025-12-17 11:45:10,854 - INFO - Population size: 100
2025-12-17 11:45:10,854 - INFO - Generations: 200
2025-12-17 11:45:10,854 - INFO - Selection: tournament
2025-12-17 11:45:10,854 - INFO - Crossover: single_point
2025-12-17 11:45:10,854 - INFO - Mutation: random
2025-12-17 11:45:10,854 - INFO - 
2025-12-17 11:45:11,317 - INFO - Generation 10
2025-12-17 11:45:11,317 - INFO -   Best: 1613.984976
2025-12-17 11:45:11,317 - INFO -   Min: 1613.984976
2025-12-17 11:45:11,318 - INFO -   Max: 1615.891051
2025-12-17 11:45:11,318 - INFO -   Avg: 1614.964062
2025-12-17 11:45:11,318 - INFO -   Std: 0.316861
2025-12-17 11:45:11,720 - INFO - Generation 20
2025-12-17 11:45:11,720 - INFO -   Best: 1613.812774
2025-12-17 11:45:11,721 - INFO -   Min: 1613.812774
2025-12-17 11:45:11,721 - INFO -   Max: 1616.063365
2025-12-17 11:45:11,721 - INFO -   Avg: 1614.914837
2025-12-17 11:45:11,721 - INFO -   Std: 0.347098
2025-12-17 11:45:12,116 - INFO - Generation 30
2025-12-17 11:45:12,116 - INFO -   Best: 1613.771359
2025-12-17 11:45:12,116 - INFO -   Min: 1613.771359
2025-12-17 11:45:12,117 - INFO -   Max: 1615.564879
2025-12-17 11:45:12,117 - INFO -   Avg: 1614.850341
2025-12-17 11:45:12,117 - INFO -   Std: 0.333441
2025-12-17 11:45:12,506 - INFO - Generation 40
2025-12-17 11:45:12,507 - INFO -   Best: 1613.637872
2025-12-17 11:45:12,507 - INFO -   Min: 1613.637872
2025-12-17 11:45:12,507 - INFO -   Max: 1615.531065
2025-12-17 11:45:12,507 - INFO -   Avg: 1614.691259
2025-12-17 11:45:12,508 - INFO -   Std: 0.388982
2025-12-17 11:45:12,901 - INFO - Generation 50
2025-12-17 11:45:12,901 - INFO -   Best: 1613.637872
2025-12-17 11:45:12,901 - INFO -   Min: 1613.637872
2025-12-17 11:45:12,901 - INFO -   Max: 1615.979142
2025-12-17 11:45:12,902 - INFO -   Avg: 1614.766170
2025-12-17 11:45:12,902 - INFO -   Std: 0.393305
2025-12-17 11:45:13,295 - INFO - Generation 60
2025-12-17 11:45:13,295 - INFO -   Best: 1613.577204
2025-12-17 11:45:13,295 - INFO -   Min: 1613.577204
2025-12-17 11:45:13,296 - INFO -   Max: 1615.727993
2025-12-17 11:45:13,296 - INFO -   Avg: 1614.778542
2025-12-17 11:45:13,296 - INFO -   Std: 0.384096
2025-12-17 11:45:13,688 - INFO - Generation 70
2025-12-17 11:45:13,688 - INFO -   Best: 1613.394190
2025-12-17 11:45:13,688 - INFO -   Min: 1613.394190
2025-12-17 11:45:13,688 - INFO -   Max: 1615.603102
2025-12-17 11:45:13,688 - INFO -   Avg: 1614.675245
2025-12-17 11:45:13,689 - INFO -   Std: 0.395836
2025-12-17 11:45:14,081 - INFO - Generation 80
2025-12-17 11:45:14,081 - INFO -   Best: 1613.394190
2025-12-17 11:45:14,083 - INFO -   Min: 1613.394190
2025-12-17 11:45:14,083 - INFO -   Max: 1615.697926
2025-12-17 11:45:14,083 - INFO -   Avg: 1614.754283
2025-12-17 11:45:14,083 - INFO -   Std: 0.392976
2025-12-17 11:45:14,476 - INFO - Generation 90
2025-12-17 11:45:14,476 - INFO -   Best: 1613.330115
2025-12-17 11:45:14,476 - INFO -   Min: 1613.330115
2025-12-17 11:45:14,477 - INFO -   Max: 1615.494593
2025-12-17 11:45:14,477 - INFO -   Avg: 1614.717705
2025-12-17 11:45:14,477 - INFO -   Std: 0.400081
2025-12-17 11:45:14,870 - INFO - Generation 100
2025-12-17 11:45:14,871 - INFO -   Best: 1613.330115
2025-12-17 11:45:14,871 - INFO -   Min: 1613.330115
2025-12-17 11:45:14,871 - INFO -   Max: 1615.557054
2025-12-17 11:45:14,871 - INFO -   Avg: 1614.657328
2025-12-17 11:45:14,871 - INFO -   Std: 0.412364
2025-12-17 11:45:15,268 - INFO - Generation 110
2025-12-17 11:45:15,268 - INFO -   Best: 1613.330115
2025-12-17 11:45:15,268 - INFO -   Min: 1613.330115
2025-12-17 11:45:15,269 - INFO -   Max: 1615.685977
2025-12-17 11:45:15,269 - INFO -   Avg: 1614.707619
2025-12-17 11:45:15,269 - INFO -   Std: 0.411311
2025-12-17 11:45:15,663 - INFO - Generation 120
2025-12-17 11:45:15,663 - INFO -   Best: 1613.323386
2025-12-17 11:45:15,663 - INFO -   Min: 1613.323386
2025-12-17 11:45:15,664 - INFO -   Max: 1615.685688
2025-12-17 11:45:15,664 - INFO -   Avg: 1614.672313
2025-12-17 11:45:15,664 - INFO -   Std: 0.482528
2025-12-17 11:45:16,060 - INFO - Generation 130
2025-12-17 11:45:16,060 - INFO -   Best: 1613.323386
2025-12-17 11:45:16,060 - INFO -   Min: 1613.323386
2025-12-17 11:45:16,060 - INFO -   Max: 1615.865211
2025-12-17 11:45:16,060 - INFO -   Avg: 1614.689074
2025-12-17 11:45:16,060 - INFO -   Std: 0.425404
2025-12-17 11:45:16,456 - INFO - Generation 140
2025-12-17 11:45:16,456 - INFO -   Best: 1613.323386
2025-12-17 11:45:16,456 - INFO -   Min: 1613.323386
2025-12-17 11:45:16,456 - INFO -   Max: 1615.992322
2025-12-17 11:45:16,456 - INFO -   Avg: 1614.750643
2025-12-17 11:45:16,457 - INFO -   Std: 0.436668
2025-12-17 11:45:16,851 - INFO - Generation 150
2025-12-17 11:45:16,851 - INFO -   Best: 1613.323386
2025-12-17 11:45:16,851 - INFO -   Min: 1613.323386
2025-12-17 11:45:16,852 - INFO -   Max: 1615.861024
2025-12-17 11:45:16,852 - INFO -   Avg: 1614.741499
2025-12-17 11:45:16,852 - INFO -   Std: 0.466611
2025-12-17 11:45:17,246 - INFO - Generation 160
2025-12-17 11:45:17,246 - INFO -   Best: 1613.323386
2025-12-17 11:45:17,246 - INFO -   Min: 1613.323386
2025-12-17 11:45:17,246 - INFO -   Max: 1615.533936
2025-12-17 11:45:17,246 - INFO -   Avg: 1614.699778
2025-12-17 11:45:17,246 - INFO -   Std: 0.408058
2025-12-17 11:45:17,643 - INFO - Generation 170
2025-12-17 11:45:17,643 - INFO -   Best: 1613.266338
2025-12-17 11:45:17,643 - INFO -   Min: 1613.266338
2025-12-17 11:45:17,643 - INFO -   Max: 1615.760626
2025-12-17 11:45:17,644 - INFO -   Avg: 1614.823848
2025-12-17 11:45:17,644 - INFO -   Std: 0.409726
2025-12-17 11:45:18,038 - INFO - Generation 180
2025-12-17 11:45:18,038 - INFO -   Best: 1613.266338
2025-12-17 11:45:18,039 - INFO -   Min: 1613.266338
2025-12-17 11:45:18,039 - INFO -   Max: 1615.711448
2025-12-17 11:45:18,039 - INFO -   Avg: 1614.777215
2025-12-17 11:45:18,039 - INFO -   Std: 0.430409
2025-12-17 11:45:18,446 - INFO - Generation 190
2025-12-17 11:45:18,446 - INFO -   Best: 1613.250787
2025-12-17 11:45:18,446 - INFO -   Min: 1613.250787
2025-12-17 11:45:18,447 - INFO -   Max: 1615.598065
2025-12-17 11:45:18,447 - INFO -   Avg: 1614.797891
2025-12-17 11:45:18,447 - INFO -   Std: 0.427957
2025-12-17 11:45:18,842 - INFO - Generation 200
2025-12-17 11:45:18,842 - INFO -   Best: 1613.250787
2025-12-17 11:45:18,842 - INFO -   Min: 1613.250787
2025-12-17 11:45:18,842 - INFO -   Max: 1615.604929
2025-12-17 11:45:18,843 - INFO -   Avg: 1614.655886
2025-12-17 11:45:18,843 - INFO -   Std: 0.482270
2025-12-17 11:45:18,864 - INFO - 
Final best fitness: 1613.2507867194
2025-12-17 11:45:18,864 - INFO - Execution time: 7.95s
