2025-12-17 11:42:21,648 - INFO - Representation: Real
2025-12-17 11:42:21,648 - INFO - Number of genes: 10
2025-12-17 11:42:21,648 - INFO - Bounds: [-100, 100]
2025-12-17 11:42:21,648 - INFO - Function: f16_2014
2025-12-17 11:42:21,649 - INFO - Population size: 100
2025-12-17 11:42:21,649 - INFO - Generations: 200
2025-12-17 11:42:21,649 - INFO - Selection: tournament
2025-12-17 11:42:21,649 - INFO - Crossover: single_point
2025-12-17 11:42:21,649 - INFO - Mutation: random
2025-12-17 11:42:21,649 - INFO - 
2025-12-17 11:42:21,838 - INFO - Generation 10
2025-12-17 11:42:21,838 - INFO -   Best: 1603.948589
2025-12-17 11:42:21,838 - INFO -   Min: 1603.948589
2025-12-17 11:42:21,838 - INFO -   Max: 1605.618163
2025-12-17 11:42:21,839 - INFO -   Avg: 1604.873193
2025-12-17 11:42:21,839 - INFO -   Std: 0.314712
2025-12-17 11:42:21,994 - INFO - Generation 20
2025-12-17 11:42:21,994 - INFO -   Best: 1603.626610
2025-12-17 11:42:21,995 - INFO -   Min: 1603.626610
2025-12-17 11:42:21,995 - INFO -   Max: 1605.833421
2025-12-17 11:42:21,995 - INFO -   Avg: 1604.721220
2025-12-17 11:42:21,995 - INFO -   Std: 0.420908
2025-12-17 11:42:22,144 - INFO - Generation 30
2025-12-17 11:42:22,145 - INFO -   Best: 1603.615906
2025-12-17 11:42:22,145 - INFO -   Min: 1603.615906
2025-12-17 11:42:22,145 - INFO -   Max: 1605.697978
2025-12-17 11:42:22,145 - INFO -   Avg: 1604.678971
2025-12-17 11:42:22,145 - INFO -   Std: 0.440003
2025-12-17 11:42:22,286 - INFO - Generation 40
2025-12-17 11:42:22,287 - INFO -   Best: 1603.364161
2025-12-17 11:42:22,287 - INFO -   Min: 1603.364161
2025-12-17 11:42:22,287 - INFO -   Max: 1605.802229
2025-12-17 11:42:22,287 - INFO -   Avg: 1604.402961
2025-12-17 11:42:22,287 - INFO -   Std: 0.511644
2025-12-17 11:42:22,427 - INFO - Generation 50
2025-12-17 11:42:22,427 - INFO -   Best: 1603.176261
2025-12-17 11:42:22,427 - INFO -   Min: 1603.176261
2025-12-17 11:42:22,428 - INFO -   Max: 1605.638689
2025-12-17 11:42:22,428 - INFO -   Avg: 1604.378556
2025-12-17 11:42:22,428 - INFO -   Std: 0.601996
2025-12-17 11:42:22,571 - INFO - Generation 60
2025-12-17 11:42:22,572 - INFO -   Best: 1603.176261
2025-12-17 11:42:22,572 - INFO -   Min: 1603.176261
2025-12-17 11:42:22,572 - INFO -   Max: 1606.046061
2025-12-17 11:42:22,572 - INFO -   Avg: 1604.510906
2025-12-17 11:42:22,572 - INFO -   Std: 0.579917
2025-12-17 11:42:22,720 - INFO - Generation 70
2025-12-17 11:42:22,720 - INFO -   Best: 1603.082497
2025-12-17 11:42:22,720 - INFO -   Min: 1603.082497
2025-12-17 11:42:22,721 - INFO -   Max: 1605.661528
2025-12-17 11:42:22,721 - INFO -   Avg: 1604.336643
2025-12-17 11:42:22,721 - INFO -   Std: 0.661409
2025-12-17 11:42:22,864 - INFO - Generation 80
2025-12-17 11:42:22,864 - INFO -   Best: 1602.825703
2025-12-17 11:42:22,864 - INFO -   Min: 1602.825703
2025-12-17 11:42:22,865 - INFO -   Max: 1605.744850
2025-12-17 11:42:22,865 - INFO -   Avg: 1604.225599
2025-12-17 11:42:22,865 - INFO -   Std: 0.761900
2025-12-17 11:42:23,002 - INFO - Generation 90
2025-12-17 11:42:23,002 - INFO -   Best: 1602.825703
2025-12-17 11:42:23,003 - INFO -   Min: 1602.825703
2025-12-17 11:42:23,003 - INFO -   Max: 1605.468857
2025-12-17 11:42:23,003 - INFO -   Avg: 1604.137677
2025-12-17 11:42:23,003 - INFO -   Std: 0.735488
2025-12-17 11:42:23,136 - INFO - Generation 100
2025-12-17 11:42:23,136 - INFO -   Best: 1602.783110
2025-12-17 11:42:23,137 - INFO -   Min: 1602.783110
2025-12-17 11:42:23,137 - INFO -   Max: 1605.368807
2025-12-17 11:42:23,137 - INFO -   Avg: 1604.165800
2025-12-17 11:42:23,137 - INFO -   Std: 0.739011
2025-12-17 11:42:23,272 - INFO - Generation 110
2025-12-17 11:42:23,273 - INFO -   Best: 1602.730421
2025-12-17 11:42:23,273 - INFO -   Min: 1602.730421
2025-12-17 11:42:23,273 - INFO -   Max: 1605.511711
2025-12-17 11:42:23,273 - INFO -   Avg: 1604.230819
2025-12-17 11:42:23,273 - INFO -   Std: 0.724005
2025-12-17 11:42:23,413 - INFO - Generation 120
2025-12-17 11:42:23,413 - INFO -   Best: 1602.730421
2025-12-17 11:42:23,413 - INFO -   Min: 1602.730421
2025-12-17 11:42:23,414 - INFO -   Max: 1605.507870
2025-12-17 11:42:23,414 - INFO -   Avg: 1604.255802
2025-12-17 11:42:23,414 - INFO -   Std: 0.781123
2025-12-17 11:42:23,549 - INFO - Generation 130
2025-12-17 11:42:23,549 - INFO -   Best: 1602.705160
2025-12-17 11:42:23,549 - INFO -   Min: 1602.705160
2025-12-17 11:42:23,550 - INFO -   Max: 1605.557588
2025-12-17 11:42:23,550 - INFO -   Avg: 1604.011829
2025-12-17 11:42:23,550 - INFO -   Std: 0.792099
2025-12-17 11:42:23,683 - INFO - Generation 140
2025-12-17 11:42:23,683 - INFO -   Best: 1602.601110
2025-12-17 11:42:23,683 - INFO -   Min: 1602.601110
2025-12-17 11:42:23,683 - INFO -   Max: 1605.450006
2025-12-17 11:42:23,683 - INFO -   Avg: 1604.171971
2025-12-17 11:42:23,683 - INFO -   Std: 0.746281
2025-12-17 11:42:23,814 - INFO - Generation 150
2025-12-17 11:42:23,815 - INFO -   Best: 1602.567267
2025-12-17 11:42:23,815 - INFO -   Min: 1602.567267
2025-12-17 11:42:23,815 - INFO -   Max: 1605.678535
2025-12-17 11:42:23,815 - INFO -   Avg: 1603.741556
2025-12-17 11:42:23,815 - INFO -   Std: 0.928943
2025-12-17 11:42:23,947 - INFO - Generation 160
2025-12-17 11:42:23,948 - INFO -   Best: 1602.567267
2025-12-17 11:42:23,948 - INFO -   Min: 1602.567267
2025-12-17 11:42:23,948 - INFO -   Max: 1605.497186
2025-12-17 11:42:23,948 - INFO -   Avg: 1604.132055
2025-12-17 11:42:23,948 - INFO -   Std: 0.821275
2025-12-17 11:42:24,085 - INFO - Generation 170
2025-12-17 11:42:24,085 - INFO -   Best: 1602.567267
2025-12-17 11:42:24,085 - INFO -   Min: 1602.567267
2025-12-17 11:42:24,085 - INFO -   Max: 1605.667136
2025-12-17 11:42:24,085 - INFO -   Avg: 1604.236782
2025-12-17 11:42:24,085 - INFO -   Std: 0.747314
2025-12-17 11:42:24,220 - INFO - Generation 180
2025-12-17 11:42:24,220 - INFO -   Best: 1602.567267
2025-12-17 11:42:24,221 - INFO -   Min: 1602.567267
2025-12-17 11:42:24,221 - INFO -   Max: 1605.778440
2025-12-17 11:42:24,221 - INFO -   Avg: 1603.861313
2025-12-17 11:42:24,221 - INFO -   Std: 0.904038
2025-12-17 11:42:24,358 - INFO - Generation 190
2025-12-17 11:42:24,358 - INFO -   Best: 1602.567267
2025-12-17 11:42:24,359 - INFO -   Min: 1602.567267
2025-12-17 11:42:24,359 - INFO -   Max: 1605.494936
2025-12-17 11:42:24,359 - INFO -   Avg: 1603.914075
2025-12-17 11:42:24,359 - INFO -   Std: 0.927962
2025-12-17 11:42:24,492 - INFO - Generation 200
2025-12-17 11:42:24,492 - INFO -   Best: 1602.482891
2025-12-17 11:42:24,492 - INFO -   Min: 1602.482891
2025-12-17 11:42:24,492 - INFO -   Max: 1605.598605
2025-12-17 11:42:24,492 - INFO -   Avg: 1604.086223
2025-12-17 11:42:24,492 - INFO -   Std: 0.839022
2025-12-17 11:42:24,503 - INFO - 
Final best fitness: 1602.5564645930
2025-12-17 11:42:24,503 - INFO - Execution time: 2.82s
2025-12-17 11:58:20,277 - INFO - Representation: Binary
2025-12-17 11:58:20,278 - INFO - Bits per variable: 12
2025-12-17 11:58:20,278 - INFO - Total genes: 120
2025-12-17 11:58:20,278 - INFO - Function: f16_2014
2025-12-17 11:58:20,278 - INFO - Population size: 100
2025-12-17 11:58:20,279 - INFO - Generations: 200
2025-12-17 11:58:20,279 - INFO - Selection: tournament
2025-12-17 11:58:20,279 - INFO - Crossover: single_point
2025-12-17 11:58:20,279 - INFO - Mutation: random
2025-12-17 11:58:20,279 - INFO - 
2025-12-17 11:58:20,991 - INFO - Generation 10
2025-12-17 11:58:20,992 - INFO -   Best: 1604.177902
2025-12-17 11:58:20,992 - INFO -   Min: 1604.177902
2025-12-17 11:58:20,992 - INFO -   Max: 1605.585636
2025-12-17 11:58:20,992 - INFO -   Avg: 1604.989483
2025-12-17 11:58:20,992 - INFO -   Std: 0.147766
2025-12-17 11:58:21,452 - INFO - Generation 20
2025-12-17 11:58:21,452 - INFO -   Best: 1604.177902
2025-12-17 11:58:21,452 - INFO -   Min: 1604.177902
2025-12-17 11:58:21,452 - INFO -   Max: 1605.475503
2025-12-17 11:58:21,453 - INFO -   Avg: 1604.992646
2025-12-17 11:58:21,453 - INFO -   Std: 0.185014
2025-12-17 11:58:21,910 - INFO - Generation 30
2025-12-17 11:58:21,911 - INFO -   Best: 1604.177902
2025-12-17 11:58:21,911 - INFO -   Min: 1604.177902
2025-12-17 11:58:21,911 - INFO -   Max: 1605.246954
2025-12-17 11:58:21,911 - INFO -   Avg: 1604.970971
2025-12-17 11:58:21,911 - INFO -   Std: 0.159964
2025-12-17 11:58:22,380 - INFO - Generation 40
2025-12-17 11:58:22,380 - INFO -   Best: 1604.177902
2025-12-17 11:58:22,380 - INFO -   Min: 1604.177902
2025-12-17 11:58:22,380 - INFO -   Max: 1605.338238
2025-12-17 11:58:22,381 - INFO -   Avg: 1604.977699
2025-12-17 11:58:22,381 - INFO -   Std: 0.157027
2025-12-17 11:58:22,835 - INFO - Generation 50
2025-12-17 11:58:22,836 - INFO -   Best: 1603.998748
2025-12-17 11:58:22,836 - INFO -   Min: 1603.998748
2025-12-17 11:58:22,836 - INFO -   Max: 1605.251177
2025-12-17 11:58:22,836 - INFO -   Avg: 1604.968347
2025-12-17 11:58:22,836 - INFO -   Std: 0.176537
2025-12-17 11:58:23,288 - INFO - Generation 60
2025-12-17 11:58:23,288 - INFO -   Best: 1603.997022
2025-12-17 11:58:23,288 - INFO -   Min: 1603.997022
2025-12-17 11:58:23,288 - INFO -   Max: 1605.242175
2025-12-17 11:58:23,289 - INFO -   Avg: 1604.981011
2025-12-17 11:58:23,289 - INFO -   Std: 0.151442
2025-12-17 11:58:23,744 - INFO - Generation 70
2025-12-17 11:58:23,744 - INFO -   Best: 1603.997022
2025-12-17 11:58:23,744 - INFO -   Min: 1603.997022
2025-12-17 11:58:23,744 - INFO -   Max: 1605.296487
2025-12-17 11:58:23,745 - INFO -   Avg: 1604.973960
2025-12-17 11:58:23,745 - INFO -   Std: 0.166270
2025-12-17 11:58:24,208 - INFO - Generation 80
2025-12-17 11:58:24,208 - INFO -   Best: 1603.795976
2025-12-17 11:58:24,208 - INFO -   Min: 1603.795976
2025-12-17 11:58:24,208 - INFO -   Max: 1605.119133
2025-12-17 11:58:24,208 - INFO -   Avg: 1604.964305
2025-12-17 11:58:24,209 - INFO -   Std: 0.171834
2025-12-17 11:58:24,659 - INFO - Generation 90
2025-12-17 11:58:24,659 - INFO -   Best: 1603.650725
2025-12-17 11:58:24,659 - INFO -   Min: 1603.650725
2025-12-17 11:58:24,660 - INFO -   Max: 1605.468274
2025-12-17 11:58:24,660 - INFO -   Avg: 1604.971138
2025-12-17 11:58:24,660 - INFO -   Std: 0.226420
2025-12-17 11:58:25,114 - INFO - Generation 100
2025-12-17 11:58:25,114 - INFO -   Best: 1603.650725
2025-12-17 11:58:25,114 - INFO -   Min: 1603.650725
2025-12-17 11:58:25,115 - INFO -   Max: 1605.321060
2025-12-17 11:58:25,115 - INFO -   Avg: 1604.970757
2025-12-17 11:58:25,115 - INFO -   Std: 0.199649
2025-12-17 11:58:25,573 - INFO - Generation 110
2025-12-17 11:58:25,573 - INFO -   Best: 1603.627484
2025-12-17 11:58:25,573 - INFO -   Min: 1603.627484
2025-12-17 11:58:25,573 - INFO -   Max: 1605.164953
2025-12-17 11:58:25,573 - INFO -   Avg: 1604.956581
2025-12-17 11:58:25,574 - INFO -   Std: 0.217005
2025-12-17 11:58:26,031 - INFO - Generation 120
2025-12-17 11:58:26,031 - INFO -   Best: 1603.627484
2025-12-17 11:58:26,031 - INFO -   Min: 1603.627484
2025-12-17 11:58:26,031 - INFO -   Max: 1605.623435
2025-12-17 11:58:26,032 - INFO -   Avg: 1604.943019
2025-12-17 11:58:26,032 - INFO -   Std: 0.255629
2025-12-17 11:58:26,488 - INFO - Generation 130
2025-12-17 11:58:26,489 - INFO -   Best: 1603.627484
2025-12-17 11:58:26,489 - INFO -   Min: 1603.627484
2025-12-17 11:58:26,489 - INFO -   Max: 1605.391501
2025-12-17 11:58:26,489 - INFO -   Avg: 1604.958482
2025-12-17 11:58:26,489 - INFO -   Std: 0.213599
2025-12-17 11:58:26,948 - INFO - Generation 140
2025-12-17 11:58:26,948 - INFO -   Best: 1603.627484
2025-12-17 11:58:26,948 - INFO -   Min: 1603.627484
2025-12-17 11:58:26,949 - INFO -   Max: 1605.453176
2025-12-17 11:58:26,949 - INFO -   Avg: 1604.978062
2025-12-17 11:58:26,949 - INFO -   Std: 0.239966
2025-12-17 11:58:27,406 - INFO - Generation 150
2025-12-17 11:58:27,407 - INFO -   Best: 1603.627484
2025-12-17 11:58:27,407 - INFO -   Min: 1603.627484
2025-12-17 11:58:27,407 - INFO -   Max: 1605.465270
2025-12-17 11:58:27,407 - INFO -   Avg: 1604.956033
2025-12-17 11:58:27,407 - INFO -   Std: 0.236166
2025-12-17 11:58:27,860 - INFO - Generation 160
2025-12-17 11:58:27,860 - INFO -   Best: 1603.627484
2025-12-17 11:58:27,860 - INFO -   Min: 1603.627484
2025-12-17 11:58:27,860 - INFO -   Max: 1605.388320
2025-12-17 11:58:27,861 - INFO -   Avg: 1604.936082
2025-12-17 11:58:27,861 - INFO -   Std: 0.240751
2025-12-17 11:58:28,314 - INFO - Generation 170
2025-12-17 11:58:28,315 - INFO -   Best: 1603.627484
2025-12-17 11:58:28,315 - INFO -   Min: 1603.627484
2025-12-17 11:58:28,315 - INFO -   Max: 1605.751069
2025-12-17 11:58:28,315 - INFO -   Avg: 1604.971324
2025-12-17 11:58:28,315 - INFO -   Std: 0.212768
2025-12-17 11:58:28,767 - INFO - Generation 180
2025-12-17 11:58:28,767 - INFO -   Best: 1603.627484
2025-12-17 11:58:28,767 - INFO -   Min: 1603.627484
2025-12-17 11:58:28,767 - INFO -   Max: 1605.251179
2025-12-17 11:58:28,768 - INFO -   Avg: 1604.961353
2025-12-17 11:58:28,768 - INFO -   Std: 0.209387
2025-12-17 11:58:29,223 - INFO - Generation 190
2025-12-17 11:58:29,223 - INFO -   Best: 1603.627484
2025-12-17 11:58:29,224 - INFO -   Min: 1603.627484
2025-12-17 11:58:29,224 - INFO -   Max: 1605.564394
2025-12-17 11:58:29,224 - INFO -   Avg: 1604.957494
2025-12-17 11:58:29,224 - INFO -   Std: 0.243877
2025-12-17 11:58:29,675 - INFO - Generation 200
2025-12-17 11:58:29,675 - INFO -   Best: 1603.627484
2025-12-17 11:58:29,675 - INFO -   Min: 1603.627484
2025-12-17 11:58:29,677 - INFO -   Max: 1605.677737
2025-12-17 11:58:29,677 - INFO -   Avg: 1604.957369
2025-12-17 11:58:29,677 - INFO -   Std: 0.225585
2025-12-17 11:58:29,691 - INFO - 
Final best fitness: 1603.6274840044
2025-12-17 11:58:29,691 - INFO - Execution time: 9.17s
