2025-12-17 12:24:16,488 - INFO - Representation: Real
2025-12-17 12:24:16,488 - INFO - Number of genes: 2
2025-12-17 12:24:16,488 - INFO - Bounds: [0, 3.141592653589793]
2025-12-17 12:24:16,489 - INFO - Function: michalewicz
2025-12-17 12:24:16,489 - INFO - Population size: 100
2025-12-17 12:24:16,489 - INFO - Generations: 200
2025-12-17 12:24:16,489 - INFO - Selection: rws
2025-12-17 12:24:16,489 - INFO - Crossover: two_points
2025-12-17 12:24:16,489 - INFO - Mutation: swap
2025-12-17 12:24:16,489 - INFO - 
2025-12-17 12:24:16,536 - INFO - Generation 10
2025-12-17 12:24:16,536 - INFO -   Best: -1.750143
2025-12-17 12:24:16,537 - INFO -   Min: -1.750143
2025-12-17 12:24:16,537 - INFO -   Max: -0.001378
2025-12-17 12:24:16,537 - INFO -   Avg: -0.830366
2025-12-17 12:24:16,537 - INFO -   Std: 0.210948
2025-12-17 12:24:16,577 - INFO - Generation 20
2025-12-17 12:24:16,578 - INFO -   Best: -1.750143
2025-12-17 12:24:16,578 - INFO -   Min: -1.750143
2025-12-17 12:24:16,578 - INFO -   Max: -0.842935
2025-12-17 12:24:16,578 - INFO -   Avg: -0.934533
2025-12-17 12:24:16,578 - INFO -   Std: 0.136830
2025-12-17 12:24:16,618 - INFO - Generation 30
2025-12-17 12:24:16,618 - INFO -   Best: -1.750143
2025-12-17 12:24:16,618 - INFO -   Min: -1.750143
2025-12-17 12:24:16,618 - INFO -   Max: -0.844069
2025-12-17 12:24:16,619 - INFO -   Avg: -0.996980
2025-12-17 12:24:16,619 - INFO -   Std: 0.112131
2025-12-17 12:24:16,658 - INFO - Generation 40
2025-12-17 12:24:16,658 - INFO -   Best: -1.750143
2025-12-17 12:24:16,658 - INFO -   Min: -1.750143
2025-12-17 12:24:16,658 - INFO -   Max: -0.001378
2025-12-17 12:24:16,658 - INFO -   Avg: -0.935093
2025-12-17 12:24:16,659 - INFO -   Std: 0.277414
2025-12-17 12:24:16,699 - INFO - Generation 50
2025-12-17 12:24:16,699 - INFO -   Best: -1.750143
2025-12-17 12:24:16,699 - INFO -   Min: -1.750143
2025-12-17 12:24:16,700 - INFO -   Max: -0.001378
2025-12-17 12:24:16,700 - INFO -   Avg: -0.964722
2025-12-17 12:24:16,700 - INFO -   Std: 0.223636
2025-12-17 12:24:16,740 - INFO - Generation 60
2025-12-17 12:24:16,740 - INFO -   Best: -1.750143
2025-12-17 12:24:16,740 - INFO -   Min: -1.750143
2025-12-17 12:24:16,740 - INFO -   Max: -0.001378
2025-12-17 12:24:16,741 - INFO -   Avg: -0.994351
2025-12-17 12:24:16,741 - INFO -   Std: 0.145987
2025-12-17 12:24:16,779 - INFO - Generation 70
2025-12-17 12:24:16,780 - INFO -   Best: -1.750143
2025-12-17 12:24:16,780 - INFO -   Min: -1.750143
2025-12-17 12:24:16,780 - INFO -   Max: -0.001378
2025-12-17 12:24:16,780 - INFO -   Avg: -0.974598
2025-12-17 12:24:16,781 - INFO -   Std: 0.201597
2025-12-17 12:24:16,821 - INFO - Generation 80
2025-12-17 12:24:16,822 - INFO -   Best: -1.750143
2025-12-17 12:24:16,822 - INFO -   Min: -1.750143
2025-12-17 12:24:16,822 - INFO -   Max: -0.989004
2025-12-17 12:24:16,822 - INFO -   Avg: -1.004227
2025-12-17 12:24:16,822 - INFO -   Std: 0.106559
2025-12-17 12:24:16,862 - INFO - Generation 90
2025-12-17 12:24:16,863 - INFO -   Best: -1.750143
2025-12-17 12:24:16,863 - INFO -   Min: -1.750143
2025-12-17 12:24:16,863 - INFO -   Max: -0.001378
2025-12-17 12:24:16,863 - INFO -   Avg: -0.964722
2025-12-17 12:24:16,863 - INFO -   Std: 0.223636
2025-12-17 12:24:16,902 - INFO - Generation 100
2025-12-17 12:24:16,902 - INFO -   Best: -1.750143
2025-12-17 12:24:16,902 - INFO -   Min: -1.750143
2025-12-17 12:24:16,902 - INFO -   Max: -0.001378
2025-12-17 12:24:16,902 - INFO -   Avg: -0.935093
2025-12-17 12:24:16,902 - INFO -   Std: 0.277414
2025-12-17 12:24:16,943 - INFO - Generation 110
2025-12-17 12:24:16,943 - INFO -   Best: -1.750143
2025-12-17 12:24:16,943 - INFO -   Min: -1.750143
2025-12-17 12:24:16,943 - INFO -   Max: -0.001378
2025-12-17 12:24:16,943 - INFO -   Avg: -0.954846
2025-12-17 12:24:16,943 - INFO -   Std: 0.243290
2025-12-17 12:24:16,983 - INFO - Generation 120
2025-12-17 12:24:16,983 - INFO -   Best: -1.750143
2025-12-17 12:24:16,983 - INFO -   Min: -1.750143
2025-12-17 12:24:16,983 - INFO -   Max: -0.001378
2025-12-17 12:24:16,983 - INFO -   Avg: -0.964722
2025-12-17 12:24:16,984 - INFO -   Std: 0.223636
2025-12-17 12:24:17,024 - INFO - Generation 130
2025-12-17 12:24:17,024 - INFO -   Best: -1.750143
2025-12-17 12:24:17,025 - INFO -   Min: -1.750143
2025-12-17 12:24:17,025 - INFO -   Max: -0.989004
2025-12-17 12:24:17,025 - INFO -   Avg: -1.004227
2025-12-17 12:24:17,025 - INFO -   Std: 0.106559
2025-12-17 12:24:17,066 - INFO - Generation 140
2025-12-17 12:24:17,066 - INFO -   Best: -1.750143
2025-12-17 12:24:17,066 - INFO -   Min: -1.750143
2025-12-17 12:24:17,066 - INFO -   Max: -0.001378
2025-12-17 12:24:17,066 - INFO -   Avg: -0.935093
2025-12-17 12:24:17,066 - INFO -   Std: 0.277414
2025-12-17 12:24:17,106 - INFO - Generation 150
2025-12-17 12:24:17,106 - INFO -   Best: -1.750143
2025-12-17 12:24:17,106 - INFO -   Min: -1.750143
2025-12-17 12:24:17,107 - INFO -   Max: -0.001378
2025-12-17 12:24:17,107 - INFO -   Avg: -0.925217
2025-12-17 12:24:17,107 - INFO -   Std: 0.292490
2025-12-17 12:24:17,147 - INFO - Generation 160
2025-12-17 12:24:17,147 - INFO -   Best: -1.750143
2025-12-17 12:24:17,147 - INFO -   Min: -1.750143
2025-12-17 12:24:17,147 - INFO -   Max: -0.001378
2025-12-17 12:24:17,147 - INFO -   Avg: -0.984474
2025-12-17 12:24:17,147 - INFO -   Std: 0.176279
2025-12-17 12:24:17,188 - INFO - Generation 170
2025-12-17 12:24:17,189 - INFO -   Best: -1.750143
2025-12-17 12:24:17,189 - INFO -   Min: -1.750143
2025-12-17 12:24:17,189 - INFO -   Max: -0.001378
2025-12-17 12:24:17,189 - INFO -   Avg: -0.925217
2025-12-17 12:24:17,189 - INFO -   Std: 0.292490
2025-12-17 12:24:17,229 - INFO - Generation 180
2025-12-17 12:24:17,230 - INFO -   Best: -1.750143
2025-12-17 12:24:17,230 - INFO -   Min: -1.750143
2025-12-17 12:24:17,230 - INFO -   Max: -0.001378
2025-12-17 12:24:17,230 - INFO -   Avg: -0.944969
2025-12-17 12:24:17,230 - INFO -   Std: 0.261097
2025-12-17 12:24:17,271 - INFO - Generation 190
2025-12-17 12:24:17,272 - INFO -   Best: -1.750143
2025-12-17 12:24:17,272 - INFO -   Min: -1.750143
2025-12-17 12:24:17,272 - INFO -   Max: -0.001378
2025-12-17 12:24:17,272 - INFO -   Avg: -0.964722
2025-12-17 12:24:17,272 - INFO -   Std: 0.223636
2025-12-17 12:24:17,313 - INFO - Generation 200
2025-12-17 12:24:17,313 - INFO -   Best: -1.750143
2025-12-17 12:24:17,313 - INFO -   Min: -1.750143
2025-12-17 12:24:17,313 - INFO -   Max: -0.989004
2025-12-17 12:24:17,313 - INFO -   Avg: -1.004227
2025-12-17 12:24:17,314 - INFO -   Std: 0.106559
2025-12-17 12:24:17,316 - INFO - 
Final best fitness: -1.7501428812
2025-12-17 12:24:17,316 - INFO - Execution time: 0.82s
