2025-12-17 12:08:25,350 - INFO - Representation: Binary
2025-12-17 12:08:25,351 - INFO - Bits per variable: 12
2025-12-17 12:08:25,351 - INFO - Total genes: 60
2025-12-17 12:08:25,351 - INFO - Function: michalewicz
2025-12-17 12:08:25,351 - INFO - Population size: 100
2025-12-17 12:08:25,351 - INFO - Generations: 200
2025-12-17 12:08:25,351 - INFO - Selection: rws
2025-12-17 12:08:25,352 - INFO - Crossover: two_points
2025-12-17 12:08:25,352 - INFO - Mutation: swap
2025-12-17 12:08:25,352 - INFO - 
2025-12-17 12:08:25,538 - INFO - Generation 10
2025-12-17 12:08:25,538 - INFO -   Best: -4.458868
2025-12-17 12:08:25,538 - INFO -   Min: -4.458868
2025-12-17 12:08:25,538 - INFO -   Max: -1.255911
2025-12-17 12:08:25,538 - INFO -   Avg: -2.885099
2025-12-17 12:08:25,539 - INFO -   Std: 0.798931
2025-12-17 12:08:25,617 - INFO - Generation 20
2025-12-17 12:08:25,617 - INFO -   Best: -4.491652
2025-12-17 12:08:25,618 - INFO -   Min: -4.491652
2025-12-17 12:08:25,618 - INFO -   Max: -1.467788
2025-12-17 12:08:25,618 - INFO -   Avg: -3.357694
2025-12-17 12:08:25,618 - INFO -   Std: 0.682137
2025-12-17 12:08:25,698 - INFO - Generation 30
2025-12-17 12:08:25,699 - INFO -   Best: -4.491915
2025-12-17 12:08:25,699 - INFO -   Min: -4.491915
2025-12-17 12:08:25,699 - INFO -   Max: -1.582566
2025-12-17 12:08:25,699 - INFO -   Avg: -3.537863
2025-12-17 12:08:25,699 - INFO -   Std: 0.735541
2025-12-17 12:08:25,782 - INFO - Generation 40
2025-12-17 12:08:25,782 - INFO -   Best: -4.491915
2025-12-17 12:08:25,782 - INFO -   Min: -4.491915
2025-12-17 12:08:25,783 - INFO -   Max: -1.716768
2025-12-17 12:08:25,783 - INFO -   Avg: -3.335182
2025-12-17 12:08:25,783 - INFO -   Std: 0.609863
2025-12-17 12:08:25,867 - INFO - Generation 50
2025-12-17 12:08:25,867 - INFO -   Best: -4.496980
2025-12-17 12:08:25,867 - INFO -   Min: -4.496980
2025-12-17 12:08:25,868 - INFO -   Max: -2.308340
2025-12-17 12:08:25,868 - INFO -   Avg: -3.611210
2025-12-17 12:08:25,868 - INFO -   Std: 0.536729
2025-12-17 12:08:25,952 - INFO - Generation 60
2025-12-17 12:08:25,952 - INFO -   Best: -4.499009
2025-12-17 12:08:25,952 - INFO -   Min: -4.499009
2025-12-17 12:08:25,952 - INFO -   Max: -1.157104
2025-12-17 12:08:25,952 - INFO -   Avg: -3.564648
2025-12-17 12:08:25,953 - INFO -   Std: 0.648055
2025-12-17 12:08:26,035 - INFO - Generation 70
2025-12-17 12:08:26,035 - INFO -   Best: -4.499995
2025-12-17 12:08:26,035 - INFO -   Min: -4.499995
2025-12-17 12:08:26,035 - INFO -   Max: -0.931561
2025-12-17 12:08:26,035 - INFO -   Avg: -3.287586
2025-12-17 12:08:26,036 - INFO -   Std: 0.755041
2025-12-17 12:08:26,119 - INFO - Generation 80
2025-12-17 12:08:26,119 - INFO -   Best: -4.501877
2025-12-17 12:08:26,119 - INFO -   Min: -4.501877
2025-12-17 12:08:26,119 - INFO -   Max: -2.089038
2025-12-17 12:08:26,120 - INFO -   Avg: -3.682518
2025-12-17 12:08:26,120 - INFO -   Std: 0.607164
2025-12-17 12:08:26,203 - INFO - Generation 90
2025-12-17 12:08:26,203 - INFO -   Best: -4.501877
2025-12-17 12:08:26,204 - INFO -   Min: -4.501877
2025-12-17 12:08:26,204 - INFO -   Max: -2.602448
2025-12-17 12:08:26,204 - INFO -   Avg: -3.941894
2025-12-17 12:08:26,204 - INFO -   Std: 0.488140
2025-12-17 12:08:26,286 - INFO - Generation 100
2025-12-17 12:08:26,286 - INFO -   Best: -4.501877
2025-12-17 12:08:26,286 - INFO -   Min: -4.501877
2025-12-17 12:08:26,286 - INFO -   Max: -2.622935
2025-12-17 12:08:26,287 - INFO -   Avg: -3.979008
2025-12-17 12:08:26,287 - INFO -   Std: 0.474903
2025-12-17 12:08:26,369 - INFO - Generation 110
2025-12-17 12:08:26,369 - INFO -   Best: -4.501877
2025-12-17 12:08:26,369 - INFO -   Min: -4.501877
2025-12-17 12:08:26,370 - INFO -   Max: -2.453031
2025-12-17 12:08:26,370 - INFO -   Avg: -3.905869
2025-12-17 12:08:26,370 - INFO -   Std: 0.401997
2025-12-17 12:08:26,454 - INFO - Generation 120
2025-12-17 12:08:26,455 - INFO -   Best: -4.501877
2025-12-17 12:08:26,455 - INFO -   Min: -4.501877
2025-12-17 12:08:26,455 - INFO -   Max: -2.335047
2025-12-17 12:08:26,455 - INFO -   Avg: -3.968384
2025-12-17 12:08:26,455 - INFO -   Std: 0.462197
2025-12-17 12:08:26,541 - INFO - Generation 130
2025-12-17 12:08:26,541 - INFO -   Best: -4.501877
2025-12-17 12:08:26,541 - INFO -   Min: -4.501877
2025-12-17 12:08:26,542 - INFO -   Max: -2.526795
2025-12-17 12:08:26,542 - INFO -   Avg: -4.053886
2025-12-17 12:08:26,542 - INFO -   Std: 0.459350
2025-12-17 12:08:26,624 - INFO - Generation 140
2025-12-17 12:08:26,624 - INFO -   Best: -4.501877
2025-12-17 12:08:26,624 - INFO -   Min: -4.501877
2025-12-17 12:08:26,624 - INFO -   Max: -2.777898
2025-12-17 12:08:26,625 - INFO -   Avg: -4.210116
2025-12-17 12:08:26,625 - INFO -   Std: 0.317236
2025-12-17 12:08:26,708 - INFO - Generation 150
2025-12-17 12:08:26,708 - INFO -   Best: -4.501877
2025-12-17 12:08:26,709 - INFO -   Min: -4.501877
2025-12-17 12:08:26,709 - INFO -   Max: -2.058551
2025-12-17 12:08:26,709 - INFO -   Avg: -3.992196
2025-12-17 12:08:26,709 - INFO -   Std: 0.451754
2025-12-17 12:08:26,794 - INFO - Generation 160
2025-12-17 12:08:26,795 - INFO -   Best: -4.501877
2025-12-17 12:08:26,795 - INFO -   Min: -4.501877
2025-12-17 12:08:26,795 - INFO -   Max: -2.007652
2025-12-17 12:08:26,795 - INFO -   Avg: -3.785832
2025-12-17 12:08:26,795 - INFO -   Std: 0.586160
2025-12-17 12:08:26,881 - INFO - Generation 170
2025-12-17 12:08:26,882 - INFO -   Best: -4.501877
2025-12-17 12:08:26,882 - INFO -   Min: -4.501877
2025-12-17 12:08:26,882 - INFO -   Max: -2.535979
2025-12-17 12:08:26,882 - INFO -   Avg: -3.925224
2025-12-17 12:08:26,882 - INFO -   Std: 0.465693
2025-12-17 12:08:26,966 - INFO - Generation 180
2025-12-17 12:08:26,966 - INFO -   Best: -4.501877
2025-12-17 12:08:26,967 - INFO -   Min: -4.501877
2025-12-17 12:08:26,967 - INFO -   Max: -2.458144
2025-12-17 12:08:26,967 - INFO -   Avg: -3.965932
2025-12-17 12:08:26,967 - INFO -   Std: 0.489562
2025-12-17 12:08:27,049 - INFO - Generation 190
2025-12-17 12:08:27,049 - INFO -   Best: -4.501877
2025-12-17 12:08:27,049 - INFO -   Min: -4.501877
2025-12-17 12:08:27,049 - INFO -   Max: -1.850333
2025-12-17 12:08:27,049 - INFO -   Avg: -3.580315
2025-12-17 12:08:27,050 - INFO -   Std: 0.643125
2025-12-17 12:08:27,133 - INFO - Generation 200
2025-12-17 12:08:27,133 - INFO -   Best: -4.501877
2025-12-17 12:08:27,133 - INFO -   Min: -4.501877
2025-12-17 12:08:27,133 - INFO -   Max: -2.012647
2025-12-17 12:08:27,133 - INFO -   Avg: -3.542399
2025-12-17 12:08:27,134 - INFO -   Std: 0.561279
2025-12-17 12:08:27,140 - INFO - 
Final best fitness: -4.5018772015
2025-12-17 12:08:27,140 - INFO - Execution time: 1.68s
