2025-12-17 11:34:44,193 - INFO - Representation: Real
2025-12-17 11:34:44,193 - INFO - Number of genes: 5
2025-12-17 11:34:44,193 - INFO - Bounds: [0, 3.141592653589793]
2025-12-17 11:34:44,193 - INFO - Function: michalewicz
2025-12-17 11:34:44,193 - INFO - Population size: 100
2025-12-17 11:34:44,194 - INFO - Generations: 200
2025-12-17 11:34:44,194 - INFO - Selection: tournament
2025-12-17 11:34:44,194 - INFO - Crossover: single_point
2025-12-17 11:34:44,194 - INFO - Mutation: random
2025-12-17 11:34:44,194 - INFO - 
2025-12-17 11:34:44,243 - INFO - Generation 10
2025-12-17 11:34:44,244 - INFO -   Best: -3.979001
2025-12-17 11:34:44,244 - INFO -   Min: -3.979001
2025-12-17 11:34:44,244 - INFO -   Max: -1.423459
2025-12-17 11:34:44,244 - INFO -   Avg: -3.264768
2025-12-17 11:34:44,245 - INFO -   Std: 0.620159
2025-12-17 11:34:44,283 - INFO - Generation 20
2025-12-17 11:34:44,284 - INFO -   Best: -4.110076
2025-12-17 11:34:44,284 - INFO -   Min: -4.110076
2025-12-17 11:34:44,284 - INFO -   Max: -1.580541
2025-12-17 11:34:44,284 - INFO -   Avg: -3.567459
2025-12-17 11:34:44,284 - INFO -   Std: 0.627092
2025-12-17 11:34:44,325 - INFO - Generation 30
2025-12-17 11:34:44,326 - INFO -   Best: -4.139205
2025-12-17 11:34:44,326 - INFO -   Min: -4.139205
2025-12-17 11:34:44,326 - INFO -   Max: -0.934500
2025-12-17 11:34:44,326 - INFO -   Avg: -3.437646
2025-12-17 11:34:44,326 - INFO -   Std: 0.774706
2025-12-17 11:34:44,367 - INFO - Generation 40
2025-12-17 11:34:44,368 - INFO -   Best: -4.152448
2025-12-17 11:34:44,368 - INFO -   Min: -4.152448
2025-12-17 11:34:44,368 - INFO -   Max: -1.465736
2025-12-17 11:34:44,368 - INFO -   Avg: -3.713694
2025-12-17 11:34:44,368 - INFO -   Std: 0.624649
2025-12-17 11:34:44,411 - INFO - Generation 50
2025-12-17 11:34:44,411 - INFO -   Best: -4.152448
2025-12-17 11:34:44,412 - INFO -   Min: -4.152448
2025-12-17 11:34:44,412 - INFO -   Max: -1.668840
2025-12-17 11:34:44,412 - INFO -   Avg: -3.739185
2025-12-17 11:34:44,412 - INFO -   Std: 0.608717
2025-12-17 11:34:44,457 - INFO - Generation 60
2025-12-17 11:34:44,457 - INFO -   Best: -4.152448
2025-12-17 11:34:44,457 - INFO -   Min: -4.152448
2025-12-17 11:34:44,457 - INFO -   Max: -2.255941
2025-12-17 11:34:44,457 - INFO -   Avg: -3.690044
2025-12-17 11:34:44,458 - INFO -   Std: 0.523696
2025-12-17 11:34:44,498 - INFO - Generation 70
2025-12-17 11:34:44,498 - INFO -   Best: -4.152448
2025-12-17 11:34:44,499 - INFO -   Min: -4.152448
2025-12-17 11:34:44,499 - INFO -   Max: -1.275559
2025-12-17 11:34:44,499 - INFO -   Avg: -3.803381
2025-12-17 11:34:44,499 - INFO -   Std: 0.600235
2025-12-17 11:34:44,539 - INFO - Generation 80
2025-12-17 11:34:44,539 - INFO -   Best: -4.152448
2025-12-17 11:34:44,540 - INFO -   Min: -4.152448
2025-12-17 11:34:44,540 - INFO -   Max: -2.312954
2025-12-17 11:34:44,540 - INFO -   Avg: -3.647989
2025-12-17 11:34:44,540 - INFO -   Std: 0.540028
2025-12-17 11:34:44,581 - INFO - Generation 90
2025-12-17 11:34:44,581 - INFO -   Best: -4.152448
2025-12-17 11:34:44,581 - INFO -   Min: -4.152448
2025-12-17 11:34:44,581 - INFO -   Max: -1.851458
2025-12-17 11:34:44,581 - INFO -   Avg: -3.663566
2025-12-17 11:34:44,581 - INFO -   Std: 0.650025
2025-12-17 11:34:44,623 - INFO - Generation 100
2025-12-17 11:34:44,623 - INFO -   Best: -4.152448
2025-12-17 11:34:44,624 - INFO -   Min: -4.152448
2025-12-17 11:34:44,624 - INFO -   Max: 0.084738
2025-12-17 11:34:44,624 - INFO -   Avg: -3.744067
2025-12-17 11:34:44,624 - INFO -   Std: 0.686797
2025-12-17 11:34:44,665 - INFO - Generation 110
2025-12-17 11:34:44,665 - INFO -   Best: -4.152448
2025-12-17 11:34:44,665 - INFO -   Min: -4.152448
2025-12-17 11:34:44,666 - INFO -   Max: -1.878191
2025-12-17 11:34:44,666 - INFO -   Avg: -3.736363
2025-12-17 11:34:44,666 - INFO -   Std: 0.571616
2025-12-17 11:34:44,705 - INFO - Generation 120
2025-12-17 11:34:44,705 - INFO -   Best: -4.152448
2025-12-17 11:34:44,705 - INFO -   Min: -4.152448
2025-12-17 11:34:44,705 - INFO -   Max: -1.494899
2025-12-17 11:34:44,706 - INFO -   Avg: -3.657456
2025-12-17 11:34:44,706 - INFO -   Std: 0.647859
2025-12-17 11:34:44,746 - INFO - Generation 130
2025-12-17 11:34:44,746 - INFO -   Best: -4.152448
2025-12-17 11:34:44,747 - INFO -   Min: -4.152448
2025-12-17 11:34:44,747 - INFO -   Max: -1.882207
2025-12-17 11:34:44,747 - INFO -   Avg: -3.720801
2025-12-17 11:34:44,747 - INFO -   Std: 0.558873
2025-12-17 11:34:44,788 - INFO - Generation 140
2025-12-17 11:34:44,789 - INFO -   Best: -4.152448
2025-12-17 11:34:44,789 - INFO -   Min: -4.152448
2025-12-17 11:34:44,789 - INFO -   Max: -1.436592
2025-12-17 11:34:44,789 - INFO -   Avg: -3.652408
2025-12-17 11:34:44,789 - INFO -   Std: 0.631810
2025-12-17 11:34:44,830 - INFO - Generation 150
2025-12-17 11:34:44,830 - INFO -   Best: -4.152448
2025-12-17 11:34:44,831 - INFO -   Min: -4.152448
2025-12-17 11:34:44,831 - INFO -   Max: -1.453266
2025-12-17 11:34:44,831 - INFO -   Avg: -3.636751
2025-12-17 11:34:44,831 - INFO -   Std: 0.659770
2025-12-17 11:34:44,872 - INFO - Generation 160
2025-12-17 11:34:44,872 - INFO -   Best: -4.152448
2025-12-17 11:34:44,872 - INFO -   Min: -4.152448
2025-12-17 11:34:44,873 - INFO -   Max: -1.445490
2025-12-17 11:34:44,873 - INFO -   Avg: -3.725776
2025-12-17 11:34:44,873 - INFO -   Std: 0.649677
2025-12-17 11:34:44,912 - INFO - Generation 170
2025-12-17 11:34:44,912 - INFO -   Best: -4.152448
2025-12-17 11:34:44,912 - INFO -   Min: -4.152448
2025-12-17 11:34:44,913 - INFO -   Max: -1.265754
2025-12-17 11:34:44,913 - INFO -   Avg: -3.693220
2025-12-17 11:34:44,913 - INFO -   Std: 0.702952
2025-12-17 11:34:44,955 - INFO - Generation 180
2025-12-17 11:34:44,955 - INFO -   Best: -4.152448
2025-12-17 11:34:44,955 - INFO -   Min: -4.152448
2025-12-17 11:34:44,955 - INFO -   Max: -1.548599
2025-12-17 11:34:44,955 - INFO -   Avg: -3.615125
2025-12-17 11:34:44,956 - INFO -   Std: 0.640462
2025-12-17 11:34:44,996 - INFO - Generation 190
2025-12-17 11:34:44,997 - INFO -   Best: -4.152448
2025-12-17 11:34:44,997 - INFO -   Min: -4.152448
2025-12-17 11:34:44,997 - INFO -   Max: -1.527919
2025-12-17 11:34:44,997 - INFO -   Avg: -3.593513
2025-12-17 11:34:44,997 - INFO -   Std: 0.658989
2025-12-17 11:34:45,037 - INFO - Generation 200
2025-12-17 11:34:45,037 - INFO -   Best: -4.152869
2025-12-17 11:34:45,037 - INFO -   Min: -4.152869
2025-12-17 11:34:45,037 - INFO -   Max: -1.460082
2025-12-17 11:34:45,038 - INFO -   Avg: -3.643356
2025-12-17 11:34:45,038 - INFO -   Std: 0.686954
2025-12-17 11:34:45,041 - INFO - 
Final best fitness: -4.1524479278
2025-12-17 11:34:45,041 - INFO - Execution time: 0.84s
2025-12-17 11:35:09,658 - INFO - Representation: Real
2025-12-17 11:35:09,658 - INFO - Number of genes: 10
2025-12-17 11:35:09,658 - INFO - Bounds: [0, 3.141592653589793]
2025-12-17 11:35:09,658 - INFO - Function: michalewicz
2025-12-17 11:35:09,659 - INFO - Population size: 100
2025-12-17 11:35:09,659 - INFO - Generations: 200
2025-12-17 11:35:09,659 - INFO - Selection: tournament
2025-12-17 11:35:09,659 - INFO - Crossover: single_point
2025-12-17 11:35:09,659 - INFO - Mutation: random
2025-12-17 11:35:09,659 - INFO - 
2025-12-17 11:35:09,730 - INFO - Generation 10
2025-12-17 11:35:09,730 - INFO -   Best: -6.705023
2025-12-17 11:35:09,730 - INFO -   Min: -6.705023
2025-12-17 11:35:09,730 - INFO -   Max: -2.049220
2025-12-17 11:35:09,730 - INFO -   Avg: -4.709890
2025-12-17 11:35:09,730 - INFO -   Std: 0.975303
2025-12-17 11:35:09,787 - INFO - Generation 20
2025-12-17 11:35:09,787 - INFO -   Best: -8.135105
2025-12-17 11:35:09,787 - INFO -   Min: -8.135105
2025-12-17 11:35:09,787 - INFO -   Max: -3.723582
2025-12-17 11:35:09,788 - INFO -   Avg: -6.325605
2025-12-17 11:35:09,788 - INFO -   Std: 1.014086
2025-12-17 11:35:09,844 - INFO - Generation 30
2025-12-17 11:35:09,844 - INFO -   Best: -8.263440
2025-12-17 11:35:09,844 - INFO -   Min: -8.263440
2025-12-17 11:35:09,845 - INFO -   Max: -3.972736
2025-12-17 11:35:09,845 - INFO -   Avg: -6.772461
2025-12-17 11:35:09,845 - INFO -   Std: 0.979760
2025-12-17 11:35:09,899 - INFO - Generation 40
2025-12-17 11:35:09,900 - INFO -   Best: -8.511058
2025-12-17 11:35:09,900 - INFO -   Min: -8.511058
2025-12-17 11:35:09,900 - INFO -   Max: -4.222286
2025-12-17 11:35:09,900 - INFO -   Avg: -7.057097
2025-12-17 11:35:09,900 - INFO -   Std: 0.991533
2025-12-17 11:35:09,956 - INFO - Generation 50
2025-12-17 11:35:09,956 - INFO -   Best: -8.521621
2025-12-17 11:35:09,956 - INFO -   Min: -8.521621
2025-12-17 11:35:09,956 - INFO -   Max: -4.971022
2025-12-17 11:35:09,956 - INFO -   Avg: -7.427364
2025-12-17 11:35:09,957 - INFO -   Std: 0.833963
2025-12-17 11:35:10,012 - INFO - Generation 60
2025-12-17 11:35:10,013 - INFO -   Best: -8.675496
2025-12-17 11:35:10,013 - INFO -   Min: -8.675496
2025-12-17 11:35:10,013 - INFO -   Max: -4.319284
2025-12-17 11:35:10,013 - INFO -   Avg: -7.294372
2025-12-17 11:35:10,013 - INFO -   Std: 1.019978
2025-12-17 11:35:10,068 - INFO - Generation 70
2025-12-17 11:35:10,068 - INFO -   Best: -8.675496
2025-12-17 11:35:10,069 - INFO -   Min: -8.675496
2025-12-17 11:35:10,069 - INFO -   Max: -4.260493
2025-12-17 11:35:10,069 - INFO -   Avg: -7.223532
2025-12-17 11:35:10,069 - INFO -   Std: 1.016388
2025-12-17 11:35:10,126 - INFO - Generation 80
2025-12-17 11:35:10,126 - INFO -   Best: -8.721088
2025-12-17 11:35:10,126 - INFO -   Min: -8.721088
2025-12-17 11:35:10,127 - INFO -   Max: -2.318247
2025-12-17 11:35:10,127 - INFO -   Avg: -7.208528
2025-12-17 11:35:10,127 - INFO -   Std: 1.199604
2025-12-17 11:35:10,183 - INFO - Generation 90
2025-12-17 11:35:10,183 - INFO -   Best: -8.721088
2025-12-17 11:35:10,183 - INFO -   Min: -8.721088
2025-12-17 11:35:10,183 - INFO -   Max: -5.150019
2025-12-17 11:35:10,184 - INFO -   Avg: -7.407044
2025-12-17 11:35:10,184 - INFO -   Std: 0.921729
2025-12-17 11:35:10,240 - INFO - Generation 100
2025-12-17 11:35:10,240 - INFO -   Best: -8.721088
2025-12-17 11:35:10,241 - INFO -   Min: -8.721088
2025-12-17 11:35:10,241 - INFO -   Max: -2.166920
2025-12-17 11:35:10,241 - INFO -   Avg: -7.592080
2025-12-17 11:35:10,241 - INFO -   Std: 1.099493
2025-12-17 11:35:10,299 - INFO - Generation 110
2025-12-17 11:35:10,300 - INFO -   Best: -8.739146
2025-12-17 11:35:10,300 - INFO -   Min: -8.739146
2025-12-17 11:35:10,300 - INFO -   Max: -4.118087
2025-12-17 11:35:10,300 - INFO -   Avg: -7.024237
2025-12-17 11:35:10,300 - INFO -   Std: 1.087060
2025-12-17 11:35:10,356 - INFO - Generation 120
2025-12-17 11:35:10,356 - INFO -   Best: -8.800573
2025-12-17 11:35:10,357 - INFO -   Min: -8.800573
2025-12-17 11:35:10,357 - INFO -   Max: -4.172995
2025-12-17 11:35:10,357 - INFO -   Avg: -7.266012
2025-12-17 11:35:10,357 - INFO -   Std: 1.221074
2025-12-17 11:35:10,413 - INFO - Generation 130
2025-12-17 11:35:10,413 - INFO -   Best: -9.289900
2025-12-17 11:35:10,413 - INFO -   Min: -9.289900
2025-12-17 11:35:10,414 - INFO -   Max: -5.191784
2025-12-17 11:35:10,414 - INFO -   Avg: -7.815417
2025-12-17 11:35:10,414 - INFO -   Std: 0.976548
2025-12-17 11:35:10,469 - INFO - Generation 140
2025-12-17 11:35:10,470 - INFO -   Best: -9.408628
2025-12-17 11:35:10,470 - INFO -   Min: -9.408628
2025-12-17 11:35:10,470 - INFO -   Max: -4.445073
2025-12-17 11:35:10,470 - INFO -   Avg: -7.675519
2025-12-17 11:35:10,470 - INFO -   Std: 1.131606
2025-12-17 11:35:10,525 - INFO - Generation 150
2025-12-17 11:35:10,525 - INFO -   Best: -9.408628
2025-12-17 11:35:10,525 - INFO -   Min: -9.408628
2025-12-17 11:35:10,525 - INFO -   Max: -5.006264
2025-12-17 11:35:10,525 - INFO -   Avg: -7.779725
2025-12-17 11:35:10,526 - INFO -   Std: 1.018891
2025-12-17 11:35:10,583 - INFO - Generation 160
2025-12-17 11:35:10,583 - INFO -   Best: -9.408628
2025-12-17 11:35:10,583 - INFO -   Min: -9.408628
2025-12-17 11:35:10,583 - INFO -   Max: -3.844381
2025-12-17 11:35:10,583 - INFO -   Avg: -7.711146
2025-12-17 11:35:10,584 - INFO -   Std: 1.174673
2025-12-17 11:35:10,640 - INFO - Generation 170
2025-12-17 11:35:10,640 - INFO -   Best: -9.408628
2025-12-17 11:35:10,640 - INFO -   Min: -9.408628
2025-12-17 11:35:10,641 - INFO -   Max: -4.237496
2025-12-17 11:35:10,641 - INFO -   Avg: -7.614223
2025-12-17 11:35:10,641 - INFO -   Std: 1.265291
2025-12-17 11:35:10,697 - INFO - Generation 180
2025-12-17 11:35:10,697 - INFO -   Best: -9.408628
2025-12-17 11:35:10,697 - INFO -   Min: -9.408628
2025-12-17 11:35:10,698 - INFO -   Max: -3.124281
2025-12-17 11:35:10,698 - INFO -   Avg: -7.523822
2025-12-17 11:35:10,698 - INFO -   Std: 1.129663
2025-12-17 11:35:10,753 - INFO - Generation 190
2025-12-17 11:35:10,754 - INFO -   Best: -9.408628
2025-12-17 11:35:10,754 - INFO -   Min: -9.408628
2025-12-17 11:35:10,754 - INFO -   Max: -5.222382
2025-12-17 11:35:10,754 - INFO -   Avg: -8.164655
2025-12-17 11:35:10,754 - INFO -   Std: 0.907363
2025-12-17 11:35:10,812 - INFO - Generation 200
2025-12-17 11:35:10,812 - INFO -   Best: -9.408628
2025-12-17 11:35:10,812 - INFO -   Min: -9.408628
2025-12-17 11:35:10,812 - INFO -   Max: -5.572130
2025-12-17 11:35:10,812 - INFO -   Avg: -8.035581
2025-12-17 11:35:10,813 - INFO -   Std: 0.936100
2025-12-17 11:35:10,816 - INFO - 
Final best fitness: -9.4086278257
2025-12-17 11:35:10,816 - INFO - Execution time: 1.14s
2025-12-17 11:36:40,341 - INFO - Representation: Real
2025-12-17 11:36:40,341 - INFO - Number of genes: 5
2025-12-17 11:36:40,341 - INFO - Bounds: [0, 3.141592653589793]
2025-12-17 11:36:40,341 - INFO - Function: michalewicz
2025-12-17 11:36:40,341 - INFO - Population size: 100
2025-12-17 11:36:40,342 - INFO - Generations: 200
2025-12-17 11:36:40,342 - INFO - Selection: tournament
2025-12-17 11:36:40,342 - INFO - Crossover: single_point
2025-12-17 11:36:40,342 - INFO - Mutation: random
2025-12-17 11:36:40,342 - INFO - 
2025-12-17 11:36:40,391 - INFO - Generation 10
2025-12-17 11:36:40,391 - INFO -   Best: -4.395765
2025-12-17 11:36:40,392 - INFO -   Min: -4.395765
2025-12-17 11:36:40,392 - INFO -   Max: -1.397127
2025-12-17 11:36:40,392 - INFO -   Avg: -3.588067
2025-12-17 11:36:40,392 - INFO -   Std: 0.651735
2025-12-17 11:36:40,432 - INFO - Generation 20
2025-12-17 11:36:40,433 - INFO -   Best: -4.577909
2025-12-17 11:36:40,433 - INFO -   Min: -4.577909
2025-12-17 11:36:40,433 - INFO -   Max: -1.770599
2025-12-17 11:36:40,433 - INFO -   Avg: -4.018319
2025-12-17 11:36:40,433 - INFO -   Std: 0.690621
2025-12-17 11:36:40,473 - INFO - Generation 30
2025-12-17 11:36:40,473 - INFO -   Best: -4.585380
2025-12-17 11:36:40,474 - INFO -   Min: -4.585380
2025-12-17 11:36:40,474 - INFO -   Max: -2.688425
2025-12-17 11:36:40,474 - INFO -   Avg: -4.201847
2025-12-17 11:36:40,474 - INFO -   Std: 0.537893
2025-12-17 11:36:40,514 - INFO - Generation 40
2025-12-17 11:36:40,514 - INFO -   Best: -4.603819
2025-12-17 11:36:40,514 - INFO -   Min: -4.603819
2025-12-17 11:36:40,515 - INFO -   Max: -1.726700
2025-12-17 11:36:40,515 - INFO -   Avg: -3.945771
2025-12-17 11:36:40,515 - INFO -   Std: 0.766459
2025-12-17 11:36:40,556 - INFO - Generation 50
2025-12-17 11:36:40,557 - INFO -   Best: -4.607552
2025-12-17 11:36:40,557 - INFO -   Min: -4.607552
2025-12-17 11:36:40,557 - INFO -   Max: -2.536778
2025-12-17 11:36:40,557 - INFO -   Avg: -4.046701
2025-12-17 11:36:40,557 - INFO -   Std: 0.631655
2025-12-17 11:36:40,596 - INFO - Generation 60
2025-12-17 11:36:40,597 - INFO -   Best: -4.607552
2025-12-17 11:36:40,597 - INFO -   Min: -4.607552
2025-12-17 11:36:40,597 - INFO -   Max: -2.634153
2025-12-17 11:36:40,597 - INFO -   Avg: -4.183866
2025-12-17 11:36:40,597 - INFO -   Std: 0.561069
2025-12-17 11:36:40,640 - INFO - Generation 70
2025-12-17 11:36:40,640 - INFO -   Best: -4.607552
2025-12-17 11:36:40,640 - INFO -   Min: -4.607552
2025-12-17 11:36:40,641 - INFO -   Max: -1.033109
2025-12-17 11:36:40,641 - INFO -   Avg: -4.086049
2025-12-17 11:36:40,641 - INFO -   Std: 0.722004
2025-12-17 11:36:40,682 - INFO - Generation 80
2025-12-17 11:36:40,682 - INFO -   Best: -4.607552
2025-12-17 11:36:40,682 - INFO -   Min: -4.607552
2025-12-17 11:36:40,683 - INFO -   Max: -2.603302
2025-12-17 11:36:40,683 - INFO -   Avg: -4.173002
2025-12-17 11:36:40,683 - INFO -   Std: 0.613009
2025-12-17 11:36:40,724 - INFO - Generation 90
2025-12-17 11:36:40,724 - INFO -   Best: -4.607552
2025-12-17 11:36:40,724 - INFO -   Min: -4.607552
2025-12-17 11:36:40,724 - INFO -   Max: -1.185298
2025-12-17 11:36:40,724 - INFO -   Avg: -4.021385
2025-12-17 11:36:40,724 - INFO -   Std: 0.750702
2025-12-17 11:36:40,765 - INFO - Generation 100
2025-12-17 11:36:40,765 - INFO -   Best: -4.607552
2025-12-17 11:36:40,765 - INFO -   Min: -4.607552
2025-12-17 11:36:40,765 - INFO -   Max: -0.913960
2025-12-17 11:36:40,765 - INFO -   Avg: -3.945435
2025-12-17 11:36:40,766 - INFO -   Std: 0.848973
2025-12-17 11:36:40,805 - INFO - Generation 110
2025-12-17 11:36:40,805 - INFO -   Best: -4.607552
2025-12-17 11:36:40,806 - INFO -   Min: -4.607552
2025-12-17 11:36:40,806 - INFO -   Max: -1.117833
2025-12-17 11:36:40,806 - INFO -   Avg: -3.996961
2025-12-17 11:36:40,806 - INFO -   Std: 0.760697
2025-12-17 11:36:40,848 - INFO - Generation 120
2025-12-17 11:36:40,849 - INFO -   Best: -4.618023
2025-12-17 11:36:40,849 - INFO -   Min: -4.618023
2025-12-17 11:36:40,849 - INFO -   Max: -1.743595
2025-12-17 11:36:40,849 - INFO -   Avg: -4.019513
2025-12-17 11:36:40,849 - INFO -   Std: 0.637286
2025-12-17 11:36:40,889 - INFO - Generation 130
2025-12-17 11:36:40,889 - INFO -   Best: -4.618023
2025-12-17 11:36:40,890 - INFO -   Min: -4.618023
2025-12-17 11:36:40,890 - INFO -   Max: -2.633092
2025-12-17 11:36:40,890 - INFO -   Avg: -3.977242
2025-12-17 11:36:40,890 - INFO -   Std: 0.630973
2025-12-17 11:36:40,931 - INFO - Generation 140
2025-12-17 11:36:40,931 - INFO -   Best: -4.630333
2025-12-17 11:36:40,931 - INFO -   Min: -4.630333
2025-12-17 11:36:40,932 - INFO -   Max: -1.285210
2025-12-17 11:36:40,932 - INFO -   Avg: -4.078713
2025-12-17 11:36:40,932 - INFO -   Std: 0.653688
2025-12-17 11:36:40,972 - INFO - Generation 150
2025-12-17 11:36:40,972 - INFO -   Best: -4.630333
2025-12-17 11:36:40,973 - INFO -   Min: -4.630333
2025-12-17 11:36:40,973 - INFO -   Max: -2.204324
2025-12-17 11:36:40,973 - INFO -   Avg: -4.113378
2025-12-17 11:36:40,973 - INFO -   Std: 0.702508
2025-12-17 11:36:41,016 - INFO - Generation 160
2025-12-17 11:36:41,016 - INFO -   Best: -4.630333
2025-12-17 11:36:41,016 - INFO -   Min: -4.630333
2025-12-17 11:36:41,016 - INFO -   Max: -2.002540
2025-12-17 11:36:41,016 - INFO -   Avg: -4.121979
2025-12-17 11:36:41,016 - INFO -   Std: 0.658967
2025-12-17 11:36:41,059 - INFO - Generation 170
2025-12-17 11:36:41,059 - INFO -   Best: -4.630333
2025-12-17 11:36:41,060 - INFO -   Min: -4.630333
2025-12-17 11:36:41,060 - INFO -   Max: -1.431522
2025-12-17 11:36:41,060 - INFO -   Avg: -4.231662
2025-12-17 11:36:41,060 - INFO -   Std: 0.639972
2025-12-17 11:36:41,110 - INFO - Generation 180
2025-12-17 11:36:41,110 - INFO -   Best: -4.630333
2025-12-17 11:36:41,110 - INFO -   Min: -4.630333
2025-12-17 11:36:41,110 - INFO -   Max: -1.656342
2025-12-17 11:36:41,110 - INFO -   Avg: -4.071268
2025-12-17 11:36:41,110 - INFO -   Std: 0.683416
2025-12-17 11:36:41,150 - INFO - Generation 190
2025-12-17 11:36:41,150 - INFO -   Best: -4.630333
2025-12-17 11:36:41,150 - INFO -   Min: -4.630333
2025-12-17 11:36:41,150 - INFO -   Max: -1.779571
2025-12-17 11:36:41,150 - INFO -   Avg: -4.116244
2025-12-17 11:36:41,150 - INFO -   Std: 0.735305
2025-12-17 11:36:41,191 - INFO - Generation 200
2025-12-17 11:36:41,191 - INFO -   Best: -4.631328
2025-12-17 11:36:41,192 - INFO -   Min: -4.631328
2025-12-17 11:36:41,192 - INFO -   Max: -2.530739
2025-12-17 11:36:41,192 - INFO -   Avg: -4.105931
2025-12-17 11:36:41,192 - INFO -   Std: 0.623095
2025-12-17 11:36:41,195 - INFO - 
Final best fitness: -4.6303330608
2025-12-17 11:36:41,195 - INFO - Execution time: 0.84s
