2025-12-17 12:08:36,485 - INFO - Representation: Binary
2025-12-17 12:08:36,485 - INFO - Bits per variable: 12
2025-12-17 12:08:36,485 - INFO - Total genes: 60
2025-12-17 12:08:36,486 - INFO - Function: michalewicz
2025-12-17 12:08:36,486 - INFO - Population size: 100
2025-12-17 12:08:36,486 - INFO - Generations: 200
2025-12-17 12:08:36,486 - INFO - Selection: rws
2025-12-17 12:08:36,486 - INFO - Crossover: two_points
2025-12-17 12:08:36,486 - INFO - Mutation: swap
2025-12-17 12:08:36,486 - INFO - 
2025-12-17 12:08:36,673 - INFO - Generation 10
2025-12-17 12:08:36,674 - INFO -   Best: -4.077475
2025-12-17 12:08:36,674 - INFO -   Min: -4.077475
2025-12-17 12:08:36,674 - INFO -   Max: -0.564504
2025-12-17 12:08:36,674 - INFO -   Avg: -2.242480
2025-12-17 12:08:36,674 - INFO -   Std: 0.711512
2025-12-17 12:08:36,752 - INFO - Generation 20
2025-12-17 12:08:36,753 - INFO -   Best: -4.220557
2025-12-17 12:08:36,753 - INFO -   Min: -4.220557
2025-12-17 12:08:36,753 - INFO -   Max: -0.770495
2025-12-17 12:08:36,753 - INFO -   Avg: -2.834454
2025-12-17 12:08:36,753 - INFO -   Std: 0.674892
2025-12-17 12:08:36,833 - INFO - Generation 30
2025-12-17 12:08:36,833 - INFO -   Best: -4.392002
2025-12-17 12:08:36,833 - INFO -   Min: -4.392002
2025-12-17 12:08:36,833 - INFO -   Max: -1.559798
2025-12-17 12:08:36,833 - INFO -   Avg: -3.227742
2025-12-17 12:08:36,833 - INFO -   Std: 0.709479
2025-12-17 12:08:36,913 - INFO - Generation 40
2025-12-17 12:08:36,914 - INFO -   Best: -4.443833
2025-12-17 12:08:36,914 - INFO -   Min: -4.443833
2025-12-17 12:08:36,914 - INFO -   Max: -1.362095
2025-12-17 12:08:36,914 - INFO -   Avg: -3.296165
2025-12-17 12:08:36,914 - INFO -   Std: 0.661984
2025-12-17 12:08:36,997 - INFO - Generation 50
2025-12-17 12:08:36,997 - INFO -   Best: -4.461823
2025-12-17 12:08:36,998 - INFO -   Min: -4.461823
2025-12-17 12:08:36,998 - INFO -   Max: -1.544459
2025-12-17 12:08:36,998 - INFO -   Avg: -3.468283
2025-12-17 12:08:36,998 - INFO -   Std: 0.641241
2025-12-17 12:08:37,077 - INFO - Generation 60
2025-12-17 12:08:37,077 - INFO -   Best: -4.462996
2025-12-17 12:08:37,077 - INFO -   Min: -4.462996
2025-12-17 12:08:37,077 - INFO -   Max: -2.239466
2025-12-17 12:08:37,078 - INFO -   Avg: -3.544754
2025-12-17 12:08:37,078 - INFO -   Std: 0.554621
2025-12-17 12:08:37,159 - INFO - Generation 70
2025-12-17 12:08:37,159 - INFO -   Best: -4.472733
2025-12-17 12:08:37,159 - INFO -   Min: -4.472733
2025-12-17 12:08:37,160 - INFO -   Max: -1.901875
2025-12-17 12:08:37,160 - INFO -   Avg: -3.601915
2025-12-17 12:08:37,160 - INFO -   Std: 0.548556
2025-12-17 12:08:37,246 - INFO - Generation 80
2025-12-17 12:08:37,246 - INFO -   Best: -4.473575
2025-12-17 12:08:37,246 - INFO -   Min: -4.473575
2025-12-17 12:08:37,246 - INFO -   Max: -2.311383
2025-12-17 12:08:37,246 - INFO -   Avg: -3.894439
2025-12-17 12:08:37,246 - INFO -   Std: 0.549232
2025-12-17 12:08:37,329 - INFO - Generation 90
2025-12-17 12:08:37,329 - INFO -   Best: -4.473575
2025-12-17 12:08:37,329 - INFO -   Min: -4.473575
2025-12-17 12:08:37,329 - INFO -   Max: -2.723490
2025-12-17 12:08:37,329 - INFO -   Avg: -4.014709
2025-12-17 12:08:37,330 - INFO -   Std: 0.470612
2025-12-17 12:08:37,413 - INFO - Generation 100
2025-12-17 12:08:37,413 - INFO -   Best: -4.473575
2025-12-17 12:08:37,413 - INFO -   Min: -4.473575
2025-12-17 12:08:37,413 - INFO -   Max: -2.407524
2025-12-17 12:08:37,413 - INFO -   Avg: -3.977944
2025-12-17 12:08:37,413 - INFO -   Std: 0.458183
2025-12-17 12:08:37,498 - INFO - Generation 110
2025-12-17 12:08:37,498 - INFO -   Best: -4.473575
2025-12-17 12:08:37,498 - INFO -   Min: -4.473575
2025-12-17 12:08:37,498 - INFO -   Max: -2.309406
2025-12-17 12:08:37,498 - INFO -   Avg: -3.996572
2025-12-17 12:08:37,499 - INFO -   Std: 0.517587
2025-12-17 12:08:37,581 - INFO - Generation 120
2025-12-17 12:08:37,581 - INFO -   Best: -4.473575
2025-12-17 12:08:37,581 - INFO -   Min: -4.473575
2025-12-17 12:08:37,581 - INFO -   Max: -2.674856
2025-12-17 12:08:37,581 - INFO -   Avg: -4.090218
2025-12-17 12:08:37,582 - INFO -   Std: 0.423272
2025-12-17 12:08:37,668 - INFO - Generation 130
2025-12-17 12:08:37,669 - INFO -   Best: -4.473575
2025-12-17 12:08:37,669 - INFO -   Min: -4.473575
2025-12-17 12:08:37,669 - INFO -   Max: -2.559874
2025-12-17 12:08:37,669 - INFO -   Avg: -4.090122
2025-12-17 12:08:37,669 - INFO -   Std: 0.422816
2025-12-17 12:08:37,755 - INFO - Generation 140
2025-12-17 12:08:37,756 - INFO -   Best: -4.473575
2025-12-17 12:08:37,756 - INFO -   Min: -4.473575
2025-12-17 12:08:37,756 - INFO -   Max: -2.680564
2025-12-17 12:08:37,756 - INFO -   Avg: -4.032113
2025-12-17 12:08:37,756 - INFO -   Std: 0.448451
2025-12-17 12:08:37,843 - INFO - Generation 150
2025-12-17 12:08:37,843 - INFO -   Best: -4.473575
2025-12-17 12:08:37,843 - INFO -   Min: -4.473575
2025-12-17 12:08:37,843 - INFO -   Max: -2.401432
2025-12-17 12:08:37,844 - INFO -   Avg: -4.052835
2025-12-17 12:08:37,844 - INFO -   Std: 0.455977
2025-12-17 12:08:37,930 - INFO - Generation 160
2025-12-17 12:08:37,930 - INFO -   Best: -4.473575
2025-12-17 12:08:37,931 - INFO -   Min: -4.473575
2025-12-17 12:08:37,931 - INFO -   Max: -2.172990
2025-12-17 12:08:37,931 - INFO -   Avg: -3.798331
2025-12-17 12:08:37,931 - INFO -   Std: 0.608735
2025-12-17 12:08:38,014 - INFO - Generation 170
2025-12-17 12:08:38,014 - INFO -   Best: -4.473575
2025-12-17 12:08:38,014 - INFO -   Min: -4.473575
2025-12-17 12:08:38,015 - INFO -   Max: -1.795544
2025-12-17 12:08:38,015 - INFO -   Avg: -4.069414
2025-12-17 12:08:38,015 - INFO -   Std: 0.473242
2025-12-17 12:08:38,095 - INFO - Generation 180
2025-12-17 12:08:38,096 - INFO -   Best: -4.473575
2025-12-17 12:08:38,096 - INFO -   Min: -4.473575
2025-12-17 12:08:38,096 - INFO -   Max: -3.199189
2025-12-17 12:08:38,096 - INFO -   Avg: -4.242805
2025-12-17 12:08:38,096 - INFO -   Std: 0.239760
2025-12-17 12:08:38,180 - INFO - Generation 190
2025-12-17 12:08:38,181 - INFO -   Best: -4.473575
2025-12-17 12:08:38,181 - INFO -   Min: -4.473575
2025-12-17 12:08:38,181 - INFO -   Max: -3.003385
2025-12-17 12:08:38,181 - INFO -   Avg: -4.190258
2025-12-17 12:08:38,181 - INFO -   Std: 0.338572
2025-12-17 12:08:38,267 - INFO - Generation 200
2025-12-17 12:08:38,267 - INFO -   Best: -4.473575
2025-12-17 12:08:38,268 - INFO -   Min: -4.473575
2025-12-17 12:08:38,268 - INFO -   Max: -2.502695
2025-12-17 12:08:38,268 - INFO -   Avg: -4.229319
2025-12-17 12:08:38,268 - INFO -   Std: 0.332168
2025-12-17 12:08:38,275 - INFO - 
Final best fitness: -4.4735754602
2025-12-17 12:08:38,275 - INFO - Execution time: 1.68s
