2025-12-17 12:22:07,876 - INFO - Representation: Real
2025-12-17 12:22:07,876 - INFO - Number of genes: 10
2025-12-17 12:22:07,876 - INFO - Bounds: [-100, 100]
2025-12-17 12:22:07,876 - INFO - Function: f16_2014
2025-12-17 12:22:07,877 - INFO - Population size: 100
2025-12-17 12:22:07,877 - INFO - Generations: 200
2025-12-17 12:22:07,877 - INFO - Selection: rws
2025-12-17 12:22:07,877 - INFO - Crossover: two_points
2025-12-17 12:22:07,877 - INFO - Mutation: swap
2025-12-17 12:22:07,877 - INFO - 
2025-12-17 12:22:08,062 - INFO - Generation 10
2025-12-17 12:22:08,062 - INFO -   Best: 1604.263630
2025-12-17 12:22:08,062 - INFO -   Min: 1604.263630
2025-12-17 12:22:08,063 - INFO -   Max: 1605.715150
2025-12-17 12:22:08,063 - INFO -   Avg: 1604.979002
2025-12-17 12:22:08,063 - INFO -   Std: 0.193179
2025-12-17 12:22:08,217 - INFO - Generation 20
2025-12-17 12:22:08,217 - INFO -   Best: 1604.241990
2025-12-17 12:22:08,217 - INFO -   Min: 1604.241990
2025-12-17 12:22:08,217 - INFO -   Max: 1605.785801
2025-12-17 12:22:08,217 - INFO -   Avg: 1605.000710
2025-12-17 12:22:08,218 - INFO -   Std: 0.199286
2025-12-17 12:22:08,372 - INFO - Generation 30
2025-12-17 12:22:08,373 - INFO -   Best: 1604.241990
2025-12-17 12:22:08,373 - INFO -   Min: 1604.241990
2025-12-17 12:22:08,373 - INFO -   Max: 1605.490848
2025-12-17 12:22:08,373 - INFO -   Avg: 1604.970093
2025-12-17 12:22:08,373 - INFO -   Std: 0.161967
2025-12-17 12:22:08,528 - INFO - Generation 40
2025-12-17 12:22:08,528 - INFO -   Best: 1604.241990
2025-12-17 12:22:08,529 - INFO -   Min: 1604.241990
2025-12-17 12:22:08,529 - INFO -   Max: 1606.116728
2025-12-17 12:22:08,529 - INFO -   Avg: 1604.996817
2025-12-17 12:22:08,529 - INFO -   Std: 0.179567
2025-12-17 12:22:08,692 - INFO - Generation 50
2025-12-17 12:22:08,693 - INFO -   Best: 1604.241990
2025-12-17 12:22:08,693 - INFO -   Min: 1604.241990
2025-12-17 12:22:08,693 - INFO -   Max: 1605.339754
2025-12-17 12:22:08,693 - INFO -   Avg: 1604.961622
2025-12-17 12:22:08,693 - INFO -   Std: 0.153679
2025-12-17 12:22:08,854 - INFO - Generation 60
2025-12-17 12:22:08,855 - INFO -   Best: 1604.241990
2025-12-17 12:22:08,855 - INFO -   Min: 1604.241990
2025-12-17 12:22:08,855 - INFO -   Max: 1605.575266
2025-12-17 12:22:08,855 - INFO -   Avg: 1604.984072
2025-12-17 12:22:08,856 - INFO -   Std: 0.156869
2025-12-17 12:22:09,025 - INFO - Generation 70
2025-12-17 12:22:09,026 - INFO -   Best: 1604.241990
2025-12-17 12:22:09,026 - INFO -   Min: 1604.241990
2025-12-17 12:22:09,026 - INFO -   Max: 1605.939019
2025-12-17 12:22:09,026 - INFO -   Avg: 1604.949158
2025-12-17 12:22:09,026 - INFO -   Std: 0.187963
2025-12-17 12:22:09,177 - INFO - Generation 80
2025-12-17 12:22:09,177 - INFO -   Best: 1604.241990
2025-12-17 12:22:09,178 - INFO -   Min: 1604.241990
2025-12-17 12:22:09,178 - INFO -   Max: 1605.259953
2025-12-17 12:22:09,178 - INFO -   Avg: 1604.976448
2025-12-17 12:22:09,178 - INFO -   Std: 0.144062
2025-12-17 12:22:09,330 - INFO - Generation 90
2025-12-17 12:22:09,330 - INFO -   Best: 1603.474539
2025-12-17 12:22:09,331 - INFO -   Min: 1603.474539
2025-12-17 12:22:09,331 - INFO -   Max: 1605.372475
2025-12-17 12:22:09,331 - INFO -   Avg: 1604.942996
2025-12-17 12:22:09,331 - INFO -   Std: 0.221895
2025-12-17 12:22:09,487 - INFO - Generation 100
2025-12-17 12:22:09,487 - INFO -   Best: 1603.474539
2025-12-17 12:22:09,488 - INFO -   Min: 1603.474539
2025-12-17 12:22:09,488 - INFO -   Max: 1605.719310
2025-12-17 12:22:09,488 - INFO -   Avg: 1604.904564
2025-12-17 12:22:09,488 - INFO -   Std: 0.258952
2025-12-17 12:22:09,641 - INFO - Generation 110
2025-12-17 12:22:09,641 - INFO -   Best: 1603.474539
2025-12-17 12:22:09,641 - INFO -   Min: 1603.474539
2025-12-17 12:22:09,642 - INFO -   Max: 1605.576327
2025-12-17 12:22:09,642 - INFO -   Avg: 1604.940746
2025-12-17 12:22:09,642 - INFO -   Std: 0.280114
2025-12-17 12:22:09,793 - INFO - Generation 120
2025-12-17 12:22:09,793 - INFO -   Best: 1603.474539
2025-12-17 12:22:09,793 - INFO -   Min: 1603.474539
2025-12-17 12:22:09,794 - INFO -   Max: 1605.361447
2025-12-17 12:22:09,794 - INFO -   Avg: 1604.935953
2025-12-17 12:22:09,794 - INFO -   Std: 0.272606
2025-12-17 12:22:09,937 - INFO - Generation 130
2025-12-17 12:22:09,937 - INFO -   Best: 1603.474539
2025-12-17 12:22:09,937 - INFO -   Min: 1603.474539
2025-12-17 12:22:09,937 - INFO -   Max: 1605.599462
2025-12-17 12:22:09,937 - INFO -   Avg: 1605.005723
2025-12-17 12:22:09,938 - INFO -   Std: 0.323800
2025-12-17 12:22:10,080 - INFO - Generation 140
2025-12-17 12:22:10,080 - INFO -   Best: 1603.474539
2025-12-17 12:22:10,081 - INFO -   Min: 1603.474539
2025-12-17 12:22:10,081 - INFO -   Max: 1605.554888
2025-12-17 12:22:10,081 - INFO -   Avg: 1604.914378
2025-12-17 12:22:10,081 - INFO -   Std: 0.306967
2025-12-17 12:22:10,229 - INFO - Generation 150
2025-12-17 12:22:10,229 - INFO -   Best: 1603.474539
2025-12-17 12:22:10,229 - INFO -   Min: 1603.474539
2025-12-17 12:22:10,229 - INFO -   Max: 1605.989557
2025-12-17 12:22:10,229 - INFO -   Avg: 1604.937124
2025-12-17 12:22:10,229 - INFO -   Std: 0.354498
2025-12-17 12:22:10,371 - INFO - Generation 160
2025-12-17 12:22:10,371 - INFO -   Best: 1603.474539
2025-12-17 12:22:10,372 - INFO -   Min: 1603.474539
2025-12-17 12:22:10,372 - INFO -   Max: 1605.649431
2025-12-17 12:22:10,372 - INFO -   Avg: 1604.933045
2025-12-17 12:22:10,372 - INFO -   Std: 0.320150
2025-12-17 12:22:10,498 - INFO - Generation 170
2025-12-17 12:22:10,498 - INFO -   Best: 1603.474539
2025-12-17 12:22:10,498 - INFO -   Min: 1603.474539
2025-12-17 12:22:10,498 - INFO -   Max: 1605.613894
2025-12-17 12:22:10,498 - INFO -   Avg: 1604.909684
2025-12-17 12:22:10,498 - INFO -   Std: 0.315088
2025-12-17 12:22:10,625 - INFO - Generation 180
2025-12-17 12:22:10,625 - INFO -   Best: 1603.474539
2025-12-17 12:22:10,625 - INFO -   Min: 1603.474539
2025-12-17 12:22:10,625 - INFO -   Max: 1605.457896
2025-12-17 12:22:10,626 - INFO -   Avg: 1604.912971
2025-12-17 12:22:10,626 - INFO -   Std: 0.284734
2025-12-17 12:22:10,757 - INFO - Generation 190
2025-12-17 12:22:10,757 - INFO -   Best: 1603.474539
2025-12-17 12:22:10,757 - INFO -   Min: 1603.474539
2025-12-17 12:22:10,757 - INFO -   Max: 1605.552968
2025-12-17 12:22:10,757 - INFO -   Avg: 1604.998640
2025-12-17 12:22:10,757 - INFO -   Std: 0.330366
2025-12-17 12:22:10,891 - INFO - Generation 200
2025-12-17 12:22:10,891 - INFO -   Best: 1603.474539
2025-12-17 12:22:10,891 - INFO -   Min: 1603.474539
2025-12-17 12:22:10,891 - INFO -   Max: 1605.576179
2025-12-17 12:22:10,891 - INFO -   Avg: 1604.967487
2025-12-17 12:22:10,891 - INFO -   Std: 0.312007
2025-12-17 12:22:10,901 - INFO - 
Final best fitness: 1603.4745388682
2025-12-17 12:22:10,901 - INFO - Execution time: 3.00s
