2025-12-17 12:22:17,649 - INFO - Representation: Real
2025-12-17 12:22:17,649 - INFO - Number of genes: 10
2025-12-17 12:22:17,649 - INFO - Bounds: [-100, 100]
2025-12-17 12:22:17,649 - INFO - Function: f16_2014
2025-12-17 12:22:17,649 - INFO - Population size: 100
2025-12-17 12:22:17,650 - INFO - Generations: 200
2025-12-17 12:22:17,650 - INFO - Selection: rws
2025-12-17 12:22:17,650 - INFO - Crossover: two_points
2025-12-17 12:22:17,650 - INFO - Mutation: swap
2025-12-17 12:22:17,650 - INFO - 
2025-12-17 12:22:17,827 - INFO - Generation 10
2025-12-17 12:22:17,827 - INFO -   Best: 1604.104458
2025-12-17 12:22:17,827 - INFO -   Min: 1604.104458
2025-12-17 12:22:17,827 - INFO -   Max: 1605.408255
2025-12-17 12:22:17,828 - INFO -   Avg: 1604.969197
2025-12-17 12:22:17,828 - INFO -   Std: 0.165126
2025-12-17 12:22:17,979 - INFO - Generation 20
2025-12-17 12:22:17,979 - INFO -   Best: 1604.104458
2025-12-17 12:22:17,979 - INFO -   Min: 1604.104458
2025-12-17 12:22:17,980 - INFO -   Max: 1605.468945
2025-12-17 12:22:17,980 - INFO -   Avg: 1604.987433
2025-12-17 12:22:17,980 - INFO -   Std: 0.175169
2025-12-17 12:22:18,131 - INFO - Generation 30
2025-12-17 12:22:18,131 - INFO -   Best: 1604.104458
2025-12-17 12:22:18,132 - INFO -   Min: 1604.104458
2025-12-17 12:22:18,132 - INFO -   Max: 1605.505013
2025-12-17 12:22:18,132 - INFO -   Avg: 1604.994938
2025-12-17 12:22:18,132 - INFO -   Std: 0.207937
2025-12-17 12:22:18,284 - INFO - Generation 40
2025-12-17 12:22:18,285 - INFO -   Best: 1604.104458
2025-12-17 12:22:18,285 - INFO -   Min: 1604.104458
2025-12-17 12:22:18,285 - INFO -   Max: 1605.400793
2025-12-17 12:22:18,285 - INFO -   Avg: 1604.991995
2025-12-17 12:22:18,285 - INFO -   Std: 0.164515
2025-12-17 12:22:18,438 - INFO - Generation 50
2025-12-17 12:22:18,438 - INFO -   Best: 1604.104458
2025-12-17 12:22:18,439 - INFO -   Min: 1604.104458
2025-12-17 12:22:18,439 - INFO -   Max: 1605.523654
2025-12-17 12:22:18,439 - INFO -   Avg: 1604.958101
2025-12-17 12:22:18,439 - INFO -   Std: 0.248606
2025-12-17 12:22:18,592 - INFO - Generation 60
2025-12-17 12:22:18,592 - INFO -   Best: 1604.043344
2025-12-17 12:22:18,592 - INFO -   Min: 1604.043344
2025-12-17 12:22:18,592 - INFO -   Max: 1605.536310
2025-12-17 12:22:18,592 - INFO -   Avg: 1604.933771
2025-12-17 12:22:18,592 - INFO -   Std: 0.243164
2025-12-17 12:22:18,744 - INFO - Generation 70
2025-12-17 12:22:18,745 - INFO -   Best: 1603.743055
2025-12-17 12:22:18,745 - INFO -   Min: 1603.743055
2025-12-17 12:22:18,745 - INFO -   Max: 1605.547754
2025-12-17 12:22:18,745 - INFO -   Avg: 1604.906422
2025-12-17 12:22:18,745 - INFO -   Std: 0.266960
2025-12-17 12:22:18,895 - INFO - Generation 80
2025-12-17 12:22:18,896 - INFO -   Best: 1603.552214
2025-12-17 12:22:18,896 - INFO -   Min: 1603.552214
2025-12-17 12:22:18,896 - INFO -   Max: 1605.489166
2025-12-17 12:22:18,896 - INFO -   Avg: 1604.956189
2025-12-17 12:22:18,896 - INFO -   Std: 0.287500
2025-12-17 12:22:19,044 - INFO - Generation 90
2025-12-17 12:22:19,044 - INFO -   Best: 1603.552214
2025-12-17 12:22:19,044 - INFO -   Min: 1603.552214
2025-12-17 12:22:19,044 - INFO -   Max: 1605.363374
2025-12-17 12:22:19,045 - INFO -   Avg: 1604.923892
2025-12-17 12:22:19,045 - INFO -   Std: 0.256290
2025-12-17 12:22:19,188 - INFO - Generation 100
2025-12-17 12:22:19,188 - INFO -   Best: 1603.552214
2025-12-17 12:22:19,189 - INFO -   Min: 1603.552214
2025-12-17 12:22:19,189 - INFO -   Max: 1605.209048
2025-12-17 12:22:19,189 - INFO -   Avg: 1604.887435
2025-12-17 12:22:19,189 - INFO -   Std: 0.264351
2025-12-17 12:22:19,332 - INFO - Generation 110
2025-12-17 12:22:19,333 - INFO -   Best: 1603.552214
2025-12-17 12:22:19,333 - INFO -   Min: 1603.552214
2025-12-17 12:22:19,333 - INFO -   Max: 1605.454231
2025-12-17 12:22:19,333 - INFO -   Avg: 1604.880437
2025-12-17 12:22:19,333 - INFO -   Std: 0.324218
2025-12-17 12:22:19,472 - INFO - Generation 120
2025-12-17 12:22:19,473 - INFO -   Best: 1603.552214
2025-12-17 12:22:19,473 - INFO -   Min: 1603.552214
2025-12-17 12:22:19,473 - INFO -   Max: 1605.546527
2025-12-17 12:22:19,473 - INFO -   Avg: 1604.963324
2025-12-17 12:22:19,473 - INFO -   Std: 0.280589
2025-12-17 12:22:19,600 - INFO - Generation 130
2025-12-17 12:22:19,600 - INFO -   Best: 1603.552214
2025-12-17 12:22:19,600 - INFO -   Min: 1603.552214
2025-12-17 12:22:19,600 - INFO -   Max: 1605.358959
2025-12-17 12:22:19,601 - INFO -   Avg: 1604.908218
2025-12-17 12:22:19,601 - INFO -   Std: 0.273695
2025-12-17 12:22:19,734 - INFO - Generation 140
2025-12-17 12:22:19,735 - INFO -   Best: 1603.552214
2025-12-17 12:22:19,735 - INFO -   Min: 1603.552214
2025-12-17 12:22:19,735 - INFO -   Max: 1605.554338
2025-12-17 12:22:19,735 - INFO -   Avg: 1604.965996
2025-12-17 12:22:19,735 - INFO -   Std: 0.310879
2025-12-17 12:22:19,866 - INFO - Generation 150
2025-12-17 12:22:19,866 - INFO -   Best: 1603.552214
2025-12-17 12:22:19,867 - INFO -   Min: 1603.552214
2025-12-17 12:22:19,867 - INFO -   Max: 1605.376047
2025-12-17 12:22:19,867 - INFO -   Avg: 1604.924380
2025-12-17 12:22:19,867 - INFO -   Std: 0.260650
2025-12-17 12:22:19,999 - INFO - Generation 160
2025-12-17 12:22:19,999 - INFO -   Best: 1603.552214
2025-12-17 12:22:19,999 - INFO -   Min: 1603.552214
2025-12-17 12:22:20,000 - INFO -   Max: 1605.542008
2025-12-17 12:22:20,000 - INFO -   Avg: 1604.967485
2025-12-17 12:22:20,000 - INFO -   Std: 0.273425
2025-12-17 12:22:20,119 - INFO - Generation 170
2025-12-17 12:22:20,119 - INFO -   Best: 1603.552214
2025-12-17 12:22:20,119 - INFO -   Min: 1603.552214
2025-12-17 12:22:20,119 - INFO -   Max: 1605.359263
2025-12-17 12:22:20,120 - INFO -   Avg: 1604.942573
2025-12-17 12:22:20,120 - INFO -   Std: 0.282086
2025-12-17 12:22:20,236 - INFO - Generation 180
2025-12-17 12:22:20,236 - INFO -   Best: 1603.552214
2025-12-17 12:22:20,236 - INFO -   Min: 1603.552214
2025-12-17 12:22:20,236 - INFO -   Max: 1605.546527
2025-12-17 12:22:20,237 - INFO -   Avg: 1604.956953
2025-12-17 12:22:20,237 - INFO -   Std: 0.295113
2025-12-17 12:22:20,364 - INFO - Generation 190
2025-12-17 12:22:20,364 - INFO -   Best: 1603.552214
2025-12-17 12:22:20,365 - INFO -   Min: 1603.552214
2025-12-17 12:22:20,365 - INFO -   Max: 1605.339153
2025-12-17 12:22:20,365 - INFO -   Avg: 1604.928672
2025-12-17 12:22:20,365 - INFO -   Std: 0.281308
2025-12-17 12:22:20,473 - INFO - Generation 200
2025-12-17 12:22:20,473 - INFO -   Best: 1603.552214
2025-12-17 12:22:20,473 - INFO -   Min: 1603.552214
2025-12-17 12:22:20,474 - INFO -   Max: 1605.339153
2025-12-17 12:22:20,474 - INFO -   Avg: 1604.938881
2025-12-17 12:22:20,474 - INFO -   Std: 0.278403
2025-12-17 12:22:20,479 - INFO - 
Final best fitness: 1603.5522142851
2025-12-17 12:22:20,479 - INFO - Execution time: 2.81s
