2025-12-17 11:44:45,381 - INFO - Representation: Real
2025-12-17 11:44:45,381 - INFO - Number of genes: 30
2025-12-17 11:44:45,382 - INFO - Bounds: [-100, 100]
2025-12-17 11:44:45,382 - INFO - Function: f16_2014
2025-12-17 11:44:45,382 - INFO - Population size: 100
2025-12-17 11:44:45,382 - INFO - Generations: 200
2025-12-17 11:44:45,382 - INFO - Selection: tournament
2025-12-17 11:44:45,382 - INFO - Crossover: single_point
2025-12-17 11:44:45,382 - INFO - Mutation: random
2025-12-17 11:44:45,383 - INFO - 
2025-12-17 11:44:45,868 - INFO - Generation 10
2025-12-17 11:44:45,868 - INFO -   Best: 1613.679683
2025-12-17 11:44:45,868 - INFO -   Min: 1613.679683
2025-12-17 11:44:45,868 - INFO -   Max: 1615.737226
2025-12-17 11:44:45,869 - INFO -   Avg: 1614.879716
2025-12-17 11:44:45,869 - INFO -   Std: 0.427241
2025-12-17 11:44:46,266 - INFO - Generation 20
2025-12-17 11:44:46,266 - INFO -   Best: 1613.679683
2025-12-17 11:44:46,266 - INFO -   Min: 1613.679683
2025-12-17 11:44:46,266 - INFO -   Max: 1616.050593
2025-12-17 11:44:46,267 - INFO -   Avg: 1614.965354
2025-12-17 11:44:46,267 - INFO -   Std: 0.393014
2025-12-17 11:44:46,677 - INFO - Generation 30
2025-12-17 11:44:46,677 - INFO -   Best: 1613.679683
2025-12-17 11:44:46,677 - INFO -   Min: 1613.679683
2025-12-17 11:44:46,677 - INFO -   Max: 1615.752041
2025-12-17 11:44:46,677 - INFO -   Avg: 1614.826706
2025-12-17 11:44:46,678 - INFO -   Std: 0.385577
2025-12-17 11:44:47,072 - INFO - Generation 40
2025-12-17 11:44:47,072 - INFO -   Best: 1613.633196
2025-12-17 11:44:47,072 - INFO -   Min: 1613.633196
2025-12-17 11:44:47,073 - INFO -   Max: 1615.674259
2025-12-17 11:44:47,073 - INFO -   Avg: 1614.771917
2025-12-17 11:44:47,073 - INFO -   Std: 0.382670
2025-12-17 11:44:47,469 - INFO - Generation 50
2025-12-17 11:44:47,470 - INFO -   Best: 1613.499330
2025-12-17 11:44:47,470 - INFO -   Min: 1613.499330
2025-12-17 11:44:47,470 - INFO -   Max: 1615.936225
2025-12-17 11:44:47,470 - INFO -   Avg: 1614.710774
2025-12-17 11:44:47,470 - INFO -   Std: 0.394114
2025-12-17 11:44:47,870 - INFO - Generation 60
2025-12-17 11:44:47,871 - INFO -   Best: 1613.291676
2025-12-17 11:44:47,871 - INFO -   Min: 1613.291676
2025-12-17 11:44:47,871 - INFO -   Max: 1615.804024
2025-12-17 11:44:47,871 - INFO -   Avg: 1614.701836
2025-12-17 11:44:47,872 - INFO -   Std: 0.415207
2025-12-17 11:44:48,264 - INFO - Generation 70
2025-12-17 11:44:48,264 - INFO -   Best: 1613.220882
2025-12-17 11:44:48,264 - INFO -   Min: 1613.220882
2025-12-17 11:44:48,264 - INFO -   Max: 1615.620643
2025-12-17 11:44:48,265 - INFO -   Avg: 1614.584860
2025-12-17 11:44:48,265 - INFO -   Std: 0.450269
2025-12-17 11:44:48,656 - INFO - Generation 80
2025-12-17 11:44:48,656 - INFO -   Best: 1612.998605
2025-12-17 11:44:48,656 - INFO -   Min: 1612.998605
2025-12-17 11:44:48,657 - INFO -   Max: 1615.452527
2025-12-17 11:44:48,657 - INFO -   Avg: 1614.484388
2025-12-17 11:44:48,657 - INFO -   Std: 0.487689
2025-12-17 11:44:49,048 - INFO - Generation 90
2025-12-17 11:44:49,048 - INFO -   Best: 1612.998605
2025-12-17 11:44:49,049 - INFO -   Min: 1612.998605
2025-12-17 11:44:49,049 - INFO -   Max: 1615.685029
2025-12-17 11:44:49,049 - INFO -   Avg: 1614.507244
2025-12-17 11:44:49,049 - INFO -   Std: 0.542925
2025-12-17 11:44:49,440 - INFO - Generation 100
2025-12-17 11:44:49,441 - INFO -   Best: 1612.972219
2025-12-17 11:44:49,441 - INFO -   Min: 1612.972219
2025-12-17 11:44:49,441 - INFO -   Max: 1615.754324
2025-12-17 11:44:49,441 - INFO -   Avg: 1614.418339
2025-12-17 11:44:49,441 - INFO -   Std: 0.458182
2025-12-17 11:44:49,837 - INFO - Generation 110
2025-12-17 11:44:49,837 - INFO -   Best: 1612.972219
2025-12-17 11:44:49,837 - INFO -   Min: 1612.972219
2025-12-17 11:44:49,837 - INFO -   Max: 1615.935496
2025-12-17 11:44:49,837 - INFO -   Avg: 1614.473134
2025-12-17 11:44:49,838 - INFO -   Std: 0.521107
2025-12-17 11:44:50,227 - INFO - Generation 120
2025-12-17 11:44:50,227 - INFO -   Best: 1612.972219
2025-12-17 11:44:50,227 - INFO -   Min: 1612.972219
2025-12-17 11:44:50,228 - INFO -   Max: 1615.687335
2025-12-17 11:44:50,228 - INFO -   Avg: 1614.507019
2025-12-17 11:44:50,228 - INFO -   Std: 0.528806
2025-12-17 11:44:50,621 - INFO - Generation 130
2025-12-17 11:44:50,621 - INFO -   Best: 1612.972219
2025-12-17 11:44:50,621 - INFO -   Min: 1612.972219
2025-12-17 11:44:50,622 - INFO -   Max: 1615.465825
2025-12-17 11:44:50,622 - INFO -   Avg: 1614.532380
2025-12-17 11:44:50,622 - INFO -   Std: 0.474853
2025-12-17 11:44:51,014 - INFO - Generation 140
2025-12-17 11:44:51,014 - INFO -   Best: 1612.972219
2025-12-17 11:44:51,014 - INFO -   Min: 1612.972219
2025-12-17 11:44:51,014 - INFO -   Max: 1615.800901
2025-12-17 11:44:51,014 - INFO -   Avg: 1614.542868
2025-12-17 11:44:51,015 - INFO -   Std: 0.519638
2025-12-17 11:44:51,407 - INFO - Generation 150
2025-12-17 11:44:51,408 - INFO -   Best: 1612.972219
2025-12-17 11:44:51,408 - INFO -   Min: 1612.972219
2025-12-17 11:44:51,408 - INFO -   Max: 1615.554658
2025-12-17 11:44:51,408 - INFO -   Avg: 1614.617168
2025-12-17 11:44:51,408 - INFO -   Std: 0.519662
2025-12-17 11:44:51,801 - INFO - Generation 160
2025-12-17 11:44:51,802 - INFO -   Best: 1612.972219
2025-12-17 11:44:51,802 - INFO -   Min: 1612.972219
2025-12-17 11:44:51,802 - INFO -   Max: 1615.631466
2025-12-17 11:44:51,802 - INFO -   Avg: 1614.474817
2025-12-17 11:44:51,802 - INFO -   Std: 0.544670
2025-12-17 11:44:52,197 - INFO - Generation 170
2025-12-17 11:44:52,197 - INFO -   Best: 1612.879755
2025-12-17 11:44:52,197 - INFO -   Min: 1612.879755
2025-12-17 11:44:52,197 - INFO -   Max: 1616.038341
2025-12-17 11:44:52,198 - INFO -   Avg: 1614.539889
2025-12-17 11:44:52,198 - INFO -   Std: 0.557204
2025-12-17 11:44:52,590 - INFO - Generation 180
2025-12-17 11:44:52,590 - INFO -   Best: 1612.812483
2025-12-17 11:44:52,590 - INFO -   Min: 1612.812483
2025-12-17 11:44:52,591 - INFO -   Max: 1615.602694
2025-12-17 11:44:52,591 - INFO -   Avg: 1614.481285
2025-12-17 11:44:52,591 - INFO -   Std: 0.535684
2025-12-17 11:44:52,988 - INFO - Generation 190
2025-12-17 11:44:52,989 - INFO -   Best: 1612.812483
2025-12-17 11:44:52,989 - INFO -   Min: 1612.812483
2025-12-17 11:44:52,989 - INFO -   Max: 1615.610047
2025-12-17 11:44:52,989 - INFO -   Avg: 1614.595884
2025-12-17 11:44:52,989 - INFO -   Std: 0.527814
2025-12-17 11:44:53,386 - INFO - Generation 200
2025-12-17 11:44:53,387 - INFO -   Best: 1612.812483
2025-12-17 11:44:53,387 - INFO -   Min: 1612.812483
2025-12-17 11:44:53,387 - INFO -   Max: 1616.065138
2025-12-17 11:44:53,387 - INFO -   Avg: 1614.568968
2025-12-17 11:44:53,387 - INFO -   Std: 0.584303
2025-12-17 11:44:53,411 - INFO - 
Final best fitness: 1612.8124831118
2025-12-17 11:44:53,412 - INFO - Execution time: 7.96s
2025-12-17 11:49:55,627 - INFO - Representation: Binary
2025-12-17 11:49:55,627 - INFO - Bits per variable: 12
2025-12-17 11:49:55,627 - INFO - Total genes: 360
2025-12-17 11:49:55,627 - INFO - Function: f16_2014
2025-12-17 11:49:55,627 - INFO - Population size: 100
2025-12-17 11:49:55,628 - INFO - Generations: 200
2025-12-17 11:49:55,628 - INFO - Selection: tournament
2025-12-17 11:49:55,628 - INFO - Crossover: single_point
2025-12-17 11:49:55,628 - INFO - Mutation: random
2025-12-17 11:49:55,628 - INFO - 
2025-12-17 11:49:57,633 - INFO - Generation 10
2025-12-17 11:49:57,634 - INFO -   Best: 1614.158389
2025-12-17 11:49:57,634 - INFO -   Min: 1614.158389
2025-12-17 11:49:57,634 - INFO -   Max: 1615.369920
2025-12-17 11:49:57,634 - INFO -   Avg: 1614.987375
2025-12-17 11:49:57,634 - INFO -   Std: 0.169781
2025-12-17 11:49:58,924 - INFO - Generation 20
2025-12-17 11:49:58,925 - INFO -   Best: 1614.158389
2025-12-17 11:49:58,925 - INFO -   Min: 1614.158389
2025-12-17 11:49:58,925 - INFO -   Max: 1615.745058
2025-12-17 11:49:58,925 - INFO -   Avg: 1614.983974
2025-12-17 11:49:58,925 - INFO -   Std: 0.168468
2025-12-17 11:50:00,237 - INFO - Generation 30
2025-12-17 11:50:00,237 - INFO -   Best: 1614.158389
2025-12-17 11:50:00,237 - INFO -   Min: 1614.158389
2025-12-17 11:50:00,238 - INFO -   Max: 1615.250034
2025-12-17 11:50:00,238 - INFO -   Avg: 1614.979309
2025-12-17 11:50:00,238 - INFO -   Std: 0.141351
2025-12-17 11:50:01,562 - INFO - Generation 40
2025-12-17 11:50:01,563 - INFO -   Best: 1614.158389
2025-12-17 11:50:01,563 - INFO -   Min: 1614.158389
2025-12-17 11:50:01,563 - INFO -   Max: 1615.303362
2025-12-17 11:50:01,563 - INFO -   Avg: 1614.976753
2025-12-17 11:50:01,564 - INFO -   Std: 0.139275
2025-12-17 11:50:02,879 - INFO - Generation 50
2025-12-17 11:50:02,879 - INFO -   Best: 1614.003780
2025-12-17 11:50:02,880 - INFO -   Min: 1614.003780
2025-12-17 11:50:02,880 - INFO -   Max: 1615.474114
2025-12-17 11:50:02,880 - INFO -   Avg: 1614.979765
2025-12-17 11:50:02,880 - INFO -   Std: 0.184764
2025-12-17 11:50:04,148 - INFO - Generation 60
2025-12-17 11:50:04,149 - INFO -   Best: 1614.003780
2025-12-17 11:50:04,149 - INFO -   Min: 1614.003780
2025-12-17 11:50:04,149 - INFO -   Max: 1615.406927
2025-12-17 11:50:04,149 - INFO -   Avg: 1614.977651
2025-12-17 11:50:04,149 - INFO -   Std: 0.157189
2025-12-17 11:50:05,465 - INFO - Generation 70
2025-12-17 11:50:05,465 - INFO -   Best: 1614.003780
2025-12-17 11:50:05,466 - INFO -   Min: 1614.003780
2025-12-17 11:50:05,466 - INFO -   Max: 1615.316238
2025-12-17 11:50:05,466 - INFO -   Avg: 1614.978911
2025-12-17 11:50:05,466 - INFO -   Std: 0.147698
2025-12-17 11:50:06,755 - INFO - Generation 80
2025-12-17 11:50:06,755 - INFO -   Best: 1614.003780
2025-12-17 11:50:06,755 - INFO -   Min: 1614.003780
2025-12-17 11:50:06,756 - INFO -   Max: 1615.288240
2025-12-17 11:50:06,756 - INFO -   Avg: 1614.987274
2025-12-17 11:50:06,756 - INFO -   Std: 0.151190
2025-12-17 11:50:08,013 - INFO - Generation 90
2025-12-17 11:50:08,013 - INFO -   Best: 1614.003780
2025-12-17 11:50:08,013 - INFO -   Min: 1614.003780
2025-12-17 11:50:08,014 - INFO -   Max: 1615.160803
2025-12-17 11:50:08,014 - INFO -   Avg: 1614.975709
2025-12-17 11:50:08,014 - INFO -   Std: 0.144561
2025-12-17 11:50:09,309 - INFO - Generation 100
2025-12-17 11:50:09,309 - INFO -   Best: 1614.003780
2025-12-17 11:50:09,310 - INFO -   Min: 1614.003780
2025-12-17 11:50:09,310 - INFO -   Max: 1615.141163
2025-12-17 11:50:09,310 - INFO -   Avg: 1614.985456
2025-12-17 11:50:09,310 - INFO -   Std: 0.136708
2025-12-17 11:50:10,576 - INFO - Generation 110
2025-12-17 11:50:10,576 - INFO -   Best: 1614.003780
2025-12-17 11:50:10,576 - INFO -   Min: 1614.003780
2025-12-17 11:50:10,576 - INFO -   Max: 1615.340669
2025-12-17 11:50:10,576 - INFO -   Avg: 1614.975276
2025-12-17 11:50:10,577 - INFO -   Std: 0.154946
2025-12-17 11:50:11,829 - INFO - Generation 120
2025-12-17 11:50:11,829 - INFO -   Best: 1614.003780
2025-12-17 11:50:11,829 - INFO -   Min: 1614.003780
2025-12-17 11:50:11,830 - INFO -   Max: 1615.234105
2025-12-17 11:50:11,830 - INFO -   Avg: 1614.972721
2025-12-17 11:50:11,830 - INFO -   Std: 0.152172
2025-12-17 11:50:13,089 - INFO - Generation 130
2025-12-17 11:50:13,089 - INFO -   Best: 1614.003780
2025-12-17 11:50:13,089 - INFO -   Min: 1614.003780
2025-12-17 11:50:13,090 - INFO -   Max: 1615.477653
2025-12-17 11:50:13,090 - INFO -   Avg: 1614.984205
2025-12-17 11:50:13,090 - INFO -   Std: 0.151830
2025-12-17 11:50:14,343 - INFO - Generation 140
2025-12-17 11:50:14,343 - INFO -   Best: 1614.003780
2025-12-17 11:50:14,344 - INFO -   Min: 1614.003780
2025-12-17 11:50:14,344 - INFO -   Max: 1615.333095
2025-12-17 11:50:14,344 - INFO -   Avg: 1614.981134
2025-12-17 11:50:14,344 - INFO -   Std: 0.142765
2025-12-17 11:50:15,602 - INFO - Generation 150
2025-12-17 11:50:15,602 - INFO -   Best: 1614.003780
2025-12-17 11:50:15,602 - INFO -   Min: 1614.003780
2025-12-17 11:50:15,602 - INFO -   Max: 1615.346526
2025-12-17 11:50:15,603 - INFO -   Avg: 1614.976240
2025-12-17 11:50:15,603 - INFO -   Std: 0.154291
2025-12-17 11:50:16,855 - INFO - Generation 160
2025-12-17 11:50:16,855 - INFO -   Best: 1614.003780
2025-12-17 11:50:16,855 - INFO -   Min: 1614.003780
2025-12-17 11:50:16,855 - INFO -   Max: 1615.293109
2025-12-17 11:50:16,855 - INFO -   Avg: 1614.985447
2025-12-17 11:50:16,856 - INFO -   Std: 0.151467
2025-12-17 11:50:18,117 - INFO - Generation 170
2025-12-17 11:50:18,117 - INFO -   Best: 1614.003780
2025-12-17 11:50:18,117 - INFO -   Min: 1614.003780
2025-12-17 11:50:18,119 - INFO -   Max: 1615.303037
2025-12-17 11:50:18,119 - INFO -   Avg: 1614.988761
2025-12-17 11:50:18,119 - INFO -   Std: 0.143278
2025-12-17 11:50:19,392 - INFO - Generation 180
2025-12-17 11:50:19,392 - INFO -   Best: 1614.003780
2025-12-17 11:50:19,392 - INFO -   Min: 1614.003780
2025-12-17 11:50:19,393 - INFO -   Max: 1615.323444
2025-12-17 11:50:19,393 - INFO -   Avg: 1614.968423
2025-12-17 11:50:19,393 - INFO -   Std: 0.151854
2025-12-17 11:50:20,650 - INFO - Generation 190
2025-12-17 11:50:20,650 - INFO -   Best: 1614.003780
2025-12-17 11:50:20,650 - INFO -   Min: 1614.003780
2025-12-17 11:50:20,650 - INFO -   Max: 1615.181494
2025-12-17 11:50:20,650 - INFO -   Avg: 1614.979413
2025-12-17 11:50:20,651 - INFO -   Std: 0.141300
2025-12-17 11:50:21,908 - INFO - Generation 200
2025-12-17 11:50:21,908 - INFO -   Best: 1614.003780
2025-12-17 11:50:21,908 - INFO -   Min: 1614.003780
2025-12-17 11:50:21,908 - INFO -   Max: 1615.221788
2025-12-17 11:50:21,909 - INFO -   Avg: 1614.975772
2025-12-17 11:50:21,909 - INFO -   Std: 0.153320
2025-12-17 11:50:21,944 - INFO - 
Final best fitness: 1614.0037800655
2025-12-17 11:50:21,945 - INFO - Execution time: 25.64s
