2025-12-17 11:26:54,000 - INFO - Representation: Real
2025-12-17 11:26:54,001 - INFO - Number of genes: 2
2025-12-17 11:26:54,001 - INFO - Bounds: [0, 3.141592653589793]
2025-12-17 11:26:54,001 - INFO - Function: michalewicz
2025-12-17 11:26:54,001 - INFO - Population size: 100
2025-12-17 11:26:54,001 - INFO - Generations: 200
2025-12-17 11:26:54,002 - INFO - Selection: tournament
2025-12-17 11:26:54,002 - INFO - Crossover: single_point
2025-12-17 11:26:54,002 - INFO - Mutation: random
2025-12-17 11:26:54,002 - INFO - 
2025-12-17 11:26:54,039 - INFO - Generation 10
2025-12-17 11:26:54,039 - INFO -   Best: -1.790285
2025-12-17 11:26:54,039 - INFO -   Min: -1.790285
2025-12-17 11:26:54,039 - INFO -   Max: 0.000049
2025-12-17 11:26:54,040 - INFO -   Avg: -1.580409
2025-12-17 11:26:54,040 - INFO -   Std: 0.450607
2025-12-17 11:26:54,072 - INFO - Generation 20
2025-12-17 11:26:54,072 - INFO -   Best: -1.792224
2025-12-17 11:26:54,072 - INFO -   Min: -1.792224
2025-12-17 11:26:54,073 - INFO -   Max: -0.230253
2025-12-17 11:26:54,073 - INFO -   Avg: -1.610628
2025-12-17 11:26:54,073 - INFO -   Std: 0.401215
2025-12-17 11:26:54,104 - INFO - Generation 30
2025-12-17 11:26:54,105 - INFO -   Best: -1.792224
2025-12-17 11:26:54,105 - INFO -   Min: -1.792224
2025-12-17 11:26:54,105 - INFO -   Max: 0.077356
2025-12-17 11:26:54,105 - INFO -   Avg: -1.558403
2025-12-17 11:26:54,105 - INFO -   Std: 0.439888
2025-12-17 11:26:54,137 - INFO - Generation 40
2025-12-17 11:26:54,137 - INFO -   Best: -1.792224
2025-12-17 11:26:54,138 - INFO -   Min: -1.792224
2025-12-17 11:26:54,138 - INFO -   Max: 0.267092
2025-12-17 11:26:54,138 - INFO -   Avg: -1.569038
2025-12-17 11:26:54,138 - INFO -   Std: 0.450510
2025-12-17 11:26:54,170 - INFO - Generation 50
2025-12-17 11:26:54,170 - INFO -   Best: -1.792224
2025-12-17 11:26:54,170 - INFO -   Min: -1.792224
2025-12-17 11:26:54,170 - INFO -   Max: 0.190963
2025-12-17 11:26:54,170 - INFO -   Avg: -1.616680
2025-12-17 11:26:54,171 - INFO -   Std: 0.424720
2025-12-17 11:26:54,203 - INFO - Generation 60
2025-12-17 11:26:54,203 - INFO -   Best: -1.792224
2025-12-17 11:26:54,203 - INFO -   Min: -1.792224
2025-12-17 11:26:54,204 - INFO -   Max: -0.036676
2025-12-17 11:26:54,204 - INFO -   Avg: -1.631154
2025-12-17 11:26:54,204 - INFO -   Std: 0.400623
2025-12-17 11:26:54,235 - INFO - Generation 70
2025-12-17 11:26:54,235 - INFO -   Best: -1.792224
2025-12-17 11:26:54,236 - INFO -   Min: -1.792224
2025-12-17 11:26:54,236 - INFO -   Max: -0.150250
2025-12-17 11:26:54,236 - INFO -   Avg: -1.638961
2025-12-17 11:26:54,236 - INFO -   Std: 0.390879
2025-12-17 11:26:54,268 - INFO - Generation 80
2025-12-17 11:26:54,269 - INFO -   Best: -1.792224
2025-12-17 11:26:54,269 - INFO -   Min: -1.792224
2025-12-17 11:26:54,269 - INFO -   Max: 0.105387
2025-12-17 11:26:54,269 - INFO -   Avg: -1.509986
2025-12-17 11:26:54,269 - INFO -   Std: 0.492004
2025-12-17 11:26:54,301 - INFO - Generation 90
2025-12-17 11:26:54,301 - INFO -   Best: -1.792224
2025-12-17 11:26:54,301 - INFO -   Min: -1.792224
2025-12-17 11:26:54,301 - INFO -   Max: -0.176175
2025-12-17 11:26:54,302 - INFO -   Avg: -1.646094
2025-12-17 11:26:54,302 - INFO -   Std: 0.364587
2025-12-17 11:26:54,334 - INFO - Generation 100
2025-12-17 11:26:54,334 - INFO -   Best: -1.792224
2025-12-17 11:26:54,334 - INFO -   Min: -1.792224
2025-12-17 11:26:54,334 - INFO -   Max: -0.132966
2025-12-17 11:26:54,334 - INFO -   Avg: -1.616819
2025-12-17 11:26:54,335 - INFO -   Std: 0.403688
2025-12-17 11:26:54,366 - INFO - Generation 110
2025-12-17 11:26:54,367 - INFO -   Best: -1.792224
2025-12-17 11:26:54,367 - INFO -   Min: -1.792224
2025-12-17 11:26:54,367 - INFO -   Max: -0.000000
2025-12-17 11:26:54,367 - INFO -   Avg: -1.607727
2025-12-17 11:26:54,367 - INFO -   Std: 0.402449
2025-12-17 11:26:54,403 - INFO - Generation 120
2025-12-17 11:26:54,403 - INFO -   Best: -1.792224
2025-12-17 11:26:54,403 - INFO -   Min: -1.792224
2025-12-17 11:26:54,404 - INFO -   Max: 0.181196
2025-12-17 11:26:54,404 - INFO -   Avg: -1.616970
2025-12-17 11:26:54,404 - INFO -   Std: 0.429307
2025-12-17 11:26:54,444 - INFO - Generation 130
2025-12-17 11:26:54,444 - INFO -   Best: -1.792224
2025-12-17 11:26:54,444 - INFO -   Min: -1.792224
2025-12-17 11:26:54,444 - INFO -   Max: -0.000605
2025-12-17 11:26:54,444 - INFO -   Avg: -1.594627
2025-12-17 11:26:54,444 - INFO -   Std: 0.456711
2025-12-17 11:26:54,475 - INFO - Generation 140
2025-12-17 11:26:54,476 - INFO -   Best: -1.792224
2025-12-17 11:26:54,476 - INFO -   Min: -1.792224
2025-12-17 11:26:54,476 - INFO -   Max: -0.026413
2025-12-17 11:26:54,476 - INFO -   Avg: -1.714882
2025-12-17 11:26:54,476 - INFO -   Std: 0.294012
2025-12-17 11:26:54,507 - INFO - Generation 150
2025-12-17 11:26:54,507 - INFO -   Best: -1.792224
2025-12-17 11:26:54,508 - INFO -   Min: -1.792224
2025-12-17 11:26:54,508 - INFO -   Max: 0.512028
2025-12-17 11:26:54,508 - INFO -   Avg: -1.592622
2025-12-17 11:26:54,508 - INFO -   Std: 0.459293
2025-12-17 11:26:54,540 - INFO - Generation 160
2025-12-17 11:26:54,541 - INFO -   Best: -1.792224
2025-12-17 11:26:54,541 - INFO -   Min: -1.792224
2025-12-17 11:26:54,541 - INFO -   Max: -0.375972
2025-12-17 11:26:54,541 - INFO -   Avg: -1.646651
2025-12-17 11:26:54,541 - INFO -   Std: 0.339858
2025-12-17 11:26:54,574 - INFO - Generation 170
2025-12-17 11:26:54,574 - INFO -   Best: -1.792412
2025-12-17 11:26:54,575 - INFO -   Min: -1.792412
2025-12-17 11:26:54,575 - INFO -   Max: -0.023660
2025-12-17 11:26:54,575 - INFO -   Avg: -1.672135
2025-12-17 11:26:54,575 - INFO -   Std: 0.357014
2025-12-17 11:26:54,611 - INFO - Generation 180
2025-12-17 11:26:54,612 - INFO -   Best: -1.792412
2025-12-17 11:26:54,612 - INFO -   Min: -1.792412
2025-12-17 11:26:54,612 - INFO -   Max: -0.454182
2025-12-17 11:26:54,612 - INFO -   Avg: -1.640492
2025-12-17 11:26:54,612 - INFO -   Std: 0.354128
2025-12-17 11:26:54,644 - INFO - Generation 190
2025-12-17 11:26:54,644 - INFO -   Best: -1.792412
2025-12-17 11:26:54,644 - INFO -   Min: -1.792412
2025-12-17 11:26:54,645 - INFO -   Max: -0.618204
2025-12-17 11:26:54,645 - INFO -   Avg: -1.680581
2025-12-17 11:26:54,645 - INFO -   Std: 0.292603
2025-12-17 11:26:54,678 - INFO - Generation 200
2025-12-17 11:26:54,678 - INFO -   Best: -1.792412
2025-12-17 11:26:54,678 - INFO -   Min: -1.792412
2025-12-17 11:26:54,678 - INFO -   Max: -0.433579
2025-12-17 11:26:54,679 - INFO -   Avg: -1.605873
2025-12-17 11:26:54,679 - INFO -   Std: 0.378488
2025-12-17 11:26:54,681 - INFO - 
Final best fitness: -1.7924119765
2025-12-17 11:26:54,681 - INFO - Execution time: 0.68s
2025-12-17 12:03:48,740 - INFO - Representation: Binary
2025-12-17 12:03:48,740 - INFO - Bits per variable: 12
2025-12-17 12:03:48,740 - INFO - Total genes: 24
2025-12-17 12:03:48,740 - INFO - Function: michalewicz
2025-12-17 12:03:48,741 - INFO - Population size: 100
2025-12-17 12:03:48,741 - INFO - Generations: 200
2025-12-17 12:03:48,741 - INFO - Selection: tournament
2025-12-17 12:03:48,741 - INFO - Crossover: single_point
2025-12-17 12:03:48,741 - INFO - Mutation: random
2025-12-17 12:03:48,741 - INFO - 
2025-12-17 12:03:48,885 - INFO - Generation 10
2025-12-17 12:03:48,885 - INFO -   Best: -1.787676
2025-12-17 12:03:48,886 - INFO -   Min: -1.787676
2025-12-17 12:03:48,886 - INFO -   Max: 0.289915
2025-12-17 12:03:48,886 - INFO -   Avg: -1.396772
2025-12-17 12:03:48,886 - INFO -   Std: 0.515865
2025-12-17 12:03:48,990 - INFO - Generation 20
2025-12-17 12:03:48,990 - INFO -   Best: -1.794781
2025-12-17 12:03:48,990 - INFO -   Min: -1.794781
2025-12-17 12:03:48,990 - INFO -   Max: 0.427713
2025-12-17 12:03:48,990 - INFO -   Avg: -1.401667
2025-12-17 12:03:48,990 - INFO -   Std: 0.520370
2025-12-17 12:03:49,094 - INFO - Generation 30
2025-12-17 12:03:49,095 - INFO -   Best: -1.794781
2025-12-17 12:03:49,095 - INFO -   Min: -1.794781
2025-12-17 12:03:49,095 - INFO -   Max: -0.100769
2025-12-17 12:03:49,095 - INFO -   Avg: -1.363719
2025-12-17 12:03:49,095 - INFO -   Std: 0.467220
2025-12-17 12:03:49,202 - INFO - Generation 40
2025-12-17 12:03:49,202 - INFO -   Best: -1.794781
2025-12-17 12:03:49,202 - INFO -   Min: -1.794781
2025-12-17 12:03:49,203 - INFO -   Max: 0.516873
2025-12-17 12:03:49,203 - INFO -   Avg: -1.418205
2025-12-17 12:03:49,203 - INFO -   Std: 0.555313
2025-12-17 12:03:49,309 - INFO - Generation 50
2025-12-17 12:03:49,309 - INFO -   Best: -1.794781
2025-12-17 12:03:49,309 - INFO -   Min: -1.794781
2025-12-17 12:03:49,309 - INFO -   Max: 0.588094
2025-12-17 12:03:49,309 - INFO -   Avg: -1.266557
2025-12-17 12:03:49,310 - INFO -   Std: 0.547091
2025-12-17 12:03:49,413 - INFO - Generation 60
2025-12-17 12:03:49,413 - INFO -   Best: -1.794781
2025-12-17 12:03:49,413 - INFO -   Min: -1.794781
2025-12-17 12:03:49,413 - INFO -   Max: 0.312704
2025-12-17 12:03:49,413 - INFO -   Avg: -1.489602
2025-12-17 12:03:49,413 - INFO -   Std: 0.466159
2025-12-17 12:03:49,517 - INFO - Generation 70
2025-12-17 12:03:49,517 - INFO -   Best: -1.794781
2025-12-17 12:03:49,517 - INFO -   Min: -1.794781
2025-12-17 12:03:49,517 - INFO -   Max: 0.427713
2025-12-17 12:03:49,517 - INFO -   Avg: -1.359670
2025-12-17 12:03:49,517 - INFO -   Std: 0.540088
2025-12-17 12:03:49,621 - INFO - Generation 80
2025-12-17 12:03:49,622 - INFO -   Best: -1.794781
2025-12-17 12:03:49,622 - INFO -   Min: -1.794781
2025-12-17 12:03:49,622 - INFO -   Max: 0.580861
2025-12-17 12:03:49,622 - INFO -   Avg: -1.314299
2025-12-17 12:03:49,622 - INFO -   Std: 0.578793
2025-12-17 12:03:49,727 - INFO - Generation 90
2025-12-17 12:03:49,727 - INFO -   Best: -1.794781
2025-12-17 12:03:49,728 - INFO -   Min: -1.794781
2025-12-17 12:03:49,728 - INFO -   Max: -0.013813
2025-12-17 12:03:49,728 - INFO -   Avg: -1.361809
2025-12-17 12:03:49,728 - INFO -   Std: 0.503728
2025-12-17 12:03:49,835 - INFO - Generation 100
2025-12-17 12:03:49,835 - INFO -   Best: -1.794781
2025-12-17 12:03:49,835 - INFO -   Min: -1.794781
2025-12-17 12:03:49,835 - INFO -   Max: 0.440892
2025-12-17 12:03:49,836 - INFO -   Avg: -1.335472
2025-12-17 12:03:49,836 - INFO -   Std: 0.509691
2025-12-17 12:03:49,940 - INFO - Generation 110
2025-12-17 12:03:49,940 - INFO -   Best: -1.794781
2025-12-17 12:03:49,940 - INFO -   Min: -1.794781
2025-12-17 12:03:49,940 - INFO -   Max: 0.302811
2025-12-17 12:03:49,940 - INFO -   Avg: -1.370357
2025-12-17 12:03:49,941 - INFO -   Std: 0.549220
2025-12-17 12:03:50,046 - INFO - Generation 120
2025-12-17 12:03:50,046 - INFO -   Best: -1.794781
2025-12-17 12:03:50,047 - INFO -   Min: -1.794781
2025-12-17 12:03:50,047 - INFO -   Max: 0.326205
2025-12-17 12:03:50,047 - INFO -   Avg: -1.358576
2025-12-17 12:03:50,047 - INFO -   Std: 0.554292
2025-12-17 12:03:50,150 - INFO - Generation 130
2025-12-17 12:03:50,150 - INFO -   Best: -1.794781
2025-12-17 12:03:50,150 - INFO -   Min: -1.794781
2025-12-17 12:03:50,150 - INFO -   Max: 0.440687
2025-12-17 12:03:50,150 - INFO -   Avg: -1.346911
2025-12-17 12:03:50,151 - INFO -   Std: 0.525396
2025-12-17 12:03:50,256 - INFO - Generation 140
2025-12-17 12:03:50,257 - INFO -   Best: -1.794781
2025-12-17 12:03:50,257 - INFO -   Min: -1.794781
2025-12-17 12:03:50,257 - INFO -   Max: 0.000066
2025-12-17 12:03:50,257 - INFO -   Avg: -1.260806
2025-12-17 12:03:50,257 - INFO -   Std: 0.537926
2025-12-17 12:03:50,361 - INFO - Generation 150
2025-12-17 12:03:50,361 - INFO -   Best: -1.794781
2025-12-17 12:03:50,362 - INFO -   Min: -1.794781
2025-12-17 12:03:50,362 - INFO -   Max: 0.317599
2025-12-17 12:03:50,362 - INFO -   Avg: -1.295338
2025-12-17 12:03:50,362 - INFO -   Std: 0.554085
2025-12-17 12:03:50,466 - INFO - Generation 160
2025-12-17 12:03:50,466 - INFO -   Best: -1.794781
2025-12-17 12:03:50,466 - INFO -   Min: -1.794781
2025-12-17 12:03:50,467 - INFO -   Max: 0.427713
2025-12-17 12:03:50,467 - INFO -   Avg: -1.437212
2025-12-17 12:03:50,467 - INFO -   Std: 0.490938
2025-12-17 12:03:50,573 - INFO - Generation 170
2025-12-17 12:03:50,573 - INFO -   Best: -1.794781
2025-12-17 12:03:50,574 - INFO -   Min: -1.794781
2025-12-17 12:03:50,574 - INFO -   Max: -0.201051
2025-12-17 12:03:50,574 - INFO -   Avg: -1.343845
2025-12-17 12:03:50,574 - INFO -   Std: 0.454251
2025-12-17 12:03:50,680 - INFO - Generation 180
2025-12-17 12:03:50,681 - INFO -   Best: -1.794781
2025-12-17 12:03:50,681 - INFO -   Min: -1.794781
2025-12-17 12:03:50,681 - INFO -   Max: -0.081495
2025-12-17 12:03:50,681 - INFO -   Avg: -1.387968
2025-12-17 12:03:50,681 - INFO -   Std: 0.471529
2025-12-17 12:03:50,789 - INFO - Generation 190
2025-12-17 12:03:50,790 - INFO -   Best: -1.794781
2025-12-17 12:03:50,790 - INFO -   Min: -1.794781
2025-12-17 12:03:50,790 - INFO -   Max: 0.528274
2025-12-17 12:03:50,790 - INFO -   Avg: -1.388354
2025-12-17 12:03:50,790 - INFO -   Std: 0.534571
2025-12-17 12:03:50,894 - INFO - Generation 200
2025-12-17 12:03:50,894 - INFO -   Best: -1.794781
2025-12-17 12:03:50,894 - INFO -   Min: -1.794781
2025-12-17 12:03:50,894 - INFO -   Max: 0.307832
2025-12-17 12:03:50,894 - INFO -   Avg: -1.270879
2025-12-17 12:03:50,895 - INFO -   Std: 0.568230
2025-12-17 12:03:50,899 - INFO - 
Final best fitness: -1.7947797661
2025-12-17 12:03:50,899 - INFO - Execution time: 2.11s
