2025-12-17 11:37:09,456 - INFO - Representation: Real
2025-12-17 11:37:09,456 - INFO - Number of genes: 10
2025-12-17 11:37:09,456 - INFO - Bounds: [0, 3.141592653589793]
2025-12-17 11:37:09,457 - INFO - Function: michalewicz
2025-12-17 11:37:09,457 - INFO - Population size: 100
2025-12-17 11:37:09,457 - INFO - Generations: 200
2025-12-17 11:37:09,457 - INFO - Selection: tournament
2025-12-17 11:37:09,457 - INFO - Crossover: single_point
2025-12-17 11:37:09,457 - INFO - Mutation: random
2025-12-17 11:37:09,458 - INFO - 
2025-12-17 11:37:09,531 - INFO - Generation 10
2025-12-17 11:37:09,531 - INFO -   Best: -6.385968
2025-12-17 11:37:09,531 - INFO -   Min: -6.385968
2025-12-17 11:37:09,531 - INFO -   Max: -2.320347
2025-12-17 11:37:09,532 - INFO -   Avg: -4.326877
2025-12-17 11:37:09,532 - INFO -   Std: 0.923381
2025-12-17 11:37:09,591 - INFO - Generation 20
2025-12-17 11:37:09,591 - INFO -   Best: -6.901847
2025-12-17 11:37:09,591 - INFO -   Min: -6.901847
2025-12-17 11:37:09,592 - INFO -   Max: -3.787425
2025-12-17 11:37:09,592 - INFO -   Avg: -5.626966
2025-12-17 11:37:09,592 - INFO -   Std: 0.721905
2025-12-17 11:37:09,651 - INFO - Generation 30
2025-12-17 11:37:09,651 - INFO -   Best: -7.730830
2025-12-17 11:37:09,651 - INFO -   Min: -7.730830
2025-12-17 11:37:09,652 - INFO -   Max: -3.567178
2025-12-17 11:37:09,652 - INFO -   Avg: -6.014611
2025-12-17 11:37:09,652 - INFO -   Std: 0.992800
2025-12-17 11:37:09,713 - INFO - Generation 40
2025-12-17 11:37:09,713 - INFO -   Best: -7.763723
2025-12-17 11:37:09,713 - INFO -   Min: -7.763723
2025-12-17 11:37:09,713 - INFO -   Max: -4.161001
2025-12-17 11:37:09,713 - INFO -   Avg: -6.789277
2025-12-17 11:37:09,714 - INFO -   Std: 0.739980
2025-12-17 11:37:09,773 - INFO - Generation 50
2025-12-17 11:37:09,773 - INFO -   Best: -8.258141
2025-12-17 11:37:09,773 - INFO -   Min: -8.258141
2025-12-17 11:37:09,773 - INFO -   Max: -3.557145
2025-12-17 11:37:09,774 - INFO -   Avg: -6.572144
2025-12-17 11:37:09,774 - INFO -   Std: 0.994820
2025-12-17 11:37:09,833 - INFO - Generation 60
2025-12-17 11:37:09,833 - INFO -   Best: -8.258141
2025-12-17 11:37:09,833 - INFO -   Min: -8.258141
2025-12-17 11:37:09,833 - INFO -   Max: -4.158579
2025-12-17 11:37:09,833 - INFO -   Avg: -6.681747
2025-12-17 11:37:09,834 - INFO -   Std: 1.013937
2025-12-17 11:37:09,892 - INFO - Generation 70
2025-12-17 11:37:09,892 - INFO -   Best: -8.296196
2025-12-17 11:37:09,892 - INFO -   Min: -8.296196
2025-12-17 11:37:09,893 - INFO -   Max: -3.967166
2025-12-17 11:37:09,893 - INFO -   Avg: -6.908093
2025-12-17 11:37:09,893 - INFO -   Std: 1.060701
2025-12-17 11:37:09,952 - INFO - Generation 80
2025-12-17 11:37:09,952 - INFO -   Best: -8.469301
2025-12-17 11:37:09,952 - INFO -   Min: -8.469301
2025-12-17 11:37:09,952 - INFO -   Max: -4.171921
2025-12-17 11:37:09,952 - INFO -   Avg: -6.847171
2025-12-17 11:37:09,952 - INFO -   Std: 0.995918
2025-12-17 11:37:10,010 - INFO - Generation 90
2025-12-17 11:37:10,010 - INFO -   Best: -8.507356
2025-12-17 11:37:10,010 - INFO -   Min: -8.507356
2025-12-17 11:37:10,010 - INFO -   Max: -4.725879
2025-12-17 11:37:10,010 - INFO -   Avg: -7.237008
2025-12-17 11:37:10,010 - INFO -   Std: 0.970832
2025-12-17 11:37:10,072 - INFO - Generation 100
2025-12-17 11:37:10,073 - INFO -   Best: -8.507356
2025-12-17 11:37:10,073 - INFO -   Min: -8.507356
2025-12-17 11:37:10,073 - INFO -   Max: -3.831568
2025-12-17 11:37:10,073 - INFO -   Avg: -7.300828
2025-12-17 11:37:10,073 - INFO -   Std: 0.986061
2025-12-17 11:37:10,141 - INFO - Generation 110
2025-12-17 11:37:10,142 - INFO -   Best: -8.619364
2025-12-17 11:37:10,142 - INFO -   Min: -8.619364
2025-12-17 11:37:10,142 - INFO -   Max: -3.786234
2025-12-17 11:37:10,142 - INFO -   Avg: -7.141747
2025-12-17 11:37:10,142 - INFO -   Std: 1.047605
2025-12-17 11:37:10,205 - INFO - Generation 120
2025-12-17 11:37:10,205 - INFO -   Best: -8.860342
2025-12-17 11:37:10,206 - INFO -   Min: -8.860342
2025-12-17 11:37:10,206 - INFO -   Max: -4.480312
2025-12-17 11:37:10,206 - INFO -   Avg: -7.315605
2025-12-17 11:37:10,206 - INFO -   Std: 0.998129
2025-12-17 11:37:10,266 - INFO - Generation 130
2025-12-17 11:37:10,266 - INFO -   Best: -8.878953
2025-12-17 11:37:10,266 - INFO -   Min: -8.878953
2025-12-17 11:37:10,267 - INFO -   Max: -4.140865
2025-12-17 11:37:10,267 - INFO -   Avg: -7.485318
2025-12-17 11:37:10,267 - INFO -   Std: 1.025688
2025-12-17 11:37:10,323 - INFO - Generation 140
2025-12-17 11:37:10,323 - INFO -   Best: -8.878953
2025-12-17 11:37:10,323 - INFO -   Min: -8.878953
2025-12-17 11:37:10,323 - INFO -   Max: -3.788688
2025-12-17 11:37:10,323 - INFO -   Avg: -7.248107
2025-12-17 11:37:10,324 - INFO -   Std: 1.018887
2025-12-17 11:37:10,379 - INFO - Generation 150
2025-12-17 11:37:10,379 - INFO -   Best: -8.942688
2025-12-17 11:37:10,380 - INFO -   Min: -8.942688
2025-12-17 11:37:10,380 - INFO -   Max: -5.201474
2025-12-17 11:37:10,380 - INFO -   Avg: -7.788330
2025-12-17 11:37:10,380 - INFO -   Std: 0.956029
2025-12-17 11:37:10,438 - INFO - Generation 160
2025-12-17 11:37:10,439 - INFO -   Best: -8.942688
2025-12-17 11:37:10,439 - INFO -   Min: -8.942688
2025-12-17 11:37:10,439 - INFO -   Max: -5.154158
2025-12-17 11:37:10,439 - INFO -   Avg: -7.717821
2025-12-17 11:37:10,439 - INFO -   Std: 0.955745
2025-12-17 11:37:10,503 - INFO - Generation 170
2025-12-17 11:37:10,504 - INFO -   Best: -8.942688
2025-12-17 11:37:10,504 - INFO -   Min: -8.942688
2025-12-17 11:37:10,504 - INFO -   Max: -4.306080
2025-12-17 11:37:10,504 - INFO -   Avg: -7.681117
2025-12-17 11:37:10,504 - INFO -   Std: 0.992278
2025-12-17 11:37:10,562 - INFO - Generation 180
2025-12-17 11:37:10,562 - INFO -   Best: -8.942688
2025-12-17 11:37:10,563 - INFO -   Min: -8.942688
2025-12-17 11:37:10,563 - INFO -   Max: -4.509139
2025-12-17 11:37:10,563 - INFO -   Avg: -7.456563
2025-12-17 11:37:10,563 - INFO -   Std: 1.146350
2025-12-17 11:37:10,621 - INFO - Generation 190
2025-12-17 11:37:10,621 - INFO -   Best: -8.942688
2025-12-17 11:37:10,621 - INFO -   Min: -8.942688
2025-12-17 11:37:10,621 - INFO -   Max: -4.341084
2025-12-17 11:37:10,622 - INFO -   Avg: -7.593912
2025-12-17 11:37:10,622 - INFO -   Std: 1.027937
2025-12-17 11:37:10,681 - INFO - Generation 200
2025-12-17 11:37:10,681 - INFO -   Best: -8.942688
2025-12-17 11:37:10,681 - INFO -   Min: -8.942688
2025-12-17 11:37:10,681 - INFO -   Max: -5.327999
2025-12-17 11:37:10,682 - INFO -   Avg: -7.698405
2025-12-17 11:37:10,682 - INFO -   Std: 0.977960
2025-12-17 11:37:10,685 - INFO - 
Final best fitness: -8.7250935488
2025-12-17 11:37:10,685 - INFO - Execution time: 1.21s
