2025-12-17 12:08:20,792 - INFO - Representation: Binary
2025-12-17 12:08:20,792 - INFO - Bits per variable: 12
2025-12-17 12:08:20,792 - INFO - Total genes: 60
2025-12-17 12:08:20,793 - INFO - Function: michalewicz
2025-12-17 12:08:20,793 - INFO - Population size: 100
2025-12-17 12:08:20,793 - INFO - Generations: 200
2025-12-17 12:08:20,793 - INFO - Selection: rws
2025-12-17 12:08:20,793 - INFO - Crossover: two_points
2025-12-17 12:08:20,794 - INFO - Mutation: swap
2025-12-17 12:08:20,794 - INFO - 
2025-12-17 12:08:20,980 - INFO - Generation 10
2025-12-17 12:08:20,980 - INFO -   Best: -4.169630
2025-12-17 12:08:20,980 - INFO -   Min: -4.169630
2025-12-17 12:08:20,981 - INFO -   Max: -0.905613
2025-12-17 12:08:20,981 - INFO -   Avg: -2.744985
2025-12-17 12:08:20,981 - INFO -   Std: 0.672498
2025-12-17 12:08:21,074 - INFO - Generation 20
2025-12-17 12:08:21,075 - INFO -   Best: -4.317821
2025-12-17 12:08:21,075 - INFO -   Min: -4.317821
2025-12-17 12:08:21,075 - INFO -   Max: -0.822938
2025-12-17 12:08:21,075 - INFO -   Avg: -2.579073
2025-12-17 12:08:21,075 - INFO -   Std: 0.740074
2025-12-17 12:08:21,158 - INFO - Generation 30
2025-12-17 12:08:21,158 - INFO -   Best: -4.317821
2025-12-17 12:08:21,158 - INFO -   Min: -4.317821
2025-12-17 12:08:21,159 - INFO -   Max: -1.890430
2025-12-17 12:08:21,159 - INFO -   Avg: -3.426545
2025-12-17 12:08:21,159 - INFO -   Std: 0.541210
2025-12-17 12:08:21,240 - INFO - Generation 40
2025-12-17 12:08:21,240 - INFO -   Best: -4.342409
2025-12-17 12:08:21,240 - INFO -   Min: -4.342409
2025-12-17 12:08:21,240 - INFO -   Max: -1.973080
2025-12-17 12:08:21,240 - INFO -   Avg: -3.603693
2025-12-17 12:08:21,241 - INFO -   Std: 0.610003
2025-12-17 12:08:21,321 - INFO - Generation 50
2025-12-17 12:08:21,321 - INFO -   Best: -4.342409
2025-12-17 12:08:21,321 - INFO -   Min: -4.342409
2025-12-17 12:08:21,322 - INFO -   Max: -2.067898
2025-12-17 12:08:21,322 - INFO -   Avg: -3.573503
2025-12-17 12:08:21,322 - INFO -   Std: 0.540433
2025-12-17 12:08:21,403 - INFO - Generation 60
2025-12-17 12:08:21,403 - INFO -   Best: -4.342457
2025-12-17 12:08:21,404 - INFO -   Min: -4.342457
2025-12-17 12:08:21,404 - INFO -   Max: -2.415859
2025-12-17 12:08:21,404 - INFO -   Avg: -3.825368
2025-12-17 12:08:21,404 - INFO -   Std: 0.469233
2025-12-17 12:08:21,485 - INFO - Generation 70
2025-12-17 12:08:21,486 - INFO -   Best: -4.343068
2025-12-17 12:08:21,486 - INFO -   Min: -4.343068
2025-12-17 12:08:21,486 - INFO -   Max: -0.971040
2025-12-17 12:08:21,486 - INFO -   Avg: -3.478063
2025-12-17 12:08:21,486 - INFO -   Std: 0.691862
2025-12-17 12:08:21,566 - INFO - Generation 80
2025-12-17 12:08:21,566 - INFO -   Best: -4.347466
2025-12-17 12:08:21,567 - INFO -   Min: -4.347466
2025-12-17 12:08:21,567 - INFO -   Max: -1.791415
2025-12-17 12:08:21,567 - INFO -   Avg: -3.588116
2025-12-17 12:08:21,567 - INFO -   Std: 0.531806
2025-12-17 12:08:21,649 - INFO - Generation 90
2025-12-17 12:08:21,649 - INFO -   Best: -4.347544
2025-12-17 12:08:21,649 - INFO -   Min: -4.347544
2025-12-17 12:08:21,649 - INFO -   Max: -1.693521
2025-12-17 12:08:21,650 - INFO -   Avg: -3.535468
2025-12-17 12:08:21,650 - INFO -   Std: 0.605614
2025-12-17 12:08:21,733 - INFO - Generation 100
2025-12-17 12:08:21,733 - INFO -   Best: -4.347544
2025-12-17 12:08:21,734 - INFO -   Min: -4.347544
2025-12-17 12:08:21,734 - INFO -   Max: -2.328215
2025-12-17 12:08:21,734 - INFO -   Avg: -3.829905
2025-12-17 12:08:21,734 - INFO -   Std: 0.513021
2025-12-17 12:08:21,816 - INFO - Generation 110
2025-12-17 12:08:21,816 - INFO -   Best: -4.347544
2025-12-17 12:08:21,816 - INFO -   Min: -4.347544
2025-12-17 12:08:21,816 - INFO -   Max: -2.634765
2025-12-17 12:08:21,816 - INFO -   Avg: -4.028754
2025-12-17 12:08:21,816 - INFO -   Std: 0.336502
2025-12-17 12:08:21,900 - INFO - Generation 120
2025-12-17 12:08:21,900 - INFO -   Best: -4.347544
2025-12-17 12:08:21,900 - INFO -   Min: -4.347544
2025-12-17 12:08:21,900 - INFO -   Max: -1.714405
2025-12-17 12:08:21,901 - INFO -   Avg: -3.866567
2025-12-17 12:08:21,901 - INFO -   Std: 0.505559
2025-12-17 12:08:21,985 - INFO - Generation 130
2025-12-17 12:08:21,985 - INFO -   Best: -4.347544
2025-12-17 12:08:21,985 - INFO -   Min: -4.347544
2025-12-17 12:08:21,986 - INFO -   Max: -1.733393
2025-12-17 12:08:21,986 - INFO -   Avg: -3.790252
2025-12-17 12:08:21,986 - INFO -   Std: 0.547577
2025-12-17 12:08:22,070 - INFO - Generation 140
2025-12-17 12:08:22,070 - INFO -   Best: -4.347544
2025-12-17 12:08:22,070 - INFO -   Min: -4.347544
2025-12-17 12:08:22,070 - INFO -   Max: -2.980796
2025-12-17 12:08:22,070 - INFO -   Avg: -3.927266
2025-12-17 12:08:22,071 - INFO -   Std: 0.321590
2025-12-17 12:08:22,158 - INFO - Generation 150
2025-12-17 12:08:22,158 - INFO -   Best: -4.347544
2025-12-17 12:08:22,158 - INFO -   Min: -4.347544
2025-12-17 12:08:22,158 - INFO -   Max: -2.228473
2025-12-17 12:08:22,159 - INFO -   Avg: -3.890088
2025-12-17 12:08:22,159 - INFO -   Std: 0.377986
2025-12-17 12:08:22,243 - INFO - Generation 160
2025-12-17 12:08:22,243 - INFO -   Best: -4.347544
2025-12-17 12:08:22,243 - INFO -   Min: -4.347544
2025-12-17 12:08:22,244 - INFO -   Max: -2.403121
2025-12-17 12:08:22,244 - INFO -   Avg: -3.901749
2025-12-17 12:08:22,244 - INFO -   Std: 0.446696
2025-12-17 12:08:22,334 - INFO - Generation 170
2025-12-17 12:08:22,335 - INFO -   Best: -4.347562
2025-12-17 12:08:22,335 - INFO -   Min: -4.347562
2025-12-17 12:08:22,335 - INFO -   Max: -2.473539
2025-12-17 12:08:22,335 - INFO -   Avg: -3.913621
2025-12-17 12:08:22,336 - INFO -   Std: 0.494877
2025-12-17 12:08:22,442 - INFO - Generation 180
2025-12-17 12:08:22,442 - INFO -   Best: -4.347562
2025-12-17 12:08:22,443 - INFO -   Min: -4.347562
2025-12-17 12:08:22,443 - INFO -   Max: -2.431130
2025-12-17 12:08:22,443 - INFO -   Avg: -3.922092
2025-12-17 12:08:22,443 - INFO -   Std: 0.473287
2025-12-17 12:08:22,526 - INFO - Generation 190
2025-12-17 12:08:22,526 - INFO -   Best: -4.347562
2025-12-17 12:08:22,526 - INFO -   Min: -4.347562
2025-12-17 12:08:22,527 - INFO -   Max: -2.525046
2025-12-17 12:08:22,527 - INFO -   Avg: -3.996953
2025-12-17 12:08:22,527 - INFO -   Std: 0.474023
2025-12-17 12:08:22,615 - INFO - Generation 200
2025-12-17 12:08:22,615 - INFO -   Best: -4.347562
2025-12-17 12:08:22,615 - INFO -   Min: -4.347562
2025-12-17 12:08:22,615 - INFO -   Max: -1.993881
2025-12-17 12:08:22,615 - INFO -   Avg: -3.842534
2025-12-17 12:08:22,616 - INFO -   Std: 0.573860
2025-12-17 12:08:22,622 - INFO - 
Final best fitness: -4.3473231682
2025-12-17 12:08:22,622 - INFO - Execution time: 1.72s
