2025-12-17 12:23:25,547 - INFO - Representation: Real
2025-12-17 12:23:25,548 - INFO - Number of genes: 5
2025-12-17 12:23:25,548 - INFO - Bounds: [0, 3.141592653589793]
2025-12-17 12:23:25,548 - INFO - Function: michalewicz
2025-12-17 12:23:25,548 - INFO - Population size: 100
2025-12-17 12:23:25,549 - INFO - Generations: 200
2025-12-17 12:23:25,549 - INFO - Selection: rws
2025-12-17 12:23:25,549 - INFO - Crossover: two_points
2025-12-17 12:23:25,549 - INFO - Mutation: swap
2025-12-17 12:23:25,549 - INFO - 
2025-12-17 12:23:25,601 - INFO - Generation 10
2025-12-17 12:23:25,601 - INFO -   Best: -3.703866
2025-12-17 12:23:25,602 - INFO -   Min: -3.703866
2025-12-17 12:23:25,602 - INFO -   Max: -0.683363
2025-12-17 12:23:25,602 - INFO -   Avg: -1.924581
2025-12-17 12:23:25,602 - INFO -   Std: 0.685760
2025-12-17 12:23:25,649 - INFO - Generation 20
2025-12-17 12:23:25,649 - INFO -   Best: -3.903953
2025-12-17 12:23:25,650 - INFO -   Min: -3.903953
2025-12-17 12:23:25,650 - INFO -   Max: -0.873839
2025-12-17 12:23:25,650 - INFO -   Avg: -2.269058
2025-12-17 12:23:25,650 - INFO -   Std: 0.768569
2025-12-17 12:23:25,694 - INFO - Generation 30
2025-12-17 12:23:25,694 - INFO -   Best: -3.903953
2025-12-17 12:23:25,694 - INFO -   Min: -3.903953
2025-12-17 12:23:25,694 - INFO -   Max: -1.041719
2025-12-17 12:23:25,695 - INFO -   Avg: -2.476008
2025-12-17 12:23:25,695 - INFO -   Std: 0.720852
2025-12-17 12:23:25,737 - INFO - Generation 40
2025-12-17 12:23:25,737 - INFO -   Best: -3.903953
2025-12-17 12:23:25,737 - INFO -   Min: -3.903953
2025-12-17 12:23:25,738 - INFO -   Max: -0.873839
2025-12-17 12:23:25,738 - INFO -   Avg: -2.460500
2025-12-17 12:23:25,738 - INFO -   Std: 0.597854
2025-12-17 12:23:25,781 - INFO - Generation 50
2025-12-17 12:23:25,781 - INFO -   Best: -3.903953
2025-12-17 12:23:25,781 - INFO -   Min: -3.903953
2025-12-17 12:23:25,781 - INFO -   Max: -1.041948
2025-12-17 12:23:25,782 - INFO -   Avg: -2.626884
2025-12-17 12:23:25,782 - INFO -   Std: 0.640333
2025-12-17 12:23:25,824 - INFO - Generation 60
2025-12-17 12:23:25,824 - INFO -   Best: -3.903953
2025-12-17 12:23:25,824 - INFO -   Min: -3.903953
2025-12-17 12:23:25,824 - INFO -   Max: -1.041948
2025-12-17 12:23:25,824 - INFO -   Avg: -2.516134
2025-12-17 12:23:25,824 - INFO -   Std: 0.690794
2025-12-17 12:23:25,866 - INFO - Generation 70
2025-12-17 12:23:25,867 - INFO -   Best: -3.903953
2025-12-17 12:23:25,867 - INFO -   Min: -3.903953
2025-12-17 12:23:25,867 - INFO -   Max: -1.041719
2025-12-17 12:23:25,867 - INFO -   Avg: -2.540451
2025-12-17 12:23:25,867 - INFO -   Std: 0.642472
2025-12-17 12:23:25,908 - INFO - Generation 80
2025-12-17 12:23:25,908 - INFO -   Best: -3.903953
2025-12-17 12:23:25,909 - INFO -   Min: -3.903953
2025-12-17 12:23:25,909 - INFO -   Max: -1.041719
2025-12-17 12:23:25,909 - INFO -   Avg: -2.659026
2025-12-17 12:23:25,909 - INFO -   Std: 0.580580
2025-12-17 12:23:25,949 - INFO - Generation 90
2025-12-17 12:23:25,950 - INFO -   Best: -3.903953
2025-12-17 12:23:25,950 - INFO -   Min: -3.903953
2025-12-17 12:23:25,950 - INFO -   Max: -1.041948
2025-12-17 12:23:25,950 - INFO -   Avg: -2.582903
2025-12-17 12:23:25,950 - INFO -   Std: 0.728102
2025-12-17 12:23:25,993 - INFO - Generation 100
2025-12-17 12:23:25,993 - INFO -   Best: -3.903953
2025-12-17 12:23:25,994 - INFO -   Min: -3.903953
2025-12-17 12:23:25,994 - INFO -   Max: -1.041948
2025-12-17 12:23:25,994 - INFO -   Avg: -2.484235
2025-12-17 12:23:25,994 - INFO -   Std: 0.720889
2025-12-17 12:23:26,038 - INFO - Generation 110
2025-12-17 12:23:26,038 - INFO -   Best: -3.903953
2025-12-17 12:23:26,038 - INFO -   Min: -3.903953
2025-12-17 12:23:26,038 - INFO -   Max: -1.041948
2025-12-17 12:23:26,038 - INFO -   Avg: -2.421348
2025-12-17 12:23:26,039 - INFO -   Std: 0.859312
2025-12-17 12:23:26,080 - INFO - Generation 120
2025-12-17 12:23:26,080 - INFO -   Best: -3.903953
2025-12-17 12:23:26,080 - INFO -   Min: -3.903953
2025-12-17 12:23:26,080 - INFO -   Max: -1.041948
2025-12-17 12:23:26,080 - INFO -   Avg: -2.605354
2025-12-17 12:23:26,081 - INFO -   Std: 0.683480
2025-12-17 12:23:26,121 - INFO - Generation 130
2025-12-17 12:23:26,121 - INFO -   Best: -3.903953
2025-12-17 12:23:26,121 - INFO -   Min: -3.903953
2025-12-17 12:23:26,121 - INFO -   Max: -1.041948
2025-12-17 12:23:26,121 - INFO -   Avg: -2.517020
2025-12-17 12:23:26,121 - INFO -   Std: 0.722188
2025-12-17 12:23:26,163 - INFO - Generation 140
2025-12-17 12:23:26,164 - INFO -   Best: -3.903953
2025-12-17 12:23:26,164 - INFO -   Min: -3.903953
2025-12-17 12:23:26,164 - INFO -   Max: -1.041948
2025-12-17 12:23:26,164 - INFO -   Avg: -2.486829
2025-12-17 12:23:26,164 - INFO -   Std: 0.662587
2025-12-17 12:23:26,205 - INFO - Generation 150
2025-12-17 12:23:26,205 - INFO -   Best: -3.903953
2025-12-17 12:23:26,206 - INFO -   Min: -3.903953
2025-12-17 12:23:26,206 - INFO -   Max: -1.041948
2025-12-17 12:23:26,206 - INFO -   Avg: -2.503088
2025-12-17 12:23:26,206 - INFO -   Std: 0.648582
2025-12-17 12:23:26,246 - INFO - Generation 160
2025-12-17 12:23:26,247 - INFO -   Best: -3.903953
2025-12-17 12:23:26,247 - INFO -   Min: -3.903953
2025-12-17 12:23:26,247 - INFO -   Max: -1.041948
2025-12-17 12:23:26,247 - INFO -   Avg: -2.588062
2025-12-17 12:23:26,247 - INFO -   Std: 0.674054
2025-12-17 12:23:26,287 - INFO - Generation 170
2025-12-17 12:23:26,287 - INFO -   Best: -3.903953
2025-12-17 12:23:26,287 - INFO -   Min: -3.903953
2025-12-17 12:23:26,288 - INFO -   Max: -1.041948
2025-12-17 12:23:26,288 - INFO -   Avg: -2.299663
2025-12-17 12:23:26,288 - INFO -   Std: 0.799560
2025-12-17 12:23:26,330 - INFO - Generation 180
2025-12-17 12:23:26,330 - INFO -   Best: -3.903953
2025-12-17 12:23:26,331 - INFO -   Min: -3.903953
2025-12-17 12:23:26,331 - INFO -   Max: -1.041948
2025-12-17 12:23:26,331 - INFO -   Avg: -2.392992
2025-12-17 12:23:26,331 - INFO -   Std: 0.805761
2025-12-17 12:23:26,373 - INFO - Generation 190
2025-12-17 12:23:26,374 - INFO -   Best: -3.903953
2025-12-17 12:23:26,374 - INFO -   Min: -3.903953
2025-12-17 12:23:26,374 - INFO -   Max: -1.041948
2025-12-17 12:23:26,374 - INFO -   Avg: -2.518972
2025-12-17 12:23:26,374 - INFO -   Std: 0.695051
2025-12-17 12:23:26,415 - INFO - Generation 200
2025-12-17 12:23:26,416 - INFO -   Best: -3.903953
2025-12-17 12:23:26,416 - INFO -   Min: -3.903953
2025-12-17 12:23:26,416 - INFO -   Max: -1.041948
2025-12-17 12:23:26,416 - INFO -   Avg: -2.556482
2025-12-17 12:23:26,416 - INFO -   Std: 0.773459
2025-12-17 12:23:26,419 - INFO - 
Final best fitness: -3.3081645221
2025-12-17 12:23:26,419 - INFO - Execution time: 0.86s
