2025-12-17 12:23:04,184 - INFO - Representation: Real
2025-12-17 12:23:04,185 - INFO - Number of genes: 10
2025-12-17 12:23:04,185 - INFO - Bounds: [0, 3.141592653589793]
2025-12-17 12:23:04,185 - INFO - Function: michalewicz
2025-12-17 12:23:04,185 - INFO - Population size: 100
2025-12-17 12:23:04,185 - INFO - Generations: 200
2025-12-17 12:23:04,185 - INFO - Selection: rws
2025-12-17 12:23:04,185 - INFO - Crossover: two_points
2025-12-17 12:23:04,186 - INFO - Mutation: swap
2025-12-17 12:23:04,186 - INFO - 
2025-12-17 12:23:04,252 - INFO - Generation 10
2025-12-17 12:23:04,252 - INFO -   Best: -5.689151
2025-12-17 12:23:04,253 - INFO -   Min: -5.689151
2025-12-17 12:23:04,253 - INFO -   Max: -0.936469
2025-12-17 12:23:04,253 - INFO -   Avg: -3.341893
2025-12-17 12:23:04,253 - INFO -   Std: 1.039505
2025-12-17 12:23:04,303 - INFO - Generation 20
2025-12-17 12:23:04,304 - INFO -   Best: -7.137601
2025-12-17 12:23:04,304 - INFO -   Min: -7.137601
2025-12-17 12:23:04,304 - INFO -   Max: -2.208459
2025-12-17 12:23:04,304 - INFO -   Avg: -4.910211
2025-12-17 12:23:04,304 - INFO -   Std: 1.091879
2025-12-17 12:23:04,355 - INFO - Generation 30
2025-12-17 12:23:04,355 - INFO -   Best: -7.397503
2025-12-17 12:23:04,355 - INFO -   Min: -7.397503
2025-12-17 12:23:04,355 - INFO -   Max: -3.379258
2025-12-17 12:23:04,356 - INFO -   Avg: -5.344225
2025-12-17 12:23:04,356 - INFO -   Std: 0.975896
2025-12-17 12:23:04,407 - INFO - Generation 40
2025-12-17 12:23:04,408 - INFO -   Best: -7.824942
2025-12-17 12:23:04,408 - INFO -   Min: -7.824942
2025-12-17 12:23:04,408 - INFO -   Max: -3.268282
2025-12-17 12:23:04,408 - INFO -   Avg: -5.587715
2025-12-17 12:23:04,408 - INFO -   Std: 1.152914
2025-12-17 12:23:04,459 - INFO - Generation 50
2025-12-17 12:23:04,459 - INFO -   Best: -7.824942
2025-12-17 12:23:04,460 - INFO -   Min: -7.824942
2025-12-17 12:23:04,460 - INFO -   Max: -3.141633
2025-12-17 12:23:04,460 - INFO -   Avg: -5.741591
2025-12-17 12:23:04,460 - INFO -   Std: 0.916182
2025-12-17 12:23:04,508 - INFO - Generation 60
2025-12-17 12:23:04,509 - INFO -   Best: -7.824942
2025-12-17 12:23:04,509 - INFO -   Min: -7.824942
2025-12-17 12:23:04,509 - INFO -   Max: -3.821193
2025-12-17 12:23:04,509 - INFO -   Avg: -5.781285
2025-12-17 12:23:04,509 - INFO -   Std: 0.865160
2025-12-17 12:23:04,558 - INFO - Generation 70
2025-12-17 12:23:04,559 - INFO -   Best: -7.824942
2025-12-17 12:23:04,559 - INFO -   Min: -7.824942
2025-12-17 12:23:04,559 - INFO -   Max: -3.288443
2025-12-17 12:23:04,559 - INFO -   Avg: -5.806486
2025-12-17 12:23:04,559 - INFO -   Std: 0.965397
2025-12-17 12:23:04,608 - INFO - Generation 80
2025-12-17 12:23:04,608 - INFO -   Best: -7.824942
2025-12-17 12:23:04,609 - INFO -   Min: -7.824942
2025-12-17 12:23:04,609 - INFO -   Max: -3.492430
2025-12-17 12:23:04,609 - INFO -   Avg: -5.582593
2025-12-17 12:23:04,609 - INFO -   Std: 0.809161
2025-12-17 12:23:04,656 - INFO - Generation 90
2025-12-17 12:23:04,656 - INFO -   Best: -7.824942
2025-12-17 12:23:04,656 - INFO -   Min: -7.824942
2025-12-17 12:23:04,657 - INFO -   Max: -3.492430
2025-12-17 12:23:04,657 - INFO -   Avg: -5.930273
2025-12-17 12:23:04,657 - INFO -   Std: 0.788134
2025-12-17 12:23:04,704 - INFO - Generation 100
2025-12-17 12:23:04,704 - INFO -   Best: -7.824942
2025-12-17 12:23:04,705 - INFO -   Min: -7.824942
2025-12-17 12:23:04,705 - INFO -   Max: -3.821193
2025-12-17 12:23:04,705 - INFO -   Avg: -5.920511
2025-12-17 12:23:04,705 - INFO -   Std: 0.652738
2025-12-17 12:23:04,750 - INFO - Generation 110
2025-12-17 12:23:04,751 - INFO -   Best: -7.824942
2025-12-17 12:23:04,751 - INFO -   Min: -7.824942
2025-12-17 12:23:04,751 - INFO -   Max: -3.808488
2025-12-17 12:23:04,751 - INFO -   Avg: -6.006032
2025-12-17 12:23:04,751 - INFO -   Std: 0.754947
2025-12-17 12:23:04,799 - INFO - Generation 120
2025-12-17 12:23:04,799 - INFO -   Best: -7.824942
2025-12-17 12:23:04,799 - INFO -   Min: -7.824942
2025-12-17 12:23:04,800 - INFO -   Max: -3.831018
2025-12-17 12:23:04,800 - INFO -   Avg: -6.078550
2025-12-17 12:23:04,800 - INFO -   Std: 0.754833
2025-12-17 12:23:04,848 - INFO - Generation 130
2025-12-17 12:23:04,849 - INFO -   Best: -7.824942
2025-12-17 12:23:04,849 - INFO -   Min: -7.824942
2025-12-17 12:23:04,849 - INFO -   Max: -4.221229
2025-12-17 12:23:04,849 - INFO -   Avg: -6.036547
2025-12-17 12:23:04,849 - INFO -   Std: 0.786000
2025-12-17 12:23:04,896 - INFO - Generation 140
2025-12-17 12:23:04,896 - INFO -   Best: -7.824942
2025-12-17 12:23:04,897 - INFO -   Min: -7.824942
2025-12-17 12:23:04,897 - INFO -   Max: -3.430104
2025-12-17 12:23:04,897 - INFO -   Avg: -5.836928
2025-12-17 12:23:04,897 - INFO -   Std: 0.911980
2025-12-17 12:23:04,945 - INFO - Generation 150
2025-12-17 12:23:04,945 - INFO -   Best: -7.824942
2025-12-17 12:23:04,945 - INFO -   Min: -7.824942
2025-12-17 12:23:04,945 - INFO -   Max: -3.678653
2025-12-17 12:23:04,946 - INFO -   Avg: -5.776013
2025-12-17 12:23:04,946 - INFO -   Std: 0.845372
2025-12-17 12:23:04,991 - INFO - Generation 160
2025-12-17 12:23:04,992 - INFO -   Best: -7.824942
2025-12-17 12:23:04,992 - INFO -   Min: -7.824942
2025-12-17 12:23:04,992 - INFO -   Max: -4.489011
2025-12-17 12:23:04,992 - INFO -   Avg: -6.292133
2025-12-17 12:23:04,992 - INFO -   Std: 0.725891
2025-12-17 12:23:05,039 - INFO - Generation 170
2025-12-17 12:23:05,040 - INFO -   Best: -7.824942
2025-12-17 12:23:05,040 - INFO -   Min: -7.824942
2025-12-17 12:23:05,040 - INFO -   Max: -4.003680
2025-12-17 12:23:05,040 - INFO -   Avg: -6.063892
2025-12-17 12:23:05,040 - INFO -   Std: 0.813243
2025-12-17 12:23:05,090 - INFO - Generation 180
2025-12-17 12:23:05,090 - INFO -   Best: -7.824942
2025-12-17 12:23:05,090 - INFO -   Min: -7.824942
2025-12-17 12:23:05,090 - INFO -   Max: -4.403716
2025-12-17 12:23:05,090 - INFO -   Avg: -6.229608
2025-12-17 12:23:05,090 - INFO -   Std: 0.811478
2025-12-17 12:23:05,138 - INFO - Generation 190
2025-12-17 12:23:05,139 - INFO -   Best: -7.824942
2025-12-17 12:23:05,139 - INFO -   Min: -7.824942
2025-12-17 12:23:05,139 - INFO -   Max: -3.014572
2025-12-17 12:23:05,139 - INFO -   Avg: -5.840541
2025-12-17 12:23:05,139 - INFO -   Std: 0.904771
2025-12-17 12:23:05,189 - INFO - Generation 200
2025-12-17 12:23:05,189 - INFO -   Best: -7.824942
2025-12-17 12:23:05,190 - INFO -   Min: -7.824942
2025-12-17 12:23:05,190 - INFO -   Max: -3.492430
2025-12-17 12:23:05,190 - INFO -   Avg: -6.013982
2025-12-17 12:23:05,190 - INFO -   Std: 0.867478
2025-12-17 12:23:05,194 - INFO - 
Final best fitness: -7.5510709321
2025-12-17 12:23:05,194 - INFO - Execution time: 0.99s
