2025-12-17 11:45:19,265 - INFO - Representation: Real
2025-12-17 11:45:19,265 - INFO - Number of genes: 30
2025-12-17 11:45:19,265 - INFO - Bounds: [-100, 100]
2025-12-17 11:45:19,265 - INFO - Function: f16_2014
2025-12-17 11:45:19,266 - INFO - Population size: 100
2025-12-17 11:45:19,266 - INFO - Generations: 200
2025-12-17 11:45:19,266 - INFO - Selection: tournament
2025-12-17 11:45:19,266 - INFO - Crossover: single_point
2025-12-17 11:45:19,266 - INFO - Mutation: random
2025-12-17 11:45:19,266 - INFO - 
2025-12-17 11:45:19,730 - INFO - Generation 10
2025-12-17 11:45:19,731 - INFO -   Best: 1613.649022
2025-12-17 11:45:19,731 - INFO -   Min: 1613.649022
2025-12-17 11:45:19,731 - INFO -   Max: 1615.618455
2025-12-17 11:45:19,731 - INFO -   Avg: 1614.792568
2025-12-17 11:45:19,732 - INFO -   Std: 0.396540
2025-12-17 11:45:20,123 - INFO - Generation 20
2025-12-17 11:45:20,124 - INFO -   Best: 1613.628388
2025-12-17 11:45:20,124 - INFO -   Min: 1613.628388
2025-12-17 11:45:20,124 - INFO -   Max: 1615.680276
2025-12-17 11:45:20,124 - INFO -   Avg: 1614.672554
2025-12-17 11:45:20,124 - INFO -   Std: 0.428423
2025-12-17 11:45:20,515 - INFO - Generation 30
2025-12-17 11:45:20,516 - INFO -   Best: 1613.406824
2025-12-17 11:45:20,516 - INFO -   Min: 1613.406824
2025-12-17 11:45:20,516 - INFO -   Max: 1615.546904
2025-12-17 11:45:20,516 - INFO -   Avg: 1614.557203
2025-12-17 11:45:20,516 - INFO -   Std: 0.456944
2025-12-17 11:45:20,909 - INFO - Generation 40
2025-12-17 11:45:20,910 - INFO -   Best: 1613.069732
2025-12-17 11:45:20,910 - INFO -   Min: 1613.069732
2025-12-17 11:45:20,910 - INFO -   Max: 1615.943496
2025-12-17 11:45:20,910 - INFO -   Avg: 1614.724654
2025-12-17 11:45:20,910 - INFO -   Std: 0.410623
2025-12-17 11:45:21,301 - INFO - Generation 50
2025-12-17 11:45:21,302 - INFO -   Best: 1613.069732
2025-12-17 11:45:21,302 - INFO -   Min: 1613.069732
2025-12-17 11:45:21,302 - INFO -   Max: 1615.667544
2025-12-17 11:45:21,302 - INFO -   Avg: 1614.590383
2025-12-17 11:45:21,302 - INFO -   Std: 0.471426
2025-12-17 11:45:21,694 - INFO - Generation 60
2025-12-17 11:45:21,695 - INFO -   Best: 1613.069732
2025-12-17 11:45:21,695 - INFO -   Min: 1613.069732
2025-12-17 11:45:21,695 - INFO -   Max: 1615.649773
2025-12-17 11:45:21,695 - INFO -   Avg: 1614.552110
2025-12-17 11:45:21,695 - INFO -   Std: 0.464015
2025-12-17 11:45:22,088 - INFO - Generation 70
2025-12-17 11:45:22,088 - INFO -   Best: 1612.925932
2025-12-17 11:45:22,089 - INFO -   Min: 1612.925932
2025-12-17 11:45:22,089 - INFO -   Max: 1615.670224
2025-12-17 11:45:22,089 - INFO -   Avg: 1614.622550
2025-12-17 11:45:22,089 - INFO -   Std: 0.507985
2025-12-17 11:45:22,481 - INFO - Generation 80
2025-12-17 11:45:22,482 - INFO -   Best: 1612.925932
2025-12-17 11:45:22,482 - INFO -   Min: 1612.925932
2025-12-17 11:45:22,482 - INFO -   Max: 1615.680684
2025-12-17 11:45:22,482 - INFO -   Avg: 1614.559410
2025-12-17 11:45:22,482 - INFO -   Std: 0.513830
2025-12-17 11:45:22,874 - INFO - Generation 90
2025-12-17 11:45:22,875 - INFO -   Best: 1612.925932
2025-12-17 11:45:22,875 - INFO -   Min: 1612.925932
2025-12-17 11:45:22,875 - INFO -   Max: 1615.571488
2025-12-17 11:45:22,875 - INFO -   Avg: 1614.445127
2025-12-17 11:45:22,875 - INFO -   Std: 0.520515
2025-12-17 11:45:23,266 - INFO - Generation 100
2025-12-17 11:45:23,267 - INFO -   Best: 1612.860723
2025-12-17 11:45:23,267 - INFO -   Min: 1612.860723
2025-12-17 11:45:23,267 - INFO -   Max: 1615.800894
2025-12-17 11:45:23,267 - INFO -   Avg: 1614.604410
2025-12-17 11:45:23,267 - INFO -   Std: 0.545581
2025-12-17 11:45:23,660 - INFO - Generation 110
2025-12-17 11:45:23,661 - INFO -   Best: 1612.741932
2025-12-17 11:45:23,661 - INFO -   Min: 1612.741932
2025-12-17 11:45:23,661 - INFO -   Max: 1615.736112
2025-12-17 11:45:23,661 - INFO -   Avg: 1614.456029
2025-12-17 11:45:23,661 - INFO -   Std: 0.530640
2025-12-17 11:45:24,057 - INFO - Generation 120
2025-12-17 11:45:24,057 - INFO -   Best: 1612.741932
2025-12-17 11:45:24,057 - INFO -   Min: 1612.741932
2025-12-17 11:45:24,058 - INFO -   Max: 1615.754230
2025-12-17 11:45:24,058 - INFO -   Avg: 1614.504360
2025-12-17 11:45:24,058 - INFO -   Std: 0.508334
2025-12-17 11:45:24,453 - INFO - Generation 130
2025-12-17 11:45:24,453 - INFO -   Best: 1612.741932
2025-12-17 11:45:24,453 - INFO -   Min: 1612.741932
2025-12-17 11:45:24,453 - INFO -   Max: 1615.725212
2025-12-17 11:45:24,454 - INFO -   Avg: 1614.510722
2025-12-17 11:45:24,454 - INFO -   Std: 0.542522
2025-12-17 11:45:24,845 - INFO - Generation 140
2025-12-17 11:45:24,845 - INFO -   Best: 1612.741932
2025-12-17 11:45:24,846 - INFO -   Min: 1612.741932
2025-12-17 11:45:24,846 - INFO -   Max: 1615.707282
2025-12-17 11:45:24,846 - INFO -   Avg: 1614.473664
2025-12-17 11:45:24,846 - INFO -   Std: 0.658305
2025-12-17 11:45:25,238 - INFO - Generation 150
2025-12-17 11:45:25,239 - INFO -   Best: 1612.730932
2025-12-17 11:45:25,239 - INFO -   Min: 1612.730932
2025-12-17 11:45:25,239 - INFO -   Max: 1615.456217
2025-12-17 11:45:25,239 - INFO -   Avg: 1614.470488
2025-12-17 11:45:25,239 - INFO -   Std: 0.521006
2025-12-17 11:45:25,633 - INFO - Generation 160
2025-12-17 11:45:25,634 - INFO -   Best: 1612.385560
2025-12-17 11:45:25,634 - INFO -   Min: 1612.385560
2025-12-17 11:45:25,634 - INFO -   Max: 1615.496884
2025-12-17 11:45:25,634 - INFO -   Avg: 1614.421129
2025-12-17 11:45:25,635 - INFO -   Std: 0.526371
2025-12-17 11:45:26,031 - INFO - Generation 170
2025-12-17 11:45:26,031 - INFO -   Best: 1612.385560
2025-12-17 11:45:26,032 - INFO -   Min: 1612.385560
2025-12-17 11:45:26,032 - INFO -   Max: 1615.311162
2025-12-17 11:45:26,032 - INFO -   Avg: 1614.314356
2025-12-17 11:45:26,032 - INFO -   Std: 0.556291
2025-12-17 11:45:26,427 - INFO - Generation 180
2025-12-17 11:45:26,428 - INFO -   Best: 1612.385560
2025-12-17 11:45:26,428 - INFO -   Min: 1612.385560
2025-12-17 11:45:26,428 - INFO -   Max: 1615.912653
2025-12-17 11:45:26,428 - INFO -   Avg: 1614.517938
2025-12-17 11:45:26,429 - INFO -   Std: 0.584742
2025-12-17 11:45:26,822 - INFO - Generation 190
2025-12-17 11:45:26,823 - INFO -   Best: 1612.385560
2025-12-17 11:45:26,823 - INFO -   Min: 1612.385560
2025-12-17 11:45:26,823 - INFO -   Max: 1616.069597
2025-12-17 11:45:26,823 - INFO -   Avg: 1614.661268
2025-12-17 11:45:26,824 - INFO -   Std: 0.601051
2025-12-17 11:45:27,216 - INFO - Generation 200
2025-12-17 11:45:27,216 - INFO -   Best: 1612.385560
2025-12-17 11:45:27,216 - INFO -   Min: 1612.385560
2025-12-17 11:45:27,216 - INFO -   Max: 1615.430961
2025-12-17 11:45:27,216 - INFO -   Avg: 1614.567153
2025-12-17 11:45:27,217 - INFO -   Std: 0.523563
2025-12-17 11:45:27,239 - INFO - 
Final best fitness: 1612.3855597174
2025-12-17 11:45:27,239 - INFO - Execution time: 7.91s
2025-12-17 11:51:42,571 - INFO - Representation: Binary
2025-12-17 11:51:42,571 - INFO - Bits per variable: 12
2025-12-17 11:51:42,571 - INFO - Total genes: 360
2025-12-17 11:51:42,571 - INFO - Function: f16_2014
2025-12-17 11:51:42,571 - INFO - Population size: 100
2025-12-17 11:51:42,571 - INFO - Generations: 200
2025-12-17 11:51:42,571 - INFO - Selection: tournament
2025-12-17 11:51:42,572 - INFO - Crossover: single_point
2025-12-17 11:51:42,572 - INFO - Mutation: random
2025-12-17 11:51:42,572 - INFO - 
2025-12-17 11:51:44,525 - INFO - Generation 10
2025-12-17 11:51:44,525 - INFO -   Best: 1614.261876
2025-12-17 11:51:44,525 - INFO -   Min: 1614.261876
2025-12-17 11:51:44,526 - INFO -   Max: 1615.390716
2025-12-17 11:51:44,526 - INFO -   Avg: 1614.986723
2025-12-17 11:51:44,526 - INFO -   Std: 0.172844
2025-12-17 11:51:45,790 - INFO - Generation 20
2025-12-17 11:51:45,790 - INFO -   Best: 1614.261876
2025-12-17 11:51:45,790 - INFO -   Min: 1614.261876
2025-12-17 11:51:45,790 - INFO -   Max: 1615.279052
2025-12-17 11:51:45,790 - INFO -   Avg: 1614.982385
2025-12-17 11:51:45,791 - INFO -   Std: 0.161752
2025-12-17 11:51:47,051 - INFO - Generation 30
2025-12-17 11:51:47,052 - INFO -   Best: 1614.261876
2025-12-17 11:51:47,052 - INFO -   Min: 1614.261876
2025-12-17 11:51:47,052 - INFO -   Max: 1615.288682
2025-12-17 11:51:47,052 - INFO -   Avg: 1614.982947
2025-12-17 11:51:47,052 - INFO -   Std: 0.142434
2025-12-17 11:51:48,311 - INFO - Generation 40
2025-12-17 11:51:48,311 - INFO -   Best: 1614.261876
2025-12-17 11:51:48,312 - INFO -   Min: 1614.261876
2025-12-17 11:51:48,312 - INFO -   Max: 1615.511024
2025-12-17 11:51:48,312 - INFO -   Avg: 1614.988882
2025-12-17 11:51:48,313 - INFO -   Std: 0.185372
2025-12-17 11:51:49,572 - INFO - Generation 50
2025-12-17 11:51:49,572 - INFO -   Best: 1614.261876
2025-12-17 11:51:49,572 - INFO -   Min: 1614.261876
2025-12-17 11:51:49,572 - INFO -   Max: 1615.404888
2025-12-17 11:51:49,573 - INFO -   Avg: 1614.966591
2025-12-17 11:51:49,573 - INFO -   Std: 0.138462
2025-12-17 11:51:50,824 - INFO - Generation 60
2025-12-17 11:51:50,825 - INFO -   Best: 1614.261876
2025-12-17 11:51:50,825 - INFO -   Min: 1614.261876
2025-12-17 11:51:50,825 - INFO -   Max: 1615.286135
2025-12-17 11:51:50,825 - INFO -   Avg: 1614.982585
2025-12-17 11:51:50,825 - INFO -   Std: 0.132774
2025-12-17 11:51:52,087 - INFO - Generation 70
2025-12-17 11:51:52,087 - INFO -   Best: 1614.261876
2025-12-17 11:51:52,088 - INFO -   Min: 1614.261876
2025-12-17 11:51:52,088 - INFO -   Max: 1615.341568
2025-12-17 11:51:52,088 - INFO -   Avg: 1614.992011
2025-12-17 11:51:52,088 - INFO -   Std: 0.141525
2025-12-17 11:51:53,361 - INFO - Generation 80
2025-12-17 11:51:53,361 - INFO -   Best: 1614.261876
2025-12-17 11:51:53,361 - INFO -   Min: 1614.261876
2025-12-17 11:51:53,361 - INFO -   Max: 1615.453919
2025-12-17 11:51:53,362 - INFO -   Avg: 1614.983408
2025-12-17 11:51:53,362 - INFO -   Std: 0.153705
2025-12-17 11:51:54,627 - INFO - Generation 90
2025-12-17 11:51:54,627 - INFO -   Best: 1614.196285
2025-12-17 11:51:54,627 - INFO -   Min: 1614.196285
2025-12-17 11:51:54,628 - INFO -   Max: 1615.496291
2025-12-17 11:51:54,628 - INFO -   Avg: 1614.988753
2025-12-17 11:51:54,628 - INFO -   Std: 0.164058
2025-12-17 11:51:55,897 - INFO - Generation 100
2025-12-17 11:51:55,898 - INFO -   Best: 1614.196285
2025-12-17 11:51:55,898 - INFO -   Min: 1614.196285
2025-12-17 11:51:55,898 - INFO -   Max: 1615.373914
2025-12-17 11:51:55,898 - INFO -   Avg: 1614.981092
2025-12-17 11:51:55,898 - INFO -   Std: 0.147642
2025-12-17 11:51:57,160 - INFO - Generation 110
2025-12-17 11:51:57,161 - INFO -   Best: 1614.196285
2025-12-17 11:51:57,161 - INFO -   Min: 1614.196285
2025-12-17 11:51:57,161 - INFO -   Max: 1615.242491
2025-12-17 11:51:57,161 - INFO -   Avg: 1614.961269
2025-12-17 11:51:57,161 - INFO -   Std: 0.168287
2025-12-17 11:51:58,459 - INFO - Generation 120
2025-12-17 11:51:58,459 - INFO -   Best: 1614.196285
2025-12-17 11:51:58,459 - INFO -   Min: 1614.196285
2025-12-17 11:51:58,460 - INFO -   Max: 1615.403643
2025-12-17 11:51:58,460 - INFO -   Avg: 1614.969011
2025-12-17 11:51:58,460 - INFO -   Std: 0.169071
2025-12-17 11:51:59,728 - INFO - Generation 130
2025-12-17 11:51:59,729 - INFO -   Best: 1614.106307
2025-12-17 11:51:59,729 - INFO -   Min: 1614.106307
2025-12-17 11:51:59,729 - INFO -   Max: 1615.700062
2025-12-17 11:51:59,729 - INFO -   Avg: 1614.980211
2025-12-17 11:51:59,729 - INFO -   Std: 0.164435
2025-12-17 11:52:00,992 - INFO - Generation 140
2025-12-17 11:52:00,993 - INFO -   Best: 1614.106307
2025-12-17 11:52:00,993 - INFO -   Min: 1614.106307
2025-12-17 11:52:00,993 - INFO -   Max: 1615.422782
2025-12-17 11:52:00,993 - INFO -   Avg: 1614.987781
2025-12-17 11:52:00,993 - INFO -   Std: 0.182030
2025-12-17 11:52:02,250 - INFO - Generation 150
2025-12-17 11:52:02,250 - INFO -   Best: 1614.106307
2025-12-17 11:52:02,251 - INFO -   Min: 1614.106307
2025-12-17 11:52:02,251 - INFO -   Max: 1615.442223
2025-12-17 11:52:02,251 - INFO -   Avg: 1614.989914
2025-12-17 11:52:02,251 - INFO -   Std: 0.188542
2025-12-17 11:52:03,515 - INFO - Generation 160
2025-12-17 11:52:03,515 - INFO -   Best: 1614.106307
2025-12-17 11:52:03,515 - INFO -   Min: 1614.106307
2025-12-17 11:52:03,516 - INFO -   Max: 1615.255806
2025-12-17 11:52:03,516 - INFO -   Avg: 1614.968408
2025-12-17 11:52:03,516 - INFO -   Std: 0.150219
2025-12-17 11:52:04,788 - INFO - Generation 170
2025-12-17 11:52:04,789 - INFO -   Best: 1614.106307
2025-12-17 11:52:04,789 - INFO -   Min: 1614.106307
2025-12-17 11:52:04,789 - INFO -   Max: 1615.473031
2025-12-17 11:52:04,789 - INFO -   Avg: 1614.989944
2025-12-17 11:52:04,789 - INFO -   Std: 0.165286
2025-12-17 11:52:06,061 - INFO - Generation 180
2025-12-17 11:52:06,061 - INFO -   Best: 1614.104238
2025-12-17 11:52:06,061 - INFO -   Min: 1614.104238
2025-12-17 11:52:06,062 - INFO -   Max: 1615.590699
2025-12-17 11:52:06,062 - INFO -   Avg: 1614.967719
2025-12-17 11:52:06,062 - INFO -   Std: 0.191416
2025-12-17 11:52:07,364 - INFO - Generation 190
2025-12-17 11:52:07,364 - INFO -   Best: 1614.104238
2025-12-17 11:52:07,364 - INFO -   Min: 1614.104238
2025-12-17 11:52:07,364 - INFO -   Max: 1615.211816
2025-12-17 11:52:07,365 - INFO -   Avg: 1614.984813
2025-12-17 11:52:07,365 - INFO -   Std: 0.142778
2025-12-17 11:52:08,652 - INFO - Generation 200
2025-12-17 11:52:08,653 - INFO -   Best: 1614.104238
2025-12-17 11:52:08,653 - INFO -   Min: 1614.104238
2025-12-17 11:52:08,653 - INFO -   Max: 1615.237338
2025-12-17 11:52:08,653 - INFO -   Avg: 1614.971150
2025-12-17 11:52:08,653 - INFO -   Std: 0.170991
2025-12-17 11:52:08,689 - INFO - 
Final best fitness: 1614.1042379795
2025-12-17 11:52:08,689 - INFO - Execution time: 25.46s
