2025-12-17 11:36:59,394 - INFO - Representation: Real
2025-12-17 11:36:59,394 - INFO - Number of genes: 10
2025-12-17 11:36:59,394 - INFO - Bounds: [0, 3.141592653589793]
2025-12-17 11:36:59,395 - INFO - Function: michalewicz
2025-12-17 11:36:59,395 - INFO - Population size: 100
2025-12-17 11:36:59,395 - INFO - Generations: 200
2025-12-17 11:36:59,395 - INFO - Selection: tournament
2025-12-17 11:36:59,395 - INFO - Crossover: single_point
2025-12-17 11:36:59,395 - INFO - Mutation: random
2025-12-17 11:36:59,395 - INFO - 
2025-12-17 11:36:59,471 - INFO - Generation 10
2025-12-17 11:36:59,471 - INFO -   Best: -6.154370
2025-12-17 11:36:59,472 - INFO -   Min: -6.154370
2025-12-17 11:36:59,472 - INFO -   Max: -1.513964
2025-12-17 11:36:59,472 - INFO -   Avg: -4.542937
2025-12-17 11:36:59,472 - INFO -   Std: 1.023532
2025-12-17 11:36:59,530 - INFO - Generation 20
2025-12-17 11:36:59,531 - INFO -   Best: -7.333258
2025-12-17 11:36:59,531 - INFO -   Min: -7.333258
2025-12-17 11:36:59,531 - INFO -   Max: -4.118847
2025-12-17 11:36:59,531 - INFO -   Avg: -5.928518
2025-12-17 11:36:59,531 - INFO -   Std: 0.877837
2025-12-17 11:36:59,587 - INFO - Generation 30
2025-12-17 11:36:59,587 - INFO -   Best: -8.230950
2025-12-17 11:36:59,587 - INFO -   Min: -8.230950
2025-12-17 11:36:59,588 - INFO -   Max: -3.862613
2025-12-17 11:36:59,588 - INFO -   Avg: -6.484060
2025-12-17 11:36:59,588 - INFO -   Std: 0.961447
2025-12-17 11:36:59,647 - INFO - Generation 40
2025-12-17 11:36:59,647 - INFO -   Best: -8.920010
2025-12-17 11:36:59,647 - INFO -   Min: -8.920010
2025-12-17 11:36:59,647 - INFO -   Max: -4.340914
2025-12-17 11:36:59,647 - INFO -   Avg: -7.446097
2025-12-17 11:36:59,647 - INFO -   Std: 0.997402
2025-12-17 11:36:59,702 - INFO - Generation 50
2025-12-17 11:36:59,702 - INFO -   Best: -8.980193
2025-12-17 11:36:59,702 - INFO -   Min: -8.980193
2025-12-17 11:36:59,703 - INFO -   Max: -4.171176
2025-12-17 11:36:59,703 - INFO -   Avg: -7.812663
2025-12-17 11:36:59,703 - INFO -   Std: 1.030492
2025-12-17 11:36:59,763 - INFO - Generation 60
2025-12-17 11:36:59,763 - INFO -   Best: -8.980193
2025-12-17 11:36:59,763 - INFO -   Min: -8.980193
2025-12-17 11:36:59,764 - INFO -   Max: -4.771771
2025-12-17 11:36:59,764 - INFO -   Avg: -7.898581
2025-12-17 11:36:59,764 - INFO -   Std: 0.936454
2025-12-17 11:36:59,821 - INFO - Generation 70
2025-12-17 11:36:59,821 - INFO -   Best: -8.980193
2025-12-17 11:36:59,821 - INFO -   Min: -8.980193
2025-12-17 11:36:59,821 - INFO -   Max: -4.949159
2025-12-17 11:36:59,821 - INFO -   Avg: -7.625768
2025-12-17 11:36:59,822 - INFO -   Std: 1.061449
2025-12-17 11:36:59,877 - INFO - Generation 80
2025-12-17 11:36:59,878 - INFO -   Best: -8.980193
2025-12-17 11:36:59,878 - INFO -   Min: -8.980193
2025-12-17 11:36:59,878 - INFO -   Max: -4.683047
2025-12-17 11:36:59,878 - INFO -   Avg: -7.569967
2025-12-17 11:36:59,878 - INFO -   Std: 1.176628
2025-12-17 11:36:59,936 - INFO - Generation 90
2025-12-17 11:36:59,936 - INFO -   Best: -9.075845
2025-12-17 11:36:59,937 - INFO -   Min: -9.075845
2025-12-17 11:36:59,937 - INFO -   Max: -4.082694
2025-12-17 11:36:59,937 - INFO -   Avg: -7.403493
2025-12-17 11:36:59,937 - INFO -   Std: 1.189579
2025-12-17 11:36:59,996 - INFO - Generation 100
2025-12-17 11:36:59,996 - INFO -   Best: -9.075845
2025-12-17 11:36:59,997 - INFO -   Min: -9.075845
2025-12-17 11:36:59,997 - INFO -   Max: -3.731247
2025-12-17 11:36:59,997 - INFO -   Avg: -7.254016
2025-12-17 11:36:59,997 - INFO -   Std: 1.186891
2025-12-17 11:37:00,054 - INFO - Generation 110
2025-12-17 11:37:00,055 - INFO -   Best: -9.115379
2025-12-17 11:37:00,055 - INFO -   Min: -9.115379
2025-12-17 11:37:00,055 - INFO -   Max: -4.312382
2025-12-17 11:37:00,055 - INFO -   Avg: -7.554523
2025-12-17 11:37:00,055 - INFO -   Std: 1.190821
2025-12-17 11:37:00,110 - INFO - Generation 120
2025-12-17 11:37:00,111 - INFO -   Best: -9.119018
2025-12-17 11:37:00,111 - INFO -   Min: -9.119018
2025-12-17 11:37:00,111 - INFO -   Max: -4.202007
2025-12-17 11:37:00,111 - INFO -   Avg: -7.451715
2025-12-17 11:37:00,112 - INFO -   Std: 1.054361
2025-12-17 11:37:00,167 - INFO - Generation 130
2025-12-17 11:37:00,168 - INFO -   Best: -9.119018
2025-12-17 11:37:00,168 - INFO -   Min: -9.119018
2025-12-17 11:37:00,168 - INFO -   Max: -4.352290
2025-12-17 11:37:00,168 - INFO -   Avg: -7.419308
2025-12-17 11:37:00,169 - INFO -   Std: 1.074242
2025-12-17 11:37:00,231 - INFO - Generation 140
2025-12-17 11:37:00,231 - INFO -   Best: -9.129326
2025-12-17 11:37:00,231 - INFO -   Min: -9.129326
2025-12-17 11:37:00,232 - INFO -   Max: -4.338844
2025-12-17 11:37:00,232 - INFO -   Avg: -7.637578
2025-12-17 11:37:00,232 - INFO -   Std: 1.030419
2025-12-17 11:37:00,295 - INFO - Generation 150
2025-12-17 11:37:00,295 - INFO -   Best: -9.129326
2025-12-17 11:37:00,295 - INFO -   Min: -9.129326
2025-12-17 11:37:00,296 - INFO -   Max: -4.301167
2025-12-17 11:37:00,296 - INFO -   Avg: -7.799891
2025-12-17 11:37:00,296 - INFO -   Std: 0.977948
2025-12-17 11:37:00,357 - INFO - Generation 160
2025-12-17 11:37:00,357 - INFO -   Best: -9.129326
2025-12-17 11:37:00,357 - INFO -   Min: -9.129326
2025-12-17 11:37:00,357 - INFO -   Max: -5.182940
2025-12-17 11:37:00,358 - INFO -   Avg: -7.482220
2025-12-17 11:37:00,358 - INFO -   Std: 1.115965
2025-12-17 11:37:00,420 - INFO - Generation 170
2025-12-17 11:37:00,421 - INFO -   Best: -9.134263
2025-12-17 11:37:00,421 - INFO -   Min: -9.134263
2025-12-17 11:37:00,421 - INFO -   Max: -3.564872
2025-12-17 11:37:00,421 - INFO -   Avg: -7.476460
2025-12-17 11:37:00,421 - INFO -   Std: 1.137543
2025-12-17 11:37:00,481 - INFO - Generation 180
2025-12-17 11:37:00,481 - INFO -   Best: -9.134263
2025-12-17 11:37:00,482 - INFO -   Min: -9.134263
2025-12-17 11:37:00,482 - INFO -   Max: -4.622224
2025-12-17 11:37:00,482 - INFO -   Avg: -7.815885
2025-12-17 11:37:00,482 - INFO -   Std: 0.974450
2025-12-17 11:37:00,541 - INFO - Generation 190
2025-12-17 11:37:00,541 - INFO -   Best: -9.167909
2025-12-17 11:37:00,541 - INFO -   Min: -9.167909
2025-12-17 11:37:00,541 - INFO -   Max: -4.433494
2025-12-17 11:37:00,542 - INFO -   Avg: -7.616896
2025-12-17 11:37:00,542 - INFO -   Std: 1.116307
2025-12-17 11:37:00,604 - INFO - Generation 200
2025-12-17 11:37:00,604 - INFO -   Best: -9.172846
2025-12-17 11:37:00,604 - INFO -   Min: -9.172846
2025-12-17 11:37:00,604 - INFO -   Max: -4.608950
2025-12-17 11:37:00,605 - INFO -   Avg: -8.016667
2025-12-17 11:37:00,605 - INFO -   Std: 1.103275
2025-12-17 11:37:00,608 - INFO - 
Final best fitness: -9.1728462265
2025-12-17 11:37:00,608 - INFO - Execution time: 1.20s
2025-12-17 12:00:52,136 - INFO - Representation: Binary
2025-12-17 12:00:52,136 - INFO - Bits per variable: 12
2025-12-17 12:00:52,136 - INFO - Total genes: 120
2025-12-17 12:00:52,136 - INFO - Function: michalewicz
2025-12-17 12:00:52,136 - INFO - Population size: 100
2025-12-17 12:00:52,136 - INFO - Generations: 200
2025-12-17 12:00:52,137 - INFO - Selection: tournament
2025-12-17 12:00:52,137 - INFO - Crossover: single_point
2025-12-17 12:00:52,137 - INFO - Mutation: random
2025-12-17 12:00:52,137 - INFO - 
2025-12-17 12:00:52,735 - INFO - Generation 10
2025-12-17 12:00:52,735 - INFO -   Best: -5.352326
2025-12-17 12:00:52,736 - INFO -   Min: -5.352326
2025-12-17 12:00:52,736 - INFO -   Max: 0.218018
2025-12-17 12:00:52,736 - INFO -   Avg: -2.643782
2025-12-17 12:00:52,736 - INFO -   Std: 1.067005
2025-12-17 12:00:53,088 - INFO - Generation 20
2025-12-17 12:00:53,089 - INFO -   Best: -6.049929
2025-12-17 12:00:53,089 - INFO -   Min: -6.049929
2025-12-17 12:00:53,089 - INFO -   Max: -0.113362
2025-12-17 12:00:53,089 - INFO -   Avg: -2.883316
2025-12-17 12:00:53,089 - INFO -   Std: 1.222568
2025-12-17 12:00:53,445 - INFO - Generation 30
2025-12-17 12:00:53,446 - INFO -   Best: -6.316513
2025-12-17 12:00:53,446 - INFO -   Min: -6.316513
2025-12-17 12:00:53,446 - INFO -   Max: -0.163169
2025-12-17 12:00:53,446 - INFO -   Avg: -2.819527
2025-12-17 12:00:53,446 - INFO -   Std: 1.274656
2025-12-17 12:00:53,802 - INFO - Generation 40
2025-12-17 12:00:53,802 - INFO -   Best: -6.316513
2025-12-17 12:00:53,802 - INFO -   Min: -6.316513
2025-12-17 12:00:53,802 - INFO -   Max: -0.140914
2025-12-17 12:00:53,802 - INFO -   Avg: -3.159647
2025-12-17 12:00:53,803 - INFO -   Std: 1.194748
2025-12-17 12:00:54,155 - INFO - Generation 50
2025-12-17 12:00:54,155 - INFO -   Best: -6.618939
2025-12-17 12:00:54,155 - INFO -   Min: -6.618939
2025-12-17 12:00:54,155 - INFO -   Max: -1.192422
2025-12-17 12:00:54,155 - INFO -   Avg: -3.322876
2025-12-17 12:00:54,156 - INFO -   Std: 1.271326
2025-12-17 12:00:54,514 - INFO - Generation 60
2025-12-17 12:00:54,514 - INFO -   Best: -6.932300
2025-12-17 12:00:54,515 - INFO -   Min: -6.932300
2025-12-17 12:00:54,515 - INFO -   Max: -1.009212
2025-12-17 12:00:54,515 - INFO -   Avg: -3.317830
2025-12-17 12:00:54,515 - INFO -   Std: 1.083589
2025-12-17 12:00:54,865 - INFO - Generation 70
2025-12-17 12:00:54,865 - INFO -   Best: -6.997471
2025-12-17 12:00:54,865 - INFO -   Min: -6.997471
2025-12-17 12:00:54,865 - INFO -   Max: -0.493330
2025-12-17 12:00:54,865 - INFO -   Avg: -3.288981
2025-12-17 12:00:54,866 - INFO -   Std: 1.204864
2025-12-17 12:00:55,216 - INFO - Generation 80
2025-12-17 12:00:55,216 - INFO -   Best: -6.997471
2025-12-17 12:00:55,216 - INFO -   Min: -6.997471
2025-12-17 12:00:55,216 - INFO -   Max: -0.726485
2025-12-17 12:00:55,217 - INFO -   Avg: -3.354540
2025-12-17 12:00:55,217 - INFO -   Std: 1.320016
2025-12-17 12:00:55,572 - INFO - Generation 90
2025-12-17 12:00:55,572 - INFO -   Best: -6.997471
2025-12-17 12:00:55,573 - INFO -   Min: -6.997471
2025-12-17 12:00:55,573 - INFO -   Max: -0.612152
2025-12-17 12:00:55,573 - INFO -   Avg: -3.144976
2025-12-17 12:00:55,573 - INFO -   Std: 1.421757
2025-12-17 12:00:55,924 - INFO - Generation 100
2025-12-17 12:00:55,925 - INFO -   Best: -7.147646
2025-12-17 12:00:55,925 - INFO -   Min: -7.147646
2025-12-17 12:00:55,925 - INFO -   Max: -0.801427
2025-12-17 12:00:55,925 - INFO -   Avg: -3.025536
2025-12-17 12:00:55,926 - INFO -   Std: 1.056541
2025-12-17 12:00:56,277 - INFO - Generation 110
2025-12-17 12:00:56,278 - INFO -   Best: -7.147646
2025-12-17 12:00:56,278 - INFO -   Min: -7.147646
2025-12-17 12:00:56,278 - INFO -   Max: -0.959134
2025-12-17 12:00:56,278 - INFO -   Avg: -3.523776
2025-12-17 12:00:56,278 - INFO -   Std: 1.297736
2025-12-17 12:00:56,628 - INFO - Generation 120
2025-12-17 12:00:56,628 - INFO -   Best: -7.147646
2025-12-17 12:00:56,629 - INFO -   Min: -7.147646
2025-12-17 12:00:56,629 - INFO -   Max: -0.798648
2025-12-17 12:00:56,629 - INFO -   Avg: -3.372919
2025-12-17 12:00:56,629 - INFO -   Std: 1.320546
2025-12-17 12:00:56,981 - INFO - Generation 130
2025-12-17 12:00:56,982 - INFO -   Best: -7.156318
2025-12-17 12:00:56,982 - INFO -   Min: -7.156318
2025-12-17 12:00:56,982 - INFO -   Max: -0.070744
2025-12-17 12:00:56,982 - INFO -   Avg: -3.368492
2025-12-17 12:00:56,982 - INFO -   Std: 1.369722
2025-12-17 12:00:57,330 - INFO - Generation 140
2025-12-17 12:00:57,330 - INFO -   Best: -7.383902
2025-12-17 12:00:57,330 - INFO -   Min: -7.383902
2025-12-17 12:00:57,330 - INFO -   Max: -0.843206
2025-12-17 12:00:57,330 - INFO -   Avg: -3.612745
2025-12-17 12:00:57,330 - INFO -   Std: 1.315751
2025-12-17 12:00:57,680 - INFO - Generation 150
2025-12-17 12:00:57,680 - INFO -   Best: -7.383902
2025-12-17 12:00:57,680 - INFO -   Min: -7.383902
2025-12-17 12:00:57,681 - INFO -   Max: -0.274846
2025-12-17 12:00:57,681 - INFO -   Avg: -3.488620
2025-12-17 12:00:57,681 - INFO -   Std: 1.170789
2025-12-17 12:00:58,027 - INFO - Generation 160
2025-12-17 12:00:58,027 - INFO -   Best: -7.383902
2025-12-17 12:00:58,027 - INFO -   Min: -7.383902
2025-12-17 12:00:58,028 - INFO -   Max: -0.026760
2025-12-17 12:00:58,028 - INFO -   Avg: -3.628541
2025-12-17 12:00:58,028 - INFO -   Std: 1.408892
2025-12-17 12:00:58,385 - INFO - Generation 170
2025-12-17 12:00:58,385 - INFO -   Best: -7.383902
2025-12-17 12:00:58,385 - INFO -   Min: -7.383902
2025-12-17 12:00:58,385 - INFO -   Max: -0.473867
2025-12-17 12:00:58,386 - INFO -   Avg: -3.216765
2025-12-17 12:00:58,386 - INFO -   Std: 1.315092
2025-12-17 12:00:58,745 - INFO - Generation 180
2025-12-17 12:00:58,745 - INFO -   Best: -7.383902
2025-12-17 12:00:58,745 - INFO -   Min: -7.383902
2025-12-17 12:00:58,746 - INFO -   Max: -0.393830
2025-12-17 12:00:58,746 - INFO -   Avg: -3.364457
2025-12-17 12:00:58,746 - INFO -   Std: 1.136055
2025-12-17 12:00:59,100 - INFO - Generation 190
2025-12-17 12:00:59,101 - INFO -   Best: -7.383902
2025-12-17 12:00:59,101 - INFO -   Min: -7.383902
2025-12-17 12:00:59,101 - INFO -   Max: -0.884390
2025-12-17 12:00:59,101 - INFO -   Avg: -3.358501
2025-12-17 12:00:59,101 - INFO -   Std: 1.270950
2025-12-17 12:00:59,506 - INFO - Generation 200
2025-12-17 12:00:59,506 - INFO -   Best: -7.383902
2025-12-17 12:00:59,506 - INFO -   Min: -7.383902
2025-12-17 12:00:59,507 - INFO -   Max: -0.751968
2025-12-17 12:00:59,507 - INFO -   Avg: -3.351284
2025-12-17 12:00:59,507 - INFO -   Std: 1.192620
2025-12-17 12:00:59,515 - INFO - 
Final best fitness: -7.3839016392
2025-12-17 12:00:59,515 - INFO - Execution time: 7.14s
