2025-12-17 11:45:27,661 - INFO - Representation: Real
2025-12-17 11:45:27,661 - INFO - Number of genes: 30
2025-12-17 11:45:27,661 - INFO - Bounds: [-100, 100]
2025-12-17 11:45:27,661 - INFO - Function: f16_2014
2025-12-17 11:45:27,662 - INFO - Population size: 100
2025-12-17 11:45:27,662 - INFO - Generations: 200
2025-12-17 11:45:27,662 - INFO - Selection: tournament
2025-12-17 11:45:27,662 - INFO - Crossover: single_point
2025-12-17 11:45:27,662 - INFO - Mutation: random
2025-12-17 11:45:27,662 - INFO - 
2025-12-17 11:45:28,133 - INFO - Generation 10
2025-12-17 11:45:28,133 - INFO -   Best: 1613.283930
2025-12-17 11:45:28,134 - INFO -   Min: 1613.283930
2025-12-17 11:45:28,134 - INFO -   Max: 1616.373754
2025-12-17 11:45:28,135 - INFO -   Avg: 1614.720497
2025-12-17 11:45:28,135 - INFO -   Std: 0.501583
2025-12-17 11:45:28,525 - INFO - Generation 20
2025-12-17 11:45:28,525 - INFO -   Best: 1612.986289
2025-12-17 11:45:28,526 - INFO -   Min: 1612.986289
2025-12-17 11:45:28,526 - INFO -   Max: 1615.594366
2025-12-17 11:45:28,526 - INFO -   Avg: 1614.688986
2025-12-17 11:45:28,526 - INFO -   Std: 0.480762
2025-12-17 11:45:28,918 - INFO - Generation 30
2025-12-17 11:45:28,918 - INFO -   Best: 1612.986289
2025-12-17 11:45:28,918 - INFO -   Min: 1612.986289
2025-12-17 11:45:28,918 - INFO -   Max: 1615.736224
2025-12-17 11:45:28,918 - INFO -   Avg: 1614.717810
2025-12-17 11:45:28,918 - INFO -   Std: 0.440217
2025-12-17 11:45:29,310 - INFO - Generation 40
2025-12-17 11:45:29,310 - INFO -   Best: 1612.986289
2025-12-17 11:45:29,311 - INFO -   Min: 1612.986289
2025-12-17 11:45:29,311 - INFO -   Max: 1615.668544
2025-12-17 11:45:29,311 - INFO -   Avg: 1614.684246
2025-12-17 11:45:29,311 - INFO -   Std: 0.440175
2025-12-17 11:45:29,704 - INFO - Generation 50
2025-12-17 11:45:29,704 - INFO -   Best: 1612.986289
2025-12-17 11:45:29,704 - INFO -   Min: 1612.986289
2025-12-17 11:45:29,704 - INFO -   Max: 1615.933358
2025-12-17 11:45:29,704 - INFO -   Avg: 1614.701556
2025-12-17 11:45:29,704 - INFO -   Std: 0.591578
2025-12-17 11:45:30,099 - INFO - Generation 60
2025-12-17 11:45:30,099 - INFO -   Best: 1612.703956
2025-12-17 11:45:30,099 - INFO -   Min: 1612.703956
2025-12-17 11:45:30,100 - INFO -   Max: 1615.902083
2025-12-17 11:45:30,100 - INFO -   Avg: 1614.690050
2025-12-17 11:45:30,100 - INFO -   Std: 0.553007
2025-12-17 11:45:30,493 - INFO - Generation 70
2025-12-17 11:45:30,493 - INFO -   Best: 1612.703956
2025-12-17 11:45:30,493 - INFO -   Min: 1612.703956
2025-12-17 11:45:30,493 - INFO -   Max: 1617.109287
2025-12-17 11:45:30,493 - INFO -   Avg: 1614.560695
2025-12-17 11:45:30,494 - INFO -   Std: 0.589615
2025-12-17 11:45:30,885 - INFO - Generation 80
2025-12-17 11:45:30,886 - INFO -   Best: 1612.323529
2025-12-17 11:45:30,886 - INFO -   Min: 1612.323529
2025-12-17 11:45:30,886 - INFO -   Max: 1615.937636
2025-12-17 11:45:30,887 - INFO -   Avg: 1614.657231
2025-12-17 11:45:30,887 - INFO -   Std: 0.571499
2025-12-17 11:45:31,278 - INFO - Generation 90
2025-12-17 11:45:31,278 - INFO -   Best: 1612.323529
2025-12-17 11:45:31,278 - INFO -   Min: 1612.323529
2025-12-17 11:45:31,279 - INFO -   Max: 1615.678986
2025-12-17 11:45:31,279 - INFO -   Avg: 1614.492889
2025-12-17 11:45:31,279 - INFO -   Std: 0.665975
2025-12-17 11:45:31,670 - INFO - Generation 100
2025-12-17 11:45:31,671 - INFO -   Best: 1612.323529
2025-12-17 11:45:31,671 - INFO -   Min: 1612.323529
2025-12-17 11:45:31,671 - INFO -   Max: 1615.701245
2025-12-17 11:45:31,671 - INFO -   Avg: 1614.449950
2025-12-17 11:45:31,671 - INFO -   Std: 0.595801
2025-12-17 11:45:32,061 - INFO - Generation 110
2025-12-17 11:45:32,062 - INFO -   Best: 1612.217443
2025-12-17 11:45:32,062 - INFO -   Min: 1612.217443
2025-12-17 11:45:32,062 - INFO -   Max: 1616.186218
2025-12-17 11:45:32,062 - INFO -   Avg: 1614.624838
2025-12-17 11:45:32,062 - INFO -   Std: 0.617142
2025-12-17 11:45:32,454 - INFO - Generation 120
2025-12-17 11:45:32,454 - INFO -   Best: 1612.217443
2025-12-17 11:45:32,454 - INFO -   Min: 1612.217443
2025-12-17 11:45:32,455 - INFO -   Max: 1615.733047
2025-12-17 11:45:32,455 - INFO -   Avg: 1614.658031
2025-12-17 11:45:32,455 - INFO -   Std: 0.579912
2025-12-17 11:45:32,850 - INFO - Generation 130
2025-12-17 11:45:32,850 - INFO -   Best: 1611.898267
2025-12-17 11:45:32,850 - INFO -   Min: 1611.898267
2025-12-17 11:45:32,851 - INFO -   Max: 1616.357391
2025-12-17 11:45:32,851 - INFO -   Avg: 1614.495767
2025-12-17 11:45:32,851 - INFO -   Std: 0.783670
2025-12-17 11:45:33,240 - INFO - Generation 140
2025-12-17 11:45:33,240 - INFO -   Best: 1611.898267
2025-12-17 11:45:33,240 - INFO -   Min: 1611.898267
2025-12-17 11:45:33,240 - INFO -   Max: 1615.854008
2025-12-17 11:45:33,240 - INFO -   Avg: 1614.398539
2025-12-17 11:45:33,240 - INFO -   Std: 0.653021
2025-12-17 11:45:33,630 - INFO - Generation 150
2025-12-17 11:45:33,630 - INFO -   Best: 1611.898267
2025-12-17 11:45:33,630 - INFO -   Min: 1611.898267
2025-12-17 11:45:33,630 - INFO -   Max: 1616.315398
2025-12-17 11:45:33,630 - INFO -   Avg: 1614.580667
2025-12-17 11:45:33,630 - INFO -   Std: 0.686046
2025-12-17 11:45:34,020 - INFO - Generation 160
2025-12-17 11:45:34,020 - INFO -   Best: 1611.898267
2025-12-17 11:45:34,021 - INFO -   Min: 1611.898267
2025-12-17 11:45:34,021 - INFO -   Max: 1615.738745
2025-12-17 11:45:34,021 - INFO -   Avg: 1614.639449
2025-12-17 11:45:34,021 - INFO -   Std: 0.677481
2025-12-17 11:45:34,415 - INFO - Generation 170
2025-12-17 11:45:34,415 - INFO -   Best: 1611.898267
2025-12-17 11:45:34,416 - INFO -   Min: 1611.898267
2025-12-17 11:45:34,416 - INFO -   Max: 1615.910457
2025-12-17 11:45:34,416 - INFO -   Avg: 1614.595783
2025-12-17 11:45:34,416 - INFO -   Std: 0.689761
2025-12-17 11:45:34,823 - INFO - Generation 180
2025-12-17 11:45:34,823 - INFO -   Best: 1611.898267
2025-12-17 11:45:34,823 - INFO -   Min: 1611.898267
2025-12-17 11:45:34,824 - INFO -   Max: 1616.004617
2025-12-17 11:45:34,824 - INFO -   Avg: 1614.619822
2025-12-17 11:45:34,824 - INFO -   Std: 0.612378
2025-12-17 11:45:35,217 - INFO - Generation 190
2025-12-17 11:45:35,218 - INFO -   Best: 1611.898267
2025-12-17 11:45:35,218 - INFO -   Min: 1611.898267
2025-12-17 11:45:35,218 - INFO -   Max: 1615.767372
2025-12-17 11:45:35,218 - INFO -   Avg: 1614.653454
2025-12-17 11:45:35,218 - INFO -   Std: 0.631325
2025-12-17 11:45:35,610 - INFO - Generation 200
2025-12-17 11:45:35,610 - INFO -   Best: 1611.898267
2025-12-17 11:45:35,610 - INFO -   Min: 1611.898267
2025-12-17 11:45:35,611 - INFO -   Max: 1616.050176
2025-12-17 11:45:35,611 - INFO -   Avg: 1614.554916
2025-12-17 11:45:35,611 - INFO -   Std: 0.700207
2025-12-17 11:45:35,632 - INFO - 
Final best fitness: 1611.8982670194
2025-12-17 11:45:35,633 - INFO - Execution time: 7.91s
