2025-12-17 11:42:40,975 - INFO - Representation: Real
2025-12-17 11:42:40,975 - INFO - Number of genes: 10
2025-12-17 11:42:40,975 - INFO - Bounds: [-100, 100]
2025-12-17 11:42:40,975 - INFO - Function: f16_2014
2025-12-17 11:42:40,976 - INFO - Population size: 100
2025-12-17 11:42:40,976 - INFO - Generations: 200
2025-12-17 11:42:40,976 - INFO - Selection: tournament
2025-12-17 11:42:40,976 - INFO - Crossover: single_point
2025-12-17 11:42:40,976 - INFO - Mutation: random
2025-12-17 11:42:40,976 - INFO - 
2025-12-17 11:42:41,154 - INFO - Generation 10
2025-12-17 11:42:41,154 - INFO -   Best: 1604.051452
2025-12-17 11:42:41,155 - INFO -   Min: 1604.051452
2025-12-17 11:42:41,155 - INFO -   Max: 1605.811084
2025-12-17 11:42:41,155 - INFO -   Avg: 1604.839296
2025-12-17 11:42:41,155 - INFO -   Std: 0.354974
2025-12-17 11:42:41,299 - INFO - Generation 20
2025-12-17 11:42:41,299 - INFO -   Best: 1603.945400
2025-12-17 11:42:41,300 - INFO -   Min: 1603.945400
2025-12-17 11:42:41,300 - INFO -   Max: 1605.775081
2025-12-17 11:42:41,300 - INFO -   Avg: 1604.755770
2025-12-17 11:42:41,300 - INFO -   Std: 0.372345
2025-12-17 11:42:41,447 - INFO - Generation 30
2025-12-17 11:42:41,447 - INFO -   Best: 1603.847022
2025-12-17 11:42:41,447 - INFO -   Min: 1603.847022
2025-12-17 11:42:41,447 - INFO -   Max: 1605.679530
2025-12-17 11:42:41,448 - INFO -   Avg: 1604.615966
2025-12-17 11:42:41,448 - INFO -   Std: 0.421996
2025-12-17 11:42:41,583 - INFO - Generation 40
2025-12-17 11:42:41,584 - INFO -   Best: 1603.639131
2025-12-17 11:42:41,584 - INFO -   Min: 1603.639131
2025-12-17 11:42:41,584 - INFO -   Max: 1605.679114
2025-12-17 11:42:41,584 - INFO -   Avg: 1604.533095
2025-12-17 11:42:41,584 - INFO -   Std: 0.482358
2025-12-17 11:42:41,721 - INFO - Generation 50
2025-12-17 11:42:41,722 - INFO -   Best: 1603.385432
2025-12-17 11:42:41,722 - INFO -   Min: 1603.385432
2025-12-17 11:42:41,722 - INFO -   Max: 1605.635655
2025-12-17 11:42:41,722 - INFO -   Avg: 1604.433352
2025-12-17 11:42:41,722 - INFO -   Std: 0.515685
2025-12-17 11:42:41,861 - INFO - Generation 60
2025-12-17 11:42:41,861 - INFO -   Best: 1603.385432
2025-12-17 11:42:41,862 - INFO -   Min: 1603.385432
2025-12-17 11:42:41,862 - INFO -   Max: 1605.487843
2025-12-17 11:42:41,862 - INFO -   Avg: 1604.447763
2025-12-17 11:42:41,862 - INFO -   Std: 0.558708
2025-12-17 11:42:41,995 - INFO - Generation 70
2025-12-17 11:42:41,996 - INFO -   Best: 1603.243792
2025-12-17 11:42:41,996 - INFO -   Min: 1603.243792
2025-12-17 11:42:41,996 - INFO -   Max: 1605.703128
2025-12-17 11:42:41,996 - INFO -   Avg: 1604.310151
2025-12-17 11:42:41,996 - INFO -   Std: 0.561366
2025-12-17 11:42:42,135 - INFO - Generation 80
2025-12-17 11:42:42,135 - INFO -   Best: 1603.238517
2025-12-17 11:42:42,135 - INFO -   Min: 1603.238517
2025-12-17 11:42:42,136 - INFO -   Max: 1605.684941
2025-12-17 11:42:42,136 - INFO -   Avg: 1604.388989
2025-12-17 11:42:42,136 - INFO -   Std: 0.536375
2025-12-17 11:42:42,279 - INFO - Generation 90
2025-12-17 11:42:42,279 - INFO -   Best: 1603.164130
2025-12-17 11:42:42,279 - INFO -   Min: 1603.164130
2025-12-17 11:42:42,279 - INFO -   Max: 1605.648221
2025-12-17 11:42:42,279 - INFO -   Avg: 1604.329023
2025-12-17 11:42:42,280 - INFO -   Std: 0.567966
2025-12-17 11:42:42,422 - INFO - Generation 100
2025-12-17 11:42:42,422 - INFO -   Best: 1603.159990
2025-12-17 11:42:42,422 - INFO -   Min: 1603.159990
2025-12-17 11:42:42,422 - INFO -   Max: 1606.079939
2025-12-17 11:42:42,422 - INFO -   Avg: 1604.339820
2025-12-17 11:42:42,422 - INFO -   Std: 0.624340
2025-12-17 11:42:42,570 - INFO - Generation 110
2025-12-17 11:42:42,570 - INFO -   Best: 1603.153549
2025-12-17 11:42:42,570 - INFO -   Min: 1603.153549
2025-12-17 11:42:42,571 - INFO -   Max: 1605.750518
2025-12-17 11:42:42,571 - INFO -   Avg: 1604.492300
2025-12-17 11:42:42,571 - INFO -   Std: 0.552066
2025-12-17 11:42:42,713 - INFO - Generation 120
2025-12-17 11:42:42,714 - INFO -   Best: 1603.153549
2025-12-17 11:42:42,714 - INFO -   Min: 1603.153549
2025-12-17 11:42:42,714 - INFO -   Max: 1605.421200
2025-12-17 11:42:42,714 - INFO -   Avg: 1604.276268
2025-12-17 11:42:42,714 - INFO -   Std: 0.499659
2025-12-17 11:42:42,846 - INFO - Generation 130
2025-12-17 11:42:42,846 - INFO -   Best: 1603.153549
2025-12-17 11:42:42,846 - INFO -   Min: 1603.153549
2025-12-17 11:42:42,846 - INFO -   Max: 1605.416649
2025-12-17 11:42:42,847 - INFO -   Avg: 1604.352409
2025-12-17 11:42:42,847 - INFO -   Std: 0.631921
2025-12-17 11:42:42,988 - INFO - Generation 140
2025-12-17 11:42:42,988 - INFO -   Best: 1603.146356
2025-12-17 11:42:42,989 - INFO -   Min: 1603.146356
2025-12-17 11:42:42,989 - INFO -   Max: 1605.388166
2025-12-17 11:42:42,989 - INFO -   Avg: 1604.410724
2025-12-17 11:42:42,989 - INFO -   Std: 0.608792
2025-12-17 11:42:43,119 - INFO - Generation 150
2025-12-17 11:42:43,120 - INFO -   Best: 1603.146356
2025-12-17 11:42:43,120 - INFO -   Min: 1603.146356
2025-12-17 11:42:43,120 - INFO -   Max: 1605.541635
2025-12-17 11:42:43,120 - INFO -   Avg: 1604.021572
2025-12-17 11:42:43,120 - INFO -   Std: 0.670903
2025-12-17 11:42:43,259 - INFO - Generation 160
2025-12-17 11:42:43,259 - INFO -   Best: 1603.125478
2025-12-17 11:42:43,259 - INFO -   Min: 1603.125478
2025-12-17 11:42:43,259 - INFO -   Max: 1605.396095
2025-12-17 11:42:43,261 - INFO -   Avg: 1604.304994
2025-12-17 11:42:43,261 - INFO -   Std: 0.623722
2025-12-17 11:42:43,396 - INFO - Generation 170
2025-12-17 11:42:43,396 - INFO -   Best: 1603.125478
2025-12-17 11:42:43,396 - INFO -   Min: 1603.125478
2025-12-17 11:42:43,397 - INFO -   Max: 1605.543525
2025-12-17 11:42:43,397 - INFO -   Avg: 1604.242396
2025-12-17 11:42:43,397 - INFO -   Std: 0.636013
2025-12-17 11:42:43,531 - INFO - Generation 180
2025-12-17 11:42:43,531 - INFO -   Best: 1603.116076
2025-12-17 11:42:43,531 - INFO -   Min: 1603.116076
2025-12-17 11:42:43,531 - INFO -   Max: 1605.821047
2025-12-17 11:42:43,531 - INFO -   Avg: 1604.328389
2025-12-17 11:42:43,531 - INFO -   Std: 0.635008
2025-12-17 11:42:43,668 - INFO - Generation 190
2025-12-17 11:42:43,668 - INFO -   Best: 1603.096323
2025-12-17 11:42:43,668 - INFO -   Min: 1603.096323
2025-12-17 11:42:43,669 - INFO -   Max: 1605.801873
2025-12-17 11:42:43,669 - INFO -   Avg: 1604.308985
2025-12-17 11:42:43,669 - INFO -   Std: 0.672028
2025-12-17 11:42:43,806 - INFO - Generation 200
2025-12-17 11:42:43,806 - INFO -   Best: 1603.096323
2025-12-17 11:42:43,807 - INFO -   Min: 1603.096323
2025-12-17 11:42:43,807 - INFO -   Max: 1605.513421
2025-12-17 11:42:43,807 - INFO -   Avg: 1604.288575
2025-12-17 11:42:43,807 - INFO -   Std: 0.636515
2025-12-17 11:42:43,817 - INFO - 
Final best fitness: 1603.1008957208
2025-12-17 11:42:43,817 - INFO - Execution time: 2.82s
