2025-12-17 11:26:51,743 - INFO - Representation: Real
2025-12-17 11:26:51,744 - INFO - Number of genes: 2
2025-12-17 11:26:51,744 - INFO - Bounds: [0, 3.141592653589793]
2025-12-17 11:26:51,744 - INFO - Function: michalewicz
2025-12-17 11:26:51,744 - INFO - Population size: 100
2025-12-17 11:26:51,744 - INFO - Generations: 200
2025-12-17 11:26:51,744 - INFO - Selection: tournament
2025-12-17 11:26:51,744 - INFO - Crossover: single_point
2025-12-17 11:26:51,744 - INFO - Mutation: random
2025-12-17 11:26:51,745 - INFO - 
2025-12-17 11:26:51,786 - INFO - Generation 10
2025-12-17 11:26:51,787 - INFO -   Best: -1.757510
2025-12-17 11:26:51,787 - INFO -   Min: -1.757510
2025-12-17 11:26:51,787 - INFO -   Max: 0.757338
2025-12-17 11:26:51,787 - INFO -   Avg: -1.546264
2025-12-17 11:26:51,788 - INFO -   Std: 0.470394
2025-12-17 11:26:51,821 - INFO - Generation 20
2025-12-17 11:26:51,821 - INFO -   Best: -1.757510
2025-12-17 11:26:51,821 - INFO -   Min: -1.757510
2025-12-17 11:26:51,822 - INFO -   Max: -0.403447
2025-12-17 11:26:51,822 - INFO -   Avg: -1.579591
2025-12-17 11:26:51,822 - INFO -   Std: 0.378884
2025-12-17 11:26:51,858 - INFO - Generation 30
2025-12-17 11:26:51,859 - INFO -   Best: -1.757510
2025-12-17 11:26:51,859 - INFO -   Min: -1.757510
2025-12-17 11:26:51,859 - INFO -   Max: -0.285690
2025-12-17 11:26:51,859 - INFO -   Avg: -1.534985
2025-12-17 11:26:51,859 - INFO -   Std: 0.419409
2025-12-17 11:26:51,893 - INFO - Generation 40
2025-12-17 11:26:51,894 - INFO -   Best: -1.757510
2025-12-17 11:26:51,894 - INFO -   Min: -1.757510
2025-12-17 11:26:51,894 - INFO -   Max: 0.426711
2025-12-17 11:26:51,894 - INFO -   Avg: -1.545099
2025-12-17 11:26:51,894 - INFO -   Std: 0.422900
2025-12-17 11:26:51,931 - INFO - Generation 50
2025-12-17 11:26:51,931 - INFO -   Best: -1.757510
2025-12-17 11:26:51,931 - INFO -   Min: -1.757510
2025-12-17 11:26:51,932 - INFO -   Max: -0.417979
2025-12-17 11:26:51,932 - INFO -   Avg: -1.600751
2025-12-17 11:26:51,932 - INFO -   Std: 0.353411
2025-12-17 11:26:51,973 - INFO - Generation 60
2025-12-17 11:26:51,973 - INFO -   Best: -1.757510
2025-12-17 11:26:51,973 - INFO -   Min: -1.757510
2025-12-17 11:26:51,973 - INFO -   Max: -0.083881
2025-12-17 11:26:51,973 - INFO -   Avg: -1.587204
2025-12-17 11:26:51,974 - INFO -   Std: 0.377970
2025-12-17 11:26:52,013 - INFO - Generation 70
2025-12-17 11:26:52,013 - INFO -   Best: -1.757510
2025-12-17 11:26:52,013 - INFO -   Min: -1.757510
2025-12-17 11:26:52,013 - INFO -   Max: 0.067570
2025-12-17 11:26:52,013 - INFO -   Avg: -1.529107
2025-12-17 11:26:52,013 - INFO -   Std: 0.440943
2025-12-17 11:26:52,053 - INFO - Generation 80
2025-12-17 11:26:52,053 - INFO -   Best: -1.757510
2025-12-17 11:26:52,053 - INFO -   Min: -1.757510
2025-12-17 11:26:52,053 - INFO -   Max: -0.258451
2025-12-17 11:26:52,054 - INFO -   Avg: -1.607884
2025-12-17 11:26:52,054 - INFO -   Std: 0.340976
2025-12-17 11:26:52,086 - INFO - Generation 90
2025-12-17 11:26:52,086 - INFO -   Best: -1.757510
2025-12-17 11:26:52,086 - INFO -   Min: -1.757510
2025-12-17 11:26:52,087 - INFO -   Max: 0.000000
2025-12-17 11:26:52,087 - INFO -   Avg: -1.617899
2025-12-17 11:26:52,087 - INFO -   Std: 0.368506
2025-12-17 11:26:52,119 - INFO - Generation 100
2025-12-17 11:26:52,119 - INFO -   Best: -1.757510
2025-12-17 11:26:52,119 - INFO -   Min: -1.757510
2025-12-17 11:26:52,120 - INFO -   Max: 0.357955
2025-12-17 11:26:52,120 - INFO -   Avg: -1.547170
2025-12-17 11:26:52,120 - INFO -   Std: 0.434375
2025-12-17 11:26:52,151 - INFO - Generation 110
2025-12-17 11:26:52,151 - INFO -   Best: -1.757510
2025-12-17 11:26:52,152 - INFO -   Min: -1.757510
2025-12-17 11:26:52,152 - INFO -   Max: 0.393806
2025-12-17 11:26:52,152 - INFO -   Avg: -1.563577
2025-12-17 11:26:52,152 - INFO -   Std: 0.457666
2025-12-17 11:26:52,189 - INFO - Generation 120
2025-12-17 11:26:52,189 - INFO -   Best: -1.757510
2025-12-17 11:26:52,189 - INFO -   Min: -1.757510
2025-12-17 11:26:52,189 - INFO -   Max: -0.649434
2025-12-17 11:26:52,190 - INFO -   Avg: -1.612138
2025-12-17 11:26:52,190 - INFO -   Std: 0.336929
2025-12-17 11:26:52,221 - INFO - Generation 130
2025-12-17 11:26:52,221 - INFO -   Best: -1.757510
2025-12-17 11:26:52,222 - INFO -   Min: -1.757510
2025-12-17 11:26:52,222 - INFO -   Max: 0.421714
2025-12-17 11:26:52,222 - INFO -   Avg: -1.596512
2025-12-17 11:26:52,222 - INFO -   Std: 0.399492
2025-12-17 11:26:52,256 - INFO - Generation 140
2025-12-17 11:26:52,256 - INFO -   Best: -1.757510
2025-12-17 11:26:52,256 - INFO -   Min: -1.757510
2025-12-17 11:26:52,256 - INFO -   Max: -0.046485
2025-12-17 11:26:52,256 - INFO -   Avg: -1.546040
2025-12-17 11:26:52,257 - INFO -   Std: 0.418657
2025-12-17 11:26:52,290 - INFO - Generation 150
2025-12-17 11:26:52,290 - INFO -   Best: -1.757510
2025-12-17 11:26:52,290 - INFO -   Min: -1.757510
2025-12-17 11:26:52,291 - INFO -   Max: 0.244634
2025-12-17 11:26:52,291 - INFO -   Avg: -1.596214
2025-12-17 11:26:52,291 - INFO -   Std: 0.390303
2025-12-17 11:26:52,328 - INFO - Generation 160
2025-12-17 11:26:52,328 - INFO -   Best: -1.757510
2025-12-17 11:26:52,329 - INFO -   Min: -1.757510
2025-12-17 11:26:52,329 - INFO -   Max: -0.398215
2025-12-17 11:26:52,329 - INFO -   Avg: -1.568296
2025-12-17 11:26:52,329 - INFO -   Std: 0.387439
2025-12-17 11:26:52,362 - INFO - Generation 170
2025-12-17 11:26:52,362 - INFO -   Best: -1.757510
2025-12-17 11:26:52,363 - INFO -   Min: -1.757510
2025-12-17 11:26:52,363 - INFO -   Max: 0.171252
2025-12-17 11:26:52,363 - INFO -   Avg: -1.552121
2025-12-17 11:26:52,363 - INFO -   Std: 0.436178
2025-12-17 11:26:52,395 - INFO - Generation 180
2025-12-17 11:26:52,396 - INFO -   Best: -1.757510
2025-12-17 11:26:52,396 - INFO -   Min: -1.757510
2025-12-17 11:26:52,396 - INFO -   Max: 0.207133
2025-12-17 11:26:52,396 - INFO -   Avg: -1.468880
2025-12-17 11:26:52,396 - INFO -   Std: 0.519831
2025-12-17 11:26:52,428 - INFO - Generation 190
2025-12-17 11:26:52,429 - INFO -   Best: -1.757510
2025-12-17 11:26:52,429 - INFO -   Min: -1.757510
2025-12-17 11:26:52,429 - INFO -   Max: 0.203756
2025-12-17 11:26:52,429 - INFO -   Avg: -1.620481
2025-12-17 11:26:52,429 - INFO -   Std: 0.358295
2025-12-17 11:26:52,461 - INFO - Generation 200
2025-12-17 11:26:52,462 - INFO -   Best: -1.757510
2025-12-17 11:26:52,462 - INFO -   Min: -1.757510
2025-12-17 11:26:52,462 - INFO -   Max: 0.445907
2025-12-17 11:26:52,462 - INFO -   Avg: -1.467232
2025-12-17 11:26:52,462 - INFO -   Std: 0.471868
2025-12-17 11:26:52,465 - INFO - 
Final best fitness: -1.7575098003
2025-12-17 11:26:52,465 - INFO - Execution time: 0.71s
