2025-12-17 11:43:22,460 - INFO - Representation: Real
2025-12-17 11:43:22,460 - INFO - Number of genes: 20
2025-12-17 11:43:22,460 - INFO - Bounds: [-100, 100]
2025-12-17 11:43:22,460 - INFO - Function: f16_2014
2025-12-17 11:43:22,461 - INFO - Population size: 100
2025-12-17 11:43:22,461 - INFO - Generations: 200
2025-12-17 11:43:22,461 - INFO - Selection: tournament
2025-12-17 11:43:22,461 - INFO - Crossover: single_point
2025-12-17 11:43:22,461 - INFO - Mutation: random
2025-12-17 11:43:22,461 - INFO - 
2025-12-17 11:43:22,816 - INFO - Generation 10
2025-12-17 11:43:22,816 - INFO -   Best: 1608.406591
2025-12-17 11:43:22,817 - INFO -   Min: 1608.406591
2025-12-17 11:43:22,817 - INFO -   Max: 1610.877681
2025-12-17 11:43:22,817 - INFO -   Avg: 1609.535447
2025-12-17 11:43:22,817 - INFO -   Std: 0.525314
2025-12-17 11:43:23,117 - INFO - Generation 20
2025-12-17 11:43:23,118 - INFO -   Best: 1608.326321
2025-12-17 11:43:23,118 - INFO -   Min: 1608.326321
2025-12-17 11:43:23,118 - INFO -   Max: 1610.897874
2025-12-17 11:43:23,118 - INFO -   Avg: 1609.513829
2025-12-17 11:43:23,118 - INFO -   Std: 0.484907
2025-12-17 11:43:23,429 - INFO - Generation 30
2025-12-17 11:43:23,430 - INFO -   Best: 1608.313096
2025-12-17 11:43:23,430 - INFO -   Min: 1608.313096
2025-12-17 11:43:23,430 - INFO -   Max: 1610.511779
2025-12-17 11:43:23,431 - INFO -   Avg: 1609.576565
2025-12-17 11:43:23,431 - INFO -   Std: 0.474850
2025-12-17 11:43:23,736 - INFO - Generation 40
2025-12-17 11:43:23,737 - INFO -   Best: 1608.313096
2025-12-17 11:43:23,737 - INFO -   Min: 1608.313096
2025-12-17 11:43:23,737 - INFO -   Max: 1610.497439
2025-12-17 11:43:23,737 - INFO -   Avg: 1609.532488
2025-12-17 11:43:23,737 - INFO -   Std: 0.438117
2025-12-17 11:43:24,025 - INFO - Generation 50
2025-12-17 11:43:24,025 - INFO -   Best: 1608.219012
2025-12-17 11:43:24,025 - INFO -   Min: 1608.219012
2025-12-17 11:43:24,026 - INFO -   Max: 1610.781171
2025-12-17 11:43:24,026 - INFO -   Avg: 1609.398305
2025-12-17 11:43:24,026 - INFO -   Std: 0.504231
2025-12-17 11:43:24,312 - INFO - Generation 60
2025-12-17 11:43:24,313 - INFO -   Best: 1607.581230
2025-12-17 11:43:24,313 - INFO -   Min: 1607.581230
2025-12-17 11:43:24,313 - INFO -   Max: 1610.361899
2025-12-17 11:43:24,313 - INFO -   Avg: 1608.913797
2025-12-17 11:43:24,313 - INFO -   Std: 0.650043
2025-12-17 11:43:24,612 - INFO - Generation 70
2025-12-17 11:43:24,612 - INFO -   Best: 1607.360491
2025-12-17 11:43:24,613 - INFO -   Min: 1607.360491
2025-12-17 11:43:24,613 - INFO -   Max: 1610.319433
2025-12-17 11:43:24,613 - INFO -   Avg: 1608.846525
2025-12-17 11:43:24,613 - INFO -   Std: 0.634873
2025-12-17 11:43:24,890 - INFO - Generation 80
2025-12-17 11:43:24,890 - INFO -   Best: 1607.130359
2025-12-17 11:43:24,890 - INFO -   Min: 1607.130359
2025-12-17 11:43:24,890 - INFO -   Max: 1610.343802
2025-12-17 11:43:24,890 - INFO -   Avg: 1608.874535
2025-12-17 11:43:24,891 - INFO -   Std: 0.744593
2025-12-17 11:43:25,176 - INFO - Generation 90
2025-12-17 11:43:25,176 - INFO -   Best: 1606.547857
2025-12-17 11:43:25,176 - INFO -   Min: 1606.547857
2025-12-17 11:43:25,177 - INFO -   Max: 1610.434194
2025-12-17 11:43:25,177 - INFO -   Avg: 1608.686632
2025-12-17 11:43:25,177 - INFO -   Std: 0.826375
2025-12-17 11:43:25,460 - INFO - Generation 100
2025-12-17 11:43:25,460 - INFO -   Best: 1606.405893
2025-12-17 11:43:25,460 - INFO -   Min: 1606.405893
2025-12-17 11:43:25,460 - INFO -   Max: 1610.164172
2025-12-17 11:43:25,460 - INFO -   Avg: 1608.620909
2025-12-17 11:43:25,461 - INFO -   Std: 0.768151
2025-12-17 11:43:25,734 - INFO - Generation 110
2025-12-17 11:43:25,734 - INFO -   Best: 1606.405893
2025-12-17 11:43:25,735 - INFO -   Min: 1606.405893
2025-12-17 11:43:25,735 - INFO -   Max: 1610.311180
2025-12-17 11:43:25,735 - INFO -   Avg: 1608.615970
2025-12-17 11:43:25,735 - INFO -   Std: 0.911629
2025-12-17 11:43:26,006 - INFO - Generation 120
2025-12-17 11:43:26,006 - INFO -   Best: 1606.402320
2025-12-17 11:43:26,006 - INFO -   Min: 1606.402320
2025-12-17 11:43:26,007 - INFO -   Max: 1610.275858
2025-12-17 11:43:26,007 - INFO -   Avg: 1608.573081
2025-12-17 11:43:26,007 - INFO -   Std: 0.839840
2025-12-17 11:43:26,300 - INFO - Generation 130
2025-12-17 11:43:26,300 - INFO -   Best: 1606.294860
2025-12-17 11:43:26,300 - INFO -   Min: 1606.294860
2025-12-17 11:43:26,301 - INFO -   Max: 1610.335496
2025-12-17 11:43:26,301 - INFO -   Avg: 1608.561975
2025-12-17 11:43:26,301 - INFO -   Std: 0.868286
2025-12-17 11:43:26,580 - INFO - Generation 140
2025-12-17 11:43:26,581 - INFO -   Best: 1606.294761
2025-12-17 11:43:26,581 - INFO -   Min: 1606.294761
2025-12-17 11:43:26,581 - INFO -   Max: 1610.598288
2025-12-17 11:43:26,581 - INFO -   Avg: 1608.593762
2025-12-17 11:43:26,581 - INFO -   Std: 0.957694
2025-12-17 11:43:26,861 - INFO - Generation 150
2025-12-17 11:43:26,862 - INFO -   Best: 1606.247626
2025-12-17 11:43:26,862 - INFO -   Min: 1606.247626
2025-12-17 11:43:26,862 - INFO -   Max: 1610.711626
2025-12-17 11:43:26,862 - INFO -   Avg: 1608.916714
2025-12-17 11:43:26,862 - INFO -   Std: 1.024094
2025-12-17 11:43:27,152 - INFO - Generation 160
2025-12-17 11:43:27,153 - INFO -   Best: 1606.107722
2025-12-17 11:43:27,153 - INFO -   Min: 1606.107722
2025-12-17 11:43:27,153 - INFO -   Max: 1610.511111
2025-12-17 11:43:27,153 - INFO -   Avg: 1608.793324
2025-12-17 11:43:27,153 - INFO -   Std: 0.899346
2025-12-17 11:43:27,426 - INFO - Generation 170
2025-12-17 11:43:27,426 - INFO -   Best: 1606.107722
2025-12-17 11:43:27,426 - INFO -   Min: 1606.107722
2025-12-17 11:43:27,426 - INFO -   Max: 1610.398805
2025-12-17 11:43:27,426 - INFO -   Avg: 1608.534322
2025-12-17 11:43:27,427 - INFO -   Std: 0.848447
2025-12-17 11:43:27,701 - INFO - Generation 180
2025-12-17 11:43:27,701 - INFO -   Best: 1606.107722
2025-12-17 11:43:27,701 - INFO -   Min: 1606.107722
2025-12-17 11:43:27,701 - INFO -   Max: 1611.153008
2025-12-17 11:43:27,701 - INFO -   Avg: 1608.888335
2025-12-17 11:43:27,702 - INFO -   Std: 0.840837
2025-12-17 11:43:27,974 - INFO - Generation 190
2025-12-17 11:43:27,974 - INFO -   Best: 1606.107722
2025-12-17 11:43:27,974 - INFO -   Min: 1606.107722
2025-12-17 11:43:27,975 - INFO -   Max: 1610.543219
2025-12-17 11:43:27,975 - INFO -   Avg: 1608.615274
2025-12-17 11:43:27,975 - INFO -   Std: 0.878583
2025-12-17 11:43:28,248 - INFO - Generation 200
2025-12-17 11:43:28,248 - INFO -   Best: 1606.081748
2025-12-17 11:43:28,248 - INFO -   Min: 1606.081748
2025-12-17 11:43:28,248 - INFO -   Max: 1610.343429
2025-12-17 11:43:28,248 - INFO -   Avg: 1608.167916
2025-12-17 11:43:28,249 - INFO -   Std: 0.888535
2025-12-17 11:43:28,265 - INFO - 
Final best fitness: 1606.0817479203
2025-12-17 11:43:28,265 - INFO - Execution time: 5.76s
2025-12-17 11:56:02,647 - INFO - Representation: Binary
2025-12-17 11:56:02,647 - INFO - Bits per variable: 12
2025-12-17 11:56:02,649 - INFO - Total genes: 240
2025-12-17 11:56:02,649 - INFO - Function: f16_2014
2025-12-17 11:56:02,649 - INFO - Population size: 100
2025-12-17 11:56:02,649 - INFO - Generations: 200
2025-12-17 11:56:02,649 - INFO - Selection: tournament
2025-12-17 11:56:02,650 - INFO - Crossover: single_point
2025-12-17 11:56:02,650 - INFO - Mutation: random
2025-12-17 11:56:02,650 - INFO - 
2025-12-17 11:56:03,978 - INFO - Generation 10
2025-12-17 11:56:03,978 - INFO -   Best: 1609.147939
2025-12-17 11:56:03,978 - INFO -   Min: 1609.147939
2025-12-17 11:56:03,978 - INFO -   Max: 1610.484898
2025-12-17 11:56:03,978 - INFO -   Avg: 1609.935889
2025-12-17 11:56:03,979 - INFO -   Std: 0.188079
2025-12-17 11:56:04,835 - INFO - Generation 20
2025-12-17 11:56:04,835 - INFO -   Best: 1609.147939
2025-12-17 11:56:04,835 - INFO -   Min: 1609.147939
2025-12-17 11:56:04,836 - INFO -   Max: 1610.427366
2025-12-17 11:56:04,836 - INFO -   Avg: 1609.932738
2025-12-17 11:56:04,836 - INFO -   Std: 0.181792
2025-12-17 11:56:05,681 - INFO - Generation 30
2025-12-17 11:56:05,681 - INFO -   Best: 1609.076084
2025-12-17 11:56:05,681 - INFO -   Min: 1609.076084
2025-12-17 11:56:05,681 - INFO -   Max: 1610.457558
2025-12-17 11:56:05,681 - INFO -   Avg: 1609.888973
2025-12-17 11:56:05,682 - INFO -   Std: 0.235506
2025-12-17 11:56:06,529 - INFO - Generation 40
2025-12-17 11:56:06,529 - INFO -   Best: 1609.008702
2025-12-17 11:56:06,530 - INFO -   Min: 1609.008702
2025-12-17 11:56:06,530 - INFO -   Max: 1610.678019
2025-12-17 11:56:06,530 - INFO -   Avg: 1609.842828
2025-12-17 11:56:06,530 - INFO -   Std: 0.288981
2025-12-17 11:56:07,383 - INFO - Generation 50
2025-12-17 11:56:07,384 - INFO -   Best: 1608.876194
2025-12-17 11:56:07,384 - INFO -   Min: 1608.876194
2025-12-17 11:56:07,384 - INFO -   Max: 1610.688130
2025-12-17 11:56:07,384 - INFO -   Avg: 1609.924453
2025-12-17 11:56:07,384 - INFO -   Std: 0.254378
2025-12-17 11:56:08,237 - INFO - Generation 60
2025-12-17 11:56:08,237 - INFO -   Best: 1608.814388
2025-12-17 11:56:08,238 - INFO -   Min: 1608.814388
2025-12-17 11:56:08,238 - INFO -   Max: 1610.329464
2025-12-17 11:56:08,238 - INFO -   Avg: 1609.827119
2025-12-17 11:56:08,238 - INFO -   Std: 0.281340
2025-12-17 11:56:09,088 - INFO - Generation 70
2025-12-17 11:56:09,088 - INFO -   Best: 1608.764373
2025-12-17 11:56:09,089 - INFO -   Min: 1608.764373
2025-12-17 11:56:09,089 - INFO -   Max: 1610.701621
2025-12-17 11:56:09,089 - INFO -   Avg: 1609.819593
2025-12-17 11:56:09,089 - INFO -   Std: 0.302842
2025-12-17 11:56:09,939 - INFO - Generation 80
2025-12-17 11:56:09,939 - INFO -   Best: 1608.764373
2025-12-17 11:56:09,940 - INFO -   Min: 1608.764373
2025-12-17 11:56:09,940 - INFO -   Max: 1610.386914
2025-12-17 11:56:09,940 - INFO -   Avg: 1609.828469
2025-12-17 11:56:09,940 - INFO -   Std: 0.255956
2025-12-17 11:56:10,790 - INFO - Generation 90
2025-12-17 11:56:10,790 - INFO -   Best: 1608.764373
2025-12-17 11:56:10,790 - INFO -   Min: 1608.764373
2025-12-17 11:56:10,791 - INFO -   Max: 1610.475888
2025-12-17 11:56:10,791 - INFO -   Avg: 1609.868750
2025-12-17 11:56:10,791 - INFO -   Std: 0.261596
2025-12-17 11:56:11,642 - INFO - Generation 100
2025-12-17 11:56:11,642 - INFO -   Best: 1608.698047
2025-12-17 11:56:11,643 - INFO -   Min: 1608.698047
2025-12-17 11:56:11,643 - INFO -   Max: 1610.398648
2025-12-17 11:56:11,643 - INFO -   Avg: 1609.848318
2025-12-17 11:56:11,643 - INFO -   Std: 0.271547
2025-12-17 11:56:12,493 - INFO - Generation 110
2025-12-17 11:56:12,493 - INFO -   Best: 1608.647671
2025-12-17 11:56:12,493 - INFO -   Min: 1608.647671
2025-12-17 11:56:12,494 - INFO -   Max: 1610.424224
2025-12-17 11:56:12,494 - INFO -   Avg: 1609.800280
2025-12-17 11:56:12,494 - INFO -   Std: 0.295810
2025-12-17 11:56:13,342 - INFO - Generation 120
2025-12-17 11:56:13,342 - INFO -   Best: 1608.596574
2025-12-17 11:56:13,342 - INFO -   Min: 1608.596574
2025-12-17 11:56:13,343 - INFO -   Max: 1610.261347
2025-12-17 11:56:13,343 - INFO -   Avg: 1609.873322
2025-12-17 11:56:13,343 - INFO -   Std: 0.266529
2025-12-17 11:56:14,195 - INFO - Generation 130
2025-12-17 11:56:14,195 - INFO -   Best: 1608.596574
2025-12-17 11:56:14,195 - INFO -   Min: 1608.596574
2025-12-17 11:56:14,196 - INFO -   Max: 1610.629478
2025-12-17 11:56:14,196 - INFO -   Avg: 1609.843558
2025-12-17 11:56:14,196 - INFO -   Std: 0.315729
2025-12-17 11:56:15,042 - INFO - Generation 140
2025-12-17 11:56:15,042 - INFO -   Best: 1608.596574
2025-12-17 11:56:15,042 - INFO -   Min: 1608.596574
2025-12-17 11:56:15,043 - INFO -   Max: 1610.291098
2025-12-17 11:56:15,043 - INFO -   Avg: 1609.762790
2025-12-17 11:56:15,043 - INFO -   Std: 0.346260
2025-12-17 11:56:15,889 - INFO - Generation 150
2025-12-17 11:56:15,889 - INFO -   Best: 1608.399409
2025-12-17 11:56:15,889 - INFO -   Min: 1608.399409
2025-12-17 11:56:15,891 - INFO -   Max: 1610.298535
2025-12-17 11:56:15,891 - INFO -   Avg: 1609.809342
2025-12-17 11:56:15,891 - INFO -   Std: 0.326898
2025-12-17 11:56:16,740 - INFO - Generation 160
2025-12-17 11:56:16,740 - INFO -   Best: 1608.399409
2025-12-17 11:56:16,740 - INFO -   Min: 1608.399409
2025-12-17 11:56:16,740 - INFO -   Max: 1610.397487
2025-12-17 11:56:16,741 - INFO -   Avg: 1609.841711
2025-12-17 11:56:16,741 - INFO -   Std: 0.289063
2025-12-17 11:56:17,598 - INFO - Generation 170
2025-12-17 11:56:17,598 - INFO -   Best: 1608.399409
2025-12-17 11:56:17,599 - INFO -   Min: 1608.399409
2025-12-17 11:56:17,599 - INFO -   Max: 1610.383892
2025-12-17 11:56:17,599 - INFO -   Avg: 1609.821581
2025-12-17 11:56:17,599 - INFO -   Std: 0.292613
2025-12-17 11:56:18,457 - INFO - Generation 180
2025-12-17 11:56:18,457 - INFO -   Best: 1608.399409
2025-12-17 11:56:18,457 - INFO -   Min: 1608.399409
2025-12-17 11:56:18,457 - INFO -   Max: 1610.283671
2025-12-17 11:56:18,457 - INFO -   Avg: 1609.755272
2025-12-17 11:56:18,458 - INFO -   Std: 0.303898
2025-12-17 11:56:19,313 - INFO - Generation 190
2025-12-17 11:56:19,313 - INFO -   Best: 1608.399409
2025-12-17 11:56:19,313 - INFO -   Min: 1608.399409
2025-12-17 11:56:19,313 - INFO -   Max: 1610.495332
2025-12-17 11:56:19,314 - INFO -   Avg: 1609.856818
2025-12-17 11:56:19,314 - INFO -   Std: 0.344829
2025-12-17 11:56:20,164 - INFO - Generation 200
2025-12-17 11:56:20,164 - INFO -   Best: 1608.399409
2025-12-17 11:56:20,165 - INFO -   Min: 1608.399409
2025-12-17 11:56:20,165 - INFO -   Max: 1610.252959
2025-12-17 11:56:20,165 - INFO -   Avg: 1609.776795
2025-12-17 11:56:20,165 - INFO -   Std: 0.323090
2025-12-17 11:56:20,188 - INFO - 
Final best fitness: 1608.3994089895
2025-12-17 11:56:20,188 - INFO - Execution time: 17.10s
