2025-12-17 11:37:02,810 - INFO - Representation: Real
2025-12-17 11:37:02,810 - INFO - Number of genes: 10
2025-12-17 11:37:02,810 - INFO - Bounds: [0, 3.141592653589793]
2025-12-17 11:37:02,810 - INFO - Function: michalewicz
2025-12-17 11:37:02,810 - INFO - Population size: 100
2025-12-17 11:37:02,811 - INFO - Generations: 200
2025-12-17 11:37:02,811 - INFO - Selection: tournament
2025-12-17 11:37:02,811 - INFO - Crossover: single_point
2025-12-17 11:37:02,811 - INFO - Mutation: random
2025-12-17 11:37:02,811 - INFO - 
2025-12-17 11:37:02,887 - INFO - Generation 10
2025-12-17 11:37:02,887 - INFO -   Best: -6.820037
2025-12-17 11:37:02,887 - INFO -   Min: -6.820037
2025-12-17 11:37:02,888 - INFO -   Max: -2.379169
2025-12-17 11:37:02,888 - INFO -   Avg: -4.703663
2025-12-17 11:37:02,888 - INFO -   Std: 0.839723
2025-12-17 11:37:02,952 - INFO - Generation 20
2025-12-17 11:37:02,953 - INFO -   Best: -8.189546
2025-12-17 11:37:02,953 - INFO -   Min: -8.189546
2025-12-17 11:37:02,953 - INFO -   Max: -3.318744
2025-12-17 11:37:02,953 - INFO -   Avg: -5.904489
2025-12-17 11:37:02,953 - INFO -   Std: 0.906737
2025-12-17 11:37:03,011 - INFO - Generation 30
2025-12-17 11:37:03,011 - INFO -   Best: -8.189546
2025-12-17 11:37:03,011 - INFO -   Min: -8.189546
2025-12-17 11:37:03,011 - INFO -   Max: -2.506284
2025-12-17 11:37:03,011 - INFO -   Avg: -6.736256
2025-12-17 11:37:03,012 - INFO -   Std: 1.039906
2025-12-17 11:37:03,070 - INFO - Generation 40
2025-12-17 11:37:03,070 - INFO -   Best: -8.448715
2025-12-17 11:37:03,071 - INFO -   Min: -8.448715
2025-12-17 11:37:03,071 - INFO -   Max: -3.839379
2025-12-17 11:37:03,071 - INFO -   Avg: -6.793729
2025-12-17 11:37:03,071 - INFO -   Std: 0.972015
2025-12-17 11:37:03,135 - INFO - Generation 50
2025-12-17 11:37:03,136 - INFO -   Best: -8.448715
2025-12-17 11:37:03,136 - INFO -   Min: -8.448715
2025-12-17 11:37:03,136 - INFO -   Max: -4.492052
2025-12-17 11:37:03,136 - INFO -   Avg: -7.184805
2025-12-17 11:37:03,136 - INFO -   Std: 0.947894
2025-12-17 11:37:03,197 - INFO - Generation 60
2025-12-17 11:37:03,198 - INFO -   Best: -8.587049
2025-12-17 11:37:03,198 - INFO -   Min: -8.587049
2025-12-17 11:37:03,198 - INFO -   Max: -4.223378
2025-12-17 11:37:03,198 - INFO -   Avg: -7.249838
2025-12-17 11:37:03,198 - INFO -   Std: 0.886702
2025-12-17 11:37:03,259 - INFO - Generation 70
2025-12-17 11:37:03,260 - INFO -   Best: -8.657013
2025-12-17 11:37:03,260 - INFO -   Min: -8.657013
2025-12-17 11:37:03,260 - INFO -   Max: -4.857475
2025-12-17 11:37:03,260 - INFO -   Avg: -7.359944
2025-12-17 11:37:03,260 - INFO -   Std: 0.952729
2025-12-17 11:37:03,318 - INFO - Generation 80
2025-12-17 11:37:03,319 - INFO -   Best: -8.684007
2025-12-17 11:37:03,319 - INFO -   Min: -8.684007
2025-12-17 11:37:03,319 - INFO -   Max: -3.742663
2025-12-17 11:37:03,319 - INFO -   Avg: -7.478400
2025-12-17 11:37:03,319 - INFO -   Std: 1.037155
2025-12-17 11:37:03,375 - INFO - Generation 90
2025-12-17 11:37:03,376 - INFO -   Best: -8.684007
2025-12-17 11:37:03,376 - INFO -   Min: -8.684007
2025-12-17 11:37:03,376 - INFO -   Max: -3.555847
2025-12-17 11:37:03,376 - INFO -   Avg: -7.214135
2025-12-17 11:37:03,376 - INFO -   Std: 1.194751
2025-12-17 11:37:03,432 - INFO - Generation 100
2025-12-17 11:37:03,432 - INFO -   Best: -8.690444
2025-12-17 11:37:03,432 - INFO -   Min: -8.690444
2025-12-17 11:37:03,433 - INFO -   Max: -3.589206
2025-12-17 11:37:03,433 - INFO -   Avg: -7.297284
2025-12-17 11:37:03,433 - INFO -   Std: 0.955147
2025-12-17 11:37:03,491 - INFO - Generation 110
2025-12-17 11:37:03,491 - INFO -   Best: -8.690444
2025-12-17 11:37:03,491 - INFO -   Min: -8.690444
2025-12-17 11:37:03,491 - INFO -   Max: -2.493956
2025-12-17 11:37:03,492 - INFO -   Avg: -7.294188
2025-12-17 11:37:03,492 - INFO -   Std: 1.188693
2025-12-17 11:37:03,549 - INFO - Generation 120
2025-12-17 11:37:03,549 - INFO -   Best: -8.690444
2025-12-17 11:37:03,549 - INFO -   Min: -8.690444
2025-12-17 11:37:03,550 - INFO -   Max: -4.160012
2025-12-17 11:37:03,550 - INFO -   Avg: -7.366060
2025-12-17 11:37:03,550 - INFO -   Std: 1.069295
2025-12-17 11:37:03,607 - INFO - Generation 130
2025-12-17 11:37:03,608 - INFO -   Best: -8.697232
2025-12-17 11:37:03,608 - INFO -   Min: -8.697232
2025-12-17 11:37:03,608 - INFO -   Max: -4.332226
2025-12-17 11:37:03,608 - INFO -   Avg: -7.332592
2025-12-17 11:37:03,608 - INFO -   Std: 1.038019
2025-12-17 11:37:03,665 - INFO - Generation 140
2025-12-17 11:37:03,665 - INFO -   Best: -8.769566
2025-12-17 11:37:03,666 - INFO -   Min: -8.769566
2025-12-17 11:37:03,666 - INFO -   Max: -3.438673
2025-12-17 11:37:03,666 - INFO -   Avg: -7.462634
2025-12-17 11:37:03,666 - INFO -   Std: 1.063899
2025-12-17 11:37:03,724 - INFO - Generation 150
2025-12-17 11:37:03,724 - INFO -   Best: -8.912883
2025-12-17 11:37:03,724 - INFO -   Min: -8.912883
2025-12-17 11:37:03,725 - INFO -   Max: -4.645031
2025-12-17 11:37:03,725 - INFO -   Avg: -7.529438
2025-12-17 11:37:03,725 - INFO -   Std: 0.947988
2025-12-17 11:37:03,783 - INFO - Generation 160
2025-12-17 11:37:03,783 - INFO -   Best: -8.912883
2025-12-17 11:37:03,783 - INFO -   Min: -8.912883
2025-12-17 11:37:03,783 - INFO -   Max: -4.130095
2025-12-17 11:37:03,784 - INFO -   Avg: -7.332134
2025-12-17 11:37:03,784 - INFO -   Std: 1.134050
2025-12-17 11:37:03,846 - INFO - Generation 170
2025-12-17 11:37:03,846 - INFO -   Best: -8.912883
2025-12-17 11:37:03,847 - INFO -   Min: -8.912883
2025-12-17 11:37:03,847 - INFO -   Max: -4.225287
2025-12-17 11:37:03,847 - INFO -   Avg: -7.081526
2025-12-17 11:37:03,847 - INFO -   Std: 1.096450
2025-12-17 11:37:03,909 - INFO - Generation 180
2025-12-17 11:37:03,909 - INFO -   Best: -8.992726
2025-12-17 11:37:03,910 - INFO -   Min: -8.992726
2025-12-17 11:37:03,910 - INFO -   Max: -4.466654
2025-12-17 11:37:03,910 - INFO -   Avg: -7.522738
2025-12-17 11:37:03,910 - INFO -   Std: 1.099271
2025-12-17 11:37:03,967 - INFO - Generation 190
2025-12-17 11:37:03,967 - INFO -   Best: -9.066101
2025-12-17 11:37:03,967 - INFO -   Min: -9.066101
2025-12-17 11:37:03,967 - INFO -   Max: -4.676378
2025-12-17 11:37:03,967 - INFO -   Avg: -7.762505
2025-12-17 11:37:03,968 - INFO -   Std: 1.022232
2025-12-17 11:37:04,025 - INFO - Generation 200
2025-12-17 11:37:04,025 - INFO -   Best: -9.066101
2025-12-17 11:37:04,025 - INFO -   Min: -9.066101
2025-12-17 11:37:04,025 - INFO -   Max: -5.253659
2025-12-17 11:37:04,025 - INFO -   Avg: -7.684210
2025-12-17 11:37:04,026 - INFO -   Std: 1.022462
2025-12-17 11:37:04,029 - INFO - 
Final best fitness: -8.6352191894
2025-12-17 11:37:04,029 - INFO - Execution time: 1.20s
