2025-12-17 12:22:20,861 - INFO - Representation: Real
2025-12-17 12:22:20,861 - INFO - Number of genes: 10
2025-12-17 12:22:20,861 - INFO - Bounds: [-100, 100]
2025-12-17 12:22:20,861 - INFO - Function: f16_2014
2025-12-17 12:22:20,861 - INFO - Population size: 100
2025-12-17 12:22:20,861 - INFO - Generations: 200
2025-12-17 12:22:20,862 - INFO - Selection: rws
2025-12-17 12:22:20,862 - INFO - Crossover: two_points
2025-12-17 12:22:20,862 - INFO - Mutation: swap
2025-12-17 12:22:20,862 - INFO - 
2025-12-17 12:22:21,039 - INFO - Generation 10
2025-12-17 12:22:21,039 - INFO -   Best: 1603.797669
2025-12-17 12:22:21,040 - INFO -   Min: 1603.797669
2025-12-17 12:22:21,040 - INFO -   Max: 1605.660128
2025-12-17 12:22:21,040 - INFO -   Avg: 1604.981580
2025-12-17 12:22:21,040 - INFO -   Std: 0.223445
2025-12-17 12:22:21,196 - INFO - Generation 20
2025-12-17 12:22:21,196 - INFO -   Best: 1603.797669
2025-12-17 12:22:21,197 - INFO -   Min: 1603.797669
2025-12-17 12:22:21,197 - INFO -   Max: 1606.163859
2025-12-17 12:22:21,197 - INFO -   Avg: 1604.952355
2025-12-17 12:22:21,197 - INFO -   Std: 0.289737
2025-12-17 12:22:21,349 - INFO - Generation 30
2025-12-17 12:22:21,349 - INFO -   Best: 1603.541715
2025-12-17 12:22:21,350 - INFO -   Min: 1603.541715
2025-12-17 12:22:21,350 - INFO -   Max: 1605.673268
2025-12-17 12:22:21,350 - INFO -   Avg: 1605.003575
2025-12-17 12:22:21,350 - INFO -   Std: 0.307501
2025-12-17 12:22:21,503 - INFO - Generation 40
2025-12-17 12:22:21,503 - INFO -   Best: 1603.541715
2025-12-17 12:22:21,503 - INFO -   Min: 1603.541715
2025-12-17 12:22:21,503 - INFO -   Max: 1605.634245
2025-12-17 12:22:21,504 - INFO -   Avg: 1604.960103
2025-12-17 12:22:21,504 - INFO -   Std: 0.265759
2025-12-17 12:22:21,656 - INFO - Generation 50
2025-12-17 12:22:21,656 - INFO -   Best: 1603.541715
2025-12-17 12:22:21,656 - INFO -   Min: 1603.541715
2025-12-17 12:22:21,657 - INFO -   Max: 1605.386139
2025-12-17 12:22:21,657 - INFO -   Avg: 1604.960131
2025-12-17 12:22:21,657 - INFO -   Std: 0.253637
2025-12-17 12:22:21,810 - INFO - Generation 60
2025-12-17 12:22:21,810 - INFO -   Best: 1603.541715
2025-12-17 12:22:21,810 - INFO -   Min: 1603.541715
2025-12-17 12:22:21,811 - INFO -   Max: 1605.680358
2025-12-17 12:22:21,811 - INFO -   Avg: 1604.900279
2025-12-17 12:22:21,811 - INFO -   Std: 0.403370
2025-12-17 12:22:21,965 - INFO - Generation 70
2025-12-17 12:22:21,965 - INFO -   Best: 1603.359295
2025-12-17 12:22:21,965 - INFO -   Min: 1603.359295
2025-12-17 12:22:21,965 - INFO -   Max: 1605.597424
2025-12-17 12:22:21,965 - INFO -   Avg: 1604.851009
2025-12-17 12:22:21,966 - INFO -   Std: 0.373432
2025-12-17 12:22:22,115 - INFO - Generation 80
2025-12-17 12:22:22,115 - INFO -   Best: 1603.359295
2025-12-17 12:22:22,115 - INFO -   Min: 1603.359295
2025-12-17 12:22:22,116 - INFO -   Max: 1605.828382
2025-12-17 12:22:22,116 - INFO -   Avg: 1604.843828
2025-12-17 12:22:22,116 - INFO -   Std: 0.405723
2025-12-17 12:22:22,243 - INFO - Generation 90
2025-12-17 12:22:22,243 - INFO -   Best: 1603.359295
2025-12-17 12:22:22,243 - INFO -   Min: 1603.359295
2025-12-17 12:22:22,243 - INFO -   Max: 1605.619613
2025-12-17 12:22:22,243 - INFO -   Avg: 1604.764765
2025-12-17 12:22:22,244 - INFO -   Std: 0.421205
2025-12-17 12:22:22,378 - INFO - Generation 100
2025-12-17 12:22:22,378 - INFO -   Best: 1603.359295
2025-12-17 12:22:22,378 - INFO -   Min: 1603.359295
2025-12-17 12:22:22,379 - INFO -   Max: 1605.690941
2025-12-17 12:22:22,379 - INFO -   Avg: 1604.783628
2025-12-17 12:22:22,379 - INFO -   Std: 0.411215
2025-12-17 12:22:22,495 - INFO - Generation 110
2025-12-17 12:22:22,495 - INFO -   Best: 1603.359295
2025-12-17 12:22:22,496 - INFO -   Min: 1603.359295
2025-12-17 12:22:22,496 - INFO -   Max: 1605.700063
2025-12-17 12:22:22,496 - INFO -   Avg: 1604.803237
2025-12-17 12:22:22,496 - INFO -   Std: 0.494540
2025-12-17 12:22:22,628 - INFO - Generation 120
2025-12-17 12:22:22,629 - INFO -   Best: 1603.359295
2025-12-17 12:22:22,629 - INFO -   Min: 1603.359295
2025-12-17 12:22:22,629 - INFO -   Max: 1605.668721
2025-12-17 12:22:22,629 - INFO -   Avg: 1604.883975
2025-12-17 12:22:22,629 - INFO -   Std: 0.433921
2025-12-17 12:22:22,752 - INFO - Generation 130
2025-12-17 12:22:22,752 - INFO -   Best: 1603.359295
2025-12-17 12:22:22,752 - INFO -   Min: 1603.359295
2025-12-17 12:22:22,753 - INFO -   Max: 1605.521951
2025-12-17 12:22:22,753 - INFO -   Avg: 1604.894107
2025-12-17 12:22:22,753 - INFO -   Std: 0.366591
2025-12-17 12:22:22,859 - INFO - Generation 140
2025-12-17 12:22:22,859 - INFO -   Best: 1603.359295
2025-12-17 12:22:22,859 - INFO -   Min: 1603.359295
2025-12-17 12:22:22,860 - INFO -   Max: 1605.583652
2025-12-17 12:22:22,860 - INFO -   Avg: 1604.810709
2025-12-17 12:22:22,860 - INFO -   Std: 0.504728
2025-12-17 12:22:22,936 - INFO - Generation 150
2025-12-17 12:22:22,937 - INFO -   Best: 1603.359295
2025-12-17 12:22:22,937 - INFO -   Min: 1603.359295
2025-12-17 12:22:22,937 - INFO -   Max: 1605.770825
2025-12-17 12:22:22,937 - INFO -   Avg: 1604.918229
2025-12-17 12:22:22,937 - INFO -   Std: 0.441153
2025-12-17 12:22:23,039 - INFO - Generation 160
2025-12-17 12:22:23,039 - INFO -   Best: 1603.359295
2025-12-17 12:22:23,039 - INFO -   Min: 1603.359295
2025-12-17 12:22:23,039 - INFO -   Max: 1605.770825
2025-12-17 12:22:23,039 - INFO -   Avg: 1604.870199
2025-12-17 12:22:23,040 - INFO -   Std: 0.472581
2025-12-17 12:22:23,133 - INFO - Generation 170
2025-12-17 12:22:23,133 - INFO -   Best: 1603.359295
2025-12-17 12:22:23,133 - INFO -   Min: 1603.359295
2025-12-17 12:22:23,133 - INFO -   Max: 1605.583652
2025-12-17 12:22:23,133 - INFO -   Avg: 1604.778844
2025-12-17 12:22:23,133 - INFO -   Std: 0.382089
2025-12-17 12:22:23,229 - INFO - Generation 180
2025-12-17 12:22:23,230 - INFO -   Best: 1603.359295
2025-12-17 12:22:23,230 - INFO -   Min: 1603.359295
2025-12-17 12:22:23,230 - INFO -   Max: 1605.770825
2025-12-17 12:22:23,230 - INFO -   Avg: 1604.751019
2025-12-17 12:22:23,230 - INFO -   Std: 0.542616
2025-12-17 12:22:23,318 - INFO - Generation 190
2025-12-17 12:22:23,319 - INFO -   Best: 1603.359295
2025-12-17 12:22:23,319 - INFO -   Min: 1603.359295
2025-12-17 12:22:23,319 - INFO -   Max: 1605.604974
2025-12-17 12:22:23,319 - INFO -   Avg: 1604.659698
2025-12-17 12:22:23,319 - INFO -   Std: 0.602631
2025-12-17 12:22:23,416 - INFO - Generation 200
2025-12-17 12:22:23,416 - INFO -   Best: 1603.359295
2025-12-17 12:22:23,416 - INFO -   Min: 1603.359295
2025-12-17 12:22:23,416 - INFO -   Max: 1605.432944
2025-12-17 12:22:23,416 - INFO -   Avg: 1604.656526
2025-12-17 12:22:23,417 - INFO -   Std: 0.513186
2025-12-17 12:22:23,423 - INFO - 
Final best fitness: 1603.4174913700
2025-12-17 12:22:23,423 - INFO - Execution time: 2.54s
