2025-12-17 11:43:53,127 - INFO - Representation: Real
2025-12-17 11:43:53,128 - INFO - Number of genes: 20
2025-12-17 11:43:53,128 - INFO - Bounds: [-100, 100]
2025-12-17 11:43:53,128 - INFO - Function: f16_2014
2025-12-17 11:43:53,128 - INFO - Population size: 100
2025-12-17 11:43:53,128 - INFO - Generations: 200
2025-12-17 11:43:53,128 - INFO - Selection: tournament
2025-12-17 11:43:53,129 - INFO - Crossover: single_point
2025-12-17 11:43:53,129 - INFO - Mutation: random
2025-12-17 11:43:53,129 - INFO - 
2025-12-17 11:43:53,478 - INFO - Generation 10
2025-12-17 11:43:53,478 - INFO -   Best: 1608.818751
2025-12-17 11:43:53,478 - INFO -   Min: 1608.818751
2025-12-17 11:43:53,479 - INFO -   Max: 1610.592665
2025-12-17 11:43:53,479 - INFO -   Avg: 1609.728577
2025-12-17 11:43:53,479 - INFO -   Std: 0.352796
2025-12-17 11:43:53,760 - INFO - Generation 20
2025-12-17 11:43:53,761 - INFO -   Best: 1607.766608
2025-12-17 11:43:53,761 - INFO -   Min: 1607.766608
2025-12-17 11:43:53,761 - INFO -   Max: 1610.605451
2025-12-17 11:43:53,761 - INFO -   Avg: 1609.195695
2025-12-17 11:43:53,761 - INFO -   Std: 0.622606
2025-12-17 11:43:54,039 - INFO - Generation 30
2025-12-17 11:43:54,040 - INFO -   Best: 1607.288901
2025-12-17 11:43:54,040 - INFO -   Min: 1607.288901
2025-12-17 11:43:54,040 - INFO -   Max: 1610.290539
2025-12-17 11:43:54,040 - INFO -   Avg: 1608.811218
2025-12-17 11:43:54,040 - INFO -   Std: 0.659347
2025-12-17 11:43:54,325 - INFO - Generation 40
2025-12-17 11:43:54,325 - INFO -   Best: 1607.288836
2025-12-17 11:43:54,325 - INFO -   Min: 1607.288836
2025-12-17 11:43:54,325 - INFO -   Max: 1610.307089
2025-12-17 11:43:54,325 - INFO -   Avg: 1608.857757
2025-12-17 11:43:54,326 - INFO -   Std: 0.705346
2025-12-17 11:43:54,603 - INFO - Generation 50
2025-12-17 11:43:54,604 - INFO -   Best: 1607.288836
2025-12-17 11:43:54,604 - INFO -   Min: 1607.288836
2025-12-17 11:43:54,604 - INFO -   Max: 1610.787090
2025-12-17 11:43:54,604 - INFO -   Avg: 1608.949234
2025-12-17 11:43:54,604 - INFO -   Std: 0.748534
2025-12-17 11:43:54,881 - INFO - Generation 60
2025-12-17 11:43:54,881 - INFO -   Best: 1606.706730
2025-12-17 11:43:54,881 - INFO -   Min: 1606.706730
2025-12-17 11:43:54,881 - INFO -   Max: 1610.346636
2025-12-17 11:43:54,881 - INFO -   Avg: 1608.417723
2025-12-17 11:43:54,882 - INFO -   Std: 0.769215
2025-12-17 11:43:55,162 - INFO - Generation 70
2025-12-17 11:43:55,162 - INFO -   Best: 1606.706730
2025-12-17 11:43:55,162 - INFO -   Min: 1606.706730
2025-12-17 11:43:55,162 - INFO -   Max: 1610.856595
2025-12-17 11:43:55,162 - INFO -   Avg: 1608.706244
2025-12-17 11:43:55,163 - INFO -   Std: 0.925451
2025-12-17 11:43:55,437 - INFO - Generation 80
2025-12-17 11:43:55,437 - INFO -   Best: 1606.502272
2025-12-17 11:43:55,437 - INFO -   Min: 1606.502272
2025-12-17 11:43:55,437 - INFO -   Max: 1610.363616
2025-12-17 11:43:55,437 - INFO -   Avg: 1608.457599
2025-12-17 11:43:55,438 - INFO -   Std: 0.815638
2025-12-17 11:43:55,713 - INFO - Generation 90
2025-12-17 11:43:55,713 - INFO -   Best: 1606.000021
2025-12-17 11:43:55,714 - INFO -   Min: 1606.000021
2025-12-17 11:43:55,714 - INFO -   Max: 1610.416958
2025-12-17 11:43:55,714 - INFO -   Avg: 1608.361181
2025-12-17 11:43:55,714 - INFO -   Std: 0.949121
2025-12-17 11:43:56,002 - INFO - Generation 100
2025-12-17 11:43:56,002 - INFO -   Best: 1605.997724
2025-12-17 11:43:56,003 - INFO -   Min: 1605.997724
2025-12-17 11:43:56,003 - INFO -   Max: 1610.307121
2025-12-17 11:43:56,003 - INFO -   Avg: 1608.090320
2025-12-17 11:43:56,003 - INFO -   Std: 0.977932
2025-12-17 11:43:56,284 - INFO - Generation 110
2025-12-17 11:43:56,284 - INFO -   Best: 1605.724494
2025-12-17 11:43:56,284 - INFO -   Min: 1605.724494
2025-12-17 11:43:56,285 - INFO -   Max: 1610.033817
2025-12-17 11:43:56,285 - INFO -   Avg: 1608.026240
2025-12-17 11:43:56,285 - INFO -   Std: 1.035700
2025-12-17 11:43:56,561 - INFO - Generation 120
2025-12-17 11:43:56,561 - INFO -   Best: 1605.724494
2025-12-17 11:43:56,562 - INFO -   Min: 1605.724494
2025-12-17 11:43:56,562 - INFO -   Max: 1609.968189
2025-12-17 11:43:56,562 - INFO -   Avg: 1608.062018
2025-12-17 11:43:56,562 - INFO -   Std: 0.873348
2025-12-17 11:43:56,842 - INFO - Generation 130
2025-12-17 11:43:56,843 - INFO -   Best: 1605.724432
2025-12-17 11:43:56,843 - INFO -   Min: 1605.724432
2025-12-17 11:43:56,843 - INFO -   Max: 1610.566640
2025-12-17 11:43:56,843 - INFO -   Avg: 1608.089554
2025-12-17 11:43:56,843 - INFO -   Std: 1.049078
2025-12-17 11:43:57,121 - INFO - Generation 140
2025-12-17 11:43:57,122 - INFO -   Best: 1605.628987
2025-12-17 11:43:57,122 - INFO -   Min: 1605.628987
2025-12-17 11:43:57,122 - INFO -   Max: 1610.515585
2025-12-17 11:43:57,122 - INFO -   Avg: 1607.890006
2025-12-17 11:43:57,122 - INFO -   Std: 1.090524
2025-12-17 11:43:57,397 - INFO - Generation 150
2025-12-17 11:43:57,397 - INFO -   Best: 1605.515589
2025-12-17 11:43:57,397 - INFO -   Min: 1605.515589
2025-12-17 11:43:57,397 - INFO -   Max: 1609.661473
2025-12-17 11:43:57,398 - INFO -   Avg: 1607.565626
2025-12-17 11:43:57,398 - INFO -   Std: 0.900630
2025-12-17 11:43:57,672 - INFO - Generation 160
2025-12-17 11:43:57,672 - INFO -   Best: 1605.515230
2025-12-17 11:43:57,672 - INFO -   Min: 1605.515230
2025-12-17 11:43:57,672 - INFO -   Max: 1609.994012
2025-12-17 11:43:57,673 - INFO -   Avg: 1607.987621
2025-12-17 11:43:57,673 - INFO -   Std: 1.009967
2025-12-17 11:43:57,945 - INFO - Generation 170
2025-12-17 11:43:57,945 - INFO -   Best: 1605.515230
2025-12-17 11:43:57,945 - INFO -   Min: 1605.515230
2025-12-17 11:43:57,947 - INFO -   Max: 1610.827274
2025-12-17 11:43:57,947 - INFO -   Avg: 1608.051731
2025-12-17 11:43:57,947 - INFO -   Std: 1.052216
2025-12-17 11:43:58,219 - INFO - Generation 180
2025-12-17 11:43:58,219 - INFO -   Best: 1605.514269
2025-12-17 11:43:58,219 - INFO -   Min: 1605.514269
2025-12-17 11:43:58,219 - INFO -   Max: 1610.145051
2025-12-17 11:43:58,220 - INFO -   Avg: 1608.061770
2025-12-17 11:43:58,220 - INFO -   Std: 1.037974
2025-12-17 11:43:58,497 - INFO - Generation 190
2025-12-17 11:43:58,497 - INFO -   Best: 1605.470761
2025-12-17 11:43:58,498 - INFO -   Min: 1605.470761
2025-12-17 11:43:58,498 - INFO -   Max: 1610.595517
2025-12-17 11:43:58,498 - INFO -   Avg: 1608.191760
2025-12-17 11:43:58,498 - INFO -   Std: 1.034725
2025-12-17 11:43:58,773 - INFO - Generation 200
2025-12-17 11:43:58,773 - INFO -   Best: 1605.397462
2025-12-17 11:43:58,773 - INFO -   Min: 1605.397462
2025-12-17 11:43:58,773 - INFO -   Max: 1610.088704
2025-12-17 11:43:58,774 - INFO -   Avg: 1607.640265
2025-12-17 11:43:58,774 - INFO -   Std: 0.964349
2025-12-17 11:43:58,791 - INFO - 
Final best fitness: 1605.3974615771
2025-12-17 11:43:58,791 - INFO - Execution time: 5.62s
