2025-12-17 12:07:49,087 - INFO - Representation: Binary
2025-12-17 12:07:49,087 - INFO - Bits per variable: 12
2025-12-17 12:07:49,088 - INFO - Total genes: 24
2025-12-17 12:07:49,088 - INFO - Function: michalewicz
2025-12-17 12:07:49,088 - INFO - Population size: 100
2025-12-17 12:07:49,088 - INFO - Generations: 200
2025-12-17 12:07:49,088 - INFO - Selection: rws
2025-12-17 12:07:49,088 - INFO - Crossover: two_points
2025-12-17 12:07:49,088 - INFO - Mutation: swap
2025-12-17 12:07:49,089 - INFO - 
2025-12-17 12:07:49,200 - INFO - Generation 10
2025-12-17 12:07:49,200 - INFO -   Best: -1.796257
2025-12-17 12:07:49,200 - INFO -   Min: -1.796257
2025-12-17 12:07:49,200 - INFO -   Max: -0.006706
2025-12-17 12:07:49,201 - INFO -   Avg: -1.152443
2025-12-17 12:07:49,201 - INFO -   Std: 0.501374
2025-12-17 12:07:49,263 - INFO - Generation 20
2025-12-17 12:07:49,263 - INFO -   Best: -1.800742
2025-12-17 12:07:49,263 - INFO -   Min: -1.800742
2025-12-17 12:07:49,263 - INFO -   Max: -0.002926
2025-12-17 12:07:49,263 - INFO -   Avg: -1.413583
2025-12-17 12:07:49,264 - INFO -   Std: 0.528169
2025-12-17 12:07:49,325 - INFO - Generation 30
2025-12-17 12:07:49,325 - INFO -   Best: -1.801134
2025-12-17 12:07:49,325 - INFO -   Min: -1.801134
2025-12-17 12:07:49,325 - INFO -   Max: -0.017086
2025-12-17 12:07:49,325 - INFO -   Avg: -1.483113
2025-12-17 12:07:49,325 - INFO -   Std: 0.548512
2025-12-17 12:07:49,388 - INFO - Generation 40
2025-12-17 12:07:49,388 - INFO -   Best: -1.801152
2025-12-17 12:07:49,388 - INFO -   Min: -1.801152
2025-12-17 12:07:49,389 - INFO -   Max: -0.033775
2025-12-17 12:07:49,389 - INFO -   Avg: -1.465682
2025-12-17 12:07:49,389 - INFO -   Std: 0.572812
2025-12-17 12:07:49,452 - INFO - Generation 50
2025-12-17 12:07:49,452 - INFO -   Best: -1.801152
2025-12-17 12:07:49,452 - INFO -   Min: -1.801152
2025-12-17 12:07:49,453 - INFO -   Max: -0.001514
2025-12-17 12:07:49,453 - INFO -   Avg: -1.483138
2025-12-17 12:07:49,453 - INFO -   Std: 0.538382
2025-12-17 12:07:49,514 - INFO - Generation 60
2025-12-17 12:07:49,514 - INFO -   Best: -1.801152
2025-12-17 12:07:49,515 - INFO -   Min: -1.801152
2025-12-17 12:07:49,515 - INFO -   Max: -0.002363
2025-12-17 12:07:49,515 - INFO -   Avg: -1.536791
2025-12-17 12:07:49,515 - INFO -   Std: 0.534625
2025-12-17 12:07:49,578 - INFO - Generation 70
2025-12-17 12:07:49,579 - INFO -   Best: -1.801152
2025-12-17 12:07:49,579 - INFO -   Min: -1.801152
2025-12-17 12:07:49,579 - INFO -   Max: -0.001163
2025-12-17 12:07:49,579 - INFO -   Avg: -1.425357
2025-12-17 12:07:49,579 - INFO -   Std: 0.600824
2025-12-17 12:07:49,644 - INFO - Generation 80
2025-12-17 12:07:49,644 - INFO -   Best: -1.801152
2025-12-17 12:07:49,644 - INFO -   Min: -1.801152
2025-12-17 12:07:49,644 - INFO -   Max: -0.352681
2025-12-17 12:07:49,645 - INFO -   Avg: -1.578543
2025-12-17 12:07:49,645 - INFO -   Std: 0.447266
2025-12-17 12:07:49,705 - INFO - Generation 90
2025-12-17 12:07:49,706 - INFO -   Best: -1.801152
2025-12-17 12:07:49,706 - INFO -   Min: -1.801152
2025-12-17 12:07:49,706 - INFO -   Max: -0.001464
2025-12-17 12:07:49,706 - INFO -   Avg: -1.305179
2025-12-17 12:07:49,706 - INFO -   Std: 0.620085
2025-12-17 12:07:49,765 - INFO - Generation 100
2025-12-17 12:07:49,765 - INFO -   Best: -1.801152
2025-12-17 12:07:49,765 - INFO -   Min: -1.801152
2025-12-17 12:07:49,765 - INFO -   Max: -0.029677
2025-12-17 12:07:49,765 - INFO -   Avg: -1.459952
2025-12-17 12:07:49,765 - INFO -   Std: 0.557361
2025-12-17 12:07:49,821 - INFO - Generation 110
2025-12-17 12:07:49,821 - INFO -   Best: -1.801152
2025-12-17 12:07:49,821 - INFO -   Min: -1.801152
2025-12-17 12:07:49,822 - INFO -   Max: -0.001101
2025-12-17 12:07:49,822 - INFO -   Avg: -1.351796
2025-12-17 12:07:49,822 - INFO -   Std: 0.631851
2025-12-17 12:07:49,879 - INFO - Generation 120
2025-12-17 12:07:49,879 - INFO -   Best: -1.801152
2025-12-17 12:07:49,879 - INFO -   Min: -1.801152
2025-12-17 12:07:49,879 - INFO -   Max: -0.001415
2025-12-17 12:07:49,880 - INFO -   Avg: -1.581340
2025-12-17 12:07:49,880 - INFO -   Std: 0.492714
2025-12-17 12:07:49,941 - INFO - Generation 130
2025-12-17 12:07:49,941 - INFO -   Best: -1.801152
2025-12-17 12:07:49,941 - INFO -   Min: -1.801152
2025-12-17 12:07:49,941 - INFO -   Max: -0.001170
2025-12-17 12:07:49,942 - INFO -   Avg: -1.312226
2025-12-17 12:07:49,942 - INFO -   Std: 0.642139
2025-12-17 12:07:50,002 - INFO - Generation 140
2025-12-17 12:07:50,002 - INFO -   Best: -1.801152
2025-12-17 12:07:50,003 - INFO -   Min: -1.801152
2025-12-17 12:07:50,003 - INFO -   Max: -0.035621
2025-12-17 12:07:50,003 - INFO -   Avg: -1.460091
2025-12-17 12:07:50,003 - INFO -   Std: 0.588743
2025-12-17 12:07:50,062 - INFO - Generation 150
2025-12-17 12:07:50,062 - INFO -   Best: -1.801152
2025-12-17 12:07:50,063 - INFO -   Min: -1.801152
2025-12-17 12:07:50,063 - INFO -   Max: -0.001391
2025-12-17 12:07:50,063 - INFO -   Avg: -1.504317
2025-12-17 12:07:50,063 - INFO -   Std: 0.547597
2025-12-17 12:07:50,125 - INFO - Generation 160
2025-12-17 12:07:50,125 - INFO -   Best: -1.801152
2025-12-17 12:07:50,125 - INFO -   Min: -1.801152
2025-12-17 12:07:50,125 - INFO -   Max: -0.029604
2025-12-17 12:07:50,126 - INFO -   Avg: -1.426792
2025-12-17 12:07:50,126 - INFO -   Std: 0.558716
2025-12-17 12:07:50,188 - INFO - Generation 170
2025-12-17 12:07:50,188 - INFO -   Best: -1.801152
2025-12-17 12:07:50,188 - INFO -   Min: -1.801152
2025-12-17 12:07:50,188 - INFO -   Max: -0.030951
2025-12-17 12:07:50,188 - INFO -   Avg: -1.368768
2025-12-17 12:07:50,188 - INFO -   Std: 0.628016
2025-12-17 12:07:50,250 - INFO - Generation 180
2025-12-17 12:07:50,250 - INFO -   Best: -1.801152
2025-12-17 12:07:50,251 - INFO -   Min: -1.801152
2025-12-17 12:07:50,251 - INFO -   Max: -0.002119
2025-12-17 12:07:50,251 - INFO -   Avg: -1.362492
2025-12-17 12:07:50,251 - INFO -   Std: 0.620492
2025-12-17 12:07:50,314 - INFO - Generation 190
2025-12-17 12:07:50,315 - INFO -   Best: -1.801152
2025-12-17 12:07:50,315 - INFO -   Min: -1.801152
2025-12-17 12:07:50,315 - INFO -   Max: -0.001381
2025-12-17 12:07:50,315 - INFO -   Avg: -1.438205
2025-12-17 12:07:50,315 - INFO -   Std: 0.576795
2025-12-17 12:07:50,377 - INFO - Generation 200
2025-12-17 12:07:50,378 - INFO -   Best: -1.801152
2025-12-17 12:07:50,378 - INFO -   Min: -1.801152
2025-12-17 12:07:50,378 - INFO -   Max: -0.001407
2025-12-17 12:07:50,378 - INFO -   Avg: -1.474470
2025-12-17 12:07:50,378 - INFO -   Std: 0.581636
2025-12-17 12:07:50,383 - INFO - 
Final best fitness: -1.8002917804
2025-12-17 12:07:50,383 - INFO - Execution time: 1.24s
