2025-12-17 12:21:13,125 - INFO - Representation: Real
2025-12-17 12:21:13,126 - INFO - Number of genes: 20
2025-12-17 12:21:13,126 - INFO - Bounds: [-100, 100]
2025-12-17 12:21:13,126 - INFO - Function: f16_2014
2025-12-17 12:21:13,126 - INFO - Population size: 100
2025-12-17 12:21:13,126 - INFO - Generations: 200
2025-12-17 12:21:13,127 - INFO - Selection: rws
2025-12-17 12:21:13,127 - INFO - Crossover: two_points
2025-12-17 12:21:13,127 - INFO - Mutation: swap
2025-12-17 12:21:13,127 - INFO - 
2025-12-17 12:21:13,442 - INFO - Generation 10
2025-12-17 12:21:13,442 - INFO -   Best: 1608.734057
2025-12-17 12:21:13,443 - INFO -   Min: 1608.734057
2025-12-17 12:21:13,443 - INFO -   Max: 1610.677905
2025-12-17 12:21:13,443 - INFO -   Avg: 1609.952017
2025-12-17 12:21:13,443 - INFO -   Std: 0.327141
2025-12-17 12:21:13,705 - INFO - Generation 20
2025-12-17 12:21:13,706 - INFO -   Best: 1608.734057
2025-12-17 12:21:13,706 - INFO -   Min: 1608.734057
2025-12-17 12:21:13,706 - INFO -   Max: 1610.513836
2025-12-17 12:21:13,706 - INFO -   Avg: 1609.970165
2025-12-17 12:21:13,706 - INFO -   Std: 0.286843
2025-12-17 12:21:13,964 - INFO - Generation 30
2025-12-17 12:21:13,964 - INFO -   Best: 1608.645828
2025-12-17 12:21:13,964 - INFO -   Min: 1608.645828
2025-12-17 12:21:13,964 - INFO -   Max: 1610.949808
2025-12-17 12:21:13,964 - INFO -   Avg: 1609.837504
2025-12-17 12:21:13,965 - INFO -   Std: 0.375759
2025-12-17 12:21:14,230 - INFO - Generation 40
2025-12-17 12:21:14,230 - INFO -   Best: 1608.020737
2025-12-17 12:21:14,230 - INFO -   Min: 1608.020737
2025-12-17 12:21:14,230 - INFO -   Max: 1610.695084
2025-12-17 12:21:14,231 - INFO -   Avg: 1609.904578
2025-12-17 12:21:14,231 - INFO -   Std: 0.373623
2025-12-17 12:21:14,497 - INFO - Generation 50
2025-12-17 12:21:14,497 - INFO -   Best: 1608.020737
2025-12-17 12:21:14,497 - INFO -   Min: 1608.020737
2025-12-17 12:21:14,497 - INFO -   Max: 1610.647681
2025-12-17 12:21:14,497 - INFO -   Avg: 1609.872368
2025-12-17 12:21:14,498 - INFO -   Std: 0.350513
2025-12-17 12:21:14,769 - INFO - Generation 60
2025-12-17 12:21:14,769 - INFO -   Best: 1608.020737
2025-12-17 12:21:14,770 - INFO -   Min: 1608.020737
2025-12-17 12:21:14,770 - INFO -   Max: 1610.805017
2025-12-17 12:21:14,770 - INFO -   Avg: 1609.921256
2025-12-17 12:21:14,770 - INFO -   Std: 0.453648
2025-12-17 12:21:15,035 - INFO - Generation 70
2025-12-17 12:21:15,035 - INFO -   Best: 1608.020737
2025-12-17 12:21:15,036 - INFO -   Min: 1608.020737
2025-12-17 12:21:15,036 - INFO -   Max: 1610.711676
2025-12-17 12:21:15,036 - INFO -   Avg: 1609.882203
2025-12-17 12:21:15,036 - INFO -   Std: 0.380889
2025-12-17 12:21:15,306 - INFO - Generation 80
2025-12-17 12:21:15,306 - INFO -   Best: 1608.020737
2025-12-17 12:21:15,307 - INFO -   Min: 1608.020737
2025-12-17 12:21:15,307 - INFO -   Max: 1610.571576
2025-12-17 12:21:15,307 - INFO -   Avg: 1609.814650
2025-12-17 12:21:15,307 - INFO -   Std: 0.382799
2025-12-17 12:21:15,578 - INFO - Generation 90
2025-12-17 12:21:15,578 - INFO -   Best: 1608.020737
2025-12-17 12:21:15,578 - INFO -   Min: 1608.020737
2025-12-17 12:21:15,579 - INFO -   Max: 1610.709898
2025-12-17 12:21:15,579 - INFO -   Avg: 1609.720571
2025-12-17 12:21:15,579 - INFO -   Std: 0.423580
2025-12-17 12:21:15,848 - INFO - Generation 100
2025-12-17 12:21:15,848 - INFO -   Best: 1608.020737
2025-12-17 12:21:15,848 - INFO -   Min: 1608.020737
2025-12-17 12:21:15,849 - INFO -   Max: 1610.520448
2025-12-17 12:21:15,849 - INFO -   Avg: 1609.718205
2025-12-17 12:21:15,849 - INFO -   Std: 0.488917
2025-12-17 12:21:16,117 - INFO - Generation 110
2025-12-17 12:21:16,118 - INFO -   Best: 1608.020737
2025-12-17 12:21:16,118 - INFO -   Min: 1608.020737
2025-12-17 12:21:16,118 - INFO -   Max: 1610.421688
2025-12-17 12:21:16,118 - INFO -   Avg: 1609.522212
2025-12-17 12:21:16,118 - INFO -   Std: 0.484839
2025-12-17 12:21:16,393 - INFO - Generation 120
2025-12-17 12:21:16,394 - INFO -   Best: 1608.020737
2025-12-17 12:21:16,394 - INFO -   Min: 1608.020737
2025-12-17 12:21:16,394 - INFO -   Max: 1610.462030
2025-12-17 12:21:16,394 - INFO -   Avg: 1609.642578
2025-12-17 12:21:16,395 - INFO -   Std: 0.446661
2025-12-17 12:21:16,668 - INFO - Generation 130
2025-12-17 12:21:16,668 - INFO -   Best: 1608.020737
2025-12-17 12:21:16,668 - INFO -   Min: 1608.020737
2025-12-17 12:21:16,668 - INFO -   Max: 1610.598011
2025-12-17 12:21:16,669 - INFO -   Avg: 1609.651041
2025-12-17 12:21:16,669 - INFO -   Std: 0.445845
2025-12-17 12:21:16,953 - INFO - Generation 140
2025-12-17 12:21:16,954 - INFO -   Best: 1607.854553
2025-12-17 12:21:16,954 - INFO -   Min: 1607.854553
2025-12-17 12:21:16,954 - INFO -   Max: 1610.572130
2025-12-17 12:21:16,954 - INFO -   Avg: 1609.575136
2025-12-17 12:21:16,954 - INFO -   Std: 0.487952
2025-12-17 12:21:17,231 - INFO - Generation 150
2025-12-17 12:21:17,231 - INFO -   Best: 1607.854553
2025-12-17 12:21:17,231 - INFO -   Min: 1607.854553
2025-12-17 12:21:17,231 - INFO -   Max: 1611.035414
2025-12-17 12:21:17,232 - INFO -   Avg: 1609.605193
2025-12-17 12:21:17,232 - INFO -   Std: 0.622770
2025-12-17 12:21:17,492 - INFO - Generation 160
2025-12-17 12:21:17,492 - INFO -   Best: 1607.851336
2025-12-17 12:21:17,492 - INFO -   Min: 1607.851336
2025-12-17 12:21:17,492 - INFO -   Max: 1610.322426
2025-12-17 12:21:17,493 - INFO -   Avg: 1609.318774
2025-12-17 12:21:17,493 - INFO -   Std: 0.561045
2025-12-17 12:21:17,778 - INFO - Generation 170
2025-12-17 12:21:17,779 - INFO -   Best: 1607.848580
2025-12-17 12:21:17,779 - INFO -   Min: 1607.848580
2025-12-17 12:21:17,779 - INFO -   Max: 1610.384775
2025-12-17 12:21:17,779 - INFO -   Avg: 1609.283555
2025-12-17 12:21:17,779 - INFO -   Std: 0.464387
2025-12-17 12:21:18,072 - INFO - Generation 180
2025-12-17 12:21:18,073 - INFO -   Best: 1607.848580
2025-12-17 12:21:18,073 - INFO -   Min: 1607.848580
2025-12-17 12:21:18,073 - INFO -   Max: 1610.364710
2025-12-17 12:21:18,073 - INFO -   Avg: 1609.060337
2025-12-17 12:21:18,073 - INFO -   Std: 0.621621
2025-12-17 12:21:18,335 - INFO - Generation 190
2025-12-17 12:21:18,335 - INFO -   Best: 1607.848580
2025-12-17 12:21:18,335 - INFO -   Min: 1607.848580
2025-12-17 12:21:18,336 - INFO -   Max: 1609.990337
2025-12-17 12:21:18,336 - INFO -   Avg: 1608.609762
2025-12-17 12:21:18,336 - INFO -   Std: 0.492768
2025-12-17 12:21:18,587 - INFO - Generation 200
2025-12-17 12:21:18,588 - INFO -   Best: 1607.832480
2025-12-17 12:21:18,588 - INFO -   Min: 1607.832480
2025-12-17 12:21:18,588 - INFO -   Max: 1609.889579
2025-12-17 12:21:18,588 - INFO -   Avg: 1608.738021
2025-12-17 12:21:18,588 - INFO -   Std: 0.534858
2025-12-17 12:21:18,604 - INFO - 
Final best fitness: 1607.8324801575
2025-12-17 12:21:18,604 - INFO - Execution time: 5.44s
