2025-12-17 12:08:27,521 - INFO - Representation: Binary
2025-12-17 12:08:27,521 - INFO - Bits per variable: 12
2025-12-17 12:08:27,521 - INFO - Total genes: 60
2025-12-17 12:08:27,522 - INFO - Function: michalewicz
2025-12-17 12:08:27,522 - INFO - Population size: 100
2025-12-17 12:08:27,522 - INFO - Generations: 200
2025-12-17 12:08:27,522 - INFO - Selection: rws
2025-12-17 12:08:27,522 - INFO - Crossover: two_points
2025-12-17 12:08:27,522 - INFO - Mutation: swap
2025-12-17 12:08:27,522 - INFO - 
2025-12-17 12:08:27,705 - INFO - Generation 10
2025-12-17 12:08:27,705 - INFO -   Best: -4.236217
2025-12-17 12:08:27,706 - INFO -   Min: -4.236217
2025-12-17 12:08:27,706 - INFO -   Max: -0.794316
2025-12-17 12:08:27,706 - INFO -   Avg: -2.602959
2025-12-17 12:08:27,706 - INFO -   Std: 0.677015
2025-12-17 12:08:27,784 - INFO - Generation 20
2025-12-17 12:08:27,784 - INFO -   Best: -4.432664
2025-12-17 12:08:27,784 - INFO -   Min: -4.432664
2025-12-17 12:08:27,784 - INFO -   Max: -0.198252
2025-12-17 12:08:27,784 - INFO -   Avg: -2.918429
2025-12-17 12:08:27,784 - INFO -   Std: 0.874665
2025-12-17 12:08:27,864 - INFO - Generation 30
2025-12-17 12:08:27,864 - INFO -   Best: -4.452834
2025-12-17 12:08:27,864 - INFO -   Min: -4.452834
2025-12-17 12:08:27,864 - INFO -   Max: -0.858648
2025-12-17 12:08:27,865 - INFO -   Avg: -3.098739
2025-12-17 12:08:27,865 - INFO -   Std: 0.788718
2025-12-17 12:08:27,946 - INFO - Generation 40
2025-12-17 12:08:27,946 - INFO -   Best: -4.496279
2025-12-17 12:08:27,946 - INFO -   Min: -4.496279
2025-12-17 12:08:27,946 - INFO -   Max: -1.690175
2025-12-17 12:08:27,946 - INFO -   Avg: -3.451684
2025-12-17 12:08:27,947 - INFO -   Std: 0.675592
2025-12-17 12:08:28,029 - INFO - Generation 50
2025-12-17 12:08:28,029 - INFO -   Best: -4.506443
2025-12-17 12:08:28,029 - INFO -   Min: -4.506443
2025-12-17 12:08:28,029 - INFO -   Max: -1.521097
2025-12-17 12:08:28,029 - INFO -   Avg: -3.616091
2025-12-17 12:08:28,030 - INFO -   Std: 0.681354
2025-12-17 12:08:28,111 - INFO - Generation 60
2025-12-17 12:08:28,112 - INFO -   Best: -4.506443
2025-12-17 12:08:28,112 - INFO -   Min: -4.506443
2025-12-17 12:08:28,112 - INFO -   Max: -1.178774
2025-12-17 12:08:28,112 - INFO -   Avg: -3.281480
2025-12-17 12:08:28,112 - INFO -   Std: 0.682264
2025-12-17 12:08:28,198 - INFO - Generation 70
2025-12-17 12:08:28,198 - INFO -   Best: -4.506443
2025-12-17 12:08:28,198 - INFO -   Min: -4.506443
2025-12-17 12:08:28,198 - INFO -   Max: -1.791202
2025-12-17 12:08:28,198 - INFO -   Avg: -3.423433
2025-12-17 12:08:28,198 - INFO -   Std: 0.674423
2025-12-17 12:08:28,285 - INFO - Generation 80
2025-12-17 12:08:28,286 - INFO -   Best: -4.510108
2025-12-17 12:08:28,286 - INFO -   Min: -4.510108
2025-12-17 12:08:28,286 - INFO -   Max: -1.685162
2025-12-17 12:08:28,286 - INFO -   Avg: -3.434901
2025-12-17 12:08:28,286 - INFO -   Std: 0.651718
2025-12-17 12:08:28,373 - INFO - Generation 90
2025-12-17 12:08:28,373 - INFO -   Best: -4.510108
2025-12-17 12:08:28,373 - INFO -   Min: -4.510108
2025-12-17 12:08:28,373 - INFO -   Max: -2.016665
2025-12-17 12:08:28,374 - INFO -   Avg: -3.697609
2025-12-17 12:08:28,374 - INFO -   Std: 0.629986
2025-12-17 12:08:28,460 - INFO - Generation 100
2025-12-17 12:08:28,460 - INFO -   Best: -4.510251
2025-12-17 12:08:28,460 - INFO -   Min: -4.510251
2025-12-17 12:08:28,460 - INFO -   Max: -2.025361
2025-12-17 12:08:28,460 - INFO -   Avg: -3.832627
2025-12-17 12:08:28,461 - INFO -   Std: 0.558563
2025-12-17 12:08:28,548 - INFO - Generation 110
2025-12-17 12:08:28,548 - INFO -   Best: -4.510681
2025-12-17 12:08:28,548 - INFO -   Min: -4.510681
2025-12-17 12:08:28,548 - INFO -   Max: -2.228829
2025-12-17 12:08:28,548 - INFO -   Avg: -3.796793
2025-12-17 12:08:28,548 - INFO -   Std: 0.612706
2025-12-17 12:08:28,633 - INFO - Generation 120
2025-12-17 12:08:28,633 - INFO -   Best: -4.510681
2025-12-17 12:08:28,633 - INFO -   Min: -4.510681
2025-12-17 12:08:28,633 - INFO -   Max: -1.736198
2025-12-17 12:08:28,633 - INFO -   Avg: -3.471277
2025-12-17 12:08:28,634 - INFO -   Std: 0.716884
2025-12-17 12:08:28,723 - INFO - Generation 130
2025-12-17 12:08:28,724 - INFO -   Best: -4.510681
2025-12-17 12:08:28,724 - INFO -   Min: -4.510681
2025-12-17 12:08:28,724 - INFO -   Max: -0.993089
2025-12-17 12:08:28,724 - INFO -   Avg: -3.828581
2025-12-17 12:08:28,724 - INFO -   Std: 0.633304
2025-12-17 12:08:28,808 - INFO - Generation 140
2025-12-17 12:08:28,808 - INFO -   Best: -4.510681
2025-12-17 12:08:28,808 - INFO -   Min: -4.510681
2025-12-17 12:08:28,808 - INFO -   Max: -1.452884
2025-12-17 12:08:28,809 - INFO -   Avg: -3.839181
2025-12-17 12:08:28,809 - INFO -   Std: 0.703317
2025-12-17 12:08:28,891 - INFO - Generation 150
2025-12-17 12:08:28,892 - INFO -   Best: -4.510681
2025-12-17 12:08:28,892 - INFO -   Min: -4.510681
2025-12-17 12:08:28,892 - INFO -   Max: -1.971889
2025-12-17 12:08:28,892 - INFO -   Avg: -3.973145
2025-12-17 12:08:28,892 - INFO -   Std: 0.576954
2025-12-17 12:08:28,973 - INFO - Generation 160
2025-12-17 12:08:28,974 - INFO -   Best: -4.510681
2025-12-17 12:08:28,974 - INFO -   Min: -4.510681
2025-12-17 12:08:28,974 - INFO -   Max: -2.579538
2025-12-17 12:08:28,974 - INFO -   Avg: -3.957275
2025-12-17 12:08:28,974 - INFO -   Std: 0.546729
2025-12-17 12:08:29,056 - INFO - Generation 170
2025-12-17 12:08:29,056 - INFO -   Best: -4.510681
2025-12-17 12:08:29,056 - INFO -   Min: -4.510681
2025-12-17 12:08:29,056 - INFO -   Max: -2.688236
2025-12-17 12:08:29,056 - INFO -   Avg: -3.989696
2025-12-17 12:08:29,057 - INFO -   Std: 0.542729
2025-12-17 12:08:29,138 - INFO - Generation 180
2025-12-17 12:08:29,138 - INFO -   Best: -4.510681
2025-12-17 12:08:29,139 - INFO -   Min: -4.510681
2025-12-17 12:08:29,139 - INFO -   Max: -2.800260
2025-12-17 12:08:29,139 - INFO -   Avg: -4.148152
2025-12-17 12:08:29,139 - INFO -   Std: 0.432105
2025-12-17 12:08:29,224 - INFO - Generation 190
2025-12-17 12:08:29,224 - INFO -   Best: -4.510681
2025-12-17 12:08:29,225 - INFO -   Min: -4.510681
2025-12-17 12:08:29,225 - INFO -   Max: -2.648168
2025-12-17 12:08:29,225 - INFO -   Avg: -3.988811
2025-12-17 12:08:29,225 - INFO -   Std: 0.509335
2025-12-17 12:08:29,308 - INFO - Generation 200
2025-12-17 12:08:29,308 - INFO -   Best: -4.510681
2025-12-17 12:08:29,308 - INFO -   Min: -4.510681
2025-12-17 12:08:29,308 - INFO -   Max: -2.539465
2025-12-17 12:08:29,309 - INFO -   Avg: -4.026457
2025-12-17 12:08:29,309 - INFO -   Std: 0.547004
2025-12-17 12:08:29,315 - INFO - 
Final best fitness: -4.5106810469
2025-12-17 12:08:29,315 - INFO - Execution time: 1.68s
