2025-12-17 11:26:58,433 - INFO - Representation: Real
2025-12-17 11:26:58,434 - INFO - Number of genes: 2
2025-12-17 11:26:58,434 - INFO - Bounds: [0, 3.141592653589793]
2025-12-17 11:26:58,434 - INFO - Function: michalewicz
2025-12-17 11:26:58,434 - INFO - Population size: 100
2025-12-17 11:26:58,434 - INFO - Generations: 200
2025-12-17 11:26:58,434 - INFO - Selection: tournament
2025-12-17 11:26:58,434 - INFO - Crossover: single_point
2025-12-17 11:26:58,435 - INFO - Mutation: random
2025-12-17 11:26:58,435 - INFO - 
2025-12-17 11:26:58,471 - INFO - Generation 10
2025-12-17 11:26:58,472 - INFO -   Best: -1.800492
2025-12-17 11:26:58,472 - INFO -   Min: -1.800492
2025-12-17 11:26:58,472 - INFO -   Max: -0.026739
2025-12-17 11:26:58,473 - INFO -   Avg: -1.538683
2025-12-17 11:26:58,473 - INFO -   Std: 0.377105
2025-12-17 11:26:58,505 - INFO - Generation 20
2025-12-17 11:26:58,505 - INFO -   Best: -1.800492
2025-12-17 11:26:58,505 - INFO -   Min: -1.800492
2025-12-17 11:26:58,506 - INFO -   Max: 0.425504
2025-12-17 11:26:58,506 - INFO -   Avg: -1.597295
2025-12-17 11:26:58,506 - INFO -   Std: 0.431058
2025-12-17 11:26:58,538 - INFO - Generation 30
2025-12-17 11:26:58,538 - INFO -   Best: -1.800492
2025-12-17 11:26:58,538 - INFO -   Min: -1.800492
2025-12-17 11:26:58,538 - INFO -   Max: 0.000440
2025-12-17 11:26:58,538 - INFO -   Avg: -1.611504
2025-12-17 11:26:58,539 - INFO -   Std: 0.441470
2025-12-17 11:26:58,570 - INFO - Generation 40
2025-12-17 11:26:58,570 - INFO -   Best: -1.800492
2025-12-17 11:26:58,570 - INFO -   Min: -1.800492
2025-12-17 11:26:58,570 - INFO -   Max: 0.567499
2025-12-17 11:26:58,570 - INFO -   Avg: -1.573484
2025-12-17 11:26:58,571 - INFO -   Std: 0.466409
2025-12-17 11:26:58,603 - INFO - Generation 50
2025-12-17 11:26:58,603 - INFO -   Best: -1.800492
2025-12-17 11:26:58,603 - INFO -   Min: -1.800492
2025-12-17 11:26:58,604 - INFO -   Max: 0.194533
2025-12-17 11:26:58,604 - INFO -   Avg: -1.473847
2025-12-17 11:26:58,604 - INFO -   Std: 0.535167
2025-12-17 11:26:58,636 - INFO - Generation 60
2025-12-17 11:26:58,636 - INFO -   Best: -1.800492
2025-12-17 11:26:58,636 - INFO -   Min: -1.800492
2025-12-17 11:26:58,636 - INFO -   Max: -0.013294
2025-12-17 11:26:58,637 - INFO -   Avg: -1.641583
2025-12-17 11:26:58,637 - INFO -   Std: 0.362170
2025-12-17 11:26:58,669 - INFO - Generation 70
2025-12-17 11:26:58,669 - INFO -   Best: -1.800492
2025-12-17 11:26:58,670 - INFO -   Min: -1.800492
2025-12-17 11:26:58,670 - INFO -   Max: 0.075652
2025-12-17 11:26:58,670 - INFO -   Avg: -1.572392
2025-12-17 11:26:58,670 - INFO -   Std: 0.500246
2025-12-17 11:26:58,702 - INFO - Generation 80
2025-12-17 11:26:58,702 - INFO -   Best: -1.800492
2025-12-17 11:26:58,702 - INFO -   Min: -1.800492
2025-12-17 11:26:58,702 - INFO -   Max: -0.272604
2025-12-17 11:26:58,702 - INFO -   Avg: -1.649045
2025-12-17 11:26:58,703 - INFO -   Std: 0.345575
2025-12-17 11:26:58,734 - INFO - Generation 90
2025-12-17 11:26:58,734 - INFO -   Best: -1.800492
2025-12-17 11:26:58,734 - INFO -   Min: -1.800492
2025-12-17 11:26:58,734 - INFO -   Max: -0.098760
2025-12-17 11:26:58,735 - INFO -   Avg: -1.616306
2025-12-17 11:26:58,735 - INFO -   Std: 0.391568
2025-12-17 11:26:58,768 - INFO - Generation 100
2025-12-17 11:26:58,768 - INFO -   Best: -1.800492
2025-12-17 11:26:58,768 - INFO -   Min: -1.800492
2025-12-17 11:26:58,768 - INFO -   Max: -0.118732
2025-12-17 11:26:58,768 - INFO -   Avg: -1.673279
2025-12-17 11:26:58,769 - INFO -   Std: 0.340552
2025-12-17 11:26:58,805 - INFO - Generation 110
2025-12-17 11:26:58,805 - INFO -   Best: -1.800492
2025-12-17 11:26:58,806 - INFO -   Min: -1.800492
2025-12-17 11:26:58,806 - INFO -   Max: 0.168674
2025-12-17 11:26:58,806 - INFO -   Avg: -1.643529
2025-12-17 11:26:58,806 - INFO -   Std: 0.398121
2025-12-17 11:26:58,845 - INFO - Generation 120
2025-12-17 11:26:58,845 - INFO -   Best: -1.800492
2025-12-17 11:26:58,845 - INFO -   Min: -1.800492
2025-12-17 11:26:58,845 - INFO -   Max: 1.283121
2025-12-17 11:26:58,845 - INFO -   Avg: -1.585681
2025-12-17 11:26:58,846 - INFO -   Std: 0.486393
2025-12-17 11:26:58,885 - INFO - Generation 130
2025-12-17 11:26:58,885 - INFO -   Best: -1.800492
2025-12-17 11:26:58,885 - INFO -   Min: -1.800492
2025-12-17 11:26:58,886 - INFO -   Max: 0.821528
2025-12-17 11:26:58,886 - INFO -   Avg: -1.573560
2025-12-17 11:26:58,886 - INFO -   Std: 0.492694
2025-12-17 11:26:58,925 - INFO - Generation 140
2025-12-17 11:26:58,926 - INFO -   Best: -1.800492
2025-12-17 11:26:58,926 - INFO -   Min: -1.800492
2025-12-17 11:26:58,926 - INFO -   Max: -0.704401
2025-12-17 11:26:58,926 - INFO -   Avg: -1.669393
2025-12-17 11:26:58,926 - INFO -   Std: 0.327268
2025-12-17 11:26:58,963 - INFO - Generation 150
2025-12-17 11:26:58,963 - INFO -   Best: -1.800492
2025-12-17 11:26:58,963 - INFO -   Min: -1.800492
2025-12-17 11:26:58,964 - INFO -   Max: 0.002312
2025-12-17 11:26:58,964 - INFO -   Avg: -1.645337
2025-12-17 11:26:58,964 - INFO -   Std: 0.368767
2025-12-17 11:26:58,996 - INFO - Generation 160
2025-12-17 11:26:58,996 - INFO -   Best: -1.800492
2025-12-17 11:26:58,996 - INFO -   Min: -1.800492
2025-12-17 11:26:58,996 - INFO -   Max: -0.434173
2025-12-17 11:26:58,997 - INFO -   Avg: -1.670040
2025-12-17 11:26:58,997 - INFO -   Std: 0.336186
2025-12-17 11:26:59,027 - INFO - Generation 170
2025-12-17 11:26:59,027 - INFO -   Best: -1.800492
2025-12-17 11:26:59,027 - INFO -   Min: -1.800492
2025-12-17 11:26:59,028 - INFO -   Max: 0.021209
2025-12-17 11:26:59,028 - INFO -   Avg: -1.582861
2025-12-17 11:26:59,028 - INFO -   Std: 0.437283
2025-12-17 11:26:59,062 - INFO - Generation 180
2025-12-17 11:26:59,062 - INFO -   Best: -1.800492
2025-12-17 11:26:59,062 - INFO -   Min: -1.800492
2025-12-17 11:26:59,062 - INFO -   Max: 0.114157
2025-12-17 11:26:59,063 - INFO -   Avg: -1.591884
2025-12-17 11:26:59,063 - INFO -   Std: 0.447906
2025-12-17 11:26:59,093 - INFO - Generation 190
2025-12-17 11:26:59,093 - INFO -   Best: -1.800492
2025-12-17 11:26:59,094 - INFO -   Min: -1.800492
2025-12-17 11:26:59,094 - INFO -   Max: -0.637993
2025-12-17 11:26:59,094 - INFO -   Avg: -1.681006
2025-12-17 11:26:59,094 - INFO -   Std: 0.308428
2025-12-17 11:26:59,125 - INFO - Generation 200
2025-12-17 11:26:59,126 - INFO -   Best: -1.800492
2025-12-17 11:26:59,126 - INFO -   Min: -1.800492
2025-12-17 11:26:59,126 - INFO -   Max: 0.000000
2025-12-17 11:26:59,126 - INFO -   Avg: -1.599614
2025-12-17 11:26:59,126 - INFO -   Std: 0.440730
2025-12-17 11:26:59,129 - INFO - 
Final best fitness: -1.8004919663
2025-12-17 11:26:59,129 - INFO - Execution time: 0.69s
