2025-12-17 11:45:52,881 - INFO - Representation: Real
2025-12-17 11:45:52,882 - INFO - Number of genes: 30
2025-12-17 11:45:52,882 - INFO - Bounds: [-100, 100]
2025-12-17 11:45:52,882 - INFO - Function: f16_2014
2025-12-17 11:45:52,882 - INFO - Population size: 100
2025-12-17 11:45:52,882 - INFO - Generations: 200
2025-12-17 11:45:52,882 - INFO - Selection: tournament
2025-12-17 11:45:52,882 - INFO - Crossover: single_point
2025-12-17 11:45:52,882 - INFO - Mutation: random
2025-12-17 11:45:52,883 - INFO - 
2025-12-17 11:45:53,344 - INFO - Generation 10
2025-12-17 11:45:53,345 - INFO -   Best: 1613.749781
2025-12-17 11:45:53,345 - INFO -   Min: 1613.749781
2025-12-17 11:45:53,345 - INFO -   Max: 1615.824485
2025-12-17 11:45:53,345 - INFO -   Avg: 1614.938278
2025-12-17 11:45:53,346 - INFO -   Std: 0.323368
2025-12-17 11:45:53,739 - INFO - Generation 20
2025-12-17 11:45:53,739 - INFO -   Best: 1613.494893
2025-12-17 11:45:53,739 - INFO -   Min: 1613.494893
2025-12-17 11:45:53,739 - INFO -   Max: 1615.764597
2025-12-17 11:45:53,740 - INFO -   Avg: 1614.945963
2025-12-17 11:45:53,740 - INFO -   Std: 0.344083
2025-12-17 11:45:54,135 - INFO - Generation 30
2025-12-17 11:45:54,136 - INFO -   Best: 1613.494893
2025-12-17 11:45:54,136 - INFO -   Min: 1613.494893
2025-12-17 11:45:54,136 - INFO -   Max: 1615.822381
2025-12-17 11:45:54,136 - INFO -   Avg: 1614.957353
2025-12-17 11:45:54,136 - INFO -   Std: 0.344773
2025-12-17 11:45:54,530 - INFO - Generation 40
2025-12-17 11:45:54,530 - INFO -   Best: 1613.450191
2025-12-17 11:45:54,530 - INFO -   Min: 1613.450191
2025-12-17 11:45:54,530 - INFO -   Max: 1615.564102
2025-12-17 11:45:54,530 - INFO -   Avg: 1614.942144
2025-12-17 11:45:54,531 - INFO -   Std: 0.391277
2025-12-17 11:45:54,925 - INFO - Generation 50
2025-12-17 11:45:54,925 - INFO -   Best: 1613.450191
2025-12-17 11:45:54,925 - INFO -   Min: 1613.450191
2025-12-17 11:45:54,925 - INFO -   Max: 1615.769602
2025-12-17 11:45:54,925 - INFO -   Avg: 1614.913114
2025-12-17 11:45:54,925 - INFO -   Std: 0.395752
2025-12-17 11:45:55,319 - INFO - Generation 60
2025-12-17 11:45:55,319 - INFO -   Best: 1613.450191
2025-12-17 11:45:55,320 - INFO -   Min: 1613.450191
2025-12-17 11:45:55,320 - INFO -   Max: 1615.685866
2025-12-17 11:45:55,320 - INFO -   Avg: 1614.887884
2025-12-17 11:45:55,320 - INFO -   Std: 0.379833
2025-12-17 11:45:55,713 - INFO - Generation 70
2025-12-17 11:45:55,713 - INFO -   Best: 1613.450191
2025-12-17 11:45:55,713 - INFO -   Min: 1613.450191
2025-12-17 11:45:55,714 - INFO -   Max: 1616.150194
2025-12-17 11:45:55,714 - INFO -   Avg: 1614.777135
2025-12-17 11:45:55,714 - INFO -   Std: 0.418627
2025-12-17 11:45:56,106 - INFO - Generation 80
2025-12-17 11:45:56,106 - INFO -   Best: 1613.450191
2025-12-17 11:45:56,106 - INFO -   Min: 1613.450191
2025-12-17 11:45:56,106 - INFO -   Max: 1615.752040
2025-12-17 11:45:56,106 - INFO -   Avg: 1614.707532
2025-12-17 11:45:56,106 - INFO -   Std: 0.439063
2025-12-17 11:45:56,502 - INFO - Generation 90
2025-12-17 11:45:56,502 - INFO -   Best: 1613.414202
2025-12-17 11:45:56,502 - INFO -   Min: 1613.414202
2025-12-17 11:45:56,502 - INFO -   Max: 1615.528358
2025-12-17 11:45:56,502 - INFO -   Avg: 1614.831888
2025-12-17 11:45:56,503 - INFO -   Std: 0.420976
2025-12-17 11:45:56,896 - INFO - Generation 100
2025-12-17 11:45:56,896 - INFO -   Best: 1613.414202
2025-12-17 11:45:56,896 - INFO -   Min: 1613.414202
2025-12-17 11:45:56,897 - INFO -   Max: 1615.554326
2025-12-17 11:45:56,897 - INFO -   Avg: 1614.659107
2025-12-17 11:45:56,897 - INFO -   Std: 0.427392
2025-12-17 11:45:57,294 - INFO - Generation 110
2025-12-17 11:45:57,294 - INFO -   Best: 1613.414202
2025-12-17 11:45:57,294 - INFO -   Min: 1613.414202
2025-12-17 11:45:57,295 - INFO -   Max: 1615.845830
2025-12-17 11:45:57,295 - INFO -   Avg: 1614.678434
2025-12-17 11:45:57,295 - INFO -   Std: 0.433558
2025-12-17 11:45:57,689 - INFO - Generation 120
2025-12-17 11:45:57,690 - INFO -   Best: 1613.200938
2025-12-17 11:45:57,690 - INFO -   Min: 1613.200938
2025-12-17 11:45:57,690 - INFO -   Max: 1615.989418
2025-12-17 11:45:57,690 - INFO -   Avg: 1614.733509
2025-12-17 11:45:57,690 - INFO -   Std: 0.421422
2025-12-17 11:45:58,083 - INFO - Generation 130
2025-12-17 11:45:58,083 - INFO -   Best: 1613.200938
2025-12-17 11:45:58,083 - INFO -   Min: 1613.200938
2025-12-17 11:45:58,084 - INFO -   Max: 1615.595713
2025-12-17 11:45:58,084 - INFO -   Avg: 1614.750401
2025-12-17 11:45:58,084 - INFO -   Std: 0.455905
2025-12-17 11:45:58,479 - INFO - Generation 140
2025-12-17 11:45:58,479 - INFO -   Best: 1613.200938
2025-12-17 11:45:58,479 - INFO -   Min: 1613.200938
2025-12-17 11:45:58,479 - INFO -   Max: 1615.783871
2025-12-17 11:45:58,479 - INFO -   Avg: 1614.725306
2025-12-17 11:45:58,480 - INFO -   Std: 0.452712
2025-12-17 11:45:58,869 - INFO - Generation 150
2025-12-17 11:45:58,870 - INFO -   Best: 1613.190959
2025-12-17 11:45:58,870 - INFO -   Min: 1613.190959
2025-12-17 11:45:58,870 - INFO -   Max: 1616.192582
2025-12-17 11:45:58,871 - INFO -   Avg: 1614.676950
2025-12-17 11:45:58,871 - INFO -   Std: 0.498143
2025-12-17 11:45:59,264 - INFO - Generation 160
2025-12-17 11:45:59,264 - INFO -   Best: 1613.190959
2025-12-17 11:45:59,265 - INFO -   Min: 1613.190959
2025-12-17 11:45:59,265 - INFO -   Max: 1615.882027
2025-12-17 11:45:59,265 - INFO -   Avg: 1614.712471
2025-12-17 11:45:59,265 - INFO -   Std: 0.493323
2025-12-17 11:45:59,675 - INFO - Generation 170
2025-12-17 11:45:59,675 - INFO -   Best: 1613.190959
2025-12-17 11:45:59,675 - INFO -   Min: 1613.190959
2025-12-17 11:45:59,676 - INFO -   Max: 1615.499033
2025-12-17 11:45:59,676 - INFO -   Avg: 1614.675550
2025-12-17 11:45:59,676 - INFO -   Std: 0.477929
2025-12-17 11:46:00,069 - INFO - Generation 180
2025-12-17 11:46:00,069 - INFO -   Best: 1612.996106
2025-12-17 11:46:00,069 - INFO -   Min: 1612.996106
2025-12-17 11:46:00,070 - INFO -   Max: 1615.834556
2025-12-17 11:46:00,070 - INFO -   Avg: 1614.424583
2025-12-17 11:46:00,070 - INFO -   Std: 0.606809
2025-12-17 11:46:00,463 - INFO - Generation 190
2025-12-17 11:46:00,463 - INFO -   Best: 1612.783882
2025-12-17 11:46:00,463 - INFO -   Min: 1612.783882
2025-12-17 11:46:00,464 - INFO -   Max: 1615.444062
2025-12-17 11:46:00,464 - INFO -   Avg: 1614.515561
2025-12-17 11:46:00,464 - INFO -   Std: 0.494959
2025-12-17 11:46:00,858 - INFO - Generation 200
2025-12-17 11:46:00,858 - INFO -   Best: 1612.503086
2025-12-17 11:46:00,859 - INFO -   Min: 1612.503086
2025-12-17 11:46:00,859 - INFO -   Max: 1615.546133
2025-12-17 11:46:00,859 - INFO -   Avg: 1614.560450
2025-12-17 11:46:00,859 - INFO -   Std: 0.558370
2025-12-17 11:46:00,882 - INFO - 
Final best fitness: 1612.5030855561
2025-12-17 11:46:00,882 - INFO - Execution time: 7.94s
2025-12-17 11:53:30,197 - INFO - Representation: Binary
2025-12-17 11:53:30,197 - INFO - Bits per variable: 12
2025-12-17 11:53:30,197 - INFO - Total genes: 360
2025-12-17 11:53:30,197 - INFO - Function: f16_2014
2025-12-17 11:53:30,197 - INFO - Population size: 100
2025-12-17 11:53:30,197 - INFO - Generations: 200
2025-12-17 11:53:30,197 - INFO - Selection: tournament
2025-12-17 11:53:30,198 - INFO - Crossover: single_point
2025-12-17 11:53:30,198 - INFO - Mutation: random
2025-12-17 11:53:30,198 - INFO - 
2025-12-17 11:53:32,169 - INFO - Generation 10
2025-12-17 11:53:32,169 - INFO -   Best: 1613.887392
2025-12-17 11:53:32,169 - INFO -   Min: 1613.887392
2025-12-17 11:53:32,170 - INFO -   Max: 1615.891753
2025-12-17 11:53:32,170 - INFO -   Avg: 1614.991600
2025-12-17 11:53:32,170 - INFO -   Std: 0.221002
2025-12-17 11:53:33,440 - INFO - Generation 20
2025-12-17 11:53:33,440 - INFO -   Best: 1613.887392
2025-12-17 11:53:33,441 - INFO -   Min: 1613.887392
2025-12-17 11:53:33,441 - INFO -   Max: 1615.506766
2025-12-17 11:53:33,441 - INFO -   Avg: 1615.007888
2025-12-17 11:53:33,441 - INFO -   Std: 0.199730
2025-12-17 11:53:34,708 - INFO - Generation 30
2025-12-17 11:53:34,709 - INFO -   Best: 1613.887392
2025-12-17 11:53:34,709 - INFO -   Min: 1613.887392
2025-12-17 11:53:34,709 - INFO -   Max: 1615.473407
2025-12-17 11:53:34,710 - INFO -   Avg: 1614.989857
2025-12-17 11:53:34,710 - INFO -   Std: 0.190279
2025-12-17 11:53:35,976 - INFO - Generation 40
2025-12-17 11:53:35,976 - INFO -   Best: 1613.887392
2025-12-17 11:53:35,976 - INFO -   Min: 1613.887392
2025-12-17 11:53:35,976 - INFO -   Max: 1615.584171
2025-12-17 11:53:35,976 - INFO -   Avg: 1614.975794
2025-12-17 11:53:35,976 - INFO -   Std: 0.193189
2025-12-17 11:53:37,236 - INFO - Generation 50
2025-12-17 11:53:37,237 - INFO -   Best: 1613.865311
2025-12-17 11:53:37,237 - INFO -   Min: 1613.865311
2025-12-17 11:53:37,237 - INFO -   Max: 1615.373107
2025-12-17 11:53:37,237 - INFO -   Avg: 1614.975256
2025-12-17 11:53:37,237 - INFO -   Std: 0.199756
2025-12-17 11:53:38,496 - INFO - Generation 60
2025-12-17 11:53:38,497 - INFO -   Best: 1613.865311
2025-12-17 11:53:38,497 - INFO -   Min: 1613.865311
2025-12-17 11:53:38,497 - INFO -   Max: 1615.261931
2025-12-17 11:53:38,497 - INFO -   Avg: 1614.978858
2025-12-17 11:53:38,497 - INFO -   Std: 0.167618
2025-12-17 11:53:39,756 - INFO - Generation 70
2025-12-17 11:53:39,756 - INFO -   Best: 1613.865311
2025-12-17 11:53:39,756 - INFO -   Min: 1613.865311
2025-12-17 11:53:39,756 - INFO -   Max: 1615.304634
2025-12-17 11:53:39,757 - INFO -   Avg: 1614.976242
2025-12-17 11:53:39,757 - INFO -   Std: 0.165507
2025-12-17 11:53:41,019 - INFO - Generation 80
2025-12-17 11:53:41,019 - INFO -   Best: 1613.865311
2025-12-17 11:53:41,019 - INFO -   Min: 1613.865311
2025-12-17 11:53:41,020 - INFO -   Max: 1615.503436
2025-12-17 11:53:41,020 - INFO -   Avg: 1614.975417
2025-12-17 11:53:41,020 - INFO -   Std: 0.192696
2025-12-17 11:53:42,277 - INFO - Generation 90
2025-12-17 11:53:42,277 - INFO -   Best: 1613.865311
2025-12-17 11:53:42,278 - INFO -   Min: 1613.865311
2025-12-17 11:53:42,278 - INFO -   Max: 1615.428922
2025-12-17 11:53:42,278 - INFO -   Avg: 1614.978028
2025-12-17 11:53:42,278 - INFO -   Std: 0.192662
2025-12-17 11:53:43,540 - INFO - Generation 100
2025-12-17 11:53:43,541 - INFO -   Best: 1613.865311
2025-12-17 11:53:43,541 - INFO -   Min: 1613.865311
2025-12-17 11:53:43,541 - INFO -   Max: 1615.272501
2025-12-17 11:53:43,541 - INFO -   Avg: 1614.972746
2025-12-17 11:53:43,541 - INFO -   Std: 0.170710
2025-12-17 11:53:44,798 - INFO - Generation 110
2025-12-17 11:53:44,799 - INFO -   Best: 1613.865311
2025-12-17 11:53:44,799 - INFO -   Min: 1613.865311
2025-12-17 11:53:44,799 - INFO -   Max: 1615.366757
2025-12-17 11:53:44,799 - INFO -   Avg: 1614.978031
2025-12-17 11:53:44,799 - INFO -   Std: 0.174847
2025-12-17 11:53:46,060 - INFO - Generation 120
2025-12-17 11:53:46,060 - INFO -   Best: 1613.865311
2025-12-17 11:53:46,060 - INFO -   Min: 1613.865311
2025-12-17 11:53:46,060 - INFO -   Max: 1615.439834
2025-12-17 11:53:46,060 - INFO -   Avg: 1614.975556
2025-12-17 11:53:46,061 - INFO -   Std: 0.178209
2025-12-17 11:53:47,322 - INFO - Generation 130
2025-12-17 11:53:47,322 - INFO -   Best: 1613.865311
2025-12-17 11:53:47,322 - INFO -   Min: 1613.865311
2025-12-17 11:53:47,322 - INFO -   Max: 1615.279395
2025-12-17 11:53:47,322 - INFO -   Avg: 1614.975351
2025-12-17 11:53:47,323 - INFO -   Std: 0.168225
2025-12-17 11:53:48,580 - INFO - Generation 140
2025-12-17 11:53:48,581 - INFO -   Best: 1613.865311
2025-12-17 11:53:48,581 - INFO -   Min: 1613.865311
2025-12-17 11:53:48,581 - INFO -   Max: 1615.451369
2025-12-17 11:53:48,581 - INFO -   Avg: 1614.979560
2025-12-17 11:53:48,581 - INFO -   Std: 0.189849
2025-12-17 11:53:49,838 - INFO - Generation 150
2025-12-17 11:53:49,839 - INFO -   Best: 1613.865311
2025-12-17 11:53:49,839 - INFO -   Min: 1613.865311
2025-12-17 11:53:49,839 - INFO -   Max: 1615.476770
2025-12-17 11:53:49,839 - INFO -   Avg: 1614.999027
2025-12-17 11:53:49,839 - INFO -   Std: 0.208208
2025-12-17 11:53:51,104 - INFO - Generation 160
2025-12-17 11:53:51,105 - INFO -   Best: 1613.865311
2025-12-17 11:53:51,105 - INFO -   Min: 1613.865311
2025-12-17 11:53:51,105 - INFO -   Max: 1615.343012
2025-12-17 11:53:51,105 - INFO -   Avg: 1614.959151
2025-12-17 11:53:51,105 - INFO -   Std: 0.203915
2025-12-17 11:53:52,368 - INFO - Generation 170
2025-12-17 11:53:52,369 - INFO -   Best: 1613.865311
2025-12-17 11:53:52,369 - INFO -   Min: 1613.865311
2025-12-17 11:53:52,369 - INFO -   Max: 1615.273532
2025-12-17 11:53:52,369 - INFO -   Avg: 1614.976282
2025-12-17 11:53:52,369 - INFO -   Std: 0.171954
2025-12-17 11:53:53,638 - INFO - Generation 180
2025-12-17 11:53:53,639 - INFO -   Best: 1613.865311
2025-12-17 11:53:53,639 - INFO -   Min: 1613.865311
2025-12-17 11:53:53,639 - INFO -   Max: 1615.479444
2025-12-17 11:53:53,639 - INFO -   Avg: 1614.978501
2025-12-17 11:53:53,639 - INFO -   Std: 0.169358
2025-12-17 11:53:54,892 - INFO - Generation 190
2025-12-17 11:53:54,892 - INFO -   Best: 1613.865311
2025-12-17 11:53:54,892 - INFO -   Min: 1613.865311
2025-12-17 11:53:54,892 - INFO -   Max: 1615.502274
2025-12-17 11:53:54,893 - INFO -   Avg: 1614.994465
2025-12-17 11:53:54,893 - INFO -   Std: 0.196663
2025-12-17 11:53:56,152 - INFO - Generation 200
2025-12-17 11:53:56,152 - INFO -   Best: 1613.865311
2025-12-17 11:53:56,153 - INFO -   Min: 1613.865311
2025-12-17 11:53:56,153 - INFO -   Max: 1615.293317
2025-12-17 11:53:56,153 - INFO -   Avg: 1614.972748
2025-12-17 11:53:56,153 - INFO -   Std: 0.175514
2025-12-17 11:53:56,189 - INFO - 
Final best fitness: 1613.8653107721
2025-12-17 11:53:56,189 - INFO - Execution time: 25.33s
