2025-12-17 12:12:06,322 - INFO - Representation: Binary
2025-12-17 12:12:06,323 - INFO - Bits per variable: 12
2025-12-17 12:12:06,323 - INFO - Total genes: 120
2025-12-17 12:12:06,323 - INFO - Function: f16_2014
2025-12-17 12:12:06,323 - INFO - Population size: 100
2025-12-17 12:12:06,323 - INFO - Generations: 200
2025-12-17 12:12:06,323 - INFO - Selection: rws
2025-12-17 12:12:06,324 - INFO - Crossover: two_points
2025-12-17 12:12:06,324 - INFO - Mutation: swap
2025-12-17 12:12:06,324 - INFO - 
2025-12-17 12:12:06,764 - INFO - Generation 10
2025-12-17 12:12:06,764 - INFO -   Best: 1604.062598
2025-12-17 12:12:06,764 - INFO -   Min: 1604.062598
2025-12-17 12:12:06,764 - INFO -   Max: 1605.703443
2025-12-17 12:12:06,765 - INFO -   Avg: 1604.995107
2025-12-17 12:12:06,765 - INFO -   Std: 0.233299
2025-12-17 12:12:06,980 - INFO - Generation 20
2025-12-17 12:12:06,981 - INFO -   Best: 1604.053987
2025-12-17 12:12:06,981 - INFO -   Min: 1604.053987
2025-12-17 12:12:06,981 - INFO -   Max: 1605.574420
2025-12-17 12:12:06,981 - INFO -   Avg: 1604.957488
2025-12-17 12:12:06,981 - INFO -   Std: 0.289584
2025-12-17 12:12:07,208 - INFO - Generation 30
2025-12-17 12:12:07,208 - INFO -   Best: 1604.053987
2025-12-17 12:12:07,208 - INFO -   Min: 1604.053987
2025-12-17 12:12:07,208 - INFO -   Max: 1605.855355
2025-12-17 12:12:07,208 - INFO -   Avg: 1604.980986
2025-12-17 12:12:07,209 - INFO -   Std: 0.274491
2025-12-17 12:12:07,451 - INFO - Generation 40
2025-12-17 12:12:07,452 - INFO -   Best: 1603.909478
2025-12-17 12:12:07,452 - INFO -   Min: 1603.909478
2025-12-17 12:12:07,452 - INFO -   Max: 1605.645992
2025-12-17 12:12:07,452 - INFO -   Avg: 1604.915204
2025-12-17 12:12:07,452 - INFO -   Std: 0.298280
2025-12-17 12:12:07,673 - INFO - Generation 50
2025-12-17 12:12:07,673 - INFO -   Best: 1603.718901
2025-12-17 12:12:07,673 - INFO -   Min: 1603.718901
2025-12-17 12:12:07,673 - INFO -   Max: 1605.685717
2025-12-17 12:12:07,674 - INFO -   Avg: 1604.912549
2025-12-17 12:12:07,674 - INFO -   Std: 0.326556
2025-12-17 12:12:07,890 - INFO - Generation 60
2025-12-17 12:12:07,890 - INFO -   Best: 1603.718901
2025-12-17 12:12:07,890 - INFO -   Min: 1603.718901
2025-12-17 12:12:07,890 - INFO -   Max: 1605.876023
2025-12-17 12:12:07,890 - INFO -   Avg: 1604.958320
2025-12-17 12:12:07,890 - INFO -   Std: 0.327361
2025-12-17 12:12:08,105 - INFO - Generation 70
2025-12-17 12:12:08,105 - INFO -   Best: 1603.718901
2025-12-17 12:12:08,106 - INFO -   Min: 1603.718901
2025-12-17 12:12:08,106 - INFO -   Max: 1605.562802
2025-12-17 12:12:08,106 - INFO -   Avg: 1604.984954
2025-12-17 12:12:08,106 - INFO -   Std: 0.254849
2025-12-17 12:12:08,326 - INFO - Generation 80
2025-12-17 12:12:08,326 - INFO -   Best: 1603.718901
2025-12-17 12:12:08,326 - INFO -   Min: 1603.718901
2025-12-17 12:12:08,327 - INFO -   Max: 1605.483706
2025-12-17 12:12:08,327 - INFO -   Avg: 1604.968273
2025-12-17 12:12:08,327 - INFO -   Std: 0.275251
2025-12-17 12:12:08,549 - INFO - Generation 90
2025-12-17 12:12:08,549 - INFO -   Best: 1603.718901
2025-12-17 12:12:08,550 - INFO -   Min: 1603.718901
2025-12-17 12:12:08,550 - INFO -   Max: 1605.693690
2025-12-17 12:12:08,550 - INFO -   Avg: 1604.952861
2025-12-17 12:12:08,550 - INFO -   Std: 0.256286
2025-12-17 12:12:08,780 - INFO - Generation 100
2025-12-17 12:12:08,781 - INFO -   Best: 1603.676076
2025-12-17 12:12:08,781 - INFO -   Min: 1603.676076
2025-12-17 12:12:08,781 - INFO -   Max: 1605.762827
2025-12-17 12:12:08,781 - INFO -   Avg: 1604.969549
2025-12-17 12:12:08,782 - INFO -   Std: 0.394508
2025-12-17 12:12:09,012 - INFO - Generation 110
2025-12-17 12:12:09,013 - INFO -   Best: 1603.610508
2025-12-17 12:12:09,013 - INFO -   Min: 1603.610508
2025-12-17 12:12:09,013 - INFO -   Max: 1605.737775
2025-12-17 12:12:09,013 - INFO -   Avg: 1604.948433
2025-12-17 12:12:09,013 - INFO -   Std: 0.344216
2025-12-17 12:12:09,233 - INFO - Generation 120
2025-12-17 12:12:09,233 - INFO -   Best: 1603.584607
2025-12-17 12:12:09,233 - INFO -   Min: 1603.584607
2025-12-17 12:12:09,233 - INFO -   Max: 1606.296342
2025-12-17 12:12:09,233 - INFO -   Avg: 1604.971001
2025-12-17 12:12:09,234 - INFO -   Std: 0.420433
2025-12-17 12:12:09,453 - INFO - Generation 130
2025-12-17 12:12:09,454 - INFO -   Best: 1603.584607
2025-12-17 12:12:09,454 - INFO -   Min: 1603.584607
2025-12-17 12:12:09,454 - INFO -   Max: 1606.405552
2025-12-17 12:12:09,454 - INFO -   Avg: 1605.027098
2025-12-17 12:12:09,454 - INFO -   Std: 0.418692
2025-12-17 12:12:09,692 - INFO - Generation 140
2025-12-17 12:12:09,692 - INFO -   Best: 1603.300927
2025-12-17 12:12:09,693 - INFO -   Min: 1603.300927
2025-12-17 12:12:09,693 - INFO -   Max: 1605.986443
2025-12-17 12:12:09,693 - INFO -   Avg: 1604.982476
2025-12-17 12:12:09,693 - INFO -   Std: 0.463215
2025-12-17 12:12:09,941 - INFO - Generation 150
2025-12-17 12:12:09,941 - INFO -   Best: 1603.300927
2025-12-17 12:12:09,942 - INFO -   Min: 1603.300927
2025-12-17 12:12:09,942 - INFO -   Max: 1606.077082
2025-12-17 12:12:09,942 - INFO -   Avg: 1604.907478
2025-12-17 12:12:09,942 - INFO -   Std: 0.465149
2025-12-17 12:12:10,177 - INFO - Generation 160
2025-12-17 12:12:10,178 - INFO -   Best: 1603.300927
2025-12-17 12:12:10,178 - INFO -   Min: 1603.300927
2025-12-17 12:12:10,178 - INFO -   Max: 1606.375586
2025-12-17 12:12:10,178 - INFO -   Avg: 1604.992132
2025-12-17 12:12:10,178 - INFO -   Std: 0.504648
2025-12-17 12:12:10,411 - INFO - Generation 170
2025-12-17 12:12:10,411 - INFO -   Best: 1603.300927
2025-12-17 12:12:10,411 - INFO -   Min: 1603.300927
2025-12-17 12:12:10,411 - INFO -   Max: 1606.317097
2025-12-17 12:12:10,411 - INFO -   Avg: 1605.045029
2025-12-17 12:12:10,411 - INFO -   Std: 0.508266
2025-12-17 12:12:10,645 - INFO - Generation 180
2025-12-17 12:12:10,645 - INFO -   Best: 1603.300927
2025-12-17 12:12:10,645 - INFO -   Min: 1603.300927
2025-12-17 12:12:10,646 - INFO -   Max: 1606.508385
2025-12-17 12:12:10,646 - INFO -   Avg: 1604.912540
2025-12-17 12:12:10,646 - INFO -   Std: 0.601806
2025-12-17 12:12:10,874 - INFO - Generation 190
2025-12-17 12:12:10,875 - INFO -   Best: 1603.300927
2025-12-17 12:12:10,875 - INFO -   Min: 1603.300927
2025-12-17 12:12:10,875 - INFO -   Max: 1605.763039
2025-12-17 12:12:10,875 - INFO -   Avg: 1604.887355
2025-12-17 12:12:10,875 - INFO -   Std: 0.509547
2025-12-17 12:12:11,101 - INFO - Generation 200
2025-12-17 12:12:11,101 - INFO -   Best: 1603.259785
2025-12-17 12:12:11,102 - INFO -   Min: 1603.259785
2025-12-17 12:12:11,102 - INFO -   Max: 1606.586184
2025-12-17 12:12:11,102 - INFO -   Avg: 1604.889841
2025-12-17 12:12:11,102 - INFO -   Std: 0.554303
2025-12-17 12:12:11,118 - INFO - 
Final best fitness: 1603.2597849154
2025-12-17 12:12:11,118 - INFO - Execution time: 4.57s
