2025-12-17 11:37:09,456 - INFO - Representation: Real
2025-12-17 11:37:09,456 - INFO - Number of genes: 10
2025-12-17 11:37:09,456 - INFO - Bounds: [0, 3.141592653589793]
2025-12-17 11:37:09,457 - INFO - Function: michalewicz
2025-12-17 11:37:09,457 - INFO - Population size: 100
2025-12-17 11:37:09,457 - INFO - Generations: 200
2025-12-17 11:37:09,457 - INFO - Selection: tournament
2025-12-17 11:37:09,457 - INFO - Crossover: single_point
2025-12-17 11:37:09,457 - INFO - Mutation: random
2025-12-17 11:37:09,458 - INFO - 
2025-12-17 11:37:09,531 - INFO - Generation 10
2025-12-17 11:37:09,531 - INFO -   Best: -6.385968
2025-12-17 11:37:09,531 - INFO -   Min: -6.385968
2025-12-17 11:37:09,531 - INFO -   Max: -2.320347
2025-12-17 11:37:09,532 - INFO -   Avg: -4.326877
2025-12-17 11:37:09,532 - INFO -   Std: 0.923381
2025-12-17 11:37:09,591 - INFO - Generation 20
2025-12-17 11:37:09,591 - INFO -   Best: -6.901847
2025-12-17 11:37:09,591 - INFO -   Min: -6.901847
2025-12-17 11:37:09,592 - INFO -   Max: -3.787425
2025-12-17 11:37:09,592 - INFO -   Avg: -5.626966
2025-12-17 11:37:09,592 - INFO -   Std: 0.721905
2025-12-17 11:37:09,651 - INFO - Generation 30
2025-12-17 11:37:09,651 - INFO -   Best: -7.730830
2025-12-17 11:37:09,651 - INFO -   Min: -7.730830
2025-12-17 11:37:09,652 - INFO -   Max: -3.567178
2025-12-17 11:37:09,652 - INFO -   Avg: -6.014611
2025-12-17 11:37:09,652 - INFO -   Std: 0.992800
2025-12-17 11:37:09,713 - INFO - Generation 40
2025-12-17 11:37:09,713 - INFO -   Best: -7.763723
2025-12-17 11:37:09,713 - INFO -   Min: -7.763723
2025-12-17 11:37:09,713 - INFO -   Max: -4.161001
2025-12-17 11:37:09,713 - INFO -   Avg: -6.789277
2025-12-17 11:37:09,714 - INFO -   Std: 0.739980
2025-12-17 11:37:09,773 - INFO - Generation 50
2025-12-17 11:37:09,773 - INFO -   Best: -8.258141
2025-12-17 11:37:09,773 - INFO -   Min: -8.258141
2025-12-17 11:37:09,773 - INFO -   Max: -3.557145
2025-12-17 11:37:09,774 - INFO -   Avg: -6.572144
2025-12-17 11:37:09,774 - INFO -   Std: 0.994820
2025-12-17 11:37:09,833 - INFO - Generation 60
2025-12-17 11:37:09,833 - INFO -   Best: -8.258141
2025-12-17 11:37:09,833 - INFO -   Min: -8.258141
2025-12-17 11:37:09,833 - INFO -   Max: -4.158579
2025-12-17 11:37:09,833 - INFO -   Avg: -6.681747
2025-12-17 11:37:09,834 - INFO -   Std: 1.013937
2025-12-17 11:37:09,892 - INFO - Generation 70
2025-12-17 11:37:09,892 - INFO -   Best: -8.296196
2025-12-17 11:37:09,892 - INFO -   Min: -8.296196
2025-12-17 11:37:09,893 - INFO -   Max: -3.967166
2025-12-17 11:37:09,893 - INFO -   Avg: -6.908093
2025-12-17 11:37:09,893 - INFO -   Std: 1.060701
2025-12-17 11:37:09,952 - INFO - Generation 80
2025-12-17 11:37:09,952 - INFO -   Best: -8.469301
2025-12-17 11:37:09,952 - INFO -   Min: -8.469301
2025-12-17 11:37:09,952 - INFO -   Max: -4.171921
2025-12-17 11:37:09,952 - INFO -   Avg: -6.847171
2025-12-17 11:37:09,952 - INFO -   Std: 0.995918
2025-12-17 11:37:10,010 - INFO - Generation 90
2025-12-17 11:37:10,010 - INFO -   Best: -8.507356
2025-12-17 11:37:10,010 - INFO -   Min: -8.507356
2025-12-17 11:37:10,010 - INFO -   Max: -4.725879
2025-12-17 11:37:10,010 - INFO -   Avg: -7.237008
2025-12-17 11:37:10,010 - INFO -   Std: 0.970832
2025-12-17 11:37:10,072 - INFO - Generation 100
2025-12-17 11:37:10,073 - INFO -   Best: -8.507356
2025-12-17 11:37:10,073 - INFO -   Min: -8.507356
2025-12-17 11:37:10,073 - INFO -   Max: -3.831568
2025-12-17 11:37:10,073 - INFO -   Avg: -7.300828
2025-12-17 11:37:10,073 - INFO -   Std: 0.986061
2025-12-17 11:37:10,141 - INFO - Generation 110
2025-12-17 11:37:10,142 - INFO -   Best: -8.619364
2025-12-17 11:37:10,142 - INFO -   Min: -8.619364
2025-12-17 11:37:10,142 - INFO -   Max: -3.786234
2025-12-17 11:37:10,142 - INFO -   Avg: -7.141747
2025-12-17 11:37:10,142 - INFO -   Std: 1.047605
2025-12-17 11:37:10,205 - INFO - Generation 120
2025-12-17 11:37:10,205 - INFO -   Best: -8.860342
2025-12-17 11:37:10,206 - INFO -   Min: -8.860342
2025-12-17 11:37:10,206 - INFO -   Max: -4.480312
2025-12-17 11:37:10,206 - INFO -   Avg: -7.315605
2025-12-17 11:37:10,206 - INFO -   Std: 0.998129
2025-12-17 11:37:10,266 - INFO - Generation 130
2025-12-17 11:37:10,266 - INFO -   Best: -8.878953
2025-12-17 11:37:10,266 - INFO -   Min: -8.878953
2025-12-17 11:37:10,267 - INFO -   Max: -4.140865
2025-12-17 11:37:10,267 - INFO -   Avg: -7.485318
2025-12-17 11:37:10,267 - INFO -   Std: 1.025688
2025-12-17 11:37:10,323 - INFO - Generation 140
2025-12-17 11:37:10,323 - INFO -   Best: -8.878953
2025-12-17 11:37:10,323 - INFO -   Min: -8.878953
2025-12-17 11:37:10,323 - INFO -   Max: -3.788688
2025-12-17 11:37:10,323 - INFO -   Avg: -7.248107
2025-12-17 11:37:10,324 - INFO -   Std: 1.018887
2025-12-17 11:37:10,379 - INFO - Generation 150
2025-12-17 11:37:10,379 - INFO -   Best: -8.942688
2025-12-17 11:37:10,380 - INFO -   Min: -8.942688
2025-12-17 11:37:10,380 - INFO -   Max: -5.201474
2025-12-17 11:37:10,380 - INFO -   Avg: -7.788330
2025-12-17 11:37:10,380 - INFO -   Std: 0.956029
2025-12-17 11:37:10,438 - INFO - Generation 160
2025-12-17 11:37:10,439 - INFO -   Best: -8.942688
2025-12-17 11:37:10,439 - INFO -   Min: -8.942688
2025-12-17 11:37:10,439 - INFO -   Max: -5.154158
2025-12-17 11:37:10,439 - INFO -   Avg: -7.717821
2025-12-17 11:37:10,439 - INFO -   Std: 0.955745
2025-12-17 11:37:10,503 - INFO - Generation 170
2025-12-17 11:37:10,504 - INFO -   Best: -8.942688
2025-12-17 11:37:10,504 - INFO -   Min: -8.942688
2025-12-17 11:37:10,504 - INFO -   Max: -4.306080
2025-12-17 11:37:10,504 - INFO -   Avg: -7.681117
2025-12-17 11:37:10,504 - INFO -   Std: 0.992278
2025-12-17 11:37:10,562 - INFO - Generation 180
2025-12-17 11:37:10,562 - INFO -   Best: -8.942688
2025-12-17 11:37:10,563 - INFO -   Min: -8.942688
2025-12-17 11:37:10,563 - INFO -   Max: -4.509139
2025-12-17 11:37:10,563 - INFO -   Avg: -7.456563
2025-12-17 11:37:10,563 - INFO -   Std: 1.146350
2025-12-17 11:37:10,621 - INFO - Generation 190
2025-12-17 11:37:10,621 - INFO -   Best: -8.942688
2025-12-17 11:37:10,621 - INFO -   Min: -8.942688
2025-12-17 11:37:10,621 - INFO -   Max: -4.341084
2025-12-17 11:37:10,622 - INFO -   Avg: -7.593912
2025-12-17 11:37:10,622 - INFO -   Std: 1.027937
2025-12-17 11:37:10,681 - INFO - Generation 200
2025-12-17 11:37:10,681 - INFO -   Best: -8.942688
2025-12-17 11:37:10,681 - INFO -   Min: -8.942688
2025-12-17 11:37:10,681 - INFO -   Max: -5.327999
2025-12-17 11:37:10,682 - INFO -   Avg: -7.698405
2025-12-17 11:37:10,682 - INFO -   Std: 0.977960
2025-12-17 11:37:10,685 - INFO - 
Final best fitness: -8.7250935488
2025-12-17 11:37:10,685 - INFO - Execution time: 1.21s
2025-12-17 12:01:39,230 - INFO - Representation: Binary
2025-12-17 12:01:39,230 - INFO - Bits per variable: 12
2025-12-17 12:01:39,230 - INFO - Total genes: 120
2025-12-17 12:01:39,230 - INFO - Function: michalewicz
2025-12-17 12:01:39,230 - INFO - Population size: 100
2025-12-17 12:01:39,230 - INFO - Generations: 200
2025-12-17 12:01:39,230 - INFO - Selection: tournament
2025-12-17 12:01:39,231 - INFO - Crossover: single_point
2025-12-17 12:01:39,231 - INFO - Mutation: random
2025-12-17 12:01:39,231 - INFO - 
2025-12-17 12:01:39,797 - INFO - Generation 10
2025-12-17 12:01:39,797 - INFO -   Best: -5.734048
2025-12-17 12:01:39,798 - INFO -   Min: -5.734048
2025-12-17 12:01:39,798 - INFO -   Max: -0.621719
2025-12-17 12:01:39,798 - INFO -   Avg: -3.174614
2025-12-17 12:01:39,798 - INFO -   Std: 1.050581
2025-12-17 12:01:40,150 - INFO - Generation 20
2025-12-17 12:01:40,150 - INFO -   Best: -6.178881
2025-12-17 12:01:40,150 - INFO -   Min: -6.178881
2025-12-17 12:01:40,150 - INFO -   Max: -0.121523
2025-12-17 12:01:40,151 - INFO -   Avg: -3.273347
2025-12-17 12:01:40,151 - INFO -   Std: 1.231290
2025-12-17 12:01:40,518 - INFO - Generation 30
2025-12-17 12:01:40,518 - INFO -   Best: -6.297428
2025-12-17 12:01:40,518 - INFO -   Min: -6.297428
2025-12-17 12:01:40,519 - INFO -   Max: -0.555674
2025-12-17 12:01:40,519 - INFO -   Avg: -3.150323
2025-12-17 12:01:40,519 - INFO -   Std: 1.098982
2025-12-17 12:01:40,891 - INFO - Generation 40
2025-12-17 12:01:40,891 - INFO -   Best: -6.297428
2025-12-17 12:01:40,891 - INFO -   Min: -6.297428
2025-12-17 12:01:40,891 - INFO -   Max: -0.251191
2025-12-17 12:01:40,892 - INFO -   Avg: -3.231635
2025-12-17 12:01:40,892 - INFO -   Std: 1.185435
2025-12-17 12:01:41,245 - INFO - Generation 50
2025-12-17 12:01:41,245 - INFO -   Best: -6.297428
2025-12-17 12:01:41,246 - INFO -   Min: -6.297428
2025-12-17 12:01:41,246 - INFO -   Max: -0.948639
2025-12-17 12:01:41,246 - INFO -   Avg: -3.486602
2025-12-17 12:01:41,246 - INFO -   Std: 1.155099
2025-12-17 12:01:41,600 - INFO - Generation 60
2025-12-17 12:01:41,600 - INFO -   Best: -6.405104
2025-12-17 12:01:41,600 - INFO -   Min: -6.405104
2025-12-17 12:01:41,600 - INFO -   Max: 0.978658
2025-12-17 12:01:41,601 - INFO -   Avg: -3.228319
2025-12-17 12:01:41,601 - INFO -   Std: 1.380738
2025-12-17 12:01:41,958 - INFO - Generation 70
2025-12-17 12:01:41,959 - INFO -   Best: -6.405104
2025-12-17 12:01:41,959 - INFO -   Min: -6.405104
2025-12-17 12:01:41,959 - INFO -   Max: 1.380487
2025-12-17 12:01:41,959 - INFO -   Avg: -3.342422
2025-12-17 12:01:41,959 - INFO -   Std: 1.262167
2025-12-17 12:01:42,316 - INFO - Generation 80
2025-12-17 12:01:42,316 - INFO -   Best: -6.499206
2025-12-17 12:01:42,316 - INFO -   Min: -6.499206
2025-12-17 12:01:42,317 - INFO -   Max: -0.542891
2025-12-17 12:01:42,317 - INFO -   Avg: -3.529326
2025-12-17 12:01:42,317 - INFO -   Std: 1.075078
2025-12-17 12:01:42,673 - INFO - Generation 90
2025-12-17 12:01:42,673 - INFO -   Best: -6.513330
2025-12-17 12:01:42,673 - INFO -   Min: -6.513330
2025-12-17 12:01:42,673 - INFO -   Max: -0.557230
2025-12-17 12:01:42,673 - INFO -   Avg: -3.259719
2025-12-17 12:01:42,674 - INFO -   Std: 1.320449
2025-12-17 12:01:43,028 - INFO - Generation 100
2025-12-17 12:01:43,028 - INFO -   Best: -7.404187
2025-12-17 12:01:43,028 - INFO -   Min: -7.404187
2025-12-17 12:01:43,029 - INFO -   Max: -0.141484
2025-12-17 12:01:43,029 - INFO -   Avg: -3.462786
2025-12-17 12:01:43,029 - INFO -   Std: 1.346172
2025-12-17 12:01:43,381 - INFO - Generation 110
2025-12-17 12:01:43,381 - INFO -   Best: -7.404187
2025-12-17 12:01:43,381 - INFO -   Min: -7.404187
2025-12-17 12:01:43,381 - INFO -   Max: -0.638222
2025-12-17 12:01:43,381 - INFO -   Avg: -3.550687
2025-12-17 12:01:43,382 - INFO -   Std: 1.258207
2025-12-17 12:01:43,737 - INFO - Generation 120
2025-12-17 12:01:43,737 - INFO -   Best: -7.404187
2025-12-17 12:01:43,737 - INFO -   Min: -7.404187
2025-12-17 12:01:43,738 - INFO -   Max: -1.096150
2025-12-17 12:01:43,738 - INFO -   Avg: -3.681850
2025-12-17 12:01:43,738 - INFO -   Std: 1.359622
2025-12-17 12:01:44,094 - INFO - Generation 130
2025-12-17 12:01:44,094 - INFO -   Best: -7.404187
2025-12-17 12:01:44,094 - INFO -   Min: -7.404187
2025-12-17 12:01:44,094 - INFO -   Max: -0.911838
2025-12-17 12:01:44,094 - INFO -   Avg: -3.118769
2025-12-17 12:01:44,095 - INFO -   Std: 1.150090
2025-12-17 12:01:44,448 - INFO - Generation 140
2025-12-17 12:01:44,448 - INFO -   Best: -7.404187
2025-12-17 12:01:44,448 - INFO -   Min: -7.404187
2025-12-17 12:01:44,448 - INFO -   Max: 0.181891
2025-12-17 12:01:44,448 - INFO -   Avg: -2.617772
2025-12-17 12:01:44,449 - INFO -   Std: 1.417560
2025-12-17 12:01:44,798 - INFO - Generation 150
2025-12-17 12:01:44,799 - INFO -   Best: -7.404187
2025-12-17 12:01:44,799 - INFO -   Min: -7.404187
2025-12-17 12:01:44,799 - INFO -   Max: -0.791207
2025-12-17 12:01:44,799 - INFO -   Avg: -3.515442
2025-12-17 12:01:44,799 - INFO -   Std: 1.331116
2025-12-17 12:01:45,155 - INFO - Generation 160
2025-12-17 12:01:45,155 - INFO -   Best: -7.404187
2025-12-17 12:01:45,156 - INFO -   Min: -7.404187
2025-12-17 12:01:45,156 - INFO -   Max: -0.697887
2025-12-17 12:01:45,156 - INFO -   Avg: -3.229526
2025-12-17 12:01:45,156 - INFO -   Std: 1.148638
2025-12-17 12:01:45,509 - INFO - Generation 170
2025-12-17 12:01:45,509 - INFO -   Best: -7.404187
2025-12-17 12:01:45,509 - INFO -   Min: -7.404187
2025-12-17 12:01:45,509 - INFO -   Max: -0.108040
2025-12-17 12:01:45,509 - INFO -   Avg: -3.136547
2025-12-17 12:01:45,509 - INFO -   Std: 1.402946
2025-12-17 12:01:45,863 - INFO - Generation 180
2025-12-17 12:01:45,863 - INFO -   Best: -7.404187
2025-12-17 12:01:45,864 - INFO -   Min: -7.404187
2025-12-17 12:01:45,864 - INFO -   Max: -1.038366
2025-12-17 12:01:45,864 - INFO -   Avg: -3.516738
2025-12-17 12:01:45,864 - INFO -   Std: 1.234387
2025-12-17 12:01:46,221 - INFO - Generation 190
2025-12-17 12:01:46,221 - INFO -   Best: -7.456960
2025-12-17 12:01:46,222 - INFO -   Min: -7.456960
2025-12-17 12:01:46,222 - INFO -   Max: -0.771055
2025-12-17 12:01:46,222 - INFO -   Avg: -3.283628
2025-12-17 12:01:46,222 - INFO -   Std: 1.313151
2025-12-17 12:01:46,578 - INFO - Generation 200
2025-12-17 12:01:46,578 - INFO -   Best: -7.456960
2025-12-17 12:01:46,578 - INFO -   Min: -7.456960
2025-12-17 12:01:46,579 - INFO -   Max: -0.230859
2025-12-17 12:01:46,579 - INFO -   Avg: -3.286353
2025-12-17 12:01:46,579 - INFO -   Std: 1.441267
2025-12-17 12:01:46,587 - INFO - 
Final best fitness: -7.4569599213
2025-12-17 12:01:46,587 - INFO - Execution time: 7.13s
