2025-12-17 12:07:45,507 - INFO - Representation: Binary
2025-12-17 12:07:45,507 - INFO - Bits per variable: 12
2025-12-17 12:07:45,507 - INFO - Total genes: 24
2025-12-17 12:07:45,507 - INFO - Function: michalewicz
2025-12-17 12:07:45,507 - INFO - Population size: 100
2025-12-17 12:07:45,508 - INFO - Generations: 200
2025-12-17 12:07:45,508 - INFO - Selection: rws
2025-12-17 12:07:45,508 - INFO - Crossover: two_points
2025-12-17 12:07:45,508 - INFO - Mutation: swap
2025-12-17 12:07:45,508 - INFO - 
2025-12-17 12:07:45,621 - INFO - Generation 10
2025-12-17 12:07:45,621 - INFO -   Best: -1.800595
2025-12-17 12:07:45,622 - INFO -   Min: -1.800595
2025-12-17 12:07:45,622 - INFO -   Max: -0.029918
2025-12-17 12:07:45,622 - INFO -   Avg: -1.464873
2025-12-17 12:07:45,622 - INFO -   Std: 0.458715
2025-12-17 12:07:45,683 - INFO - Generation 20
2025-12-17 12:07:45,683 - INFO -   Best: -1.800769
2025-12-17 12:07:45,684 - INFO -   Min: -1.800769
2025-12-17 12:07:45,684 - INFO -   Max: -0.002539
2025-12-17 12:07:45,684 - INFO -   Avg: -1.357483
2025-12-17 12:07:45,684 - INFO -   Std: 0.568885
2025-12-17 12:07:45,747 - INFO - Generation 30
2025-12-17 12:07:45,747 - INFO -   Best: -1.801294
2025-12-17 12:07:45,747 - INFO -   Min: -1.801294
2025-12-17 12:07:45,748 - INFO -   Max: -0.002578
2025-12-17 12:07:45,748 - INFO -   Avg: -1.305412
2025-12-17 12:07:45,748 - INFO -   Std: 0.551979
2025-12-17 12:07:45,816 - INFO - Generation 40
2025-12-17 12:07:45,817 - INFO -   Best: -1.801294
2025-12-17 12:07:45,817 - INFO -   Min: -1.801294
2025-12-17 12:07:45,817 - INFO -   Max: -0.001030
2025-12-17 12:07:45,817 - INFO -   Avg: -1.385330
2025-12-17 12:07:45,817 - INFO -   Std: 0.579398
2025-12-17 12:07:45,883 - INFO - Generation 50
2025-12-17 12:07:45,884 - INFO -   Best: -1.801294
2025-12-17 12:07:45,884 - INFO -   Min: -1.801294
2025-12-17 12:07:45,884 - INFO -   Max: -0.031701
2025-12-17 12:07:45,885 - INFO -   Avg: -1.557923
2025-12-17 12:07:45,885 - INFO -   Std: 0.453479
2025-12-17 12:07:45,952 - INFO - Generation 60
2025-12-17 12:07:45,952 - INFO -   Best: -1.801294
2025-12-17 12:07:45,952 - INFO -   Min: -1.801294
2025-12-17 12:07:45,952 - INFO -   Max: -0.001284
2025-12-17 12:07:45,952 - INFO -   Avg: -1.436219
2025-12-17 12:07:45,953 - INFO -   Std: 0.539462
2025-12-17 12:07:46,019 - INFO - Generation 70
2025-12-17 12:07:46,020 - INFO -   Best: -1.801294
2025-12-17 12:07:46,020 - INFO -   Min: -1.801294
2025-12-17 12:07:46,020 - INFO -   Max: -0.029039
2025-12-17 12:07:46,020 - INFO -   Avg: -1.505839
2025-12-17 12:07:46,020 - INFO -   Std: 0.579685
2025-12-17 12:07:46,081 - INFO - Generation 80
2025-12-17 12:07:46,081 - INFO -   Best: -1.801294
2025-12-17 12:07:46,081 - INFO -   Min: -1.801294
2025-12-17 12:07:46,081 - INFO -   Max: -0.037628
2025-12-17 12:07:46,081 - INFO -   Avg: -1.499313
2025-12-17 12:07:46,082 - INFO -   Std: 0.550393
2025-12-17 12:07:46,137 - INFO - Generation 90
2025-12-17 12:07:46,137 - INFO -   Best: -1.801294
2025-12-17 12:07:46,137 - INFO -   Min: -1.801294
2025-12-17 12:07:46,138 - INFO -   Max: -0.001180
2025-12-17 12:07:46,138 - INFO -   Avg: -1.440860
2025-12-17 12:07:46,138 - INFO -   Std: 0.602982
2025-12-17 12:07:46,194 - INFO - Generation 100
2025-12-17 12:07:46,194 - INFO -   Best: -1.801294
2025-12-17 12:07:46,195 - INFO -   Min: -1.801294
2025-12-17 12:07:46,195 - INFO -   Max: -0.028952
2025-12-17 12:07:46,195 - INFO -   Avg: -1.417028
2025-12-17 12:07:46,195 - INFO -   Std: 0.617287
2025-12-17 12:07:46,252 - INFO - Generation 110
2025-12-17 12:07:46,252 - INFO -   Best: -1.801294
2025-12-17 12:07:46,253 - INFO -   Min: -1.801294
2025-12-17 12:07:46,253 - INFO -   Max: -0.028959
2025-12-17 12:07:46,253 - INFO -   Avg: -1.457746
2025-12-17 12:07:46,253 - INFO -   Std: 0.589118
2025-12-17 12:07:46,313 - INFO - Generation 120
2025-12-17 12:07:46,313 - INFO -   Best: -1.801294
2025-12-17 12:07:46,313 - INFO -   Min: -1.801294
2025-12-17 12:07:46,313 - INFO -   Max: -0.001084
2025-12-17 12:07:46,314 - INFO -   Avg: -1.381120
2025-12-17 12:07:46,314 - INFO -   Std: 0.590478
2025-12-17 12:07:46,375 - INFO - Generation 130
2025-12-17 12:07:46,375 - INFO -   Best: -1.801294
2025-12-17 12:07:46,375 - INFO -   Min: -1.801294
2025-12-17 12:07:46,375 - INFO -   Max: -0.001120
2025-12-17 12:07:46,375 - INFO -   Avg: -1.341319
2025-12-17 12:07:46,376 - INFO -   Std: 0.615135
2025-12-17 12:07:46,437 - INFO - Generation 140
2025-12-17 12:07:46,437 - INFO -   Best: -1.801294
2025-12-17 12:07:46,438 - INFO -   Min: -1.801294
2025-12-17 12:07:46,438 - INFO -   Max: -0.001813
2025-12-17 12:07:46,438 - INFO -   Avg: -1.383357
2025-12-17 12:07:46,438 - INFO -   Std: 0.638104
2025-12-17 12:07:46,496 - INFO - Generation 150
2025-12-17 12:07:46,496 - INFO -   Best: -1.801294
2025-12-17 12:07:46,497 - INFO -   Min: -1.801294
2025-12-17 12:07:46,497 - INFO -   Max: -0.028944
2025-12-17 12:07:46,497 - INFO -   Avg: -1.412019
2025-12-17 12:07:46,497 - INFO -   Std: 0.619860
2025-12-17 12:07:46,554 - INFO - Generation 160
2025-12-17 12:07:46,554 - INFO -   Best: -1.801294
2025-12-17 12:07:46,554 - INFO -   Min: -1.801294
2025-12-17 12:07:46,554 - INFO -   Max: -0.002021
2025-12-17 12:07:46,555 - INFO -   Avg: -1.433054
2025-12-17 12:07:46,555 - INFO -   Std: 0.582596
2025-12-17 12:07:46,610 - INFO - Generation 170
2025-12-17 12:07:46,610 - INFO -   Best: -1.801294
2025-12-17 12:07:46,610 - INFO -   Min: -1.801294
2025-12-17 12:07:46,610 - INFO -   Max: -0.028944
2025-12-17 12:07:46,611 - INFO -   Avg: -1.463561
2025-12-17 12:07:46,611 - INFO -   Std: 0.580098
2025-12-17 12:07:46,668 - INFO - Generation 180
2025-12-17 12:07:46,668 - INFO -   Best: -1.801294
2025-12-17 12:07:46,668 - INFO -   Min: -1.801294
2025-12-17 12:07:46,668 - INFO -   Max: -0.037565
2025-12-17 12:07:46,669 - INFO -   Avg: -1.379443
2025-12-17 12:07:46,669 - INFO -   Std: 0.596749
2025-12-17 12:07:46,728 - INFO - Generation 190
2025-12-17 12:07:46,729 - INFO -   Best: -1.801294
2025-12-17 12:07:46,729 - INFO -   Min: -1.801294
2025-12-17 12:07:46,729 - INFO -   Max: -0.002263
2025-12-17 12:07:46,729 - INFO -   Avg: -1.401919
2025-12-17 12:07:46,729 - INFO -   Std: 0.566876
2025-12-17 12:07:46,787 - INFO - Generation 200
2025-12-17 12:07:46,788 - INFO -   Best: -1.801294
2025-12-17 12:07:46,788 - INFO -   Min: -1.801294
2025-12-17 12:07:46,788 - INFO -   Max: -0.034517
2025-12-17 12:07:46,788 - INFO -   Avg: -1.517033
2025-12-17 12:07:46,788 - INFO -   Std: 0.564211
2025-12-17 12:07:46,793 - INFO - 
Final best fitness: -1.8007692833
2025-12-17 12:07:46,793 - INFO - Execution time: 1.23s
