2025-12-17 12:23:02,688 - INFO - Representation: Real
2025-12-17 12:23:02,689 - INFO - Number of genes: 10
2025-12-17 12:23:02,689 - INFO - Bounds: [0, 3.141592653589793]
2025-12-17 12:23:02,689 - INFO - Function: michalewicz
2025-12-17 12:23:02,689 - INFO - Population size: 100
2025-12-17 12:23:02,689 - INFO - Generations: 200
2025-12-17 12:23:02,689 - INFO - Selection: rws
2025-12-17 12:23:02,690 - INFO - Crossover: two_points
2025-12-17 12:23:02,690 - INFO - Mutation: swap
2025-12-17 12:23:02,690 - INFO - 
2025-12-17 12:23:02,754 - INFO - Generation 10
2025-12-17 12:23:02,755 - INFO -   Best: -7.255247
2025-12-17 12:23:02,755 - INFO -   Min: -7.255247
2025-12-17 12:23:02,755 - INFO -   Max: -0.751158
2025-12-17 12:23:02,755 - INFO -   Avg: -3.618679
2025-12-17 12:23:02,755 - INFO -   Std: 1.129977
2025-12-17 12:23:02,809 - INFO - Generation 20
2025-12-17 12:23:02,809 - INFO -   Best: -7.255247
2025-12-17 12:23:02,809 - INFO -   Min: -7.255247
2025-12-17 12:23:02,810 - INFO -   Max: -2.093407
2025-12-17 12:23:02,810 - INFO -   Avg: -4.385551
2025-12-17 12:23:02,810 - INFO -   Std: 0.993904
2025-12-17 12:23:02,863 - INFO - Generation 30
2025-12-17 12:23:02,863 - INFO -   Best: -7.255247
2025-12-17 12:23:02,863 - INFO -   Min: -7.255247
2025-12-17 12:23:02,864 - INFO -   Max: -2.048582
2025-12-17 12:23:02,864 - INFO -   Avg: -4.974934
2025-12-17 12:23:02,864 - INFO -   Std: 1.061396
2025-12-17 12:23:02,916 - INFO - Generation 40
2025-12-17 12:23:02,916 - INFO -   Best: -7.255247
2025-12-17 12:23:02,916 - INFO -   Min: -7.255247
2025-12-17 12:23:02,916 - INFO -   Max: -2.270983
2025-12-17 12:23:02,916 - INFO -   Avg: -5.236878
2025-12-17 12:23:02,917 - INFO -   Std: 0.983160
2025-12-17 12:23:02,967 - INFO - Generation 50
2025-12-17 12:23:02,968 - INFO -   Best: -7.255247
2025-12-17 12:23:02,968 - INFO -   Min: -7.255247
2025-12-17 12:23:02,968 - INFO -   Max: -3.213559
2025-12-17 12:23:02,968 - INFO -   Avg: -5.322602
2025-12-17 12:23:02,968 - INFO -   Std: 0.972192
2025-12-17 12:23:03,021 - INFO - Generation 60
2025-12-17 12:23:03,022 - INFO -   Best: -7.368985
2025-12-17 12:23:03,022 - INFO -   Min: -7.368985
2025-12-17 12:23:03,022 - INFO -   Max: -3.579288
2025-12-17 12:23:03,022 - INFO -   Avg: -5.150905
2025-12-17 12:23:03,022 - INFO -   Std: 0.840370
2025-12-17 12:23:03,074 - INFO - Generation 70
2025-12-17 12:23:03,074 - INFO -   Best: -7.368985
2025-12-17 12:23:03,074 - INFO -   Min: -7.368985
2025-12-17 12:23:03,074 - INFO -   Max: -2.453095
2025-12-17 12:23:03,074 - INFO -   Avg: -4.980637
2025-12-17 12:23:03,075 - INFO -   Std: 0.974973
2025-12-17 12:23:03,127 - INFO - Generation 80
2025-12-17 12:23:03,127 - INFO -   Best: -7.368985
2025-12-17 12:23:03,127 - INFO -   Min: -7.368985
2025-12-17 12:23:03,127 - INFO -   Max: -2.006701
2025-12-17 12:23:03,127 - INFO -   Avg: -4.965800
2025-12-17 12:23:03,128 - INFO -   Std: 1.001742
2025-12-17 12:23:03,178 - INFO - Generation 90
2025-12-17 12:23:03,178 - INFO -   Best: -7.368985
2025-12-17 12:23:03,178 - INFO -   Min: -7.368985
2025-12-17 12:23:03,178 - INFO -   Max: -1.779211
2025-12-17 12:23:03,179 - INFO -   Avg: -4.888336
2025-12-17 12:23:03,179 - INFO -   Std: 1.110769
2025-12-17 12:23:03,229 - INFO - Generation 100
2025-12-17 12:23:03,229 - INFO -   Best: -7.368985
2025-12-17 12:23:03,230 - INFO -   Min: -7.368985
2025-12-17 12:23:03,230 - INFO -   Max: -2.147634
2025-12-17 12:23:03,230 - INFO -   Avg: -4.770567
2025-12-17 12:23:03,230 - INFO -   Std: 1.148806
2025-12-17 12:23:03,284 - INFO - Generation 110
2025-12-17 12:23:03,284 - INFO -   Best: -7.368985
2025-12-17 12:23:03,284 - INFO -   Min: -7.368985
2025-12-17 12:23:03,284 - INFO -   Max: -2.301936
2025-12-17 12:23:03,284 - INFO -   Avg: -5.070488
2025-12-17 12:23:03,284 - INFO -   Std: 1.136433
2025-12-17 12:23:03,337 - INFO - Generation 120
2025-12-17 12:23:03,337 - INFO -   Best: -7.368985
2025-12-17 12:23:03,337 - INFO -   Min: -7.368985
2025-12-17 12:23:03,337 - INFO -   Max: -2.442868
2025-12-17 12:23:03,337 - INFO -   Avg: -4.936351
2025-12-17 12:23:03,337 - INFO -   Std: 1.057580
2025-12-17 12:23:03,390 - INFO - Generation 130
2025-12-17 12:23:03,390 - INFO -   Best: -7.368985
2025-12-17 12:23:03,390 - INFO -   Min: -7.368985
2025-12-17 12:23:03,390 - INFO -   Max: -2.414145
2025-12-17 12:23:03,390 - INFO -   Avg: -4.984856
2025-12-17 12:23:03,390 - INFO -   Std: 1.156936
2025-12-17 12:23:03,441 - INFO - Generation 140
2025-12-17 12:23:03,441 - INFO -   Best: -7.368985
2025-12-17 12:23:03,441 - INFO -   Min: -7.368985
2025-12-17 12:23:03,441 - INFO -   Max: -1.236189
2025-12-17 12:23:03,441 - INFO -   Avg: -4.816993
2025-12-17 12:23:03,441 - INFO -   Std: 1.078757
2025-12-17 12:23:03,493 - INFO - Generation 150
2025-12-17 12:23:03,493 - INFO -   Best: -7.368985
2025-12-17 12:23:03,493 - INFO -   Min: -7.368985
2025-12-17 12:23:03,493 - INFO -   Max: -3.041167
2025-12-17 12:23:03,493 - INFO -   Avg: -5.000926
2025-12-17 12:23:03,493 - INFO -   Std: 0.909369
2025-12-17 12:23:03,548 - INFO - Generation 160
2025-12-17 12:23:03,548 - INFO -   Best: -7.368985
2025-12-17 12:23:03,548 - INFO -   Min: -7.368985
2025-12-17 12:23:03,549 - INFO -   Max: -2.110658
2025-12-17 12:23:03,549 - INFO -   Avg: -4.842493
2025-12-17 12:23:03,549 - INFO -   Std: 1.128702
2025-12-17 12:23:03,600 - INFO - Generation 170
2025-12-17 12:23:03,600 - INFO -   Best: -7.368985
2025-12-17 12:23:03,601 - INFO -   Min: -7.368985
2025-12-17 12:23:03,601 - INFO -   Max: -1.661934
2025-12-17 12:23:03,601 - INFO -   Avg: -4.795621
2025-12-17 12:23:03,601 - INFO -   Std: 1.165470
2025-12-17 12:23:03,655 - INFO - Generation 180
2025-12-17 12:23:03,655 - INFO -   Best: -7.368985
2025-12-17 12:23:03,655 - INFO -   Min: -7.368985
2025-12-17 12:23:03,656 - INFO -   Max: -1.661934
2025-12-17 12:23:03,656 - INFO -   Avg: -4.901379
2025-12-17 12:23:03,656 - INFO -   Std: 1.080687
2025-12-17 12:23:03,709 - INFO - Generation 190
2025-12-17 12:23:03,709 - INFO -   Best: -7.368985
2025-12-17 12:23:03,710 - INFO -   Min: -7.368985
2025-12-17 12:23:03,710 - INFO -   Max: -1.549724
2025-12-17 12:23:03,710 - INFO -   Avg: -4.973501
2025-12-17 12:23:03,710 - INFO -   Std: 1.020383
2025-12-17 12:23:03,765 - INFO - Generation 200
2025-12-17 12:23:03,766 - INFO -   Best: -7.368985
2025-12-17 12:23:03,766 - INFO -   Min: -7.368985
2025-12-17 12:23:03,766 - INFO -   Max: -2.919237
2025-12-17 12:23:03,766 - INFO -   Avg: -5.198559
2025-12-17 12:23:03,766 - INFO -   Std: 0.971338
2025-12-17 12:23:03,770 - INFO - 
Final best fitness: -7.3689848298
2025-12-17 12:23:03,770 - INFO - Execution time: 1.07s
