2025-12-17 12:24:07,580 - INFO - Representation: Real
2025-12-17 12:24:07,580 - INFO - Number of genes: 2
2025-12-17 12:24:07,581 - INFO - Bounds: [0, 3.141592653589793]
2025-12-17 12:24:07,581 - INFO - Function: michalewicz
2025-12-17 12:24:07,581 - INFO - Population size: 100
2025-12-17 12:24:07,581 - INFO - Generations: 200
2025-12-17 12:24:07,581 - INFO - Selection: rws
2025-12-17 12:24:07,581 - INFO - Crossover: two_points
2025-12-17 12:24:07,582 - INFO - Mutation: swap
2025-12-17 12:24:07,582 - INFO - 
2025-12-17 12:24:07,640 - INFO - Generation 10
2025-12-17 12:24:07,641 - INFO -   Best: -1.799836
2025-12-17 12:24:07,641 - INFO -   Min: -1.799836
2025-12-17 12:24:07,641 - INFO -   Max: -0.440803
2025-12-17 12:24:07,641 - INFO -   Avg: -0.733465
2025-12-17 12:24:07,642 - INFO -   Std: 0.207334
2025-12-17 12:24:07,685 - INFO - Generation 20
2025-12-17 12:24:07,686 - INFO -   Best: -1.799836
2025-12-17 12:24:07,686 - INFO -   Min: -1.799836
2025-12-17 12:24:07,686 - INFO -   Max: -0.000872
2025-12-17 12:24:07,686 - INFO -   Avg: -0.780569
2025-12-17 12:24:07,687 - INFO -   Std: 0.212711
2025-12-17 12:24:07,731 - INFO - Generation 30
2025-12-17 12:24:07,731 - INFO -   Best: -1.799836
2025-12-17 12:24:07,732 - INFO -   Min: -1.799836
2025-12-17 12:24:07,732 - INFO -   Max: -0.000872
2025-12-17 12:24:07,732 - INFO -   Avg: -0.761820
2025-12-17 12:24:07,732 - INFO -   Std: 0.251477
2025-12-17 12:24:07,776 - INFO - Generation 40
2025-12-17 12:24:07,776 - INFO -   Best: -1.799836
2025-12-17 12:24:07,776 - INFO -   Min: -1.799836
2025-12-17 12:24:07,777 - INFO -   Max: -0.000872
2025-12-17 12:24:07,777 - INFO -   Avg: -0.778245
2025-12-17 12:24:07,777 - INFO -   Std: 0.226822
2025-12-17 12:24:07,816 - INFO - Generation 50
2025-12-17 12:24:07,817 - INFO -   Best: -1.799836
2025-12-17 12:24:07,817 - INFO -   Min: -1.799836
2025-12-17 12:24:07,817 - INFO -   Max: -0.000872
2025-12-17 12:24:07,817 - INFO -   Avg: -0.763909
2025-12-17 12:24:07,817 - INFO -   Std: 0.251715
2025-12-17 12:24:07,859 - INFO - Generation 60
2025-12-17 12:24:07,860 - INFO -   Best: -1.799836
2025-12-17 12:24:07,860 - INFO -   Min: -1.799836
2025-12-17 12:24:07,860 - INFO -   Max: -0.000872
2025-12-17 12:24:07,860 - INFO -   Avg: -0.755918
2025-12-17 12:24:07,860 - INFO -   Std: 0.262884
2025-12-17 12:24:07,903 - INFO - Generation 70
2025-12-17 12:24:07,903 - INFO -   Best: -1.799836
2025-12-17 12:24:07,903 - INFO -   Min: -1.799836
2025-12-17 12:24:07,903 - INFO -   Max: -0.000986
2025-12-17 12:24:07,903 - INFO -   Avg: -0.803855
2025-12-17 12:24:07,904 - INFO -   Std: 0.180892
2025-12-17 12:24:07,944 - INFO - Generation 80
2025-12-17 12:24:07,944 - INFO -   Best: -1.799836
2025-12-17 12:24:07,944 - INFO -   Min: -1.799836
2025-12-17 12:24:07,945 - INFO -   Max: -0.000872
2025-12-17 12:24:07,945 - INFO -   Avg: -0.755914
2025-12-17 12:24:07,945 - INFO -   Std: 0.262894
2025-12-17 12:24:07,985 - INFO - Generation 90
2025-12-17 12:24:07,985 - INFO -   Best: -1.799836
2025-12-17 12:24:07,985 - INFO -   Min: -1.799836
2025-12-17 12:24:07,986 - INFO -   Max: -0.000986
2025-12-17 12:24:07,986 - INFO -   Avg: -0.803855
2025-12-17 12:24:07,986 - INFO -   Std: 0.180892
2025-12-17 12:24:08,025 - INFO - Generation 100
2025-12-17 12:24:08,025 - INFO -   Best: -1.799836
2025-12-17 12:24:08,026 - INFO -   Min: -1.799836
2025-12-17 12:24:08,026 - INFO -   Max: -0.000872
2025-12-17 12:24:08,026 - INFO -   Avg: -0.723962
2025-12-17 12:24:08,026 - INFO -   Std: 0.301344
2025-12-17 12:24:08,066 - INFO - Generation 110
2025-12-17 12:24:08,066 - INFO -   Best: -1.799836
2025-12-17 12:24:08,067 - INFO -   Min: -1.799836
2025-12-17 12:24:08,067 - INFO -   Max: -0.000986
2025-12-17 12:24:08,067 - INFO -   Avg: -0.795866
2025-12-17 12:24:08,067 - INFO -   Std: 0.197747
2025-12-17 12:24:08,107 - INFO - Generation 120
2025-12-17 12:24:08,107 - INFO -   Best: -1.799836
2025-12-17 12:24:08,107 - INFO -   Min: -1.799836
2025-12-17 12:24:08,107 - INFO -   Max: -0.000872
2025-12-17 12:24:08,107 - INFO -   Avg: -0.771896
2025-12-17 12:24:08,108 - INFO -   Std: 0.239773
2025-12-17 12:24:08,149 - INFO - Generation 130
2025-12-17 12:24:08,150 - INFO -   Best: -1.799836
2025-12-17 12:24:08,150 - INFO -   Min: -1.799836
2025-12-17 12:24:08,150 - INFO -   Max: -0.799845
2025-12-17 12:24:08,150 - INFO -   Avg: -0.819832
2025-12-17 12:24:08,150 - INFO -   Std: 0.139910
2025-12-17 12:24:08,190 - INFO - Generation 140
2025-12-17 12:24:08,190 - INFO -   Best: -1.799836
2025-12-17 12:24:08,190 - INFO -   Min: -1.799836
2025-12-17 12:24:08,190 - INFO -   Max: -0.000872
2025-12-17 12:24:08,191 - INFO -   Avg: -0.739939
2025-12-17 12:24:08,191 - INFO -   Std: 0.283221
2025-12-17 12:24:08,230 - INFO - Generation 150
2025-12-17 12:24:08,231 - INFO -   Best: -1.799836
2025-12-17 12:24:08,231 - INFO -   Min: -1.799836
2025-12-17 12:24:08,231 - INFO -   Max: -0.000872
2025-12-17 12:24:08,231 - INFO -   Avg: -0.747930
2025-12-17 12:24:08,231 - INFO -   Std: 0.273354
2025-12-17 12:24:08,273 - INFO - Generation 160
2025-12-17 12:24:08,273 - INFO -   Best: -1.799836
2025-12-17 12:24:08,274 - INFO -   Min: -1.799836
2025-12-17 12:24:08,274 - INFO -   Max: -0.000986
2025-12-17 12:24:08,274 - INFO -   Avg: -0.811844
2025-12-17 12:24:08,275 - INFO -   Std: 0.161902
2025-12-17 12:24:08,330 - INFO - Generation 170
2025-12-17 12:24:08,330 - INFO -   Best: -1.799836
2025-12-17 12:24:08,331 - INFO -   Min: -1.799836
2025-12-17 12:24:08,331 - INFO -   Max: -0.000872
2025-12-17 12:24:08,331 - INFO -   Avg: -0.763909
2025-12-17 12:24:08,331 - INFO -   Std: 0.251715
2025-12-17 12:24:08,373 - INFO - Generation 180
2025-12-17 12:24:08,373 - INFO -   Best: -1.799836
2025-12-17 12:24:08,374 - INFO -   Min: -1.799836
2025-12-17 12:24:08,374 - INFO -   Max: -0.000986
2025-12-17 12:24:08,374 - INFO -   Avg: -0.787878
2025-12-17 12:24:08,374 - INFO -   Std: 0.212974
2025-12-17 12:24:08,414 - INFO - Generation 190
2025-12-17 12:24:08,415 - INFO -   Best: -1.799836
2025-12-17 12:24:08,415 - INFO -   Min: -1.799836
2025-12-17 12:24:08,415 - INFO -   Max: -0.000986
2025-12-17 12:24:08,415 - INFO -   Avg: -0.811844
2025-12-17 12:24:08,415 - INFO -   Std: 0.161902
2025-12-17 12:24:08,458 - INFO - Generation 200
2025-12-17 12:24:08,458 - INFO -   Best: -1.799836
2025-12-17 12:24:08,458 - INFO -   Min: -1.799836
2025-12-17 12:24:08,458 - INFO -   Max: -0.000872
2025-12-17 12:24:08,458 - INFO -   Avg: -0.787877
2025-12-17 12:24:08,459 - INFO -   Std: 0.212979
2025-12-17 12:24:08,465 - INFO - 
Final best fitness: -1.7998357266
2025-12-17 12:24:08,466 - INFO - Execution time: 0.87s
