2025-12-17 11:42:25,046 - INFO - Representation: Real
2025-12-17 11:42:25,047 - INFO - Number of genes: 10
2025-12-17 11:42:25,047 - INFO - Bounds: [-100, 100]
2025-12-17 11:42:25,047 - INFO - Function: f16_2014
2025-12-17 11:42:25,047 - INFO - Population size: 100
2025-12-17 11:42:25,047 - INFO - Generations: 200
2025-12-17 11:42:25,047 - INFO - Selection: tournament
2025-12-17 11:42:25,047 - INFO - Crossover: single_point
2025-12-17 11:42:25,048 - INFO - Mutation: random
2025-12-17 11:42:25,048 - INFO - 
2025-12-17 11:42:25,239 - INFO - Generation 10
2025-12-17 11:42:25,239 - INFO -   Best: 1603.412215
2025-12-17 11:42:25,240 - INFO -   Min: 1603.412215
2025-12-17 11:42:25,240 - INFO -   Max: 1605.714477
2025-12-17 11:42:25,240 - INFO -   Avg: 1604.874005
2025-12-17 11:42:25,240 - INFO -   Std: 0.410663
2025-12-17 11:42:25,392 - INFO - Generation 20
2025-12-17 11:42:25,392 - INFO -   Best: 1603.248940
2025-12-17 11:42:25,392 - INFO -   Min: 1603.248940
2025-12-17 11:42:25,392 - INFO -   Max: 1606.061876
2025-12-17 11:42:25,393 - INFO -   Avg: 1604.550454
2025-12-17 11:42:25,393 - INFO -   Std: 0.599513
2025-12-17 11:42:25,530 - INFO - Generation 30
2025-12-17 11:42:25,531 - INFO -   Best: 1603.181588
2025-12-17 11:42:25,531 - INFO -   Min: 1603.181588
2025-12-17 11:42:25,531 - INFO -   Max: 1605.777819
2025-12-17 11:42:25,531 - INFO -   Avg: 1604.197711
2025-12-17 11:42:25,531 - INFO -   Std: 0.722037
2025-12-17 11:42:25,665 - INFO - Generation 40
2025-12-17 11:42:25,666 - INFO -   Best: 1603.158232
2025-12-17 11:42:25,666 - INFO -   Min: 1603.158232
2025-12-17 11:42:25,666 - INFO -   Max: 1605.742828
2025-12-17 11:42:25,666 - INFO -   Avg: 1604.191563
2025-12-17 11:42:25,666 - INFO -   Std: 0.713441
2025-12-17 11:42:25,798 - INFO - Generation 50
2025-12-17 11:42:25,798 - INFO -   Best: 1603.036309
2025-12-17 11:42:25,799 - INFO -   Min: 1603.036309
2025-12-17 11:42:25,799 - INFO -   Max: 1605.449213
2025-12-17 11:42:25,799 - INFO -   Avg: 1604.073957
2025-12-17 11:42:25,799 - INFO -   Std: 0.700244
2025-12-17 11:42:25,936 - INFO - Generation 60
2025-12-17 11:42:25,937 - INFO -   Best: 1602.952340
2025-12-17 11:42:25,937 - INFO -   Min: 1602.952340
2025-12-17 11:42:25,937 - INFO -   Max: 1606.059363
2025-12-17 11:42:25,937 - INFO -   Avg: 1604.302460
2025-12-17 11:42:25,937 - INFO -   Std: 0.823180
2025-12-17 11:42:26,073 - INFO - Generation 70
2025-12-17 11:42:26,073 - INFO -   Best: 1602.952340
2025-12-17 11:42:26,074 - INFO -   Min: 1602.952340
2025-12-17 11:42:26,074 - INFO -   Max: 1605.907329
2025-12-17 11:42:26,074 - INFO -   Avg: 1604.290289
2025-12-17 11:42:26,074 - INFO -   Std: 0.707197
2025-12-17 11:42:26,217 - INFO - Generation 80
2025-12-17 11:42:26,217 - INFO -   Best: 1602.821645
2025-12-17 11:42:26,217 - INFO -   Min: 1602.821645
2025-12-17 11:42:26,218 - INFO -   Max: 1605.641821
2025-12-17 11:42:26,218 - INFO -   Avg: 1604.272544
2025-12-17 11:42:26,218 - INFO -   Std: 0.696810
2025-12-17 11:42:26,357 - INFO - Generation 90
2025-12-17 11:42:26,357 - INFO -   Best: 1602.362696
2025-12-17 11:42:26,358 - INFO -   Min: 1602.362696
2025-12-17 11:42:26,358 - INFO -   Max: 1606.149992
2025-12-17 11:42:26,358 - INFO -   Avg: 1604.332477
2025-12-17 11:42:26,358 - INFO -   Std: 0.762816
2025-12-17 11:42:26,499 - INFO - Generation 100
2025-12-17 11:42:26,499 - INFO -   Best: 1602.362696
2025-12-17 11:42:26,499 - INFO -   Min: 1602.362696
2025-12-17 11:42:26,500 - INFO -   Max: 1605.585352
2025-12-17 11:42:26,500 - INFO -   Avg: 1604.150063
2025-12-17 11:42:26,500 - INFO -   Std: 0.898382
2025-12-17 11:42:26,638 - INFO - Generation 110
2025-12-17 11:42:26,639 - INFO -   Best: 1602.362696
2025-12-17 11:42:26,639 - INFO -   Min: 1602.362696
2025-12-17 11:42:26,639 - INFO -   Max: 1605.615747
2025-12-17 11:42:26,639 - INFO -   Avg: 1604.186598
2025-12-17 11:42:26,639 - INFO -   Std: 0.767073
2025-12-17 11:42:26,771 - INFO - Generation 120
2025-12-17 11:42:26,772 - INFO -   Best: 1602.362696
2025-12-17 11:42:26,772 - INFO -   Min: 1602.362696
2025-12-17 11:42:26,772 - INFO -   Max: 1606.298327
2025-12-17 11:42:26,772 - INFO -   Avg: 1603.827290
2025-12-17 11:42:26,772 - INFO -   Std: 0.854187
2025-12-17 11:42:26,901 - INFO - Generation 130
2025-12-17 11:42:26,902 - INFO -   Best: 1602.362696
2025-12-17 11:42:26,902 - INFO -   Min: 1602.362696
2025-12-17 11:42:26,902 - INFO -   Max: 1606.547821
2025-12-17 11:42:26,902 - INFO -   Avg: 1603.878970
2025-12-17 11:42:26,902 - INFO -   Std: 1.092816
2025-12-17 11:42:27,026 - INFO - Generation 140
2025-12-17 11:42:27,026 - INFO -   Best: 1602.360334
2025-12-17 11:42:27,026 - INFO -   Min: 1602.360334
2025-12-17 11:42:27,026 - INFO -   Max: 1605.895604
2025-12-17 11:42:27,027 - INFO -   Avg: 1603.717864
2025-12-17 11:42:27,027 - INFO -   Std: 0.914269
2025-12-17 11:42:27,154 - INFO - Generation 150
2025-12-17 11:42:27,155 - INFO -   Best: 1602.325291
2025-12-17 11:42:27,155 - INFO -   Min: 1602.325291
2025-12-17 11:42:27,155 - INFO -   Max: 1605.801658
2025-12-17 11:42:27,155 - INFO -   Avg: 1603.933688
2025-12-17 11:42:27,155 - INFO -   Std: 0.940720
2025-12-17 11:42:27,291 - INFO - Generation 160
2025-12-17 11:42:27,292 - INFO -   Best: 1602.325291
2025-12-17 11:42:27,292 - INFO -   Min: 1602.325291
2025-12-17 11:42:27,292 - INFO -   Max: 1606.088088
2025-12-17 11:42:27,292 - INFO -   Avg: 1604.102284
2025-12-17 11:42:27,292 - INFO -   Std: 0.946191
2025-12-17 11:42:27,422 - INFO - Generation 170
2025-12-17 11:42:27,422 - INFO -   Best: 1602.325291
2025-12-17 11:42:27,422 - INFO -   Min: 1602.325291
2025-12-17 11:42:27,423 - INFO -   Max: 1606.341566
2025-12-17 11:42:27,423 - INFO -   Avg: 1604.071315
2025-12-17 11:42:27,423 - INFO -   Std: 0.970441
2025-12-17 11:42:27,554 - INFO - Generation 180
2025-12-17 11:42:27,554 - INFO -   Best: 1602.325291
2025-12-17 11:42:27,555 - INFO -   Min: 1602.325291
2025-12-17 11:42:27,555 - INFO -   Max: 1606.185634
2025-12-17 11:42:27,555 - INFO -   Avg: 1604.107257
2025-12-17 11:42:27,555 - INFO -   Std: 0.903512
2025-12-17 11:42:27,684 - INFO - Generation 190
2025-12-17 11:42:27,685 - INFO -   Best: 1602.313216
2025-12-17 11:42:27,685 - INFO -   Min: 1602.313216
2025-12-17 11:42:27,685 - INFO -   Max: 1605.475778
2025-12-17 11:42:27,685 - INFO -   Avg: 1603.907088
2025-12-17 11:42:27,685 - INFO -   Std: 0.971274
2025-12-17 11:42:27,816 - INFO - Generation 200
2025-12-17 11:42:27,816 - INFO -   Best: 1602.303506
2025-12-17 11:42:27,816 - INFO -   Min: 1602.303506
2025-12-17 11:42:27,816 - INFO -   Max: 1606.113051
2025-12-17 11:42:27,816 - INFO -   Avg: 1603.694881
2025-12-17 11:42:27,817 - INFO -   Std: 1.013455
2025-12-17 11:42:27,826 - INFO - 
Final best fitness: 1602.3035057595
2025-12-17 11:42:27,826 - INFO - Execution time: 2.75s
2025-12-17 11:58:30,253 - INFO - Representation: Binary
2025-12-17 11:58:30,253 - INFO - Bits per variable: 12
2025-12-17 11:58:30,253 - INFO - Total genes: 120
2025-12-17 11:58:30,254 - INFO - Function: f16_2014
2025-12-17 11:58:30,254 - INFO - Population size: 100
2025-12-17 11:58:30,254 - INFO - Generations: 200
2025-12-17 11:58:30,255 - INFO - Selection: tournament
2025-12-17 11:58:30,255 - INFO - Crossover: single_point
2025-12-17 11:58:30,255 - INFO - Mutation: random
2025-12-17 11:58:30,255 - INFO - 
2025-12-17 11:58:30,968 - INFO - Generation 10
2025-12-17 11:58:30,968 - INFO -   Best: 1603.972757
2025-12-17 11:58:30,969 - INFO -   Min: 1603.972757
2025-12-17 11:58:30,969 - INFO -   Max: 1605.437237
2025-12-17 11:58:30,969 - INFO -   Avg: 1604.973821
2025-12-17 11:58:30,969 - INFO -   Std: 0.170787
2025-12-17 11:58:31,439 - INFO - Generation 20
2025-12-17 11:58:31,439 - INFO -   Best: 1603.972757
2025-12-17 11:58:31,439 - INFO -   Min: 1603.972757
2025-12-17 11:58:31,440 - INFO -   Max: 1605.389642
2025-12-17 11:58:31,440 - INFO -   Avg: 1604.945127
2025-12-17 11:58:31,440 - INFO -   Std: 0.215868
2025-12-17 11:58:31,919 - INFO - Generation 30
2025-12-17 11:58:31,919 - INFO -   Best: 1603.972757
2025-12-17 11:58:31,919 - INFO -   Min: 1603.972757
2025-12-17 11:58:31,919 - INFO -   Max: 1605.518652
2025-12-17 11:58:31,920 - INFO -   Avg: 1604.942002
2025-12-17 11:58:31,920 - INFO -   Std: 0.250414
2025-12-17 11:58:32,379 - INFO - Generation 40
2025-12-17 11:58:32,379 - INFO -   Best: 1603.972757
2025-12-17 11:58:32,379 - INFO -   Min: 1603.972757
2025-12-17 11:58:32,380 - INFO -   Max: 1605.556054
2025-12-17 11:58:32,380 - INFO -   Avg: 1604.973587
2025-12-17 11:58:32,380 - INFO -   Std: 0.212532
2025-12-17 11:58:32,834 - INFO - Generation 50
2025-12-17 11:58:32,834 - INFO -   Best: 1603.972757
2025-12-17 11:58:32,834 - INFO -   Min: 1603.972757
2025-12-17 11:58:32,834 - INFO -   Max: 1605.477242
2025-12-17 11:58:32,835 - INFO -   Avg: 1604.966188
2025-12-17 11:58:32,835 - INFO -   Std: 0.184881
2025-12-17 11:58:33,291 - INFO - Generation 60
2025-12-17 11:58:33,291 - INFO -   Best: 1603.972757
2025-12-17 11:58:33,292 - INFO -   Min: 1603.972757
2025-12-17 11:58:33,292 - INFO -   Max: 1605.220432
2025-12-17 11:58:33,292 - INFO -   Avg: 1604.947135
2025-12-17 11:58:33,292 - INFO -   Std: 0.225068
2025-12-17 11:58:33,749 - INFO - Generation 70
2025-12-17 11:58:33,750 - INFO -   Best: 1603.972757
2025-12-17 11:58:33,750 - INFO -   Min: 1603.972757
2025-12-17 11:58:33,750 - INFO -   Max: 1605.585577
2025-12-17 11:58:33,750 - INFO -   Avg: 1604.948705
2025-12-17 11:58:33,750 - INFO -   Std: 0.203134
2025-12-17 11:58:34,209 - INFO - Generation 80
2025-12-17 11:58:34,209 - INFO -   Best: 1603.972757
2025-12-17 11:58:34,209 - INFO -   Min: 1603.972757
2025-12-17 11:58:34,210 - INFO -   Max: 1605.386731
2025-12-17 11:58:34,210 - INFO -   Avg: 1604.974494
2025-12-17 11:58:34,210 - INFO -   Std: 0.181534
2025-12-17 11:58:34,667 - INFO - Generation 90
2025-12-17 11:58:34,667 - INFO -   Best: 1603.972757
2025-12-17 11:58:34,667 - INFO -   Min: 1603.972757
2025-12-17 11:58:34,667 - INFO -   Max: 1605.659086
2025-12-17 11:58:34,668 - INFO -   Avg: 1604.962462
2025-12-17 11:58:34,668 - INFO -   Std: 0.222421
2025-12-17 11:58:35,121 - INFO - Generation 100
2025-12-17 11:58:35,121 - INFO -   Best: 1603.890407
2025-12-17 11:58:35,121 - INFO -   Min: 1603.890407
2025-12-17 11:58:35,121 - INFO -   Max: 1605.450500
2025-12-17 11:58:35,121 - INFO -   Avg: 1604.939023
2025-12-17 11:58:35,122 - INFO -   Std: 0.219438
2025-12-17 11:58:35,583 - INFO - Generation 110
2025-12-17 11:58:35,584 - INFO -   Best: 1603.890407
2025-12-17 11:58:35,584 - INFO -   Min: 1603.890407
2025-12-17 11:58:35,584 - INFO -   Max: 1605.402492
2025-12-17 11:58:35,584 - INFO -   Avg: 1604.964823
2025-12-17 11:58:35,584 - INFO -   Std: 0.180842
2025-12-17 11:58:36,040 - INFO - Generation 120
2025-12-17 11:58:36,042 - INFO -   Best: 1603.890407
2025-12-17 11:58:36,042 - INFO -   Min: 1603.890407
2025-12-17 11:58:36,042 - INFO -   Max: 1605.689391
2025-12-17 11:58:36,042 - INFO -   Avg: 1604.935203
2025-12-17 11:58:36,042 - INFO -   Std: 0.245901
2025-12-17 11:58:36,494 - INFO - Generation 130
2025-12-17 11:58:36,494 - INFO -   Best: 1603.890407
2025-12-17 11:58:36,494 - INFO -   Min: 1603.890407
2025-12-17 11:58:36,494 - INFO -   Max: 1605.698844
2025-12-17 11:58:36,494 - INFO -   Avg: 1604.960812
2025-12-17 11:58:36,495 - INFO -   Std: 0.235980
2025-12-17 11:58:36,954 - INFO - Generation 140
2025-12-17 11:58:36,954 - INFO -   Best: 1603.890407
2025-12-17 11:58:36,954 - INFO -   Min: 1603.890407
2025-12-17 11:58:36,954 - INFO -   Max: 1605.396973
2025-12-17 11:58:36,955 - INFO -   Avg: 1604.957226
2025-12-17 11:58:36,955 - INFO -   Std: 0.229028
2025-12-17 11:58:37,412 - INFO - Generation 150
2025-12-17 11:58:37,412 - INFO -   Best: 1603.890407
2025-12-17 11:58:37,413 - INFO -   Min: 1603.890407
2025-12-17 11:58:37,413 - INFO -   Max: 1605.465909
2025-12-17 11:58:37,413 - INFO -   Avg: 1604.960482
2025-12-17 11:58:37,413 - INFO -   Std: 0.226480
2025-12-17 11:58:37,867 - INFO - Generation 160
2025-12-17 11:58:37,867 - INFO -   Best: 1603.728590
2025-12-17 11:58:37,867 - INFO -   Min: 1603.728590
2025-12-17 11:58:37,867 - INFO -   Max: 1605.391555
2025-12-17 11:58:37,867 - INFO -   Avg: 1604.950946
2025-12-17 11:58:37,868 - INFO -   Std: 0.223331
2025-12-17 11:58:38,321 - INFO - Generation 170
2025-12-17 11:58:38,321 - INFO -   Best: 1603.728590
2025-12-17 11:58:38,321 - INFO -   Min: 1603.728590
2025-12-17 11:58:38,321 - INFO -   Max: 1605.439110
2025-12-17 11:58:38,321 - INFO -   Avg: 1604.954302
2025-12-17 11:58:38,322 - INFO -   Std: 0.227129
2025-12-17 11:58:38,774 - INFO - Generation 180
2025-12-17 11:58:38,774 - INFO -   Best: 1603.728590
2025-12-17 11:58:38,774 - INFO -   Min: 1603.728590
2025-12-17 11:58:38,775 - INFO -   Max: 1605.395508
2025-12-17 11:58:38,775 - INFO -   Avg: 1604.909660
2025-12-17 11:58:38,775 - INFO -   Std: 0.265490
2025-12-17 11:58:39,235 - INFO - Generation 190
2025-12-17 11:58:39,235 - INFO -   Best: 1603.728590
2025-12-17 11:58:39,236 - INFO -   Min: 1603.728590
2025-12-17 11:58:39,236 - INFO -   Max: 1605.309581
2025-12-17 11:58:39,236 - INFO -   Avg: 1604.957051
2025-12-17 11:58:39,236 - INFO -   Std: 0.217765
2025-12-17 11:58:39,693 - INFO - Generation 200
2025-12-17 11:58:39,694 - INFO -   Best: 1603.728590
2025-12-17 11:58:39,694 - INFO -   Min: 1603.728590
2025-12-17 11:58:39,694 - INFO -   Max: 1605.374361
2025-12-17 11:58:39,694 - INFO -   Avg: 1604.960787
2025-12-17 11:58:39,694 - INFO -   Std: 0.208750
2025-12-17 11:58:39,709 - INFO - 
Final best fitness: 1603.7285903296
2025-12-17 11:58:39,709 - INFO - Execution time: 9.21s
