2025-12-17 12:23:06,927 - INFO - Representation: Real
2025-12-17 12:23:06,927 - INFO - Number of genes: 10
2025-12-17 12:23:06,928 - INFO - Bounds: [0, 3.141592653589793]
2025-12-17 12:23:06,928 - INFO - Function: michalewicz
2025-12-17 12:23:06,928 - INFO - Population size: 100
2025-12-17 12:23:06,928 - INFO - Generations: 200
2025-12-17 12:23:06,928 - INFO - Selection: rws
2025-12-17 12:23:06,928 - INFO - Crossover: two_points
2025-12-17 12:23:06,928 - INFO - Mutation: swap
2025-12-17 12:23:06,929 - INFO - 
2025-12-17 12:23:06,992 - INFO - Generation 10
2025-12-17 12:23:06,993 - INFO -   Best: -6.032058
2025-12-17 12:23:06,993 - INFO -   Min: -6.032058
2025-12-17 12:23:06,993 - INFO -   Max: -0.260153
2025-12-17 12:23:06,993 - INFO -   Avg: -2.999309
2025-12-17 12:23:06,994 - INFO -   Std: 1.092363
2025-12-17 12:23:07,048 - INFO - Generation 20
2025-12-17 12:23:07,048 - INFO -   Best: -6.565507
2025-12-17 12:23:07,049 - INFO -   Min: -6.565507
2025-12-17 12:23:07,049 - INFO -   Max: -1.407372
2025-12-17 12:23:07,049 - INFO -   Avg: -4.354922
2025-12-17 12:23:07,049 - INFO -   Std: 0.977055
2025-12-17 12:23:07,107 - INFO - Generation 30
2025-12-17 12:23:07,107 - INFO -   Best: -6.565507
2025-12-17 12:23:07,107 - INFO -   Min: -6.565507
2025-12-17 12:23:07,108 - INFO -   Max: -3.140340
2025-12-17 12:23:07,108 - INFO -   Avg: -4.915714
2025-12-17 12:23:07,108 - INFO -   Std: 0.768204
2025-12-17 12:23:07,158 - INFO - Generation 40
2025-12-17 12:23:07,158 - INFO -   Best: -6.565507
2025-12-17 12:23:07,158 - INFO -   Min: -6.565507
2025-12-17 12:23:07,159 - INFO -   Max: -3.263272
2025-12-17 12:23:07,159 - INFO -   Avg: -5.376714
2025-12-17 12:23:07,159 - INFO -   Std: 0.626662
2025-12-17 12:23:07,209 - INFO - Generation 50
2025-12-17 12:23:07,209 - INFO -   Best: -6.565507
2025-12-17 12:23:07,209 - INFO -   Min: -6.565507
2025-12-17 12:23:07,209 - INFO -   Max: -3.473986
2025-12-17 12:23:07,209 - INFO -   Avg: -5.119363
2025-12-17 12:23:07,210 - INFO -   Std: 0.776597
2025-12-17 12:23:07,262 - INFO - Generation 60
2025-12-17 12:23:07,263 - INFO -   Best: -6.565507
2025-12-17 12:23:07,263 - INFO -   Min: -6.565507
2025-12-17 12:23:07,263 - INFO -   Max: -3.396242
2025-12-17 12:23:07,263 - INFO -   Avg: -5.132562
2025-12-17 12:23:07,263 - INFO -   Std: 0.745190
2025-12-17 12:23:07,313 - INFO - Generation 70
2025-12-17 12:23:07,313 - INFO -   Best: -6.565507
2025-12-17 12:23:07,313 - INFO -   Min: -6.565507
2025-12-17 12:23:07,313 - INFO -   Max: -3.849028
2025-12-17 12:23:07,314 - INFO -   Avg: -5.506676
2025-12-17 12:23:07,314 - INFO -   Std: 0.650207
2025-12-17 12:23:07,365 - INFO - Generation 80
2025-12-17 12:23:07,365 - INFO -   Best: -6.565507
2025-12-17 12:23:07,365 - INFO -   Min: -6.565507
2025-12-17 12:23:07,365 - INFO -   Max: -4.000506
2025-12-17 12:23:07,365 - INFO -   Avg: -5.358373
2025-12-17 12:23:07,366 - INFO -   Std: 0.617566
2025-12-17 12:23:07,413 - INFO - Generation 90
2025-12-17 12:23:07,413 - INFO -   Best: -6.565507
2025-12-17 12:23:07,414 - INFO -   Min: -6.565507
2025-12-17 12:23:07,414 - INFO -   Max: -3.216732
2025-12-17 12:23:07,414 - INFO -   Avg: -5.325483
2025-12-17 12:23:07,414 - INFO -   Std: 0.599093
2025-12-17 12:23:07,463 - INFO - Generation 100
2025-12-17 12:23:07,463 - INFO -   Best: -6.565507
2025-12-17 12:23:07,464 - INFO -   Min: -6.565507
2025-12-17 12:23:07,464 - INFO -   Max: -3.359899
2025-12-17 12:23:07,464 - INFO -   Avg: -5.348214
2025-12-17 12:23:07,464 - INFO -   Std: 0.680368
2025-12-17 12:23:07,513 - INFO - Generation 110
2025-12-17 12:23:07,513 - INFO -   Best: -6.565507
2025-12-17 12:23:07,513 - INFO -   Min: -6.565507
2025-12-17 12:23:07,513 - INFO -   Max: -3.263272
2025-12-17 12:23:07,513 - INFO -   Avg: -5.321982
2025-12-17 12:23:07,513 - INFO -   Std: 0.678707
2025-12-17 12:23:07,559 - INFO - Generation 120
2025-12-17 12:23:07,560 - INFO -   Best: -6.565507
2025-12-17 12:23:07,560 - INFO -   Min: -6.565507
2025-12-17 12:23:07,560 - INFO -   Max: -4.012498
2025-12-17 12:23:07,560 - INFO -   Avg: -5.537954
2025-12-17 12:23:07,560 - INFO -   Std: 0.550014
2025-12-17 12:23:07,607 - INFO - Generation 130
2025-12-17 12:23:07,607 - INFO -   Best: -6.565507
2025-12-17 12:23:07,607 - INFO -   Min: -6.565507
2025-12-17 12:23:07,607 - INFO -   Max: -3.662009
2025-12-17 12:23:07,607 - INFO -   Avg: -5.530292
2025-12-17 12:23:07,608 - INFO -   Std: 0.630786
2025-12-17 12:23:07,657 - INFO - Generation 140
2025-12-17 12:23:07,657 - INFO -   Best: -6.565507
2025-12-17 12:23:07,657 - INFO -   Min: -6.565507
2025-12-17 12:23:07,658 - INFO -   Max: -3.253075
2025-12-17 12:23:07,658 - INFO -   Avg: -5.377149
2025-12-17 12:23:07,658 - INFO -   Std: 0.668193
2025-12-17 12:23:07,706 - INFO - Generation 150
2025-12-17 12:23:07,707 - INFO -   Best: -6.565507
2025-12-17 12:23:07,707 - INFO -   Min: -6.565507
2025-12-17 12:23:07,707 - INFO -   Max: -3.661808
2025-12-17 12:23:07,707 - INFO -   Avg: -5.326578
2025-12-17 12:23:07,707 - INFO -   Std: 0.699351
2025-12-17 12:23:07,757 - INFO - Generation 160
2025-12-17 12:23:07,757 - INFO -   Best: -6.565507
2025-12-17 12:23:07,758 - INFO -   Min: -6.565507
2025-12-17 12:23:07,758 - INFO -   Max: -3.299616
2025-12-17 12:23:07,758 - INFO -   Avg: -5.185203
2025-12-17 12:23:07,758 - INFO -   Std: 0.785123
2025-12-17 12:23:07,808 - INFO - Generation 170
2025-12-17 12:23:07,808 - INFO -   Best: -6.565507
2025-12-17 12:23:07,808 - INFO -   Min: -6.565507
2025-12-17 12:23:07,808 - INFO -   Max: -3.299616
2025-12-17 12:23:07,808 - INFO -   Avg: -5.230391
2025-12-17 12:23:07,809 - INFO -   Std: 0.730232
2025-12-17 12:23:07,858 - INFO - Generation 180
2025-12-17 12:23:07,858 - INFO -   Best: -6.565507
2025-12-17 12:23:07,859 - INFO -   Min: -6.565507
2025-12-17 12:23:07,859 - INFO -   Max: -3.672005
2025-12-17 12:23:07,859 - INFO -   Avg: -5.337692
2025-12-17 12:23:07,859 - INFO -   Std: 0.677370
2025-12-17 12:23:07,905 - INFO - Generation 190
2025-12-17 12:23:07,906 - INFO -   Best: -6.565507
2025-12-17 12:23:07,906 - INFO -   Min: -6.565507
2025-12-17 12:23:07,906 - INFO -   Max: -3.661808
2025-12-17 12:23:07,906 - INFO -   Avg: -5.325187
2025-12-17 12:23:07,906 - INFO -   Std: 0.674156
2025-12-17 12:23:07,956 - INFO - Generation 200
2025-12-17 12:23:07,956 - INFO -   Best: -6.565507
2025-12-17 12:23:07,956 - INFO -   Min: -6.565507
2025-12-17 12:23:07,957 - INFO -   Max: -3.965958
2025-12-17 12:23:07,957 - INFO -   Avg: -5.208565
2025-12-17 12:23:07,957 - INFO -   Std: 0.640184
2025-12-17 12:23:07,960 - INFO - 
Final best fitness: -6.5655070314
2025-12-17 12:23:07,961 - INFO - Execution time: 1.02s
