2025-12-17 11:37:07,786 - INFO - Representation: Real
2025-12-17 11:37:07,787 - INFO - Number of genes: 10
2025-12-17 11:37:07,787 - INFO - Bounds: [0, 3.141592653589793]
2025-12-17 11:37:07,787 - INFO - Function: michalewicz
2025-12-17 11:37:07,787 - INFO - Population size: 100
2025-12-17 11:37:07,787 - INFO - Generations: 200
2025-12-17 11:37:07,787 - INFO - Selection: tournament
2025-12-17 11:37:07,788 - INFO - Crossover: single_point
2025-12-17 11:37:07,788 - INFO - Mutation: random
2025-12-17 11:37:07,788 - INFO - 
2025-12-17 11:37:07,860 - INFO - Generation 10
2025-12-17 11:37:07,861 - INFO -   Best: -6.816109
2025-12-17 11:37:07,861 - INFO -   Min: -6.816109
2025-12-17 11:37:07,861 - INFO -   Max: -1.875098
2025-12-17 11:37:07,861 - INFO -   Avg: -4.807600
2025-12-17 11:37:07,861 - INFO -   Std: 0.947381
2025-12-17 11:37:07,919 - INFO - Generation 20
2025-12-17 11:37:07,919 - INFO -   Best: -8.107843
2025-12-17 11:37:07,920 - INFO -   Min: -8.107843
2025-12-17 11:37:07,920 - INFO -   Max: -4.195694
2025-12-17 11:37:07,920 - INFO -   Avg: -6.813321
2025-12-17 11:37:07,920 - INFO -   Std: 0.807093
2025-12-17 11:37:07,977 - INFO - Generation 30
2025-12-17 11:37:07,977 - INFO -   Best: -8.333436
2025-12-17 11:37:07,978 - INFO -   Min: -8.333436
2025-12-17 11:37:07,978 - INFO -   Max: -3.623492
2025-12-17 11:37:07,978 - INFO -   Avg: -7.009220
2025-12-17 11:37:07,978 - INFO -   Std: 0.983130
2025-12-17 11:37:08,035 - INFO - Generation 40
2025-12-17 11:37:08,036 - INFO -   Best: -8.538574
2025-12-17 11:37:08,036 - INFO -   Min: -8.538574
2025-12-17 11:37:08,036 - INFO -   Max: -4.270540
2025-12-17 11:37:08,036 - INFO -   Avg: -7.281176
2025-12-17 11:37:08,036 - INFO -   Std: 1.012879
2025-12-17 11:37:08,095 - INFO - Generation 50
2025-12-17 11:37:08,095 - INFO -   Best: -8.632297
2025-12-17 11:37:08,095 - INFO -   Min: -8.632297
2025-12-17 11:37:08,095 - INFO -   Max: -4.481003
2025-12-17 11:37:08,095 - INFO -   Avg: -7.211991
2025-12-17 11:37:08,096 - INFO -   Std: 1.034611
2025-12-17 11:37:08,152 - INFO - Generation 60
2025-12-17 11:37:08,153 - INFO -   Best: -8.875625
2025-12-17 11:37:08,153 - INFO -   Min: -8.875625
2025-12-17 11:37:08,153 - INFO -   Max: -4.516364
2025-12-17 11:37:08,153 - INFO -   Avg: -7.532326
2025-12-17 11:37:08,153 - INFO -   Std: 0.946666
2025-12-17 11:37:08,212 - INFO - Generation 70
2025-12-17 11:37:08,212 - INFO -   Best: -8.882599
2025-12-17 11:37:08,212 - INFO -   Min: -8.882599
2025-12-17 11:37:08,213 - INFO -   Max: -4.581569
2025-12-17 11:37:08,213 - INFO -   Avg: -7.197696
2025-12-17 11:37:08,213 - INFO -   Std: 0.973305
2025-12-17 11:37:08,269 - INFO - Generation 80
2025-12-17 11:37:08,269 - INFO -   Best: -8.901671
2025-12-17 11:37:08,269 - INFO -   Min: -8.901671
2025-12-17 11:37:08,270 - INFO -   Max: -3.956085
2025-12-17 11:37:08,270 - INFO -   Avg: -7.625932
2025-12-17 11:37:08,270 - INFO -   Std: 1.056481
2025-12-17 11:37:08,328 - INFO - Generation 90
2025-12-17 11:37:08,328 - INFO -   Best: -9.070023
2025-12-17 11:37:08,328 - INFO -   Min: -9.070023
2025-12-17 11:37:08,328 - INFO -   Max: -3.364562
2025-12-17 11:37:08,328 - INFO -   Avg: -7.424156
2025-12-17 11:37:08,329 - INFO -   Std: 1.135778
2025-12-17 11:37:08,385 - INFO - Generation 100
2025-12-17 11:37:08,385 - INFO -   Best: -9.070023
2025-12-17 11:37:08,386 - INFO -   Min: -9.070023
2025-12-17 11:37:08,386 - INFO -   Max: -4.581224
2025-12-17 11:37:08,386 - INFO -   Avg: -7.511541
2025-12-17 11:37:08,386 - INFO -   Std: 1.107051
2025-12-17 11:37:08,445 - INFO - Generation 110
2025-12-17 11:37:08,445 - INFO -   Best: -9.070023
2025-12-17 11:37:08,445 - INFO -   Min: -9.070023
2025-12-17 11:37:08,445 - INFO -   Max: -4.355484
2025-12-17 11:37:08,446 - INFO -   Avg: -7.592386
2025-12-17 11:37:08,446 - INFO -   Std: 1.072982
2025-12-17 11:37:08,507 - INFO - Generation 120
2025-12-17 11:37:08,508 - INFO -   Best: -9.070023
2025-12-17 11:37:08,508 - INFO -   Min: -9.070023
2025-12-17 11:37:08,508 - INFO -   Max: -4.346975
2025-12-17 11:37:08,508 - INFO -   Avg: -7.739416
2025-12-17 11:37:08,508 - INFO -   Std: 0.959319
2025-12-17 11:37:08,565 - INFO - Generation 130
2025-12-17 11:37:08,565 - INFO -   Best: -9.070023
2025-12-17 11:37:08,566 - INFO -   Min: -9.070023
2025-12-17 11:37:08,566 - INFO -   Max: -5.300274
2025-12-17 11:37:08,566 - INFO -   Avg: -7.922133
2025-12-17 11:37:08,566 - INFO -   Std: 0.923296
2025-12-17 11:37:08,630 - INFO - Generation 140
2025-12-17 11:37:08,631 - INFO -   Best: -9.126279
2025-12-17 11:37:08,631 - INFO -   Min: -9.126279
2025-12-17 11:37:08,631 - INFO -   Max: -5.882997
2025-12-17 11:37:08,631 - INFO -   Avg: -7.893100
2025-12-17 11:37:08,631 - INFO -   Std: 0.917951
2025-12-17 11:37:08,694 - INFO - Generation 150
2025-12-17 11:37:08,694 - INFO -   Best: -9.126279
2025-12-17 11:37:08,694 - INFO -   Min: -9.126279
2025-12-17 11:37:08,694 - INFO -   Max: -3.048507
2025-12-17 11:37:08,695 - INFO -   Avg: -7.637397
2025-12-17 11:37:08,695 - INFO -   Std: 1.135298
2025-12-17 11:37:08,755 - INFO - Generation 160
2025-12-17 11:37:08,755 - INFO -   Best: -9.136998
2025-12-17 11:37:08,755 - INFO -   Min: -9.136998
2025-12-17 11:37:08,755 - INFO -   Max: -2.975658
2025-12-17 11:37:08,756 - INFO -   Avg: -7.610081
2025-12-17 11:37:08,756 - INFO -   Std: 1.199706
2025-12-17 11:37:08,824 - INFO - Generation 170
2025-12-17 11:37:08,824 - INFO -   Best: -9.136998
2025-12-17 11:37:08,824 - INFO -   Min: -9.136998
2025-12-17 11:37:08,825 - INFO -   Max: -5.105957
2025-12-17 11:37:08,825 - INFO -   Avg: -7.675133
2025-12-17 11:37:08,825 - INFO -   Std: 1.032875
2025-12-17 11:37:08,889 - INFO - Generation 180
2025-12-17 11:37:08,889 - INFO -   Best: -9.136998
2025-12-17 11:37:08,889 - INFO -   Min: -9.136998
2025-12-17 11:37:08,889 - INFO -   Max: -4.862131
2025-12-17 11:37:08,889 - INFO -   Avg: -7.728413
2025-12-17 11:37:08,890 - INFO -   Std: 1.045009
2025-12-17 11:37:08,962 - INFO - Generation 190
2025-12-17 11:37:08,962 - INFO -   Best: -9.136998
2025-12-17 11:37:08,963 - INFO -   Min: -9.136998
2025-12-17 11:37:08,963 - INFO -   Max: -2.284960
2025-12-17 11:37:08,963 - INFO -   Avg: -7.534975
2025-12-17 11:37:08,963 - INFO -   Std: 1.322796
2025-12-17 11:37:09,031 - INFO - Generation 200
2025-12-17 11:37:09,031 - INFO -   Best: -9.136998
2025-12-17 11:37:09,031 - INFO -   Min: -9.136998
2025-12-17 11:37:09,031 - INFO -   Max: -3.860457
2025-12-17 11:37:09,031 - INFO -   Avg: -7.974010
2025-12-17 11:37:09,032 - INFO -   Std: 0.937919
2025-12-17 11:37:09,036 - INFO - 
Final best fitness: -8.9141975763
2025-12-17 11:37:09,036 - INFO - Execution time: 1.23s
2025-12-17 12:01:31,498 - INFO - Representation: Binary
2025-12-17 12:01:31,498 - INFO - Bits per variable: 12
2025-12-17 12:01:31,498 - INFO - Total genes: 120
2025-12-17 12:01:31,498 - INFO - Function: michalewicz
2025-12-17 12:01:31,498 - INFO - Population size: 100
2025-12-17 12:01:31,498 - INFO - Generations: 200
2025-12-17 12:01:31,498 - INFO - Selection: tournament
2025-12-17 12:01:31,499 - INFO - Crossover: single_point
2025-12-17 12:01:31,499 - INFO - Mutation: random
2025-12-17 12:01:31,499 - INFO - 
2025-12-17 12:01:32,065 - INFO - Generation 10
2025-12-17 12:01:32,065 - INFO -   Best: -5.123341
2025-12-17 12:01:32,065 - INFO -   Min: -5.123341
2025-12-17 12:01:32,066 - INFO -   Max: -0.453960
2025-12-17 12:01:32,066 - INFO -   Avg: -2.790056
2025-12-17 12:01:32,066 - INFO -   Std: 1.004241
2025-12-17 12:01:32,420 - INFO - Generation 20
2025-12-17 12:01:32,420 - INFO -   Best: -6.464314
2025-12-17 12:01:32,420 - INFO -   Min: -6.464314
2025-12-17 12:01:32,420 - INFO -   Max: -0.109790
2025-12-17 12:01:32,420 - INFO -   Avg: -3.143046
2025-12-17 12:01:32,421 - INFO -   Std: 1.196967
2025-12-17 12:01:32,787 - INFO - Generation 30
2025-12-17 12:01:32,788 - INFO -   Best: -6.464314
2025-12-17 12:01:32,788 - INFO -   Min: -6.464314
2025-12-17 12:01:32,788 - INFO -   Max: -0.539062
2025-12-17 12:01:32,788 - INFO -   Avg: -3.370152
2025-12-17 12:01:32,788 - INFO -   Std: 1.169692
2025-12-17 12:01:33,144 - INFO - Generation 40
2025-12-17 12:01:33,145 - INFO -   Best: -6.600993
2025-12-17 12:01:33,145 - INFO -   Min: -6.600993
2025-12-17 12:01:33,145 - INFO -   Max: -0.366867
2025-12-17 12:01:33,145 - INFO -   Avg: -3.105047
2025-12-17 12:01:33,145 - INFO -   Std: 1.159896
2025-12-17 12:01:33,505 - INFO - Generation 50
2025-12-17 12:01:33,506 - INFO -   Best: -6.600993
2025-12-17 12:01:33,506 - INFO -   Min: -6.600993
2025-12-17 12:01:33,506 - INFO -   Max: -0.378116
2025-12-17 12:01:33,506 - INFO -   Avg: -3.012600
2025-12-17 12:01:33,506 - INFO -   Std: 1.158130
2025-12-17 12:01:33,860 - INFO - Generation 60
2025-12-17 12:01:33,860 - INFO -   Best: -6.600993
2025-12-17 12:01:33,860 - INFO -   Min: -6.600993
2025-12-17 12:01:33,861 - INFO -   Max: -0.396288
2025-12-17 12:01:33,861 - INFO -   Avg: -3.136973
2025-12-17 12:01:33,861 - INFO -   Std: 1.107616
2025-12-17 12:01:34,216 - INFO - Generation 70
2025-12-17 12:01:34,217 - INFO -   Best: -6.600993
2025-12-17 12:01:34,217 - INFO -   Min: -6.600993
2025-12-17 12:01:34,217 - INFO -   Max: 0.479160
2025-12-17 12:01:34,217 - INFO -   Avg: -2.989603
2025-12-17 12:01:34,217 - INFO -   Std: 1.212519
2025-12-17 12:01:34,573 - INFO - Generation 80
2025-12-17 12:01:34,574 - INFO -   Best: -6.600993
2025-12-17 12:01:34,574 - INFO -   Min: -6.600993
2025-12-17 12:01:34,574 - INFO -   Max: -0.655837
2025-12-17 12:01:34,574 - INFO -   Avg: -2.940295
2025-12-17 12:01:34,574 - INFO -   Std: 1.170850
2025-12-17 12:01:34,930 - INFO - Generation 90
2025-12-17 12:01:34,930 - INFO -   Best: -6.600993
2025-12-17 12:01:34,930 - INFO -   Min: -6.600993
2025-12-17 12:01:34,930 - INFO -   Max: -0.207990
2025-12-17 12:01:34,930 - INFO -   Avg: -3.178229
2025-12-17 12:01:34,931 - INFO -   Std: 1.157435
2025-12-17 12:01:35,285 - INFO - Generation 100
2025-12-17 12:01:35,286 - INFO -   Best: -6.845466
2025-12-17 12:01:35,286 - INFO -   Min: -6.845466
2025-12-17 12:01:35,286 - INFO -   Max: -0.821815
2025-12-17 12:01:35,286 - INFO -   Avg: -3.354007
2025-12-17 12:01:35,286 - INFO -   Std: 1.227783
2025-12-17 12:01:35,639 - INFO - Generation 110
2025-12-17 12:01:35,640 - INFO -   Best: -6.845466
2025-12-17 12:01:35,640 - INFO -   Min: -6.845466
2025-12-17 12:01:35,640 - INFO -   Max: 0.044843
2025-12-17 12:01:35,640 - INFO -   Avg: -3.215475
2025-12-17 12:01:35,640 - INFO -   Std: 1.270937
2025-12-17 12:01:35,997 - INFO - Generation 120
2025-12-17 12:01:35,998 - INFO -   Best: -7.172692
2025-12-17 12:01:35,998 - INFO -   Min: -7.172692
2025-12-17 12:01:35,998 - INFO -   Max: -0.159011
2025-12-17 12:01:35,998 - INFO -   Avg: -2.809889
2025-12-17 12:01:35,998 - INFO -   Std: 1.284513
2025-12-17 12:01:36,351 - INFO - Generation 130
2025-12-17 12:01:36,351 - INFO -   Best: -7.279947
2025-12-17 12:01:36,351 - INFO -   Min: -7.279947
2025-12-17 12:01:36,352 - INFO -   Max: 0.207916
2025-12-17 12:01:36,352 - INFO -   Avg: -2.844064
2025-12-17 12:01:36,352 - INFO -   Std: 1.443064
2025-12-17 12:01:36,708 - INFO - Generation 140
2025-12-17 12:01:36,708 - INFO -   Best: -7.279947
2025-12-17 12:01:36,708 - INFO -   Min: -7.279947
2025-12-17 12:01:36,709 - INFO -   Max: 0.315743
2025-12-17 12:01:36,709 - INFO -   Avg: -3.309150
2025-12-17 12:01:36,709 - INFO -   Std: 1.298069
2025-12-17 12:01:37,065 - INFO - Generation 150
2025-12-17 12:01:37,065 - INFO -   Best: -7.279947
2025-12-17 12:01:37,066 - INFO -   Min: -7.279947
2025-12-17 12:01:37,066 - INFO -   Max: -0.093950
2025-12-17 12:01:37,066 - INFO -   Avg: -2.982529
2025-12-17 12:01:37,066 - INFO -   Std: 1.351993
2025-12-17 12:01:37,419 - INFO - Generation 160
2025-12-17 12:01:37,419 - INFO -   Best: -7.279947
2025-12-17 12:01:37,420 - INFO -   Min: -7.279947
2025-12-17 12:01:37,420 - INFO -   Max: -0.598869
2025-12-17 12:01:37,420 - INFO -   Avg: -2.811051
2025-12-17 12:01:37,420 - INFO -   Std: 1.205199
2025-12-17 12:01:37,771 - INFO - Generation 170
2025-12-17 12:01:37,771 - INFO -   Best: -7.279947
2025-12-17 12:01:37,772 - INFO -   Min: -7.279947
2025-12-17 12:01:37,772 - INFO -   Max: -0.646592
2025-12-17 12:01:37,772 - INFO -   Avg: -3.879038
2025-12-17 12:01:37,772 - INFO -   Std: 1.394022
2025-12-17 12:01:38,125 - INFO - Generation 180
2025-12-17 12:01:38,125 - INFO -   Best: -7.279947
2025-12-17 12:01:38,126 - INFO -   Min: -7.279947
2025-12-17 12:01:38,126 - INFO -   Max: -1.302782
2025-12-17 12:01:38,126 - INFO -   Avg: -3.640003
2025-12-17 12:01:38,126 - INFO -   Std: 1.349260
2025-12-17 12:01:38,479 - INFO - Generation 190
2025-12-17 12:01:38,479 - INFO -   Best: -7.279947
2025-12-17 12:01:38,479 - INFO -   Min: -7.279947
2025-12-17 12:01:38,479 - INFO -   Max: -0.703267
2025-12-17 12:01:38,479 - INFO -   Avg: -3.637114
2025-12-17 12:01:38,479 - INFO -   Std: 1.310702
2025-12-17 12:01:38,832 - INFO - Generation 200
2025-12-17 12:01:38,832 - INFO -   Best: -7.279947
2025-12-17 12:01:38,833 - INFO -   Min: -7.279947
2025-12-17 12:01:38,833 - INFO -   Max: -0.524514
2025-12-17 12:01:38,833 - INFO -   Avg: -3.688860
2025-12-17 12:01:38,833 - INFO -   Std: 1.288150
2025-12-17 12:01:38,841 - INFO - 
Final best fitness: -7.2799467892
2025-12-17 12:01:38,841 - INFO - Execution time: 7.12s
