2025-12-17 12:08:40,761 - INFO - Representation: Binary
2025-12-17 12:08:40,761 - INFO - Bits per variable: 12
2025-12-17 12:08:40,762 - INFO - Total genes: 60
2025-12-17 12:08:40,762 - INFO - Function: michalewicz
2025-12-17 12:08:40,762 - INFO - Population size: 100
2025-12-17 12:08:40,762 - INFO - Generations: 200
2025-12-17 12:08:40,762 - INFO - Selection: rws
2025-12-17 12:08:40,762 - INFO - Crossover: two_points
2025-12-17 12:08:40,762 - INFO - Mutation: swap
2025-12-17 12:08:40,763 - INFO - 
2025-12-17 12:08:40,948 - INFO - Generation 10
2025-12-17 12:08:40,949 - INFO -   Best: -4.334687
2025-12-17 12:08:40,949 - INFO -   Min: -4.334687
2025-12-17 12:08:40,949 - INFO -   Max: -0.988132
2025-12-17 12:08:40,949 - INFO -   Avg: -2.799357
2025-12-17 12:08:40,950 - INFO -   Std: 0.728075
2025-12-17 12:08:41,030 - INFO - Generation 20
2025-12-17 12:08:41,030 - INFO -   Best: -4.416579
2025-12-17 12:08:41,030 - INFO -   Min: -4.416579
2025-12-17 12:08:41,031 - INFO -   Max: -0.772444
2025-12-17 12:08:41,031 - INFO -   Avg: -2.903616
2025-12-17 12:08:41,031 - INFO -   Std: 0.815197
2025-12-17 12:08:41,112 - INFO - Generation 30
2025-12-17 12:08:41,112 - INFO -   Best: -4.419288
2025-12-17 12:08:41,113 - INFO -   Min: -4.419288
2025-12-17 12:08:41,113 - INFO -   Max: -1.206443
2025-12-17 12:08:41,113 - INFO -   Avg: -3.440419
2025-12-17 12:08:41,113 - INFO -   Std: 0.711291
2025-12-17 12:08:41,195 - INFO - Generation 40
2025-12-17 12:08:41,195 - INFO -   Best: -4.466348
2025-12-17 12:08:41,195 - INFO -   Min: -4.466348
2025-12-17 12:08:41,195 - INFO -   Max: -2.135657
2025-12-17 12:08:41,195 - INFO -   Avg: -3.522363
2025-12-17 12:08:41,196 - INFO -   Std: 0.644468
2025-12-17 12:08:41,279 - INFO - Generation 50
2025-12-17 12:08:41,279 - INFO -   Best: -4.506310
2025-12-17 12:08:41,280 - INFO -   Min: -4.506310
2025-12-17 12:08:41,280 - INFO -   Max: -1.612161
2025-12-17 12:08:41,280 - INFO -   Avg: -3.574720
2025-12-17 12:08:41,280 - INFO -   Std: 0.681390
2025-12-17 12:08:41,368 - INFO - Generation 60
2025-12-17 12:08:41,368 - INFO -   Best: -4.510775
2025-12-17 12:08:41,369 - INFO -   Min: -4.510775
2025-12-17 12:08:41,369 - INFO -   Max: -2.321354
2025-12-17 12:08:41,369 - INFO -   Avg: -3.696752
2025-12-17 12:08:41,369 - INFO -   Std: 0.650928
2025-12-17 12:08:41,458 - INFO - Generation 70
2025-12-17 12:08:41,458 - INFO -   Best: -4.510775
2025-12-17 12:08:41,459 - INFO -   Min: -4.510775
2025-12-17 12:08:41,459 - INFO -   Max: -1.575007
2025-12-17 12:08:41,459 - INFO -   Avg: -3.708964
2025-12-17 12:08:41,459 - INFO -   Std: 0.656742
2025-12-17 12:08:41,548 - INFO - Generation 80
2025-12-17 12:08:41,548 - INFO -   Best: -4.510775
2025-12-17 12:08:41,549 - INFO -   Min: -4.510775
2025-12-17 12:08:41,549 - INFO -   Max: -2.092233
2025-12-17 12:08:41,549 - INFO -   Avg: -3.665463
2025-12-17 12:08:41,549 - INFO -   Std: 0.675343
2025-12-17 12:08:41,637 - INFO - Generation 90
2025-12-17 12:08:41,637 - INFO -   Best: -4.510775
2025-12-17 12:08:41,637 - INFO -   Min: -4.510775
2025-12-17 12:08:41,637 - INFO -   Max: -2.439864
2025-12-17 12:08:41,638 - INFO -   Avg: -3.799889
2025-12-17 12:08:41,638 - INFO -   Std: 0.554088
2025-12-17 12:08:41,724 - INFO - Generation 100
2025-12-17 12:08:41,724 - INFO -   Best: -4.510775
2025-12-17 12:08:41,725 - INFO -   Min: -4.510775
2025-12-17 12:08:41,725 - INFO -   Max: -2.627444
2025-12-17 12:08:41,725 - INFO -   Avg: -4.077052
2025-12-17 12:08:41,725 - INFO -   Std: 0.452932
2025-12-17 12:08:41,808 - INFO - Generation 110
2025-12-17 12:08:41,808 - INFO -   Best: -4.510775
2025-12-17 12:08:41,808 - INFO -   Min: -4.510775
2025-12-17 12:08:41,809 - INFO -   Max: -2.694209
2025-12-17 12:08:41,809 - INFO -   Avg: -4.150687
2025-12-17 12:08:41,809 - INFO -   Std: 0.369398
2025-12-17 12:08:41,889 - INFO - Generation 120
2025-12-17 12:08:41,889 - INFO -   Best: -4.510775
2025-12-17 12:08:41,889 - INFO -   Min: -4.510775
2025-12-17 12:08:41,889 - INFO -   Max: -3.180948
2025-12-17 12:08:41,890 - INFO -   Avg: -4.184270
2025-12-17 12:08:41,890 - INFO -   Std: 0.288113
2025-12-17 12:08:41,973 - INFO - Generation 130
2025-12-17 12:08:41,973 - INFO -   Best: -4.510775
2025-12-17 12:08:41,973 - INFO -   Min: -4.510775
2025-12-17 12:08:41,973 - INFO -   Max: -3.066064
2025-12-17 12:08:41,973 - INFO -   Avg: -4.120876
2025-12-17 12:08:41,974 - INFO -   Std: 0.371248
2025-12-17 12:08:42,057 - INFO - Generation 140
2025-12-17 12:08:42,058 - INFO -   Best: -4.510775
2025-12-17 12:08:42,058 - INFO -   Min: -4.510775
2025-12-17 12:08:42,058 - INFO -   Max: -2.514134
2025-12-17 12:08:42,058 - INFO -   Avg: -4.005054
2025-12-17 12:08:42,058 - INFO -   Std: 0.445596
2025-12-17 12:08:42,143 - INFO - Generation 150
2025-12-17 12:08:42,143 - INFO -   Best: -4.510775
2025-12-17 12:08:42,144 - INFO -   Min: -4.510775
2025-12-17 12:08:42,144 - INFO -   Max: -2.403438
2025-12-17 12:08:42,144 - INFO -   Avg: -3.945193
2025-12-17 12:08:42,144 - INFO -   Std: 0.523672
2025-12-17 12:08:42,232 - INFO - Generation 160
2025-12-17 12:08:42,232 - INFO -   Best: -4.510775
2025-12-17 12:08:42,233 - INFO -   Min: -4.510775
2025-12-17 12:08:42,233 - INFO -   Max: -2.371439
2025-12-17 12:08:42,233 - INFO -   Avg: -3.851300
2025-12-17 12:08:42,233 - INFO -   Std: 0.607419
2025-12-17 12:08:42,318 - INFO - Generation 170
2025-12-17 12:08:42,318 - INFO -   Best: -4.510775
2025-12-17 12:08:42,318 - INFO -   Min: -4.510775
2025-12-17 12:08:42,319 - INFO -   Max: -1.907098
2025-12-17 12:08:42,319 - INFO -   Avg: -3.679819
2025-12-17 12:08:42,319 - INFO -   Std: 0.608446
2025-12-17 12:08:42,403 - INFO - Generation 180
2025-12-17 12:08:42,403 - INFO -   Best: -4.510775
2025-12-17 12:08:42,403 - INFO -   Min: -4.510775
2025-12-17 12:08:42,404 - INFO -   Max: -1.926043
2025-12-17 12:08:42,404 - INFO -   Avg: -3.572109
2025-12-17 12:08:42,404 - INFO -   Std: 0.591654
2025-12-17 12:08:42,491 - INFO - Generation 190
2025-12-17 12:08:42,491 - INFO -   Best: -4.510775
2025-12-17 12:08:42,491 - INFO -   Min: -4.510775
2025-12-17 12:08:42,491 - INFO -   Max: -1.671848
2025-12-17 12:08:42,491 - INFO -   Avg: -3.910078
2025-12-17 12:08:42,491 - INFO -   Std: 0.603888
2025-12-17 12:08:42,577 - INFO - Generation 200
2025-12-17 12:08:42,577 - INFO -   Best: -4.510775
2025-12-17 12:08:42,577 - INFO -   Min: -4.510775
2025-12-17 12:08:42,578 - INFO -   Max: -2.481620
2025-12-17 12:08:42,578 - INFO -   Avg: -3.947098
2025-12-17 12:08:42,578 - INFO -   Std: 0.490917
2025-12-17 12:08:42,585 - INFO - 
Final best fitness: -4.5107751813
2025-12-17 12:08:42,585 - INFO - Execution time: 1.71s
