2025-12-17 12:22:04,258 - INFO - Representation: Real
2025-12-17 12:22:04,258 - INFO - Number of genes: 10
2025-12-17 12:22:04,259 - INFO - Bounds: [-100, 100]
2025-12-17 12:22:04,259 - INFO - Function: f16_2014
2025-12-17 12:22:04,259 - INFO - Population size: 100
2025-12-17 12:22:04,259 - INFO - Generations: 200
2025-12-17 12:22:04,259 - INFO - Selection: rws
2025-12-17 12:22:04,259 - INFO - Crossover: two_points
2025-12-17 12:22:04,260 - INFO - Mutation: swap
2025-12-17 12:22:04,260 - INFO - 
2025-12-17 12:22:04,463 - INFO - Generation 10
2025-12-17 12:22:04,464 - INFO -   Best: 1604.067226
2025-12-17 12:22:04,464 - INFO -   Min: 1604.067226
2025-12-17 12:22:04,464 - INFO -   Max: 1605.605922
2025-12-17 12:22:04,464 - INFO -   Avg: 1604.974959
2025-12-17 12:22:04,465 - INFO -   Std: 0.214258
2025-12-17 12:22:04,633 - INFO - Generation 20
2025-12-17 12:22:04,633 - INFO -   Best: 1603.764633
2025-12-17 12:22:04,634 - INFO -   Min: 1603.764633
2025-12-17 12:22:04,634 - INFO -   Max: 1605.442696
2025-12-17 12:22:04,634 - INFO -   Avg: 1604.945399
2025-12-17 12:22:04,634 - INFO -   Std: 0.258169
2025-12-17 12:22:04,789 - INFO - Generation 30
2025-12-17 12:22:04,789 - INFO -   Best: 1603.637823
2025-12-17 12:22:04,789 - INFO -   Min: 1603.637823
2025-12-17 12:22:04,789 - INFO -   Max: 1605.668460
2025-12-17 12:22:04,790 - INFO -   Avg: 1604.975407
2025-12-17 12:22:04,790 - INFO -   Std: 0.297260
2025-12-17 12:22:04,948 - INFO - Generation 40
2025-12-17 12:22:04,948 - INFO -   Best: 1603.637823
2025-12-17 12:22:04,948 - INFO -   Min: 1603.637823
2025-12-17 12:22:04,948 - INFO -   Max: 1605.758790
2025-12-17 12:22:04,948 - INFO -   Avg: 1605.008731
2025-12-17 12:22:04,949 - INFO -   Std: 0.322949
2025-12-17 12:22:05,105 - INFO - Generation 50
2025-12-17 12:22:05,105 - INFO -   Best: 1603.637823
2025-12-17 12:22:05,106 - INFO -   Min: 1603.637823
2025-12-17 12:22:05,106 - INFO -   Max: 1605.545921
2025-12-17 12:22:05,106 - INFO -   Avg: 1605.011468
2025-12-17 12:22:05,106 - INFO -   Std: 0.270511
2025-12-17 12:22:05,260 - INFO - Generation 60
2025-12-17 12:22:05,260 - INFO -   Best: 1603.637823
2025-12-17 12:22:05,261 - INFO -   Min: 1603.637823
2025-12-17 12:22:05,261 - INFO -   Max: 1605.771476
2025-12-17 12:22:05,261 - INFO -   Avg: 1604.969680
2025-12-17 12:22:05,261 - INFO -   Std: 0.299703
2025-12-17 12:22:05,417 - INFO - Generation 70
2025-12-17 12:22:05,417 - INFO -   Best: 1603.637823
2025-12-17 12:22:05,418 - INFO -   Min: 1603.637823
2025-12-17 12:22:05,418 - INFO -   Max: 1605.679281
2025-12-17 12:22:05,418 - INFO -   Avg: 1605.011099
2025-12-17 12:22:05,418 - INFO -   Std: 0.291689
2025-12-17 12:22:05,569 - INFO - Generation 80
2025-12-17 12:22:05,570 - INFO -   Best: 1603.637823
2025-12-17 12:22:05,570 - INFO -   Min: 1603.637823
2025-12-17 12:22:05,570 - INFO -   Max: 1605.846886
2025-12-17 12:22:05,570 - INFO -   Avg: 1604.987824
2025-12-17 12:22:05,570 - INFO -   Std: 0.362138
2025-12-17 12:22:05,724 - INFO - Generation 90
2025-12-17 12:22:05,724 - INFO -   Best: 1603.637823
2025-12-17 12:22:05,724 - INFO -   Min: 1603.637823
2025-12-17 12:22:05,724 - INFO -   Max: 1606.226099
2025-12-17 12:22:05,725 - INFO -   Avg: 1605.012211
2025-12-17 12:22:05,725 - INFO -   Std: 0.393516
2025-12-17 12:22:05,877 - INFO - Generation 100
2025-12-17 12:22:05,877 - INFO -   Best: 1603.637823
2025-12-17 12:22:05,878 - INFO -   Min: 1603.637823
2025-12-17 12:22:05,878 - INFO -   Max: 1605.999565
2025-12-17 12:22:05,878 - INFO -   Avg: 1604.990850
2025-12-17 12:22:05,878 - INFO -   Std: 0.358107
2025-12-17 12:22:06,036 - INFO - Generation 110
2025-12-17 12:22:06,036 - INFO -   Best: 1603.507797
2025-12-17 12:22:06,036 - INFO -   Min: 1603.507797
2025-12-17 12:22:06,037 - INFO -   Max: 1605.622706
2025-12-17 12:22:06,037 - INFO -   Avg: 1604.947589
2025-12-17 12:22:06,037 - INFO -   Std: 0.363181
2025-12-17 12:22:06,191 - INFO - Generation 120
2025-12-17 12:22:06,191 - INFO -   Best: 1603.507797
2025-12-17 12:22:06,191 - INFO -   Min: 1603.507797
2025-12-17 12:22:06,191 - INFO -   Max: 1605.524056
2025-12-17 12:22:06,191 - INFO -   Avg: 1604.956355
2025-12-17 12:22:06,192 - INFO -   Std: 0.265148
2025-12-17 12:22:06,324 - INFO - Generation 130
2025-12-17 12:22:06,324 - INFO -   Best: 1603.507797
2025-12-17 12:22:06,324 - INFO -   Min: 1603.507797
2025-12-17 12:22:06,324 - INFO -   Max: 1605.748728
2025-12-17 12:22:06,324 - INFO -   Avg: 1604.989799
2025-12-17 12:22:06,325 - INFO -   Std: 0.324463
2025-12-17 12:22:06,446 - INFO - Generation 140
2025-12-17 12:22:06,447 - INFO -   Best: 1603.507797
2025-12-17 12:22:06,447 - INFO -   Min: 1603.507797
2025-12-17 12:22:06,447 - INFO -   Max: 1605.580088
2025-12-17 12:22:06,447 - INFO -   Avg: 1604.992105
2025-12-17 12:22:06,447 - INFO -   Std: 0.329556
2025-12-17 12:22:06,587 - INFO - Generation 150
2025-12-17 12:22:06,587 - INFO -   Best: 1603.507797
2025-12-17 12:22:06,588 - INFO -   Min: 1603.507797
2025-12-17 12:22:06,588 - INFO -   Max: 1605.764176
2025-12-17 12:22:06,588 - INFO -   Avg: 1604.975802
2025-12-17 12:22:06,588 - INFO -   Std: 0.361708
2025-12-17 12:22:06,732 - INFO - Generation 160
2025-12-17 12:22:06,733 - INFO -   Best: 1603.507797
2025-12-17 12:22:06,733 - INFO -   Min: 1603.507797
2025-12-17 12:22:06,733 - INFO -   Max: 1605.832506
2025-12-17 12:22:06,733 - INFO -   Avg: 1605.040559
2025-12-17 12:22:06,733 - INFO -   Std: 0.343218
2025-12-17 12:22:06,887 - INFO - Generation 170
2025-12-17 12:22:06,887 - INFO -   Best: 1603.507797
2025-12-17 12:22:06,887 - INFO -   Min: 1603.507797
2025-12-17 12:22:06,887 - INFO -   Max: 1605.593174
2025-12-17 12:22:06,888 - INFO -   Avg: 1604.970359
2025-12-17 12:22:06,888 - INFO -   Std: 0.332131
2025-12-17 12:22:07,039 - INFO - Generation 180
2025-12-17 12:22:07,040 - INFO -   Best: 1603.507797
2025-12-17 12:22:07,040 - INFO -   Min: 1603.507797
2025-12-17 12:22:07,040 - INFO -   Max: 1606.133036
2025-12-17 12:22:07,040 - INFO -   Avg: 1605.136586
2025-12-17 12:22:07,041 - INFO -   Std: 0.444798
2025-12-17 12:22:07,189 - INFO - Generation 190
2025-12-17 12:22:07,189 - INFO -   Best: 1603.507797
2025-12-17 12:22:07,189 - INFO -   Min: 1603.507797
2025-12-17 12:22:07,190 - INFO -   Max: 1605.713354
2025-12-17 12:22:07,190 - INFO -   Avg: 1605.028150
2025-12-17 12:22:07,190 - INFO -   Std: 0.375276
2025-12-17 12:22:07,302 - INFO - Generation 200
2025-12-17 12:22:07,302 - INFO -   Best: 1603.507797
2025-12-17 12:22:07,302 - INFO -   Min: 1603.507797
2025-12-17 12:22:07,302 - INFO -   Max: 1605.646540
2025-12-17 12:22:07,303 - INFO -   Avg: 1604.900811
2025-12-17 12:22:07,303 - INFO -   Std: 0.356709
2025-12-17 12:22:07,309 - INFO - 
Final best fitness: 1603.5077974815
2025-12-17 12:22:07,310 - INFO - Execution time: 3.02s
