2025-12-17 12:23:34,532 - INFO - Representation: Real
2025-12-17 12:23:34,532 - INFO - Number of genes: 5
2025-12-17 12:23:34,532 - INFO - Bounds: [0, 3.141592653589793]
2025-12-17 12:23:34,533 - INFO - Function: michalewicz
2025-12-17 12:23:34,533 - INFO - Population size: 100
2025-12-17 12:23:34,533 - INFO - Generations: 200
2025-12-17 12:23:34,533 - INFO - Selection: rws
2025-12-17 12:23:34,533 - INFO - Crossover: two_points
2025-12-17 12:23:34,533 - INFO - Mutation: swap
2025-12-17 12:23:34,533 - INFO - 
2025-12-17 12:23:34,585 - INFO - Generation 10
2025-12-17 12:23:34,586 - INFO -   Best: -4.199040
2025-12-17 12:23:34,586 - INFO -   Min: -4.199040
2025-12-17 12:23:34,586 - INFO -   Max: -0.210024
2025-12-17 12:23:34,586 - INFO -   Avg: -2.524541
2025-12-17 12:23:34,587 - INFO -   Std: 0.746787
2025-12-17 12:23:34,631 - INFO - Generation 20
2025-12-17 12:23:34,631 - INFO -   Best: -4.270124
2025-12-17 12:23:34,631 - INFO -   Min: -4.270124
2025-12-17 12:23:34,631 - INFO -   Max: -1.477882
2025-12-17 12:23:34,632 - INFO -   Avg: -3.091419
2025-12-17 12:23:34,632 - INFO -   Std: 0.647686
2025-12-17 12:23:34,675 - INFO - Generation 30
2025-12-17 12:23:34,675 - INFO -   Best: -4.270124
2025-12-17 12:23:34,675 - INFO -   Min: -4.270124
2025-12-17 12:23:34,675 - INFO -   Max: -1.669740
2025-12-17 12:23:34,675 - INFO -   Avg: -3.224454
2025-12-17 12:23:34,676 - INFO -   Std: 0.645228
2025-12-17 12:23:34,716 - INFO - Generation 40
2025-12-17 12:23:34,717 - INFO -   Best: -4.270124
2025-12-17 12:23:34,717 - INFO -   Min: -4.270124
2025-12-17 12:23:34,717 - INFO -   Max: -2.162466
2025-12-17 12:23:34,717 - INFO -   Avg: -3.250585
2025-12-17 12:23:34,718 - INFO -   Std: 0.648560
2025-12-17 12:23:34,757 - INFO - Generation 50
2025-12-17 12:23:34,757 - INFO -   Best: -4.270124
2025-12-17 12:23:34,757 - INFO -   Min: -4.270124
2025-12-17 12:23:34,757 - INFO -   Max: -2.369701
2025-12-17 12:23:34,757 - INFO -   Avg: -3.291308
2025-12-17 12:23:34,758 - INFO -   Std: 0.542303
2025-12-17 12:23:34,798 - INFO - Generation 60
2025-12-17 12:23:34,798 - INFO -   Best: -4.270124
2025-12-17 12:23:34,798 - INFO -   Min: -4.270124
2025-12-17 12:23:34,799 - INFO -   Max: -2.370140
2025-12-17 12:23:34,799 - INFO -   Avg: -3.359243
2025-12-17 12:23:34,799 - INFO -   Std: 0.380468
2025-12-17 12:23:34,838 - INFO - Generation 70
2025-12-17 12:23:34,839 - INFO -   Best: -4.270124
2025-12-17 12:23:34,839 - INFO -   Min: -4.270124
2025-12-17 12:23:34,839 - INFO -   Max: -2.370140
2025-12-17 12:23:34,839 - INFO -   Avg: -3.441260
2025-12-17 12:23:34,839 - INFO -   Std: 0.480352
2025-12-17 12:23:34,879 - INFO - Generation 80
2025-12-17 12:23:34,879 - INFO -   Best: -4.270124
2025-12-17 12:23:34,879 - INFO -   Min: -4.270124
2025-12-17 12:23:34,879 - INFO -   Max: -2.370140
2025-12-17 12:23:34,879 - INFO -   Avg: -3.392523
2025-12-17 12:23:34,880 - INFO -   Std: 0.590069
2025-12-17 12:23:34,918 - INFO - Generation 90
2025-12-17 12:23:34,919 - INFO -   Best: -4.270124
2025-12-17 12:23:34,919 - INFO -   Min: -4.270124
2025-12-17 12:23:34,919 - INFO -   Max: -2.370140
2025-12-17 12:23:34,919 - INFO -   Avg: -3.440284
2025-12-17 12:23:34,919 - INFO -   Std: 0.498974
2025-12-17 12:23:34,958 - INFO - Generation 100
2025-12-17 12:23:34,959 - INFO -   Best: -4.270124
2025-12-17 12:23:34,959 - INFO -   Min: -4.270124
2025-12-17 12:23:34,959 - INFO -   Max: -2.370140
2025-12-17 12:23:34,959 - INFO -   Avg: -3.395451
2025-12-17 12:23:34,959 - INFO -   Std: 0.541981
2025-12-17 12:23:34,999 - INFO - Generation 110
2025-12-17 12:23:34,999 - INFO -   Best: -4.270124
2025-12-17 12:23:34,999 - INFO -   Min: -4.270124
2025-12-17 12:23:35,000 - INFO -   Max: -2.370140
2025-12-17 12:23:35,000 - INFO -   Avg: -3.278977
2025-12-17 12:23:35,000 - INFO -   Std: 0.678042
2025-12-17 12:23:35,038 - INFO - Generation 120
2025-12-17 12:23:35,038 - INFO -   Best: -4.270124
2025-12-17 12:23:35,038 - INFO -   Min: -4.270124
2025-12-17 12:23:35,038 - INFO -   Max: -2.370140
2025-12-17 12:23:35,038 - INFO -   Avg: -3.391251
2025-12-17 12:23:35,039 - INFO -   Std: 0.682186
2025-12-17 12:23:35,079 - INFO - Generation 130
2025-12-17 12:23:35,079 - INFO -   Best: -4.270124
2025-12-17 12:23:35,079 - INFO -   Min: -4.270124
2025-12-17 12:23:35,079 - INFO -   Max: -2.370140
2025-12-17 12:23:35,079 - INFO -   Avg: -3.330189
2025-12-17 12:23:35,079 - INFO -   Std: 0.416294
2025-12-17 12:23:35,118 - INFO - Generation 140
2025-12-17 12:23:35,119 - INFO -   Best: -4.270124
2025-12-17 12:23:35,119 - INFO -   Min: -4.270124
2025-12-17 12:23:35,119 - INFO -   Max: -2.370140
2025-12-17 12:23:35,119 - INFO -   Avg: -3.466343
2025-12-17 12:23:35,119 - INFO -   Std: 0.482735
2025-12-17 12:23:35,157 - INFO - Generation 150
2025-12-17 12:23:35,158 - INFO -   Best: -4.270124
2025-12-17 12:23:35,158 - INFO -   Min: -4.270124
2025-12-17 12:23:35,158 - INFO -   Max: -2.370140
2025-12-17 12:23:35,158 - INFO -   Avg: -3.339655
2025-12-17 12:23:35,158 - INFO -   Std: 0.658825
2025-12-17 12:23:35,197 - INFO - Generation 160
2025-12-17 12:23:35,197 - INFO -   Best: -4.270124
2025-12-17 12:23:35,197 - INFO -   Min: -4.270124
2025-12-17 12:23:35,197 - INFO -   Max: -2.370140
2025-12-17 12:23:35,198 - INFO -   Avg: -3.386213
2025-12-17 12:23:35,198 - INFO -   Std: 0.432478
2025-12-17 12:23:35,237 - INFO - Generation 170
2025-12-17 12:23:35,237 - INFO -   Best: -4.270124
2025-12-17 12:23:35,238 - INFO -   Min: -4.270124
2025-12-17 12:23:35,238 - INFO -   Max: -2.370140
2025-12-17 12:23:35,238 - INFO -   Avg: -3.338452
2025-12-17 12:23:35,238 - INFO -   Std: 0.594211
2025-12-17 12:23:35,279 - INFO - Generation 180
2025-12-17 12:23:35,279 - INFO -   Best: -4.270124
2025-12-17 12:23:35,280 - INFO -   Min: -4.270124
2025-12-17 12:23:35,280 - INFO -   Max: -2.370140
2025-12-17 12:23:35,280 - INFO -   Avg: -3.289715
2025-12-17 12:23:35,280 - INFO -   Std: 0.637576
2025-12-17 12:23:35,319 - INFO - Generation 190
2025-12-17 12:23:35,319 - INFO -   Best: -4.270124
2025-12-17 12:23:35,320 - INFO -   Min: -4.270124
2025-12-17 12:23:35,320 - INFO -   Max: -2.370140
2025-12-17 12:23:35,320 - INFO -   Avg: -3.411749
2025-12-17 12:23:35,320 - INFO -   Std: 0.638777
2025-12-17 12:23:35,360 - INFO - Generation 200
2025-12-17 12:23:35,360 - INFO -   Best: -4.270124
2025-12-17 12:23:35,361 - INFO -   Min: -4.270124
2025-12-17 12:23:35,361 - INFO -   Max: -2.370140
2025-12-17 12:23:35,361 - INFO -   Avg: -3.368642
2025-12-17 12:23:35,361 - INFO -   Std: 0.622152
2025-12-17 12:23:35,364 - INFO - 
Final best fitness: -3.3689385383
2025-12-17 12:23:35,364 - INFO - Execution time: 0.82s
