2025-12-17 11:42:50,727 - INFO - Representation: Real
2025-12-17 11:42:50,727 - INFO - Number of genes: 10
2025-12-17 11:42:50,727 - INFO - Bounds: [-100, 100]
2025-12-17 11:42:50,727 - INFO - Function: f16_2014
2025-12-17 11:42:50,727 - INFO - Population size: 100
2025-12-17 11:42:50,727 - INFO - Generations: 200
2025-12-17 11:42:50,728 - INFO - Selection: tournament
2025-12-17 11:42:50,728 - INFO - Crossover: single_point
2025-12-17 11:42:50,728 - INFO - Mutation: random
2025-12-17 11:42:50,728 - INFO - 
2025-12-17 11:42:50,914 - INFO - Generation 10
2025-12-17 11:42:50,915 - INFO -   Best: 1603.927254
2025-12-17 11:42:50,915 - INFO -   Min: 1603.927254
2025-12-17 11:42:50,915 - INFO -   Max: 1605.809029
2025-12-17 11:42:50,916 - INFO -   Avg: 1604.826675
2025-12-17 11:42:50,916 - INFO -   Std: 0.344410
2025-12-17 11:42:51,064 - INFO - Generation 20
2025-12-17 11:42:51,065 - INFO -   Best: 1603.576163
2025-12-17 11:42:51,065 - INFO -   Min: 1603.576163
2025-12-17 11:42:51,065 - INFO -   Max: 1605.923064
2025-12-17 11:42:51,065 - INFO -   Avg: 1604.734111
2025-12-17 11:42:51,065 - INFO -   Std: 0.434295
2025-12-17 11:42:51,213 - INFO - Generation 30
2025-12-17 11:42:51,213 - INFO -   Best: 1603.229447
2025-12-17 11:42:51,214 - INFO -   Min: 1603.229447
2025-12-17 11:42:51,214 - INFO -   Max: 1605.852303
2025-12-17 11:42:51,214 - INFO -   Avg: 1604.509466
2025-12-17 11:42:51,214 - INFO -   Std: 0.542073
2025-12-17 11:42:51,358 - INFO - Generation 40
2025-12-17 11:42:51,358 - INFO -   Best: 1602.902590
2025-12-17 11:42:51,358 - INFO -   Min: 1602.902590
2025-12-17 11:42:51,359 - INFO -   Max: 1605.803681
2025-12-17 11:42:51,359 - INFO -   Avg: 1604.120202
2025-12-17 11:42:51,359 - INFO -   Std: 0.624078
2025-12-17 11:42:51,494 - INFO - Generation 50
2025-12-17 11:42:51,495 - INFO -   Best: 1602.902590
2025-12-17 11:42:51,495 - INFO -   Min: 1602.902590
2025-12-17 11:42:51,495 - INFO -   Max: 1605.698428
2025-12-17 11:42:51,495 - INFO -   Avg: 1604.252209
2025-12-17 11:42:51,495 - INFO -   Std: 0.691461
2025-12-17 11:42:51,626 - INFO - Generation 60
2025-12-17 11:42:51,627 - INFO -   Best: 1602.795333
2025-12-17 11:42:51,627 - INFO -   Min: 1602.795333
2025-12-17 11:42:51,627 - INFO -   Max: 1605.623193
2025-12-17 11:42:51,627 - INFO -   Avg: 1603.950126
2025-12-17 11:42:51,627 - INFO -   Std: 0.712051
2025-12-17 11:42:51,768 - INFO - Generation 70
2025-12-17 11:42:51,768 - INFO -   Best: 1602.692205
2025-12-17 11:42:51,769 - INFO -   Min: 1602.692205
2025-12-17 11:42:51,769 - INFO -   Max: 1605.727270
2025-12-17 11:42:51,769 - INFO -   Avg: 1604.281321
2025-12-17 11:42:51,769 - INFO -   Std: 0.798769
2025-12-17 11:42:51,902 - INFO - Generation 80
2025-12-17 11:42:51,902 - INFO -   Best: 1602.692205
2025-12-17 11:42:51,903 - INFO -   Min: 1602.692205
2025-12-17 11:42:51,903 - INFO -   Max: 1605.776781
2025-12-17 11:42:51,903 - INFO -   Avg: 1604.096263
2025-12-17 11:42:51,903 - INFO -   Std: 0.750910
2025-12-17 11:42:52,036 - INFO - Generation 90
2025-12-17 11:42:52,036 - INFO -   Best: 1602.637805
2025-12-17 11:42:52,036 - INFO -   Min: 1602.637805
2025-12-17 11:42:52,036 - INFO -   Max: 1606.218758
2025-12-17 11:42:52,037 - INFO -   Avg: 1604.013098
2025-12-17 11:42:52,037 - INFO -   Std: 0.865794
2025-12-17 11:42:52,170 - INFO - Generation 100
2025-12-17 11:42:52,170 - INFO -   Best: 1602.637805
2025-12-17 11:42:52,171 - INFO -   Min: 1602.637805
2025-12-17 11:42:52,171 - INFO -   Max: 1606.144146
2025-12-17 11:42:52,171 - INFO -   Avg: 1604.107076
2025-12-17 11:42:52,171 - INFO -   Std: 0.811704
2025-12-17 11:42:52,298 - INFO - Generation 110
2025-12-17 11:42:52,298 - INFO -   Best: 1602.637805
2025-12-17 11:42:52,298 - INFO -   Min: 1602.637805
2025-12-17 11:42:52,299 - INFO -   Max: 1605.640149
2025-12-17 11:42:52,299 - INFO -   Avg: 1603.892813
2025-12-17 11:42:52,299 - INFO -   Std: 0.879975
2025-12-17 11:42:52,430 - INFO - Generation 120
2025-12-17 11:42:52,430 - INFO -   Best: 1602.637805
2025-12-17 11:42:52,431 - INFO -   Min: 1602.637805
2025-12-17 11:42:52,431 - INFO -   Max: 1605.767301
2025-12-17 11:42:52,431 - INFO -   Avg: 1604.044131
2025-12-17 11:42:52,431 - INFO -   Std: 0.838362
2025-12-17 11:42:52,567 - INFO - Generation 130
2025-12-17 11:42:52,568 - INFO -   Best: 1602.372493
2025-12-17 11:42:52,568 - INFO -   Min: 1602.372493
2025-12-17 11:42:52,568 - INFO -   Max: 1605.847327
2025-12-17 11:42:52,568 - INFO -   Avg: 1604.145928
2025-12-17 11:42:52,568 - INFO -   Std: 0.880937
2025-12-17 11:42:52,694 - INFO - Generation 140
2025-12-17 11:42:52,695 - INFO -   Best: 1602.372493
2025-12-17 11:42:52,695 - INFO -   Min: 1602.372493
2025-12-17 11:42:52,695 - INFO -   Max: 1605.758013
2025-12-17 11:42:52,695 - INFO -   Avg: 1603.781862
2025-12-17 11:42:52,695 - INFO -   Std: 0.849029
2025-12-17 11:42:52,821 - INFO - Generation 150
2025-12-17 11:42:52,822 - INFO -   Best: 1602.366432
2025-12-17 11:42:52,822 - INFO -   Min: 1602.366432
2025-12-17 11:42:52,822 - INFO -   Max: 1606.209218
2025-12-17 11:42:52,822 - INFO -   Avg: 1604.106017
2025-12-17 11:42:52,822 - INFO -   Std: 0.926343
2025-12-17 11:42:52,949 - INFO - Generation 160
2025-12-17 11:42:52,949 - INFO -   Best: 1602.366432
2025-12-17 11:42:52,950 - INFO -   Min: 1602.366432
2025-12-17 11:42:52,950 - INFO -   Max: 1605.646954
2025-12-17 11:42:52,950 - INFO -   Avg: 1603.955596
2025-12-17 11:42:52,950 - INFO -   Std: 0.877842
2025-12-17 11:42:53,087 - INFO - Generation 170
2025-12-17 11:42:53,087 - INFO -   Best: 1602.230321
2025-12-17 11:42:53,087 - INFO -   Min: 1602.230321
2025-12-17 11:42:53,088 - INFO -   Max: 1605.916545
2025-12-17 11:42:53,088 - INFO -   Avg: 1604.029400
2025-12-17 11:42:53,088 - INFO -   Std: 0.930721
2025-12-17 11:42:53,220 - INFO - Generation 180
2025-12-17 11:42:53,220 - INFO -   Best: 1602.187192
2025-12-17 11:42:53,220 - INFO -   Min: 1602.187192
2025-12-17 11:42:53,220 - INFO -   Max: 1605.825421
2025-12-17 11:42:53,220 - INFO -   Avg: 1603.939970
2025-12-17 11:42:53,220 - INFO -   Std: 0.949120
2025-12-17 11:42:53,354 - INFO - Generation 190
2025-12-17 11:42:53,355 - INFO -   Best: 1602.187192
2025-12-17 11:42:53,355 - INFO -   Min: 1602.187192
2025-12-17 11:42:53,355 - INFO -   Max: 1605.587492
2025-12-17 11:42:53,355 - INFO -   Avg: 1603.995629
2025-12-17 11:42:53,355 - INFO -   Std: 0.899077
2025-12-17 11:42:53,483 - INFO - Generation 200
2025-12-17 11:42:53,483 - INFO -   Best: 1602.187192
2025-12-17 11:42:53,483 - INFO -   Min: 1602.187192
2025-12-17 11:42:53,483 - INFO -   Max: 1605.591004
2025-12-17 11:42:53,484 - INFO -   Avg: 1603.952272
2025-12-17 11:42:53,484 - INFO -   Std: 1.037930
2025-12-17 11:42:53,492 - INFO - 
Final best fitness: 1602.2486984778
2025-12-17 11:42:53,493 - INFO - Execution time: 2.74s
