2025-12-17 11:34:45,456 - INFO - Representation: Real
2025-12-17 11:34:45,456 - INFO - Number of genes: 5
2025-12-17 11:34:45,456 - INFO - Bounds: [0, 3.141592653589793]
2025-12-17 11:34:45,456 - INFO - Function: michalewicz
2025-12-17 11:34:45,457 - INFO - Population size: 100
2025-12-17 11:34:45,457 - INFO - Generations: 200
2025-12-17 11:34:45,457 - INFO - Selection: tournament
2025-12-17 11:34:45,457 - INFO - Crossover: single_point
2025-12-17 11:34:45,457 - INFO - Mutation: random
2025-12-17 11:34:45,457 - INFO - 
2025-12-17 11:34:45,508 - INFO - Generation 10
2025-12-17 11:34:45,508 - INFO -   Best: -4.539234
2025-12-17 11:34:45,509 - INFO -   Min: -4.539234
2025-12-17 11:34:45,509 - INFO -   Max: -1.320478
2025-12-17 11:34:45,509 - INFO -   Avg: -3.732951
2025-12-17 11:34:45,509 - INFO -   Std: 0.716257
2025-12-17 11:34:45,549 - INFO - Generation 20
2025-12-17 11:34:45,549 - INFO -   Best: -4.539705
2025-12-17 11:34:45,550 - INFO -   Min: -4.539705
2025-12-17 11:34:45,550 - INFO -   Max: -1.391552
2025-12-17 11:34:45,550 - INFO -   Avg: -3.989938
2025-12-17 11:34:45,550 - INFO -   Std: 0.687698
2025-12-17 11:34:45,590 - INFO - Generation 30
2025-12-17 11:34:45,590 - INFO -   Best: -4.551235
2025-12-17 11:34:45,590 - INFO -   Min: -4.551235
2025-12-17 11:34:45,590 - INFO -   Max: -1.225840
2025-12-17 11:34:45,590 - INFO -   Avg: -3.804591
2025-12-17 11:34:45,591 - INFO -   Std: 0.804329
2025-12-17 11:34:45,631 - INFO - Generation 40
2025-12-17 11:34:45,631 - INFO -   Best: -4.552506
2025-12-17 11:34:45,632 - INFO -   Min: -4.552506
2025-12-17 11:34:45,632 - INFO -   Max: -1.703988
2025-12-17 11:34:45,632 - INFO -   Avg: -4.091245
2025-12-17 11:34:45,632 - INFO -   Std: 0.615628
2025-12-17 11:34:45,673 - INFO - Generation 50
2025-12-17 11:34:45,673 - INFO -   Best: -4.552860
2025-12-17 11:34:45,674 - INFO -   Min: -4.552860
2025-12-17 11:34:45,674 - INFO -   Max: -1.727723
2025-12-17 11:34:45,674 - INFO -   Avg: -4.027529
2025-12-17 11:34:45,674 - INFO -   Std: 0.672831
2025-12-17 11:34:45,715 - INFO - Generation 60
2025-12-17 11:34:45,716 - INFO -   Best: -4.552860
2025-12-17 11:34:45,716 - INFO -   Min: -4.552860
2025-12-17 11:34:45,716 - INFO -   Max: -1.553742
2025-12-17 11:34:45,716 - INFO -   Avg: -3.991090
2025-12-17 11:34:45,716 - INFO -   Std: 0.695372
2025-12-17 11:34:45,757 - INFO - Generation 70
2025-12-17 11:34:45,757 - INFO -   Best: -4.552860
2025-12-17 11:34:45,757 - INFO -   Min: -4.552860
2025-12-17 11:34:45,757 - INFO -   Max: -1.824996
2025-12-17 11:34:45,757 - INFO -   Avg: -4.008919
2025-12-17 11:34:45,758 - INFO -   Std: 0.679056
2025-12-17 11:34:45,800 - INFO - Generation 80
2025-12-17 11:34:45,800 - INFO -   Best: -4.553066
2025-12-17 11:34:45,800 - INFO -   Min: -4.553066
2025-12-17 11:34:45,801 - INFO -   Max: -1.314506
2025-12-17 11:34:45,801 - INFO -   Avg: -3.998167
2025-12-17 11:34:45,801 - INFO -   Std: 0.726051
2025-12-17 11:34:45,841 - INFO - Generation 90
2025-12-17 11:34:45,841 - INFO -   Best: -4.553066
2025-12-17 11:34:45,841 - INFO -   Min: -4.553066
2025-12-17 11:34:45,841 - INFO -   Max: -1.745942
2025-12-17 11:34:45,841 - INFO -   Avg: -3.942023
2025-12-17 11:34:45,842 - INFO -   Std: 0.738844
2025-12-17 11:34:45,882 - INFO - Generation 100
2025-12-17 11:34:45,882 - INFO -   Best: -4.553066
2025-12-17 11:34:45,882 - INFO -   Min: -4.553066
2025-12-17 11:34:45,882 - INFO -   Max: -1.688015
2025-12-17 11:34:45,883 - INFO -   Avg: -4.058938
2025-12-17 11:34:45,883 - INFO -   Std: 0.695198
2025-12-17 11:34:45,922 - INFO - Generation 110
2025-12-17 11:34:45,922 - INFO -   Best: -4.553066
2025-12-17 11:34:45,923 - INFO -   Min: -4.553066
2025-12-17 11:34:45,923 - INFO -   Max: -2.142917
2025-12-17 11:34:45,923 - INFO -   Avg: -3.992786
2025-12-17 11:34:45,923 - INFO -   Std: 0.642475
2025-12-17 11:34:45,961 - INFO - Generation 120
2025-12-17 11:34:45,961 - INFO -   Best: -4.553419
2025-12-17 11:34:45,962 - INFO -   Min: -4.553419
2025-12-17 11:34:45,962 - INFO -   Max: -2.091392
2025-12-17 11:34:45,962 - INFO -   Avg: -4.114020
2025-12-17 11:34:45,962 - INFO -   Std: 0.624366
2025-12-17 11:34:46,004 - INFO - Generation 130
2025-12-17 11:34:46,004 - INFO -   Best: -4.553419
2025-12-17 11:34:46,005 - INFO -   Min: -4.553419
2025-12-17 11:34:46,005 - INFO -   Max: -1.827745
2025-12-17 11:34:46,005 - INFO -   Avg: -4.016570
2025-12-17 11:34:46,005 - INFO -   Std: 0.691178
2025-12-17 11:34:46,046 - INFO - Generation 140
2025-12-17 11:34:46,046 - INFO -   Best: -4.553419
2025-12-17 11:34:46,046 - INFO -   Min: -4.553419
2025-12-17 11:34:46,046 - INFO -   Max: -1.848924
2025-12-17 11:34:46,046 - INFO -   Avg: -3.954799
2025-12-17 11:34:46,046 - INFO -   Std: 0.698189
2025-12-17 11:34:46,086 - INFO - Generation 150
2025-12-17 11:34:46,086 - INFO -   Best: -4.553419
2025-12-17 11:34:46,086 - INFO -   Min: -4.553419
2025-12-17 11:34:46,086 - INFO -   Max: -1.472556
2025-12-17 11:34:46,086 - INFO -   Avg: -4.034833
2025-12-17 11:34:46,087 - INFO -   Std: 0.647696
2025-12-17 11:34:46,137 - INFO - Generation 160
2025-12-17 11:34:46,137 - INFO -   Best: -4.553419
2025-12-17 11:34:46,137 - INFO -   Min: -4.553419
2025-12-17 11:34:46,137 - INFO -   Max: -1.825607
2025-12-17 11:34:46,138 - INFO -   Avg: -4.215036
2025-12-17 11:34:46,138 - INFO -   Std: 0.615701
2025-12-17 11:34:46,183 - INFO - Generation 170
2025-12-17 11:34:46,183 - INFO -   Best: -4.553419
2025-12-17 11:34:46,183 - INFO -   Min: -4.553419
2025-12-17 11:34:46,184 - INFO -   Max: -1.758339
2025-12-17 11:34:46,184 - INFO -   Avg: -4.068683
2025-12-17 11:34:46,184 - INFO -   Std: 0.681705
2025-12-17 11:34:46,223 - INFO - Generation 180
2025-12-17 11:34:46,223 - INFO -   Best: -4.553419
2025-12-17 11:34:46,223 - INFO -   Min: -4.553419
2025-12-17 11:34:46,223 - INFO -   Max: -2.326513
2025-12-17 11:34:46,224 - INFO -   Avg: -4.109401
2025-12-17 11:34:46,224 - INFO -   Std: 0.603011
2025-12-17 11:34:46,262 - INFO - Generation 190
2025-12-17 11:34:46,263 - INFO -   Best: -4.553419
2025-12-17 11:34:46,263 - INFO -   Min: -4.553419
2025-12-17 11:34:46,263 - INFO -   Max: -1.472071
2025-12-17 11:34:46,263 - INFO -   Avg: -4.171717
2025-12-17 11:34:46,263 - INFO -   Std: 0.600401
2025-12-17 11:34:46,305 - INFO - Generation 200
2025-12-17 11:34:46,306 - INFO -   Best: -4.553419
2025-12-17 11:34:46,306 - INFO -   Min: -4.553419
2025-12-17 11:34:46,306 - INFO -   Max: -2.032035
2025-12-17 11:34:46,306 - INFO -   Avg: -3.969593
2025-12-17 11:34:46,306 - INFO -   Std: 0.706741
2025-12-17 11:34:46,309 - INFO - 
Final best fitness: -4.4506537572
2025-12-17 11:34:46,309 - INFO - Execution time: 0.84s
2025-12-17 11:35:11,196 - INFO - Representation: Real
2025-12-17 11:35:11,196 - INFO - Number of genes: 10
2025-12-17 11:35:11,196 - INFO - Bounds: [0, 3.141592653589793]
2025-12-17 11:35:11,196 - INFO - Function: michalewicz
2025-12-17 11:35:11,196 - INFO - Population size: 100
2025-12-17 11:35:11,196 - INFO - Generations: 200
2025-12-17 11:35:11,197 - INFO - Selection: tournament
2025-12-17 11:35:11,197 - INFO - Crossover: single_point
2025-12-17 11:35:11,197 - INFO - Mutation: random
2025-12-17 11:35:11,197 - INFO - 
2025-12-17 11:35:11,267 - INFO - Generation 10
2025-12-17 11:35:11,267 - INFO -   Best: -6.725722
2025-12-17 11:35:11,268 - INFO -   Min: -6.725722
2025-12-17 11:35:11,268 - INFO -   Max: -1.623248
2025-12-17 11:35:11,268 - INFO -   Avg: -4.480557
2025-12-17 11:35:11,268 - INFO -   Std: 0.873605
2025-12-17 11:35:11,324 - INFO - Generation 20
2025-12-17 11:35:11,325 - INFO -   Best: -7.273862
2025-12-17 11:35:11,325 - INFO -   Min: -7.273862
2025-12-17 11:35:11,325 - INFO -   Max: -3.379950
2025-12-17 11:35:11,325 - INFO -   Avg: -5.937086
2025-12-17 11:35:11,325 - INFO -   Std: 0.908199
2025-12-17 11:35:11,382 - INFO - Generation 30
2025-12-17 11:35:11,382 - INFO -   Best: -7.273862
2025-12-17 11:35:11,382 - INFO -   Min: -7.273862
2025-12-17 11:35:11,383 - INFO -   Max: -3.638610
2025-12-17 11:35:11,383 - INFO -   Avg: -6.271935
2025-12-17 11:35:11,383 - INFO -   Std: 0.925915
2025-12-17 11:35:11,439 - INFO - Generation 40
2025-12-17 11:35:11,439 - INFO -   Best: -7.533527
2025-12-17 11:35:11,439 - INFO -   Min: -7.533527
2025-12-17 11:35:11,439 - INFO -   Max: -3.540712
2025-12-17 11:35:11,440 - INFO -   Avg: -6.426361
2025-12-17 11:35:11,440 - INFO -   Std: 0.838983
2025-12-17 11:35:11,503 - INFO - Generation 50
2025-12-17 11:35:11,504 - INFO -   Best: -7.533527
2025-12-17 11:35:11,504 - INFO -   Min: -7.533527
2025-12-17 11:35:11,504 - INFO -   Max: -3.513467
2025-12-17 11:35:11,504 - INFO -   Avg: -6.329428
2025-12-17 11:35:11,504 - INFO -   Std: 0.923877
2025-12-17 11:35:11,570 - INFO - Generation 60
2025-12-17 11:35:11,570 - INFO -   Best: -7.566056
2025-12-17 11:35:11,570 - INFO -   Min: -7.566056
2025-12-17 11:35:11,570 - INFO -   Max: -3.079687
2025-12-17 11:35:11,571 - INFO -   Avg: -6.458691
2025-12-17 11:35:11,571 - INFO -   Std: 0.805954
2025-12-17 11:35:11,628 - INFO - Generation 70
2025-12-17 11:35:11,628 - INFO -   Best: -7.609754
2025-12-17 11:35:11,628 - INFO -   Min: -7.609754
2025-12-17 11:35:11,628 - INFO -   Max: -4.354552
2025-12-17 11:35:11,628 - INFO -   Avg: -6.544680
2025-12-17 11:35:11,629 - INFO -   Std: 0.770194
2025-12-17 11:35:11,686 - INFO - Generation 80
2025-12-17 11:35:11,686 - INFO -   Best: -7.609754
2025-12-17 11:35:11,686 - INFO -   Min: -7.609754
2025-12-17 11:35:11,686 - INFO -   Max: -3.103885
2025-12-17 11:35:11,686 - INFO -   Avg: -6.425508
2025-12-17 11:35:11,687 - INFO -   Std: 0.884963
2025-12-17 11:35:11,743 - INFO - Generation 90
2025-12-17 11:35:11,743 - INFO -   Best: -7.609754
2025-12-17 11:35:11,744 - INFO -   Min: -7.609754
2025-12-17 11:35:11,744 - INFO -   Max: -3.172824
2025-12-17 11:35:11,744 - INFO -   Avg: -6.270882
2025-12-17 11:35:11,744 - INFO -   Std: 1.044574
2025-12-17 11:35:11,802 - INFO - Generation 100
2025-12-17 11:35:11,803 - INFO -   Best: -8.033378
2025-12-17 11:35:11,803 - INFO -   Min: -8.033378
2025-12-17 11:35:11,803 - INFO -   Max: -2.699743
2025-12-17 11:35:11,803 - INFO -   Avg: -6.613982
2025-12-17 11:35:11,803 - INFO -   Std: 0.956744
2025-12-17 11:35:11,861 - INFO - Generation 110
2025-12-17 11:35:11,862 - INFO -   Best: -8.033378
2025-12-17 11:35:11,862 - INFO -   Min: -8.033378
2025-12-17 11:35:11,862 - INFO -   Max: -4.609307
2025-12-17 11:35:11,862 - INFO -   Avg: -6.705355
2025-12-17 11:35:11,862 - INFO -   Std: 0.932800
2025-12-17 11:35:11,921 - INFO - Generation 120
2025-12-17 11:35:11,921 - INFO -   Best: -8.033378
2025-12-17 11:35:11,921 - INFO -   Min: -8.033378
2025-12-17 11:35:11,921 - INFO -   Max: -4.072189
2025-12-17 11:35:11,922 - INFO -   Avg: -6.587916
2025-12-17 11:35:11,922 - INFO -   Std: 0.988795
2025-12-17 11:35:11,978 - INFO - Generation 130
2025-12-17 11:35:11,979 - INFO -   Best: -8.033378
2025-12-17 11:35:11,979 - INFO -   Min: -8.033378
2025-12-17 11:35:11,979 - INFO -   Max: -4.378338
2025-12-17 11:35:11,979 - INFO -   Avg: -7.041673
2025-12-17 11:35:11,979 - INFO -   Std: 0.860700
2025-12-17 11:35:12,036 - INFO - Generation 140
2025-12-17 11:35:12,036 - INFO -   Best: -8.135657
2025-12-17 11:35:12,036 - INFO -   Min: -8.135657
2025-12-17 11:35:12,036 - INFO -   Max: -2.481366
2025-12-17 11:35:12,037 - INFO -   Avg: -6.863426
2025-12-17 11:35:12,037 - INFO -   Std: 1.032008
2025-12-17 11:35:12,096 - INFO - Generation 150
2025-12-17 11:35:12,096 - INFO -   Best: -8.327876
2025-12-17 11:35:12,097 - INFO -   Min: -8.327876
2025-12-17 11:35:12,097 - INFO -   Max: -3.207167
2025-12-17 11:35:12,097 - INFO -   Avg: -6.757558
2025-12-17 11:35:12,097 - INFO -   Std: 1.146317
2025-12-17 11:35:12,155 - INFO - Generation 160
2025-12-17 11:35:12,155 - INFO -   Best: -8.432389
2025-12-17 11:35:12,155 - INFO -   Min: -8.432389
2025-12-17 11:35:12,155 - INFO -   Max: -3.133888
2025-12-17 11:35:12,155 - INFO -   Avg: -7.183530
2025-12-17 11:35:12,156 - INFO -   Std: 0.956608
2025-12-17 11:35:12,213 - INFO - Generation 170
2025-12-17 11:35:12,213 - INFO -   Best: -8.798433
2025-12-17 11:35:12,214 - INFO -   Min: -8.798433
2025-12-17 11:35:12,214 - INFO -   Max: -4.724871
2025-12-17 11:35:12,214 - INFO -   Avg: -7.117888
2025-12-17 11:35:12,214 - INFO -   Std: 1.022260
2025-12-17 11:35:12,273 - INFO - Generation 180
2025-12-17 11:35:12,273 - INFO -   Best: -8.839719
2025-12-17 11:35:12,273 - INFO -   Min: -8.839719
2025-12-17 11:35:12,273 - INFO -   Max: -2.282066
2025-12-17 11:35:12,273 - INFO -   Avg: -7.181156
2025-12-17 11:35:12,273 - INFO -   Std: 1.151382
2025-12-17 11:35:12,329 - INFO - Generation 190
2025-12-17 11:35:12,330 - INFO -   Best: -8.839719
2025-12-17 11:35:12,330 - INFO -   Min: -8.839719
2025-12-17 11:35:12,330 - INFO -   Max: -5.040757
2025-12-17 11:35:12,330 - INFO -   Avg: -7.282309
2025-12-17 11:35:12,330 - INFO -   Std: 1.055602
2025-12-17 11:35:12,386 - INFO - Generation 200
2025-12-17 11:35:12,386 - INFO -   Best: -8.839719
2025-12-17 11:35:12,386 - INFO -   Min: -8.839719
2025-12-17 11:35:12,387 - INFO -   Max: -2.219717
2025-12-17 11:35:12,387 - INFO -   Avg: -7.317275
2025-12-17 11:35:12,387 - INFO -   Std: 1.132871
2025-12-17 11:35:12,390 - INFO - 
Final best fitness: -8.1405635906
2025-12-17 11:35:12,390 - INFO - Execution time: 1.18s
2025-12-17 11:36:41,597 - INFO - Representation: Real
2025-12-17 11:36:41,597 - INFO - Number of genes: 5
2025-12-17 11:36:41,597 - INFO - Bounds: [0, 3.141592653589793]
2025-12-17 11:36:41,597 - INFO - Function: michalewicz
2025-12-17 11:36:41,598 - INFO - Population size: 100
2025-12-17 11:36:41,598 - INFO - Generations: 200
2025-12-17 11:36:41,598 - INFO - Selection: tournament
2025-12-17 11:36:41,598 - INFO - Crossover: single_point
2025-12-17 11:36:41,598 - INFO - Mutation: random
2025-12-17 11:36:41,598 - INFO - 
2025-12-17 11:36:41,647 - INFO - Generation 10
2025-12-17 11:36:41,648 - INFO -   Best: -4.485401
2025-12-17 11:36:41,648 - INFO -   Min: -4.485401
2025-12-17 11:36:41,648 - INFO -   Max: -1.428868
2025-12-17 11:36:41,648 - INFO -   Avg: -3.254477
2025-12-17 11:36:41,648 - INFO -   Std: 0.577530
2025-12-17 11:36:41,689 - INFO - Generation 20
2025-12-17 11:36:41,689 - INFO -   Best: -4.489058
2025-12-17 11:36:41,689 - INFO -   Min: -4.489058
2025-12-17 11:36:41,690 - INFO -   Max: -1.718741
2025-12-17 11:36:41,690 - INFO -   Avg: -4.006364
2025-12-17 11:36:41,690 - INFO -   Std: 0.653590
2025-12-17 11:36:41,729 - INFO - Generation 30
2025-12-17 11:36:41,729 - INFO -   Best: -4.494033
2025-12-17 11:36:41,729 - INFO -   Min: -4.494033
2025-12-17 11:36:41,729 - INFO -   Max: -1.970122
2025-12-17 11:36:41,729 - INFO -   Avg: -3.922895
2025-12-17 11:36:41,730 - INFO -   Std: 0.653968
2025-12-17 11:36:41,769 - INFO - Generation 40
2025-12-17 11:36:41,769 - INFO -   Best: -4.494035
2025-12-17 11:36:41,769 - INFO -   Min: -4.494035
2025-12-17 11:36:41,770 - INFO -   Max: -0.535304
2025-12-17 11:36:41,770 - INFO -   Avg: -3.909161
2025-12-17 11:36:41,770 - INFO -   Std: 0.751496
2025-12-17 11:36:41,810 - INFO - Generation 50
2025-12-17 11:36:41,811 - INFO -   Best: -4.494035
2025-12-17 11:36:41,811 - INFO -   Min: -4.494035
2025-12-17 11:36:41,811 - INFO -   Max: -1.832635
2025-12-17 11:36:41,811 - INFO -   Avg: -4.035077
2025-12-17 11:36:41,811 - INFO -   Std: 0.626038
2025-12-17 11:36:41,852 - INFO - Generation 60
2025-12-17 11:36:41,852 - INFO -   Best: -4.510989
2025-12-17 11:36:41,852 - INFO -   Min: -4.510989
2025-12-17 11:36:41,852 - INFO -   Max: -1.463418
2025-12-17 11:36:41,852 - INFO -   Avg: -3.919183
2025-12-17 11:36:41,853 - INFO -   Std: 0.694496
2025-12-17 11:36:41,893 - INFO - Generation 70
2025-12-17 11:36:41,893 - INFO -   Best: -4.568004
2025-12-17 11:36:41,893 - INFO -   Min: -4.568004
2025-12-17 11:36:41,893 - INFO -   Max: -0.685761
2025-12-17 11:36:41,893 - INFO -   Avg: -4.036012
2025-12-17 11:36:41,894 - INFO -   Std: 0.749792
2025-12-17 11:36:41,934 - INFO - Generation 80
2025-12-17 11:36:41,934 - INFO -   Best: -4.574597
2025-12-17 11:36:41,935 - INFO -   Min: -4.574597
2025-12-17 11:36:41,935 - INFO -   Max: -1.923631
2025-12-17 11:36:41,935 - INFO -   Avg: -3.924466
2025-12-17 11:36:41,935 - INFO -   Std: 0.669252
2025-12-17 11:36:41,977 - INFO - Generation 90
2025-12-17 11:36:41,978 - INFO -   Best: -4.574597
2025-12-17 11:36:41,978 - INFO -   Min: -4.574597
2025-12-17 11:36:41,978 - INFO -   Max: -1.721341
2025-12-17 11:36:41,978 - INFO -   Avg: -4.101977
2025-12-17 11:36:41,978 - INFO -   Std: 0.707970
2025-12-17 11:36:42,019 - INFO - Generation 100
2025-12-17 11:36:42,019 - INFO -   Best: -4.574597
2025-12-17 11:36:42,019 - INFO -   Min: -4.574597
2025-12-17 11:36:42,020 - INFO -   Max: -2.387000
2025-12-17 11:36:42,020 - INFO -   Avg: -3.952128
2025-12-17 11:36:42,020 - INFO -   Std: 0.641954
2025-12-17 11:36:42,061 - INFO - Generation 110
2025-12-17 11:36:42,061 - INFO -   Best: -4.574597
2025-12-17 11:36:42,061 - INFO -   Min: -4.574597
2025-12-17 11:36:42,061 - INFO -   Max: -0.834571
2025-12-17 11:36:42,061 - INFO -   Avg: -4.044931
2025-12-17 11:36:42,062 - INFO -   Std: 0.708360
2025-12-17 11:36:42,101 - INFO - Generation 120
2025-12-17 11:36:42,101 - INFO -   Best: -4.574597
2025-12-17 11:36:42,101 - INFO -   Min: -4.574597
2025-12-17 11:36:42,102 - INFO -   Max: -1.331804
2025-12-17 11:36:42,102 - INFO -   Avg: -4.093567
2025-12-17 11:36:42,102 - INFO -   Std: 0.645495
2025-12-17 11:36:42,141 - INFO - Generation 130
2025-12-17 11:36:42,141 - INFO -   Best: -4.574646
2025-12-17 11:36:42,142 - INFO -   Min: -4.574646
2025-12-17 11:36:42,142 - INFO -   Max: -1.760685
2025-12-17 11:36:42,142 - INFO -   Avg: -4.163179
2025-12-17 11:36:42,142 - INFO -   Std: 0.604871
2025-12-17 11:36:42,181 - INFO - Generation 140
2025-12-17 11:36:42,182 - INFO -   Best: -4.574646
2025-12-17 11:36:42,182 - INFO -   Min: -4.574646
2025-12-17 11:36:42,182 - INFO -   Max: -1.790078
2025-12-17 11:36:42,182 - INFO -   Avg: -4.122274
2025-12-17 11:36:42,182 - INFO -   Std: 0.627956
2025-12-17 11:36:42,223 - INFO - Generation 150
2025-12-17 11:36:42,224 - INFO -   Best: -4.574646
2025-12-17 11:36:42,224 - INFO -   Min: -4.574646
2025-12-17 11:36:42,224 - INFO -   Max: -2.123839
2025-12-17 11:36:42,224 - INFO -   Avg: -4.057789
2025-12-17 11:36:42,224 - INFO -   Std: 0.610156
2025-12-17 11:36:42,264 - INFO - Generation 160
2025-12-17 11:36:42,265 - INFO -   Best: -4.574646
2025-12-17 11:36:42,265 - INFO -   Min: -4.574646
2025-12-17 11:36:42,265 - INFO -   Max: -1.585415
2025-12-17 11:36:42,265 - INFO -   Avg: -4.192252
2025-12-17 11:36:42,265 - INFO -   Std: 0.613404
2025-12-17 11:36:42,306 - INFO - Generation 170
2025-12-17 11:36:42,306 - INFO -   Best: -4.574646
2025-12-17 11:36:42,306 - INFO -   Min: -4.574646
2025-12-17 11:36:42,306 - INFO -   Max: -1.873002
2025-12-17 11:36:42,306 - INFO -   Avg: -4.015787
2025-12-17 11:36:42,306 - INFO -   Std: 0.681890
2025-12-17 11:36:42,346 - INFO - Generation 180
2025-12-17 11:36:42,347 - INFO -   Best: -4.574646
2025-12-17 11:36:42,347 - INFO -   Min: -4.574646
2025-12-17 11:36:42,347 - INFO -   Max: -1.940493
2025-12-17 11:36:42,347 - INFO -   Avg: -4.107021
2025-12-17 11:36:42,347 - INFO -   Std: 0.675454
2025-12-17 11:36:42,388 - INFO - Generation 190
2025-12-17 11:36:42,388 - INFO -   Best: -4.574646
2025-12-17 11:36:42,389 - INFO -   Min: -4.574646
2025-12-17 11:36:42,389 - INFO -   Max: -0.612283
2025-12-17 11:36:42,389 - INFO -   Avg: -3.946527
2025-12-17 11:36:42,389 - INFO -   Std: 0.841874
2025-12-17 11:36:42,429 - INFO - Generation 200
2025-12-17 11:36:42,429 - INFO -   Best: -4.574646
2025-12-17 11:36:42,429 - INFO -   Min: -4.574646
2025-12-17 11:36:42,429 - INFO -   Max: -1.849253
2025-12-17 11:36:42,430 - INFO -   Avg: -3.960127
2025-12-17 11:36:42,430 - INFO -   Std: 0.755624
2025-12-17 11:36:42,432 - INFO - 
Final best fitness: -4.5746456575
2025-12-17 11:36:42,433 - INFO - Execution time: 0.83s
