2025-12-17 12:08:29,688 - INFO - Representation: Binary
2025-12-17 12:08:29,688 - INFO - Bits per variable: 12
2025-12-17 12:08:29,688 - INFO - Total genes: 60
2025-12-17 12:08:29,688 - INFO - Function: michalewicz
2025-12-17 12:08:29,688 - INFO - Population size: 100
2025-12-17 12:08:29,689 - INFO - Generations: 200
2025-12-17 12:08:29,689 - INFO - Selection: rws
2025-12-17 12:08:29,689 - INFO - Crossover: two_points
2025-12-17 12:08:29,689 - INFO - Mutation: swap
2025-12-17 12:08:29,689 - INFO - 
2025-12-17 12:08:29,874 - INFO - Generation 10
2025-12-17 12:08:29,875 - INFO -   Best: -4.478188
2025-12-17 12:08:29,875 - INFO -   Min: -4.478188
2025-12-17 12:08:29,875 - INFO -   Max: -0.915948
2025-12-17 12:08:29,875 - INFO -   Avg: -2.997887
2025-12-17 12:08:29,876 - INFO -   Std: 0.809587
2025-12-17 12:08:29,958 - INFO - Generation 20
2025-12-17 12:08:29,958 - INFO -   Best: -4.605702
2025-12-17 12:08:29,959 - INFO -   Min: -4.605702
2025-12-17 12:08:29,959 - INFO -   Max: -1.586889
2025-12-17 12:08:29,959 - INFO -   Avg: -3.438988
2025-12-17 12:08:29,959 - INFO -   Std: 0.725346
2025-12-17 12:08:30,044 - INFO - Generation 30
2025-12-17 12:08:30,045 - INFO -   Best: -4.615694
2025-12-17 12:08:30,045 - INFO -   Min: -4.615694
2025-12-17 12:08:30,045 - INFO -   Max: -1.725449
2025-12-17 12:08:30,045 - INFO -   Avg: -3.409183
2025-12-17 12:08:30,045 - INFO -   Std: 0.688797
2025-12-17 12:08:30,138 - INFO - Generation 40
2025-12-17 12:08:30,138 - INFO -   Best: -4.617198
2025-12-17 12:08:30,138 - INFO -   Min: -4.617198
2025-12-17 12:08:30,139 - INFO -   Max: -1.099782
2025-12-17 12:08:30,139 - INFO -   Avg: -3.243507
2025-12-17 12:08:30,139 - INFO -   Std: 0.665177
2025-12-17 12:08:30,236 - INFO - Generation 50
2025-12-17 12:08:30,236 - INFO -   Best: -4.630133
2025-12-17 12:08:30,236 - INFO -   Min: -4.630133
2025-12-17 12:08:30,237 - INFO -   Max: -2.257825
2025-12-17 12:08:30,237 - INFO -   Avg: -3.620406
2025-12-17 12:08:30,237 - INFO -   Std: 0.585956
2025-12-17 12:08:30,334 - INFO - Generation 60
2025-12-17 12:08:30,334 - INFO -   Best: -4.631896
2025-12-17 12:08:30,335 - INFO -   Min: -4.631896
2025-12-17 12:08:30,335 - INFO -   Max: -2.416003
2025-12-17 12:08:30,335 - INFO -   Avg: -3.694115
2025-12-17 12:08:30,335 - INFO -   Std: 0.568015
2025-12-17 12:08:30,424 - INFO - Generation 70
2025-12-17 12:08:30,424 - INFO -   Best: -4.632793
2025-12-17 12:08:30,424 - INFO -   Min: -4.632793
2025-12-17 12:08:30,425 - INFO -   Max: -2.606508
2025-12-17 12:08:30,425 - INFO -   Avg: -3.868985
2025-12-17 12:08:30,425 - INFO -   Std: 0.570527
2025-12-17 12:08:30,521 - INFO - Generation 80
2025-12-17 12:08:30,522 - INFO -   Best: -4.632793
2025-12-17 12:08:30,522 - INFO -   Min: -4.632793
2025-12-17 12:08:30,522 - INFO -   Max: -2.676030
2025-12-17 12:08:30,522 - INFO -   Avg: -4.044778
2025-12-17 12:08:30,522 - INFO -   Std: 0.470705
2025-12-17 12:08:30,620 - INFO - Generation 90
2025-12-17 12:08:30,620 - INFO -   Best: -4.632793
2025-12-17 12:08:30,621 - INFO -   Min: -4.632793
2025-12-17 12:08:30,621 - INFO -   Max: -2.351120
2025-12-17 12:08:30,621 - INFO -   Avg: -3.713803
2025-12-17 12:08:30,621 - INFO -   Std: 0.490473
2025-12-17 12:08:30,715 - INFO - Generation 100
2025-12-17 12:08:30,715 - INFO -   Best: -4.632793
2025-12-17 12:08:30,716 - INFO -   Min: -4.632793
2025-12-17 12:08:30,716 - INFO -   Max: -2.611775
2025-12-17 12:08:30,716 - INFO -   Avg: -4.117078
2025-12-17 12:08:30,716 - INFO -   Std: 0.486545
2025-12-17 12:08:30,806 - INFO - Generation 110
2025-12-17 12:08:30,807 - INFO -   Best: -4.632793
2025-12-17 12:08:30,807 - INFO -   Min: -4.632793
2025-12-17 12:08:30,807 - INFO -   Max: -1.855010
2025-12-17 12:08:30,807 - INFO -   Avg: -3.883164
2025-12-17 12:08:30,807 - INFO -   Std: 0.640402
2025-12-17 12:08:30,904 - INFO - Generation 120
2025-12-17 12:08:30,904 - INFO -   Best: -4.632793
2025-12-17 12:08:30,905 - INFO -   Min: -4.632793
2025-12-17 12:08:30,905 - INFO -   Max: -2.699437
2025-12-17 12:08:30,905 - INFO -   Avg: -4.227500
2025-12-17 12:08:30,905 - INFO -   Std: 0.464550
2025-12-17 12:08:31,003 - INFO - Generation 130
2025-12-17 12:08:31,003 - INFO -   Best: -4.632793
2025-12-17 12:08:31,003 - INFO -   Min: -4.632793
2025-12-17 12:08:31,003 - INFO -   Max: -2.101381
2025-12-17 12:08:31,004 - INFO -   Avg: -3.939572
2025-12-17 12:08:31,004 - INFO -   Std: 0.546322
2025-12-17 12:08:31,098 - INFO - Generation 140
2025-12-17 12:08:31,099 - INFO -   Best: -4.632793
2025-12-17 12:08:31,099 - INFO -   Min: -4.632793
2025-12-17 12:08:31,099 - INFO -   Max: -2.892765
2025-12-17 12:08:31,099 - INFO -   Avg: -4.156768
2025-12-17 12:08:31,099 - INFO -   Std: 0.429023
2025-12-17 12:08:31,191 - INFO - Generation 150
2025-12-17 12:08:31,192 - INFO -   Best: -4.632793
2025-12-17 12:08:31,192 - INFO -   Min: -4.632793
2025-12-17 12:08:31,192 - INFO -   Max: -1.836822
2025-12-17 12:08:31,192 - INFO -   Avg: -3.846366
2025-12-17 12:08:31,192 - INFO -   Std: 0.623082
2025-12-17 12:08:31,290 - INFO - Generation 160
2025-12-17 12:08:31,290 - INFO -   Best: -4.632793
2025-12-17 12:08:31,291 - INFO -   Min: -4.632793
2025-12-17 12:08:31,291 - INFO -   Max: -2.523092
2025-12-17 12:08:31,291 - INFO -   Avg: -4.083371
2025-12-17 12:08:31,291 - INFO -   Std: 0.511101
2025-12-17 12:08:31,381 - INFO - Generation 170
2025-12-17 12:08:31,381 - INFO -   Best: -4.632793
2025-12-17 12:08:31,382 - INFO -   Min: -4.632793
2025-12-17 12:08:31,382 - INFO -   Max: -1.714898
2025-12-17 12:08:31,382 - INFO -   Avg: -3.977974
2025-12-17 12:08:31,382 - INFO -   Std: 0.650723
2025-12-17 12:08:31,477 - INFO - Generation 180
2025-12-17 12:08:31,478 - INFO -   Best: -4.632793
2025-12-17 12:08:31,478 - INFO -   Min: -4.632793
2025-12-17 12:08:31,478 - INFO -   Max: -1.735476
2025-12-17 12:08:31,478 - INFO -   Avg: -4.014567
2025-12-17 12:08:31,478 - INFO -   Std: 0.598428
2025-12-17 12:08:31,575 - INFO - Generation 190
2025-12-17 12:08:31,575 - INFO -   Best: -4.632793
2025-12-17 12:08:31,575 - INFO -   Min: -4.632793
2025-12-17 12:08:31,575 - INFO -   Max: -1.704646
2025-12-17 12:08:31,576 - INFO -   Avg: -4.032723
2025-12-17 12:08:31,576 - INFO -   Std: 0.613182
2025-12-17 12:08:31,669 - INFO - Generation 200
2025-12-17 12:08:31,669 - INFO -   Best: -4.632793
2025-12-17 12:08:31,669 - INFO -   Min: -4.632793
2025-12-17 12:08:31,669 - INFO -   Max: -2.604845
2025-12-17 12:08:31,669 - INFO -   Avg: -4.148275
2025-12-17 12:08:31,669 - INFO -   Std: 0.481257
2025-12-17 12:08:31,676 - INFO - 
Final best fitness: -4.6327934120
2025-12-17 12:08:31,677 - INFO - Execution time: 1.87s
