2025-12-17 12:24:15,241 - INFO - Representation: Real
2025-12-17 12:24:15,242 - INFO - Number of genes: 2
2025-12-17 12:24:15,242 - INFO - Bounds: [0, 3.141592653589793]
2025-12-17 12:24:15,242 - INFO - Function: michalewicz
2025-12-17 12:24:15,242 - INFO - Population size: 100
2025-12-17 12:24:15,242 - INFO - Generations: 200
2025-12-17 12:24:15,242 - INFO - Selection: rws
2025-12-17 12:24:15,242 - INFO - Crossover: two_points
2025-12-17 12:24:15,243 - INFO - Mutation: swap
2025-12-17 12:24:15,243 - INFO - 
2025-12-17 12:24:15,291 - INFO - Generation 10
2025-12-17 12:24:15,292 - INFO -   Best: -1.431466
2025-12-17 12:24:15,292 - INFO -   Min: -1.431466
2025-12-17 12:24:15,292 - INFO -   Max: -0.006577
2025-12-17 12:24:15,292 - INFO -   Avg: -0.755617
2025-12-17 12:24:15,293 - INFO -   Std: 0.165959
2025-12-17 12:24:15,335 - INFO - Generation 20
2025-12-17 12:24:15,335 - INFO -   Best: -1.431466
2025-12-17 12:24:15,336 - INFO -   Min: -1.431466
2025-12-17 12:24:15,336 - INFO -   Max: -0.006577
2025-12-17 12:24:15,336 - INFO -   Avg: -0.753289
2025-12-17 12:24:15,336 - INFO -   Std: 0.166485
2025-12-17 12:24:15,380 - INFO - Generation 30
2025-12-17 12:24:15,381 - INFO -   Best: -1.431466
2025-12-17 12:24:15,381 - INFO -   Min: -1.431466
2025-12-17 12:24:15,381 - INFO -   Max: -0.006577
2025-12-17 12:24:15,381 - INFO -   Avg: -0.754257
2025-12-17 12:24:15,381 - INFO -   Std: 0.197130
2025-12-17 12:24:15,422 - INFO - Generation 40
2025-12-17 12:24:15,423 - INFO -   Best: -1.431466
2025-12-17 12:24:15,423 - INFO -   Min: -1.431466
2025-12-17 12:24:15,423 - INFO -   Max: -0.712002
2025-12-17 12:24:15,423 - INFO -   Avg: -0.810114
2025-12-17 12:24:15,423 - INFO -   Std: 0.089662
2025-12-17 12:24:15,466 - INFO - Generation 50
2025-12-17 12:24:15,466 - INFO -   Best: -1.431466
2025-12-17 12:24:15,467 - INFO -   Min: -1.431466
2025-12-17 12:24:15,467 - INFO -   Max: -0.784711
2025-12-17 12:24:15,467 - INFO -   Avg: -0.812486
2025-12-17 12:24:15,467 - INFO -   Std: 0.088439
2025-12-17 12:24:15,510 - INFO - Generation 60
2025-12-17 12:24:15,511 - INFO -   Best: -1.431466
2025-12-17 12:24:15,511 - INFO -   Min: -1.431466
2025-12-17 12:24:15,511 - INFO -   Max: -0.006577
2025-12-17 12:24:15,511 - INFO -   Avg: -0.772968
2025-12-17 12:24:15,511 - INFO -   Std: 0.196775
2025-12-17 12:24:15,552 - INFO - Generation 70
2025-12-17 12:24:15,553 - INFO -   Best: -1.431466
2025-12-17 12:24:15,553 - INFO -   Min: -1.431466
2025-12-17 12:24:15,553 - INFO -   Max: -0.006577
2025-12-17 12:24:15,553 - INFO -   Avg: -0.780902
2025-12-17 12:24:15,553 - INFO -   Std: 0.181083
2025-12-17 12:24:15,595 - INFO - Generation 80
2025-12-17 12:24:15,596 - INFO -   Best: -1.431466
2025-12-17 12:24:15,596 - INFO -   Min: -1.431466
2025-12-17 12:24:15,596 - INFO -   Max: -0.006577
2025-12-17 12:24:15,596 - INFO -   Avg: -0.765033
2025-12-17 12:24:15,596 - INFO -   Std: 0.211006
2025-12-17 12:24:15,637 - INFO - Generation 90
2025-12-17 12:24:15,637 - INFO -   Best: -1.431466
2025-12-17 12:24:15,637 - INFO -   Min: -1.431466
2025-12-17 12:24:15,637 - INFO -   Max: -0.006577
2025-12-17 12:24:15,638 - INFO -   Avg: -0.796771
2025-12-17 12:24:15,638 - INFO -   Std: 0.143370
2025-12-17 12:24:15,679 - INFO - Generation 100
2025-12-17 12:24:15,679 - INFO -   Best: -1.431466
2025-12-17 12:24:15,680 - INFO -   Min: -1.431466
2025-12-17 12:24:15,680 - INFO -   Max: -0.006577
2025-12-17 12:24:15,680 - INFO -   Avg: -0.765033
2025-12-17 12:24:15,680 - INFO -   Std: 0.211006
2025-12-17 12:24:15,722 - INFO - Generation 110
2025-12-17 12:24:15,722 - INFO -   Best: -1.431466
2025-12-17 12:24:15,722 - INFO -   Min: -1.431466
2025-12-17 12:24:15,723 - INFO -   Max: -0.006577
2025-12-17 12:24:15,723 - INFO -   Avg: -0.741230
2025-12-17 12:24:15,723 - INFO -   Std: 0.247342
2025-12-17 12:24:15,765 - INFO - Generation 120
2025-12-17 12:24:15,765 - INFO -   Best: -1.431466
2025-12-17 12:24:15,766 - INFO -   Min: -1.431466
2025-12-17 12:24:15,766 - INFO -   Max: -0.800010
2025-12-17 12:24:15,766 - INFO -   Avg: -0.812639
2025-12-17 12:24:15,766 - INFO -   Std: 0.088404
2025-12-17 12:24:15,807 - INFO - Generation 130
2025-12-17 12:24:15,808 - INFO -   Best: -1.431466
2025-12-17 12:24:15,808 - INFO -   Min: -1.431466
2025-12-17 12:24:15,808 - INFO -   Max: -0.006577
2025-12-17 12:24:15,808 - INFO -   Avg: -0.772968
2025-12-17 12:24:15,808 - INFO -   Std: 0.196775
2025-12-17 12:24:15,852 - INFO - Generation 140
2025-12-17 12:24:15,853 - INFO -   Best: -1.431466
2025-12-17 12:24:15,853 - INFO -   Min: -1.431466
2025-12-17 12:24:15,853 - INFO -   Max: -0.006577
2025-12-17 12:24:15,853 - INFO -   Avg: -0.788836
2025-12-17 12:24:15,853 - INFO -   Std: 0.163511
2025-12-17 12:24:15,893 - INFO - Generation 150
2025-12-17 12:24:15,894 - INFO -   Best: -1.431466
2025-12-17 12:24:15,894 - INFO -   Min: -1.431466
2025-12-17 12:24:15,894 - INFO -   Max: -0.006577
2025-12-17 12:24:15,894 - INFO -   Avg: -0.772968
2025-12-17 12:24:15,894 - INFO -   Std: 0.196775
2025-12-17 12:24:15,934 - INFO - Generation 160
2025-12-17 12:24:15,935 - INFO -   Best: -1.431466
2025-12-17 12:24:15,935 - INFO -   Min: -1.431466
2025-12-17 12:24:15,935 - INFO -   Max: -0.006577
2025-12-17 12:24:15,935 - INFO -   Avg: -0.757099
2025-12-17 12:24:15,935 - INFO -   Std: 0.224056
2025-12-17 12:24:15,974 - INFO - Generation 170
2025-12-17 12:24:15,974 - INFO -   Best: -1.431466
2025-12-17 12:24:15,974 - INFO -   Min: -1.431466
2025-12-17 12:24:15,975 - INFO -   Max: -0.006577
2025-12-17 12:24:15,975 - INFO -   Avg: -0.780902
2025-12-17 12:24:15,975 - INFO -   Std: 0.181083
2025-12-17 12:24:16,015 - INFO - Generation 180
2025-12-17 12:24:16,016 - INFO -   Best: -1.431466
2025-12-17 12:24:16,016 - INFO -   Min: -1.431466
2025-12-17 12:24:16,016 - INFO -   Max: -0.006577
2025-12-17 12:24:16,016 - INFO -   Avg: -0.733296
2025-12-17 12:24:16,016 - INFO -   Std: 0.257832
2025-12-17 12:24:16,055 - INFO - Generation 190
2025-12-17 12:24:16,055 - INFO -   Best: -1.431466
2025-12-17 12:24:16,055 - INFO -   Min: -1.431466
2025-12-17 12:24:16,056 - INFO -   Max: -0.006577
2025-12-17 12:24:16,056 - INFO -   Avg: -0.804705
2025-12-17 12:24:16,056 - INFO -   Std: 0.119365
2025-12-17 12:24:16,097 - INFO - Generation 200
2025-12-17 12:24:16,097 - INFO -   Best: -1.431466
2025-12-17 12:24:16,097 - INFO -   Min: -1.431466
2025-12-17 12:24:16,097 - INFO -   Max: -0.800010
2025-12-17 12:24:16,097 - INFO -   Avg: -0.812639
2025-12-17 12:24:16,097 - INFO -   Std: 0.088404
2025-12-17 12:24:16,100 - INFO - 
Final best fitness: -1.4314659605
2025-12-17 12:24:16,100 - INFO - Execution time: 0.85s
