2025-12-17 11:42:31,438 - INFO - Representation: Real
2025-12-17 11:42:31,438 - INFO - Number of genes: 10
2025-12-17 11:42:31,439 - INFO - Bounds: [-100, 100]
2025-12-17 11:42:31,439 - INFO - Function: f16_2014
2025-12-17 11:42:31,439 - INFO - Population size: 100
2025-12-17 11:42:31,439 - INFO - Generations: 200
2025-12-17 11:42:31,439 - INFO - Selection: tournament
2025-12-17 11:42:31,439 - INFO - Crossover: single_point
2025-12-17 11:42:31,440 - INFO - Mutation: random
2025-12-17 11:42:31,440 - INFO - 
2025-12-17 11:42:31,613 - INFO - Generation 10
2025-12-17 11:42:31,613 - INFO -   Best: 1603.812836
2025-12-17 11:42:31,614 - INFO -   Min: 1603.812836
2025-12-17 11:42:31,614 - INFO -   Max: 1605.461941
2025-12-17 11:42:31,614 - INFO -   Avg: 1604.765175
2025-12-17 11:42:31,614 - INFO -   Std: 0.368928
2025-12-17 11:42:31,762 - INFO - Generation 20
2025-12-17 11:42:31,763 - INFO -   Best: 1603.281872
2025-12-17 11:42:31,763 - INFO -   Min: 1603.281872
2025-12-17 11:42:31,763 - INFO -   Max: 1606.196421
2025-12-17 11:42:31,763 - INFO -   Avg: 1604.466286
2025-12-17 11:42:31,763 - INFO -   Std: 0.592993
2025-12-17 11:42:31,904 - INFO - Generation 30
2025-12-17 11:42:31,904 - INFO -   Best: 1603.167118
2025-12-17 11:42:31,904 - INFO -   Min: 1603.167118
2025-12-17 11:42:31,905 - INFO -   Max: 1605.684826
2025-12-17 11:42:31,905 - INFO -   Avg: 1604.407585
2025-12-17 11:42:31,905 - INFO -   Std: 0.580023
2025-12-17 11:42:32,035 - INFO - Generation 40
2025-12-17 11:42:32,035 - INFO -   Best: 1603.167118
2025-12-17 11:42:32,035 - INFO -   Min: 1603.167118
2025-12-17 11:42:32,035 - INFO -   Max: 1605.952634
2025-12-17 11:42:32,035 - INFO -   Avg: 1604.437740
2025-12-17 11:42:32,036 - INFO -   Std: 0.662248
2025-12-17 11:42:32,175 - INFO - Generation 50
2025-12-17 11:42:32,176 - INFO -   Best: 1603.167118
2025-12-17 11:42:32,176 - INFO -   Min: 1603.167118
2025-12-17 11:42:32,176 - INFO -   Max: 1605.779519
2025-12-17 11:42:32,176 - INFO -   Avg: 1604.295177
2025-12-17 11:42:32,176 - INFO -   Std: 0.649857
2025-12-17 11:42:32,311 - INFO - Generation 60
2025-12-17 11:42:32,312 - INFO -   Best: 1603.167118
2025-12-17 11:42:32,312 - INFO -   Min: 1603.167118
2025-12-17 11:42:32,312 - INFO -   Max: 1605.681401
2025-12-17 11:42:32,312 - INFO -   Avg: 1604.350545
2025-12-17 11:42:32,312 - INFO -   Std: 0.756007
2025-12-17 11:42:32,440 - INFO - Generation 70
2025-12-17 11:42:32,440 - INFO -   Best: 1603.167118
2025-12-17 11:42:32,440 - INFO -   Min: 1603.167118
2025-12-17 11:42:32,441 - INFO -   Max: 1606.087570
2025-12-17 11:42:32,441 - INFO -   Avg: 1604.345161
2025-12-17 11:42:32,441 - INFO -   Std: 0.705455
2025-12-17 11:42:32,576 - INFO - Generation 80
2025-12-17 11:42:32,576 - INFO -   Best: 1603.167118
2025-12-17 11:42:32,577 - INFO -   Min: 1603.167118
2025-12-17 11:42:32,577 - INFO -   Max: 1605.745098
2025-12-17 11:42:32,577 - INFO -   Avg: 1604.476002
2025-12-17 11:42:32,577 - INFO -   Std: 0.606500
2025-12-17 11:42:32,709 - INFO - Generation 90
2025-12-17 11:42:32,709 - INFO -   Best: 1603.167118
2025-12-17 11:42:32,709 - INFO -   Min: 1603.167118
2025-12-17 11:42:32,709 - INFO -   Max: 1605.511536
2025-12-17 11:42:32,709 - INFO -   Avg: 1604.403925
2025-12-17 11:42:32,710 - INFO -   Std: 0.649294
2025-12-17 11:42:32,842 - INFO - Generation 100
2025-12-17 11:42:32,842 - INFO -   Best: 1603.167118
2025-12-17 11:42:32,842 - INFO -   Min: 1603.167118
2025-12-17 11:42:32,842 - INFO -   Max: 1605.386547
2025-12-17 11:42:32,843 - INFO -   Avg: 1604.269678
2025-12-17 11:42:32,843 - INFO -   Std: 0.640502
2025-12-17 11:42:32,969 - INFO - Generation 110
2025-12-17 11:42:32,970 - INFO -   Best: 1603.121217
2025-12-17 11:42:32,970 - INFO -   Min: 1603.121217
2025-12-17 11:42:32,970 - INFO -   Max: 1605.737333
2025-12-17 11:42:32,970 - INFO -   Avg: 1604.237887
2025-12-17 11:42:32,970 - INFO -   Std: 0.757318
2025-12-17 11:42:33,105 - INFO - Generation 120
2025-12-17 11:42:33,105 - INFO -   Best: 1603.121217
2025-12-17 11:42:33,105 - INFO -   Min: 1603.121217
2025-12-17 11:42:33,105 - INFO -   Max: 1605.511271
2025-12-17 11:42:33,106 - INFO -   Avg: 1604.314063
2025-12-17 11:42:33,106 - INFO -   Std: 0.607363
2025-12-17 11:42:33,238 - INFO - Generation 130
2025-12-17 11:42:33,239 - INFO -   Best: 1603.121217
2025-12-17 11:42:33,239 - INFO -   Min: 1603.121217
2025-12-17 11:42:33,239 - INFO -   Max: 1606.146305
2025-12-17 11:42:33,239 - INFO -   Avg: 1604.401189
2025-12-17 11:42:33,239 - INFO -   Std: 0.668816
2025-12-17 11:42:33,375 - INFO - Generation 140
2025-12-17 11:42:33,375 - INFO -   Best: 1603.121217
2025-12-17 11:42:33,376 - INFO -   Min: 1603.121217
2025-12-17 11:42:33,376 - INFO -   Max: 1605.910701
2025-12-17 11:42:33,376 - INFO -   Avg: 1604.450942
2025-12-17 11:42:33,376 - INFO -   Std: 0.608224
2025-12-17 11:42:33,513 - INFO - Generation 150
2025-12-17 11:42:33,513 - INFO -   Best: 1603.066350
2025-12-17 11:42:33,513 - INFO -   Min: 1603.066350
2025-12-17 11:42:33,513 - INFO -   Max: 1605.500287
2025-12-17 11:42:33,513 - INFO -   Avg: 1604.434218
2025-12-17 11:42:33,514 - INFO -   Std: 0.606562
2025-12-17 11:42:33,648 - INFO - Generation 160
2025-12-17 11:42:33,648 - INFO -   Best: 1603.066350
2025-12-17 11:42:33,648 - INFO -   Min: 1603.066350
2025-12-17 11:42:33,648 - INFO -   Max: 1605.550778
2025-12-17 11:42:33,648 - INFO -   Avg: 1604.245915
2025-12-17 11:42:33,649 - INFO -   Std: 0.703207
2025-12-17 11:42:33,784 - INFO - Generation 170
2025-12-17 11:42:33,784 - INFO -   Best: 1603.060979
2025-12-17 11:42:33,784 - INFO -   Min: 1603.060979
2025-12-17 11:42:33,785 - INFO -   Max: 1605.933050
2025-12-17 11:42:33,785 - INFO -   Avg: 1604.374206
2025-12-17 11:42:33,785 - INFO -   Std: 0.637386
2025-12-17 11:42:33,914 - INFO - Generation 180
2025-12-17 11:42:33,915 - INFO -   Best: 1603.060979
2025-12-17 11:42:33,915 - INFO -   Min: 1603.060979
2025-12-17 11:42:33,915 - INFO -   Max: 1605.637113
2025-12-17 11:42:33,915 - INFO -   Avg: 1604.238370
2025-12-17 11:42:33,915 - INFO -   Std: 0.616878
2025-12-17 11:42:34,051 - INFO - Generation 190
2025-12-17 11:42:34,052 - INFO -   Best: 1602.989280
2025-12-17 11:42:34,052 - INFO -   Min: 1602.989280
2025-12-17 11:42:34,052 - INFO -   Max: 1606.181966
2025-12-17 11:42:34,052 - INFO -   Avg: 1604.424101
2025-12-17 11:42:34,052 - INFO -   Std: 0.681301
2025-12-17 11:42:34,181 - INFO - Generation 200
2025-12-17 11:42:34,181 - INFO -   Best: 1602.982609
2025-12-17 11:42:34,181 - INFO -   Min: 1602.982609
2025-12-17 11:42:34,181 - INFO -   Max: 1605.626677
2025-12-17 11:42:34,181 - INFO -   Avg: 1604.225102
2025-12-17 11:42:34,182 - INFO -   Std: 0.769707
2025-12-17 11:42:34,191 - INFO - 
Final best fitness: 1602.9892798526
2025-12-17 11:42:34,191 - INFO - Execution time: 2.73s
2025-12-17 11:58:49,983 - INFO - Representation: Binary
2025-12-17 11:58:49,984 - INFO - Bits per variable: 12
2025-12-17 11:58:49,984 - INFO - Total genes: 120
2025-12-17 11:58:49,984 - INFO - Function: f16_2014
2025-12-17 11:58:49,984 - INFO - Population size: 100
2025-12-17 11:58:49,984 - INFO - Generations: 200
2025-12-17 11:58:49,984 - INFO - Selection: tournament
2025-12-17 11:58:49,984 - INFO - Crossover: single_point
2025-12-17 11:58:49,984 - INFO - Mutation: random
2025-12-17 11:58:49,985 - INFO - 
2025-12-17 11:58:50,668 - INFO - Generation 10
2025-12-17 11:58:50,668 - INFO -   Best: 1604.241014
2025-12-17 11:58:50,669 - INFO -   Min: 1604.241014
2025-12-17 11:58:50,669 - INFO -   Max: 1605.217258
2025-12-17 11:58:50,669 - INFO -   Avg: 1604.977269
2025-12-17 11:58:50,669 - INFO -   Std: 0.127982
2025-12-17 11:58:51,135 - INFO - Generation 20
2025-12-17 11:58:51,136 - INFO -   Best: 1604.241014
2025-12-17 11:58:51,136 - INFO -   Min: 1604.241014
2025-12-17 11:58:51,136 - INFO -   Max: 1605.444185
2025-12-17 11:58:51,136 - INFO -   Avg: 1604.979284
2025-12-17 11:58:51,136 - INFO -   Std: 0.123428
2025-12-17 11:58:51,608 - INFO - Generation 30
2025-12-17 11:58:51,608 - INFO -   Best: 1604.241014
2025-12-17 11:58:51,608 - INFO -   Min: 1604.241014
2025-12-17 11:58:51,608 - INFO -   Max: 1605.397723
2025-12-17 11:58:51,608 - INFO -   Avg: 1604.971569
2025-12-17 11:58:51,609 - INFO -   Std: 0.134047
2025-12-17 11:58:52,074 - INFO - Generation 40
2025-12-17 11:58:52,075 - INFO -   Best: 1604.222827
2025-12-17 11:58:52,075 - INFO -   Min: 1604.222827
2025-12-17 11:58:52,075 - INFO -   Max: 1605.365759
2025-12-17 11:58:52,075 - INFO -   Avg: 1604.986818
2025-12-17 11:58:52,075 - INFO -   Std: 0.152990
2025-12-17 11:58:52,535 - INFO - Generation 50
2025-12-17 11:58:52,536 - INFO -   Best: 1604.096208
2025-12-17 11:58:52,536 - INFO -   Min: 1604.096208
2025-12-17 11:58:52,536 - INFO -   Max: 1605.657731
2025-12-17 11:58:52,536 - INFO -   Avg: 1604.981876
2025-12-17 11:58:52,536 - INFO -   Std: 0.194856
2025-12-17 11:58:52,999 - INFO - Generation 60
2025-12-17 11:58:53,000 - INFO -   Best: 1604.096208
2025-12-17 11:58:53,000 - INFO -   Min: 1604.096208
2025-12-17 11:58:53,000 - INFO -   Max: 1605.441237
2025-12-17 11:58:53,000 - INFO -   Avg: 1604.985007
2025-12-17 11:58:53,000 - INFO -   Std: 0.156388
2025-12-17 11:58:53,460 - INFO - Generation 70
2025-12-17 11:58:53,460 - INFO -   Best: 1604.096208
2025-12-17 11:58:53,460 - INFO -   Min: 1604.096208
2025-12-17 11:58:53,460 - INFO -   Max: 1605.620596
2025-12-17 11:58:53,461 - INFO -   Avg: 1605.004623
2025-12-17 11:58:53,461 - INFO -   Std: 0.169368
2025-12-17 11:58:53,919 - INFO - Generation 80
2025-12-17 11:58:53,920 - INFO -   Best: 1604.096208
2025-12-17 11:58:53,920 - INFO -   Min: 1604.096208
2025-12-17 11:58:53,920 - INFO -   Max: 1605.438416
2025-12-17 11:58:53,920 - INFO -   Avg: 1604.974556
2025-12-17 11:58:53,920 - INFO -   Std: 0.192102
2025-12-17 11:58:54,379 - INFO - Generation 90
2025-12-17 11:58:54,379 - INFO -   Best: 1604.032261
2025-12-17 11:58:54,379 - INFO -   Min: 1604.032261
2025-12-17 11:58:54,380 - INFO -   Max: 1605.379806
2025-12-17 11:58:54,380 - INFO -   Avg: 1604.933975
2025-12-17 11:58:54,380 - INFO -   Std: 0.194923
2025-12-17 11:58:54,841 - INFO - Generation 100
2025-12-17 11:58:54,841 - INFO -   Best: 1604.032261
2025-12-17 11:58:54,842 - INFO -   Min: 1604.032261
2025-12-17 11:58:54,842 - INFO -   Max: 1605.270154
2025-12-17 11:58:54,842 - INFO -   Avg: 1604.978583
2025-12-17 11:58:54,842 - INFO -   Std: 0.158553
2025-12-17 11:58:55,302 - INFO - Generation 110
2025-12-17 11:58:55,302 - INFO -   Best: 1604.032261
2025-12-17 11:58:55,302 - INFO -   Min: 1604.032261
2025-12-17 11:58:55,302 - INFO -   Max: 1605.441681
2025-12-17 11:58:55,302 - INFO -   Avg: 1604.964365
2025-12-17 11:58:55,303 - INFO -   Std: 0.187621
2025-12-17 11:58:55,764 - INFO - Generation 120
2025-12-17 11:58:55,764 - INFO -   Best: 1604.032261
2025-12-17 11:58:55,764 - INFO -   Min: 1604.032261
2025-12-17 11:58:55,765 - INFO -   Max: 1605.430326
2025-12-17 11:58:55,765 - INFO -   Avg: 1605.007636
2025-12-17 11:58:55,765 - INFO -   Std: 0.195962
2025-12-17 11:58:56,222 - INFO - Generation 130
2025-12-17 11:58:56,223 - INFO -   Best: 1604.032261
2025-12-17 11:58:56,223 - INFO -   Min: 1604.032261
2025-12-17 11:58:56,223 - INFO -   Max: 1605.284254
2025-12-17 11:58:56,224 - INFO -   Avg: 1604.972551
2025-12-17 11:58:56,224 - INFO -   Std: 0.151310
2025-12-17 11:58:56,681 - INFO - Generation 140
2025-12-17 11:58:56,681 - INFO -   Best: 1603.856774
2025-12-17 11:58:56,681 - INFO -   Min: 1603.856774
2025-12-17 11:58:56,681 - INFO -   Max: 1605.710859
2025-12-17 11:58:56,681 - INFO -   Avg: 1604.954078
2025-12-17 11:58:56,681 - INFO -   Std: 0.234710
2025-12-17 11:58:57,141 - INFO - Generation 150
2025-12-17 11:58:57,141 - INFO -   Best: 1603.856774
2025-12-17 11:58:57,141 - INFO -   Min: 1603.856774
2025-12-17 11:58:57,142 - INFO -   Max: 1605.457151
2025-12-17 11:58:57,142 - INFO -   Avg: 1604.965938
2025-12-17 11:58:57,142 - INFO -   Std: 0.219293
2025-12-17 11:58:57,601 - INFO - Generation 160
2025-12-17 11:58:57,601 - INFO -   Best: 1603.856774
2025-12-17 11:58:57,601 - INFO -   Min: 1603.856774
2025-12-17 11:58:57,601 - INFO -   Max: 1605.693548
2025-12-17 11:58:57,601 - INFO -   Avg: 1604.982027
2025-12-17 11:58:57,602 - INFO -   Std: 0.193278
2025-12-17 11:58:58,050 - INFO - Generation 170
2025-12-17 11:58:58,051 - INFO -   Best: 1603.856774
2025-12-17 11:58:58,051 - INFO -   Min: 1603.856774
2025-12-17 11:58:58,051 - INFO -   Max: 1605.585537
2025-12-17 11:58:58,051 - INFO -   Avg: 1604.989793
2025-12-17 11:58:58,051 - INFO -   Std: 0.206017
2025-12-17 11:58:58,509 - INFO - Generation 180
2025-12-17 11:58:58,509 - INFO -   Best: 1603.709984
2025-12-17 11:58:58,509 - INFO -   Min: 1603.709984
2025-12-17 11:58:58,510 - INFO -   Max: 1605.496676
2025-12-17 11:58:58,510 - INFO -   Avg: 1604.962240
2025-12-17 11:58:58,510 - INFO -   Std: 0.228555
2025-12-17 11:58:58,967 - INFO - Generation 190
2025-12-17 11:58:58,967 - INFO -   Best: 1603.709984
2025-12-17 11:58:58,967 - INFO -   Min: 1603.709984
2025-12-17 11:58:58,967 - INFO -   Max: 1605.686791
2025-12-17 11:58:58,967 - INFO -   Avg: 1604.987800
2025-12-17 11:58:58,968 - INFO -   Std: 0.260052
2025-12-17 11:58:59,423 - INFO - Generation 200
2025-12-17 11:58:59,424 - INFO -   Best: 1603.709984
2025-12-17 11:58:59,424 - INFO -   Min: 1603.709984
2025-12-17 11:58:59,424 - INFO -   Max: 1605.409633
2025-12-17 11:58:59,424 - INFO -   Avg: 1604.959799
2025-12-17 11:58:59,424 - INFO -   Std: 0.214534
2025-12-17 11:58:59,438 - INFO - 
Final best fitness: 1603.7099839928
2025-12-17 11:58:59,438 - INFO - Execution time: 9.23s
