2025-12-17 12:22:23,867 - INFO - Representation: Real
2025-12-17 12:22:23,867 - INFO - Number of genes: 10
2025-12-17 12:22:23,867 - INFO - Bounds: [-100, 100]
2025-12-17 12:22:23,867 - INFO - Function: f16_2014
2025-12-17 12:22:23,868 - INFO - Population size: 100
2025-12-17 12:22:23,868 - INFO - Generations: 200
2025-12-17 12:22:23,868 - INFO - Selection: rws
2025-12-17 12:22:23,868 - INFO - Crossover: two_points
2025-12-17 12:22:23,868 - INFO - Mutation: swap
2025-12-17 12:22:23,868 - INFO - 
2025-12-17 12:22:24,048 - INFO - Generation 10
2025-12-17 12:22:24,048 - INFO -   Best: 1604.119005
2025-12-17 12:22:24,048 - INFO -   Min: 1604.119005
2025-12-17 12:22:24,048 - INFO -   Max: 1605.442194
2025-12-17 12:22:24,049 - INFO -   Avg: 1604.984628
2025-12-17 12:22:24,049 - INFO -   Std: 0.170069
2025-12-17 12:22:24,205 - INFO - Generation 20
2025-12-17 12:22:24,205 - INFO -   Best: 1604.119005
2025-12-17 12:22:24,206 - INFO -   Min: 1604.119005
2025-12-17 12:22:24,206 - INFO -   Max: 1605.516354
2025-12-17 12:22:24,206 - INFO -   Avg: 1604.989291
2025-12-17 12:22:24,206 - INFO -   Std: 0.192307
2025-12-17 12:22:24,361 - INFO - Generation 30
2025-12-17 12:22:24,361 - INFO -   Best: 1604.091883
2025-12-17 12:22:24,361 - INFO -   Min: 1604.091883
2025-12-17 12:22:24,361 - INFO -   Max: 1605.615810
2025-12-17 12:22:24,361 - INFO -   Avg: 1604.988621
2025-12-17 12:22:24,362 - INFO -   Std: 0.185060
2025-12-17 12:22:24,516 - INFO - Generation 40
2025-12-17 12:22:24,516 - INFO -   Best: 1604.091883
2025-12-17 12:22:24,516 - INFO -   Min: 1604.091883
2025-12-17 12:22:24,517 - INFO -   Max: 1605.487216
2025-12-17 12:22:24,517 - INFO -   Avg: 1604.984973
2025-12-17 12:22:24,517 - INFO -   Std: 0.190646
2025-12-17 12:22:24,670 - INFO - Generation 50
2025-12-17 12:22:24,670 - INFO -   Best: 1603.850591
2025-12-17 12:22:24,670 - INFO -   Min: 1603.850591
2025-12-17 12:22:24,670 - INFO -   Max: 1605.427099
2025-12-17 12:22:24,671 - INFO -   Avg: 1604.965063
2025-12-17 12:22:24,671 - INFO -   Std: 0.262011
2025-12-17 12:22:24,824 - INFO - Generation 60
2025-12-17 12:22:24,825 - INFO -   Best: 1603.850591
2025-12-17 12:22:24,825 - INFO -   Min: 1603.850591
2025-12-17 12:22:24,825 - INFO -   Max: 1605.346436
2025-12-17 12:22:24,825 - INFO -   Avg: 1604.967937
2025-12-17 12:22:24,825 - INFO -   Std: 0.231511
2025-12-17 12:22:24,979 - INFO - Generation 70
2025-12-17 12:22:24,979 - INFO -   Best: 1603.850591
2025-12-17 12:22:24,979 - INFO -   Min: 1603.850591
2025-12-17 12:22:24,979 - INFO -   Max: 1605.446069
2025-12-17 12:22:24,979 - INFO -   Avg: 1604.982273
2025-12-17 12:22:24,980 - INFO -   Std: 0.259949
2025-12-17 12:22:25,129 - INFO - Generation 80
2025-12-17 12:22:25,130 - INFO -   Best: 1603.850591
2025-12-17 12:22:25,130 - INFO -   Min: 1603.850591
2025-12-17 12:22:25,130 - INFO -   Max: 1605.334881
2025-12-17 12:22:25,130 - INFO -   Avg: 1604.993287
2025-12-17 12:22:25,130 - INFO -   Std: 0.230866
2025-12-17 12:22:25,264 - INFO - Generation 90
2025-12-17 12:22:25,265 - INFO -   Best: 1603.850591
2025-12-17 12:22:25,265 - INFO -   Min: 1603.850591
2025-12-17 12:22:25,265 - INFO -   Max: 1605.568364
2025-12-17 12:22:25,265 - INFO -   Avg: 1604.968557
2025-12-17 12:22:25,265 - INFO -   Std: 0.260673
2025-12-17 12:22:25,398 - INFO - Generation 100
2025-12-17 12:22:25,398 - INFO -   Best: 1603.850591
2025-12-17 12:22:25,398 - INFO -   Min: 1603.850591
2025-12-17 12:22:25,398 - INFO -   Max: 1605.437133
2025-12-17 12:22:25,398 - INFO -   Avg: 1604.987257
2025-12-17 12:22:25,399 - INFO -   Std: 0.294821
2025-12-17 12:22:25,539 - INFO - Generation 110
2025-12-17 12:22:25,539 - INFO -   Best: 1603.850591
2025-12-17 12:22:25,540 - INFO -   Min: 1603.850591
2025-12-17 12:22:25,540 - INFO -   Max: 1605.455539
2025-12-17 12:22:25,540 - INFO -   Avg: 1604.908365
2025-12-17 12:22:25,540 - INFO -   Std: 0.280507
2025-12-17 12:22:25,664 - INFO - Generation 120
2025-12-17 12:22:25,664 - INFO -   Best: 1603.850591
2025-12-17 12:22:25,664 - INFO -   Min: 1603.850591
2025-12-17 12:22:25,665 - INFO -   Max: 1605.534248
2025-12-17 12:22:25,665 - INFO -   Avg: 1604.999814
2025-12-17 12:22:25,665 - INFO -   Std: 0.296360
2025-12-17 12:22:25,773 - INFO - Generation 130
2025-12-17 12:22:25,774 - INFO -   Best: 1603.850591
2025-12-17 12:22:25,774 - INFO -   Min: 1603.850591
2025-12-17 12:22:25,774 - INFO -   Max: 1605.534248
2025-12-17 12:22:25,774 - INFO -   Avg: 1604.886839
2025-12-17 12:22:25,774 - INFO -   Std: 0.285473
2025-12-17 12:22:25,884 - INFO - Generation 140
2025-12-17 12:22:25,885 - INFO -   Best: 1603.850591
2025-12-17 12:22:25,885 - INFO -   Min: 1603.850591
2025-12-17 12:22:25,885 - INFO -   Max: 1605.668905
2025-12-17 12:22:25,885 - INFO -   Avg: 1604.928545
2025-12-17 12:22:25,885 - INFO -   Std: 0.252388
2025-12-17 12:22:25,989 - INFO - Generation 150
2025-12-17 12:22:25,989 - INFO -   Best: 1603.850591
2025-12-17 12:22:25,990 - INFO -   Min: 1603.850591
2025-12-17 12:22:25,990 - INFO -   Max: 1605.303526
2025-12-17 12:22:25,990 - INFO -   Avg: 1604.929706
2025-12-17 12:22:25,990 - INFO -   Std: 0.250467
2025-12-17 12:22:26,094 - INFO - Generation 160
2025-12-17 12:22:26,094 - INFO -   Best: 1603.850591
2025-12-17 12:22:26,095 - INFO -   Min: 1603.850591
2025-12-17 12:22:26,095 - INFO -   Max: 1605.303526
2025-12-17 12:22:26,095 - INFO -   Avg: 1604.902132
2025-12-17 12:22:26,095 - INFO -   Std: 0.306369
2025-12-17 12:22:26,190 - INFO - Generation 170
2025-12-17 12:22:26,190 - INFO -   Best: 1603.850591
2025-12-17 12:22:26,191 - INFO -   Min: 1603.850591
2025-12-17 12:22:26,191 - INFO -   Max: 1605.303526
2025-12-17 12:22:26,191 - INFO -   Avg: 1604.909551
2025-12-17 12:22:26,191 - INFO -   Std: 0.265397
2025-12-17 12:22:26,272 - INFO - Generation 180
2025-12-17 12:22:26,272 - INFO -   Best: 1603.850591
2025-12-17 12:22:26,273 - INFO -   Min: 1603.850591
2025-12-17 12:22:26,273 - INFO -   Max: 1605.303526
2025-12-17 12:22:26,273 - INFO -   Avg: 1604.939252
2025-12-17 12:22:26,273 - INFO -   Std: 0.309703
2025-12-17 12:22:26,355 - INFO - Generation 190
2025-12-17 12:22:26,355 - INFO -   Best: 1603.850591
2025-12-17 12:22:26,355 - INFO -   Min: 1603.850591
2025-12-17 12:22:26,355 - INFO -   Max: 1605.221763
2025-12-17 12:22:26,356 - INFO -   Avg: 1604.963794
2025-12-17 12:22:26,356 - INFO -   Std: 0.242137
2025-12-17 12:22:26,427 - INFO - Generation 200
2025-12-17 12:22:26,427 - INFO -   Best: 1603.850591
2025-12-17 12:22:26,427 - INFO -   Min: 1603.850591
2025-12-17 12:22:26,427 - INFO -   Max: 1605.219159
2025-12-17 12:22:26,427 - INFO -   Avg: 1604.973087
2025-12-17 12:22:26,428 - INFO -   Std: 0.223323
2025-12-17 12:22:26,433 - INFO - 
Final best fitness: 1604.6029808000
2025-12-17 12:22:26,433 - INFO - Execution time: 2.55s
