2025-12-17 12:14:32,269 - INFO - Representation: Binary
2025-12-17 12:14:32,269 - INFO - Bits per variable: 12
2025-12-17 12:14:32,269 - INFO - Total genes: 240
2025-12-17 12:14:32,269 - INFO - Function: f16_2014
2025-12-17 12:14:32,269 - INFO - Population size: 100
2025-12-17 12:14:32,270 - INFO - Generations: 200
2025-12-17 12:14:32,270 - INFO - Selection: rws
2025-12-17 12:14:32,270 - INFO - Crossover: two_points
2025-12-17 12:14:32,270 - INFO - Mutation: swap
2025-12-17 12:14:32,270 - INFO - 
2025-12-17 12:14:33,092 - INFO - Generation 10
2025-12-17 12:14:33,092 - INFO -   Best: 1608.999237
2025-12-17 12:14:33,093 - INFO -   Min: 1608.999237
2025-12-17 12:14:33,093 - INFO -   Max: 1610.685463
2025-12-17 12:14:33,093 - INFO -   Avg: 1609.975228
2025-12-17 12:14:33,093 - INFO -   Std: 0.298473
2025-12-17 12:14:33,454 - INFO - Generation 20
2025-12-17 12:14:33,454 - INFO -   Best: 1608.855506
2025-12-17 12:14:33,454 - INFO -   Min: 1608.855506
2025-12-17 12:14:33,455 - INFO -   Max: 1610.967186
2025-12-17 12:14:33,455 - INFO -   Avg: 1609.988651
2025-12-17 12:14:33,455 - INFO -   Std: 0.351230
2025-12-17 12:14:33,816 - INFO - Generation 30
2025-12-17 12:14:33,816 - INFO -   Best: 1608.794550
2025-12-17 12:14:33,816 - INFO -   Min: 1608.794550
2025-12-17 12:14:33,817 - INFO -   Max: 1610.787731
2025-12-17 12:14:33,817 - INFO -   Avg: 1609.985153
2025-12-17 12:14:33,817 - INFO -   Std: 0.397710
2025-12-17 12:14:34,202 - INFO - Generation 40
2025-12-17 12:14:34,202 - INFO -   Best: 1608.515365
2025-12-17 12:14:34,202 - INFO -   Min: 1608.515365
2025-12-17 12:14:34,202 - INFO -   Max: 1610.790392
2025-12-17 12:14:34,202 - INFO -   Avg: 1610.010871
2025-12-17 12:14:34,203 - INFO -   Std: 0.365303
2025-12-17 12:14:34,569 - INFO - Generation 50
2025-12-17 12:14:34,569 - INFO -   Best: 1607.959393
2025-12-17 12:14:34,570 - INFO -   Min: 1607.959393
2025-12-17 12:14:34,570 - INFO -   Max: 1610.746419
2025-12-17 12:14:34,570 - INFO -   Avg: 1609.942639
2025-12-17 12:14:34,570 - INFO -   Std: 0.399991
2025-12-17 12:14:34,936 - INFO - Generation 60
2025-12-17 12:14:34,936 - INFO -   Best: 1607.959393
2025-12-17 12:14:34,937 - INFO -   Min: 1607.959393
2025-12-17 12:14:34,937 - INFO -   Max: 1610.914867
2025-12-17 12:14:34,937 - INFO -   Avg: 1609.855337
2025-12-17 12:14:34,937 - INFO -   Std: 0.480426
2025-12-17 12:14:35,301 - INFO - Generation 70
2025-12-17 12:14:35,301 - INFO -   Best: 1607.959393
2025-12-17 12:14:35,301 - INFO -   Min: 1607.959393
2025-12-17 12:14:35,301 - INFO -   Max: 1611.049855
2025-12-17 12:14:35,302 - INFO -   Avg: 1609.821404
2025-12-17 12:14:35,302 - INFO -   Std: 0.512328
2025-12-17 12:14:35,667 - INFO - Generation 80
2025-12-17 12:14:35,668 - INFO -   Best: 1607.959393
2025-12-17 12:14:35,668 - INFO -   Min: 1607.959393
2025-12-17 12:14:35,668 - INFO -   Max: 1610.889710
2025-12-17 12:14:35,668 - INFO -   Avg: 1609.998981
2025-12-17 12:14:35,668 - INFO -   Std: 0.463346
2025-12-17 12:14:36,033 - INFO - Generation 90
2025-12-17 12:14:36,034 - INFO -   Best: 1607.959393
2025-12-17 12:14:36,034 - INFO -   Min: 1607.959393
2025-12-17 12:14:36,034 - INFO -   Max: 1610.903675
2025-12-17 12:14:36,034 - INFO -   Avg: 1609.894867
2025-12-17 12:14:36,034 - INFO -   Std: 0.458525
2025-12-17 12:14:36,404 - INFO - Generation 100
2025-12-17 12:14:36,404 - INFO -   Best: 1607.959393
2025-12-17 12:14:36,404 - INFO -   Min: 1607.959393
2025-12-17 12:14:36,404 - INFO -   Max: 1610.767651
2025-12-17 12:14:36,405 - INFO -   Avg: 1609.891108
2025-12-17 12:14:36,405 - INFO -   Std: 0.439471
2025-12-17 12:14:36,777 - INFO - Generation 110
2025-12-17 12:14:36,778 - INFO -   Best: 1607.959393
2025-12-17 12:14:36,778 - INFO -   Min: 1607.959393
2025-12-17 12:14:36,778 - INFO -   Max: 1610.750196
2025-12-17 12:14:36,778 - INFO -   Avg: 1609.772812
2025-12-17 12:14:36,778 - INFO -   Std: 0.431942
2025-12-17 12:14:37,143 - INFO - Generation 120
2025-12-17 12:14:37,143 - INFO -   Best: 1607.959393
2025-12-17 12:14:37,144 - INFO -   Min: 1607.959393
2025-12-17 12:14:37,144 - INFO -   Max: 1610.788233
2025-12-17 12:14:37,144 - INFO -   Avg: 1609.894424
2025-12-17 12:14:37,144 - INFO -   Std: 0.456356
2025-12-17 12:14:37,518 - INFO - Generation 130
2025-12-17 12:14:37,518 - INFO -   Best: 1607.959393
2025-12-17 12:14:37,519 - INFO -   Min: 1607.959393
2025-12-17 12:14:37,519 - INFO -   Max: 1610.863696
2025-12-17 12:14:37,519 - INFO -   Avg: 1609.847719
2025-12-17 12:14:37,519 - INFO -   Std: 0.437315
2025-12-17 12:14:37,905 - INFO - Generation 140
2025-12-17 12:14:37,905 - INFO -   Best: 1607.959393
2025-12-17 12:14:37,905 - INFO -   Min: 1607.959393
2025-12-17 12:14:37,906 - INFO -   Max: 1610.805697
2025-12-17 12:14:37,906 - INFO -   Avg: 1609.726085
2025-12-17 12:14:37,906 - INFO -   Std: 0.556989
2025-12-17 12:14:38,277 - INFO - Generation 150
2025-12-17 12:14:38,277 - INFO -   Best: 1607.959393
2025-12-17 12:14:38,277 - INFO -   Min: 1607.959393
2025-12-17 12:14:38,278 - INFO -   Max: 1610.678934
2025-12-17 12:14:38,278 - INFO -   Avg: 1609.909674
2025-12-17 12:14:38,278 - INFO -   Std: 0.434954
2025-12-17 12:14:38,647 - INFO - Generation 160
2025-12-17 12:14:38,647 - INFO -   Best: 1607.808441
2025-12-17 12:14:38,647 - INFO -   Min: 1607.808441
2025-12-17 12:14:38,648 - INFO -   Max: 1610.895308
2025-12-17 12:14:38,648 - INFO -   Avg: 1609.746545
2025-12-17 12:14:38,648 - INFO -   Std: 0.524873
2025-12-17 12:14:39,018 - INFO - Generation 170
2025-12-17 12:14:39,018 - INFO -   Best: 1607.808441
2025-12-17 12:14:39,018 - INFO -   Min: 1607.808441
2025-12-17 12:14:39,019 - INFO -   Max: 1610.754456
2025-12-17 12:14:39,019 - INFO -   Avg: 1609.768123
2025-12-17 12:14:39,019 - INFO -   Std: 0.478796
2025-12-17 12:14:39,386 - INFO - Generation 180
2025-12-17 12:14:39,387 - INFO -   Best: 1607.808441
2025-12-17 12:14:39,387 - INFO -   Min: 1607.808441
2025-12-17 12:14:39,387 - INFO -   Max: 1610.852674
2025-12-17 12:14:39,388 - INFO -   Avg: 1609.767568
2025-12-17 12:14:39,388 - INFO -   Std: 0.543496
2025-12-17 12:14:39,748 - INFO - Generation 190
2025-12-17 12:14:39,748 - INFO -   Best: 1607.808441
2025-12-17 12:14:39,748 - INFO -   Min: 1607.808441
2025-12-17 12:14:39,749 - INFO -   Max: 1610.717766
2025-12-17 12:14:39,749 - INFO -   Avg: 1609.648539
2025-12-17 12:14:39,749 - INFO -   Std: 0.578184
2025-12-17 12:14:40,111 - INFO - Generation 200
2025-12-17 12:14:40,111 - INFO -   Best: 1607.722687
2025-12-17 12:14:40,111 - INFO -   Min: 1607.722687
2025-12-17 12:14:40,111 - INFO -   Max: 1611.154690
2025-12-17 12:14:40,111 - INFO -   Avg: 1609.793228
2025-12-17 12:14:40,113 - INFO -   Std: 0.583033
2025-12-17 12:14:40,136 - INFO - 
Final best fitness: 1607.7226874088
2025-12-17 12:14:40,136 - INFO - Execution time: 7.41s
