2025-12-17 12:24:11,547 - INFO - Representation: Real
2025-12-17 12:24:11,547 - INFO - Number of genes: 2
2025-12-17 12:24:11,547 - INFO - Bounds: [0, 3.141592653589793]
2025-12-17 12:24:11,547 - INFO - Function: michalewicz
2025-12-17 12:24:11,547 - INFO - Population size: 100
2025-12-17 12:24:11,547 - INFO - Generations: 200
2025-12-17 12:24:11,548 - INFO - Selection: rws
2025-12-17 12:24:11,548 - INFO - Crossover: two_points
2025-12-17 12:24:11,548 - INFO - Mutation: swap
2025-12-17 12:24:11,548 - INFO - 
2025-12-17 12:24:11,594 - INFO - Generation 10
2025-12-17 12:24:11,594 - INFO -   Best: -1.314323
2025-12-17 12:24:11,595 - INFO -   Min: -1.314323
2025-12-17 12:24:11,595 - INFO -   Max: -0.000507
2025-12-17 12:24:11,595 - INFO -   Avg: -0.944652
2025-12-17 12:24:11,596 - INFO -   Std: 0.169149
2025-12-17 12:24:11,638 - INFO - Generation 20
2025-12-17 12:24:11,638 - INFO -   Best: -1.314323
2025-12-17 12:24:11,639 - INFO -   Min: -1.314323
2025-12-17 12:24:11,639 - INFO -   Max: -0.818213
2025-12-17 12:24:11,639 - INFO -   Avg: -0.982629
2025-12-17 12:24:11,639 - INFO -   Std: 0.047485
2025-12-17 12:24:11,684 - INFO - Generation 30
2025-12-17 12:24:11,684 - INFO -   Best: -1.314323
2025-12-17 12:24:11,684 - INFO -   Min: -1.314323
2025-12-17 12:24:11,684 - INFO -   Max: -0.002559
2025-12-17 12:24:11,684 - INFO -   Avg: -0.920489
2025-12-17 12:24:11,684 - INFO -   Std: 0.215669
2025-12-17 12:24:11,731 - INFO - Generation 40
2025-12-17 12:24:11,732 - INFO -   Best: -1.314323
2025-12-17 12:24:11,732 - INFO -   Min: -1.314323
2025-12-17 12:24:11,732 - INFO -   Max: -0.002100
2025-12-17 12:24:11,732 - INFO -   Avg: -0.938551
2025-12-17 12:24:11,732 - INFO -   Std: 0.196330
2025-12-17 12:24:11,780 - INFO - Generation 50
2025-12-17 12:24:11,780 - INFO -   Best: -1.314323
2025-12-17 12:24:11,780 - INFO -   Min: -1.314323
2025-12-17 12:24:11,781 - INFO -   Max: -0.002559
2025-12-17 12:24:11,781 - INFO -   Avg: -0.955121
2025-12-17 12:24:11,781 - INFO -   Std: 0.143814
2025-12-17 12:24:11,823 - INFO - Generation 60
2025-12-17 12:24:11,823 - INFO -   Best: -1.314323
2025-12-17 12:24:11,823 - INFO -   Min: -1.314323
2025-12-17 12:24:11,824 - INFO -   Max: -0.939697
2025-12-17 12:24:11,824 - INFO -   Avg: -0.964366
2025-12-17 12:24:11,824 - INFO -   Std: 0.046278
2025-12-17 12:24:11,866 - INFO - Generation 70
2025-12-17 12:24:11,866 - INFO -   Best: -1.314323
2025-12-17 12:24:11,866 - INFO -   Min: -1.314323
2025-12-17 12:24:11,866 - INFO -   Max: -0.816649
2025-12-17 12:24:11,867 - INFO -   Avg: -0.907574
2025-12-17 12:24:11,867 - INFO -   Std: 0.080013
2025-12-17 12:24:11,907 - INFO - Generation 80
2025-12-17 12:24:11,908 - INFO -   Best: -1.314323
2025-12-17 12:24:11,908 - INFO -   Min: -1.314323
2025-12-17 12:24:11,908 - INFO -   Max: -0.002100
2025-12-17 12:24:11,908 - INFO -   Avg: -0.863969
2025-12-17 12:24:11,908 - INFO -   Std: 0.211416
2025-12-17 12:24:11,948 - INFO - Generation 90
2025-12-17 12:24:11,948 - INFO -   Best: -1.314323
2025-12-17 12:24:11,948 - INFO -   Min: -1.314323
2025-12-17 12:24:11,948 - INFO -   Max: -0.002100
2025-12-17 12:24:11,948 - INFO -   Avg: -0.882100
2025-12-17 12:24:11,948 - INFO -   Std: 0.228489
2025-12-17 12:24:11,989 - INFO - Generation 100
2025-12-17 12:24:11,989 - INFO -   Best: -1.314323
2025-12-17 12:24:11,989 - INFO -   Min: -1.314323
2025-12-17 12:24:11,990 - INFO -   Max: -0.002100
2025-12-17 12:24:11,990 - INFO -   Avg: -0.908146
2025-12-17 12:24:11,990 - INFO -   Std: 0.189826
2025-12-17 12:24:12,030 - INFO - Generation 110
2025-12-17 12:24:12,031 - INFO -   Best: -1.314323
2025-12-17 12:24:12,031 - INFO -   Min: -1.314323
2025-12-17 12:24:12,031 - INFO -   Max: -0.002559
2025-12-17 12:24:12,031 - INFO -   Avg: -0.936242
2025-12-17 12:24:12,031 - INFO -   Std: 0.103174
2025-12-17 12:24:12,071 - INFO - Generation 120
2025-12-17 12:24:12,072 - INFO -   Best: -1.314323
2025-12-17 12:24:12,072 - INFO -   Min: -1.314323
2025-12-17 12:24:12,072 - INFO -   Max: -0.002100
2025-12-17 12:24:12,072 - INFO -   Avg: -0.903307
2025-12-17 12:24:12,072 - INFO -   Std: 0.190455
2025-12-17 12:24:12,112 - INFO - Generation 130
2025-12-17 12:24:12,113 - INFO -   Best: -1.314323
2025-12-17 12:24:12,113 - INFO -   Min: -1.314323
2025-12-17 12:24:12,113 - INFO -   Max: -0.816649
2025-12-17 12:24:12,113 - INFO -   Avg: -0.932094
2025-12-17 12:24:12,113 - INFO -   Std: 0.059011
2025-12-17 12:24:12,153 - INFO - Generation 140
2025-12-17 12:24:12,154 - INFO -   Best: -1.314323
2025-12-17 12:24:12,154 - INFO -   Min: -1.314323
2025-12-17 12:24:12,154 - INFO -   Max: -0.002100
2025-12-17 12:24:12,154 - INFO -   Avg: -0.871963
2025-12-17 12:24:12,154 - INFO -   Std: 0.171034
2025-12-17 12:24:12,196 - INFO - Generation 150
2025-12-17 12:24:12,196 - INFO -   Best: -1.314323
2025-12-17 12:24:12,196 - INFO -   Min: -1.314323
2025-12-17 12:24:12,197 - INFO -   Max: -0.002100
2025-12-17 12:24:12,197 - INFO -   Avg: -0.841160
2025-12-17 12:24:12,197 - INFO -   Std: 0.257066
2025-12-17 12:24:12,236 - INFO - Generation 160
2025-12-17 12:24:12,236 - INFO -   Best: -1.314323
2025-12-17 12:24:12,236 - INFO -   Min: -1.314323
2025-12-17 12:24:12,237 - INFO -   Max: -0.939697
2025-12-17 12:24:12,237 - INFO -   Avg: -0.945645
2025-12-17 12:24:12,237 - INFO -   Std: 0.042887
2025-12-17 12:24:12,276 - INFO - Generation 170
2025-12-17 12:24:12,277 - INFO -   Best: -1.314323
2025-12-17 12:24:12,277 - INFO -   Min: -1.314323
2025-12-17 12:24:12,277 - INFO -   Max: -0.002559
2025-12-17 12:24:12,277 - INFO -   Avg: -0.918105
2025-12-17 12:24:12,277 - INFO -   Std: 0.166540
2025-12-17 12:24:12,317 - INFO - Generation 180
2025-12-17 12:24:12,318 - INFO -   Best: -1.314323
2025-12-17 12:24:12,318 - INFO -   Min: -1.314323
2025-12-17 12:24:12,318 - INFO -   Max: -0.002100
2025-12-17 12:24:12,318 - INFO -   Avg: -0.899185
2025-12-17 12:24:12,318 - INFO -   Std: 0.169933
2025-12-17 12:24:12,357 - INFO - Generation 190
2025-12-17 12:24:12,358 - INFO -   Best: -1.314323
2025-12-17 12:24:12,358 - INFO -   Min: -1.314323
2025-12-17 12:24:12,358 - INFO -   Max: -0.002100
2025-12-17 12:24:12,358 - INFO -   Avg: -0.849781
2025-12-17 12:24:12,358 - INFO -   Std: 0.209143
2025-12-17 12:24:12,397 - INFO - Generation 200
2025-12-17 12:24:12,398 - INFO -   Best: -1.314323
2025-12-17 12:24:12,398 - INFO -   Min: -1.314323
2025-12-17 12:24:12,398 - INFO -   Max: -0.002100
2025-12-17 12:24:12,398 - INFO -   Avg: -0.860478
2025-12-17 12:24:12,398 - INFO -   Std: 0.146140
2025-12-17 12:24:12,401 - INFO - 
Final best fitness: -1.3143226429
2025-12-17 12:24:12,401 - INFO - Execution time: 0.85s
