2025-12-17 12:15:54,078 - INFO - Representation: Binary
2025-12-17 12:15:54,078 - INFO - Bits per variable: 12
2025-12-17 12:15:54,079 - INFO - Total genes: 360
2025-12-17 12:15:54,079 - INFO - Function: f16_2014
2025-12-17 12:15:54,079 - INFO - Population size: 100
2025-12-17 12:15:54,079 - INFO - Generations: 200
2025-12-17 12:15:54,079 - INFO - Selection: rws
2025-12-17 12:15:54,079 - INFO - Crossover: two_points
2025-12-17 12:15:54,080 - INFO - Mutation: swap
2025-12-17 12:15:54,080 - INFO - 
2025-12-17 12:15:55,262 - INFO - Generation 10
2025-12-17 12:15:55,262 - INFO -   Best: 1613.840768
2025-12-17 12:15:55,263 - INFO -   Min: 1613.840768
2025-12-17 12:15:55,263 - INFO -   Max: 1615.655455
2025-12-17 12:15:55,263 - INFO -   Avg: 1614.970626
2025-12-17 12:15:55,263 - INFO -   Std: 0.293465
2025-12-17 12:15:55,798 - INFO - Generation 20
2025-12-17 12:15:55,799 - INFO -   Best: 1613.647614
2025-12-17 12:15:55,799 - INFO -   Min: 1613.647614
2025-12-17 12:15:55,799 - INFO -   Max: 1615.666713
2025-12-17 12:15:55,799 - INFO -   Avg: 1615.011924
2025-12-17 12:15:55,799 - INFO -   Std: 0.341544
2025-12-17 12:15:56,317 - INFO - Generation 30
2025-12-17 12:15:56,317 - INFO -   Best: 1613.530488
2025-12-17 12:15:56,317 - INFO -   Min: 1613.530488
2025-12-17 12:15:56,318 - INFO -   Max: 1615.842035
2025-12-17 12:15:56,318 - INFO -   Avg: 1614.941457
2025-12-17 12:15:56,318 - INFO -   Std: 0.333941
2025-12-17 12:15:56,832 - INFO - Generation 40
2025-12-17 12:15:56,832 - INFO -   Best: 1613.527816
2025-12-17 12:15:56,833 - INFO -   Min: 1613.527816
2025-12-17 12:15:56,833 - INFO -   Max: 1616.085147
2025-12-17 12:15:56,833 - INFO -   Avg: 1614.950671
2025-12-17 12:15:56,833 - INFO -   Std: 0.388583
2025-12-17 12:15:57,355 - INFO - Generation 50
2025-12-17 12:15:57,356 - INFO -   Best: 1613.527816
2025-12-17 12:15:57,356 - INFO -   Min: 1613.527816
2025-12-17 12:15:57,356 - INFO -   Max: 1615.906897
2025-12-17 12:15:57,356 - INFO -   Avg: 1614.963992
2025-12-17 12:15:57,356 - INFO -   Std: 0.338628
2025-12-17 12:15:57,868 - INFO - Generation 60
2025-12-17 12:15:57,869 - INFO -   Best: 1613.527816
2025-12-17 12:15:57,869 - INFO -   Min: 1613.527816
2025-12-17 12:15:57,869 - INFO -   Max: 1615.597412
2025-12-17 12:15:57,869 - INFO -   Avg: 1615.008288
2025-12-17 12:15:57,869 - INFO -   Std: 0.379265
2025-12-17 12:15:58,390 - INFO - Generation 70
2025-12-17 12:15:58,390 - INFO -   Best: 1613.356977
2025-12-17 12:15:58,391 - INFO -   Min: 1613.356977
2025-12-17 12:15:58,391 - INFO -   Max: 1615.717797
2025-12-17 12:15:58,391 - INFO -   Avg: 1614.958830
2025-12-17 12:15:58,391 - INFO -   Std: 0.386522
2025-12-17 12:15:58,913 - INFO - Generation 80
2025-12-17 12:15:58,913 - INFO -   Best: 1613.306033
2025-12-17 12:15:58,913 - INFO -   Min: 1613.306033
2025-12-17 12:15:58,913 - INFO -   Max: 1616.282171
2025-12-17 12:15:58,914 - INFO -   Avg: 1614.923361
2025-12-17 12:15:58,914 - INFO -   Std: 0.570333
2025-12-17 12:15:59,428 - INFO - Generation 90
2025-12-17 12:15:59,428 - INFO -   Best: 1613.150734
2025-12-17 12:15:59,428 - INFO -   Min: 1613.150734
2025-12-17 12:15:59,428 - INFO -   Max: 1616.023264
2025-12-17 12:15:59,428 - INFO -   Avg: 1615.044113
2025-12-17 12:15:59,429 - INFO -   Std: 0.435680
2025-12-17 12:15:59,941 - INFO - Generation 100
2025-12-17 12:15:59,942 - INFO -   Best: 1613.150734
2025-12-17 12:15:59,942 - INFO -   Min: 1613.150734
2025-12-17 12:15:59,942 - INFO -   Max: 1616.061943
2025-12-17 12:15:59,942 - INFO -   Avg: 1614.993913
2025-12-17 12:15:59,942 - INFO -   Std: 0.438202
2025-12-17 12:16:00,460 - INFO - Generation 110
2025-12-17 12:16:00,461 - INFO -   Best: 1613.150734
2025-12-17 12:16:00,461 - INFO -   Min: 1613.150734
2025-12-17 12:16:00,461 - INFO -   Max: 1615.584537
2025-12-17 12:16:00,461 - INFO -   Avg: 1614.853411
2025-12-17 12:16:00,461 - INFO -   Std: 0.426215
2025-12-17 12:16:00,980 - INFO - Generation 120
2025-12-17 12:16:00,980 - INFO -   Best: 1613.143694
2025-12-17 12:16:00,980 - INFO -   Min: 1613.143694
2025-12-17 12:16:00,980 - INFO -   Max: 1615.967376
2025-12-17 12:16:00,981 - INFO -   Avg: 1614.903956
2025-12-17 12:16:00,981 - INFO -   Std: 0.486812
2025-12-17 12:16:01,507 - INFO - Generation 130
2025-12-17 12:16:01,507 - INFO -   Best: 1613.055295
2025-12-17 12:16:01,507 - INFO -   Min: 1613.055295
2025-12-17 12:16:01,508 - INFO -   Max: 1616.100738
2025-12-17 12:16:01,508 - INFO -   Avg: 1614.932375
2025-12-17 12:16:01,508 - INFO -   Std: 0.505117
2025-12-17 12:16:02,025 - INFO - Generation 140
2025-12-17 12:16:02,026 - INFO -   Best: 1612.671085
2025-12-17 12:16:02,026 - INFO -   Min: 1612.671085
2025-12-17 12:16:02,026 - INFO -   Max: 1616.197104
2025-12-17 12:16:02,026 - INFO -   Avg: 1614.880245
2025-12-17 12:16:02,026 - INFO -   Std: 0.543023
2025-12-17 12:16:02,542 - INFO - Generation 150
2025-12-17 12:16:02,542 - INFO -   Best: 1612.671085
2025-12-17 12:16:02,542 - INFO -   Min: 1612.671085
2025-12-17 12:16:02,543 - INFO -   Max: 1616.019965
2025-12-17 12:16:02,543 - INFO -   Avg: 1614.870152
2025-12-17 12:16:02,543 - INFO -   Std: 0.575469
2025-12-17 12:16:03,072 - INFO - Generation 160
2025-12-17 12:16:03,072 - INFO -   Best: 1612.529879
2025-12-17 12:16:03,072 - INFO -   Min: 1612.529879
2025-12-17 12:16:03,072 - INFO -   Max: 1616.658662
2025-12-17 12:16:03,072 - INFO -   Avg: 1615.064719
2025-12-17 12:16:03,073 - INFO -   Std: 0.635940
2025-12-17 12:16:03,600 - INFO - Generation 170
2025-12-17 12:16:03,601 - INFO -   Best: 1612.414609
2025-12-17 12:16:03,601 - INFO -   Min: 1612.414609
2025-12-17 12:16:03,601 - INFO -   Max: 1616.162410
2025-12-17 12:16:03,601 - INFO -   Avg: 1614.933692
2025-12-17 12:16:03,601 - INFO -   Std: 0.613039
2025-12-17 12:16:04,126 - INFO - Generation 180
2025-12-17 12:16:04,126 - INFO -   Best: 1612.414609
2025-12-17 12:16:04,127 - INFO -   Min: 1612.414609
2025-12-17 12:16:04,127 - INFO -   Max: 1616.533765
2025-12-17 12:16:04,127 - INFO -   Avg: 1615.043401
2025-12-17 12:16:04,127 - INFO -   Std: 0.617568
2025-12-17 12:16:04,649 - INFO - Generation 190
2025-12-17 12:16:04,649 - INFO -   Best: 1612.414609
2025-12-17 12:16:04,649 - INFO -   Min: 1612.414609
2025-12-17 12:16:04,650 - INFO -   Max: 1616.161546
2025-12-17 12:16:04,650 - INFO -   Avg: 1614.933114
2025-12-17 12:16:04,650 - INFO -   Std: 0.606412
2025-12-17 12:16:05,176 - INFO - Generation 200
2025-12-17 12:16:05,177 - INFO -   Best: 1612.414609
2025-12-17 12:16:05,177 - INFO -   Min: 1612.414609
2025-12-17 12:16:05,177 - INFO -   Max: 1616.227819
2025-12-17 12:16:05,177 - INFO -   Avg: 1614.868847
2025-12-17 12:16:05,177 - INFO -   Std: 0.723364
2025-12-17 12:16:05,211 - INFO - 
Final best fitness: 1612.4146086207
2025-12-17 12:16:05,212 - INFO - Execution time: 10.47s
