2025-12-17 12:19:45,296 - INFO - Representation: Real
2025-12-17 12:19:45,297 - INFO - Number of genes: 30
2025-12-17 12:19:45,297 - INFO - Bounds: [-100, 100]
2025-12-17 12:19:45,297 - INFO - Function: f16_2014
2025-12-17 12:19:45,297 - INFO - Population size: 100
2025-12-17 12:19:45,297 - INFO - Generations: 200
2025-12-17 12:19:45,297 - INFO - Selection: rws
2025-12-17 12:19:45,298 - INFO - Crossover: two_points
2025-12-17 12:19:45,298 - INFO - Mutation: swap
2025-12-17 12:19:45,298 - INFO - 
2025-12-17 12:19:45,722 - INFO - Generation 10
2025-12-17 12:19:45,722 - INFO -   Best: 1613.843661
2025-12-17 12:19:45,722 - INFO -   Min: 1613.843661
2025-12-17 12:19:45,723 - INFO -   Max: 1615.800489
2025-12-17 12:19:45,723 - INFO -   Avg: 1614.954170
2025-12-17 12:19:45,723 - INFO -   Std: 0.295040
2025-12-17 12:19:46,079 - INFO - Generation 20
2025-12-17 12:19:46,079 - INFO -   Best: 1613.819026
2025-12-17 12:19:46,079 - INFO -   Min: 1613.819026
2025-12-17 12:19:46,080 - INFO -   Max: 1615.577718
2025-12-17 12:19:46,080 - INFO -   Avg: 1614.924700
2025-12-17 12:19:46,080 - INFO -   Std: 0.319524
2025-12-17 12:19:46,435 - INFO - Generation 30
2025-12-17 12:19:46,435 - INFO -   Best: 1613.813464
2025-12-17 12:19:46,435 - INFO -   Min: 1613.813464
2025-12-17 12:19:46,436 - INFO -   Max: 1615.534240
2025-12-17 12:19:46,436 - INFO -   Avg: 1614.901558
2025-12-17 12:19:46,436 - INFO -   Std: 0.291412
2025-12-17 12:19:46,793 - INFO - Generation 40
2025-12-17 12:19:46,793 - INFO -   Best: 1613.813464
2025-12-17 12:19:46,793 - INFO -   Min: 1613.813464
2025-12-17 12:19:46,793 - INFO -   Max: 1616.072722
2025-12-17 12:19:46,794 - INFO -   Avg: 1614.985208
2025-12-17 12:19:46,794 - INFO -   Std: 0.386804
2025-12-17 12:19:47,152 - INFO - Generation 50
2025-12-17 12:19:47,152 - INFO -   Best: 1613.600871
2025-12-17 12:19:47,152 - INFO -   Min: 1613.600871
2025-12-17 12:19:47,153 - INFO -   Max: 1615.880462
2025-12-17 12:19:47,153 - INFO -   Avg: 1614.924549
2025-12-17 12:19:47,153 - INFO -   Std: 0.419142
2025-12-17 12:19:47,506 - INFO - Generation 60
2025-12-17 12:19:47,507 - INFO -   Best: 1613.600871
2025-12-17 12:19:47,507 - INFO -   Min: 1613.600871
2025-12-17 12:19:47,507 - INFO -   Max: 1615.851189
2025-12-17 12:19:47,507 - INFO -   Avg: 1614.982340
2025-12-17 12:19:47,507 - INFO -   Std: 0.387170
2025-12-17 12:19:47,865 - INFO - Generation 70
2025-12-17 12:19:47,866 - INFO -   Best: 1613.600871
2025-12-17 12:19:47,866 - INFO -   Min: 1613.600871
2025-12-17 12:19:47,866 - INFO -   Max: 1615.577398
2025-12-17 12:19:47,866 - INFO -   Avg: 1614.938232
2025-12-17 12:19:47,866 - INFO -   Std: 0.328578
2025-12-17 12:19:48,225 - INFO - Generation 80
2025-12-17 12:19:48,225 - INFO -   Best: 1613.600871
2025-12-17 12:19:48,225 - INFO -   Min: 1613.600871
2025-12-17 12:19:48,225 - INFO -   Max: 1616.128661
2025-12-17 12:19:48,225 - INFO -   Avg: 1615.034122
2025-12-17 12:19:48,226 - INFO -   Std: 0.394248
2025-12-17 12:19:48,583 - INFO - Generation 90
2025-12-17 12:19:48,584 - INFO -   Best: 1613.600871
2025-12-17 12:19:48,584 - INFO -   Min: 1613.600871
2025-12-17 12:19:48,584 - INFO -   Max: 1615.925131
2025-12-17 12:19:48,584 - INFO -   Avg: 1615.007134
2025-12-17 12:19:48,584 - INFO -   Std: 0.478230
2025-12-17 12:19:48,944 - INFO - Generation 100
2025-12-17 12:19:48,944 - INFO -   Best: 1613.037044
2025-12-17 12:19:48,944 - INFO -   Min: 1613.037044
2025-12-17 12:19:48,944 - INFO -   Max: 1615.816907
2025-12-17 12:19:48,945 - INFO -   Avg: 1614.909389
2025-12-17 12:19:48,945 - INFO -   Std: 0.506332
2025-12-17 12:19:49,302 - INFO - Generation 110
2025-12-17 12:19:49,302 - INFO -   Best: 1613.037044
2025-12-17 12:19:49,302 - INFO -   Min: 1613.037044
2025-12-17 12:19:49,303 - INFO -   Max: 1616.498622
2025-12-17 12:19:49,303 - INFO -   Avg: 1614.993007
2025-12-17 12:19:49,303 - INFO -   Std: 0.508391
2025-12-17 12:19:49,651 - INFO - Generation 120
2025-12-17 12:19:49,651 - INFO -   Best: 1613.037044
2025-12-17 12:19:49,651 - INFO -   Min: 1613.037044
2025-12-17 12:19:49,652 - INFO -   Max: 1616.156667
2025-12-17 12:19:49,652 - INFO -   Avg: 1615.181827
2025-12-17 12:19:49,652 - INFO -   Std: 0.502251
2025-12-17 12:19:50,002 - INFO - Generation 130
2025-12-17 12:19:50,002 - INFO -   Best: 1613.037044
2025-12-17 12:19:50,003 - INFO -   Min: 1613.037044
2025-12-17 12:19:50,003 - INFO -   Max: 1616.223537
2025-12-17 12:19:50,003 - INFO -   Avg: 1615.232674
2025-12-17 12:19:50,003 - INFO -   Std: 0.534028
2025-12-17 12:19:50,343 - INFO - Generation 140
2025-12-17 12:19:50,343 - INFO -   Best: 1613.037044
2025-12-17 12:19:50,343 - INFO -   Min: 1613.037044
2025-12-17 12:19:50,344 - INFO -   Max: 1616.403594
2025-12-17 12:19:50,344 - INFO -   Avg: 1615.271578
2025-12-17 12:19:50,344 - INFO -   Std: 0.583508
2025-12-17 12:19:50,682 - INFO - Generation 150
2025-12-17 12:19:50,682 - INFO -   Best: 1613.037044
2025-12-17 12:19:50,682 - INFO -   Min: 1613.037044
2025-12-17 12:19:50,682 - INFO -   Max: 1616.242950
2025-12-17 12:19:50,683 - INFO -   Avg: 1615.298604
2025-12-17 12:19:50,683 - INFO -   Std: 0.553843
2025-12-17 12:19:51,026 - INFO - Generation 160
2025-12-17 12:19:51,026 - INFO -   Best: 1613.037044
2025-12-17 12:19:51,026 - INFO -   Min: 1613.037044
2025-12-17 12:19:51,026 - INFO -   Max: 1616.405389
2025-12-17 12:19:51,026 - INFO -   Avg: 1615.209903
2025-12-17 12:19:51,027 - INFO -   Std: 0.549293
2025-12-17 12:19:51,376 - INFO - Generation 170
2025-12-17 12:19:51,376 - INFO -   Best: 1613.037044
2025-12-17 12:19:51,377 - INFO -   Min: 1613.037044
2025-12-17 12:19:51,377 - INFO -   Max: 1616.263763
2025-12-17 12:19:51,377 - INFO -   Avg: 1615.058251
2025-12-17 12:19:51,377 - INFO -   Std: 0.611019
2025-12-17 12:19:51,725 - INFO - Generation 180
2025-12-17 12:19:51,725 - INFO -   Best: 1613.037044
2025-12-17 12:19:51,725 - INFO -   Min: 1613.037044
2025-12-17 12:19:51,725 - INFO -   Max: 1616.249846
2025-12-17 12:19:51,726 - INFO -   Avg: 1615.118999
2025-12-17 12:19:51,726 - INFO -   Std: 0.620153
2025-12-17 12:19:52,044 - INFO - Generation 190
2025-12-17 12:19:52,044 - INFO -   Best: 1613.037044
2025-12-17 12:19:52,044 - INFO -   Min: 1613.037044
2025-12-17 12:19:52,045 - INFO -   Max: 1615.908711
2025-12-17 12:19:52,045 - INFO -   Avg: 1615.008445
2025-12-17 12:19:52,045 - INFO -   Std: 0.441936
2025-12-17 12:19:52,351 - INFO - Generation 200
2025-12-17 12:19:52,351 - INFO -   Best: 1613.037044
2025-12-17 12:19:52,351 - INFO -   Min: 1613.037044
2025-12-17 12:19:52,351 - INFO -   Max: 1615.639248
2025-12-17 12:19:52,352 - INFO -   Avg: 1614.808489
2025-12-17 12:19:52,352 - INFO -   Std: 0.481125
2025-12-17 12:19:52,371 - INFO - 
Final best fitness: 1613.0370442657
2025-12-17 12:19:52,371 - INFO - Execution time: 7.02s
