2025-12-17 12:16:17,199 - INFO - Representation: Binary
2025-12-17 12:16:17,199 - INFO - Bits per variable: 12
2025-12-17 12:16:17,199 - INFO - Total genes: 360
2025-12-17 12:16:17,200 - INFO - Function: f16_2014
2025-12-17 12:16:17,200 - INFO - Population size: 100
2025-12-17 12:16:17,200 - INFO - Generations: 200
2025-12-17 12:16:17,200 - INFO - Selection: rws
2025-12-17 12:16:17,200 - INFO - Crossover: two_points
2025-12-17 12:16:17,200 - INFO - Mutation: swap
2025-12-17 12:16:17,200 - INFO - 
2025-12-17 12:16:18,371 - INFO - Generation 10
2025-12-17 12:16:18,372 - INFO -   Best: 1613.936344
2025-12-17 12:16:18,372 - INFO -   Min: 1613.936344
2025-12-17 12:16:18,372 - INFO -   Max: 1615.803219
2025-12-17 12:16:18,372 - INFO -   Avg: 1614.974596
2025-12-17 12:16:18,373 - INFO -   Std: 0.289497
2025-12-17 12:16:18,895 - INFO - Generation 20
2025-12-17 12:16:18,896 - INFO -   Best: 1613.936344
2025-12-17 12:16:18,896 - INFO -   Min: 1613.936344
2025-12-17 12:16:18,896 - INFO -   Max: 1615.852795
2025-12-17 12:16:18,896 - INFO -   Avg: 1614.998508
2025-12-17 12:16:18,896 - INFO -   Std: 0.266324
2025-12-17 12:16:19,420 - INFO - Generation 30
2025-12-17 12:16:19,420 - INFO -   Best: 1613.936344
2025-12-17 12:16:19,420 - INFO -   Min: 1613.936344
2025-12-17 12:16:19,421 - INFO -   Max: 1616.276339
2025-12-17 12:16:19,421 - INFO -   Avg: 1614.990647
2025-12-17 12:16:19,421 - INFO -   Std: 0.340833
2025-12-17 12:16:19,932 - INFO - Generation 40
2025-12-17 12:16:19,932 - INFO -   Best: 1613.936344
2025-12-17 12:16:19,933 - INFO -   Min: 1613.936344
2025-12-17 12:16:19,933 - INFO -   Max: 1615.978884
2025-12-17 12:16:19,933 - INFO -   Avg: 1614.961963
2025-12-17 12:16:19,933 - INFO -   Std: 0.334254
2025-12-17 12:16:20,449 - INFO - Generation 50
2025-12-17 12:16:20,449 - INFO -   Best: 1613.861249
2025-12-17 12:16:20,449 - INFO -   Min: 1613.861249
2025-12-17 12:16:20,449 - INFO -   Max: 1615.850563
2025-12-17 12:16:20,449 - INFO -   Avg: 1615.002779
2025-12-17 12:16:20,449 - INFO -   Std: 0.321562
2025-12-17 12:16:20,965 - INFO - Generation 60
2025-12-17 12:16:20,965 - INFO -   Best: 1613.427880
2025-12-17 12:16:20,965 - INFO -   Min: 1613.427880
2025-12-17 12:16:20,966 - INFO -   Max: 1615.956200
2025-12-17 12:16:20,966 - INFO -   Avg: 1614.936326
2025-12-17 12:16:20,966 - INFO -   Std: 0.346503
2025-12-17 12:16:21,479 - INFO - Generation 70
2025-12-17 12:16:21,479 - INFO -   Best: 1613.427880
2025-12-17 12:16:21,479 - INFO -   Min: 1613.427880
2025-12-17 12:16:21,479 - INFO -   Max: 1615.665022
2025-12-17 12:16:21,479 - INFO -   Avg: 1614.962816
2025-12-17 12:16:21,480 - INFO -   Std: 0.351351
2025-12-17 12:16:21,989 - INFO - Generation 80
2025-12-17 12:16:21,989 - INFO -   Best: 1613.427880
2025-12-17 12:16:21,989 - INFO -   Min: 1613.427880
2025-12-17 12:16:21,989 - INFO -   Max: 1615.590407
2025-12-17 12:16:21,989 - INFO -   Avg: 1614.953162
2025-12-17 12:16:21,989 - INFO -   Std: 0.287789
2025-12-17 12:16:22,510 - INFO - Generation 90
2025-12-17 12:16:22,511 - INFO -   Best: 1613.427880
2025-12-17 12:16:22,511 - INFO -   Min: 1613.427880
2025-12-17 12:16:22,511 - INFO -   Max: 1616.089232
2025-12-17 12:16:22,511 - INFO -   Avg: 1614.967016
2025-12-17 12:16:22,512 - INFO -   Std: 0.328933
2025-12-17 12:16:23,023 - INFO - Generation 100
2025-12-17 12:16:23,023 - INFO -   Best: 1613.427880
2025-12-17 12:16:23,023 - INFO -   Min: 1613.427880
2025-12-17 12:16:23,023 - INFO -   Max: 1615.739868
2025-12-17 12:16:23,023 - INFO -   Avg: 1614.953498
2025-12-17 12:16:23,024 - INFO -   Std: 0.356796
2025-12-17 12:16:23,538 - INFO - Generation 110
2025-12-17 12:16:23,538 - INFO -   Best: 1613.427880
2025-12-17 12:16:23,538 - INFO -   Min: 1613.427880
2025-12-17 12:16:23,538 - INFO -   Max: 1615.841379
2025-12-17 12:16:23,538 - INFO -   Avg: 1614.926051
2025-12-17 12:16:23,539 - INFO -   Std: 0.370114
2025-12-17 12:16:24,048 - INFO - Generation 120
2025-12-17 12:16:24,048 - INFO -   Best: 1613.427880
2025-12-17 12:16:24,048 - INFO -   Min: 1613.427880
2025-12-17 12:16:24,048 - INFO -   Max: 1615.912784
2025-12-17 12:16:24,049 - INFO -   Avg: 1614.942787
2025-12-17 12:16:24,049 - INFO -   Std: 0.369329
2025-12-17 12:16:24,565 - INFO - Generation 130
2025-12-17 12:16:24,565 - INFO -   Best: 1613.427880
2025-12-17 12:16:24,565 - INFO -   Min: 1613.427880
2025-12-17 12:16:24,566 - INFO -   Max: 1615.840212
2025-12-17 12:16:24,566 - INFO -   Avg: 1614.987246
2025-12-17 12:16:24,566 - INFO -   Std: 0.400888
2025-12-17 12:16:25,100 - INFO - Generation 140
2025-12-17 12:16:25,100 - INFO -   Best: 1613.427880
2025-12-17 12:16:25,101 - INFO -   Min: 1613.427880
2025-12-17 12:16:25,101 - INFO -   Max: 1615.776811
2025-12-17 12:16:25,101 - INFO -   Avg: 1614.991399
2025-12-17 12:16:25,101 - INFO -   Std: 0.367229
2025-12-17 12:16:25,616 - INFO - Generation 150
2025-12-17 12:16:25,617 - INFO -   Best: 1613.427880
2025-12-17 12:16:25,617 - INFO -   Min: 1613.427880
2025-12-17 12:16:25,617 - INFO -   Max: 1615.751916
2025-12-17 12:16:25,617 - INFO -   Avg: 1614.902498
2025-12-17 12:16:25,618 - INFO -   Std: 0.323757
2025-12-17 12:16:26,139 - INFO - Generation 160
2025-12-17 12:16:26,140 - INFO -   Best: 1613.427880
2025-12-17 12:16:26,140 - INFO -   Min: 1613.427880
2025-12-17 12:16:26,140 - INFO -   Max: 1615.671301
2025-12-17 12:16:26,140 - INFO -   Avg: 1614.987923
2025-12-17 12:16:26,140 - INFO -   Std: 0.338155
2025-12-17 12:16:26,661 - INFO - Generation 170
2025-12-17 12:16:26,661 - INFO -   Best: 1613.427880
2025-12-17 12:16:26,661 - INFO -   Min: 1613.427880
2025-12-17 12:16:26,662 - INFO -   Max: 1615.903244
2025-12-17 12:16:26,662 - INFO -   Avg: 1614.966272
2025-12-17 12:16:26,662 - INFO -   Std: 0.366734
2025-12-17 12:16:27,181 - INFO - Generation 180
2025-12-17 12:16:27,182 - INFO -   Best: 1613.384429
2025-12-17 12:16:27,182 - INFO -   Min: 1613.384429
2025-12-17 12:16:27,182 - INFO -   Max: 1615.782392
2025-12-17 12:16:27,182 - INFO -   Avg: 1614.909113
2025-12-17 12:16:27,182 - INFO -   Std: 0.405867
2025-12-17 12:16:27,706 - INFO - Generation 190
2025-12-17 12:16:27,706 - INFO -   Best: 1613.384429
2025-12-17 12:16:27,706 - INFO -   Min: 1613.384429
2025-12-17 12:16:27,706 - INFO -   Max: 1615.861840
2025-12-17 12:16:27,706 - INFO -   Avg: 1614.980861
2025-12-17 12:16:27,706 - INFO -   Std: 0.429133
2025-12-17 12:16:28,226 - INFO - Generation 200
2025-12-17 12:16:28,227 - INFO -   Best: 1613.384429
2025-12-17 12:16:28,227 - INFO -   Min: 1613.384429
2025-12-17 12:16:28,227 - INFO -   Max: 1615.760023
2025-12-17 12:16:28,227 - INFO -   Avg: 1614.974258
2025-12-17 12:16:28,228 - INFO -   Std: 0.379239
2025-12-17 12:16:28,261 - INFO - 
Final best fitness: 1613.3844285603
2025-12-17 12:16:28,261 - INFO - Execution time: 10.41s
