2025-12-17 11:26:57,335 - INFO - Representation: Real
2025-12-17 11:26:57,335 - INFO - Number of genes: 2
2025-12-17 11:26:57,335 - INFO - Bounds: [0, 3.141592653589793]
2025-12-17 11:26:57,335 - INFO - Function: michalewicz
2025-12-17 11:26:57,335 - INFO - Population size: 100
2025-12-17 11:26:57,336 - INFO - Generations: 200
2025-12-17 11:26:57,336 - INFO - Selection: tournament
2025-12-17 11:26:57,336 - INFO - Crossover: single_point
2025-12-17 11:26:57,336 - INFO - Mutation: random
2025-12-17 11:26:57,336 - INFO - 
2025-12-17 11:26:57,372 - INFO - Generation 10
2025-12-17 11:26:57,372 - INFO -   Best: -1.757608
2025-12-17 11:26:57,373 - INFO -   Min: -1.757608
2025-12-17 11:26:57,373 - INFO -   Max: -0.331177
2025-12-17 11:26:57,373 - INFO -   Avg: -1.606486
2025-12-17 11:26:57,373 - INFO -   Std: 0.329479
2025-12-17 11:26:57,406 - INFO - Generation 20
2025-12-17 11:26:57,406 - INFO -   Best: -1.779740
2025-12-17 11:26:57,407 - INFO -   Min: -1.779740
2025-12-17 11:26:57,407 - INFO -   Max: 0.866867
2025-12-17 11:26:57,407 - INFO -   Avg: -1.604489
2025-12-17 11:26:57,407 - INFO -   Std: 0.481235
2025-12-17 11:26:57,438 - INFO - Generation 30
2025-12-17 11:26:57,438 - INFO -   Best: -1.779740
2025-12-17 11:26:57,439 - INFO -   Min: -1.779740
2025-12-17 11:26:57,439 - INFO -   Max: -0.007286
2025-12-17 11:26:57,439 - INFO -   Avg: -1.612804
2025-12-17 11:26:57,439 - INFO -   Std: 0.380622
2025-12-17 11:26:57,471 - INFO - Generation 40
2025-12-17 11:26:57,471 - INFO -   Best: -1.779740
2025-12-17 11:26:57,472 - INFO -   Min: -1.779740
2025-12-17 11:26:57,472 - INFO -   Max: 0.134246
2025-12-17 11:26:57,472 - INFO -   Avg: -1.489515
2025-12-17 11:26:57,472 - INFO -   Std: 0.488449
2025-12-17 11:26:57,502 - INFO - Generation 50
2025-12-17 11:26:57,502 - INFO -   Best: -1.780359
2025-12-17 11:26:57,503 - INFO -   Min: -1.780359
2025-12-17 11:26:57,503 - INFO -   Max: 0.000269
2025-12-17 11:26:57,503 - INFO -   Avg: -1.623081
2025-12-17 11:26:57,503 - INFO -   Std: 0.393097
2025-12-17 11:26:57,536 - INFO - Generation 60
2025-12-17 11:26:57,536 - INFO -   Best: -1.780359
2025-12-17 11:26:57,537 - INFO -   Min: -1.780359
2025-12-17 11:26:57,537 - INFO -   Max: -0.026898
2025-12-17 11:26:57,537 - INFO -   Avg: -1.547759
2025-12-17 11:26:57,537 - INFO -   Std: 0.456873
2025-12-17 11:26:57,567 - INFO - Generation 70
2025-12-17 11:26:57,568 - INFO -   Best: -1.780359
2025-12-17 11:26:57,568 - INFO -   Min: -1.780359
2025-12-17 11:26:57,568 - INFO -   Max: 0.000001
2025-12-17 11:26:57,568 - INFO -   Avg: -1.551514
2025-12-17 11:26:57,568 - INFO -   Std: 0.441454
2025-12-17 11:26:57,599 - INFO - Generation 80
2025-12-17 11:26:57,599 - INFO -   Best: -1.780359
2025-12-17 11:26:57,600 - INFO -   Min: -1.780359
2025-12-17 11:26:57,600 - INFO -   Max: 0.169083
2025-12-17 11:26:57,600 - INFO -   Avg: -1.575946
2025-12-17 11:26:57,600 - INFO -   Std: 0.437768
2025-12-17 11:26:57,631 - INFO - Generation 90
2025-12-17 11:26:57,631 - INFO -   Best: -1.780359
2025-12-17 11:26:57,631 - INFO -   Min: -1.780359
2025-12-17 11:26:57,631 - INFO -   Max: -0.388423
2025-12-17 11:26:57,631 - INFO -   Avg: -1.662327
2025-12-17 11:26:57,632 - INFO -   Std: 0.318959
2025-12-17 11:26:57,664 - INFO - Generation 100
2025-12-17 11:26:57,664 - INFO -   Best: -1.780359
2025-12-17 11:26:57,664 - INFO -   Min: -1.780359
2025-12-17 11:26:57,664 - INFO -   Max: -0.046593
2025-12-17 11:26:57,664 - INFO -   Avg: -1.602243
2025-12-17 11:26:57,665 - INFO -   Std: 0.408520
2025-12-17 11:26:57,697 - INFO - Generation 110
2025-12-17 11:26:57,698 - INFO -   Best: -1.780359
2025-12-17 11:26:57,698 - INFO -   Min: -1.780359
2025-12-17 11:26:57,698 - INFO -   Max: 0.341445
2025-12-17 11:26:57,698 - INFO -   Avg: -1.635251
2025-12-17 11:26:57,698 - INFO -   Std: 0.367897
2025-12-17 11:26:57,730 - INFO - Generation 120
2025-12-17 11:26:57,730 - INFO -   Best: -1.780359
2025-12-17 11:26:57,730 - INFO -   Min: -1.780359
2025-12-17 11:26:57,731 - INFO -   Max: 0.005363
2025-12-17 11:26:57,731 - INFO -   Avg: -1.513768
2025-12-17 11:26:57,731 - INFO -   Std: 0.494021
2025-12-17 11:26:57,761 - INFO - Generation 130
2025-12-17 11:26:57,762 - INFO -   Best: -1.780359
2025-12-17 11:26:57,762 - INFO -   Min: -1.780359
2025-12-17 11:26:57,762 - INFO -   Max: -0.125844
2025-12-17 11:26:57,762 - INFO -   Avg: -1.614712
2025-12-17 11:26:57,762 - INFO -   Std: 0.373573
2025-12-17 11:26:57,794 - INFO - Generation 140
2025-12-17 11:26:57,795 - INFO -   Best: -1.780359
2025-12-17 11:26:57,795 - INFO -   Min: -1.780359
2025-12-17 11:26:57,795 - INFO -   Max: 0.837710
2025-12-17 11:26:57,795 - INFO -   Avg: -1.580032
2025-12-17 11:26:57,795 - INFO -   Std: 0.474149
2025-12-17 11:26:57,827 - INFO - Generation 150
2025-12-17 11:26:57,827 - INFO -   Best: -1.780359
2025-12-17 11:26:57,827 - INFO -   Min: -1.780359
2025-12-17 11:26:57,827 - INFO -   Max: -0.556312
2025-12-17 11:26:57,828 - INFO -   Avg: -1.698557
2025-12-17 11:26:57,828 - INFO -   Std: 0.264671
2025-12-17 11:26:57,858 - INFO - Generation 160
2025-12-17 11:26:57,859 - INFO -   Best: -1.780359
2025-12-17 11:26:57,859 - INFO -   Min: -1.780359
2025-12-17 11:26:57,859 - INFO -   Max: 1.610836
2025-12-17 11:26:57,859 - INFO -   Avg: -1.598187
2025-12-17 11:26:57,859 - INFO -   Std: 0.479243
2025-12-17 11:26:57,897 - INFO - Generation 170
2025-12-17 11:26:57,898 - INFO -   Best: -1.780359
2025-12-17 11:26:57,898 - INFO -   Min: -1.780359
2025-12-17 11:26:57,898 - INFO -   Max: 0.681728
2025-12-17 11:26:57,898 - INFO -   Avg: -1.494709
2025-12-17 11:26:57,898 - INFO -   Std: 0.496200
2025-12-17 11:26:57,939 - INFO - Generation 180
2025-12-17 11:26:57,939 - INFO -   Best: -1.780359
2025-12-17 11:26:57,940 - INFO -   Min: -1.780359
2025-12-17 11:26:57,940 - INFO -   Max: -0.059491
2025-12-17 11:26:57,940 - INFO -   Avg: -1.645429
2025-12-17 11:26:57,940 - INFO -   Std: 0.345860
2025-12-17 11:26:57,972 - INFO - Generation 190
2025-12-17 11:26:57,972 - INFO -   Best: -1.780359
2025-12-17 11:26:57,972 - INFO -   Min: -1.780359
2025-12-17 11:26:57,972 - INFO -   Max: 0.261474
2025-12-17 11:26:57,973 - INFO -   Avg: -1.598638
2025-12-17 11:26:57,973 - INFO -   Std: 0.429043
2025-12-17 11:26:58,005 - INFO - Generation 200
2025-12-17 11:26:58,005 - INFO -   Best: -1.780359
2025-12-17 11:26:58,006 - INFO -   Min: -1.780359
2025-12-17 11:26:58,006 - INFO -   Max: -0.003747
2025-12-17 11:26:58,006 - INFO -   Avg: -1.642033
2025-12-17 11:26:58,006 - INFO -   Std: 0.368676
2025-12-17 11:26:58,009 - INFO - 
Final best fitness: -1.7803585814
2025-12-17 11:26:58,009 - INFO - Execution time: 0.67s
2025-12-17 12:03:56,373 - INFO - Representation: Binary
2025-12-17 12:03:56,373 - INFO - Bits per variable: 12
2025-12-17 12:03:56,373 - INFO - Total genes: 24
2025-12-17 12:03:56,374 - INFO - Function: michalewicz
2025-12-17 12:03:56,374 - INFO - Population size: 100
2025-12-17 12:03:56,374 - INFO - Generations: 200
2025-12-17 12:03:56,374 - INFO - Selection: tournament
2025-12-17 12:03:56,374 - INFO - Crossover: single_point
2025-12-17 12:03:56,374 - INFO - Mutation: random
2025-12-17 12:03:56,374 - INFO - 
2025-12-17 12:03:56,524 - INFO - Generation 10
2025-12-17 12:03:56,524 - INFO -   Best: -1.800607
2025-12-17 12:03:56,524 - INFO -   Min: -1.800607
2025-12-17 12:03:56,524 - INFO -   Max: 0.447444
2025-12-17 12:03:56,525 - INFO -   Avg: -1.403661
2025-12-17 12:03:56,525 - INFO -   Std: 0.471902
2025-12-17 12:03:56,628 - INFO - Generation 20
2025-12-17 12:03:56,629 - INFO -   Best: -1.801248
2025-12-17 12:03:56,629 - INFO -   Min: -1.801248
2025-12-17 12:03:56,629 - INFO -   Max: 0.000000
2025-12-17 12:03:56,629 - INFO -   Avg: -1.330049
2025-12-17 12:03:56,629 - INFO -   Std: 0.492244
2025-12-17 12:03:56,733 - INFO - Generation 30
2025-12-17 12:03:56,733 - INFO -   Best: -1.801296
2025-12-17 12:03:56,733 - INFO -   Min: -1.801296
2025-12-17 12:03:56,733 - INFO -   Max: 0.473209
2025-12-17 12:03:56,734 - INFO -   Avg: -1.413918
2025-12-17 12:03:56,734 - INFO -   Std: 0.493699
2025-12-17 12:03:56,839 - INFO - Generation 40
2025-12-17 12:03:56,839 - INFO -   Best: -1.801296
2025-12-17 12:03:56,839 - INFO -   Min: -1.801296
2025-12-17 12:03:56,839 - INFO -   Max: 0.460342
2025-12-17 12:03:56,839 - INFO -   Avg: -1.377224
2025-12-17 12:03:56,840 - INFO -   Std: 0.511938
2025-12-17 12:03:56,945 - INFO - Generation 50
2025-12-17 12:03:56,945 - INFO -   Best: -1.801296
2025-12-17 12:03:56,945 - INFO -   Min: -1.801296
2025-12-17 12:03:56,945 - INFO -   Max: 0.528305
2025-12-17 12:03:56,946 - INFO -   Avg: -1.422187
2025-12-17 12:03:56,946 - INFO -   Std: 0.512317
2025-12-17 12:03:57,055 - INFO - Generation 60
2025-12-17 12:03:57,055 - INFO -   Best: -1.801296
2025-12-17 12:03:57,055 - INFO -   Min: -1.801296
2025-12-17 12:03:57,056 - INFO -   Max: 0.434314
2025-12-17 12:03:57,056 - INFO -   Avg: -1.390177
2025-12-17 12:03:57,056 - INFO -   Std: 0.513352
2025-12-17 12:03:57,164 - INFO - Generation 70
2025-12-17 12:03:57,164 - INFO -   Best: -1.801296
2025-12-17 12:03:57,164 - INFO -   Min: -1.801296
2025-12-17 12:03:57,164 - INFO -   Max: -0.000000
2025-12-17 12:03:57,165 - INFO -   Avg: -1.307475
2025-12-17 12:03:57,165 - INFO -   Std: 0.549132
2025-12-17 12:03:57,274 - INFO - Generation 80
2025-12-17 12:03:57,274 - INFO -   Best: -1.801296
2025-12-17 12:03:57,275 - INFO -   Min: -1.801296
2025-12-17 12:03:57,275 - INFO -   Max: -0.071281
2025-12-17 12:03:57,275 - INFO -   Avg: -1.373074
2025-12-17 12:03:57,275 - INFO -   Std: 0.518612
2025-12-17 12:03:57,380 - INFO - Generation 90
2025-12-17 12:03:57,380 - INFO -   Best: -1.801296
2025-12-17 12:03:57,380 - INFO -   Min: -1.801296
2025-12-17 12:03:57,380 - INFO -   Max: 0.000000
2025-12-17 12:03:57,380 - INFO -   Avg: -1.353427
2025-12-17 12:03:57,380 - INFO -   Std: 0.523283
2025-12-17 12:03:57,489 - INFO - Generation 100
2025-12-17 12:03:57,489 - INFO -   Best: -1.801296
2025-12-17 12:03:57,490 - INFO -   Min: -1.801296
2025-12-17 12:03:57,490 - INFO -   Max: -0.000000
2025-12-17 12:03:57,490 - INFO -   Avg: -1.445655
2025-12-17 12:03:57,490 - INFO -   Std: 0.452043
2025-12-17 12:03:57,610 - INFO - Generation 110
2025-12-17 12:03:57,611 - INFO -   Best: -1.801296
2025-12-17 12:03:57,611 - INFO -   Min: -1.801296
2025-12-17 12:03:57,611 - INFO -   Max: -0.000105
2025-12-17 12:03:57,611 - INFO -   Avg: -1.335619
2025-12-17 12:03:57,611 - INFO -   Std: 0.539073
2025-12-17 12:03:57,721 - INFO - Generation 120
2025-12-17 12:03:57,721 - INFO -   Best: -1.801296
2025-12-17 12:03:57,721 - INFO -   Min: -1.801296
2025-12-17 12:03:57,721 - INFO -   Max: 0.270974
2025-12-17 12:03:57,722 - INFO -   Avg: -1.371037
2025-12-17 12:03:57,722 - INFO -   Std: 0.548311
2025-12-17 12:03:57,836 - INFO - Generation 130
2025-12-17 12:03:57,837 - INFO -   Best: -1.801296
2025-12-17 12:03:57,837 - INFO -   Min: -1.801296
2025-12-17 12:03:57,837 - INFO -   Max: 0.286740
2025-12-17 12:03:57,837 - INFO -   Avg: -1.427867
2025-12-17 12:03:57,837 - INFO -   Std: 0.483234
2025-12-17 12:03:57,950 - INFO - Generation 140
2025-12-17 12:03:57,951 - INFO -   Best: -1.801296
2025-12-17 12:03:57,951 - INFO -   Min: -1.801296
2025-12-17 12:03:57,951 - INFO -   Max: 0.059816
2025-12-17 12:03:57,951 - INFO -   Avg: -1.386188
2025-12-17 12:03:57,951 - INFO -   Std: 0.485910
2025-12-17 12:03:58,056 - INFO - Generation 150
2025-12-17 12:03:58,056 - INFO -   Best: -1.801296
2025-12-17 12:03:58,056 - INFO -   Min: -1.801296
2025-12-17 12:03:58,056 - INFO -   Max: 0.430911
2025-12-17 12:03:58,057 - INFO -   Avg: -1.412807
2025-12-17 12:03:58,057 - INFO -   Std: 0.547557
2025-12-17 12:03:58,166 - INFO - Generation 160
2025-12-17 12:03:58,166 - INFO -   Best: -1.801296
2025-12-17 12:03:58,166 - INFO -   Min: -1.801296
2025-12-17 12:03:58,167 - INFO -   Max: 0.440892
2025-12-17 12:03:58,167 - INFO -   Avg: -1.344733
2025-12-17 12:03:58,167 - INFO -   Std: 0.593978
2025-12-17 12:03:58,275 - INFO - Generation 170
2025-12-17 12:03:58,275 - INFO -   Best: -1.801296
2025-12-17 12:03:58,275 - INFO -   Min: -1.801296
2025-12-17 12:03:58,275 - INFO -   Max: 0.485967
2025-12-17 12:03:58,276 - INFO -   Avg: -1.346460
2025-12-17 12:03:58,276 - INFO -   Std: 0.508810
2025-12-17 12:03:58,382 - INFO - Generation 180
2025-12-17 12:03:58,382 - INFO -   Best: -1.801296
2025-12-17 12:03:58,382 - INFO -   Min: -1.801296
2025-12-17 12:03:58,382 - INFO -   Max: 0.479557
2025-12-17 12:03:58,382 - INFO -   Avg: -1.405519
2025-12-17 12:03:58,383 - INFO -   Std: 0.513159
2025-12-17 12:03:58,489 - INFO - Generation 190
2025-12-17 12:03:58,489 - INFO -   Best: -1.801296
2025-12-17 12:03:58,489 - INFO -   Min: -1.801296
2025-12-17 12:03:58,490 - INFO -   Max: 0.416685
2025-12-17 12:03:58,490 - INFO -   Avg: -1.399920
2025-12-17 12:03:58,490 - INFO -   Std: 0.558572
2025-12-17 12:03:58,600 - INFO - Generation 200
2025-12-17 12:03:58,600 - INFO -   Best: -1.801296
2025-12-17 12:03:58,600 - INFO -   Min: -1.801296
2025-12-17 12:03:58,600 - INFO -   Max: 0.991011
2025-12-17 12:03:58,601 - INFO -   Avg: -1.382600
2025-12-17 12:03:58,601 - INFO -   Std: 0.563758
2025-12-17 12:03:58,606 - INFO - 
Final best fitness: -1.8012955890
2025-12-17 12:03:58,606 - INFO - Execution time: 2.18s
