2025-12-17 12:20:55,981 - INFO - Representation: Real
2025-12-17 12:20:55,981 - INFO - Number of genes: 20
2025-12-17 12:20:55,981 - INFO - Bounds: [-100, 100]
2025-12-17 12:20:55,982 - INFO - Function: f16_2014
2025-12-17 12:20:55,982 - INFO - Population size: 100
2025-12-17 12:20:55,982 - INFO - Generations: 200
2025-12-17 12:20:55,982 - INFO - Selection: rws
2025-12-17 12:20:55,982 - INFO - Crossover: two_points
2025-12-17 12:20:55,983 - INFO - Mutation: swap
2025-12-17 12:20:55,983 - INFO - 
2025-12-17 12:20:56,309 - INFO - Generation 10
2025-12-17 12:20:56,310 - INFO -   Best: 1609.071175
2025-12-17 12:20:56,310 - INFO -   Min: 1609.071175
2025-12-17 12:20:56,310 - INFO -   Max: 1610.736827
2025-12-17 12:20:56,310 - INFO -   Avg: 1609.986383
2025-12-17 12:20:56,310 - INFO -   Std: 0.293073
2025-12-17 12:20:56,570 - INFO - Generation 20
2025-12-17 12:20:56,570 - INFO -   Best: 1608.552405
2025-12-17 12:20:56,570 - INFO -   Min: 1608.552405
2025-12-17 12:20:56,571 - INFO -   Max: 1610.568111
2025-12-17 12:20:56,571 - INFO -   Avg: 1610.000706
2025-12-17 12:20:56,571 - INFO -   Std: 0.317852
2025-12-17 12:20:56,827 - INFO - Generation 30
2025-12-17 12:20:56,827 - INFO -   Best: 1608.552405
2025-12-17 12:20:56,828 - INFO -   Min: 1608.552405
2025-12-17 12:20:56,828 - INFO -   Max: 1610.556587
2025-12-17 12:20:56,828 - INFO -   Avg: 1609.931445
2025-12-17 12:20:56,828 - INFO -   Std: 0.313599
2025-12-17 12:20:57,086 - INFO - Generation 40
2025-12-17 12:20:57,087 - INFO -   Best: 1608.552405
2025-12-17 12:20:57,087 - INFO -   Min: 1608.552405
2025-12-17 12:20:57,087 - INFO -   Max: 1611.205070
2025-12-17 12:20:57,087 - INFO -   Avg: 1610.006364
2025-12-17 12:20:57,087 - INFO -   Std: 0.343366
2025-12-17 12:20:57,344 - INFO - Generation 50
2025-12-17 12:20:57,344 - INFO -   Best: 1608.552405
2025-12-17 12:20:57,345 - INFO -   Min: 1608.552405
2025-12-17 12:20:57,345 - INFO -   Max: 1610.757006
2025-12-17 12:20:57,345 - INFO -   Avg: 1609.898698
2025-12-17 12:20:57,345 - INFO -   Std: 0.372845
2025-12-17 12:20:57,600 - INFO - Generation 60
2025-12-17 12:20:57,600 - INFO -   Best: 1608.270400
2025-12-17 12:20:57,601 - INFO -   Min: 1608.270400
2025-12-17 12:20:57,601 - INFO -   Max: 1610.495820
2025-12-17 12:20:57,601 - INFO -   Avg: 1609.809774
2025-12-17 12:20:57,601 - INFO -   Std: 0.390311
2025-12-17 12:20:57,858 - INFO - Generation 70
2025-12-17 12:20:57,858 - INFO -   Best: 1608.270400
2025-12-17 12:20:57,858 - INFO -   Min: 1608.270400
2025-12-17 12:20:57,859 - INFO -   Max: 1610.395254
2025-12-17 12:20:57,859 - INFO -   Avg: 1609.805342
2025-12-17 12:20:57,859 - INFO -   Std: 0.345646
2025-12-17 12:20:58,114 - INFO - Generation 80
2025-12-17 12:20:58,114 - INFO -   Best: 1608.229769
2025-12-17 12:20:58,115 - INFO -   Min: 1608.229769
2025-12-17 12:20:58,115 - INFO -   Max: 1610.331407
2025-12-17 12:20:58,115 - INFO -   Avg: 1609.722318
2025-12-17 12:20:58,115 - INFO -   Std: 0.355032
2025-12-17 12:20:58,370 - INFO - Generation 90
2025-12-17 12:20:58,370 - INFO -   Best: 1608.229769
2025-12-17 12:20:58,370 - INFO -   Min: 1608.229769
2025-12-17 12:20:58,371 - INFO -   Max: 1610.347120
2025-12-17 12:20:58,371 - INFO -   Avg: 1609.693553
2025-12-17 12:20:58,371 - INFO -   Std: 0.358125
2025-12-17 12:20:58,630 - INFO - Generation 100
2025-12-17 12:20:58,630 - INFO -   Best: 1608.229769
2025-12-17 12:20:58,630 - INFO -   Min: 1608.229769
2025-12-17 12:20:58,630 - INFO -   Max: 1610.398993
2025-12-17 12:20:58,631 - INFO -   Avg: 1609.736706
2025-12-17 12:20:58,631 - INFO -   Std: 0.320458
2025-12-17 12:20:58,884 - INFO - Generation 110
2025-12-17 12:20:58,885 - INFO -   Best: 1608.182348
2025-12-17 12:20:58,885 - INFO -   Min: 1608.182348
2025-12-17 12:20:58,885 - INFO -   Max: 1610.341905
2025-12-17 12:20:58,885 - INFO -   Avg: 1609.694601
2025-12-17 12:20:58,885 - INFO -   Std: 0.408905
2025-12-17 12:20:59,139 - INFO - Generation 120
2025-12-17 12:20:59,139 - INFO -   Best: 1608.182348
2025-12-17 12:20:59,140 - INFO -   Min: 1608.182348
2025-12-17 12:20:59,140 - INFO -   Max: 1610.469336
2025-12-17 12:20:59,140 - INFO -   Avg: 1609.682988
2025-12-17 12:20:59,140 - INFO -   Std: 0.402221
2025-12-17 12:20:59,395 - INFO - Generation 130
2025-12-17 12:20:59,395 - INFO -   Best: 1608.182348
2025-12-17 12:20:59,395 - INFO -   Min: 1608.182348
2025-12-17 12:20:59,396 - INFO -   Max: 1610.510207
2025-12-17 12:20:59,396 - INFO -   Avg: 1609.597708
2025-12-17 12:20:59,396 - INFO -   Std: 0.434592
2025-12-17 12:20:59,646 - INFO - Generation 140
2025-12-17 12:20:59,646 - INFO -   Best: 1608.129940
2025-12-17 12:20:59,646 - INFO -   Min: 1608.129940
2025-12-17 12:20:59,646 - INFO -   Max: 1610.110416
2025-12-17 12:20:59,646 - INFO -   Avg: 1609.374932
2025-12-17 12:20:59,647 - INFO -   Std: 0.492268
2025-12-17 12:20:59,873 - INFO - Generation 150
2025-12-17 12:20:59,873 - INFO -   Best: 1608.084663
2025-12-17 12:20:59,873 - INFO -   Min: 1608.084663
2025-12-17 12:20:59,874 - INFO -   Max: 1610.088847
2025-12-17 12:20:59,874 - INFO -   Avg: 1609.471634
2025-12-17 12:20:59,874 - INFO -   Std: 0.393289
2025-12-17 12:21:00,073 - INFO - Generation 160
2025-12-17 12:21:00,073 - INFO -   Best: 1608.084663
2025-12-17 12:21:00,073 - INFO -   Min: 1608.084663
2025-12-17 12:21:00,073 - INFO -   Max: 1610.160215
2025-12-17 12:21:00,074 - INFO -   Avg: 1609.615124
2025-12-17 12:21:00,074 - INFO -   Std: 0.387125
2025-12-17 12:21:00,244 - INFO - Generation 170
2025-12-17 12:21:00,244 - INFO -   Best: 1608.084663
2025-12-17 12:21:00,244 - INFO -   Min: 1608.084663
2025-12-17 12:21:00,244 - INFO -   Max: 1610.253100
2025-12-17 12:21:00,244 - INFO -   Avg: 1609.615560
2025-12-17 12:21:00,244 - INFO -   Std: 0.409360
2025-12-17 12:21:00,428 - INFO - Generation 180
2025-12-17 12:21:00,428 - INFO -   Best: 1608.084663
2025-12-17 12:21:00,428 - INFO -   Min: 1608.084663
2025-12-17 12:21:00,429 - INFO -   Max: 1610.230376
2025-12-17 12:21:00,429 - INFO -   Avg: 1609.569008
2025-12-17 12:21:00,429 - INFO -   Std: 0.359841
2025-12-17 12:21:00,612 - INFO - Generation 190
2025-12-17 12:21:00,612 - INFO -   Best: 1608.084663
2025-12-17 12:21:00,612 - INFO -   Min: 1608.084663
2025-12-17 12:21:00,612 - INFO -   Max: 1610.001027
2025-12-17 12:21:00,612 - INFO -   Avg: 1609.521841
2025-12-17 12:21:00,613 - INFO -   Std: 0.389425
2025-12-17 12:21:00,777 - INFO - Generation 200
2025-12-17 12:21:00,777 - INFO -   Best: 1608.084663
2025-12-17 12:21:00,777 - INFO -   Min: 1608.084663
2025-12-17 12:21:00,777 - INFO -   Max: 1609.984930
2025-12-17 12:21:00,778 - INFO -   Avg: 1609.445823
2025-12-17 12:21:00,778 - INFO -   Std: 0.421997
2025-12-17 12:21:00,789 - INFO - 
Final best fitness: 1608.0846631033
2025-12-17 12:21:00,790 - INFO - Execution time: 4.75s
