2025-12-17 11:43:41,102 - INFO - Representation: Real
2025-12-17 11:43:41,102 - INFO - Number of genes: 20
2025-12-17 11:43:41,102 - INFO - Bounds: [-100, 100]
2025-12-17 11:43:41,102 - INFO - Function: f16_2014
2025-12-17 11:43:41,102 - INFO - Population size: 100
2025-12-17 11:43:41,103 - INFO - Generations: 200
2025-12-17 11:43:41,103 - INFO - Selection: tournament
2025-12-17 11:43:41,103 - INFO - Crossover: single_point
2025-12-17 11:43:41,103 - INFO - Mutation: random
2025-12-17 11:43:41,103 - INFO - 
2025-12-17 11:43:41,435 - INFO - Generation 10
2025-12-17 11:43:41,435 - INFO -   Best: 1608.221202
2025-12-17 11:43:41,435 - INFO -   Min: 1608.221202
2025-12-17 11:43:41,436 - INFO -   Max: 1610.376116
2025-12-17 11:43:41,436 - INFO -   Avg: 1609.556431
2025-12-17 11:43:41,436 - INFO -   Std: 0.406421
2025-12-17 11:43:41,714 - INFO - Generation 20
2025-12-17 11:43:41,715 - INFO -   Best: 1607.773372
2025-12-17 11:43:41,715 - INFO -   Min: 1607.773372
2025-12-17 11:43:41,715 - INFO -   Max: 1611.289387
2025-12-17 11:43:41,715 - INFO -   Avg: 1609.389454
2025-12-17 11:43:41,715 - INFO -   Std: 0.609424
2025-12-17 11:43:41,995 - INFO - Generation 30
2025-12-17 11:43:41,996 - INFO -   Best: 1607.569886
2025-12-17 11:43:41,996 - INFO -   Min: 1607.569886
2025-12-17 11:43:41,996 - INFO -   Max: 1610.885845
2025-12-17 11:43:41,996 - INFO -   Avg: 1608.901996
2025-12-17 11:43:41,996 - INFO -   Std: 0.604823
2025-12-17 11:43:42,271 - INFO - Generation 40
2025-12-17 11:43:42,271 - INFO -   Best: 1607.521736
2025-12-17 11:43:42,271 - INFO -   Min: 1607.521736
2025-12-17 11:43:42,271 - INFO -   Max: 1610.617693
2025-12-17 11:43:42,271 - INFO -   Avg: 1608.890323
2025-12-17 11:43:42,272 - INFO -   Std: 0.644708
2025-12-17 11:43:42,549 - INFO - Generation 50
2025-12-17 11:43:42,549 - INFO -   Best: 1607.440420
2025-12-17 11:43:42,550 - INFO -   Min: 1607.440420
2025-12-17 11:43:42,550 - INFO -   Max: 1610.762221
2025-12-17 11:43:42,550 - INFO -   Avg: 1608.793146
2025-12-17 11:43:42,550 - INFO -   Std: 0.685030
2025-12-17 11:43:42,827 - INFO - Generation 60
2025-12-17 11:43:42,827 - INFO -   Best: 1607.010339
2025-12-17 11:43:42,827 - INFO -   Min: 1607.010339
2025-12-17 11:43:42,827 - INFO -   Max: 1610.344244
2025-12-17 11:43:42,827 - INFO -   Avg: 1608.861037
2025-12-17 11:43:42,828 - INFO -   Std: 0.694086
2025-12-17 11:43:43,100 - INFO - Generation 70
2025-12-17 11:43:43,100 - INFO -   Best: 1606.966050
2025-12-17 11:43:43,100 - INFO -   Min: 1606.966050
2025-12-17 11:43:43,100 - INFO -   Max: 1610.553985
2025-12-17 11:43:43,101 - INFO -   Avg: 1608.724409
2025-12-17 11:43:43,101 - INFO -   Std: 0.688631
2025-12-17 11:43:43,379 - INFO - Generation 80
2025-12-17 11:43:43,380 - INFO -   Best: 1606.959182
2025-12-17 11:43:43,380 - INFO -   Min: 1606.959182
2025-12-17 11:43:43,380 - INFO -   Max: 1610.360075
2025-12-17 11:43:43,380 - INFO -   Avg: 1608.805662
2025-12-17 11:43:43,380 - INFO -   Std: 0.680393
2025-12-17 11:43:43,658 - INFO - Generation 90
2025-12-17 11:43:43,659 - INFO -   Best: 1606.772557
2025-12-17 11:43:43,659 - INFO -   Min: 1606.772557
2025-12-17 11:43:43,659 - INFO -   Max: 1610.341810
2025-12-17 11:43:43,659 - INFO -   Avg: 1608.679917
2025-12-17 11:43:43,659 - INFO -   Std: 0.878437
2025-12-17 11:43:43,938 - INFO - Generation 100
2025-12-17 11:43:43,938 - INFO -   Best: 1606.763206
2025-12-17 11:43:43,939 - INFO -   Min: 1606.763206
2025-12-17 11:43:43,939 - INFO -   Max: 1610.402919
2025-12-17 11:43:43,939 - INFO -   Avg: 1608.777847
2025-12-17 11:43:43,939 - INFO -   Std: 0.693378
2025-12-17 11:43:44,214 - INFO - Generation 110
2025-12-17 11:43:44,214 - INFO -   Best: 1606.615827
2025-12-17 11:43:44,214 - INFO -   Min: 1606.615827
2025-12-17 11:43:44,214 - INFO -   Max: 1611.251310
2025-12-17 11:43:44,215 - INFO -   Avg: 1608.691760
2025-12-17 11:43:44,215 - INFO -   Std: 0.943334
2025-12-17 11:43:44,485 - INFO - Generation 120
2025-12-17 11:43:44,486 - INFO -   Best: 1606.529614
2025-12-17 11:43:44,486 - INFO -   Min: 1606.529614
2025-12-17 11:43:44,486 - INFO -   Max: 1610.418691
2025-12-17 11:43:44,486 - INFO -   Avg: 1608.456646
2025-12-17 11:43:44,487 - INFO -   Std: 0.799840
2025-12-17 11:43:44,760 - INFO - Generation 130
2025-12-17 11:43:44,760 - INFO -   Best: 1606.525246
2025-12-17 11:43:44,760 - INFO -   Min: 1606.525246
2025-12-17 11:43:44,761 - INFO -   Max: 1610.388834
2025-12-17 11:43:44,761 - INFO -   Avg: 1608.656007
2025-12-17 11:43:44,761 - INFO -   Std: 0.842085
2025-12-17 11:43:45,036 - INFO - Generation 140
2025-12-17 11:43:45,036 - INFO -   Best: 1606.244847
2025-12-17 11:43:45,036 - INFO -   Min: 1606.244847
2025-12-17 11:43:45,037 - INFO -   Max: 1610.651436
2025-12-17 11:43:45,037 - INFO -   Avg: 1608.358689
2025-12-17 11:43:45,037 - INFO -   Std: 0.988199
2025-12-17 11:43:45,311 - INFO - Generation 150
2025-12-17 11:43:45,311 - INFO -   Best: 1606.208515
2025-12-17 11:43:45,312 - INFO -   Min: 1606.208515
2025-12-17 11:43:45,312 - INFO -   Max: 1610.178209
2025-12-17 11:43:45,312 - INFO -   Avg: 1608.576532
2025-12-17 11:43:45,312 - INFO -   Std: 0.900113
2025-12-17 11:43:45,589 - INFO - Generation 160
2025-12-17 11:43:45,589 - INFO -   Best: 1606.208413
2025-12-17 11:43:45,589 - INFO -   Min: 1606.208413
2025-12-17 11:43:45,590 - INFO -   Max: 1610.217397
2025-12-17 11:43:45,590 - INFO -   Avg: 1608.341313
2025-12-17 11:43:45,590 - INFO -   Std: 0.902702
2025-12-17 11:43:45,866 - INFO - Generation 170
2025-12-17 11:43:45,867 - INFO -   Best: 1606.106974
2025-12-17 11:43:45,867 - INFO -   Min: 1606.106974
2025-12-17 11:43:45,867 - INFO -   Max: 1610.575665
2025-12-17 11:43:45,867 - INFO -   Avg: 1608.363123
2025-12-17 11:43:45,867 - INFO -   Std: 0.919277
2025-12-17 11:43:46,142 - INFO - Generation 180
2025-12-17 11:43:46,143 - INFO -   Best: 1606.080306
2025-12-17 11:43:46,143 - INFO -   Min: 1606.080306
2025-12-17 11:43:46,143 - INFO -   Max: 1610.292835
2025-12-17 11:43:46,143 - INFO -   Avg: 1608.151570
2025-12-17 11:43:46,143 - INFO -   Std: 0.939089
2025-12-17 11:43:46,420 - INFO - Generation 190
2025-12-17 11:43:46,420 - INFO -   Best: 1605.763427
2025-12-17 11:43:46,421 - INFO -   Min: 1605.763427
2025-12-17 11:43:46,421 - INFO -   Max: 1610.464633
2025-12-17 11:43:46,421 - INFO -   Avg: 1608.148416
2025-12-17 11:43:46,421 - INFO -   Std: 1.020076
2025-12-17 11:43:46,697 - INFO - Generation 200
2025-12-17 11:43:46,697 - INFO -   Best: 1605.701020
2025-12-17 11:43:46,697 - INFO -   Min: 1605.701020
2025-12-17 11:43:46,697 - INFO -   Max: 1610.406673
2025-12-17 11:43:46,697 - INFO -   Avg: 1608.192325
2025-12-17 11:43:46,698 - INFO -   Std: 0.940740
2025-12-17 11:43:46,715 - INFO - 
Final best fitness: 1605.7010200712
2025-12-17 11:43:46,715 - INFO - Execution time: 5.57s
2025-12-17 11:56:56,758 - INFO - Representation: Binary
2025-12-17 11:56:56,758 - INFO - Bits per variable: 12
2025-12-17 11:56:56,758 - INFO - Total genes: 240
2025-12-17 11:56:56,758 - INFO - Function: f16_2014
2025-12-17 11:56:56,759 - INFO - Population size: 100
2025-12-17 11:56:56,759 - INFO - Generations: 200
2025-12-17 11:56:56,759 - INFO - Selection: tournament
2025-12-17 11:56:56,759 - INFO - Crossover: single_point
2025-12-17 11:56:56,759 - INFO - Mutation: random
2025-12-17 11:56:56,759 - INFO - 
2025-12-17 11:56:58,078 - INFO - Generation 10
2025-12-17 11:56:58,078 - INFO -   Best: 1609.194363
2025-12-17 11:56:58,078 - INFO -   Min: 1609.194363
2025-12-17 11:56:58,078 - INFO -   Max: 1610.872405
2025-12-17 11:56:58,078 - INFO -   Avg: 1609.978002
2025-12-17 11:56:58,078 - INFO -   Std: 0.202729
2025-12-17 11:56:58,941 - INFO - Generation 20
2025-12-17 11:56:58,941 - INFO -   Best: 1609.022875
2025-12-17 11:56:58,942 - INFO -   Min: 1609.022875
2025-12-17 11:56:58,942 - INFO -   Max: 1610.600553
2025-12-17 11:56:58,942 - INFO -   Avg: 1609.870727
2025-12-17 11:56:58,942 - INFO -   Std: 0.246639
2025-12-17 11:56:59,795 - INFO - Generation 30
2025-12-17 11:56:59,795 - INFO -   Best: 1608.829984
2025-12-17 11:56:59,795 - INFO -   Min: 1608.829984
2025-12-17 11:56:59,795 - INFO -   Max: 1610.471670
2025-12-17 11:56:59,795 - INFO -   Avg: 1609.835730
2025-12-17 11:56:59,796 - INFO -   Std: 0.291030
2025-12-17 11:57:00,652 - INFO - Generation 40
2025-12-17 11:57:00,652 - INFO -   Best: 1608.829984
2025-12-17 11:57:00,652 - INFO -   Min: 1608.829984
2025-12-17 11:57:00,653 - INFO -   Max: 1610.575595
2025-12-17 11:57:00,653 - INFO -   Avg: 1609.886326
2025-12-17 11:57:00,653 - INFO -   Std: 0.279447
2025-12-17 11:57:01,507 - INFO - Generation 50
2025-12-17 11:57:01,508 - INFO -   Best: 1608.829984
2025-12-17 11:57:01,508 - INFO -   Min: 1608.829984
2025-12-17 11:57:01,508 - INFO -   Max: 1610.503915
2025-12-17 11:57:01,508 - INFO -   Avg: 1609.828549
2025-12-17 11:57:01,508 - INFO -   Std: 0.277839
2025-12-17 11:57:02,358 - INFO - Generation 60
2025-12-17 11:57:02,358 - INFO -   Best: 1608.829984
2025-12-17 11:57:02,359 - INFO -   Min: 1608.829984
2025-12-17 11:57:02,359 - INFO -   Max: 1610.475213
2025-12-17 11:57:02,359 - INFO -   Avg: 1609.831728
2025-12-17 11:57:02,359 - INFO -   Std: 0.290808
2025-12-17 11:57:03,209 - INFO - Generation 70
2025-12-17 11:57:03,210 - INFO -   Best: 1608.816167
2025-12-17 11:57:03,210 - INFO -   Min: 1608.816167
2025-12-17 11:57:03,210 - INFO -   Max: 1610.448234
2025-12-17 11:57:03,210 - INFO -   Avg: 1609.873154
2025-12-17 11:57:03,211 - INFO -   Std: 0.257635
2025-12-17 11:57:04,073 - INFO - Generation 80
2025-12-17 11:57:04,073 - INFO -   Best: 1608.816167
2025-12-17 11:57:04,073 - INFO -   Min: 1608.816167
2025-12-17 11:57:04,073 - INFO -   Max: 1610.565497
2025-12-17 11:57:04,073 - INFO -   Avg: 1609.841412
2025-12-17 11:57:04,073 - INFO -   Std: 0.300287
2025-12-17 11:57:04,930 - INFO - Generation 90
2025-12-17 11:57:04,931 - INFO -   Best: 1608.816167
2025-12-17 11:57:04,931 - INFO -   Min: 1608.816167
2025-12-17 11:57:04,931 - INFO -   Max: 1610.414501
2025-12-17 11:57:04,931 - INFO -   Avg: 1609.877169
2025-12-17 11:57:04,931 - INFO -   Std: 0.250196
2025-12-17 11:57:05,788 - INFO - Generation 100
2025-12-17 11:57:05,788 - INFO -   Best: 1608.816167
2025-12-17 11:57:05,788 - INFO -   Min: 1608.816167
2025-12-17 11:57:05,788 - INFO -   Max: 1610.626116
2025-12-17 11:57:05,789 - INFO -   Avg: 1609.917173
2025-12-17 11:57:05,789 - INFO -   Std: 0.270875
2025-12-17 11:57:06,661 - INFO - Generation 110
2025-12-17 11:57:06,662 - INFO -   Best: 1608.816167
2025-12-17 11:57:06,662 - INFO -   Min: 1608.816167
2025-12-17 11:57:06,662 - INFO -   Max: 1610.521921
2025-12-17 11:57:06,662 - INFO -   Avg: 1609.875631
2025-12-17 11:57:06,663 - INFO -   Std: 0.251043
2025-12-17 11:57:07,533 - INFO - Generation 120
2025-12-17 11:57:07,533 - INFO -   Best: 1608.816167
2025-12-17 11:57:07,533 - INFO -   Min: 1608.816167
2025-12-17 11:57:07,533 - INFO -   Max: 1610.559391
2025-12-17 11:57:07,533 - INFO -   Avg: 1609.887004
2025-12-17 11:57:07,534 - INFO -   Std: 0.270217
2025-12-17 11:57:08,387 - INFO - Generation 130
2025-12-17 11:57:08,388 - INFO -   Best: 1608.816167
2025-12-17 11:57:08,388 - INFO -   Min: 1608.816167
2025-12-17 11:57:08,388 - INFO -   Max: 1610.367218
2025-12-17 11:57:08,388 - INFO -   Avg: 1609.895895
2025-12-17 11:57:08,388 - INFO -   Std: 0.251485
2025-12-17 11:57:09,266 - INFO - Generation 140
2025-12-17 11:57:09,267 - INFO -   Best: 1608.781823
2025-12-17 11:57:09,267 - INFO -   Min: 1608.781823
2025-12-17 11:57:09,267 - INFO -   Max: 1610.607644
2025-12-17 11:57:09,267 - INFO -   Avg: 1609.906647
2025-12-17 11:57:09,267 - INFO -   Std: 0.264080
2025-12-17 11:57:10,116 - INFO - Generation 150
2025-12-17 11:57:10,117 - INFO -   Best: 1608.781823
2025-12-17 11:57:10,117 - INFO -   Min: 1608.781823
2025-12-17 11:57:10,117 - INFO -   Max: 1610.579798
2025-12-17 11:57:10,117 - INFO -   Avg: 1609.865088
2025-12-17 11:57:10,117 - INFO -   Std: 0.294461
2025-12-17 11:57:10,969 - INFO - Generation 160
2025-12-17 11:57:10,970 - INFO -   Best: 1608.781823
2025-12-17 11:57:10,970 - INFO -   Min: 1608.781823
2025-12-17 11:57:10,970 - INFO -   Max: 1610.456907
2025-12-17 11:57:10,970 - INFO -   Avg: 1609.826023
2025-12-17 11:57:10,970 - INFO -   Std: 0.274486
2025-12-17 11:57:11,824 - INFO - Generation 170
2025-12-17 11:57:11,824 - INFO -   Best: 1608.781823
2025-12-17 11:57:11,825 - INFO -   Min: 1608.781823
2025-12-17 11:57:11,825 - INFO -   Max: 1610.626057
2025-12-17 11:57:11,825 - INFO -   Avg: 1609.876603
2025-12-17 11:57:11,825 - INFO -   Std: 0.297012
2025-12-17 11:57:12,674 - INFO - Generation 180
2025-12-17 11:57:12,675 - INFO -   Best: 1608.781823
2025-12-17 11:57:12,675 - INFO -   Min: 1608.781823
2025-12-17 11:57:12,675 - INFO -   Max: 1610.488159
2025-12-17 11:57:12,675 - INFO -   Avg: 1609.850881
2025-12-17 11:57:12,675 - INFO -   Std: 0.259559
2025-12-17 11:57:13,532 - INFO - Generation 190
2025-12-17 11:57:13,533 - INFO -   Best: 1608.781823
2025-12-17 11:57:13,533 - INFO -   Min: 1608.781823
2025-12-17 11:57:13,533 - INFO -   Max: 1610.481962
2025-12-17 11:57:13,533 - INFO -   Avg: 1609.803616
2025-12-17 11:57:13,533 - INFO -   Std: 0.301697
2025-12-17 11:57:14,395 - INFO - Generation 200
2025-12-17 11:57:14,396 - INFO -   Best: 1608.781823
2025-12-17 11:57:14,396 - INFO -   Min: 1608.781823
2025-12-17 11:57:14,397 - INFO -   Max: 1610.564877
2025-12-17 11:57:14,397 - INFO -   Avg: 1609.921143
2025-12-17 11:57:14,397 - INFO -   Std: 0.236371
2025-12-17 11:57:14,423 - INFO - 
Final best fitness: 1608.7818234842
2025-12-17 11:57:14,424 - INFO - Execution time: 17.21s
