2025-12-17 12:15:18,803 - INFO - Representation: Binary
2025-12-17 12:15:18,803 - INFO - Bits per variable: 12
2025-12-17 12:15:18,803 - INFO - Total genes: 360
2025-12-17 12:15:18,804 - INFO - Function: f16_2014
2025-12-17 12:15:18,804 - INFO - Population size: 100
2025-12-17 12:15:18,804 - INFO - Generations: 200
2025-12-17 12:15:18,804 - INFO - Selection: rws
2025-12-17 12:15:18,804 - INFO - Crossover: two_points
2025-12-17 12:15:18,804 - INFO - Mutation: swap
2025-12-17 12:15:18,805 - INFO - 
2025-12-17 12:15:20,063 - INFO - Generation 10
2025-12-17 12:15:20,063 - INFO -   Best: 1613.493404
2025-12-17 12:15:20,063 - INFO -   Min: 1613.493404
2025-12-17 12:15:20,063 - INFO -   Max: 1615.938408
2025-12-17 12:15:20,064 - INFO -   Avg: 1614.909144
2025-12-17 12:15:20,064 - INFO -   Std: 0.390403
2025-12-17 12:15:20,589 - INFO - Generation 20
2025-12-17 12:15:20,590 - INFO -   Best: 1613.493404
2025-12-17 12:15:20,590 - INFO -   Min: 1613.493404
2025-12-17 12:15:20,590 - INFO -   Max: 1615.626231
2025-12-17 12:15:20,590 - INFO -   Avg: 1614.974945
2025-12-17 12:15:20,590 - INFO -   Std: 0.327483
2025-12-17 12:15:21,120 - INFO - Generation 30
2025-12-17 12:15:21,121 - INFO -   Best: 1613.493404
2025-12-17 12:15:21,121 - INFO -   Min: 1613.493404
2025-12-17 12:15:21,121 - INFO -   Max: 1615.631482
2025-12-17 12:15:21,121 - INFO -   Avg: 1614.974203
2025-12-17 12:15:21,122 - INFO -   Std: 0.347500
2025-12-17 12:15:21,651 - INFO - Generation 40
2025-12-17 12:15:21,651 - INFO -   Best: 1613.493404
2025-12-17 12:15:21,651 - INFO -   Min: 1613.493404
2025-12-17 12:15:21,651 - INFO -   Max: 1616.150650
2025-12-17 12:15:21,651 - INFO -   Avg: 1614.963611
2025-12-17 12:15:21,652 - INFO -   Std: 0.425728
2025-12-17 12:15:22,179 - INFO - Generation 50
2025-12-17 12:15:22,179 - INFO -   Best: 1613.225032
2025-12-17 12:15:22,179 - INFO -   Min: 1613.225032
2025-12-17 12:15:22,179 - INFO -   Max: 1615.912162
2025-12-17 12:15:22,179 - INFO -   Avg: 1614.912458
2025-12-17 12:15:22,180 - INFO -   Std: 0.387254
2025-12-17 12:15:22,731 - INFO - Generation 60
2025-12-17 12:15:22,731 - INFO -   Best: 1613.225032
2025-12-17 12:15:22,732 - INFO -   Min: 1613.225032
2025-12-17 12:15:22,732 - INFO -   Max: 1616.136094
2025-12-17 12:15:22,732 - INFO -   Avg: 1614.903373
2025-12-17 12:15:22,732 - INFO -   Std: 0.383338
2025-12-17 12:15:23,266 - INFO - Generation 70
2025-12-17 12:15:23,266 - INFO -   Best: 1613.225032
2025-12-17 12:15:23,266 - INFO -   Min: 1613.225032
2025-12-17 12:15:23,266 - INFO -   Max: 1615.872784
2025-12-17 12:15:23,266 - INFO -   Avg: 1614.916867
2025-12-17 12:15:23,267 - INFO -   Std: 0.410319
2025-12-17 12:15:23,794 - INFO - Generation 80
2025-12-17 12:15:23,794 - INFO -   Best: 1613.225032
2025-12-17 12:15:23,795 - INFO -   Min: 1613.225032
2025-12-17 12:15:23,795 - INFO -   Max: 1615.680180
2025-12-17 12:15:23,795 - INFO -   Avg: 1614.954954
2025-12-17 12:15:23,795 - INFO -   Std: 0.335639
2025-12-17 12:15:24,330 - INFO - Generation 90
2025-12-17 12:15:24,330 - INFO -   Best: 1613.225032
2025-12-17 12:15:24,330 - INFO -   Min: 1613.225032
2025-12-17 12:15:24,331 - INFO -   Max: 1616.148186
2025-12-17 12:15:24,331 - INFO -   Avg: 1614.966151
2025-12-17 12:15:24,331 - INFO -   Std: 0.442816
2025-12-17 12:15:24,863 - INFO - Generation 100
2025-12-17 12:15:24,864 - INFO -   Best: 1613.223777
2025-12-17 12:15:24,864 - INFO -   Min: 1613.223777
2025-12-17 12:15:24,864 - INFO -   Max: 1616.147601
2025-12-17 12:15:24,864 - INFO -   Avg: 1614.924539
2025-12-17 12:15:24,865 - INFO -   Std: 0.441671
2025-12-17 12:15:25,394 - INFO - Generation 110
2025-12-17 12:15:25,394 - INFO -   Best: 1613.223777
2025-12-17 12:15:25,394 - INFO -   Min: 1613.223777
2025-12-17 12:15:25,395 - INFO -   Max: 1616.355495
2025-12-17 12:15:25,395 - INFO -   Avg: 1614.946191
2025-12-17 12:15:25,395 - INFO -   Std: 0.522105
2025-12-17 12:15:25,933 - INFO - Generation 120
2025-12-17 12:15:25,933 - INFO -   Best: 1613.223777
2025-12-17 12:15:25,933 - INFO -   Min: 1613.223777
2025-12-17 12:15:25,935 - INFO -   Max: 1616.122527
2025-12-17 12:15:25,935 - INFO -   Avg: 1615.021205
2025-12-17 12:15:25,935 - INFO -   Std: 0.488520
2025-12-17 12:15:26,469 - INFO - Generation 130
2025-12-17 12:15:26,469 - INFO -   Best: 1613.223777
2025-12-17 12:15:26,470 - INFO -   Min: 1613.223777
2025-12-17 12:15:26,470 - INFO -   Max: 1616.753225
2025-12-17 12:15:26,470 - INFO -   Avg: 1614.915104
2025-12-17 12:15:26,470 - INFO -   Std: 0.490979
2025-12-17 12:15:27,011 - INFO - Generation 140
2025-12-17 12:15:27,011 - INFO -   Best: 1613.223777
2025-12-17 12:15:27,011 - INFO -   Min: 1613.223777
2025-12-17 12:15:27,011 - INFO -   Max: 1616.151130
2025-12-17 12:15:27,011 - INFO -   Avg: 1614.798560
2025-12-17 12:15:27,012 - INFO -   Std: 0.553552
2025-12-17 12:15:27,544 - INFO - Generation 150
2025-12-17 12:15:27,545 - INFO -   Best: 1613.223777
2025-12-17 12:15:27,545 - INFO -   Min: 1613.223777
2025-12-17 12:15:27,545 - INFO -   Max: 1616.514631
2025-12-17 12:15:27,545 - INFO -   Avg: 1614.932288
2025-12-17 12:15:27,545 - INFO -   Std: 0.564313
2025-12-17 12:15:28,098 - INFO - Generation 160
2025-12-17 12:15:28,099 - INFO -   Best: 1613.223777
2025-12-17 12:15:28,099 - INFO -   Min: 1613.223777
2025-12-17 12:15:28,099 - INFO -   Max: 1616.369568
2025-12-17 12:15:28,099 - INFO -   Avg: 1614.965735
2025-12-17 12:15:28,099 - INFO -   Std: 0.555041
2025-12-17 12:15:28,646 - INFO - Generation 170
2025-12-17 12:15:28,646 - INFO -   Best: 1613.223777
2025-12-17 12:15:28,646 - INFO -   Min: 1613.223777
2025-12-17 12:15:28,647 - INFO -   Max: 1616.412482
2025-12-17 12:15:28,647 - INFO -   Avg: 1614.884823
2025-12-17 12:15:28,647 - INFO -   Std: 0.537030
2025-12-17 12:15:29,189 - INFO - Generation 180
2025-12-17 12:15:29,189 - INFO -   Best: 1613.223777
2025-12-17 12:15:29,190 - INFO -   Min: 1613.223777
2025-12-17 12:15:29,190 - INFO -   Max: 1615.944349
2025-12-17 12:15:29,190 - INFO -   Avg: 1614.902412
2025-12-17 12:15:29,190 - INFO -   Std: 0.557179
2025-12-17 12:15:29,728 - INFO - Generation 190
2025-12-17 12:15:29,729 - INFO -   Best: 1613.223777
2025-12-17 12:15:29,729 - INFO -   Min: 1613.223777
2025-12-17 12:15:29,729 - INFO -   Max: 1616.099011
2025-12-17 12:15:29,729 - INFO -   Avg: 1614.992357
2025-12-17 12:15:29,729 - INFO -   Std: 0.491649
2025-12-17 12:15:30,261 - INFO - Generation 200
2025-12-17 12:15:30,261 - INFO -   Best: 1613.212466
2025-12-17 12:15:30,261 - INFO -   Min: 1613.212466
2025-12-17 12:15:30,262 - INFO -   Max: 1616.146619
2025-12-17 12:15:30,262 - INFO -   Avg: 1614.968988
2025-12-17 12:15:30,262 - INFO -   Std: 0.481177
2025-12-17 12:15:30,298 - INFO - 
Final best fitness: 1613.2237768382
2025-12-17 12:15:30,298 - INFO - Execution time: 10.78s
