2025-12-17 11:42:47,542 - INFO - Representation: Real
2025-12-17 11:42:47,543 - INFO - Number of genes: 10
2025-12-17 11:42:47,543 - INFO - Bounds: [-100, 100]
2025-12-17 11:42:47,543 - INFO - Function: f16_2014
2025-12-17 11:42:47,543 - INFO - Population size: 100
2025-12-17 11:42:47,543 - INFO - Generations: 200
2025-12-17 11:42:47,543 - INFO - Selection: tournament
2025-12-17 11:42:47,543 - INFO - Crossover: single_point
2025-12-17 11:42:47,544 - INFO - Mutation: random
2025-12-17 11:42:47,544 - INFO - 
2025-12-17 11:42:47,720 - INFO - Generation 10
2025-12-17 11:42:47,720 - INFO -   Best: 1603.721994
2025-12-17 11:42:47,721 - INFO -   Min: 1603.721994
2025-12-17 11:42:47,721 - INFO -   Max: 1605.690715
2025-12-17 11:42:47,722 - INFO -   Avg: 1604.572472
2025-12-17 11:42:47,722 - INFO -   Std: 0.413996
2025-12-17 11:42:47,870 - INFO - Generation 20
2025-12-17 11:42:47,870 - INFO -   Best: 1603.716022
2025-12-17 11:42:47,871 - INFO -   Min: 1603.716022
2025-12-17 11:42:47,871 - INFO -   Max: 1605.563076
2025-12-17 11:42:47,871 - INFO -   Avg: 1604.533123
2025-12-17 11:42:47,871 - INFO -   Std: 0.465850
2025-12-17 11:42:48,018 - INFO - Generation 30
2025-12-17 11:42:48,018 - INFO -   Best: 1603.027908
2025-12-17 11:42:48,018 - INFO -   Min: 1603.027908
2025-12-17 11:42:48,018 - INFO -   Max: 1605.613723
2025-12-17 11:42:48,019 - INFO -   Avg: 1604.405191
2025-12-17 11:42:48,019 - INFO -   Std: 0.653257
2025-12-17 11:42:48,164 - INFO - Generation 40
2025-12-17 11:42:48,164 - INFO -   Best: 1603.027908
2025-12-17 11:42:48,165 - INFO -   Min: 1603.027908
2025-12-17 11:42:48,165 - INFO -   Max: 1605.703543
2025-12-17 11:42:48,165 - INFO -   Avg: 1604.090247
2025-12-17 11:42:48,165 - INFO -   Std: 0.624493
2025-12-17 11:42:48,306 - INFO - Generation 50
2025-12-17 11:42:48,306 - INFO -   Best: 1602.796355
2025-12-17 11:42:48,306 - INFO -   Min: 1602.796355
2025-12-17 11:42:48,307 - INFO -   Max: 1605.387271
2025-12-17 11:42:48,307 - INFO -   Avg: 1604.085703
2025-12-17 11:42:48,307 - INFO -   Std: 0.798947
2025-12-17 11:42:48,442 - INFO - Generation 60
2025-12-17 11:42:48,442 - INFO -   Best: 1602.750917
2025-12-17 11:42:48,442 - INFO -   Min: 1602.750917
2025-12-17 11:42:48,442 - INFO -   Max: 1605.474416
2025-12-17 11:42:48,443 - INFO -   Avg: 1604.068099
2025-12-17 11:42:48,443 - INFO -   Std: 0.696753
2025-12-17 11:42:48,579 - INFO - Generation 70
2025-12-17 11:42:48,579 - INFO -   Best: 1602.750917
2025-12-17 11:42:48,579 - INFO -   Min: 1602.750917
2025-12-17 11:42:48,580 - INFO -   Max: 1605.603659
2025-12-17 11:42:48,580 - INFO -   Avg: 1604.128273
2025-12-17 11:42:48,580 - INFO -   Std: 0.728144
2025-12-17 11:42:48,702 - INFO - Generation 80
2025-12-17 11:42:48,702 - INFO -   Best: 1602.750917
2025-12-17 11:42:48,703 - INFO -   Min: 1602.750917
2025-12-17 11:42:48,703 - INFO -   Max: 1605.600552
2025-12-17 11:42:48,703 - INFO -   Avg: 1604.026349
2025-12-17 11:42:48,703 - INFO -   Std: 0.744226
2025-12-17 11:42:48,834 - INFO - Generation 90
2025-12-17 11:42:48,835 - INFO -   Best: 1602.750917
2025-12-17 11:42:48,835 - INFO -   Min: 1602.750917
2025-12-17 11:42:48,835 - INFO -   Max: 1605.240140
2025-12-17 11:42:48,835 - INFO -   Avg: 1603.696681
2025-12-17 11:42:48,835 - INFO -   Std: 0.705104
2025-12-17 11:42:48,964 - INFO - Generation 100
2025-12-17 11:42:48,964 - INFO -   Best: 1602.736065
2025-12-17 11:42:48,964 - INFO -   Min: 1602.736065
2025-12-17 11:42:48,964 - INFO -   Max: 1605.373944
2025-12-17 11:42:48,964 - INFO -   Avg: 1603.846100
2025-12-17 11:42:48,964 - INFO -   Std: 0.758116
2025-12-17 11:42:49,099 - INFO - Generation 110
2025-12-17 11:42:49,099 - INFO -   Best: 1602.736065
2025-12-17 11:42:49,099 - INFO -   Min: 1602.736065
2025-12-17 11:42:49,099 - INFO -   Max: 1605.360902
2025-12-17 11:42:49,099 - INFO -   Avg: 1604.055244
2025-12-17 11:42:49,100 - INFO -   Std: 0.699893
2025-12-17 11:42:49,233 - INFO - Generation 120
2025-12-17 11:42:49,233 - INFO -   Best: 1602.736065
2025-12-17 11:42:49,233 - INFO -   Min: 1602.736065
2025-12-17 11:42:49,233 - INFO -   Max: 1605.915946
2025-12-17 11:42:49,233 - INFO -   Avg: 1603.946222
2025-12-17 11:42:49,233 - INFO -   Std: 0.754286
2025-12-17 11:42:49,362 - INFO - Generation 130
2025-12-17 11:42:49,362 - INFO -   Best: 1602.736065
2025-12-17 11:42:49,362 - INFO -   Min: 1602.736065
2025-12-17 11:42:49,362 - INFO -   Max: 1605.072379
2025-12-17 11:42:49,363 - INFO -   Avg: 1603.885558
2025-12-17 11:42:49,363 - INFO -   Std: 0.693473
2025-12-17 11:42:49,500 - INFO - Generation 140
2025-12-17 11:42:49,500 - INFO -   Best: 1602.736065
2025-12-17 11:42:49,501 - INFO -   Min: 1602.736065
2025-12-17 11:42:49,501 - INFO -   Max: 1605.186713
2025-12-17 11:42:49,501 - INFO -   Avg: 1604.120930
2025-12-17 11:42:49,501 - INFO -   Std: 0.599198
2025-12-17 11:42:49,639 - INFO - Generation 150
2025-12-17 11:42:49,639 - INFO -   Best: 1602.736065
2025-12-17 11:42:49,640 - INFO -   Min: 1602.736065
2025-12-17 11:42:49,640 - INFO -   Max: 1605.638822
2025-12-17 11:42:49,640 - INFO -   Avg: 1604.009744
2025-12-17 11:42:49,640 - INFO -   Std: 0.732041
2025-12-17 11:42:49,777 - INFO - Generation 160
2025-12-17 11:42:49,777 - INFO -   Best: 1602.736065
2025-12-17 11:42:49,777 - INFO -   Min: 1602.736065
2025-12-17 11:42:49,778 - INFO -   Max: 1606.110329
2025-12-17 11:42:49,778 - INFO -   Avg: 1604.109560
2025-12-17 11:42:49,778 - INFO -   Std: 0.779989
2025-12-17 11:42:49,910 - INFO - Generation 170
2025-12-17 11:42:49,911 - INFO -   Best: 1602.736065
2025-12-17 11:42:49,911 - INFO -   Min: 1602.736065
2025-12-17 11:42:49,911 - INFO -   Max: 1605.804851
2025-12-17 11:42:49,911 - INFO -   Avg: 1604.013824
2025-12-17 11:42:49,911 - INFO -   Std: 0.705252
2025-12-17 11:42:50,041 - INFO - Generation 180
2025-12-17 11:42:50,041 - INFO -   Best: 1602.652063
2025-12-17 11:42:50,041 - INFO -   Min: 1602.652063
2025-12-17 11:42:50,041 - INFO -   Max: 1606.421104
2025-12-17 11:42:50,041 - INFO -   Avg: 1603.876654
2025-12-17 11:42:50,042 - INFO -   Std: 0.839839
2025-12-17 11:42:50,174 - INFO - Generation 190
2025-12-17 11:42:50,174 - INFO -   Best: 1602.401158
2025-12-17 11:42:50,174 - INFO -   Min: 1602.401158
2025-12-17 11:42:50,175 - INFO -   Max: 1605.827619
2025-12-17 11:42:50,175 - INFO -   Avg: 1603.918859
2025-12-17 11:42:50,175 - INFO -   Std: 0.777952
2025-12-17 11:42:50,312 - INFO - Generation 200
2025-12-17 11:42:50,312 - INFO -   Best: 1602.401158
2025-12-17 11:42:50,312 - INFO -   Min: 1602.401158
2025-12-17 11:42:50,312 - INFO -   Max: 1606.065621
2025-12-17 11:42:50,312 - INFO -   Avg: 1604.189583
2025-12-17 11:42:50,312 - INFO -   Std: 0.833374
2025-12-17 11:42:50,322 - INFO - 
Final best fitness: 1602.6520632008
2025-12-17 11:42:50,323 - INFO - Execution time: 2.76s
2025-12-17 11:59:39,344 - INFO - Representation: Binary
2025-12-17 11:59:39,344 - INFO - Bits per variable: 12
2025-12-17 11:59:39,344 - INFO - Total genes: 120
2025-12-17 11:59:39,344 - INFO - Function: f16_2014
2025-12-17 11:59:39,344 - INFO - Population size: 100
2025-12-17 11:59:39,345 - INFO - Generations: 200
2025-12-17 11:59:39,345 - INFO - Selection: tournament
2025-12-17 11:59:39,345 - INFO - Crossover: single_point
2025-12-17 11:59:39,345 - INFO - Mutation: random
2025-12-17 11:59:39,345 - INFO - 
2025-12-17 11:59:40,029 - INFO - Generation 10
2025-12-17 11:59:40,029 - INFO -   Best: 1604.259544
2025-12-17 11:59:40,030 - INFO -   Min: 1604.259544
2025-12-17 11:59:40,030 - INFO -   Max: 1605.418716
2025-12-17 11:59:40,030 - INFO -   Avg: 1604.964178
2025-12-17 11:59:40,030 - INFO -   Std: 0.165733
2025-12-17 11:59:40,490 - INFO - Generation 20
2025-12-17 11:59:40,491 - INFO -   Best: 1604.259544
2025-12-17 11:59:40,491 - INFO -   Min: 1604.259544
2025-12-17 11:59:40,491 - INFO -   Max: 1605.433774
2025-12-17 11:59:40,491 - INFO -   Avg: 1604.979806
2025-12-17 11:59:40,492 - INFO -   Std: 0.140116
2025-12-17 11:59:40,974 - INFO - Generation 30
2025-12-17 11:59:40,974 - INFO -   Best: 1604.178176
2025-12-17 11:59:40,974 - INFO -   Min: 1604.178176
2025-12-17 11:59:40,974 - INFO -   Max: 1605.477188
2025-12-17 11:59:40,975 - INFO -   Avg: 1604.976176
2025-12-17 11:59:40,975 - INFO -   Std: 0.186206
2025-12-17 11:59:41,433 - INFO - Generation 40
2025-12-17 11:59:41,434 - INFO -   Best: 1604.162329
2025-12-17 11:59:41,434 - INFO -   Min: 1604.162329
2025-12-17 11:59:41,434 - INFO -   Max: 1605.224321
2025-12-17 11:59:41,434 - INFO -   Avg: 1604.967558
2025-12-17 11:59:41,434 - INFO -   Std: 0.139512
2025-12-17 11:59:41,889 - INFO - Generation 50
2025-12-17 11:59:41,890 - INFO -   Best: 1604.162329
2025-12-17 11:59:41,890 - INFO -   Min: 1604.162329
2025-12-17 11:59:41,890 - INFO -   Max: 1605.311774
2025-12-17 11:59:41,890 - INFO -   Avg: 1604.985401
2025-12-17 11:59:41,890 - INFO -   Std: 0.140077
2025-12-17 11:59:42,347 - INFO - Generation 60
2025-12-17 11:59:42,347 - INFO -   Best: 1604.162329
2025-12-17 11:59:42,348 - INFO -   Min: 1604.162329
2025-12-17 11:59:42,348 - INFO -   Max: 1605.411985
2025-12-17 11:59:42,348 - INFO -   Avg: 1604.973912
2025-12-17 11:59:42,348 - INFO -   Std: 0.158129
2025-12-17 11:59:42,800 - INFO - Generation 70
2025-12-17 11:59:42,800 - INFO -   Best: 1604.162329
2025-12-17 11:59:42,801 - INFO -   Min: 1604.162329
2025-12-17 11:59:42,801 - INFO -   Max: 1605.512272
2025-12-17 11:59:42,801 - INFO -   Avg: 1604.964510
2025-12-17 11:59:42,801 - INFO -   Std: 0.165104
2025-12-17 11:59:43,253 - INFO - Generation 80
2025-12-17 11:59:43,253 - INFO -   Best: 1604.072672
2025-12-17 11:59:43,254 - INFO -   Min: 1604.072672
2025-12-17 11:59:43,254 - INFO -   Max: 1605.396196
2025-12-17 11:59:43,254 - INFO -   Avg: 1604.943028
2025-12-17 11:59:43,254 - INFO -   Std: 0.211528
2025-12-17 11:59:43,714 - INFO - Generation 90
2025-12-17 11:59:43,714 - INFO -   Best: 1604.072672
2025-12-17 11:59:43,714 - INFO -   Min: 1604.072672
2025-12-17 11:59:43,714 - INFO -   Max: 1605.380542
2025-12-17 11:59:43,715 - INFO -   Avg: 1604.954832
2025-12-17 11:59:43,715 - INFO -   Std: 0.213143
2025-12-17 11:59:44,172 - INFO - Generation 100
2025-12-17 11:59:44,172 - INFO -   Best: 1604.072672
2025-12-17 11:59:44,173 - INFO -   Min: 1604.072672
2025-12-17 11:59:44,173 - INFO -   Max: 1605.465558
2025-12-17 11:59:44,173 - INFO -   Avg: 1604.978418
2025-12-17 11:59:44,173 - INFO -   Std: 0.156825
2025-12-17 11:59:44,627 - INFO - Generation 110
2025-12-17 11:59:44,628 - INFO -   Best: 1604.072672
2025-12-17 11:59:44,628 - INFO -   Min: 1604.072672
2025-12-17 11:59:44,628 - INFO -   Max: 1605.273752
2025-12-17 11:59:44,628 - INFO -   Avg: 1604.983119
2025-12-17 11:59:44,628 - INFO -   Std: 0.144995
2025-12-17 11:59:45,083 - INFO - Generation 120
2025-12-17 11:59:45,083 - INFO -   Best: 1604.072672
2025-12-17 11:59:45,083 - INFO -   Min: 1604.072672
2025-12-17 11:59:45,084 - INFO -   Max: 1605.369481
2025-12-17 11:59:45,084 - INFO -   Avg: 1604.980419
2025-12-17 11:59:45,084 - INFO -   Std: 0.162369
2025-12-17 11:59:45,540 - INFO - Generation 130
2025-12-17 11:59:45,540 - INFO -   Best: 1604.072672
2025-12-17 11:59:45,540 - INFO -   Min: 1604.072672
2025-12-17 11:59:45,541 - INFO -   Max: 1605.610574
2025-12-17 11:59:45,541 - INFO -   Avg: 1604.990803
2025-12-17 11:59:45,541 - INFO -   Std: 0.170692
2025-12-17 11:59:45,995 - INFO - Generation 140
2025-12-17 11:59:45,995 - INFO -   Best: 1604.072672
2025-12-17 11:59:45,995 - INFO -   Min: 1604.072672
2025-12-17 11:59:45,995 - INFO -   Max: 1605.429514
2025-12-17 11:59:45,996 - INFO -   Avg: 1604.985430
2025-12-17 11:59:45,996 - INFO -   Std: 0.192297
2025-12-17 11:59:46,451 - INFO - Generation 150
2025-12-17 11:59:46,451 - INFO -   Best: 1604.072672
2025-12-17 11:59:46,451 - INFO -   Min: 1604.072672
2025-12-17 11:59:46,451 - INFO -   Max: 1605.470273
2025-12-17 11:59:46,452 - INFO -   Avg: 1604.967771
2025-12-17 11:59:46,452 - INFO -   Std: 0.209225
2025-12-17 11:59:46,906 - INFO - Generation 160
2025-12-17 11:59:46,906 - INFO -   Best: 1604.061377
2025-12-17 11:59:46,906 - INFO -   Min: 1604.061377
2025-12-17 11:59:46,906 - INFO -   Max: 1605.131890
2025-12-17 11:59:46,907 - INFO -   Avg: 1604.959262
2025-12-17 11:59:46,907 - INFO -   Std: 0.159897
2025-12-17 11:59:47,365 - INFO - Generation 170
2025-12-17 11:59:47,365 - INFO -   Best: 1604.061377
2025-12-17 11:59:47,365 - INFO -   Min: 1604.061377
2025-12-17 11:59:47,365 - INFO -   Max: 1605.377099
2025-12-17 11:59:47,366 - INFO -   Avg: 1604.975911
2025-12-17 11:59:47,366 - INFO -   Std: 0.159568
2025-12-17 11:59:47,822 - INFO - Generation 180
2025-12-17 11:59:47,823 - INFO -   Best: 1604.061377
2025-12-17 11:59:47,823 - INFO -   Min: 1604.061377
2025-12-17 11:59:47,823 - INFO -   Max: 1605.562406
2025-12-17 11:59:47,823 - INFO -   Avg: 1604.971994
2025-12-17 11:59:47,823 - INFO -   Std: 0.206181
2025-12-17 11:59:48,281 - INFO - Generation 190
2025-12-17 11:59:48,281 - INFO -   Best: 1604.056169
2025-12-17 11:59:48,281 - INFO -   Min: 1604.056169
2025-12-17 11:59:48,282 - INFO -   Max: 1605.328532
2025-12-17 11:59:48,282 - INFO -   Avg: 1604.960135
2025-12-17 11:59:48,282 - INFO -   Std: 0.178114
2025-12-17 11:59:48,738 - INFO - Generation 200
2025-12-17 11:59:48,738 - INFO -   Best: 1604.056169
2025-12-17 11:59:48,739 - INFO -   Min: 1604.056169
2025-12-17 11:59:48,739 - INFO -   Max: 1605.428064
2025-12-17 11:59:48,739 - INFO -   Avg: 1604.992051
2025-12-17 11:59:48,739 - INFO -   Std: 0.166600
2025-12-17 11:59:48,753 - INFO - 
Final best fitness: 1604.0561689588
2025-12-17 11:59:48,753 - INFO - Execution time: 9.18s
