2025-12-17 11:43:28,670 - INFO - Representation: Real
2025-12-17 11:43:28,670 - INFO - Number of genes: 20
2025-12-17 11:43:28,670 - INFO - Bounds: [-100, 100]
2025-12-17 11:43:28,670 - INFO - Function: f16_2014
2025-12-17 11:43:28,670 - INFO - Population size: 100
2025-12-17 11:43:28,671 - INFO - Generations: 200
2025-12-17 11:43:28,671 - INFO - Selection: tournament
2025-12-17 11:43:28,671 - INFO - Crossover: single_point
2025-12-17 11:43:28,671 - INFO - Mutation: random
2025-12-17 11:43:28,671 - INFO - 
2025-12-17 11:43:29,009 - INFO - Generation 10
2025-12-17 11:43:29,009 - INFO -   Best: 1608.445253
2025-12-17 11:43:29,010 - INFO -   Min: 1608.445253
2025-12-17 11:43:29,010 - INFO -   Max: 1611.125344
2025-12-17 11:43:29,010 - INFO -   Avg: 1609.495859
2025-12-17 11:43:29,010 - INFO -   Std: 0.471891
2025-12-17 11:43:29,288 - INFO - Generation 20
2025-12-17 11:43:29,289 - INFO -   Best: 1607.997268
2025-12-17 11:43:29,289 - INFO -   Min: 1607.997268
2025-12-17 11:43:29,289 - INFO -   Max: 1610.504424
2025-12-17 11:43:29,289 - INFO -   Avg: 1608.974323
2025-12-17 11:43:29,289 - INFO -   Std: 0.529273
2025-12-17 11:43:29,566 - INFO - Generation 30
2025-12-17 11:43:29,566 - INFO -   Best: 1607.585903
2025-12-17 11:43:29,566 - INFO -   Min: 1607.585903
2025-12-17 11:43:29,567 - INFO -   Max: 1610.210192
2025-12-17 11:43:29,567 - INFO -   Avg: 1609.007477
2025-12-17 11:43:29,567 - INFO -   Std: 0.646619
2025-12-17 11:43:29,840 - INFO - Generation 40
2025-12-17 11:43:29,840 - INFO -   Best: 1607.557357
2025-12-17 11:43:29,840 - INFO -   Min: 1607.557357
2025-12-17 11:43:29,841 - INFO -   Max: 1610.298819
2025-12-17 11:43:29,841 - INFO -   Avg: 1608.829909
2025-12-17 11:43:29,841 - INFO -   Std: 0.584322
2025-12-17 11:43:30,111 - INFO - Generation 50
2025-12-17 11:43:30,112 - INFO -   Best: 1607.515963
2025-12-17 11:43:30,112 - INFO -   Min: 1607.515963
2025-12-17 11:43:30,112 - INFO -   Max: 1610.051847
2025-12-17 11:43:30,112 - INFO -   Avg: 1608.848475
2025-12-17 11:43:30,112 - INFO -   Std: 0.540161
2025-12-17 11:43:30,386 - INFO - Generation 60
2025-12-17 11:43:30,386 - INFO -   Best: 1607.513023
2025-12-17 11:43:30,386 - INFO -   Min: 1607.513023
2025-12-17 11:43:30,387 - INFO -   Max: 1610.152167
2025-12-17 11:43:30,387 - INFO -   Avg: 1608.718127
2025-12-17 11:43:30,387 - INFO -   Std: 0.622633
2025-12-17 11:43:30,663 - INFO - Generation 70
2025-12-17 11:43:30,663 - INFO -   Best: 1606.965888
2025-12-17 11:43:30,663 - INFO -   Min: 1606.965888
2025-12-17 11:43:30,663 - INFO -   Max: 1610.571887
2025-12-17 11:43:30,663 - INFO -   Avg: 1608.862996
2025-12-17 11:43:30,664 - INFO -   Std: 0.785864
2025-12-17 11:43:30,938 - INFO - Generation 80
2025-12-17 11:43:30,938 - INFO -   Best: 1606.925243
2025-12-17 11:43:30,938 - INFO -   Min: 1606.925243
2025-12-17 11:43:30,938 - INFO -   Max: 1610.587736
2025-12-17 11:43:30,939 - INFO -   Avg: 1608.902276
2025-12-17 11:43:30,939 - INFO -   Std: 0.803506
2025-12-17 11:43:31,217 - INFO - Generation 90
2025-12-17 11:43:31,217 - INFO -   Best: 1606.925243
2025-12-17 11:43:31,218 - INFO -   Min: 1606.925243
2025-12-17 11:43:31,218 - INFO -   Max: 1610.243462
2025-12-17 11:43:31,218 - INFO -   Avg: 1608.770065
2025-12-17 11:43:31,218 - INFO -   Std: 0.733482
2025-12-17 11:43:31,520 - INFO - Generation 100
2025-12-17 11:43:31,520 - INFO -   Best: 1606.496256
2025-12-17 11:43:31,521 - INFO -   Min: 1606.496256
2025-12-17 11:43:31,521 - INFO -   Max: 1610.383413
2025-12-17 11:43:31,521 - INFO -   Avg: 1608.636978
2025-12-17 11:43:31,521 - INFO -   Std: 0.858887
2025-12-17 11:43:31,856 - INFO - Generation 110
2025-12-17 11:43:31,856 - INFO -   Best: 1606.435618
2025-12-17 11:43:31,857 - INFO -   Min: 1606.435618
2025-12-17 11:43:31,857 - INFO -   Max: 1610.356402
2025-12-17 11:43:31,857 - INFO -   Avg: 1608.606056
2025-12-17 11:43:31,857 - INFO -   Std: 0.791501
2025-12-17 11:43:32,161 - INFO - Generation 120
2025-12-17 11:43:32,161 - INFO -   Best: 1606.418199
2025-12-17 11:43:32,161 - INFO -   Min: 1606.418199
2025-12-17 11:43:32,161 - INFO -   Max: 1610.378322
2025-12-17 11:43:32,161 - INFO -   Avg: 1608.280993
2025-12-17 11:43:32,161 - INFO -   Std: 0.802361
2025-12-17 11:43:32,498 - INFO - Generation 130
2025-12-17 11:43:32,498 - INFO -   Best: 1606.418199
2025-12-17 11:43:32,498 - INFO -   Min: 1606.418199
2025-12-17 11:43:32,498 - INFO -   Max: 1610.670659
2025-12-17 11:43:32,498 - INFO -   Avg: 1608.520899
2025-12-17 11:43:32,499 - INFO -   Std: 0.818727
2025-12-17 11:43:32,826 - INFO - Generation 140
2025-12-17 11:43:32,827 - INFO -   Best: 1606.418199
2025-12-17 11:43:32,827 - INFO -   Min: 1606.418199
2025-12-17 11:43:32,827 - INFO -   Max: 1610.178422
2025-12-17 11:43:32,827 - INFO -   Avg: 1608.396934
2025-12-17 11:43:32,827 - INFO -   Std: 0.825092
2025-12-17 11:43:33,100 - INFO - Generation 150
2025-12-17 11:43:33,100 - INFO -   Best: 1606.418199
2025-12-17 11:43:33,100 - INFO -   Min: 1606.418199
2025-12-17 11:43:33,101 - INFO -   Max: 1610.192972
2025-12-17 11:43:33,101 - INFO -   Avg: 1608.247986
2025-12-17 11:43:33,101 - INFO -   Std: 0.901679
2025-12-17 11:43:33,375 - INFO - Generation 160
2025-12-17 11:43:33,375 - INFO -   Best: 1606.412491
2025-12-17 11:43:33,375 - INFO -   Min: 1606.412491
2025-12-17 11:43:33,375 - INFO -   Max: 1610.112435
2025-12-17 11:43:33,375 - INFO -   Avg: 1608.299330
2025-12-17 11:43:33,375 - INFO -   Std: 0.850130
2025-12-17 11:43:33,648 - INFO - Generation 170
2025-12-17 11:43:33,648 - INFO -   Best: 1606.412491
2025-12-17 11:43:33,648 - INFO -   Min: 1606.412491
2025-12-17 11:43:33,648 - INFO -   Max: 1610.174834
2025-12-17 11:43:33,648 - INFO -   Avg: 1608.535546
2025-12-17 11:43:33,649 - INFO -   Std: 0.811509
2025-12-17 11:43:33,923 - INFO - Generation 180
2025-12-17 11:43:33,923 - INFO -   Best: 1606.412491
2025-12-17 11:43:33,923 - INFO -   Min: 1606.412491
2025-12-17 11:43:33,923 - INFO -   Max: 1610.038198
2025-12-17 11:43:33,923 - INFO -   Avg: 1608.342599
2025-12-17 11:43:33,924 - INFO -   Std: 0.819117
2025-12-17 11:43:34,199 - INFO - Generation 190
2025-12-17 11:43:34,200 - INFO -   Best: 1606.412491
2025-12-17 11:43:34,200 - INFO -   Min: 1606.412491
2025-12-17 11:43:34,200 - INFO -   Max: 1610.195407
2025-12-17 11:43:34,200 - INFO -   Avg: 1608.532998
2025-12-17 11:43:34,200 - INFO -   Std: 0.817859
2025-12-17 11:43:34,476 - INFO - Generation 200
2025-12-17 11:43:34,477 - INFO -   Best: 1606.412491
2025-12-17 11:43:34,477 - INFO -   Min: 1606.412491
2025-12-17 11:43:34,477 - INFO -   Max: 1611.185397
2025-12-17 11:43:34,477 - INFO -   Avg: 1608.530881
2025-12-17 11:43:34,477 - INFO -   Std: 0.971978
2025-12-17 11:43:34,495 - INFO - 
Final best fitness: 1606.4124905212
2025-12-17 11:43:34,495 - INFO - Execution time: 5.78s
