2025-12-17 11:26:55,101 - INFO - Representation: Real
2025-12-17 11:26:55,101 - INFO - Number of genes: 2
2025-12-17 11:26:55,102 - INFO - Bounds: [0, 3.141592653589793]
2025-12-17 11:26:55,102 - INFO - Function: michalewicz
2025-12-17 11:26:55,102 - INFO - Population size: 100
2025-12-17 11:26:55,102 - INFO - Generations: 200
2025-12-17 11:26:55,102 - INFO - Selection: tournament
2025-12-17 11:26:55,102 - INFO - Crossover: single_point
2025-12-17 11:26:55,103 - INFO - Mutation: random
2025-12-17 11:26:55,103 - INFO - 
2025-12-17 11:26:55,139 - INFO - Generation 10
2025-12-17 11:26:55,140 - INFO -   Best: -1.800098
2025-12-17 11:26:55,140 - INFO -   Min: -1.800098
2025-12-17 11:26:55,140 - INFO -   Max: 0.437357
2025-12-17 11:26:55,140 - INFO -   Avg: -1.605442
2025-12-17 11:26:55,140 - INFO -   Std: 0.450641
2025-12-17 11:26:55,171 - INFO - Generation 20
2025-12-17 11:26:55,171 - INFO -   Best: -1.800098
2025-12-17 11:26:55,172 - INFO -   Min: -1.800098
2025-12-17 11:26:55,172 - INFO -   Max: -0.800869
2025-12-17 11:26:55,172 - INFO -   Avg: -1.654971
2025-12-17 11:26:55,172 - INFO -   Std: 0.334586
2025-12-17 11:26:55,204 - INFO - Generation 30
2025-12-17 11:26:55,205 - INFO -   Best: -1.800098
2025-12-17 11:26:55,205 - INFO -   Min: -1.800098
2025-12-17 11:26:55,205 - INFO -   Max: 0.574202
2025-12-17 11:26:55,205 - INFO -   Avg: -1.597080
2025-12-17 11:26:55,205 - INFO -   Std: 0.437520
2025-12-17 11:26:55,236 - INFO - Generation 40
2025-12-17 11:26:55,237 - INFO -   Best: -1.800098
2025-12-17 11:26:55,237 - INFO -   Min: -1.800098
2025-12-17 11:26:55,237 - INFO -   Max: 0.463093
2025-12-17 11:26:55,237 - INFO -   Avg: -1.625683
2025-12-17 11:26:55,238 - INFO -   Std: 0.445451
2025-12-17 11:26:55,270 - INFO - Generation 50
2025-12-17 11:26:55,270 - INFO -   Best: -1.800492
2025-12-17 11:26:55,270 - INFO -   Min: -1.800492
2025-12-17 11:26:55,270 - INFO -   Max: -0.414351
2025-12-17 11:26:55,271 - INFO -   Avg: -1.633732
2025-12-17 11:26:55,271 - INFO -   Std: 0.360469
2025-12-17 11:26:55,301 - INFO - Generation 60
2025-12-17 11:26:55,302 - INFO -   Best: -1.800492
2025-12-17 11:26:55,302 - INFO -   Min: -1.800492
2025-12-17 11:26:55,302 - INFO -   Max: -0.187159
2025-12-17 11:26:55,302 - INFO -   Avg: -1.663043
2025-12-17 11:26:55,302 - INFO -   Std: 0.368410
2025-12-17 11:26:55,334 - INFO - Generation 70
2025-12-17 11:26:55,335 - INFO -   Best: -1.800492
2025-12-17 11:26:55,335 - INFO -   Min: -1.800492
2025-12-17 11:26:55,335 - INFO -   Max: -0.054684
2025-12-17 11:26:55,335 - INFO -   Avg: -1.621006
2025-12-17 11:26:55,336 - INFO -   Std: 0.377022
2025-12-17 11:26:55,366 - INFO - Generation 80
2025-12-17 11:26:55,367 - INFO -   Best: -1.800492
2025-12-17 11:26:55,367 - INFO -   Min: -1.800492
2025-12-17 11:26:55,367 - INFO -   Max: 0.013121
2025-12-17 11:26:55,367 - INFO -   Avg: -1.663501
2025-12-17 11:26:55,367 - INFO -   Std: 0.369510
2025-12-17 11:26:55,398 - INFO - Generation 90
2025-12-17 11:26:55,398 - INFO -   Best: -1.800492
2025-12-17 11:26:55,398 - INFO -   Min: -1.800492
2025-12-17 11:26:55,398 - INFO -   Max: 0.977584
2025-12-17 11:26:55,398 - INFO -   Avg: -1.609111
2025-12-17 11:26:55,399 - INFO -   Std: 0.467685
2025-12-17 11:26:55,429 - INFO - Generation 100
2025-12-17 11:26:55,429 - INFO -   Best: -1.800492
2025-12-17 11:26:55,430 - INFO -   Min: -1.800492
2025-12-17 11:26:55,430 - INFO -   Max: 0.005110
2025-12-17 11:26:55,430 - INFO -   Avg: -1.602815
2025-12-17 11:26:55,430 - INFO -   Std: 0.397772
2025-12-17 11:26:55,462 - INFO - Generation 110
2025-12-17 11:26:55,462 - INFO -   Best: -1.800492
2025-12-17 11:26:55,462 - INFO -   Min: -1.800492
2025-12-17 11:26:55,463 - INFO -   Max: -0.051101
2025-12-17 11:26:55,463 - INFO -   Avg: -1.604990
2025-12-17 11:26:55,463 - INFO -   Std: 0.421144
2025-12-17 11:26:55,494 - INFO - Generation 120
2025-12-17 11:26:55,494 - INFO -   Best: -1.800492
2025-12-17 11:26:55,494 - INFO -   Min: -1.800492
2025-12-17 11:26:55,494 - INFO -   Max: -0.348016
2025-12-17 11:26:55,495 - INFO -   Avg: -1.659687
2025-12-17 11:26:55,495 - INFO -   Std: 0.343504
2025-12-17 11:26:55,528 - INFO - Generation 130
2025-12-17 11:26:55,528 - INFO -   Best: -1.800492
2025-12-17 11:26:55,528 - INFO -   Min: -1.800492
2025-12-17 11:26:55,528 - INFO -   Max: 0.011515
2025-12-17 11:26:55,529 - INFO -   Avg: -1.573349
2025-12-17 11:26:55,529 - INFO -   Std: 0.432931
2025-12-17 11:26:55,561 - INFO - Generation 140
2025-12-17 11:26:55,561 - INFO -   Best: -1.800492
2025-12-17 11:26:55,561 - INFO -   Min: -1.800492
2025-12-17 11:26:55,561 - INFO -   Max: -0.498219
2025-12-17 11:26:55,561 - INFO -   Avg: -1.586896
2025-12-17 11:26:55,561 - INFO -   Std: 0.400619
2025-12-17 11:26:55,593 - INFO - Generation 150
2025-12-17 11:26:55,594 - INFO -   Best: -1.800492
2025-12-17 11:26:55,594 - INFO -   Min: -1.800492
2025-12-17 11:26:55,594 - INFO -   Max: 0.332012
2025-12-17 11:26:55,594 - INFO -   Avg: -1.606744
2025-12-17 11:26:55,594 - INFO -   Std: 0.409745
2025-12-17 11:26:55,625 - INFO - Generation 160
2025-12-17 11:26:55,626 - INFO -   Best: -1.800492
2025-12-17 11:26:55,626 - INFO -   Min: -1.800492
2025-12-17 11:26:55,626 - INFO -   Max: -0.033628
2025-12-17 11:26:55,626 - INFO -   Avg: -1.644127
2025-12-17 11:26:55,626 - INFO -   Std: 0.389719
2025-12-17 11:26:55,659 - INFO - Generation 170
2025-12-17 11:26:55,659 - INFO -   Best: -1.800492
2025-12-17 11:26:55,659 - INFO -   Min: -1.800492
2025-12-17 11:26:55,659 - INFO -   Max: 0.198666
2025-12-17 11:26:55,659 - INFO -   Avg: -1.535845
2025-12-17 11:26:55,659 - INFO -   Std: 0.487389
2025-12-17 11:26:55,692 - INFO - Generation 180
2025-12-17 11:26:55,692 - INFO -   Best: -1.800492
2025-12-17 11:26:55,692 - INFO -   Min: -1.800492
2025-12-17 11:26:55,692 - INFO -   Max: -0.437495
2025-12-17 11:26:55,693 - INFO -   Avg: -1.649444
2025-12-17 11:26:55,693 - INFO -   Std: 0.352006
2025-12-17 11:26:55,724 - INFO - Generation 190
2025-12-17 11:26:55,724 - INFO -   Best: -1.800492
2025-12-17 11:26:55,724 - INFO -   Min: -1.800492
2025-12-17 11:26:55,724 - INFO -   Max: -0.013180
2025-12-17 11:26:55,724 - INFO -   Avg: -1.622922
2025-12-17 11:26:55,724 - INFO -   Std: 0.379228
2025-12-17 11:26:55,755 - INFO - Generation 200
2025-12-17 11:26:55,755 - INFO -   Best: -1.800492
2025-12-17 11:26:55,756 - INFO -   Min: -1.800492
2025-12-17 11:26:55,756 - INFO -   Max: 0.302446
2025-12-17 11:26:55,756 - INFO -   Avg: -1.570726
2025-12-17 11:26:55,756 - INFO -   Std: 0.497662
2025-12-17 11:26:55,759 - INFO - 
Final best fitness: -1.8004918261
2025-12-17 11:26:55,759 - INFO - Execution time: 0.65s
