2025-12-17 12:14:07,414 - INFO - Representation: Binary
2025-12-17 12:14:07,415 - INFO - Bits per variable: 12
2025-12-17 12:14:07,415 - INFO - Total genes: 240
2025-12-17 12:14:07,415 - INFO - Function: f16_2014
2025-12-17 12:14:07,415 - INFO - Population size: 100
2025-12-17 12:14:07,415 - INFO - Generations: 200
2025-12-17 12:14:07,415 - INFO - Selection: rws
2025-12-17 12:14:07,415 - INFO - Crossover: two_points
2025-12-17 12:14:07,416 - INFO - Mutation: swap
2025-12-17 12:14:07,416 - INFO - 
2025-12-17 12:14:08,225 - INFO - Generation 10
2025-12-17 12:14:08,226 - INFO -   Best: 1609.031905
2025-12-17 12:14:08,226 - INFO -   Min: 1609.031905
2025-12-17 12:14:08,226 - INFO -   Max: 1610.761332
2025-12-17 12:14:08,226 - INFO -   Avg: 1609.982449
2025-12-17 12:14:08,227 - INFO -   Std: 0.300626
2025-12-17 12:14:08,585 - INFO - Generation 20
2025-12-17 12:14:08,586 - INFO -   Best: 1609.031905
2025-12-17 12:14:08,586 - INFO -   Min: 1609.031905
2025-12-17 12:14:08,586 - INFO -   Max: 1610.754977
2025-12-17 12:14:08,586 - INFO -   Avg: 1609.938685
2025-12-17 12:14:08,587 - INFO -   Std: 0.281318
2025-12-17 12:14:08,967 - INFO - Generation 30
2025-12-17 12:14:08,967 - INFO -   Best: 1608.724751
2025-12-17 12:14:08,967 - INFO -   Min: 1608.724751
2025-12-17 12:14:08,968 - INFO -   Max: 1610.909860
2025-12-17 12:14:08,968 - INFO -   Avg: 1609.902759
2025-12-17 12:14:08,968 - INFO -   Std: 0.375006
2025-12-17 12:14:09,340 - INFO - Generation 40
2025-12-17 12:14:09,340 - INFO -   Best: 1608.721462
2025-12-17 12:14:09,340 - INFO -   Min: 1608.721462
2025-12-17 12:14:09,340 - INFO -   Max: 1610.978066
2025-12-17 12:14:09,340 - INFO -   Avg: 1609.920697
2025-12-17 12:14:09,341 - INFO -   Std: 0.353741
2025-12-17 12:14:09,701 - INFO - Generation 50
2025-12-17 12:14:09,702 - INFO -   Best: 1608.676869
2025-12-17 12:14:09,702 - INFO -   Min: 1608.676869
2025-12-17 12:14:09,702 - INFO -   Max: 1610.821356
2025-12-17 12:14:09,702 - INFO -   Avg: 1610.001865
2025-12-17 12:14:09,702 - INFO -   Std: 0.375602
2025-12-17 12:14:10,064 - INFO - Generation 60
2025-12-17 12:14:10,065 - INFO -   Best: 1608.333198
2025-12-17 12:14:10,065 - INFO -   Min: 1608.333198
2025-12-17 12:14:10,065 - INFO -   Max: 1610.842793
2025-12-17 12:14:10,065 - INFO -   Avg: 1609.797749
2025-12-17 12:14:10,065 - INFO -   Std: 0.512978
2025-12-17 12:14:10,426 - INFO - Generation 70
2025-12-17 12:14:10,426 - INFO -   Best: 1608.118880
2025-12-17 12:14:10,426 - INFO -   Min: 1608.118880
2025-12-17 12:14:10,426 - INFO -   Max: 1610.848626
2025-12-17 12:14:10,427 - INFO -   Avg: 1609.843633
2025-12-17 12:14:10,427 - INFO -   Std: 0.476820
2025-12-17 12:14:10,788 - INFO - Generation 80
2025-12-17 12:14:10,788 - INFO -   Best: 1608.118880
2025-12-17 12:14:10,789 - INFO -   Min: 1608.118880
2025-12-17 12:14:10,789 - INFO -   Max: 1611.161591
2025-12-17 12:14:10,789 - INFO -   Avg: 1609.743017
2025-12-17 12:14:10,789 - INFO -   Std: 0.538199
2025-12-17 12:14:11,153 - INFO - Generation 90
2025-12-17 12:14:11,153 - INFO -   Best: 1608.118880
2025-12-17 12:14:11,154 - INFO -   Min: 1608.118880
2025-12-17 12:14:11,154 - INFO -   Max: 1610.834963
2025-12-17 12:14:11,154 - INFO -   Avg: 1609.768129
2025-12-17 12:14:11,154 - INFO -   Std: 0.570566
2025-12-17 12:14:11,521 - INFO - Generation 100
2025-12-17 12:14:11,521 - INFO -   Best: 1608.118880
2025-12-17 12:14:11,521 - INFO -   Min: 1608.118880
2025-12-17 12:14:11,521 - INFO -   Max: 1610.887093
2025-12-17 12:14:11,521 - INFO -   Avg: 1609.723630
2025-12-17 12:14:11,521 - INFO -   Std: 0.472521
2025-12-17 12:14:11,887 - INFO - Generation 110
2025-12-17 12:14:11,888 - INFO -   Best: 1608.118880
2025-12-17 12:14:11,888 - INFO -   Min: 1608.118880
2025-12-17 12:14:11,888 - INFO -   Max: 1611.036339
2025-12-17 12:14:11,888 - INFO -   Avg: 1609.967382
2025-12-17 12:14:11,888 - INFO -   Std: 0.463063
2025-12-17 12:14:12,253 - INFO - Generation 120
2025-12-17 12:14:12,253 - INFO -   Best: 1608.118880
2025-12-17 12:14:12,253 - INFO -   Min: 1608.118880
2025-12-17 12:14:12,253 - INFO -   Max: 1611.025504
2025-12-17 12:14:12,254 - INFO -   Avg: 1609.868969
2025-12-17 12:14:12,254 - INFO -   Std: 0.458933
2025-12-17 12:14:12,619 - INFO - Generation 130
2025-12-17 12:14:12,619 - INFO -   Best: 1608.118880
2025-12-17 12:14:12,619 - INFO -   Min: 1608.118880
2025-12-17 12:14:12,619 - INFO -   Max: 1611.008675
2025-12-17 12:14:12,619 - INFO -   Avg: 1609.944104
2025-12-17 12:14:12,620 - INFO -   Std: 0.465559
2025-12-17 12:14:12,988 - INFO - Generation 140
2025-12-17 12:14:12,988 - INFO -   Best: 1608.118880
2025-12-17 12:14:12,988 - INFO -   Min: 1608.118880
2025-12-17 12:14:12,988 - INFO -   Max: 1610.554365
2025-12-17 12:14:12,989 - INFO -   Avg: 1609.625982
2025-12-17 12:14:12,989 - INFO -   Std: 0.439869
2025-12-17 12:14:13,360 - INFO - Generation 150
2025-12-17 12:14:13,360 - INFO -   Best: 1608.118880
2025-12-17 12:14:13,360 - INFO -   Min: 1608.118880
2025-12-17 12:14:13,360 - INFO -   Max: 1610.650589
2025-12-17 12:14:13,360 - INFO -   Avg: 1609.686445
2025-12-17 12:14:13,360 - INFO -   Std: 0.401249
2025-12-17 12:14:13,732 - INFO - Generation 160
2025-12-17 12:14:13,733 - INFO -   Best: 1608.118880
2025-12-17 12:14:13,733 - INFO -   Min: 1608.118880
2025-12-17 12:14:13,733 - INFO -   Max: 1610.552860
2025-12-17 12:14:13,733 - INFO -   Avg: 1609.739577
2025-12-17 12:14:13,734 - INFO -   Std: 0.408654
2025-12-17 12:14:14,101 - INFO - Generation 170
2025-12-17 12:14:14,102 - INFO -   Best: 1608.118880
2025-12-17 12:14:14,102 - INFO -   Min: 1608.118880
2025-12-17 12:14:14,102 - INFO -   Max: 1610.471444
2025-12-17 12:14:14,102 - INFO -   Avg: 1609.709095
2025-12-17 12:14:14,103 - INFO -   Std: 0.371299
2025-12-17 12:14:14,471 - INFO - Generation 180
2025-12-17 12:14:14,472 - INFO -   Best: 1608.118880
2025-12-17 12:14:14,472 - INFO -   Min: 1608.118880
2025-12-17 12:14:14,472 - INFO -   Max: 1610.541517
2025-12-17 12:14:14,472 - INFO -   Avg: 1609.637381
2025-12-17 12:14:14,472 - INFO -   Std: 0.463099
2025-12-17 12:14:14,836 - INFO - Generation 190
2025-12-17 12:14:14,836 - INFO -   Best: 1608.118880
2025-12-17 12:14:14,836 - INFO -   Min: 1608.118880
2025-12-17 12:14:14,837 - INFO -   Max: 1610.600666
2025-12-17 12:14:14,837 - INFO -   Avg: 1609.762536
2025-12-17 12:14:14,837 - INFO -   Std: 0.426232
2025-12-17 12:14:15,202 - INFO - Generation 200
2025-12-17 12:14:15,202 - INFO -   Best: 1608.118880
2025-12-17 12:14:15,203 - INFO -   Min: 1608.118880
2025-12-17 12:14:15,203 - INFO -   Max: 1610.555121
2025-12-17 12:14:15,203 - INFO -   Avg: 1609.838878
2025-12-17 12:14:15,203 - INFO -   Std: 0.355093
2025-12-17 12:14:15,225 - INFO - 
Final best fitness: 1608.1188797601
2025-12-17 12:14:15,226 - INFO - Execution time: 7.37s
