2025-12-17 11:44:53,973 - INFO - Representation: Real
2025-12-17 11:44:53,974 - INFO - Number of genes: 30
2025-12-17 11:44:53,974 - INFO - Bounds: [-100, 100]
2025-12-17 11:44:53,974 - INFO - Function: f16_2014
2025-12-17 11:44:53,974 - INFO - Population size: 100
2025-12-17 11:44:53,974 - INFO - Generations: 200
2025-12-17 11:44:53,974 - INFO - Selection: tournament
2025-12-17 11:44:53,975 - INFO - Crossover: single_point
2025-12-17 11:44:53,975 - INFO - Mutation: random
2025-12-17 11:44:53,975 - INFO - 
2025-12-17 11:44:54,451 - INFO - Generation 10
2025-12-17 11:44:54,451 - INFO -   Best: 1613.743701
2025-12-17 11:44:54,452 - INFO -   Min: 1613.743701
2025-12-17 11:44:54,452 - INFO -   Max: 1615.994992
2025-12-17 11:44:54,452 - INFO -   Avg: 1614.955968
2025-12-17 11:44:54,452 - INFO -   Std: 0.380416
2025-12-17 11:44:54,851 - INFO - Generation 20
2025-12-17 11:44:54,851 - INFO -   Best: 1613.743701
2025-12-17 11:44:54,851 - INFO -   Min: 1613.743701
2025-12-17 11:44:54,852 - INFO -   Max: 1616.029219
2025-12-17 11:44:54,852 - INFO -   Avg: 1614.821854
2025-12-17 11:44:54,852 - INFO -   Std: 0.360466
2025-12-17 11:44:55,260 - INFO - Generation 30
2025-12-17 11:44:55,260 - INFO -   Best: 1613.696391
2025-12-17 11:44:55,260 - INFO -   Min: 1613.696391
2025-12-17 11:44:55,260 - INFO -   Max: 1615.602352
2025-12-17 11:44:55,260 - INFO -   Avg: 1614.901001
2025-12-17 11:44:55,260 - INFO -   Std: 0.309485
2025-12-17 11:44:55,656 - INFO - Generation 40
2025-12-17 11:44:55,656 - INFO -   Best: 1613.696391
2025-12-17 11:44:55,656 - INFO -   Min: 1613.696391
2025-12-17 11:44:55,657 - INFO -   Max: 1615.733789
2025-12-17 11:44:55,657 - INFO -   Avg: 1614.827254
2025-12-17 11:44:55,657 - INFO -   Std: 0.365091
2025-12-17 11:44:56,057 - INFO - Generation 50
2025-12-17 11:44:56,057 - INFO -   Best: 1613.600862
2025-12-17 11:44:56,057 - INFO -   Min: 1613.600862
2025-12-17 11:44:56,057 - INFO -   Max: 1615.749208
2025-12-17 11:44:56,058 - INFO -   Avg: 1614.836465
2025-12-17 11:44:56,058 - INFO -   Std: 0.333508
2025-12-17 11:44:56,454 - INFO - Generation 60
2025-12-17 11:44:56,455 - INFO -   Best: 1613.427488
2025-12-17 11:44:56,455 - INFO -   Min: 1613.427488
2025-12-17 11:44:56,455 - INFO -   Max: 1615.975080
2025-12-17 11:44:56,455 - INFO -   Avg: 1614.755917
2025-12-17 11:44:56,455 - INFO -   Std: 0.480774
2025-12-17 11:44:56,851 - INFO - Generation 70
2025-12-17 11:44:56,851 - INFO -   Best: 1613.409315
2025-12-17 11:44:56,852 - INFO -   Min: 1613.409315
2025-12-17 11:44:56,852 - INFO -   Max: 1615.857728
2025-12-17 11:44:56,852 - INFO -   Avg: 1614.671934
2025-12-17 11:44:56,852 - INFO -   Std: 0.417737
2025-12-17 11:44:57,245 - INFO - Generation 80
2025-12-17 11:44:57,245 - INFO -   Best: 1613.409315
2025-12-17 11:44:57,245 - INFO -   Min: 1613.409315
2025-12-17 11:44:57,246 - INFO -   Max: 1615.442580
2025-12-17 11:44:57,246 - INFO -   Avg: 1614.641816
2025-12-17 11:44:57,246 - INFO -   Std: 0.411057
2025-12-17 11:44:57,638 - INFO - Generation 90
2025-12-17 11:44:57,638 - INFO -   Best: 1613.409315
2025-12-17 11:44:57,638 - INFO -   Min: 1613.409315
2025-12-17 11:44:57,639 - INFO -   Max: 1616.488103
2025-12-17 11:44:57,639 - INFO -   Avg: 1614.705774
2025-12-17 11:44:57,639 - INFO -   Std: 0.528718
2025-12-17 11:44:58,038 - INFO - Generation 100
2025-12-17 11:44:58,039 - INFO -   Best: 1613.073406
2025-12-17 11:44:58,039 - INFO -   Min: 1613.073406
2025-12-17 11:44:58,039 - INFO -   Max: 1615.518025
2025-12-17 11:44:58,039 - INFO -   Avg: 1614.541709
2025-12-17 11:44:58,039 - INFO -   Std: 0.475925
2025-12-17 11:44:58,441 - INFO - Generation 110
2025-12-17 11:44:58,441 - INFO -   Best: 1613.073406
2025-12-17 11:44:58,441 - INFO -   Min: 1613.073406
2025-12-17 11:44:58,441 - INFO -   Max: 1615.696291
2025-12-17 11:44:58,442 - INFO -   Avg: 1614.609013
2025-12-17 11:44:58,442 - INFO -   Std: 0.472325
2025-12-17 11:44:58,840 - INFO - Generation 120
2025-12-17 11:44:58,840 - INFO -   Best: 1613.029431
2025-12-17 11:44:58,840 - INFO -   Min: 1613.029431
2025-12-17 11:44:58,840 - INFO -   Max: 1615.702311
2025-12-17 11:44:58,840 - INFO -   Avg: 1614.606688
2025-12-17 11:44:58,840 - INFO -   Std: 0.491832
2025-12-17 11:44:59,235 - INFO - Generation 130
2025-12-17 11:44:59,235 - INFO -   Best: 1612.986594
2025-12-17 11:44:59,235 - INFO -   Min: 1612.986594
2025-12-17 11:44:59,236 - INFO -   Max: 1615.923251
2025-12-17 11:44:59,236 - INFO -   Avg: 1614.663680
2025-12-17 11:44:59,236 - INFO -   Std: 0.513133
2025-12-17 11:44:59,630 - INFO - Generation 140
2025-12-17 11:44:59,630 - INFO -   Best: 1612.986594
2025-12-17 11:44:59,630 - INFO -   Min: 1612.986594
2025-12-17 11:44:59,630 - INFO -   Max: 1615.680022
2025-12-17 11:44:59,630 - INFO -   Avg: 1614.611407
2025-12-17 11:44:59,630 - INFO -   Std: 0.504364
2025-12-17 11:45:00,026 - INFO - Generation 150
2025-12-17 11:45:00,027 - INFO -   Best: 1612.630038
2025-12-17 11:45:00,027 - INFO -   Min: 1612.630038
2025-12-17 11:45:00,027 - INFO -   Max: 1615.993524
2025-12-17 11:45:00,027 - INFO -   Avg: 1614.703923
2025-12-17 11:45:00,027 - INFO -   Std: 0.496417
2025-12-17 11:45:00,422 - INFO - Generation 160
2025-12-17 11:45:00,422 - INFO -   Best: 1612.630038
2025-12-17 11:45:00,422 - INFO -   Min: 1612.630038
2025-12-17 11:45:00,422 - INFO -   Max: 1616.210597
2025-12-17 11:45:00,422 - INFO -   Avg: 1614.702676
2025-12-17 11:45:00,422 - INFO -   Std: 0.574603
2025-12-17 11:45:00,814 - INFO - Generation 170
2025-12-17 11:45:00,814 - INFO -   Best: 1612.630038
2025-12-17 11:45:00,815 - INFO -   Min: 1612.630038
2025-12-17 11:45:00,815 - INFO -   Max: 1615.450119
2025-12-17 11:45:00,815 - INFO -   Avg: 1614.633506
2025-12-17 11:45:00,815 - INFO -   Std: 0.514561
2025-12-17 11:45:01,215 - INFO - Generation 180
2025-12-17 11:45:01,215 - INFO -   Best: 1612.630038
2025-12-17 11:45:01,216 - INFO -   Min: 1612.630038
2025-12-17 11:45:01,216 - INFO -   Max: 1615.679661
2025-12-17 11:45:01,216 - INFO -   Avg: 1614.504492
2025-12-17 11:45:01,216 - INFO -   Std: 0.611891
2025-12-17 11:45:01,612 - INFO - Generation 190
2025-12-17 11:45:01,613 - INFO -   Best: 1612.630038
2025-12-17 11:45:01,613 - INFO -   Min: 1612.630038
2025-12-17 11:45:01,613 - INFO -   Max: 1615.892927
2025-12-17 11:45:01,613 - INFO -   Avg: 1614.482954
2025-12-17 11:45:01,613 - INFO -   Std: 0.579459
2025-12-17 11:45:02,017 - INFO - Generation 200
2025-12-17 11:45:02,017 - INFO -   Best: 1612.532252
2025-12-17 11:45:02,017 - INFO -   Min: 1612.532252
2025-12-17 11:45:02,017 - INFO -   Max: 1615.764400
2025-12-17 11:45:02,018 - INFO -   Avg: 1614.519491
2025-12-17 11:45:02,018 - INFO -   Std: 0.599445
2025-12-17 11:45:02,041 - INFO - 
Final best fitness: 1612.5322522691
2025-12-17 11:45:02,041 - INFO - Execution time: 8.00s
