2025-12-17 12:22:14,675 - INFO - Representation: Real
2025-12-17 12:22:14,675 - INFO - Number of genes: 10
2025-12-17 12:22:14,676 - INFO - Bounds: [-100, 100]
2025-12-17 12:22:14,676 - INFO - Function: f16_2014
2025-12-17 12:22:14,676 - INFO - Population size: 100
2025-12-17 12:22:14,676 - INFO - Generations: 200
2025-12-17 12:22:14,676 - INFO - Selection: rws
2025-12-17 12:22:14,676 - INFO - Crossover: two_points
2025-12-17 12:22:14,676 - INFO - Mutation: swap
2025-12-17 12:22:14,677 - INFO - 
2025-12-17 12:22:14,854 - INFO - Generation 10
2025-12-17 12:22:14,854 - INFO -   Best: 1604.126465
2025-12-17 12:22:14,854 - INFO -   Min: 1604.126465
2025-12-17 12:22:14,854 - INFO -   Max: 1605.353173
2025-12-17 12:22:14,854 - INFO -   Avg: 1604.979264
2025-12-17 12:22:14,855 - INFO -   Std: 0.179948
2025-12-17 12:22:15,008 - INFO - Generation 20
2025-12-17 12:22:15,008 - INFO -   Best: 1604.126465
2025-12-17 12:22:15,008 - INFO -   Min: 1604.126465
2025-12-17 12:22:15,009 - INFO -   Max: 1605.490427
2025-12-17 12:22:15,009 - INFO -   Avg: 1605.004683
2025-12-17 12:22:15,009 - INFO -   Std: 0.155067
2025-12-17 12:22:15,161 - INFO - Generation 30
2025-12-17 12:22:15,161 - INFO -   Best: 1604.126465
2025-12-17 12:22:15,161 - INFO -   Min: 1604.126465
2025-12-17 12:22:15,161 - INFO -   Max: 1605.910733
2025-12-17 12:22:15,162 - INFO -   Avg: 1604.973779
2025-12-17 12:22:15,162 - INFO -   Std: 0.199582
2025-12-17 12:22:15,314 - INFO - Generation 40
2025-12-17 12:22:15,314 - INFO -   Best: 1604.126465
2025-12-17 12:22:15,314 - INFO -   Min: 1604.126465
2025-12-17 12:22:15,314 - INFO -   Max: 1605.949384
2025-12-17 12:22:15,315 - INFO -   Avg: 1604.985567
2025-12-17 12:22:15,315 - INFO -   Std: 0.243306
2025-12-17 12:22:15,466 - INFO - Generation 50
2025-12-17 12:22:15,467 - INFO -   Best: 1604.067135
2025-12-17 12:22:15,467 - INFO -   Min: 1604.067135
2025-12-17 12:22:15,467 - INFO -   Max: 1605.550389
2025-12-17 12:22:15,467 - INFO -   Avg: 1604.967427
2025-12-17 12:22:15,467 - INFO -   Std: 0.277124
2025-12-17 12:22:15,619 - INFO - Generation 60
2025-12-17 12:22:15,619 - INFO -   Best: 1604.065088
2025-12-17 12:22:15,619 - INFO -   Min: 1604.065088
2025-12-17 12:22:15,619 - INFO -   Max: 1605.760468
2025-12-17 12:22:15,620 - INFO -   Avg: 1604.961669
2025-12-17 12:22:15,620 - INFO -   Std: 0.268435
2025-12-17 12:22:15,768 - INFO - Generation 70
2025-12-17 12:22:15,769 - INFO -   Best: 1604.065088
2025-12-17 12:22:15,769 - INFO -   Min: 1604.065088
2025-12-17 12:22:15,769 - INFO -   Max: 1605.584538
2025-12-17 12:22:15,769 - INFO -   Avg: 1604.956879
2025-12-17 12:22:15,769 - INFO -   Std: 0.240494
2025-12-17 12:22:15,916 - INFO - Generation 80
2025-12-17 12:22:15,916 - INFO -   Best: 1604.043822
2025-12-17 12:22:15,917 - INFO -   Min: 1604.043822
2025-12-17 12:22:15,917 - INFO -   Max: 1605.467445
2025-12-17 12:22:15,917 - INFO -   Avg: 1604.989124
2025-12-17 12:22:15,917 - INFO -   Std: 0.230083
2025-12-17 12:22:16,055 - INFO - Generation 90
2025-12-17 12:22:16,055 - INFO -   Best: 1604.043822
2025-12-17 12:22:16,055 - INFO -   Min: 1604.043822
2025-12-17 12:22:16,055 - INFO -   Max: 1605.381588
2025-12-17 12:22:16,056 - INFO -   Avg: 1604.962617
2025-12-17 12:22:16,056 - INFO -   Std: 0.178506
2025-12-17 12:22:16,199 - INFO - Generation 100
2025-12-17 12:22:16,200 - INFO -   Best: 1604.043822
2025-12-17 12:22:16,200 - INFO -   Min: 1604.043822
2025-12-17 12:22:16,200 - INFO -   Max: 1605.467480
2025-12-17 12:22:16,200 - INFO -   Avg: 1604.973625
2025-12-17 12:22:16,200 - INFO -   Std: 0.198994
2025-12-17 12:22:16,347 - INFO - Generation 110
2025-12-17 12:22:16,347 - INFO -   Best: 1604.043822
2025-12-17 12:22:16,347 - INFO -   Min: 1604.043822
2025-12-17 12:22:16,348 - INFO -   Max: 1605.409988
2025-12-17 12:22:16,348 - INFO -   Avg: 1604.948866
2025-12-17 12:22:16,348 - INFO -   Std: 0.246737
2025-12-17 12:22:16,488 - INFO - Generation 120
2025-12-17 12:22:16,489 - INFO -   Best: 1604.039075
2025-12-17 12:22:16,489 - INFO -   Min: 1604.039075
2025-12-17 12:22:16,489 - INFO -   Max: 1605.422627
2025-12-17 12:22:16,489 - INFO -   Avg: 1604.922141
2025-12-17 12:22:16,489 - INFO -   Std: 0.257614
2025-12-17 12:22:16,591 - INFO - Generation 130
2025-12-17 12:22:16,591 - INFO -   Best: 1604.039075
2025-12-17 12:22:16,591 - INFO -   Min: 1604.039075
2025-12-17 12:22:16,591 - INFO -   Max: 1605.371245
2025-12-17 12:22:16,591 - INFO -   Avg: 1604.958804
2025-12-17 12:22:16,592 - INFO -   Std: 0.200864
2025-12-17 12:22:16,676 - INFO - Generation 140
2025-12-17 12:22:16,676 - INFO -   Best: 1604.039075
2025-12-17 12:22:16,676 - INFO -   Min: 1604.039075
2025-12-17 12:22:16,677 - INFO -   Max: 1605.371245
2025-12-17 12:22:16,677 - INFO -   Avg: 1604.970974
2025-12-17 12:22:16,677 - INFO -   Std: 0.183692
2025-12-17 12:22:16,765 - INFO - Generation 150
2025-12-17 12:22:16,765 - INFO -   Best: 1604.039075
2025-12-17 12:22:16,765 - INFO -   Min: 1604.039075
2025-12-17 12:22:16,765 - INFO -   Max: 1605.442767
2025-12-17 12:22:16,766 - INFO -   Avg: 1604.980787
2025-12-17 12:22:16,766 - INFO -   Std: 0.222507
2025-12-17 12:22:16,876 - INFO - Generation 160
2025-12-17 12:22:16,876 - INFO -   Best: 1604.039075
2025-12-17 12:22:16,876 - INFO -   Min: 1604.039075
2025-12-17 12:22:16,877 - INFO -   Max: 1605.442767
2025-12-17 12:22:16,877 - INFO -   Avg: 1604.950935
2025-12-17 12:22:16,877 - INFO -   Std: 0.233961
2025-12-17 12:22:16,989 - INFO - Generation 170
2025-12-17 12:22:16,989 - INFO -   Best: 1604.039075
2025-12-17 12:22:16,990 - INFO -   Min: 1604.039075
2025-12-17 12:22:16,990 - INFO -   Max: 1605.285927
2025-12-17 12:22:16,990 - INFO -   Avg: 1604.942490
2025-12-17 12:22:16,990 - INFO -   Std: 0.259927
2025-12-17 12:22:17,102 - INFO - Generation 180
2025-12-17 12:22:17,102 - INFO -   Best: 1604.039075
2025-12-17 12:22:17,102 - INFO -   Min: 1604.039075
2025-12-17 12:22:17,103 - INFO -   Max: 1605.256895
2025-12-17 12:22:17,103 - INFO -   Avg: 1604.852114
2025-12-17 12:22:17,103 - INFO -   Std: 0.315794
2025-12-17 12:22:17,188 - INFO - Generation 190
2025-12-17 12:22:17,188 - INFO -   Best: 1604.039075
2025-12-17 12:22:17,188 - INFO -   Min: 1604.039075
2025-12-17 12:22:17,188 - INFO -   Max: 1605.256895
2025-12-17 12:22:17,188 - INFO -   Avg: 1604.876698
2025-12-17 12:22:17,189 - INFO -   Std: 0.333390
2025-12-17 12:22:17,251 - INFO - Generation 200
2025-12-17 12:22:17,251 - INFO -   Best: 1604.039075
2025-12-17 12:22:17,252 - INFO -   Min: 1604.039075
2025-12-17 12:22:17,252 - INFO -   Max: 1605.232118
2025-12-17 12:22:17,252 - INFO -   Avg: 1604.831965
2025-12-17 12:22:17,252 - INFO -   Std: 0.358991
2025-12-17 12:22:17,256 - INFO - 
Final best fitness: 1604.0739598292
2025-12-17 12:22:17,256 - INFO - Execution time: 2.56s
