2025-12-17 11:42:34,595 - INFO - Representation: Real
2025-12-17 11:42:34,596 - INFO - Number of genes: 10
2025-12-17 11:42:34,596 - INFO - Bounds: [-100, 100]
2025-12-17 11:42:34,596 - INFO - Function: f16_2014
2025-12-17 11:42:34,596 - INFO - Population size: 100
2025-12-17 11:42:34,596 - INFO - Generations: 200
2025-12-17 11:42:34,596 - INFO - Selection: tournament
2025-12-17 11:42:34,597 - INFO - Crossover: single_point
2025-12-17 11:42:34,597 - INFO - Mutation: random
2025-12-17 11:42:34,597 - INFO - 
2025-12-17 11:42:34,770 - INFO - Generation 10
2025-12-17 11:42:34,770 - INFO -   Best: 1603.944579
2025-12-17 11:42:34,770 - INFO -   Min: 1603.944579
2025-12-17 11:42:34,770 - INFO -   Max: 1605.570004
2025-12-17 11:42:34,771 - INFO -   Avg: 1604.809687
2025-12-17 11:42:34,771 - INFO -   Std: 0.336433
2025-12-17 11:42:34,915 - INFO - Generation 20
2025-12-17 11:42:34,915 - INFO -   Best: 1603.415075
2025-12-17 11:42:34,916 - INFO -   Min: 1603.415075
2025-12-17 11:42:34,916 - INFO -   Max: 1605.455049
2025-12-17 11:42:34,916 - INFO -   Avg: 1604.463743
2025-12-17 11:42:34,916 - INFO -   Std: 0.513614
2025-12-17 11:42:35,058 - INFO - Generation 30
2025-12-17 11:42:35,058 - INFO -   Best: 1603.128505
2025-12-17 11:42:35,058 - INFO -   Min: 1603.128505
2025-12-17 11:42:35,058 - INFO -   Max: 1605.786592
2025-12-17 11:42:35,058 - INFO -   Avg: 1604.480233
2025-12-17 11:42:35,059 - INFO -   Std: 0.640272
2025-12-17 11:42:35,195 - INFO - Generation 40
2025-12-17 11:42:35,195 - INFO -   Best: 1602.572703
2025-12-17 11:42:35,195 - INFO -   Min: 1602.572703
2025-12-17 11:42:35,196 - INFO -   Max: 1605.836136
2025-12-17 11:42:35,196 - INFO -   Avg: 1604.312805
2025-12-17 11:42:35,196 - INFO -   Std: 0.747909
2025-12-17 11:42:35,332 - INFO - Generation 50
2025-12-17 11:42:35,332 - INFO -   Best: 1602.572703
2025-12-17 11:42:35,333 - INFO -   Min: 1602.572703
2025-12-17 11:42:35,333 - INFO -   Max: 1605.709911
2025-12-17 11:42:35,333 - INFO -   Avg: 1604.004284
2025-12-17 11:42:35,333 - INFO -   Std: 0.875574
2025-12-17 11:42:35,461 - INFO - Generation 60
2025-12-17 11:42:35,461 - INFO -   Best: 1602.572703
2025-12-17 11:42:35,461 - INFO -   Min: 1602.572703
2025-12-17 11:42:35,461 - INFO -   Max: 1605.641466
2025-12-17 11:42:35,461 - INFO -   Avg: 1603.909319
2025-12-17 11:42:35,462 - INFO -   Std: 0.897319
2025-12-17 11:42:35,589 - INFO - Generation 70
2025-12-17 11:42:35,589 - INFO -   Best: 1602.511698
2025-12-17 11:42:35,589 - INFO -   Min: 1602.511698
2025-12-17 11:42:35,589 - INFO -   Max: 1605.727354
2025-12-17 11:42:35,589 - INFO -   Avg: 1604.075852
2025-12-17 11:42:35,590 - INFO -   Std: 0.901740
2025-12-17 11:42:35,729 - INFO - Generation 80
2025-12-17 11:42:35,729 - INFO -   Best: 1602.508705
2025-12-17 11:42:35,729 - INFO -   Min: 1602.508705
2025-12-17 11:42:35,730 - INFO -   Max: 1605.826505
2025-12-17 11:42:35,730 - INFO -   Avg: 1604.369469
2025-12-17 11:42:35,730 - INFO -   Std: 0.841713
2025-12-17 11:42:35,866 - INFO - Generation 90
2025-12-17 11:42:35,866 - INFO -   Best: 1602.508705
2025-12-17 11:42:35,866 - INFO -   Min: 1602.508705
2025-12-17 11:42:35,866 - INFO -   Max: 1605.669421
2025-12-17 11:42:35,867 - INFO -   Avg: 1604.021209
2025-12-17 11:42:35,867 - INFO -   Std: 0.884182
2025-12-17 11:42:35,998 - INFO - Generation 100
2025-12-17 11:42:35,998 - INFO -   Best: 1602.508705
2025-12-17 11:42:35,998 - INFO -   Min: 1602.508705
2025-12-17 11:42:35,998 - INFO -   Max: 1606.202417
2025-12-17 11:42:35,998 - INFO -   Avg: 1604.298214
2025-12-17 11:42:35,999 - INFO -   Std: 0.861969
2025-12-17 11:42:36,130 - INFO - Generation 110
2025-12-17 11:42:36,130 - INFO -   Best: 1602.489133
2025-12-17 11:42:36,130 - INFO -   Min: 1602.489133
2025-12-17 11:42:36,130 - INFO -   Max: 1605.682306
2025-12-17 11:42:36,130 - INFO -   Avg: 1603.842131
2025-12-17 11:42:36,131 - INFO -   Std: 0.889236
2025-12-17 11:42:36,268 - INFO - Generation 120
2025-12-17 11:42:36,268 - INFO -   Best: 1602.437785
2025-12-17 11:42:36,268 - INFO -   Min: 1602.437785
2025-12-17 11:42:36,268 - INFO -   Max: 1605.603974
2025-12-17 11:42:36,268 - INFO -   Avg: 1603.873302
2025-12-17 11:42:36,269 - INFO -   Std: 0.806156
2025-12-17 11:42:36,408 - INFO - Generation 130
2025-12-17 11:42:36,409 - INFO -   Best: 1602.222883
2025-12-17 11:42:36,409 - INFO -   Min: 1602.222883
2025-12-17 11:42:36,409 - INFO -   Max: 1605.862583
2025-12-17 11:42:36,409 - INFO -   Avg: 1603.952478
2025-12-17 11:42:36,409 - INFO -   Std: 0.866487
2025-12-17 11:42:36,545 - INFO - Generation 140
2025-12-17 11:42:36,545 - INFO -   Best: 1602.209357
2025-12-17 11:42:36,546 - INFO -   Min: 1602.209357
2025-12-17 11:42:36,546 - INFO -   Max: 1605.572206
2025-12-17 11:42:36,546 - INFO -   Avg: 1603.902717
2025-12-17 11:42:36,546 - INFO -   Std: 0.947832
2025-12-17 11:42:36,676 - INFO - Generation 150
2025-12-17 11:42:36,676 - INFO -   Best: 1602.201272
2025-12-17 11:42:36,676 - INFO -   Min: 1602.201272
2025-12-17 11:42:36,676 - INFO -   Max: 1605.660931
2025-12-17 11:42:36,677 - INFO -   Avg: 1603.625804
2025-12-17 11:42:36,677 - INFO -   Std: 0.933736
2025-12-17 11:42:36,811 - INFO - Generation 160
2025-12-17 11:42:36,811 - INFO -   Best: 1602.201272
2025-12-17 11:42:36,811 - INFO -   Min: 1602.201272
2025-12-17 11:42:36,811 - INFO -   Max: 1605.726231
2025-12-17 11:42:36,811 - INFO -   Avg: 1603.772992
2025-12-17 11:42:36,811 - INFO -   Std: 0.897827
2025-12-17 11:42:36,955 - INFO - Generation 170
2025-12-17 11:42:36,955 - INFO -   Best: 1602.201272
2025-12-17 11:42:36,956 - INFO -   Min: 1602.201272
2025-12-17 11:42:36,956 - INFO -   Max: 1605.232509
2025-12-17 11:42:36,956 - INFO -   Avg: 1604.003889
2025-12-17 11:42:36,956 - INFO -   Std: 0.816176
2025-12-17 11:42:37,093 - INFO - Generation 180
2025-12-17 11:42:37,093 - INFO -   Best: 1602.201272
2025-12-17 11:42:37,093 - INFO -   Min: 1602.201272
2025-12-17 11:42:37,093 - INFO -   Max: 1605.472762
2025-12-17 11:42:37,094 - INFO -   Avg: 1603.855509
2025-12-17 11:42:37,094 - INFO -   Std: 0.993521
2025-12-17 11:42:37,230 - INFO - Generation 190
2025-12-17 11:42:37,230 - INFO -   Best: 1602.201272
2025-12-17 11:42:37,230 - INFO -   Min: 1602.201272
2025-12-17 11:42:37,230 - INFO -   Max: 1605.681281
2025-12-17 11:42:37,231 - INFO -   Avg: 1604.061598
2025-12-17 11:42:37,231 - INFO -   Std: 0.831810
2025-12-17 11:42:37,364 - INFO - Generation 200
2025-12-17 11:42:37,364 - INFO -   Best: 1602.201272
2025-12-17 11:42:37,365 - INFO -   Min: 1602.201272
2025-12-17 11:42:37,365 - INFO -   Max: 1605.879085
2025-12-17 11:42:37,365 - INFO -   Avg: 1603.779390
2025-12-17 11:42:37,365 - INFO -   Std: 0.917847
2025-12-17 11:42:37,374 - INFO - 
Final best fitness: 1602.8290507770
2025-12-17 11:42:37,375 - INFO - Execution time: 2.76s
2025-12-17 11:58:59,839 - INFO - Representation: Binary
2025-12-17 11:58:59,839 - INFO - Bits per variable: 12
2025-12-17 11:58:59,839 - INFO - Total genes: 120
2025-12-17 11:58:59,839 - INFO - Function: f16_2014
2025-12-17 11:58:59,839 - INFO - Population size: 100
2025-12-17 11:58:59,839 - INFO - Generations: 200
2025-12-17 11:58:59,839 - INFO - Selection: tournament
2025-12-17 11:58:59,840 - INFO - Crossover: single_point
2025-12-17 11:58:59,840 - INFO - Mutation: random
2025-12-17 11:58:59,840 - INFO - 
2025-12-17 11:59:00,526 - INFO - Generation 10
2025-12-17 11:59:00,526 - INFO -   Best: 1604.149148
2025-12-17 11:59:00,526 - INFO -   Min: 1604.149148
2025-12-17 11:59:00,526 - INFO -   Max: 1605.409277
2025-12-17 11:59:00,526 - INFO -   Avg: 1604.981107
2025-12-17 11:59:00,527 - INFO -   Std: 0.153295
2025-12-17 11:59:01,019 - INFO - Generation 20
2025-12-17 11:59:01,019 - INFO -   Best: 1604.149148
2025-12-17 11:59:01,019 - INFO -   Min: 1604.149148
2025-12-17 11:59:01,019 - INFO -   Max: 1605.445119
2025-12-17 11:59:01,020 - INFO -   Avg: 1604.965911
2025-12-17 11:59:01,020 - INFO -   Std: 0.176685
2025-12-17 11:59:01,487 - INFO - Generation 30
2025-12-17 11:59:01,487 - INFO -   Best: 1604.128214
2025-12-17 11:59:01,487 - INFO -   Min: 1604.128214
2025-12-17 11:59:01,488 - INFO -   Max: 1605.352826
2025-12-17 11:59:01,488 - INFO -   Avg: 1604.965459
2025-12-17 11:59:01,488 - INFO -   Std: 0.162225
2025-12-17 11:59:01,949 - INFO - Generation 40
2025-12-17 11:59:01,950 - INFO -   Best: 1604.128214
2025-12-17 11:59:01,950 - INFO -   Min: 1604.128214
2025-12-17 11:59:01,950 - INFO -   Max: 1605.463392
2025-12-17 11:59:01,950 - INFO -   Avg: 1604.979078
2025-12-17 11:59:01,950 - INFO -   Std: 0.156223
2025-12-17 11:59:02,409 - INFO - Generation 50
2025-12-17 11:59:02,410 - INFO -   Best: 1604.128214
2025-12-17 11:59:02,410 - INFO -   Min: 1604.128214
2025-12-17 11:59:02,410 - INFO -   Max: 1605.399886
2025-12-17 11:59:02,410 - INFO -   Avg: 1604.972078
2025-12-17 11:59:02,410 - INFO -   Std: 0.191501
2025-12-17 11:59:02,871 - INFO - Generation 60
2025-12-17 11:59:02,871 - INFO -   Best: 1604.110068
2025-12-17 11:59:02,872 - INFO -   Min: 1604.110068
2025-12-17 11:59:02,872 - INFO -   Max: 1605.732410
2025-12-17 11:59:02,872 - INFO -   Avg: 1604.964492
2025-12-17 11:59:02,872 - INFO -   Std: 0.185752
2025-12-17 11:59:03,329 - INFO - Generation 70
2025-12-17 11:59:03,329 - INFO -   Best: 1603.949463
2025-12-17 11:59:03,330 - INFO -   Min: 1603.949463
2025-12-17 11:59:03,330 - INFO -   Max: 1605.467074
2025-12-17 11:59:03,330 - INFO -   Avg: 1604.974533
2025-12-17 11:59:03,330 - INFO -   Std: 0.181861
2025-12-17 11:59:03,786 - INFO - Generation 80
2025-12-17 11:59:03,786 - INFO -   Best: 1603.949463
2025-12-17 11:59:03,786 - INFO -   Min: 1603.949463
2025-12-17 11:59:03,786 - INFO -   Max: 1605.619298
2025-12-17 11:59:03,786 - INFO -   Avg: 1604.992913
2025-12-17 11:59:03,787 - INFO -   Std: 0.177844
2025-12-17 11:59:04,247 - INFO - Generation 90
2025-12-17 11:59:04,247 - INFO -   Best: 1603.888574
2025-12-17 11:59:04,247 - INFO -   Min: 1603.888574
2025-12-17 11:59:04,247 - INFO -   Max: 1605.393968
2025-12-17 11:59:04,247 - INFO -   Avg: 1604.973363
2025-12-17 11:59:04,248 - INFO -   Std: 0.209967
2025-12-17 11:59:04,704 - INFO - Generation 100
2025-12-17 11:59:04,704 - INFO -   Best: 1603.852851
2025-12-17 11:59:04,704 - INFO -   Min: 1603.852851
2025-12-17 11:59:04,704 - INFO -   Max: 1605.387272
2025-12-17 11:59:04,704 - INFO -   Avg: 1604.966829
2025-12-17 11:59:04,705 - INFO -   Std: 0.205826
2025-12-17 11:59:05,167 - INFO - Generation 110
2025-12-17 11:59:05,167 - INFO -   Best: 1603.852851
2025-12-17 11:59:05,167 - INFO -   Min: 1603.852851
2025-12-17 11:59:05,167 - INFO -   Max: 1605.419309
2025-12-17 11:59:05,167 - INFO -   Avg: 1604.971921
2025-12-17 11:59:05,167 - INFO -   Std: 0.207860
2025-12-17 11:59:05,629 - INFO - Generation 120
2025-12-17 11:59:05,629 - INFO -   Best: 1603.852851
2025-12-17 11:59:05,629 - INFO -   Min: 1603.852851
2025-12-17 11:59:05,629 - INFO -   Max: 1605.879572
2025-12-17 11:59:05,630 - INFO -   Avg: 1604.978944
2025-12-17 11:59:05,630 - INFO -   Std: 0.219993
2025-12-17 11:59:06,096 - INFO - Generation 130
2025-12-17 11:59:06,096 - INFO -   Best: 1603.674657
2025-12-17 11:59:06,097 - INFO -   Min: 1603.674657
2025-12-17 11:59:06,097 - INFO -   Max: 1605.725504
2025-12-17 11:59:06,097 - INFO -   Avg: 1604.976387
2025-12-17 11:59:06,097 - INFO -   Std: 0.295432
2025-12-17 11:59:06,557 - INFO - Generation 140
2025-12-17 11:59:06,557 - INFO -   Best: 1603.674657
2025-12-17 11:59:06,557 - INFO -   Min: 1603.674657
2025-12-17 11:59:06,557 - INFO -   Max: 1605.787844
2025-12-17 11:59:06,557 - INFO -   Avg: 1604.953530
2025-12-17 11:59:06,557 - INFO -   Std: 0.241986
2025-12-17 11:59:07,019 - INFO - Generation 150
2025-12-17 11:59:07,020 - INFO -   Best: 1603.674657
2025-12-17 11:59:07,020 - INFO -   Min: 1603.674657
2025-12-17 11:59:07,020 - INFO -   Max: 1605.325461
2025-12-17 11:59:07,020 - INFO -   Avg: 1604.977450
2025-12-17 11:59:07,020 - INFO -   Std: 0.206927
2025-12-17 11:59:07,475 - INFO - Generation 160
2025-12-17 11:59:07,476 - INFO -   Best: 1603.674657
2025-12-17 11:59:07,476 - INFO -   Min: 1603.674657
2025-12-17 11:59:07,476 - INFO -   Max: 1605.575491
2025-12-17 11:59:07,476 - INFO -   Avg: 1604.973890
2025-12-17 11:59:07,476 - INFO -   Std: 0.218995
2025-12-17 11:59:07,932 - INFO - Generation 170
2025-12-17 11:59:07,933 - INFO -   Best: 1603.674657
2025-12-17 11:59:07,933 - INFO -   Min: 1603.674657
2025-12-17 11:59:07,933 - INFO -   Max: 1605.573582
2025-12-17 11:59:07,933 - INFO -   Avg: 1604.978576
2025-12-17 11:59:07,933 - INFO -   Std: 0.208761
2025-12-17 11:59:08,393 - INFO - Generation 180
2025-12-17 11:59:08,395 - INFO -   Best: 1603.674657
2025-12-17 11:59:08,395 - INFO -   Min: 1603.674657
2025-12-17 11:59:08,395 - INFO -   Max: 1605.780754
2025-12-17 11:59:08,395 - INFO -   Avg: 1604.977709
2025-12-17 11:59:08,395 - INFO -   Std: 0.249288
2025-12-17 11:59:08,852 - INFO - Generation 190
2025-12-17 11:59:08,852 - INFO -   Best: 1603.674657
2025-12-17 11:59:08,853 - INFO -   Min: 1603.674657
2025-12-17 11:59:08,853 - INFO -   Max: 1605.445190
2025-12-17 11:59:08,853 - INFO -   Avg: 1604.979210
2025-12-17 11:59:08,853 - INFO -   Std: 0.215077
2025-12-17 11:59:09,314 - INFO - Generation 200
2025-12-17 11:59:09,314 - INFO -   Best: 1603.674657
2025-12-17 11:59:09,314 - INFO -   Min: 1603.674657
2025-12-17 11:59:09,314 - INFO -   Max: 1605.302812
2025-12-17 11:59:09,315 - INFO -   Avg: 1604.985987
2025-12-17 11:59:09,315 - INFO -   Std: 0.197345
2025-12-17 11:59:09,329 - INFO - 
Final best fitness: 1603.6746569020
2025-12-17 11:59:09,329 - INFO - Execution time: 9.26s
