2025-12-17 12:23:35,787 - INFO - Representation: Real
2025-12-17 12:23:35,787 - INFO - Number of genes: 5
2025-12-17 12:23:35,787 - INFO - Bounds: [0, 3.141592653589793]
2025-12-17 12:23:35,787 - INFO - Function: michalewicz
2025-12-17 12:23:35,787 - INFO - Population size: 100
2025-12-17 12:23:35,787 - INFO - Generations: 200
2025-12-17 12:23:35,788 - INFO - Selection: rws
2025-12-17 12:23:35,788 - INFO - Crossover: two_points
2025-12-17 12:23:35,788 - INFO - Mutation: swap
2025-12-17 12:23:35,788 - INFO - 
2025-12-17 12:23:35,845 - INFO - Generation 10
2025-12-17 12:23:35,845 - INFO -   Best: -4.463654
2025-12-17 12:23:35,845 - INFO -   Min: -4.463654
2025-12-17 12:23:35,846 - INFO -   Max: -0.803801
2025-12-17 12:23:35,846 - INFO -   Avg: -2.148757
2025-12-17 12:23:35,846 - INFO -   Std: 0.756018
2025-12-17 12:23:35,893 - INFO - Generation 20
2025-12-17 12:23:35,893 - INFO -   Best: -4.463654
2025-12-17 12:23:35,893 - INFO -   Min: -4.463654
2025-12-17 12:23:35,893 - INFO -   Max: -1.071024
2025-12-17 12:23:35,894 - INFO -   Avg: -3.063391
2025-12-17 12:23:35,894 - INFO -   Std: 0.683074
2025-12-17 12:23:35,939 - INFO - Generation 30
2025-12-17 12:23:35,940 - INFO -   Best: -4.467442
2025-12-17 12:23:35,940 - INFO -   Min: -4.467442
2025-12-17 12:23:35,940 - INFO -   Max: -2.221741
2025-12-17 12:23:35,940 - INFO -   Avg: -3.247003
2025-12-17 12:23:35,940 - INFO -   Std: 0.522879
2025-12-17 12:23:35,985 - INFO - Generation 40
2025-12-17 12:23:35,985 - INFO -   Best: -4.467442
2025-12-17 12:23:35,986 - INFO -   Min: -4.467442
2025-12-17 12:23:35,986 - INFO -   Max: -2.396155
2025-12-17 12:23:35,986 - INFO -   Avg: -3.168331
2025-12-17 12:23:35,986 - INFO -   Std: 0.505985
2025-12-17 12:23:36,028 - INFO - Generation 50
2025-12-17 12:23:36,028 - INFO -   Best: -4.467442
2025-12-17 12:23:36,028 - INFO -   Min: -4.467442
2025-12-17 12:23:36,029 - INFO -   Max: -2.441509
2025-12-17 12:23:36,029 - INFO -   Avg: -3.317532
2025-12-17 12:23:36,029 - INFO -   Std: 0.511408
2025-12-17 12:23:36,072 - INFO - Generation 60
2025-12-17 12:23:36,072 - INFO -   Best: -4.467442
2025-12-17 12:23:36,073 - INFO -   Min: -4.467442
2025-12-17 12:23:36,073 - INFO -   Max: -2.445296
2025-12-17 12:23:36,073 - INFO -   Avg: -3.361849
2025-12-17 12:23:36,073 - INFO -   Std: 0.593182
2025-12-17 12:23:36,114 - INFO - Generation 70
2025-12-17 12:23:36,115 - INFO -   Best: -4.467442
2025-12-17 12:23:36,115 - INFO -   Min: -4.467442
2025-12-17 12:23:36,115 - INFO -   Max: -1.648353
2025-12-17 12:23:36,115 - INFO -   Avg: -3.136034
2025-12-17 12:23:36,115 - INFO -   Std: 0.695502
2025-12-17 12:23:36,155 - INFO - Generation 80
2025-12-17 12:23:36,155 - INFO -   Best: -4.467442
2025-12-17 12:23:36,155 - INFO -   Min: -4.467442
2025-12-17 12:23:36,155 - INFO -   Max: -1.648353
2025-12-17 12:23:36,156 - INFO -   Avg: -3.228485
2025-12-17 12:23:36,156 - INFO -   Std: 0.719951
2025-12-17 12:23:36,198 - INFO - Generation 90
2025-12-17 12:23:36,199 - INFO -   Best: -4.467442
2025-12-17 12:23:36,199 - INFO -   Min: -4.467442
2025-12-17 12:23:36,199 - INFO -   Max: -2.423099
2025-12-17 12:23:36,199 - INFO -   Avg: -3.354100
2025-12-17 12:23:36,199 - INFO -   Std: 0.666528
2025-12-17 12:23:36,239 - INFO - Generation 100
2025-12-17 12:23:36,239 - INFO -   Best: -4.467442
2025-12-17 12:23:36,239 - INFO -   Min: -4.467442
2025-12-17 12:23:36,240 - INFO -   Max: -1.648353
2025-12-17 12:23:36,240 - INFO -   Avg: -3.207907
2025-12-17 12:23:36,240 - INFO -   Std: 0.604864
2025-12-17 12:23:36,279 - INFO - Generation 110
2025-12-17 12:23:36,280 - INFO -   Best: -4.467442
2025-12-17 12:23:36,280 - INFO -   Min: -4.467442
2025-12-17 12:23:36,280 - INFO -   Max: -1.648353
2025-12-17 12:23:36,280 - INFO -   Avg: -3.233253
2025-12-17 12:23:36,280 - INFO -   Std: 0.667353
2025-12-17 12:23:36,321 - INFO - Generation 120
2025-12-17 12:23:36,321 - INFO -   Best: -4.467442
2025-12-17 12:23:36,321 - INFO -   Min: -4.467442
2025-12-17 12:23:36,321 - INFO -   Max: -1.648353
2025-12-17 12:23:36,321 - INFO -   Avg: -3.176934
2025-12-17 12:23:36,322 - INFO -   Std: 0.826985
2025-12-17 12:23:36,361 - INFO - Generation 130
2025-12-17 12:23:36,361 - INFO -   Best: -4.467442
2025-12-17 12:23:36,362 - INFO -   Min: -4.467442
2025-12-17 12:23:36,362 - INFO -   Max: -2.423099
2025-12-17 12:23:36,362 - INFO -   Avg: -3.340411
2025-12-17 12:23:36,362 - INFO -   Std: 0.470046
2025-12-17 12:23:36,402 - INFO - Generation 140
2025-12-17 12:23:36,402 - INFO -   Best: -4.467442
2025-12-17 12:23:36,402 - INFO -   Min: -4.467442
2025-12-17 12:23:36,403 - INFO -   Max: -2.445296
2025-12-17 12:23:36,403 - INFO -   Avg: -3.338675
2025-12-17 12:23:36,403 - INFO -   Std: 0.682683
2025-12-17 12:23:36,442 - INFO - Generation 150
2025-12-17 12:23:36,443 - INFO -   Best: -4.467442
2025-12-17 12:23:36,443 - INFO -   Min: -4.467442
2025-12-17 12:23:36,443 - INFO -   Max: -1.648353
2025-12-17 12:23:36,443 - INFO -   Avg: -3.239008
2025-12-17 12:23:36,443 - INFO -   Std: 0.641148
2025-12-17 12:23:36,483 - INFO - Generation 160
2025-12-17 12:23:36,483 - INFO -   Best: -4.467442
2025-12-17 12:23:36,483 - INFO -   Min: -4.467442
2025-12-17 12:23:36,483 - INFO -   Max: -1.648353
2025-12-17 12:23:36,484 - INFO -   Avg: -3.294927
2025-12-17 12:23:36,484 - INFO -   Std: 0.719784
2025-12-17 12:23:36,523 - INFO - Generation 170
2025-12-17 12:23:36,523 - INFO -   Best: -4.467442
2025-12-17 12:23:36,523 - INFO -   Min: -4.467442
2025-12-17 12:23:36,524 - INFO -   Max: -1.648353
2025-12-17 12:23:36,524 - INFO -   Avg: -3.240721
2025-12-17 12:23:36,524 - INFO -   Std: 0.769690
2025-12-17 12:23:36,564 - INFO - Generation 180
2025-12-17 12:23:36,564 - INFO -   Best: -4.467442
2025-12-17 12:23:36,565 - INFO -   Min: -4.467442
2025-12-17 12:23:36,565 - INFO -   Max: -1.648353
2025-12-17 12:23:36,565 - INFO -   Avg: -3.066475
2025-12-17 12:23:36,565 - INFO -   Std: 0.799640
2025-12-17 12:23:36,605 - INFO - Generation 190
2025-12-17 12:23:36,605 - INFO -   Best: -4.467442
2025-12-17 12:23:36,605 - INFO -   Min: -4.467442
2025-12-17 12:23:36,606 - INFO -   Max: -1.648353
2025-12-17 12:23:36,606 - INFO -   Avg: -3.210756
2025-12-17 12:23:36,606 - INFO -   Std: 0.738682
2025-12-17 12:23:36,646 - INFO - Generation 200
2025-12-17 12:23:36,646 - INFO -   Best: -4.467442
2025-12-17 12:23:36,646 - INFO -   Min: -4.467442
2025-12-17 12:23:36,646 - INFO -   Max: -1.648353
2025-12-17 12:23:36,646 - INFO -   Avg: -3.258180
2025-12-17 12:23:36,646 - INFO -   Std: 0.535561
2025-12-17 12:23:36,649 - INFO - 
Final best fitness: -4.1692926828
2025-12-17 12:23:36,650 - INFO - Execution time: 0.85s
