2025-12-17 12:21:07,391 - INFO - Representation: Real
2025-12-17 12:21:07,392 - INFO - Number of genes: 20
2025-12-17 12:21:07,392 - INFO - Bounds: [-100, 100]
2025-12-17 12:21:07,392 - INFO - Function: f16_2014
2025-12-17 12:21:07,392 - INFO - Population size: 100
2025-12-17 12:21:07,392 - INFO - Generations: 200
2025-12-17 12:21:07,393 - INFO - Selection: rws
2025-12-17 12:21:07,393 - INFO - Crossover: two_points
2025-12-17 12:21:07,393 - INFO - Mutation: swap
2025-12-17 12:21:07,393 - INFO - 
2025-12-17 12:21:07,711 - INFO - Generation 10
2025-12-17 12:21:07,711 - INFO -   Best: 1608.925127
2025-12-17 12:21:07,711 - INFO -   Min: 1608.925127
2025-12-17 12:21:07,712 - INFO -   Max: 1611.200315
2025-12-17 12:21:07,712 - INFO -   Avg: 1610.011959
2025-12-17 12:21:07,713 - INFO -   Std: 0.299936
2025-12-17 12:21:07,977 - INFO - Generation 20
2025-12-17 12:21:07,977 - INFO -   Best: 1608.706965
2025-12-17 12:21:07,978 - INFO -   Min: 1608.706965
2025-12-17 12:21:07,978 - INFO -   Max: 1611.385850
2025-12-17 12:21:07,978 - INFO -   Avg: 1610.010675
2025-12-17 12:21:07,978 - INFO -   Std: 0.308913
2025-12-17 12:21:08,250 - INFO - Generation 30
2025-12-17 12:21:08,250 - INFO -   Best: 1608.706965
2025-12-17 12:21:08,251 - INFO -   Min: 1608.706965
2025-12-17 12:21:08,251 - INFO -   Max: 1610.769287
2025-12-17 12:21:08,251 - INFO -   Avg: 1610.004982
2025-12-17 12:21:08,251 - INFO -   Std: 0.318038
2025-12-17 12:21:08,521 - INFO - Generation 40
2025-12-17 12:21:08,521 - INFO -   Best: 1608.706965
2025-12-17 12:21:08,522 - INFO -   Min: 1608.706965
2025-12-17 12:21:08,522 - INFO -   Max: 1610.861502
2025-12-17 12:21:08,522 - INFO -   Avg: 1609.923560
2025-12-17 12:21:08,522 - INFO -   Std: 0.382944
2025-12-17 12:21:08,792 - INFO - Generation 50
2025-12-17 12:21:08,793 - INFO -   Best: 1608.706965
2025-12-17 12:21:08,793 - INFO -   Min: 1608.706965
2025-12-17 12:21:08,793 - INFO -   Max: 1610.654984
2025-12-17 12:21:08,793 - INFO -   Avg: 1610.011438
2025-12-17 12:21:08,794 - INFO -   Std: 0.289093
2025-12-17 12:21:09,062 - INFO - Generation 60
2025-12-17 12:21:09,062 - INFO -   Best: 1608.706965
2025-12-17 12:21:09,063 - INFO -   Min: 1608.706965
2025-12-17 12:21:09,063 - INFO -   Max: 1611.134188
2025-12-17 12:21:09,063 - INFO -   Avg: 1610.029405
2025-12-17 12:21:09,063 - INFO -   Std: 0.343222
2025-12-17 12:21:09,347 - INFO - Generation 70
2025-12-17 12:21:09,347 - INFO -   Best: 1608.706965
2025-12-17 12:21:09,347 - INFO -   Min: 1608.706965
2025-12-17 12:21:09,348 - INFO -   Max: 1611.057764
2025-12-17 12:21:09,348 - INFO -   Avg: 1609.931350
2025-12-17 12:21:09,348 - INFO -   Std: 0.346042
2025-12-17 12:21:09,615 - INFO - Generation 80
2025-12-17 12:21:09,615 - INFO -   Best: 1608.706965
2025-12-17 12:21:09,615 - INFO -   Min: 1608.706965
2025-12-17 12:21:09,616 - INFO -   Max: 1610.555449
2025-12-17 12:21:09,616 - INFO -   Avg: 1609.900534
2025-12-17 12:21:09,616 - INFO -   Std: 0.319200
2025-12-17 12:21:09,883 - INFO - Generation 90
2025-12-17 12:21:09,884 - INFO -   Best: 1608.706965
2025-12-17 12:21:09,884 - INFO -   Min: 1608.706965
2025-12-17 12:21:09,884 - INFO -   Max: 1610.790914
2025-12-17 12:21:09,884 - INFO -   Avg: 1609.907530
2025-12-17 12:21:09,884 - INFO -   Std: 0.311804
2025-12-17 12:21:10,152 - INFO - Generation 100
2025-12-17 12:21:10,152 - INFO -   Best: 1608.706965
2025-12-17 12:21:10,152 - INFO -   Min: 1608.706965
2025-12-17 12:21:10,153 - INFO -   Max: 1610.596077
2025-12-17 12:21:10,153 - INFO -   Avg: 1609.815257
2025-12-17 12:21:10,153 - INFO -   Std: 0.347936
2025-12-17 12:21:10,417 - INFO - Generation 110
2025-12-17 12:21:10,417 - INFO -   Best: 1608.644277
2025-12-17 12:21:10,417 - INFO -   Min: 1608.644277
2025-12-17 12:21:10,418 - INFO -   Max: 1610.653301
2025-12-17 12:21:10,418 - INFO -   Avg: 1609.784627
2025-12-17 12:21:10,418 - INFO -   Std: 0.351020
2025-12-17 12:21:10,680 - INFO - Generation 120
2025-12-17 12:21:10,680 - INFO -   Best: 1608.634189
2025-12-17 12:21:10,680 - INFO -   Min: 1608.634189
2025-12-17 12:21:10,681 - INFO -   Max: 1610.606288
2025-12-17 12:21:10,681 - INFO -   Avg: 1609.655843
2025-12-17 12:21:10,681 - INFO -   Std: 0.395090
2025-12-17 12:21:10,944 - INFO - Generation 130
2025-12-17 12:21:10,945 - INFO -   Best: 1608.577678
2025-12-17 12:21:10,945 - INFO -   Min: 1608.577678
2025-12-17 12:21:10,945 - INFO -   Max: 1610.342288
2025-12-17 12:21:10,945 - INFO -   Avg: 1609.698208
2025-12-17 12:21:10,945 - INFO -   Std: 0.358193
2025-12-17 12:21:11,193 - INFO - Generation 140
2025-12-17 12:21:11,193 - INFO -   Best: 1608.577678
2025-12-17 12:21:11,194 - INFO -   Min: 1608.577678
2025-12-17 12:21:11,194 - INFO -   Max: 1610.814120
2025-12-17 12:21:11,194 - INFO -   Avg: 1609.846865
2025-12-17 12:21:11,194 - INFO -   Std: 0.310816
2025-12-17 12:21:11,439 - INFO - Generation 150
2025-12-17 12:21:11,439 - INFO -   Best: 1608.577678
2025-12-17 12:21:11,439 - INFO -   Min: 1608.577678
2025-12-17 12:21:11,440 - INFO -   Max: 1610.741522
2025-12-17 12:21:11,440 - INFO -   Avg: 1609.928659
2025-12-17 12:21:11,440 - INFO -   Std: 0.397999
2025-12-17 12:21:11,677 - INFO - Generation 160
2025-12-17 12:21:11,677 - INFO -   Best: 1608.577678
2025-12-17 12:21:11,678 - INFO -   Min: 1608.577678
2025-12-17 12:21:11,678 - INFO -   Max: 1610.698701
2025-12-17 12:21:11,678 - INFO -   Avg: 1609.930008
2025-12-17 12:21:11,678 - INFO -   Std: 0.430050
2025-12-17 12:21:11,930 - INFO - Generation 170
2025-12-17 12:21:11,930 - INFO -   Best: 1608.577678
2025-12-17 12:21:11,930 - INFO -   Min: 1608.577678
2025-12-17 12:21:11,930 - INFO -   Max: 1610.950649
2025-12-17 12:21:11,931 - INFO -   Avg: 1609.767684
2025-12-17 12:21:11,931 - INFO -   Std: 0.441364
2025-12-17 12:21:12,171 - INFO - Generation 180
2025-12-17 12:21:12,171 - INFO -   Best: 1608.577678
2025-12-17 12:21:12,171 - INFO -   Min: 1608.577678
2025-12-17 12:21:12,171 - INFO -   Max: 1610.703322
2025-12-17 12:21:12,171 - INFO -   Avg: 1609.758435
2025-12-17 12:21:12,172 - INFO -   Std: 0.462133
2025-12-17 12:21:12,404 - INFO - Generation 190
2025-12-17 12:21:12,404 - INFO -   Best: 1608.527677
2025-12-17 12:21:12,404 - INFO -   Min: 1608.527677
2025-12-17 12:21:12,405 - INFO -   Max: 1610.757301
2025-12-17 12:21:12,405 - INFO -   Avg: 1609.713757
2025-12-17 12:21:12,405 - INFO -   Std: 0.401698
2025-12-17 12:21:12,639 - INFO - Generation 200
2025-12-17 12:21:12,639 - INFO -   Best: 1608.493003
2025-12-17 12:21:12,639 - INFO -   Min: 1608.493003
2025-12-17 12:21:12,639 - INFO -   Max: 1610.704002
2025-12-17 12:21:12,640 - INFO -   Avg: 1609.663088
2025-12-17 12:21:12,640 - INFO -   Std: 0.397686
2025-12-17 12:21:12,657 - INFO - 
Final best fitness: 1608.4930030013
2025-12-17 12:21:12,658 - INFO - Execution time: 5.22s
