2025-12-17 11:46:01,289 - INFO - Representation: Real
2025-12-17 11:46:01,289 - INFO - Number of genes: 30
2025-12-17 11:46:01,290 - INFO - Bounds: [-100, 100]
2025-12-17 11:46:01,290 - INFO - Function: f16_2014
2025-12-17 11:46:01,290 - INFO - Population size: 100
2025-12-17 11:46:01,290 - INFO - Generations: 200
2025-12-17 11:46:01,290 - INFO - Selection: tournament
2025-12-17 11:46:01,290 - INFO - Crossover: single_point
2025-12-17 11:46:01,290 - INFO - Mutation: random
2025-12-17 11:46:01,291 - INFO - 
2025-12-17 11:46:01,760 - INFO - Generation 10
2025-12-17 11:46:01,760 - INFO -   Best: 1614.049224
2025-12-17 11:46:01,760 - INFO -   Min: 1614.049224
2025-12-17 11:46:01,761 - INFO -   Max: 1615.561234
2025-12-17 11:46:01,761 - INFO -   Avg: 1614.926790
2025-12-17 11:46:01,761 - INFO -   Std: 0.319783
2025-12-17 11:46:02,159 - INFO - Generation 20
2025-12-17 11:46:02,159 - INFO -   Best: 1613.774778
2025-12-17 11:46:02,160 - INFO -   Min: 1613.774778
2025-12-17 11:46:02,160 - INFO -   Max: 1615.784411
2025-12-17 11:46:02,160 - INFO -   Avg: 1614.855903
2025-12-17 11:46:02,160 - INFO -   Std: 0.320134
2025-12-17 11:46:02,554 - INFO - Generation 30
2025-12-17 11:46:02,554 - INFO -   Best: 1613.774778
2025-12-17 11:46:02,555 - INFO -   Min: 1613.774778
2025-12-17 11:46:02,555 - INFO -   Max: 1615.650700
2025-12-17 11:46:02,555 - INFO -   Avg: 1614.717770
2025-12-17 11:46:02,555 - INFO -   Std: 0.370221
2025-12-17 11:46:02,950 - INFO - Generation 40
2025-12-17 11:46:02,951 - INFO -   Best: 1613.771932
2025-12-17 11:46:02,951 - INFO -   Min: 1613.771932
2025-12-17 11:46:02,951 - INFO -   Max: 1615.745582
2025-12-17 11:46:02,952 - INFO -   Avg: 1614.722922
2025-12-17 11:46:02,952 - INFO -   Std: 0.377115
2025-12-17 11:46:03,347 - INFO - Generation 50
2025-12-17 11:46:03,347 - INFO -   Best: 1613.372023
2025-12-17 11:46:03,347 - INFO -   Min: 1613.372023
2025-12-17 11:46:03,347 - INFO -   Max: 1615.412956
2025-12-17 11:46:03,348 - INFO -   Avg: 1614.702697
2025-12-17 11:46:03,348 - INFO -   Std: 0.351763
2025-12-17 11:46:03,744 - INFO - Generation 60
2025-12-17 11:46:03,745 - INFO -   Best: 1613.372023
2025-12-17 11:46:03,745 - INFO -   Min: 1613.372023
2025-12-17 11:46:03,745 - INFO -   Max: 1615.675361
2025-12-17 11:46:03,745 - INFO -   Avg: 1614.624813
2025-12-17 11:46:03,745 - INFO -   Std: 0.441534
2025-12-17 11:46:04,143 - INFO - Generation 70
2025-12-17 11:46:04,143 - INFO -   Best: 1613.200470
2025-12-17 11:46:04,143 - INFO -   Min: 1613.200470
2025-12-17 11:46:04,143 - INFO -   Max: 1615.402346
2025-12-17 11:46:04,144 - INFO -   Avg: 1614.488888
2025-12-17 11:46:04,144 - INFO -   Std: 0.447639
2025-12-17 11:46:04,542 - INFO - Generation 80
2025-12-17 11:46:04,542 - INFO -   Best: 1613.197782
2025-12-17 11:46:04,542 - INFO -   Min: 1613.197782
2025-12-17 11:46:04,542 - INFO -   Max: 1616.375424
2025-12-17 11:46:04,543 - INFO -   Avg: 1614.623301
2025-12-17 11:46:04,543 - INFO -   Std: 0.495931
2025-12-17 11:46:04,939 - INFO - Generation 90
2025-12-17 11:46:04,939 - INFO -   Best: 1613.082761
2025-12-17 11:46:04,939 - INFO -   Min: 1613.082761
2025-12-17 11:46:04,940 - INFO -   Max: 1615.465475
2025-12-17 11:46:04,940 - INFO -   Avg: 1614.565697
2025-12-17 11:46:04,940 - INFO -   Std: 0.453351
2025-12-17 11:46:05,338 - INFO - Generation 100
2025-12-17 11:46:05,339 - INFO -   Best: 1613.082761
2025-12-17 11:46:05,339 - INFO -   Min: 1613.082761
2025-12-17 11:46:05,339 - INFO -   Max: 1615.516604
2025-12-17 11:46:05,339 - INFO -   Avg: 1614.645926
2025-12-17 11:46:05,339 - INFO -   Std: 0.484233
2025-12-17 11:46:05,735 - INFO - Generation 110
2025-12-17 11:46:05,735 - INFO -   Best: 1613.082761
2025-12-17 11:46:05,736 - INFO -   Min: 1613.082761
2025-12-17 11:46:05,736 - INFO -   Max: 1615.913749
2025-12-17 11:46:05,736 - INFO -   Avg: 1614.570822
2025-12-17 11:46:05,736 - INFO -   Std: 0.528476
2025-12-17 11:46:06,133 - INFO - Generation 120
2025-12-17 11:46:06,133 - INFO -   Best: 1613.047643
2025-12-17 11:46:06,133 - INFO -   Min: 1613.047643
2025-12-17 11:46:06,134 - INFO -   Max: 1615.681239
2025-12-17 11:46:06,134 - INFO -   Avg: 1614.587579
2025-12-17 11:46:06,134 - INFO -   Std: 0.545914
2025-12-17 11:46:06,528 - INFO - Generation 130
2025-12-17 11:46:06,528 - INFO -   Best: 1613.047643
2025-12-17 11:46:06,529 - INFO -   Min: 1613.047643
2025-12-17 11:46:06,529 - INFO -   Max: 1615.716495
2025-12-17 11:46:06,529 - INFO -   Avg: 1614.675724
2025-12-17 11:46:06,529 - INFO -   Std: 0.473320
2025-12-17 11:46:06,925 - INFO - Generation 140
2025-12-17 11:46:06,925 - INFO -   Best: 1612.761618
2025-12-17 11:46:06,926 - INFO -   Min: 1612.761618
2025-12-17 11:46:06,926 - INFO -   Max: 1615.687341
2025-12-17 11:46:06,926 - INFO -   Avg: 1614.480905
2025-12-17 11:46:06,926 - INFO -   Std: 0.507066
2025-12-17 11:46:07,325 - INFO - Generation 150
2025-12-17 11:46:07,325 - INFO -   Best: 1612.649942
2025-12-17 11:46:07,325 - INFO -   Min: 1612.649942
2025-12-17 11:46:07,326 - INFO -   Max: 1616.538691
2025-12-17 11:46:07,326 - INFO -   Avg: 1614.593184
2025-12-17 11:46:07,326 - INFO -   Std: 0.551476
2025-12-17 11:46:07,720 - INFO - Generation 160
2025-12-17 11:46:07,720 - INFO -   Best: 1612.649942
2025-12-17 11:46:07,720 - INFO -   Min: 1612.649942
2025-12-17 11:46:07,720 - INFO -   Max: 1616.066561
2025-12-17 11:46:07,721 - INFO -   Avg: 1614.482706
2025-12-17 11:46:07,721 - INFO -   Std: 0.534254
2025-12-17 11:46:08,115 - INFO - Generation 170
2025-12-17 11:46:08,115 - INFO -   Best: 1612.649942
2025-12-17 11:46:08,116 - INFO -   Min: 1612.649942
2025-12-17 11:46:08,116 - INFO -   Max: 1615.705519
2025-12-17 11:46:08,116 - INFO -   Avg: 1614.553569
2025-12-17 11:46:08,116 - INFO -   Std: 0.533171
2025-12-17 11:46:08,514 - INFO - Generation 180
2025-12-17 11:46:08,514 - INFO -   Best: 1612.649942
2025-12-17 11:46:08,514 - INFO -   Min: 1612.649942
2025-12-17 11:46:08,514 - INFO -   Max: 1615.414698
2025-12-17 11:46:08,514 - INFO -   Avg: 1614.537121
2025-12-17 11:46:08,515 - INFO -   Std: 0.509570
2025-12-17 11:46:08,909 - INFO - Generation 190
2025-12-17 11:46:08,910 - INFO -   Best: 1612.649942
2025-12-17 11:46:08,910 - INFO -   Min: 1612.649942
2025-12-17 11:46:08,910 - INFO -   Max: 1615.916071
2025-12-17 11:46:08,910 - INFO -   Avg: 1614.625881
2025-12-17 11:46:08,910 - INFO -   Std: 0.581715
2025-12-17 11:46:09,312 - INFO - Generation 200
2025-12-17 11:46:09,312 - INFO -   Best: 1612.649942
2025-12-17 11:46:09,312 - INFO -   Min: 1612.649942
2025-12-17 11:46:09,312 - INFO -   Max: 1615.548263
2025-12-17 11:46:09,312 - INFO -   Avg: 1614.579197
2025-12-17 11:46:09,313 - INFO -   Std: 0.484642
2025-12-17 11:46:09,336 - INFO - 
Final best fitness: 1612.6499422258
2025-12-17 11:46:09,337 - INFO - Execution time: 7.99s
