2025-12-17 12:21:01,369 - INFO - Representation: Real
2025-12-17 12:21:01,370 - INFO - Number of genes: 20
2025-12-17 12:21:01,370 - INFO - Bounds: [-100, 100]
2025-12-17 12:21:01,370 - INFO - Function: f16_2014
2025-12-17 12:21:01,370 - INFO - Population size: 100
2025-12-17 12:21:01,370 - INFO - Generations: 200
2025-12-17 12:21:01,371 - INFO - Selection: rws
2025-12-17 12:21:01,371 - INFO - Crossover: two_points
2025-12-17 12:21:01,371 - INFO - Mutation: swap
2025-12-17 12:21:01,371 - INFO - 
2025-12-17 12:21:01,691 - INFO - Generation 10
2025-12-17 12:21:01,692 - INFO -   Best: 1608.981653
2025-12-17 12:21:01,692 - INFO -   Min: 1608.981653
2025-12-17 12:21:01,692 - INFO -   Max: 1610.619982
2025-12-17 12:21:01,692 - INFO -   Avg: 1609.965066
2025-12-17 12:21:01,693 - INFO -   Std: 0.276447
2025-12-17 12:21:01,952 - INFO - Generation 20
2025-12-17 12:21:01,952 - INFO -   Best: 1608.665709
2025-12-17 12:21:01,952 - INFO -   Min: 1608.665709
2025-12-17 12:21:01,953 - INFO -   Max: 1611.055355
2025-12-17 12:21:01,953 - INFO -   Avg: 1609.994399
2025-12-17 12:21:01,953 - INFO -   Std: 0.413875
2025-12-17 12:21:02,209 - INFO - Generation 30
2025-12-17 12:21:02,209 - INFO -   Best: 1608.665709
2025-12-17 12:21:02,209 - INFO -   Min: 1608.665709
2025-12-17 12:21:02,209 - INFO -   Max: 1610.819680
2025-12-17 12:21:02,210 - INFO -   Avg: 1609.791023
2025-12-17 12:21:02,210 - INFO -   Std: 0.359645
2025-12-17 12:21:02,467 - INFO - Generation 40
2025-12-17 12:21:02,467 - INFO -   Best: 1608.571195
2025-12-17 12:21:02,467 - INFO -   Min: 1608.571195
2025-12-17 12:21:02,468 - INFO -   Max: 1610.908294
2025-12-17 12:21:02,468 - INFO -   Avg: 1609.849198
2025-12-17 12:21:02,468 - INFO -   Std: 0.372441
2025-12-17 12:21:02,728 - INFO - Generation 50
2025-12-17 12:21:02,728 - INFO -   Best: 1608.571195
2025-12-17 12:21:02,728 - INFO -   Min: 1608.571195
2025-12-17 12:21:02,728 - INFO -   Max: 1610.777372
2025-12-17 12:21:02,728 - INFO -   Avg: 1609.974415
2025-12-17 12:21:02,729 - INFO -   Std: 0.369335
2025-12-17 12:21:02,983 - INFO - Generation 60
2025-12-17 12:21:02,984 - INFO -   Best: 1608.571195
2025-12-17 12:21:02,984 - INFO -   Min: 1608.571195
2025-12-17 12:21:02,984 - INFO -   Max: 1610.719156
2025-12-17 12:21:02,984 - INFO -   Avg: 1609.998188
2025-12-17 12:21:02,984 - INFO -   Std: 0.360046
2025-12-17 12:21:03,246 - INFO - Generation 70
2025-12-17 12:21:03,246 - INFO -   Best: 1608.571195
2025-12-17 12:21:03,246 - INFO -   Min: 1608.571195
2025-12-17 12:21:03,247 - INFO -   Max: 1610.768908
2025-12-17 12:21:03,247 - INFO -   Avg: 1609.959752
2025-12-17 12:21:03,247 - INFO -   Std: 0.298931
2025-12-17 12:21:03,508 - INFO - Generation 80
2025-12-17 12:21:03,508 - INFO -   Best: 1608.571195
2025-12-17 12:21:03,508 - INFO -   Min: 1608.571195
2025-12-17 12:21:03,508 - INFO -   Max: 1610.746229
2025-12-17 12:21:03,508 - INFO -   Avg: 1609.944125
2025-12-17 12:21:03,508 - INFO -   Std: 0.313528
2025-12-17 12:21:03,769 - INFO - Generation 90
2025-12-17 12:21:03,770 - INFO -   Best: 1608.571195
2025-12-17 12:21:03,770 - INFO -   Min: 1608.571195
2025-12-17 12:21:03,770 - INFO -   Max: 1611.162439
2025-12-17 12:21:03,770 - INFO -   Avg: 1610.023350
2025-12-17 12:21:03,770 - INFO -   Std: 0.333787
2025-12-17 12:21:04,028 - INFO - Generation 100
2025-12-17 12:21:04,029 - INFO -   Best: 1608.400208
2025-12-17 12:21:04,029 - INFO -   Min: 1608.400208
2025-12-17 12:21:04,029 - INFO -   Max: 1611.196398
2025-12-17 12:21:04,029 - INFO -   Avg: 1609.895023
2025-12-17 12:21:04,029 - INFO -   Std: 0.434749
2025-12-17 12:21:04,287 - INFO - Generation 110
2025-12-17 12:21:04,287 - INFO -   Best: 1608.184160
2025-12-17 12:21:04,287 - INFO -   Min: 1608.184160
2025-12-17 12:21:04,287 - INFO -   Max: 1611.006756
2025-12-17 12:21:04,288 - INFO -   Avg: 1609.950292
2025-12-17 12:21:04,288 - INFO -   Std: 0.487711
2025-12-17 12:21:04,555 - INFO - Generation 120
2025-12-17 12:21:04,556 - INFO -   Best: 1608.100520
2025-12-17 12:21:04,556 - INFO -   Min: 1608.100520
2025-12-17 12:21:04,556 - INFO -   Max: 1610.926981
2025-12-17 12:21:04,556 - INFO -   Avg: 1609.849064
2025-12-17 12:21:04,556 - INFO -   Std: 0.502736
2025-12-17 12:21:04,822 - INFO - Generation 130
2025-12-17 12:21:04,822 - INFO -   Best: 1608.100520
2025-12-17 12:21:04,822 - INFO -   Min: 1608.100520
2025-12-17 12:21:04,823 - INFO -   Max: 1611.049998
2025-12-17 12:21:04,823 - INFO -   Avg: 1609.872554
2025-12-17 12:21:04,823 - INFO -   Std: 0.453772
2025-12-17 12:21:05,108 - INFO - Generation 140
2025-12-17 12:21:05,108 - INFO -   Best: 1608.100520
2025-12-17 12:21:05,108 - INFO -   Min: 1608.100520
2025-12-17 12:21:05,108 - INFO -   Max: 1610.986274
2025-12-17 12:21:05,108 - INFO -   Avg: 1609.904461
2025-12-17 12:21:05,109 - INFO -   Std: 0.459682
2025-12-17 12:21:05,388 - INFO - Generation 150
2025-12-17 12:21:05,388 - INFO -   Best: 1608.100520
2025-12-17 12:21:05,388 - INFO -   Min: 1608.100520
2025-12-17 12:21:05,388 - INFO -   Max: 1610.834220
2025-12-17 12:21:05,389 - INFO -   Avg: 1609.950544
2025-12-17 12:21:05,389 - INFO -   Std: 0.419383
2025-12-17 12:21:05,672 - INFO - Generation 160
2025-12-17 12:21:05,672 - INFO -   Best: 1608.100520
2025-12-17 12:21:05,672 - INFO -   Min: 1608.100520
2025-12-17 12:21:05,672 - INFO -   Max: 1610.683581
2025-12-17 12:21:05,673 - INFO -   Avg: 1609.789381
2025-12-17 12:21:05,673 - INFO -   Std: 0.476085
2025-12-17 12:21:06,032 - INFO - Generation 170
2025-12-17 12:21:06,032 - INFO -   Best: 1608.100520
2025-12-17 12:21:06,032 - INFO -   Min: 1608.100520
2025-12-17 12:21:06,032 - INFO -   Max: 1610.955200
2025-12-17 12:21:06,032 - INFO -   Avg: 1609.826074
2025-12-17 12:21:06,033 - INFO -   Std: 0.577652
2025-12-17 12:21:06,339 - INFO - Generation 180
2025-12-17 12:21:06,339 - INFO -   Best: 1608.095054
2025-12-17 12:21:06,339 - INFO -   Min: 1608.095054
2025-12-17 12:21:06,339 - INFO -   Max: 1610.696489
2025-12-17 12:21:06,340 - INFO -   Avg: 1609.745305
2025-12-17 12:21:06,340 - INFO -   Std: 0.544012
2025-12-17 12:21:06,634 - INFO - Generation 190
2025-12-17 12:21:06,634 - INFO -   Best: 1608.063813
2025-12-17 12:21:06,634 - INFO -   Min: 1608.063813
2025-12-17 12:21:06,634 - INFO -   Max: 1610.895656
2025-12-17 12:21:06,635 - INFO -   Avg: 1609.897038
2025-12-17 12:21:06,635 - INFO -   Std: 0.473732
2025-12-17 12:21:06,934 - INFO - Generation 200
2025-12-17 12:21:06,934 - INFO -   Best: 1608.005277
2025-12-17 12:21:06,935 - INFO -   Min: 1608.005277
2025-12-17 12:21:06,935 - INFO -   Max: 1610.682302
2025-12-17 12:21:06,935 - INFO -   Avg: 1609.806543
2025-12-17 12:21:06,935 - INFO -   Std: 0.502569
2025-12-17 12:21:06,952 - INFO - 
Final best fitness: 1608.0052768567
2025-12-17 12:21:06,953 - INFO - Execution time: 5.54s
