2025-12-17 11:37:06,091 - INFO - Representation: Real
2025-12-17 11:37:06,091 - INFO - Number of genes: 10
2025-12-17 11:37:06,091 - INFO - Bounds: [0, 3.141592653589793]
2025-12-17 11:37:06,092 - INFO - Function: michalewicz
2025-12-17 11:37:06,092 - INFO - Population size: 100
2025-12-17 11:37:06,092 - INFO - Generations: 200
2025-12-17 11:37:06,092 - INFO - Selection: tournament
2025-12-17 11:37:06,092 - INFO - Crossover: single_point
2025-12-17 11:37:06,093 - INFO - Mutation: random
2025-12-17 11:37:06,093 - INFO - 
2025-12-17 11:37:06,175 - INFO - Generation 10
2025-12-17 11:37:06,176 - INFO -   Best: -6.504235
2025-12-17 11:37:06,176 - INFO -   Min: -6.504235
2025-12-17 11:37:06,176 - INFO -   Max: -2.178938
2025-12-17 11:37:06,176 - INFO -   Avg: -4.716634
2025-12-17 11:37:06,177 - INFO -   Std: 0.853217
2025-12-17 11:37:06,237 - INFO - Generation 20
2025-12-17 11:37:06,237 - INFO -   Best: -7.704392
2025-12-17 11:37:06,238 - INFO -   Min: -7.704392
2025-12-17 11:37:06,238 - INFO -   Max: -3.528961
2025-12-17 11:37:06,238 - INFO -   Avg: -6.323066
2025-12-17 11:37:06,238 - INFO -   Std: 0.899411
2025-12-17 11:37:06,301 - INFO - Generation 30
2025-12-17 11:37:06,302 - INFO -   Best: -8.435728
2025-12-17 11:37:06,302 - INFO -   Min: -8.435728
2025-12-17 11:37:06,302 - INFO -   Max: -3.568447
2025-12-17 11:37:06,302 - INFO -   Avg: -7.018937
2025-12-17 11:37:06,302 - INFO -   Std: 1.078845
2025-12-17 11:37:06,372 - INFO - Generation 40
2025-12-17 11:37:06,373 - INFO -   Best: -8.571226
2025-12-17 11:37:06,373 - INFO -   Min: -8.571226
2025-12-17 11:37:06,373 - INFO -   Max: -4.157438
2025-12-17 11:37:06,373 - INFO -   Avg: -7.180951
2025-12-17 11:37:06,373 - INFO -   Std: 1.017324
2025-12-17 11:37:06,435 - INFO - Generation 50
2025-12-17 11:37:06,435 - INFO -   Best: -8.638260
2025-12-17 11:37:06,435 - INFO -   Min: -8.638260
2025-12-17 11:37:06,435 - INFO -   Max: -5.138387
2025-12-17 11:37:06,436 - INFO -   Avg: -7.276148
2025-12-17 11:37:06,436 - INFO -   Std: 0.910206
2025-12-17 11:37:06,494 - INFO - Generation 60
2025-12-17 11:37:06,495 - INFO -   Best: -8.729139
2025-12-17 11:37:06,495 - INFO -   Min: -8.729139
2025-12-17 11:37:06,495 - INFO -   Max: -4.149472
2025-12-17 11:37:06,495 - INFO -   Avg: -7.281934
2025-12-17 11:37:06,495 - INFO -   Std: 1.040700
2025-12-17 11:37:06,553 - INFO - Generation 70
2025-12-17 11:37:06,553 - INFO -   Best: -8.729139
2025-12-17 11:37:06,554 - INFO -   Min: -8.729139
2025-12-17 11:37:06,554 - INFO -   Max: -4.232732
2025-12-17 11:37:06,554 - INFO -   Avg: -7.239194
2025-12-17 11:37:06,554 - INFO -   Std: 0.930289
2025-12-17 11:37:06,618 - INFO - Generation 80
2025-12-17 11:37:06,618 - INFO -   Best: -8.731270
2025-12-17 11:37:06,619 - INFO -   Min: -8.731270
2025-12-17 11:37:06,619 - INFO -   Max: -4.865758
2025-12-17 11:37:06,619 - INFO -   Avg: -7.195805
2025-12-17 11:37:06,619 - INFO -   Std: 0.931117
2025-12-17 11:37:06,681 - INFO - Generation 90
2025-12-17 11:37:06,682 - INFO -   Best: -8.731270
2025-12-17 11:37:06,682 - INFO -   Min: -8.731270
2025-12-17 11:37:06,682 - INFO -   Max: -3.861130
2025-12-17 11:37:06,682 - INFO -   Avg: -7.308295
2025-12-17 11:37:06,682 - INFO -   Std: 1.121283
2025-12-17 11:37:06,742 - INFO - Generation 100
2025-12-17 11:37:06,742 - INFO -   Best: -8.731270
2025-12-17 11:37:06,742 - INFO -   Min: -8.731270
2025-12-17 11:37:06,742 - INFO -   Max: -4.465961
2025-12-17 11:37:06,742 - INFO -   Avg: -7.515969
2025-12-17 11:37:06,742 - INFO -   Std: 0.980477
2025-12-17 11:37:06,804 - INFO - Generation 110
2025-12-17 11:37:06,805 - INFO -   Best: -8.855189
2025-12-17 11:37:06,805 - INFO -   Min: -8.855189
2025-12-17 11:37:06,805 - INFO -   Max: -4.060820
2025-12-17 11:37:06,805 - INFO -   Avg: -7.452367
2025-12-17 11:37:06,805 - INFO -   Std: 0.994586
2025-12-17 11:37:06,866 - INFO - Generation 120
2025-12-17 11:37:06,866 - INFO -   Best: -8.862911
2025-12-17 11:37:06,866 - INFO -   Min: -8.862911
2025-12-17 11:37:06,866 - INFO -   Max: -3.972199
2025-12-17 11:37:06,867 - INFO -   Avg: -7.293968
2025-12-17 11:37:06,867 - INFO -   Std: 1.078133
2025-12-17 11:37:06,929 - INFO - Generation 130
2025-12-17 11:37:06,930 - INFO -   Best: -8.867856
2025-12-17 11:37:06,930 - INFO -   Min: -8.867856
2025-12-17 11:37:06,930 - INFO -   Max: -4.231548
2025-12-17 11:37:06,930 - INFO -   Avg: -7.482395
2025-12-17 11:37:06,930 - INFO -   Std: 1.139777
2025-12-17 11:37:06,990 - INFO - Generation 140
2025-12-17 11:37:06,990 - INFO -   Best: -8.867856
2025-12-17 11:37:06,991 - INFO -   Min: -8.867856
2025-12-17 11:37:06,991 - INFO -   Max: -4.215773
2025-12-17 11:37:06,991 - INFO -   Avg: -7.513234
2025-12-17 11:37:06,991 - INFO -   Std: 1.087500
2025-12-17 11:37:07,053 - INFO - Generation 150
2025-12-17 11:37:07,053 - INFO -   Best: -8.867856
2025-12-17 11:37:07,053 - INFO -   Min: -8.867856
2025-12-17 11:37:07,054 - INFO -   Max: -4.688015
2025-12-17 11:37:07,054 - INFO -   Avg: -7.258620
2025-12-17 11:37:07,054 - INFO -   Std: 1.150785
2025-12-17 11:37:07,116 - INFO - Generation 160
2025-12-17 11:37:07,116 - INFO -   Best: -8.882059
2025-12-17 11:37:07,116 - INFO -   Min: -8.882059
2025-12-17 11:37:07,117 - INFO -   Max: -4.877028
2025-12-17 11:37:07,117 - INFO -   Avg: -7.472798
2025-12-17 11:37:07,117 - INFO -   Std: 0.993599
2025-12-17 11:37:07,178 - INFO - Generation 170
2025-12-17 11:37:07,178 - INFO -   Best: -8.882059
2025-12-17 11:37:07,178 - INFO -   Min: -8.882059
2025-12-17 11:37:07,178 - INFO -   Max: -4.751607
2025-12-17 11:37:07,179 - INFO -   Avg: -7.549530
2025-12-17 11:37:07,179 - INFO -   Std: 0.964578
2025-12-17 11:37:07,237 - INFO - Generation 180
2025-12-17 11:37:07,238 - INFO -   Best: -8.882059
2025-12-17 11:37:07,238 - INFO -   Min: -8.882059
2025-12-17 11:37:07,238 - INFO -   Max: -2.869394
2025-12-17 11:37:07,238 - INFO -   Avg: -7.261856
2025-12-17 11:37:07,239 - INFO -   Std: 1.112731
2025-12-17 11:37:07,295 - INFO - Generation 190
2025-12-17 11:37:07,295 - INFO -   Best: -8.882059
2025-12-17 11:37:07,296 - INFO -   Min: -8.882059
2025-12-17 11:37:07,296 - INFO -   Max: -4.785910
2025-12-17 11:37:07,296 - INFO -   Avg: -7.526081
2025-12-17 11:37:07,296 - INFO -   Std: 0.965555
2025-12-17 11:37:07,358 - INFO - Generation 200
2025-12-17 11:37:07,358 - INFO -   Best: -8.882059
2025-12-17 11:37:07,358 - INFO -   Min: -8.882059
2025-12-17 11:37:07,359 - INFO -   Max: -5.010378
2025-12-17 11:37:07,359 - INFO -   Avg: -7.467781
2025-12-17 11:37:07,359 - INFO -   Std: 0.981959
2025-12-17 11:37:07,363 - INFO - 
Final best fitness: -8.8138813327
2025-12-17 11:37:07,363 - INFO - Execution time: 1.25s
